#
# A fatal error has been detected by the Java Runtime Environment:
#
#  EXCEPTION_UNCAUGHT_CXX_EXCEPTION (0xe06d7363) at pc=0x00007ff974929e08, pid=9512, tid=3600
#
# JRE version: Java(TM) SE Runtime Environment (8.0_91-b14) (build 1.8.0_91-b14)
# Java VM: Java HotSpot(TM) 64-Bit Server VM (25.91-b14 mixed mode windows-amd64 compressed oops)
# Problematic frame:
# C  [KERNELBASE.dll+0x69e08]
#
# Failed to write core dump. Minidumps are not enabled by default on client versions of Windows
#
# If you would like to submit a bug report, please visit:
#   http://bugreport.java.com/bugreport/crash.jsp
# The crash happened outside the Java Virtual Machine in native code.
# See problematic frame for where to report the bug.
#

---------------  T H R E A D  ---------------

Current thread (0x00000000178af800):  JavaThread "pool-1-thread-1" [_thread_in_native, id=3600, stack(0x000000001cef0000,0x000000001cff0000)]

siginfo: ExceptionCode=0xe06d7363, ExceptionInformation=0x0000000019930520 0x000000001cfdc170 0x00007ff943bd0668 0x00007ff943990000 

Registers:
RAX=0x0000000000000000, RBX=0x00007ff943bd0668, RCX=0x0000000000000000, RDX=0x00000000000000ff
RSP=0x000000001cfdbfe0, RBP=0x000000001cfdc120, RSI=0x00007ff940ce5b60, RDI=0x000000001cfdc170
R8 =0x0000000000000000, R9 =0x0000000000000000, R10=0x0000000000f585a4, R11=0x0000000000f50150
R12=0x00000000ffffff29, R13=0x0000000000000000, R14=0x00007ff940ce5800, R15=0x000000001cfec698
RIP=0x00007ff974929e08, EFLAGS=0x0000000000000202

Top of Stack: (sp=0x000000001cfdbfe0)
0x000000001cfdbfe0:   0000000000000000 00007ff943bd0668
0x000000001cfdbff0:   00007ff940ce5b60 000000001cfdc170
0x000000001cfdc000:   00000001e06d7363 0000000000000000
0x000000001cfdc010:   00007ff974929e08 0000000000000004
0x000000001cfdc020:   0000000019930520 000000001cfdc170
0x000000001cfdc030:   00007ff943bd0668 00007ff943990000
0x000000001cfdc040:   00007ff940ce5800 00000000ffffff29
0x000000001cfdc050:   000000001cfdc170 00007ff940ce5b60
0x000000001cfdc060:   000000001cfdc120 00007ff9783bba13
0x000000001cfdc070:   000000001cfdc130 00007ff900000000
0x000000001cfdc080:   000000001cfdc170 00007ff94b95d306
0x000000001cfdc090:   00007ff943bf1000 00007ff943990000
0x000000001cfdc0a0:   0000aae3551b300a 00007ff94b9dc4d0
0x000000001cfdc0b0:   00007ff943bd0668 00007ff94b95ef63
0x000000001cfdc0c0:   000000001cfdc170 00007ff94b92eb8d
0x000000001cfdc0d0:   00007ff94b9dc4d0 00007ff940ce5b60 

Instructions: (pc=0x00007ff974929e08)
0x00007ff974929de8:   49 8b d1 44 0f 47 c0 44 89 44 24 38 49 c1 e0 03
0x00007ff974929df8:   e8 1b db 01 00 48 8d 4c 24 20 ff 15 f0 c7 0f 00
0x00007ff974929e08:   48 8b 8c 24 c0 00 00 00 48 33 cc e8 78 b0 01 00
0x00007ff974929e18:   48 81 c4 d8 00 00 00 c3 83 64 24 38 00 eb d6 cc 


Register to memory mapping:

RAX=0x0000000000000000 is an unknown value
RBX=0x00007ff943bd0668 is an unknown value
RCX=0x0000000000000000 is an unknown value
RDX=0x00000000000000ff is an unknown value
RSP=0x000000001cfdbfe0 is pointing into the stack for thread: 0x00000000178af800
RBP=0x000000001cfdc120 is pointing into the stack for thread: 0x00000000178af800
RSI=0x00007ff940ce5b60 is an unknown value
RDI=0x000000001cfdc170 is pointing into the stack for thread: 0x00000000178af800
R8 =0x0000000000000000 is an unknown value
R9 =0x0000000000000000 is an unknown value
R10=0x0000000000f585a4 is an unknown value
R11=0x0000000000f50150 is an unknown value
R12=0x00000000ffffff29 is an unallocated location in the heap
R13=0x0000000000000000 is an unknown value
R14=0x00007ff940ce5800 is an unknown value
R15=0x000000001cfec698 is pointing into the stack for thread: 0x00000000178af800


Stack: [0x000000001cef0000,0x000000001cff0000],  sp=0x000000001cfdbfe0,  free space=943k
Native frames: (J=compiled Java code, j=interpreted, Vv=VM code, C=native code)
C  [KERNELBASE.dll+0x69e08]
C  [msvcr120.dll+0x5ef63]
C  [opencv_core310.dll+0x19b654]
C  [opencv_core310.dll+0x19b796]
C  [opencv_imgproc310.dll+0x46ed9]
C  [opencv_imgproc310.dll+0x4d015]
C  [jniopencv_imgproc.dll+0x7d4fd]
C  0x0000000002e57f54

Java frames: (J=compiled Java code, j=interpreted, Vv=VM code)
j  org.bytedeco.javacpp.opencv_imgproc.cvCvtColor(Lorg/bytedeco/javacpp/helper/opencv_core$CvArr;Lorg/bytedeco/javacpp/helper/opencv_core$CvArr;I)V+0
j  processing.LBPHFaceRecognizer.preprocessImage(Lorg/bytedeco/javacpp/opencv_core$IplImage;Lorg/bytedeco/javacpp/opencv_core$CvRect;)Lorg/bytedeco/javacpp/opencv_core$IplImage;+64
j  processing.FacePanel.findFace(Lorg/bytedeco/javacpp/opencv_core$IplImage;)Lorg/bytedeco/javacpp/opencv_core$CvRect;+172
j  processing.FacePanel.access$100(Lprocessing/FacePanel;Lorg/bytedeco/javacpp/opencv_core$IplImage;)Lorg/bytedeco/javacpp/opencv_core$CvRect;+2
j  processing.FacePanel$1.run()V+19
j  java.util.concurrent.ThreadPoolExecutor.runWorker(Ljava/util/concurrent/ThreadPoolExecutor$Worker;)V+95
j  java.util.concurrent.ThreadPoolExecutor$Worker.run()V+5
j  java.lang.Thread.run()V+11
v  ~StubRoutines::call_stub

---------------  P R O C E S S  ---------------

Java Threads: ( => current thread )
=>0x00000000178af800 JavaThread "pool-1-thread-1" [_thread_in_native, id=3600, stack(0x000000001cef0000,0x000000001cff0000)]
  0x0000000019227800 JavaThread "TimerQueue" daemon [_thread_blocked, id=6980, stack(0x000000001af70000,0x000000001b070000)]
  0x0000000018bdc000 JavaThread "Thread-1" [_thread_in_native, id=6660, stack(0x000000001ac70000,0x000000001ad70000)]
  0x0000000002d3d800 JavaThread "DestroyJavaVM" [_thread_blocked, id=5980, stack(0x0000000002bf0000,0x0000000002cf0000)]
  0x0000000018e2a800 JavaThread "AWT-EventQueue-0" [_thread_blocked, id=4812, stack(0x0000000019a70000,0x0000000019b70000)]
  0x000000001787c800 JavaThread "JavaCPP Deallocator" daemon [_thread_blocked, id=1488, stack(0x0000000019970000,0x0000000019a70000)]
  0x00000000175c9800 JavaThread "AWT-Windows" daemon [_thread_in_native, id=11152, stack(0x0000000018150000,0x0000000018250000)]
  0x00000000175c7000 JavaThread "AWT-Shutdown" [_thread_blocked, id=6216, stack(0x0000000018050000,0x0000000018150000)]
  0x00000000175c2000 JavaThread "Java2D Disposer" daemon [_thread_blocked, id=12060, stack(0x0000000017f50000,0x0000000018050000)]
  0x000000001548e800 JavaThread "Service Thread" daemon [_thread_blocked, id=9032, stack(0x0000000017170000,0x0000000017270000)]
  0x0000000015433800 JavaThread "C1 CompilerThread2" daemon [_thread_blocked, id=11304, stack(0x0000000016c70000,0x0000000016d70000)]
  0x0000000015430000 JavaThread "C2 CompilerThread1" daemon [_thread_blocked, id=9300, stack(0x0000000016b70000,0x0000000016c70000)]
  0x000000001542d800 JavaThread "C2 CompilerThread0" daemon [_thread_blocked, id=10488, stack(0x0000000016a70000,0x0000000016b70000)]
  0x000000001542c000 JavaThread "Attach Listener" daemon [_thread_blocked, id=11384, stack(0x0000000016970000,0x0000000016a70000)]
  0x000000001542a800 JavaThread "Signal Dispatcher" daemon [_thread_blocked, id=8220, stack(0x0000000016870000,0x0000000016970000)]
  0x0000000015419000 JavaThread "Finalizer" daemon [_thread_blocked, id=664, stack(0x0000000016680000,0x0000000016780000)]
  0x0000000002e31000 JavaThread "Reference Handler" daemon [_thread_blocked, id=7116, stack(0x0000000016580000,0x0000000016680000)]

Other Threads:
  0x00000000153f7000 VMThread [stack: 0x0000000016480000,0x0000000016580000] [id=9952]
  0x0000000016dc0800 WatcherThread [stack: 0x0000000017270000,0x0000000017370000] [id=10912]

VM state:not at safepoint (normal execution)

VM Mutex/Monitor currently owned by a thread: None

Heap:
 PSYoungGen      total 23552K, used 14171K [0x00000000eb300000, 0x00000000ed100000, 0x0000000100000000)
  eden space 16384K, 69% used [0x00000000eb300000,0x00000000ebe32e20,0x00000000ec300000)
  from space 7168K, 37% used [0x00000000eca00000,0x00000000ecca4010,0x00000000ed100000)
  to   space 7168K, 0% used [0x00000000ec300000,0x00000000ec300000,0x00000000eca00000)
 ParOldGen       total 44032K, used 5314K [0x00000000c1800000, 0x00000000c4300000, 0x00000000eb300000)
  object space 44032K, 12% used [0x00000000c1800000,0x00000000c1d30b90,0x00000000c4300000)
 Metaspace       used 16046K, capacity 16262K, committed 16384K, reserved 1062912K
  class space    used 1943K, capacity 2028K, committed 2048K, reserved 1048576K

Card table byte_map: [0x0000000012200000,0x0000000012400000] byte_map_base: 0x0000000011bf4000

Marking Bits: (ParMarkBitMap*) 0x0000000058372f70
 Begin Bits: [0x0000000012950000, 0x00000000138f0000)
 End Bits:   [0x00000000138f0000, 0x0000000014890000)

Polling page: 0x00000000013b0000

CodeCache: size=245760Kb used=5198Kb max_used=5198Kb free=240561Kb
 bounds [0x0000000002e40000, 0x0000000003360000, 0x0000000011e40000]
 total_blobs=2118 nmethods=1491 adapters=539
 compilation: enabled

Compilation events (10 events):
Event: 11.280 Thread 0x0000000015433800 1487       3       java.awt.EventQueue::coalesceEvent (86 bytes)
Event: 11.282 Thread 0x0000000015433800 nmethod 1487 0x00000000033530d0 code [0x00000000033532c0, 0x0000000003353fd8]
Event: 11.282 Thread 0x0000000015433800 1488       3       java.awt.EventQueue::cacheEQItem (60 bytes)
Event: 11.283 Thread 0x0000000015433800 nmethod 1488 0x0000000003355410 code [0x00000000033555a0, 0x0000000003355d08]
Event: 11.291 Thread 0x0000000015433800 1489       1       java.awt.Font::isTransformed (5 bytes)
Event: 11.291 Thread 0x0000000015433800 nmethod 1489 0x0000000003352e10 code [0x0000000003352f60, 0x0000000003353070]
Event: 11.291 Thread 0x0000000015433800 1490       1       sun.font.SunFontManager::usingPerAppContextComposites (5 bytes)
Event: 11.292 Thread 0x0000000015433800 nmethod 1490 0x0000000003355f10 code [0x0000000003356060, 0x0000000003356170]
Event: 11.292 Thread 0x0000000015433800 1491       1       java.awt.Font::getStyle (5 bytes)
Event: 11.292 Thread 0x0000000015433800 nmethod 1491 0x00000000033561d0 code [0x0000000003356320, 0x0000000003356430]

GC Heap History (10 events):
Event: 1.241 GC heap before
{Heap before GC invocations=2 (full 0):
 PSYoungGen      total 18944K, used 18921K [0x00000000eb300000, 0x00000000ec800000, 0x0000000100000000)
  eden space 16384K, 100% used [0x00000000eb300000,0x00000000ec300000,0x00000000ec300000)
  from space 2560K, 99% used [0x00000000ec300000,0x00000000ec57a5a0,0x00000000ec580000)
  to   space 2560K, 0% used [0x00000000ec580000,0x00000000ec580000,0x00000000ec800000)
 ParOldGen       total 44032K, used 692K [0x00000000c1800000, 0x00000000c4300000, 0x00000000eb300000)
  object space 44032K, 1% used [0x00000000c1800000,0x00000000c18ad288,0x00000000c4300000)
 Metaspace       used 15237K, capacity 15394K, committed 15616K, reserved 1062912K
  class space    used 1864K, capacity 1932K, committed 2048K, reserved 1048576K
Event: 1.245 GC heap after
Heap after GC invocations=2 (full 0):
 PSYoungGen      total 18944K, used 2560K [0x00000000eb300000, 0x00000000ec800000, 0x0000000100000000)
  eden space 16384K, 0% used [0x00000000eb300000,0x00000000eb300000,0x00000000ec300000)
  from space 2560K, 100% used [0x00000000ec580000,0x00000000ec800000,0x00000000ec800000)
  to   space 2560K, 0% used [0x00000000ec300000,0x00000000ec300000,0x00000000ec580000)
 ParOldGen       total 44032K, used 5082K [0x00000000c1800000, 0x00000000c4300000, 0x00000000eb300000)
  object space 44032K, 11% used [0x00000000c1800000,0x00000000c1cf6b90,0x00000000c4300000)
 Metaspace       used 15237K, capacity 15394K, committed 15616K, reserved 1062912K
  class space    used 1864K, capacity 1932K, committed 2048K, reserved 1048576K
}
Event: 3.409 GC heap before
{Heap before GC invocations=3 (full 0):
 PSYoungGen      total 18944K, used 18074K [0x00000000eb300000, 0x00000000ec800000, 0x0000000100000000)
  eden space 16384K, 94% used [0x00000000eb300000,0x00000000ec226948,0x00000000ec300000)
  from space 2560K, 100% used [0x00000000ec580000,0x00000000ec800000,0x00000000ec800000)
  to   space 2560K, 0% used [0x00000000ec300000,0x00000000ec300000,0x00000000ec580000)
 ParOldGen       total 44032K, used 5082K [0x00000000c1800000, 0x00000000c4300000, 0x00000000eb300000)
  object space 44032K, 11% used [0x00000000c1800000,0x00000000c1cf6b90,0x00000000c4300000)
 Metaspace       used 15506K, capacity 15682K, committed 15872K, reserved 1062912K
  class space    used 1891K, capacity 1964K, committed 2048K, reserved 1048576K
Event: 3.419 GC heap after
Heap after GC invocations=3 (full 0):
 PSYoungGen      total 18944K, used 2560K [0x00000000eb300000, 0x00000000ec800000, 0x0000000100000000)
  eden space 16384K, 0% used [0x00000000eb300000,0x00000000eb300000,0x00000000ec300000)
  from space 2560K, 100% used [0x00000000ec300000,0x00000000ec580000,0x00000000ec580000)
  to   space 2560K, 0% used [0x00000000ec580000,0x00000000ec580000,0x00000000ec800000)
 ParOldGen       total 44032K, used 5154K [0x00000000c1800000, 0x00000000c4300000, 0x00000000eb300000)
  object space 44032K, 11% used [0x00000000c1800000,0x00000000c1d08b90,0x00000000c4300000)
 Metaspace       used 15506K, capacity 15682K, committed 15872K, reserved 1062912K
  class space    used 1891K, capacity 1964K, committed 2048K, reserved 1048576K
}
Event: 5.553 GC heap before
{Heap before GC invocations=4 (full 0):
 PSYoungGen      total 18944K, used 18911K [0x00000000eb300000, 0x00000000ec800000, 0x0000000100000000)
  eden space 16384K, 99% used [0x00000000eb300000,0x00000000ec2f7f18,0x00000000ec300000)
  from space 2560K, 100% used [0x00000000ec300000,0x00000000ec580000,0x00000000ec580000)
  to   space 2560K, 0% used [0x00000000ec580000,0x00000000ec580000,0x00000000ec800000)
 ParOldGen       total 44032K, used 5154K [0x00000000c1800000, 0x00000000c4300000, 0x00000000eb300000)
  object space 44032K, 11% used [0x00000000c1800000,0x00000000c1d08b90,0x00000000c4300000)
 Metaspace       used 15778K, capacity 15970K, committed 16128K, reserved 1062912K
  class space    used 1917K, capacity 1996K, committed 2048K, reserved 1048576K
Event: 5.560 GC heap after
Heap after GC invocations=4 (full 0):
 PSYoungGen      total 18944K, used 2528K [0x00000000eb300000, 0x00000000ec800000, 0x0000000100000000)
  eden space 16384K, 0% used [0x00000000eb300000,0x00000000eb300000,0x00000000ec300000)
  from space 2560K, 98% used [0x00000000ec580000,0x00000000ec7f8020,0x00000000ec800000)
  to   space 2560K, 0% used [0x00000000ec300000,0x00000000ec300000,0x00000000ec580000)
 ParOldGen       total 44032K, used 5258K [0x00000000c1800000, 0x00000000c4300000, 0x00000000eb300000)
  object space 44032K, 11% used [0x00000000c1800000,0x00000000c1d22b90,0x00000000c4300000)
 Metaspace       used 15778K, capacity 15970K, committed 16128K, reserved 1062912K
  class space    used 1917K, capacity 1996K, committed 2048K, reserved 1048576K
}
Event: 7.681 GC heap before
{Heap before GC invocations=5 (full 0):
 PSYoungGen      total 18944K, used 18392K [0x00000000eb300000, 0x00000000ec800000, 0x0000000100000000)
  eden space 16384K, 96% used [0x00000000eb300000,0x00000000ec27e0a8,0x00000000ec300000)
  from space 2560K, 98% used [0x00000000ec580000,0x00000000ec7f8020,0x00000000ec800000)
  to   space 2560K, 0% used [0x00000000ec300000,0x00000000ec300000,0x00000000ec580000)
 ParOldGen       total 44032K, used 5258K [0x00000000c1800000, 0x00000000c4300000, 0x00000000eb300000)
  object space 44032K, 11% used [0x00000000c1800000,0x00000000c1d22b90,0x00000000c4300000)
 Metaspace       used 15932K, capacity 16134K, committed 16384K, reserved 1062912K
  class space    used 1943K, capacity 2028K, committed 2048K, reserved 1048576K
Event: 7.689 GC heap after
Heap after GC invocations=5 (full 0):
 PSYoungGen      total 18944K, used 2528K [0x00000000eb300000, 0x00000000ed100000, 0x0000000100000000)
  eden space 16384K, 0% used [0x00000000eb300000,0x00000000eb300000,0x00000000ec300000)
  from space 2560K, 98% used [0x00000000ec300000,0x00000000ec578020,0x00000000ec580000)
  to   space 7168K, 0% used [0x00000000eca00000,0x00000000eca00000,0x00000000ed100000)
 ParOldGen       total 44032K, used 5306K [0x00000000c1800000, 0x00000000c4300000, 0x00000000eb300000)
  object space 44032K, 12% used [0x00000000c1800000,0x00000000c1d2eb90,0x00000000c4300000)
 Metaspace       used 15932K, capacity 16134K, committed 16384K, reserved 1062912K
  class space    used 1943K, capacity 2028K, committed 2048K, reserved 1048576K
}
Event: 9.809 GC heap before
{Heap before GC invocations=6 (full 0):
 PSYoungGen      total 18944K, used 18176K [0x00000000eb300000, 0x00000000ed100000, 0x0000000100000000)
  eden space 16384K, 95% used [0x00000000eb300000,0x00000000ec2480e0,0x00000000ec300000)
  from space 2560K, 98% used [0x00000000ec300000,0x00000000ec578020,0x00000000ec580000)
  to   space 7168K, 0% used [0x00000000eca00000,0x00000000eca00000,0x00000000ed100000)
 ParOldGen       total 44032K, used 5306K [0x00000000c1800000, 0x00000000c4300000, 0x00000000eb300000)
  object space 44032K, 12% used [0x00000000c1800000,0x00000000c1d2eb90,0x00000000c4300000)
 Metaspace       used 16007K, capacity 16198K, committed 16384K, reserved 1062912K
  class space    used 1943K, capacity 2028K, committed 2048K, reserved 1048576K
Event: 9.817 GC heap after
Heap after GC invocations=6 (full 0):
 PSYoungGen      total 23552K, used 2704K [0x00000000eb300000, 0x00000000ed100000, 0x0000000100000000)
  eden space 16384K, 0% used [0x00000000eb300000,0x00000000eb300000,0x00000000ec300000)
  from space 7168K, 37% used [0x00000000eca00000,0x00000000ecca4010,0x00000000ed100000)
  to   space 7168K, 0% used [0x00000000ec300000,0x00000000ec300000,0x00000000eca00000)
 ParOldGen       total 44032K, used 5314K [0x00000000c1800000, 0x00000000c4300000, 0x00000000eb300000)
  object space 44032K, 12% used [0x00000000c1800000,0x00000000c1d30b90,0x00000000c4300000)
 Metaspace       used 16007K, capacity 16198K, committed 16384K, reserved 1062912K
  class space    used 1943K, capacity 2028K, committed 2048K, reserved 1048576K
}

Deoptimization events (10 events):
Event: 0.758 Thread 0x0000000018e2a800 Uncommon trap: reason=unstable_if action=reinterpret pc=0x0000000003034ed8 method=java.lang.AbstractStringBuilder.append(Ljava/lang/String;)Ljava/lang/AbstractStringBuilder; @ 1
Event: 1.006 Thread 0x0000000018e2a800 Uncommon trap: reason=unstable_if action=reinterpret pc=0x00000000030398e4 method=java.util.HashMap.getNode(ILjava/lang/Object;)Ljava/util/HashMap$Node; @ 84
Event: 1.006 Thread 0x0000000018e2a800 Uncommon trap: reason=unstable_if action=reinterpret pc=0x00000000030b0e00 method=java.util.HashMap.getNode(ILjava/lang/Object;)Ljava/util/HashMap$Node; @ 84
Event: 1.202 Thread 0x0000000018e2a800 Uncommon trap: reason=unstable_if action=reinterpret pc=0x0000000003179a14 method=java.util.LinkedHashMap.get(Ljava/lang/Object;)Ljava/lang/Object; @ 20
Event: 1.204 Thread 0x0000000018e2a800 Uncommon trap: reason=unstable_if action=reinterpret pc=0x0000000003209114 method=java.awt.MultipleGradientPaintContext.indexIntoGradientsArrays(F)I @ 13
Event: 1.754 Thread 0x0000000018e2a800 Uncommon trap: reason=unstable_if action=reinterpret pc=0x000000000323bfe8 method=org.bytedeco.javacv.Java2DFrameConverter.flipCopyWithGamma(Ljava/nio/ByteBuffer;ILjava/nio/ByteBuffer;IZDZI)V @ 50
Event: 7.000 Thread 0x0000000018e2a800 Uncommon trap: reason=class_check action=maybe_recompile pc=0x0000000002fd99a8 method=java.lang.String.equals(Ljava/lang/Object;)Z @ 8
Event: 7.000 Thread 0x0000000018e2a800 Uncommon trap: reason=class_check action=maybe_recompile pc=0x0000000002fd99a8 method=java.lang.String.equals(Ljava/lang/Object;)Z @ 8
Event: 7.140 Thread 0x0000000018e2a800 Uncommon trap: reason=class_check action=maybe_recompile pc=0x0000000002fd99a8 method=java.lang.String.equals(Ljava/lang/Object;)Z @ 8
Event: 7.140 Thread 0x0000000018e2a800 Uncommon trap: reason=class_check action=maybe_recompile pc=0x0000000002fd99a8 method=java.lang.String.equals(Ljava/lang/Object;)Z @ 8

Internal exceptions (10 events):
Event: 1.070 Thread 0x0000000018bdc000 Exception <a 'java/lang/reflect/InvocationTargetException'> (0x00000000ebd2c3a0) thrown at [C:\re\workspace\8-2-build-windows-amd64-cygwin\jdk8u91\6644\hotspot\src\share\vm\runtime\reflection.cpp, line 1092]
Event: 1.076 Thread 0x0000000018bdc000 Exception <a 'java/lang/UnsatisfiedLinkError'> (0x00000000ebdd8278) thrown at [C:\re\workspace\8-2-build-windows-amd64-cygwin\jdk8u91\6644\hotspot\src\share\vm\prims\jvm.cpp, line 3969]
Event: 1.076 Thread 0x0000000018bdc000 Exception <a 'java/lang/UnsatisfiedLinkError'> (0x00000000ebdd8278) thrown at [C:\re\workspace\8-2-build-windows-amd64-cygwin\jdk8u91\6644\hotspot\src\share\vm\prims\jni.cpp, line 709]
Event: 1.078 Thread 0x0000000018bdc000 Exception <a 'java/lang/UnsatisfiedLinkError'> (0x00000000ebddb298) thrown at [C:\re\workspace\8-2-build-windows-amd64-cygwin\jdk8u91\6644\hotspot\src\share\vm\prims\jvm.cpp, line 3969]
Event: 1.078 Thread 0x0000000018bdc000 Exception <a 'java/lang/UnsatisfiedLinkError'> (0x00000000ebddb298) thrown at [C:\re\workspace\8-2-build-windows-amd64-cygwin\jdk8u91\6644\hotspot\src\share\vm\prims\jni.cpp, line 709]
Event: 1.081 Thread 0x0000000018bdc000 Exception <a 'java/lang/UnsatisfiedLinkError'> (0x00000000ebdde2b8) thrown at [C:\re\workspace\8-2-build-windows-amd64-cygwin\jdk8u91\6644\hotspot\src\share\vm\prims\jvm.cpp, line 3969]
Event: 1.081 Thread 0x0000000018bdc000 Exception <a 'java/lang/UnsatisfiedLinkError'> (0x00000000ebdde2b8) thrown at [C:\re\workspace\8-2-build-windows-amd64-cygwin\jdk8u91\6644\hotspot\src\share\vm\prims\jni.cpp, line 709]
Event: 1.081 Thread 0x0000000018bdc000 Exception <a 'java/lang/UnsatisfiedLinkError'> (0x00000000ebdde8f0) thrown at [C:\re\workspace\8-2-build-windows-amd64-cygwin\jdk8u91\6644\hotspot\src\share\vm\oops\instanceKlass.cpp, line 948]
Event: 1.081 Thread 0x0000000018bdc000 Exception <a 'java/lang/reflect/InvocationTargetException'> (0x00000000ebddf188) thrown at [C:\re\workspace\8-2-build-windows-amd64-cygwin\jdk8u91\6644\hotspot\src\share\vm\runtime\reflection.cpp, line 1092]
Event: 1.144 Thread 0x0000000018bdc000 Exception <a 'java/lang/NoClassDefFoundError': cl/eye/CLCamera> (0x00000000ec028648) thrown at [C:\re\workspace\8-2-build-windows-amd64-cygwin\jdk8u91\6644\hotspot\src\share\vm\classfile\systemDictionary.cpp, line 199]

Events (10 events):
Event: 7.140 Thread 0x0000000018e2a800 Uncommon trap: trap_request=0xffffffde fr.pc=0x0000000002fd99a8
Event: 7.140 Thread 0x0000000018e2a800 DEOPT PACKING pc=0x0000000002fd99a8 sp=0x0000000019b6ccc0
Event: 7.140 Thread 0x0000000018e2a800 DEOPT UNPACKING pc=0x0000000002e8582a sp=0x0000000019b6cc50 mode 2
Event: 7.140 Thread 0x0000000018e2a800 Uncommon trap: trap_request=0xffffffde fr.pc=0x0000000002fd99a8
Event: 7.140 Thread 0x0000000018e2a800 DEOPT PACKING pc=0x0000000002fd99a8 sp=0x0000000019b6ccc0
Event: 7.140 Thread 0x0000000018e2a800 DEOPT UNPACKING pc=0x0000000002e8582a sp=0x0000000019b6cc50 mode 2
Event: 7.681 Executing VM operation: ParallelGCFailedAllocation
Event: 7.689 Executing VM operation: ParallelGCFailedAllocation done
Event: 9.809 Executing VM operation: ParallelGCFailedAllocation
Event: 9.817 Executing VM operation: ParallelGCFailedAllocation done


Dynamic libraries:
0x00007ff7d8260000 - 0x00007ff7d8297000 	C:\Program Files\Java\jdk1.8.0_91\bin\java.exe
0x00007ff9783a0000 - 0x00007ff97857b000 	C:\WINDOWS\SYSTEM32\ntdll.dll
0x00007ff9782c0000 - 0x00007ff97836e000 	C:\WINDOWS\System32\KERNEL32.DLL
0x00007ff9748c0000 - 0x00007ff974b09000 	C:\WINDOWS\System32\KERNELBASE.dll
0x00007ff9759a0000 - 0x00007ff975a41000 	C:\WINDOWS\System32\ADVAPI32.dll
0x00007ff977150000 - 0x00007ff9771ed000 	C:\WINDOWS\System32\msvcrt.dll
0x00007ff977460000 - 0x00007ff9774b9000 	C:\WINDOWS\System32\sechost.dll
0x00007ff977a70000 - 0x00007ff977b95000 	C:\WINDOWS\System32\RPCRT4.dll
0x00007ff978160000 - 0x00007ff9782aa000 	C:\WINDOWS\System32\USER32.dll
0x00007ff975580000 - 0x00007ff97559e000 	C:\WINDOWS\System32\win32u.dll
0x00007ff975a50000 - 0x00007ff975a77000 	C:\WINDOWS\System32\GDI32.dll
0x00007ff9755a0000 - 0x00007ff975727000 	C:\WINDOWS\System32\gdi32full.dll
0x00007ff974d70000 - 0x00007ff974e0a000 	C:\WINDOWS\System32\msvcp_win.dll
0x00007ff974b60000 - 0x00007ff974c56000 	C:\WINDOWS\System32\ucrtbase.dll
0x00007ff96b2b0000 - 0x00007ff96b517000 	C:\WINDOWS\WinSxS\amd64_microsoft.windows.common-controls_6595b64144ccf1df_6.0.15063.483_none_26002d27e7c744a2\COMCTL32.dll
0x00007ff977770000 - 0x00007ff977a69000 	C:\WINDOWS\System32\combase.dll
0x00007ff974e10000 - 0x00007ff974e7a000 	C:\WINDOWS\System32\bcryptPrimitives.dll
0x00007ff978370000 - 0x00007ff97839d000 	C:\WINDOWS\System32\IMM32.DLL
0x00000000585d0000 - 0x00000000586a2000 	C:\Program Files\Java\jdk1.8.0_91\jre\bin\msvcr100.dll
0x0000000057b60000 - 0x00000000583f3000 	C:\Program Files\Java\jdk1.8.0_91\jre\bin\server\jvm.dll
0x00007ff9771f0000 - 0x00007ff9771f8000 	C:\WINDOWS\System32\PSAPI.DLL
0x00007ff9729d0000 - 0x00007ff9729f3000 	C:\WINDOWS\SYSTEM32\WINMM.dll
0x00007ff96cd80000 - 0x00007ff96cd89000 	C:\WINDOWS\SYSTEM32\WSOCK32.dll
0x00007ff9664f0000 - 0x00007ff9664fa000 	C:\WINDOWS\SYSTEM32\VERSION.dll
0x00007ff977ba0000 - 0x00007ff977c0c000 	C:\WINDOWS\System32\WS2_32.dll
0x00007ff972970000 - 0x00007ff97299b000 	C:\WINDOWS\SYSTEM32\WINMMBASE.dll
0x00007ff974b10000 - 0x00007ff974b59000 	C:\WINDOWS\System32\cfgmgr32.dll
0x00000000595e0000 - 0x00000000595ef000 	C:\Program Files\Java\jdk1.8.0_91\jre\bin\verify.dll
0x0000000057af0000 - 0x0000000057b19000 	C:\Program Files\Java\jdk1.8.0_91\jre\bin\java.dll
0x00000000595c0000 - 0x00000000595d6000 	C:\Program Files\Java\jdk1.8.0_91\jre\bin\zip.dll
0x00007ff975c00000 - 0x00007ff977036000 	C:\WINDOWS\System32\SHELL32.dll
0x00007ff978050000 - 0x00007ff9780fa000 	C:\WINDOWS\System32\shcore.dll
0x00007ff974e80000 - 0x00007ff975571000 	C:\WINDOWS\System32\windows.storage.dll
0x00007ff977540000 - 0x00007ff977591000 	C:\WINDOWS\System32\shlwapi.dll
0x00007ff974880000 - 0x00007ff974891000 	C:\WINDOWS\System32\kernel.appcore.dll
0x00007ff974830000 - 0x00007ff97487c000 	C:\WINDOWS\System32\powrprof.dll
0x00007ff974810000 - 0x00007ff974825000 	C:\WINDOWS\System32\profapi.dll
0x0000000057910000 - 0x0000000057aa8000 	C:\Program Files\Java\jdk1.8.0_91\jre\bin\awt.dll
0x00007ff9773a0000 - 0x00007ff977460000 	C:\WINDOWS\System32\OLEAUT32.dll
0x00007ff972ff0000 - 0x00007ff97306e000 	C:\WINDOWS\SYSTEM32\apphelp.dll
0x00007ff973280000 - 0x00007ff973315000 	C:\WINDOWS\system32\uxtheme.dll
0x00007ff975a90000 - 0x00007ff975bf6000 	C:\WINDOWS\System32\MSCTF.dll
0x00007ff971b20000 - 0x00007ff971b4a000 	C:\WINDOWS\system32\dwmapi.dll
0x00007ff977620000 - 0x00007ff977765000 	C:\WINDOWS\System32\ole32.dll
0x00000000578c0000 - 0x0000000057907000 	C:\Program Files\Java\jdk1.8.0_91\jre\bin\fontmanager.dll
0x00007ff94b900000 - 0x00007ff94b9ef000 	C:\Users\Joao_\.javacpp\cache\opencv-windows-x86_64.jar\org\bytedeco\javacpp\windows-x86_64\msvcr120.dll
0x00007ff94f320000 - 0x00007ff94f3c6000 	C:\Users\Joao_\.javacpp\cache\opencv-windows-x86_64.jar\org\bytedeco\javacpp\windows-x86_64\msvcp120.dll
0x00007ff943990000 - 0x00007ff943c0a000 	C:\Users\Joao_\.javacpp\cache\opencv-windows-x86_64.jar\org\bytedeco\javacpp\windows-x86_64\opencv_core310.dll
0x00007ff940b00000 - 0x00007ff940e42000 	C:\Users\Joao_\.javacpp\cache\opencv-windows-x86_64.jar\org\bytedeco\javacpp\windows-x86_64\opencv_imgproc310.dll
0x00007ff944490000 - 0x00007ff9446b7000 	C:\Users\Joao_\.javacpp\cache\opencv-windows-x86_64.jar\org\bytedeco\javacpp\windows-x86_64\jniopencv_core.dll
0x0000000057ad0000 - 0x0000000057aea000 	C:\Program Files\Java\jdk1.8.0_91\jre\bin\net.dll
0x00007ff9740c0000 - 0x00007ff97411c000 	C:\WINDOWS\system32\mswsock.dll
0x0000000057ab0000 - 0x0000000057ac1000 	C:\Program Files\Java\jdk1.8.0_91\jre\bin\nio.dll
0x00007ff949000000 - 0x00007ff9490ed000 	C:\Users\Joao_\.javacpp\cache\opencv-windows-x86_64.jar\org\bytedeco\javacpp\windows-x86_64\jniopencv_imgproc.dll
0x00007ff9436c0000 - 0x00007ff943989000 	C:\Users\Joao_\.javacpp\cache\opencv-windows-x86_64.jar\org\bytedeco\javacpp\windows-x86_64\opencv_imgcodecs310.dll
0x00007ff96ccc0000 - 0x00007ff96cce5000 	C:\Users\Joao_\.javacpp\cache\opencv-windows-x86_64.jar\org\bytedeco\javacpp\windows-x86_64\jniopencv_imgcodecs.dll
0x00007ff9656b0000 - 0x00007ff965703000 	C:\Users\Joao_\.javacpp\cache\opencv-windows-x86_64.jar\org\bytedeco\javacpp\windows-x86_64\opencv_videoio310.dll
0x00007ff96a370000 - 0x00007ff96a399000 	C:\WINDOWS\SYSTEM32\MSVFW32.dll
0x00007ff96f580000 - 0x00007ff96f59f000 	C:\WINDOWS\SYSTEM32\AVIFIL32.dll
0x00007ff969bd0000 - 0x00007ff969be8000 	C:\WINDOWS\SYSTEM32\AVICAP32.dll
0x00007ff95a010000 - 0x00007ff95a02c000 	C:\WINDOWS\SYSTEM32\MSACM32.dll
0x00007ff9691a0000 - 0x00007ff9691b7000 	C:\Users\Joao_\.javacpp\cache\opencv-windows-x86_64.jar\org\bytedeco\javacpp\windows-x86_64\jniopencv_videoio.dll
0x00007ff965870000 - 0x00007ff96589c000 	C:\Users\Joao_\.javacpp\cache\opencv-windows-x86_64.jar\org\bytedeco\javacpp\windows-x86_64\opencv_highgui310.dll
0x00007ff977040000 - 0x00007ff977148000 	C:\WINDOWS\System32\COMDLG32.dll
0x00007ff965670000 - 0x00007ff9656a5000 	C:\Users\Joao_\.javacpp\cache\opencv-windows-x86_64.jar\org\bytedeco\javacpp\windows-x86_64\jniopencv_highgui.dll
0x00007ff948f30000 - 0x00007ff948ffd000 	C:\Users\Joao_\.javacpp\cache\opencv-windows-x86_64.jar\org\bytedeco\javacpp\windows-x86_64\opencv_ml310.dll
0x00007ff964f80000 - 0x00007ff964fbf000 	C:\Users\Joao_\.javacpp\cache\opencv-windows-x86_64.jar\org\bytedeco\javacpp\windows-x86_64\jniopencv_ml.dll
0x00007ff944f30000 - 0x00007ff944fc6000 	C:\Users\Joao_\.javacpp\cache\opencv-windows-x86_64.jar\org\bytedeco\javacpp\windows-x86_64\opencv_objdetect310.dll
0x00007ff952a70000 - 0x00007ff952ac4000 	C:\Users\Joao_\.javacpp\cache\opencv-windows-x86_64.jar\org\bytedeco\javacpp\windows-x86_64\jniopencv_objdetect.dll
0x00007ff95f740000 - 0x00007ff95f786000 	C:\Users\Joao_\.javacpp\cache\opencv-windows-x86_64.jar\org\bytedeco\javacpp\windows-x86_64\opencv_face310.dll
0x00007ff968b50000 - 0x00007ff968b6a000 	C:\Users\Joao_\.javacpp\cache\opencv-windows-x86_64.jar\org\bytedeco\javacpp\windows-x86_64\jniopencv_face.dll
0x00007ff965610000 - 0x00007ff965636000 	C:\Users\Joao_\.javacpp\cache\videoinput-windows-x86_64.jar\org\bytedeco\javacpp\windows-x86_64\jnivideoInputLib.dll
0x0000000057870000 - 0x00000000578b2000 	C:\Program Files\Java\jdk1.8.0_91\jre\bin\t2k.dll
0x0000000057810000 - 0x0000000057825000 	C:\Users\Joao_\.javacpp\cache\libfreenect-windows-x86_64.jar\org\bytedeco\javacpp\windows-x86_64\libusb0.dll
0x00007ff977c10000 - 0x00007ff97804b000 	C:\WINDOWS\System32\SETUPAPI.dll
0x00007ff959260000 - 0x00007ff959294000 	C:\Users\Joao_\.javacpp\cache\libfreenect-windows-x86_64.jar\org\bytedeco\javacpp\windows-x86_64\freenect.dll
0x00007ff964f60000 - 0x00007ff964f79000 	C:\Users\Joao_\.javacpp\cache\libfreenect-windows-x86_64.jar\org\bytedeco\javacpp\windows-x86_64\pthreadVC2.dll
0x00007ff964d70000 - 0x00007ff964d94000 	C:\Users\Joao_\.javacpp\cache\libfreenect-windows-x86_64.jar\org\bytedeco\javacpp\windows-x86_64\jnifreenect.dll
0x00007ff975900000 - 0x00007ff97599e000 	C:\WINDOWS\System32\clbcatq.dll
0x00007ff970c80000 - 0x00007ff970e2c000 	C:\WINDOWS\SYSTEM32\WindowsCodecs.dll
0x00007ff963770000 - 0x00007ff9637b7000 	C:\WINDOWS\system32\dataexchange.dll
0x00007ff971ff0000 - 0x00007ff9722cf000 	C:\WINDOWS\system32\d3d11.dll
0x00007ff972ae0000 - 0x00007ff972c02000 	C:\WINDOWS\system32\dcomp.dll
0x00007ff973820000 - 0x00007ff9738c4000 	C:\WINDOWS\system32\dxgi.dll
0x00007ff973110000 - 0x00007ff973280000 	C:\WINDOWS\system32\twinapi.appcore.dll
0x00007ff974750000 - 0x00007ff974775000 	C:\WINDOWS\system32\bcrypt.dll
0x00007ff96f450000 - 0x00007ff96f4d2000 	C:\WINDOWS\System32\TextInputFramework.dll
0x00007ff970700000 - 0x00007ff9709d2000 	C:\WINDOWS\System32\CoreUIComponents.dll
0x00007ff972880000 - 0x00007ff972963000 	C:\WINDOWS\System32\CoreMessaging.dll
0x00007ff973a20000 - 0x00007ff973a51000 	C:\WINDOWS\SYSTEM32\ntmarta.dll
0x00007ff971000000 - 0x00007ff971139000 	C:\WINDOWS\SYSTEM32\wintypes.dll
0x00007ff971530000 - 0x00007ff971545000 	C:\WINDOWS\SYSTEM32\usermgrcli.dll
0x0000000057830000 - 0x000000005785a000 	C:\Program Files\Java\jdk1.8.0_91\jre\bin\dcpr.dll
0x00007ff95afb0000 - 0x00007ff95afc7000 	C:\Windows\System32\devenum.dll
0x00007ff973450000 - 0x00007ff973478000 	C:\WINDOWS\SYSTEM32\DEVOBJ.dll
0x00007ff974d10000 - 0x00007ff974d66000 	C:\WINDOWS\System32\WINTRUST.dll
0x00007ff9748a0000 - 0x00007ff9748b1000 	C:\WINDOWS\System32\MSASN1.dll
0x00007ff975730000 - 0x00007ff9758f9000 	C:\WINDOWS\System32\CRYPT32.dll
0x00007ff971a00000 - 0x00007ff971a0b000 	C:\WINDOWS\SYSTEM32\msdmo.dll
0x00007ff955240000 - 0x00007ff955272000 	C:\Windows\System32\qcap.dll
0x00007ff940940000 - 0x00007ff940afc000 	C:\Windows\System32\quartz.dll
0x00007ff955180000 - 0x00007ff9551cd000 	C:\Windows\System32\mfksproxy.dll
0x00007ff96cca0000 - 0x00007ff96ccbc000 	C:\Windows\System32\ATL.DLL
0x00007ff965000000 - 0x00007ff965032000 	C:\Windows\System32\MFSENSORGROUP.dll
0x00007ff96a1b0000 - 0x00007ff96a350000 	C:\Windows\System32\MFPlat.DLL
0x00007ff96b9c0000 - 0x00007ff96b9f2000 	C:\Windows\System32\RTWorkQ.DLL
0x00007ff951d30000 - 0x00007ff951d78000 	C:\Windows\System32\ksproxy.ax
0x00007ff945b30000 - 0x00007ff945cb9000 	C:\Windows\System32\d3d9.dll
0x00007ff96f2c0000 - 0x00007ff96f2c9000 	C:\Windows\System32\ksuser.dll
0x00007ff971800000 - 0x00007ff971877000 	C:\WINDOWS\SYSTEM32\policymanager.dll
0x00007ff971770000 - 0x00007ff9717ff000 	C:\Windows\System32\msvcp110_win.dll
0x00007ff970320000 - 0x00007ff97032c000 	C:\Windows\System32\vidcap.ax
0x00007ff95a450000 - 0x00007ff95a476000 	C:\Windows\System32\kswdmcap.ax
0x00007ff934a10000 - 0x00007ff934b74000 	C:\Windows\System32\MFC42.dll
0x00007ff9408a0000 - 0x00007ff94093f000 	C:\Windows\System32\qedit.dll
0x00007ff9695a0000 - 0x00007ff969735000 	C:\WINDOWS\WinSxS\amd64_microsoft.windows.gdiplus_6595b64144ccf1df_1.1.15063.608_none_56f0266b425534e9\gdiplus.dll
0x00007ff934910000 - 0x00007ff934a06000 	C:\Windows\System32\DDRAW.dll
0x00007ff96f110000 - 0x00007ff96f118000 	C:\Windows\System32\DCIMAN32.dll
0x00007ff9346f0000 - 0x00007ff934907000 	C:\Program Files (x86)\K-Lite Codec Pack\Filters\DirectVobSub64\vsfilter.dll
0x00007ff969770000 - 0x00007ff9697db000 	C:\WINDOWS\SYSTEM32\OLEACC.dll
0x00007ff959ce0000 - 0x00007ff95a00e000 	C:\WINDOWS\SYSTEM32\WININET.dll
0x00007ff95ce60000 - 0x00007ff95ceea000 	C:\WINDOWS\SYSTEM32\WINSPOOL.DRV
0x00007ff969bc0000 - 0x00007ff969bcc000 	C:\WINDOWS\SYSTEM32\msyuv.dll
0x00007ff964820000 - 0x00007ff9649c9000 	C:\WINDOWS\SYSTEM32\dbghelp.dll

VM Arguments:
jvm_args: -Dfile.encoding=UTF-8 -Djava.library.path=C:\opencv\build\java\x64 
java_command: main.main
java_class_path (initial): C:\Users\Joao_\Downloads\javacpp-1.3-bin\javacpp-bin\javacpp.jar;C:\Users\Joao_\Downloads\javacv-platform-1.3-bin\javacv-bin\opencv-windows-x86_64.jar;C:\Users\Joao_\Downloads\javacv-platform-1.3-bin\javacv-bin\videoinput-windows-x86_64.jar;C:\Users\Joao_\Downloads\javacv-platform-1.3-bin\javacv-bin\artoolkitplus-windows-x86_64.jar;C:\Users\Joao_\Downloads\javacv-platform-1.3-bin\javacv-bin\ffmpeg-windows-x86_64.jar;C:\Users\Joao_\Downloads\javacv-platform-1.3-bin\javacv-bin\flandmark-windows-x86_64.jar;C:\Users\Joao_\Downloads\javacv-platform-1.3-bin\javacv-bin\flycapture-windows-x86_64.jar;C:\Users\Joao_\Downloads\javacv-platform-1.3-bin\javacv-bin\javacv-platform.jar;C:\Users\Joao_\Downloads\javacv-platform-1.3-bin\javacv-bin\javacv.jar;C:\Users\Joao_\Downloads\javacv-platform-1.3-bin\javacv-bin\libdc1394-windows-x86_64.jar;C:\Users\Joao_\Downloads\javacv-platform-1.3-bin\javacv-bin\libfreenect-platform.jar;C:\Users\Joao_\Downloads\javacv-platform-1.3-bin\javacv-bin\libfreenect-windows-x86_64.jar;C:\Users\Joao_\Downloads\javacv-platform-1.3-bin\javacv-bin\librealsense-platform.jar;C:\Users\Joao_\Downloads\javacv-platform-1.3-bin\javacv-bin\librealsense.jar;C:\Users\Joao_\Downloads\javacv-platform-1.3-bin\javacv-bin\opencv.jar;C:\Users\Joao_\Downloads\javacv-platform-1.3-bin\javacv-bin\videoinput.jar;C:\TCC.UniSecurity\build\classes
Launcher Type: SUN_STANDARD

Environment Variables:
PATH=C:\ProgramData\Oracle\Java\javapath;C:\WINDOWS\system32;C:\WINDOWS;C:\WINDOWS\System32\Wbem;C:\WINDOWS\System32\WindowsPowerShell\v1.0\;C:\Program Files (x86)\Skype\Phone\;C:\Program Files\Microsoft SQL Server\120\DTS\Binn\;C:\Program Files\Microsoft SQL Server\Client SDK\ODBC\110\Tools\Binn\;C:\Program Files (x86)\Microsoft SQL Server\120\Tools\Binn\;C:\Program Files\Microsoft SQL Server\120\Tools\Binn\;C:\Program Files (x86)\Microsoft SQL Server\120\Tools\Binn\ManagementStudio\;C:\Program Files (x86)\Microsoft SQL Server\120\DTS\Binn\;C:\Program Files\CMake\bin;C:\opencv\build\x64\vc14\bin;C:\Users\Joao_\AppData\Local\Programs\Python\Python37\Scripts\;C:\Users\Joao_\AppData\Local\Programs\Python\Python37\;C:\Users\Joao_\AppData\Local\Microsoft\WindowsApps;
USERNAME=Joao_
OS=Windows_NT
PROCESSOR_IDENTIFIER=Intel64 Family 6 Model 58 Stepping 9, GenuineIntel



---------------  S Y S T E M  ---------------

OS: Windows 10.0 , 64 bit Build 15063 (10.0.15063.296)

CPU:total 4 (2 cores per cpu, 2 threads per core) family 6 model 58 stepping 9, cmov, cx8, fxsr, mmx, sse, sse2, sse3, ssse3, sse4.1, sse4.2, popcnt, avx, aes, clmul, erms, ht, tsc, tscinvbit, tscinv

Memory: 4k page, physical 4092772k(1057984k free), swap 5534564k(1757276k free)

vm_info: Java HotSpot(TM) 64-Bit Server VM (25.91-b14) for windows-amd64 JRE (1.8.0_91-b14), built on Apr  1 2016 00:58:32 by "java_re" with MS VC++ 10.0 (VS2010)

time: Sat Oct 14 17:31:03 2017
elapsed time: 11 seconds (0d 0h 0m 11s)

