#
# A fatal error has been detected by the Java Runtime Environment:
#
#  EXCEPTION_UNCAUGHT_CXX_EXCEPTION (0xe06d7363) at pc=0x00007ff974929e08, pid=11552, tid=5776
#
# JRE version: Java(TM) SE Runtime Environment (8.0_91-b14) (build 1.8.0_91-b14)
# Java VM: Java HotSpot(TM) 64-Bit Server VM (25.91-b14 mixed mode windows-amd64 compressed oops)
# Problematic frame:
# C  [KERNELBASE.dll+0x69e08]
#
# Failed to write core dump. Minidumps are not enabled by default on client versions of Windows
#
# If you would like to submit a bug report, please visit:
#   http://bugreport.java.com/bugreport/crash.jsp
# The crash happened outside the Java Virtual Machine in native code.
# See problematic frame for where to report the bug.
#

---------------  T H R E A D  ---------------

Current thread (0x00000000194b4000):  JavaThread "pool-1-thread-1" [_thread_in_native, id=5776, stack(0x000000001cfc0000,0x000000001d0c0000)]

siginfo: ExceptionCode=0xe06d7363, ExceptionInformation=0x0000000019930520 0x000000001d0abef0 0x00007ff943bd0668 0x00007ff943990000 

Registers:
RAX=0x0000000000000000, RBX=0x00007ff943bd0668, RCX=0x0000000000000000, RDX=0x00000000000000ff
RSP=0x000000001d0abd60, RBP=0x000000001d0abea0, RSI=0x00007ff940ce5b60, RDI=0x000000001d0abef0
R8 =0x0000000000000000, R9 =0x0000000000000000, R10=0x0000000001318288, R11=0x0000000001310150
R12=0x00000000ffffff29, R13=0x0000000000000000, R14=0x00007ff940ce5800, R15=0x000000001d0bc418
RIP=0x00007ff974929e08, EFLAGS=0x0000000000000202

Top of Stack: (sp=0x000000001d0abd60)
0x000000001d0abd60:   0000000000000000 00007ff943bd0668
0x000000001d0abd70:   00007ff940ce5b60 000000001d0abef0
0x000000001d0abd80:   00000001e06d7363 0000000000000000
0x000000001d0abd90:   00007ff974929e08 0000000000000004
0x000000001d0abda0:   0000000019930520 000000001d0abef0
0x000000001d0abdb0:   00007ff943bd0668 00007ff943990000
0x000000001d0abdc0:   00007ff940ce5800 00000000ffffff29
0x000000001d0abdd0:   000000001d0abef0 00007ff940ce5b60
0x000000001d0abde0:   000000001d0abea0 00007ff9783bba13
0x000000001d0abdf0:   000000001d0abeb0 00007ff900000000
0x000000001d0abe00:   000000001d0abef0 00007ff95fd7d306
0x000000001d0abe10:   00007ff943bf1000 00007ff943990000
0x000000001d0abe20:   0000a1fde4c7c8e2 00007ff95fdfc4d0
0x000000001d0abe30:   00007ff943bd0668 00007ff95fd7ef63
0x000000001d0abe40:   000000001d0abef0 00007ff95fd4eb8d
0x000000001d0abe50:   00007ff95fdfc4d0 00007ff940ce5b60 

Instructions: (pc=0x00007ff974929e08)
0x00007ff974929de8:   49 8b d1 44 0f 47 c0 44 89 44 24 38 49 c1 e0 03
0x00007ff974929df8:   e8 1b db 01 00 48 8d 4c 24 20 ff 15 f0 c7 0f 00
0x00007ff974929e08:   48 8b 8c 24 c0 00 00 00 48 33 cc e8 78 b0 01 00
0x00007ff974929e18:   48 81 c4 d8 00 00 00 c3 83 64 24 38 00 eb d6 cc 


Register to memory mapping:

RAX=0x0000000000000000 is an unknown value
RBX=0x00007ff943bd0668 is an unknown value
RCX=0x0000000000000000 is an unknown value
RDX=0x00000000000000ff is an unknown value
RSP=0x000000001d0abd60 is pointing into the stack for thread: 0x00000000194b4000
RBP=0x000000001d0abea0 is pointing into the stack for thread: 0x00000000194b4000
RSI=0x00007ff940ce5b60 is an unknown value
RDI=0x000000001d0abef0 is pointing into the stack for thread: 0x00000000194b4000
R8 =0x0000000000000000 is an unknown value
R9 =0x0000000000000000 is an unknown value
R10=0x0000000001318288 is an unknown value
R11=0x0000000001310150 is an unknown value
R12=0x00000000ffffff29 is an unallocated location in the heap
R13=0x0000000000000000 is an unknown value
R14=0x00007ff940ce5800 is an unknown value
R15=0x000000001d0bc418 is pointing into the stack for thread: 0x00000000194b4000


Stack: [0x000000001cfc0000,0x000000001d0c0000],  sp=0x000000001d0abd60,  free space=943k
Native frames: (J=compiled Java code, j=interpreted, Vv=VM code, C=native code)
C  [KERNELBASE.dll+0x69e08]
C  [msvcr120.dll+0x5ef63]
C  [opencv_core310.dll+0x19b654]
C  [opencv_core310.dll+0x19b796]
C  [opencv_imgproc310.dll+0x46ed9]
C  [opencv_imgproc310.dll+0x4d015]
C  [jniopencv_imgproc.dll+0x7d4fd]
C  0x00000000036a12f1

Java frames: (J=compiled Java code, j=interpreted, Vv=VM code)
J 1780  org.bytedeco.javacpp.opencv_imgproc.cvCvtColor(Lorg/bytedeco/javacpp/helper/opencv_core$CvArr;Lorg/bytedeco/javacpp/helper/opencv_core$CvArr;I)V (0 bytes) @ 0x00000000036a126b [0x00000000036a1200+0x6b]
j  processing.LBPHFaceRecognizer.preprocessImage(Lorg/bytedeco/javacpp/opencv_core$IplImage;Lorg/bytedeco/javacpp/opencv_core$CvRect;)Lorg/bytedeco/javacpp/opencv_core$IplImage;+64
j  processing.FacePanel.findFace(Lorg/bytedeco/javacpp/opencv_core$IplImage;)Lorg/bytedeco/javacpp/opencv_core$CvRect;+157
J 2115 C1 processing.FacePanel$1.run()V (92 bytes) @ 0x0000000003957714 [0x00000000039575c0+0x154]
j  java.util.concurrent.ThreadPoolExecutor.runWorker(Ljava/util/concurrent/ThreadPoolExecutor$Worker;)V+95
j  java.util.concurrent.ThreadPoolExecutor$Worker.run()V+5
j  java.lang.Thread.run()V+11
v  ~StubRoutines::call_stub

---------------  P R O C E S S  ---------------

Java Threads: ( => current thread )
=>0x00000000194b4000 JavaThread "pool-1-thread-1" [_thread_in_native, id=5776, stack(0x000000001cfc0000,0x000000001d0c0000)]
  0x0000000017dcb800 JavaThread "TimerQueue" daemon [_thread_blocked, id=10484, stack(0x000000001b440000,0x000000001b540000)]
  0x0000000019160000 JavaThread "Thread-1" [_thread_in_native, id=6940, stack(0x000000001b140000,0x000000001b240000)]
  0x00000000031cd800 JavaThread "DestroyJavaVM" [_thread_blocked, id=5244, stack(0x0000000003070000,0x0000000003170000)]
  0x0000000019014800 JavaThread "AWT-EventQueue-0" [_thread_blocked, id=7420, stack(0x0000000019f30000,0x000000001a030000)]
  0x0000000017f21000 JavaThread "JavaCPP Deallocator" daemon [_thread_blocked, id=2284, stack(0x0000000019dc0000,0x0000000019ec0000)]
  0x0000000017a6a800 JavaThread "AWT-Windows" daemon [_thread_in_native, id=5528, stack(0x0000000018620000,0x0000000018720000)]
  0x0000000017a67800 JavaThread "AWT-Shutdown" [_thread_blocked, id=5328, stack(0x0000000018520000,0x0000000018620000)]
  0x0000000017a67000 JavaThread "Java2D Disposer" daemon [_thread_blocked, id=10080, stack(0x0000000018420000,0x0000000018520000)]
  0x0000000017270800 JavaThread "Service Thread" daemon [_thread_blocked, id=3260, stack(0x0000000017640000,0x0000000017740000)]
  0x00000000158c9000 JavaThread "C1 CompilerThread2" daemon [_thread_blocked, id=1724, stack(0x0000000017140000,0x0000000017240000)]
  0x00000000158c2000 JavaThread "C2 CompilerThread1" daemon [_thread_blocked, id=11632, stack(0x0000000017040000,0x0000000017140000)]
  0x00000000158bf800 JavaThread "C2 CompilerThread0" daemon [_thread_blocked, id=2820, stack(0x0000000016f40000,0x0000000017040000)]
  0x00000000158be000 JavaThread "Attach Listener" daemon [_thread_blocked, id=268, stack(0x0000000016e40000,0x0000000016f40000)]
  0x00000000158bd000 JavaThread "Signal Dispatcher" daemon [_thread_blocked, id=6668, stack(0x0000000016d40000,0x0000000016e40000)]
  0x00000000158a9000 JavaThread "Finalizer" daemon [_thread_blocked, id=8692, stack(0x0000000016b50000,0x0000000016c50000)]
  0x00000000032c1000 JavaThread "Reference Handler" daemon [_thread_blocked, id=5228, stack(0x0000000016a50000,0x0000000016b50000)]

Other Threads:
  0x0000000015887000 VMThread [stack: 0x0000000016950000,0x0000000016a50000] [id=3960]
  0x0000000017292800 WatcherThread [stack: 0x0000000017740000,0x0000000017840000] [id=6296]

VM state:not at safepoint (normal execution)

VM Mutex/Monitor currently owned by a thread: None

Heap:
 PSYoungGen      total 16896K, used 11998K [0x00000000eb300000, 0x00000000ec500000, 0x0000000100000000)
  eden space 16384K, 70% used [0x00000000eb300000,0x00000000ebe37bf0,0x00000000ec300000)
  from space 512K, 100% used [0x00000000ec400000,0x00000000ec480000,0x00000000ec480000)
  to   space 1024K, 0% used [0x00000000ec300000,0x00000000ec300000,0x00000000ec400000)
 ParOldGen       total 44032K, used 11245K [0x00000000c1800000, 0x00000000c4300000, 0x00000000eb300000)
  object space 44032K, 25% used [0x00000000c1800000,0x00000000c22fb490,0x00000000c4300000)
 Metaspace       used 16599K, capacity 16846K, committed 17152K, reserved 1064960K
  class space    used 1943K, capacity 2028K, committed 2048K, reserved 1048576K

Card table byte_map: [0x0000000012690000,0x0000000012890000] byte_map_base: 0x0000000012084000

Marking Bits: (ParMarkBitMap*) 0x0000000058372f70
 Begin Bits: [0x0000000012de0000, 0x0000000013d80000)
 End Bits:   [0x0000000013d80000, 0x0000000014d20000)

Polling page: 0x00000000019b0000

CodeCache: size=245760Kb used=6974Kb max_used=6985Kb free=238785Kb
 bounds [0x00000000032d0000, 0x00000000039b0000, 0x00000000122d0000]
 total_blobs=2703 nmethods=2076 adapters=539
 compilation: enabled

Compilation events (10 events):
Event: 210.364 Thread 0x00000000158bf800 2227       4       java.util.ArrayList$Itr::next (66 bytes)
Event: 210.367 Thread 0x00000000158bf800 nmethod 2227 0x00000000039a60d0 code [0x00000000039a6220, 0x00000000039a6338]
Event: 210.612 Thread 0x00000000158c9000 2228       3       sun.awt.AWTAccessor::getEventQueueAccessor (18 bytes)
Event: 210.613 Thread 0x00000000158c9000 nmethod 2228 0x0000000003697e90 code [0x0000000003698000, 0x0000000003698268]
Event: 210.617 Thread 0x00000000158c9000 2229       1       sun.util.locale.StringTokenIterator::isDone (5 bytes)
Event: 210.618 Thread 0x00000000158c9000 nmethod 2229 0x00000000036fd150 code [0x00000000036fd2a0, 0x00000000036fd3b0]
Event: 210.624 Thread 0x00000000158c9000 2230       3       java.awt.geom.RoundRectIterator::isDone (17 bytes)
Event: 210.625 Thread 0x00000000158c9000 nmethod 2230 0x00000000036d3ad0 code [0x00000000036d3c20, 0x00000000036d3df0]
Event: 210.675 Thread 0x00000000158c2000 2231       4       java.awt.Color::getAlpha (12 bytes)
Event: 210.675 Thread 0x00000000158c2000 nmethod 2231 0x0000000003697c10 code [0x0000000003697d40, 0x0000000003697db8]

GC Heap History (10 events):
Event: 200.676 GC heap before
{Heap before GC invocations=90 (full 0):
 PSYoungGen      total 16896K, used 16240K [0x00000000eb300000, 0x00000000ec480000, 0x0000000100000000)
  eden space 16384K, 97% used [0x00000000eb300000,0x00000000ec29c2a8,0x00000000ec300000)
  from space 512K, 50% used [0x00000000ec380000,0x00000000ec3c0000,0x00000000ec400000)
  to   space 512K, 0% used [0x00000000ec400000,0x00000000ec400000,0x00000000ec480000)
 ParOldGen       total 44032K, used 10188K [0x00000000c1800000, 0x00000000c4300000, 0x00000000eb300000)
  object space 44032K, 23% used [0x00000000c1800000,0x00000000c21f3230,0x00000000c4300000)
 Metaspace       used 16255K, capacity 16458K, committed 16640K, reserved 1064960K
  class space    used 1892K, capacity 1964K, committed 2048K, reserved 1048576K
Event: 200.678 GC heap after
Heap after GC invocations=90 (full 0):
 PSYoungGen      total 16896K, used 224K [0x00000000eb300000, 0x00000000ec480000, 0x0000000100000000)
  eden space 16384K, 0% used [0x00000000eb300000,0x00000000eb300000,0x00000000ec300000)
  from space 512K, 43% used [0x00000000ec400000,0x00000000ec438000,0x00000000ec480000)
  to   space 512K, 0% used [0x00000000ec380000,0x00000000ec380000,0x00000000ec400000)
 ParOldGen       total 44032K, used 10365K [0x00000000c1800000, 0x00000000c4300000, 0x00000000eb300000)
  object space 44032K, 23% used [0x00000000c1800000,0x00000000c221f7f0,0x00000000c4300000)
 Metaspace       used 16255K, capacity 16458K, committed 16640K, reserved 1064960K
  class space    used 1892K, capacity 1964K, committed 2048K, reserved 1048576K
}
Event: 202.948 GC heap before
{Heap before GC invocations=91 (full 0):
 PSYoungGen      total 16896K, used 16202K [0x00000000eb300000, 0x00000000ec480000, 0x0000000100000000)
  eden space 16384K, 97% used [0x00000000eb300000,0x00000000ec29a8a8,0x00000000ec300000)
  from space 512K, 43% used [0x00000000ec400000,0x00000000ec438000,0x00000000ec480000)
  to   space 512K, 0% used [0x00000000ec380000,0x00000000ec380000,0x00000000ec400000)
 ParOldGen       total 44032K, used 10365K [0x00000000c1800000, 0x00000000c4300000, 0x00000000eb300000)
  object space 44032K, 23% used [0x00000000c1800000,0x00000000c221f7f0,0x00000000c4300000)
 Metaspace       used 16271K, capacity 16462K, committed 16640K, reserved 1064960K
  class space    used 1892K, capacity 1964K, committed 2048K, reserved 1048576K
Event: 202.950 GC heap after
Heap after GC invocations=91 (full 0):
 PSYoungGen      total 16896K, used 224K [0x00000000eb300000, 0x00000000ec480000, 0x0000000100000000)
  eden space 16384K, 0% used [0x00000000eb300000,0x00000000eb300000,0x00000000ec300000)
  from space 512K, 43% used [0x00000000ec380000,0x00000000ec3b8000,0x00000000ec400000)
  to   space 512K, 0% used [0x00000000ec400000,0x00000000ec400000,0x00000000ec480000)
 ParOldGen       total 44032K, used 10481K [0x00000000c1800000, 0x00000000c4300000, 0x00000000eb300000)
  object space 44032K, 23% used [0x00000000c1800000,0x00000000c223c670,0x00000000c4300000)
 Metaspace       used 16271K, capacity 16462K, committed 16640K, reserved 1064960K
  class space    used 1892K, capacity 1964K, committed 2048K, reserved 1048576K
}
Event: 205.205 GC heap before
{Heap before GC invocations=92 (full 0):
 PSYoungGen      total 16896K, used 16246K [0x00000000eb300000, 0x00000000ec480000, 0x0000000100000000)
  eden space 16384K, 97% used [0x00000000eb300000,0x00000000ec2a5b08,0x00000000ec300000)
  from space 512K, 43% used [0x00000000ec380000,0x00000000ec3b8000,0x00000000ec400000)
  to   space 512K, 0% used [0x00000000ec400000,0x00000000ec400000,0x00000000ec480000)
 ParOldGen       total 44032K, used 10481K [0x00000000c1800000, 0x00000000c4300000, 0x00000000eb300000)
  object space 44032K, 23% used [0x00000000c1800000,0x00000000c223c670,0x00000000c4300000)
 Metaspace       used 16313K, capacity 16526K, committed 16896K, reserved 1064960K
  class space    used 1900K, capacity 1964K, committed 2048K, reserved 1048576K
Event: 205.206 GC heap after
Heap after GC invocations=92 (full 0):
 PSYoungGen      total 16896K, used 256K [0x00000000eb300000, 0x00000000ec480000, 0x0000000100000000)
  eden space 16384K, 0% used [0x00000000eb300000,0x00000000eb300000,0x00000000ec300000)
  from space 512K, 50% used [0x00000000ec400000,0x00000000ec440000,0x00000000ec480000)
  to   space 512K, 0% used [0x00000000ec380000,0x00000000ec380000,0x00000000ec400000)
 ParOldGen       total 44032K, used 10612K [0x00000000c1800000, 0x00000000c4300000, 0x00000000eb300000)
  object space 44032K, 24% used [0x00000000c1800000,0x00000000c225d090,0x00000000c4300000)
 Metaspace       used 16313K, capacity 16526K, committed 16896K, reserved 1064960K
  class space    used 1900K, capacity 1964K, committed 2048K, reserved 1048576K
}
Event: 207.348 GC heap before
{Heap before GC invocations=93 (full 0):
 PSYoungGen      total 16896K, used 16004K [0x00000000eb300000, 0x00000000ec480000, 0x0000000100000000)
  eden space 16384K, 96% used [0x00000000eb300000,0x00000000ec2612e0,0x00000000ec300000)
  from space 512K, 50% used [0x00000000ec400000,0x00000000ec440000,0x00000000ec480000)
  to   space 512K, 0% used [0x00000000ec380000,0x00000000ec380000,0x00000000ec400000)
 ParOldGen       total 44032K, used 10612K [0x00000000c1800000, 0x00000000c4300000, 0x00000000eb300000)
  object space 44032K, 24% used [0x00000000c1800000,0x00000000c225d090,0x00000000c4300000)
 Metaspace       used 16473K, capacity 16686K, committed 16896K, reserved 1064960K
  class space    used 1917K, capacity 1996K, committed 2048K, reserved 1048576K
Event: 207.350 GC heap after
Heap after GC invocations=93 (full 0):
 PSYoungGen      total 16896K, used 512K [0x00000000eb300000, 0x00000000ec480000, 0x0000000100000000)
  eden space 16384K, 0% used [0x00000000eb300000,0x00000000eb300000,0x00000000ec300000)
  from space 512K, 100% used [0x00000000ec380000,0x00000000ec400000,0x00000000ec400000)
  to   space 512K, 0% used [0x00000000ec400000,0x00000000ec400000,0x00000000ec480000)
 ParOldGen       total 44032K, used 10735K [0x00000000c1800000, 0x00000000c4300000, 0x00000000eb300000)
  object space 44032K, 24% used [0x00000000c1800000,0x00000000c227bf10,0x00000000c4300000)
 Metaspace       used 16473K, capacity 16686K, committed 16896K, reserved 1064960K
  class space    used 1917K, capacity 1996K, committed 2048K, reserved 1048576K
}
Event: 209.346 GC heap before
{Heap before GC invocations=94 (full 0):
 PSYoungGen      total 16896K, used 16008K [0x00000000eb300000, 0x00000000ec480000, 0x0000000100000000)
  eden space 16384K, 94% used [0x00000000eb300000,0x00000000ec2220b0,0x00000000ec300000)
  from space 512K, 100% used [0x00000000ec380000,0x00000000ec400000,0x00000000ec400000)
  to   space 512K, 0% used [0x00000000ec400000,0x00000000ec400000,0x00000000ec480000)
 ParOldGen       total 44032K, used 10735K [0x00000000c1800000, 0x00000000c4300000, 0x00000000eb300000)
  object space 44032K, 24% used [0x00000000c1800000,0x00000000c227bf10,0x00000000c4300000)
 Metaspace       used 16574K, capacity 16782K, committed 16896K, reserved 1064960K
  class space    used 1943K, capacity 2028K, committed 2048K, reserved 1048576K
Event: 209.348 GC heap after
Heap after GC invocations=94 (full 0):
 PSYoungGen      total 16896K, used 512K [0x00000000eb300000, 0x00000000ec500000, 0x0000000100000000)
  eden space 16384K, 0% used [0x00000000eb300000,0x00000000eb300000,0x00000000ec300000)
  from space 512K, 100% used [0x00000000ec400000,0x00000000ec480000,0x00000000ec480000)
  to   space 1024K, 0% used [0x00000000ec300000,0x00000000ec300000,0x00000000ec400000)
 ParOldGen       total 44032K, used 11245K [0x00000000c1800000, 0x00000000c4300000, 0x00000000eb300000)
  object space 44032K, 25% used [0x00000000c1800000,0x00000000c22fb490,0x00000000c4300000)
 Metaspace       used 16574K, capacity 16782K, committed 16896K, reserved 1064960K
  class space    used 1943K, capacity 2028K, committed 2048K, reserved 1048576K
}

Deoptimization events (10 events):
Event: 202.701 Thread 0x00000000194b4000 Uncommon trap: reason=unstable_if action=reinterpret pc=0x0000000003426e24 method=sun.misc.FloatingDecimal$BinaryToASCIIBuffer.dtoa(IJIZ)V @ 891
Event: 202.811 Thread 0x0000000019014800 Uncommon trap: reason=unstable_if action=reinterpret pc=0x000000000388d5c4 method=sun.font.CompositeGlyphMapper.charsToGlyphsNS(I[C[I)Z @ 103
Event: 202.811 Thread 0x0000000019014800 Uncommon trap: reason=unstable_if action=reinterpret pc=0x0000000003894c9c method=sun.font.FileFontStrike.getSlot0GlyphImagePtrs([I[JI)I @ 62
Event: 206.642 Thread 0x0000000019014800 Uncommon trap: reason=unstable_if action=reinterpret pc=0x0000000003905020 method=java.awt.geom.AffineTransform.translate(DD)V @ 500
Event: 207.872 Thread 0x0000000019014800 Uncommon trap: reason=class_check action=maybe_recompile pc=0x000000000346df28 method=java.lang.String.equals(Ljava/lang/Object;)Z @ 8
Event: 207.872 Thread 0x0000000019014800 Uncommon trap: reason=class_check action=maybe_recompile pc=0x000000000346df28 method=java.lang.String.equals(Ljava/lang/Object;)Z @ 8
Event: 208.025 Thread 0x0000000019014800 Uncommon trap: reason=class_check action=maybe_recompile pc=0x000000000346df28 method=java.lang.String.equals(Ljava/lang/Object;)Z @ 8
Event: 208.025 Thread 0x0000000019014800 Uncommon trap: reason=class_check action=maybe_recompile pc=0x000000000346df28 method=java.lang.String.equals(Ljava/lang/Object;)Z @ 8
Event: 209.291 Thread 0x0000000019014800 Uncommon trap: reason=unstable_if action=reinterpret pc=0x00000000038d1428 method=sun.java2d.SunGraphics2D.setColor(Ljava/awt/Color;)V @ 35
Event: 209.291 Thread 0x0000000019014800 Uncommon trap: reason=unstable_if action=reinterpret pc=0x000000000393ac00 method=sun.java2d.SurfaceData.validatePipe(Lsun/java2d/SunGraphics2D;)V @ 420

Internal exceptions (10 events):
Event: 0.986 Thread 0x0000000019160000 Exception <a 'java/lang/UnsatisfiedLinkError'> (0x00000000ebdac4f8) thrown at [C:\re\workspace\8-2-build-windows-amd64-cygwin\jdk8u91\6644\hotspot\src\share\vm\prims\jvm.cpp, line 3969]
Event: 0.986 Thread 0x0000000019160000 Exception <a 'java/lang/UnsatisfiedLinkError'> (0x00000000ebdac4f8) thrown at [C:\re\workspace\8-2-build-windows-amd64-cygwin\jdk8u91\6644\hotspot\src\share\vm\prims\jni.cpp, line 709]
Event: 0.987 Thread 0x0000000019160000 Exception <a 'java/lang/UnsatisfiedLinkError'> (0x00000000ebdaf518) thrown at [C:\re\workspace\8-2-build-windows-amd64-cygwin\jdk8u91\6644\hotspot\src\share\vm\prims\jvm.cpp, line 3969]
Event: 0.988 Thread 0x0000000019160000 Exception <a 'java/lang/UnsatisfiedLinkError'> (0x00000000ebdaf518) thrown at [C:\re\workspace\8-2-build-windows-amd64-cygwin\jdk8u91\6644\hotspot\src\share\vm\prims\jni.cpp, line 709]
Event: 0.989 Thread 0x0000000019160000 Exception <a 'java/lang/UnsatisfiedLinkError'> (0x00000000ebdb2538) thrown at [C:\re\workspace\8-2-build-windows-amd64-cygwin\jdk8u91\6644\hotspot\src\share\vm\prims\jvm.cpp, line 3969]
Event: 0.989 Thread 0x0000000019160000 Exception <a 'java/lang/UnsatisfiedLinkError'> (0x00000000ebdb2538) thrown at [C:\re\workspace\8-2-build-windows-amd64-cygwin\jdk8u91\6644\hotspot\src\share\vm\prims\jni.cpp, line 709]
Event: 0.989 Thread 0x0000000019160000 Exception <a 'java/lang/UnsatisfiedLinkError'> (0x00000000ebdb2b70) thrown at [C:\re\workspace\8-2-build-windows-amd64-cygwin\jdk8u91\6644\hotspot\src\share\vm\oops\instanceKlass.cpp, line 948]
Event: 0.989 Thread 0x0000000019160000 Exception <a 'java/lang/reflect/InvocationTargetException'> (0x00000000ebdb3408) thrown at [C:\re\workspace\8-2-build-windows-amd64-cygwin\jdk8u91\6644\hotspot\src\share\vm\runtime\reflection.cpp, line 1092]
Event: 1.041 Thread 0x0000000019160000 Exception <a 'java/lang/NoClassDefFoundError': cl/eye/CLCamera> (0x00000000ec025420) thrown at [C:\re\workspace\8-2-build-windows-amd64-cygwin\jdk8u91\6644\hotspot\src\share\vm\classfile\systemDictionary.cpp, line 199]
Event: 152.181 Thread 0x0000000019014800 Implicit null exception at 0x0000000003561893 to 0x00000000035619ed

Events (10 events):
Event: 210.102 Thread 0x00000000158c9000 flushing nmethod 0x00000000036d9e90
Event: 210.102 Thread 0x00000000158c9000 flushing nmethod 0x00000000036f3b90
Event: 210.102 Thread 0x00000000158c9000 flushing nmethod 0x00000000036f89d0
Event: 210.102 Thread 0x00000000158c9000 flushing nmethod 0x00000000036fb750
Event: 210.135 Thread 0x00000000158c9000 flushing nmethod 0x00000000036fd150
Event: 210.135 Thread 0x00000000158c9000 flushing nmethod 0x00000000036fd750
Event: 210.135 Thread 0x00000000158c9000 flushing nmethod 0x000000000373e290
Event: 210.139 Thread 0x00000000158c9000 flushing nmethod 0x0000000003771590
Event: 210.141 Thread 0x00000000158c9000 flushing nmethod 0x000000000379b110
Event: 210.141 Thread 0x00000000158c9000 flushing nmethod 0x000000000379b450


Dynamic libraries:
0x00007ff7d8260000 - 0x00007ff7d8297000 	C:\Program Files\Java\jdk1.8.0_91\bin\java.exe
0x00007ff9783a0000 - 0x00007ff97857b000 	C:\WINDOWS\SYSTEM32\ntdll.dll
0x00007ff9782c0000 - 0x00007ff97836e000 	C:\WINDOWS\System32\KERNEL32.DLL
0x00007ff9748c0000 - 0x00007ff974b09000 	C:\WINDOWS\System32\KERNELBASE.dll
0x00007ff9759a0000 - 0x00007ff975a41000 	C:\WINDOWS\System32\ADVAPI32.dll
0x00007ff977150000 - 0x00007ff9771ed000 	C:\WINDOWS\System32\msvcrt.dll
0x00007ff977460000 - 0x00007ff9774b9000 	C:\WINDOWS\System32\sechost.dll
0x00007ff977a70000 - 0x00007ff977b95000 	C:\WINDOWS\System32\RPCRT4.dll
0x00007ff978160000 - 0x00007ff9782aa000 	C:\WINDOWS\System32\USER32.dll
0x00007ff975580000 - 0x00007ff97559e000 	C:\WINDOWS\System32\win32u.dll
0x00007ff975a50000 - 0x00007ff975a77000 	C:\WINDOWS\System32\GDI32.dll
0x00007ff9755a0000 - 0x00007ff975727000 	C:\WINDOWS\System32\gdi32full.dll
0x00007ff974d70000 - 0x00007ff974e0a000 	C:\WINDOWS\System32\msvcp_win.dll
0x00007ff974b60000 - 0x00007ff974c56000 	C:\WINDOWS\System32\ucrtbase.dll
0x00007ff96b2b0000 - 0x00007ff96b517000 	C:\WINDOWS\WinSxS\amd64_microsoft.windows.common-controls_6595b64144ccf1df_6.0.15063.483_none_26002d27e7c744a2\COMCTL32.dll
0x00007ff977770000 - 0x00007ff977a69000 	C:\WINDOWS\System32\combase.dll
0x00007ff974e10000 - 0x00007ff974e7a000 	C:\WINDOWS\System32\bcryptPrimitives.dll
0x00007ff978370000 - 0x00007ff97839d000 	C:\WINDOWS\System32\IMM32.DLL
0x00000000585d0000 - 0x00000000586a2000 	C:\Program Files\Java\jdk1.8.0_91\jre\bin\msvcr100.dll
0x0000000057b60000 - 0x00000000583f3000 	C:\Program Files\Java\jdk1.8.0_91\jre\bin\server\jvm.dll
0x00007ff9771f0000 - 0x00007ff9771f8000 	C:\WINDOWS\System32\PSAPI.DLL
0x00007ff9664f0000 - 0x00007ff9664fa000 	C:\WINDOWS\SYSTEM32\VERSION.dll
0x00007ff9729d0000 - 0x00007ff9729f3000 	C:\WINDOWS\SYSTEM32\WINMM.dll
0x00007ff96cd80000 - 0x00007ff96cd89000 	C:\WINDOWS\SYSTEM32\WSOCK32.dll
0x00007ff977ba0000 - 0x00007ff977c0c000 	C:\WINDOWS\System32\WS2_32.dll
0x00007ff972970000 - 0x00007ff97299b000 	C:\WINDOWS\SYSTEM32\WINMMBASE.dll
0x00007ff974b10000 - 0x00007ff974b59000 	C:\WINDOWS\System32\cfgmgr32.dll
0x00000000595e0000 - 0x00000000595ef000 	C:\Program Files\Java\jdk1.8.0_91\jre\bin\verify.dll
0x0000000057af0000 - 0x0000000057b19000 	C:\Program Files\Java\jdk1.8.0_91\jre\bin\java.dll
0x00000000595c0000 - 0x00000000595d6000 	C:\Program Files\Java\jdk1.8.0_91\jre\bin\zip.dll
0x00007ff975c00000 - 0x00007ff977036000 	C:\WINDOWS\System32\SHELL32.dll
0x00007ff978050000 - 0x00007ff9780fa000 	C:\WINDOWS\System32\shcore.dll
0x00007ff974e80000 - 0x00007ff975571000 	C:\WINDOWS\System32\windows.storage.dll
0x00007ff977540000 - 0x00007ff977591000 	C:\WINDOWS\System32\shlwapi.dll
0x00007ff974880000 - 0x00007ff974891000 	C:\WINDOWS\System32\kernel.appcore.dll
0x00007ff974830000 - 0x00007ff97487c000 	C:\WINDOWS\System32\powrprof.dll
0x00007ff974810000 - 0x00007ff974825000 	C:\WINDOWS\System32\profapi.dll
0x0000000057910000 - 0x0000000057aa8000 	C:\Program Files\Java\jdk1.8.0_91\jre\bin\awt.dll
0x00007ff9773a0000 - 0x00007ff977460000 	C:\WINDOWS\System32\OLEAUT32.dll
0x00007ff972ff0000 - 0x00007ff97306e000 	C:\WINDOWS\SYSTEM32\apphelp.dll
0x00007ff973280000 - 0x00007ff973315000 	C:\WINDOWS\system32\uxtheme.dll
0x00007ff975a90000 - 0x00007ff975bf6000 	C:\WINDOWS\System32\MSCTF.dll
0x00007ff971b20000 - 0x00007ff971b4a000 	C:\WINDOWS\system32\dwmapi.dll
0x00007ff977620000 - 0x00007ff977765000 	C:\WINDOWS\System32\ole32.dll
0x00000000578c0000 - 0x0000000057907000 	C:\Program Files\Java\jdk1.8.0_91\jre\bin\fontmanager.dll
0x00007ff95fd20000 - 0x00007ff95fe0f000 	C:\Users\Joao_\.javacpp\cache\opencv-windows-x86_64.jar\org\bytedeco\javacpp\windows-x86_64\msvcr120.dll
0x00007ff94f320000 - 0x00007ff94f3c6000 	C:\Users\Joao_\.javacpp\cache\opencv-windows-x86_64.jar\org\bytedeco\javacpp\windows-x86_64\msvcp120.dll
0x00007ff943990000 - 0x00007ff943c0a000 	C:\Users\Joao_\.javacpp\cache\opencv-windows-x86_64.jar\org\bytedeco\javacpp\windows-x86_64\opencv_core310.dll
0x00007ff940b00000 - 0x00007ff940e42000 	C:\Users\Joao_\.javacpp\cache\opencv-windows-x86_64.jar\org\bytedeco\javacpp\windows-x86_64\opencv_imgproc310.dll
0x00007ff944490000 - 0x00007ff9446b7000 	C:\Users\Joao_\.javacpp\cache\opencv-windows-x86_64.jar\org\bytedeco\javacpp\windows-x86_64\jniopencv_core.dll
0x0000000057ad0000 - 0x0000000057aea000 	C:\Program Files\Java\jdk1.8.0_91\jre\bin\net.dll
0x00007ff9740c0000 - 0x00007ff97411c000 	C:\WINDOWS\system32\mswsock.dll
0x0000000057ab0000 - 0x0000000057ac1000 	C:\Program Files\Java\jdk1.8.0_91\jre\bin\nio.dll
0x00007ff94b900000 - 0x00007ff94b9ed000 	C:\Users\Joao_\.javacpp\cache\opencv-windows-x86_64.jar\org\bytedeco\javacpp\windows-x86_64\jniopencv_imgproc.dll
0x00007ff9436c0000 - 0x00007ff943989000 	C:\Users\Joao_\.javacpp\cache\opencv-windows-x86_64.jar\org\bytedeco\javacpp\windows-x86_64\opencv_imgcodecs310.dll
0x00007ff96f0a0000 - 0x00007ff96f0c5000 	C:\Users\Joao_\.javacpp\cache\opencv-windows-x86_64.jar\org\bytedeco\javacpp\windows-x86_64\jniopencv_imgcodecs.dll
0x00007ff9656b0000 - 0x00007ff965703000 	C:\Users\Joao_\.javacpp\cache\opencv-windows-x86_64.jar\org\bytedeco\javacpp\windows-x86_64\opencv_videoio310.dll
0x00007ff96a370000 - 0x00007ff96a399000 	C:\WINDOWS\SYSTEM32\MSVFW32.dll
0x00007ff969bd0000 - 0x00007ff969bef000 	C:\WINDOWS\SYSTEM32\AVIFIL32.dll
0x00007ff9691a0000 - 0x00007ff9691b8000 	C:\WINDOWS\SYSTEM32\AVICAP32.dll
0x00007ff95a010000 - 0x00007ff95a02c000 	C:\WINDOWS\SYSTEM32\MSACM32.dll
0x00007ff968b50000 - 0x00007ff968b67000 	C:\Users\Joao_\.javacpp\cache\opencv-windows-x86_64.jar\org\bytedeco\javacpp\windows-x86_64\jniopencv_videoio.dll
0x00007ff965870000 - 0x00007ff96589c000 	C:\Users\Joao_\.javacpp\cache\opencv-windows-x86_64.jar\org\bytedeco\javacpp\windows-x86_64\opencv_highgui310.dll
0x00007ff977040000 - 0x00007ff977148000 	C:\WINDOWS\System32\COMDLG32.dll
0x00007ff965670000 - 0x00007ff9656a5000 	C:\Users\Joao_\.javacpp\cache\opencv-windows-x86_64.jar\org\bytedeco\javacpp\windows-x86_64\jniopencv_highgui.dll
0x00007ff944f00000 - 0x00007ff944fcd000 	C:\Users\Joao_\.javacpp\cache\opencv-windows-x86_64.jar\org\bytedeco\javacpp\windows-x86_64\opencv_ml310.dll
0x00007ff964f80000 - 0x00007ff964fbf000 	C:\Users\Joao_\.javacpp\cache\opencv-windows-x86_64.jar\org\bytedeco\javacpp\windows-x86_64\jniopencv_ml.dll
0x00007ff948f10000 - 0x00007ff948fa6000 	C:\Users\Joao_\.javacpp\cache\opencv-windows-x86_64.jar\org\bytedeco\javacpp\windows-x86_64\opencv_objdetect310.dll
0x00007ff95fcc0000 - 0x00007ff95fd14000 	C:\Users\Joao_\.javacpp\cache\opencv-windows-x86_64.jar\org\bytedeco\javacpp\windows-x86_64\jniopencv_objdetect.dll
0x00007ff95f740000 - 0x00007ff95f786000 	C:\Users\Joao_\.javacpp\cache\opencv-windows-x86_64.jar\org\bytedeco\javacpp\windows-x86_64\opencv_face310.dll
0x00007ff965620000 - 0x00007ff96563a000 	C:\Users\Joao_\.javacpp\cache\opencv-windows-x86_64.jar\org\bytedeco\javacpp\windows-x86_64\jniopencv_face.dll
0x00007ff964f50000 - 0x00007ff964f76000 	C:\Users\Joao_\.javacpp\cache\videoinput-windows-x86_64.jar\org\bytedeco\javacpp\windows-x86_64\jnivideoInputLib.dll
0x0000000057870000 - 0x00000000578b2000 	C:\Program Files\Java\jdk1.8.0_91\jre\bin\t2k.dll
0x0000000057810000 - 0x0000000057825000 	C:\Users\Joao_\.javacpp\cache\libfreenect-windows-x86_64.jar\org\bytedeco\javacpp\windows-x86_64\libusb0.dll
0x00007ff977c10000 - 0x00007ff97804b000 	C:\WINDOWS\System32\SETUPAPI.dll
0x00007ff959260000 - 0x00007ff959294000 	C:\Users\Joao_\.javacpp\cache\libfreenect-windows-x86_64.jar\org\bytedeco\javacpp\windows-x86_64\freenect.dll
0x00007ff964d80000 - 0x00007ff964d99000 	C:\Users\Joao_\.javacpp\cache\libfreenect-windows-x86_64.jar\org\bytedeco\javacpp\windows-x86_64\pthreadVC2.dll
0x00007ff95a450000 - 0x00007ff95a474000 	C:\Users\Joao_\.javacpp\cache\libfreenect-windows-x86_64.jar\org\bytedeco\javacpp\windows-x86_64\jnifreenect.dll
0x00007ff975900000 - 0x00007ff97599e000 	C:\WINDOWS\System32\clbcatq.dll
0x00007ff970c80000 - 0x00007ff970e2c000 	C:\WINDOWS\SYSTEM32\WindowsCodecs.dll
0x00007ff963770000 - 0x00007ff9637b7000 	C:\WINDOWS\system32\dataexchange.dll
0x00007ff971ff0000 - 0x00007ff9722cf000 	C:\WINDOWS\system32\d3d11.dll
0x00007ff972ae0000 - 0x00007ff972c02000 	C:\WINDOWS\system32\dcomp.dll
0x00007ff973820000 - 0x00007ff9738c4000 	C:\WINDOWS\system32\dxgi.dll
0x00007ff973110000 - 0x00007ff973280000 	C:\WINDOWS\system32\twinapi.appcore.dll
0x00007ff974750000 - 0x00007ff974775000 	C:\WINDOWS\system32\bcrypt.dll
0x00007ff96f450000 - 0x00007ff96f4d2000 	C:\WINDOWS\System32\TextInputFramework.dll
0x00007ff970700000 - 0x00007ff9709d2000 	C:\WINDOWS\System32\CoreUIComponents.dll
0x00007ff972880000 - 0x00007ff972963000 	C:\WINDOWS\System32\CoreMessaging.dll
0x00007ff973a20000 - 0x00007ff973a51000 	C:\WINDOWS\SYSTEM32\ntmarta.dll
0x00007ff971000000 - 0x00007ff971139000 	C:\WINDOWS\SYSTEM32\wintypes.dll
0x00007ff971530000 - 0x00007ff971545000 	C:\WINDOWS\SYSTEM32\usermgrcli.dll
0x00007ff95afb0000 - 0x00007ff95afc7000 	C:\Windows\System32\devenum.dll
0x00007ff973450000 - 0x00007ff973478000 	C:\WINDOWS\SYSTEM32\DEVOBJ.dll
0x00007ff974d10000 - 0x00007ff974d66000 	C:\WINDOWS\System32\WINTRUST.dll
0x00007ff9748a0000 - 0x00007ff9748b1000 	C:\WINDOWS\System32\MSASN1.dll
0x00007ff975730000 - 0x00007ff9758f9000 	C:\WINDOWS\System32\CRYPT32.dll
0x00007ff971a00000 - 0x00007ff971a0b000 	C:\WINDOWS\SYSTEM32\msdmo.dll
0x00007ff955240000 - 0x00007ff955272000 	C:\Windows\System32\qcap.dll
0x00007ff940940000 - 0x00007ff940afc000 	C:\Windows\System32\quartz.dll
0x0000000057830000 - 0x000000005785a000 	C:\Program Files\Java\jdk1.8.0_91\jre\bin\dcpr.dll
0x00007ff955180000 - 0x00007ff9551cd000 	C:\Windows\System32\mfksproxy.dll
0x00007ff96cca0000 - 0x00007ff96ccbc000 	C:\Windows\System32\ATL.DLL
0x00007ff965000000 - 0x00007ff965032000 	C:\Windows\System32\MFSENSORGROUP.dll
0x00007ff96a1b0000 - 0x00007ff96a350000 	C:\Windows\System32\MFPlat.DLL
0x00007ff96b9c0000 - 0x00007ff96b9f2000 	C:\Windows\System32\RTWorkQ.DLL
0x00007ff952a80000 - 0x00007ff952ac8000 	C:\Windows\System32\ksproxy.ax
0x00007ff96f2c0000 - 0x00007ff96f2c9000 	C:\Windows\System32\ksuser.dll
0x00007ff945b30000 - 0x00007ff945cb9000 	C:\Windows\System32\d3d9.dll
0x00007ff971800000 - 0x00007ff971877000 	C:\WINDOWS\SYSTEM32\policymanager.dll
0x00007ff971770000 - 0x00007ff9717ff000 	C:\Windows\System32\msvcp110_win.dll
0x00007ff970320000 - 0x00007ff97032c000 	C:\Windows\System32\vidcap.ax
0x00007ff953200000 - 0x00007ff953226000 	C:\Windows\System32\kswdmcap.ax
0x00007ff934a10000 - 0x00007ff934b74000 	C:\Windows\System32\MFC42.dll
0x00007ff9408a0000 - 0x00007ff94093f000 	C:\Windows\System32\qedit.dll
0x00007ff9695a0000 - 0x00007ff969735000 	C:\WINDOWS\WinSxS\amd64_microsoft.windows.gdiplus_6595b64144ccf1df_1.1.15063.608_none_56f0266b425534e9\gdiplus.dll
0x00007ff934910000 - 0x00007ff934a06000 	C:\Windows\System32\DDRAW.dll
0x00007ff96f590000 - 0x00007ff96f598000 	C:\Windows\System32\DCIMAN32.dll
0x00007ff9346f0000 - 0x00007ff934907000 	C:\Program Files (x86)\K-Lite Codec Pack\Filters\DirectVobSub64\vsfilter.dll
0x00007ff95ce60000 - 0x00007ff95ceea000 	C:\WINDOWS\SYSTEM32\WINSPOOL.DRV
0x00007ff959ce0000 - 0x00007ff95a00e000 	C:\WINDOWS\SYSTEM32\WININET.dll
0x00007ff969770000 - 0x00007ff9697db000 	C:\WINDOWS\SYSTEM32\OLEACC.dll
0x00007ff96f580000 - 0x00007ff96f58c000 	C:\WINDOWS\SYSTEM32\msyuv.dll
0x00007ff964820000 - 0x00007ff9649c9000 	C:\WINDOWS\SYSTEM32\dbghelp.dll

VM Arguments:
jvm_args: -Dfile.encoding=UTF-8 -Djava.library.path=C:\opencv\build\java\x64 
java_command: main.main
java_class_path (initial): C:\Users\Joao_\Downloads\javacpp-1.3-bin\javacpp-bin\javacpp.jar;C:\Users\Joao_\Downloads\javacv-platform-1.3-bin\javacv-bin\opencv-windows-x86_64.jar;C:\Users\Joao_\Downloads\javacv-platform-1.3-bin\javacv-bin\videoinput-windows-x86_64.jar;C:\Users\Joao_\Downloads\javacv-platform-1.3-bin\javacv-bin\artoolkitplus-windows-x86_64.jar;C:\Users\Joao_\Downloads\javacv-platform-1.3-bin\javacv-bin\ffmpeg-windows-x86_64.jar;C:\Users\Joao_\Downloads\javacv-platform-1.3-bin\javacv-bin\flandmark-windows-x86_64.jar;C:\Users\Joao_\Downloads\javacv-platform-1.3-bin\javacv-bin\flycapture-windows-x86_64.jar;C:\Users\Joao_\Downloads\javacv-platform-1.3-bin\javacv-bin\javacv-platform.jar;C:\Users\Joao_\Downloads\javacv-platform-1.3-bin\javacv-bin\javacv.jar;C:\Users\Joao_\Downloads\javacv-platform-1.3-bin\javacv-bin\libdc1394-windows-x86_64.jar;C:\Users\Joao_\Downloads\javacv-platform-1.3-bin\javacv-bin\libfreenect-platform.jar;C:\Users\Joao_\Downloads\javacv-platform-1.3-bin\javacv-bin\libfreenect-windows-x86_64.jar;C:\Users\Joao_\Downloads\javacv-platform-1.3-bin\javacv-bin\librealsense-platform.jar;C:\Users\Joao_\Downloads\javacv-platform-1.3-bin\javacv-bin\librealsense.jar;C:\Users\Joao_\Downloads\javacv-platform-1.3-bin\javacv-bin\opencv.jar;C:\Users\Joao_\Downloads\javacv-platform-1.3-bin\javacv-bin\videoinput.jar;C:\TCC.UniSecurity\build\classes
Launcher Type: SUN_STANDARD

Environment Variables:
PATH=C:\ProgramData\Oracle\Java\javapath;C:\WINDOWS\system32;C:\WINDOWS;C:\WINDOWS\System32\Wbem;C:\WINDOWS\System32\WindowsPowerShell\v1.0\;C:\Program Files (x86)\Skype\Phone\;C:\Program Files\Microsoft SQL Server\120\DTS\Binn\;C:\Program Files\Microsoft SQL Server\Client SDK\ODBC\110\Tools\Binn\;C:\Program Files (x86)\Microsoft SQL Server\120\Tools\Binn\;C:\Program Files\Microsoft SQL Server\120\Tools\Binn\;C:\Program Files (x86)\Microsoft SQL Server\120\Tools\Binn\ManagementStudio\;C:\Program Files (x86)\Microsoft SQL Server\120\DTS\Binn\;C:\Program Files\CMake\bin;C:\opencv\build\x64\vc14\bin;C:\Users\Joao_\AppData\Local\Programs\Python\Python37\Scripts\;C:\Users\Joao_\AppData\Local\Programs\Python\Python37\;C:\Users\Joao_\AppData\Local\Microsoft\WindowsApps;
USERNAME=Joao_
OS=Windows_NT
PROCESSOR_IDENTIFIER=Intel64 Family 6 Model 58 Stepping 9, GenuineIntel



---------------  S Y S T E M  ---------------

OS: Windows 10.0 , 64 bit Build 15063 (10.0.15063.296)

CPU:total 4 (2 cores per cpu, 2 threads per core) family 6 model 58 stepping 9, cmov, cx8, fxsr, mmx, sse, sse2, sse3, ssse3, sse4.1, sse4.2, popcnt, avx, aes, clmul, erms, ht, tsc, tscinvbit, tscinv

Memory: 4k page, physical 4092772k(603904k free), swap 5534564k(1262416k free)

vm_info: Java HotSpot(TM) 64-Bit Server VM (25.91-b14) for windows-amd64 JRE (1.8.0_91-b14), built on Apr  1 2016 00:58:32 by "java_re" with MS VC++ 10.0 (VS2010)

time: Sat Oct 14 17:21:22 2017
elapsed time: 210 seconds (0d 0h 3m 30s)

