#
# A fatal error has been detected by the Java Runtime Environment:
#
#  EXCEPTION_UNCAUGHT_CXX_EXCEPTION (0xe06d7363) at pc=0x00007ffceaea9e08, pid=9208, tid=5652
#
# JRE version: Java(TM) SE Runtime Environment (8.0_91-b14) (build 1.8.0_91-b14)
# Java VM: Java HotSpot(TM) 64-Bit Server VM (25.91-b14 mixed mode windows-amd64 compressed oops)
# Problematic frame:
# C  [KERNELBASE.dll+0x69e08]
#
# Failed to write core dump. Minidumps are not enabled by default on client versions of Windows
#
# If you would like to submit a bug report, please visit:
#   http://bugreport.java.com/bugreport/crash.jsp
# The crash happened outside the Java Virtual Machine in native code.
# See problematic frame for where to report the bug.
#

---------------  T H R E A D  ---------------

Current thread (0x0000000019686000):  JavaThread "pool-1-thread-1" [_thread_in_native, id=5652, stack(0x000000002ef70000,0x000000002f070000)]

siginfo: ExceptionCode=0xe06d7363, ExceptionInformation=0x0000000019930520 0x000000002f05e930 0x00007ffcb64a0668 0x00007ffcb6260000 

Registers:
RAX=0x0000000000000000, RBX=0x00007ffcb64a0668, RCX=0x0000000000000000, RDX=0x00000000000000ff
RSP=0x000000002f05e7a0, RBP=0x000000002f05e8e0, RSI=0x00007ffcb642f2b8, RDI=0x000000002f05e930
R8 =0x0000000000000000, R9 =0x0000000000000000, R10=0x0000000001218a94, R11=0x0000000001210150
R12=0x00000000ffffff29, R13=0x0000000000000000, R14=0x00007ffcb642e290, R15=0x000000002f06ead8
RIP=0x00007ffceaea9e08, EFLAGS=0x0000000000000202

Top of Stack: (sp=0x000000002f05e7a0)
0x000000002f05e7a0:   0000000000000000 00007ffcb64a0668
0x000000002f05e7b0:   00007ffcb642f2b8 000000002f05e930
0x000000002f05e7c0:   00000001e06d7363 0000000000000000
0x000000002f05e7d0:   00007ffceaea9e08 0000000000000004
0x000000002f05e7e0:   0000000019930520 000000002f05e930
0x000000002f05e7f0:   00007ffcb64a0668 00007ffcb6260000
0x000000002f05e800:   00007ffcb642e290 00000000ffffff29
0x000000002f05e810:   000000002f05e930 00007ffcb642f2b8
0x000000002f05e820:   000000002f05e8e0 00007ffcedb4ba13
0x000000002f05e830:   000000002f05e8f0 00007ffc00000000
0x000000002f05e840:   000000002f05e930 00007ffcc562d306
0x000000002f05e850:   00007ffcb64c1000 00007ffcb6260000
0x000000002f05e860:   0000f28271eead29 00007ffcc56ac4d0
0x000000002f05e870:   00007ffcb64a0668 00007ffcc562ef63
0x000000002f05e880:   000000002f05e930 00007ffcc55feb8d
0x000000002f05e890:   00007ffcc56ac4d0 00007ffcb642f2b8 

Instructions: (pc=0x00007ffceaea9e08)
0x00007ffceaea9de8:   49 8b d1 44 0f 47 c0 44 89 44 24 38 49 c1 e0 03
0x00007ffceaea9df8:   e8 1b db 01 00 48 8d 4c 24 20 ff 15 f0 c7 0f 00
0x00007ffceaea9e08:   48 8b 8c 24 c0 00 00 00 48 33 cc e8 78 b0 01 00
0x00007ffceaea9e18:   48 81 c4 d8 00 00 00 c3 83 64 24 38 00 eb d6 cc 


Register to memory mapping:

RAX=0x0000000000000000 is an unknown value
RBX=0x00007ffcb64a0668 is an unknown value
RCX=0x0000000000000000 is an unknown value
RDX=0x00000000000000ff is an unknown value
RSP=0x000000002f05e7a0 is pointing into the stack for thread: 0x0000000019686000
RBP=0x000000002f05e8e0 is pointing into the stack for thread: 0x0000000019686000
RSI=0x00007ffcb642f2b8 is an unknown value
RDI=0x000000002f05e930 is pointing into the stack for thread: 0x0000000019686000
R8 =0x0000000000000000 is an unknown value
R9 =0x0000000000000000 is an unknown value
R10=0x0000000001218a94 is an unknown value
R11=0x0000000001210150 is an unknown value
R12=0x00000000ffffff29 is an unallocated location in the heap
R13=0x0000000000000000 is an unknown value
R14=0x00007ffcb642e290 is an unknown value
R15=0x000000002f06ead8 is pointing into the stack for thread: 0x0000000019686000


Stack: [0x000000002ef70000,0x000000002f070000],  sp=0x000000002f05e7a0,  free space=953k
Native frames: (J=compiled Java code, j=interpreted, Vv=VM code, C=native code)
C  [KERNELBASE.dll+0x69e08]
C  [msvcr120.dll+0x5ef63]
C  [opencv_core310.dll+0x19b654]
C  [opencv_core310.dll+0x19b796]
C  [opencv_core310.dll+0x39346]
C  [jniopencv_core.dll+0xc0015]
C  0x0000000003237f54

Java frames: (J=compiled Java code, j=interpreted, Vv=VM code)
j  org.bytedeco.javacpp.opencv_core.cvSetImageROI(Lorg/bytedeco/javacpp/opencv_core$IplImage;Lorg/bytedeco/javacpp/opencv_core$CvRect;)V+0
j  processing.FacePanel.preprocessImage(Lorg/bytedeco/javacpp/opencv_core$IplImage;)Lorg/bytedeco/javacpp/opencv_core$IplImage;+89
j  processing.FacePanel.findFace(Lorg/bytedeco/javacpp/opencv_core$IplImage;)Lorg/bytedeco/javacpp/opencv_core$CvRect;+145
j  processing.FacePanel.access$100(Lprocessing/FacePanel;Lorg/bytedeco/javacpp/opencv_core$IplImage;)Lorg/bytedeco/javacpp/opencv_core$CvRect;+2
j  processing.FacePanel$1.run()V+19
j  java.util.concurrent.ThreadPoolExecutor.runWorker(Ljava/util/concurrent/ThreadPoolExecutor$Worker;)V+95
j  java.util.concurrent.ThreadPoolExecutor$Worker.run()V+5
j  java.lang.Thread.run()V+11
v  ~StubRoutines::call_stub

---------------  P R O C E S S  ---------------

Java Threads: ( => current thread )
=>0x0000000019686000 JavaThread "pool-1-thread-1" [_thread_in_native, id=5652, stack(0x000000002ef70000,0x000000002f070000)]
  0x00000000194ab000 JavaThread "TimerQueue" daemon [_thread_blocked, id=6656, stack(0x000000002d040000,0x000000002d140000)]
  0x00000000194e5800 JavaThread "Thread-1" [_thread_blocked, id=7152, stack(0x000000001b090000,0x000000001b190000)]
  0x00000000017bd800 JavaThread "DestroyJavaVM" [_thread_blocked, id=9336, stack(0x0000000003020000,0x0000000003120000)]
  0x00000000194be000 JavaThread "AWT-EventQueue-0" [_thread_blocked, id=7220, stack(0x0000000019e90000,0x0000000019f90000)]
  0x0000000017f46800 JavaThread "JavaCPP Deallocator" daemon [_thread_blocked, id=8784, stack(0x0000000019d90000,0x0000000019e90000)]
  0x000000001799a800 JavaThread "AWT-Windows" daemon [_thread_in_native, id=9016, stack(0x0000000018540000,0x0000000018640000)]
  0x0000000017998000 JavaThread "AWT-Shutdown" [_thread_blocked, id=8704, stack(0x0000000018440000,0x0000000018540000)]
  0x0000000017997000 JavaThread "Java2D Disposer" daemon [_thread_blocked, id=6032, stack(0x0000000018340000,0x0000000018440000)]
  0x000000001586e000 JavaThread "Service Thread" daemon [_thread_blocked, id=9872, stack(0x0000000017560000,0x0000000017660000)]
  0x000000001580d000 JavaThread "C1 CompilerThread2" daemon [_thread_blocked, id=9668, stack(0x0000000017060000,0x0000000017160000)]
  0x000000001580a000 JavaThread "C2 CompilerThread1" daemon [_thread_blocked, id=10148, stack(0x0000000016f60000,0x0000000017060000)]
  0x0000000015819800 JavaThread "C2 CompilerThread0" daemon [_thread_blocked, id=72, stack(0x0000000016e60000,0x0000000016f60000)]
  0x0000000015818000 JavaThread "Attach Listener" daemon [_thread_blocked, id=2132, stack(0x0000000016d60000,0x0000000016e60000)]
  0x0000000015816800 JavaThread "Signal Dispatcher" daemon [_thread_blocked, id=4692, stack(0x0000000016c60000,0x0000000016d60000)]
  0x00000000157f9000 JavaThread "Finalizer" daemon [_thread_blocked, id=6196, stack(0x0000000016a70000,0x0000000016b70000)]
  0x0000000003211000 JavaThread "Reference Handler" daemon [_thread_blocked, id=3644, stack(0x0000000016970000,0x0000000016a70000)]

Other Threads:
  0x00000000157d7000 VMThread [stack: 0x0000000016870000,0x0000000016970000] [id=9444]
  0x00000000171b6000 WatcherThread [stack: 0x0000000017660000,0x0000000017760000] [id=3800]

VM state:not at safepoint (normal execution)

VM Mutex/Monitor currently owned by a thread: None

Heap:
 PSYoungGen      total 18944K, used 6545K [0x00000000eb300000, 0x00000000ed800000, 0x0000000100000000)
  eden space 16384K, 24% used [0x00000000eb300000,0x00000000eb6e8a90,0x00000000ec300000)
  from space 2560K, 99% used [0x00000000ed580000,0x00000000ed7fbc10,0x00000000ed800000)
  to   space 2560K, 0% used [0x00000000ec300000,0x00000000ec300000,0x00000000ec580000)
 ParOldGen       total 44032K, used 2497K [0x00000000c1800000, 0x00000000c4300000, 0x00000000eb300000)
  object space 44032K, 5% used [0x00000000c1800000,0x00000000c1a70580,0x00000000c4300000)
 Metaspace       used 15465K, capacity 15682K, committed 15872K, reserved 1062912K
  class space    used 1892K, capacity 1964K, committed 2048K, reserved 1048576K

Card table byte_map: [0x00000000125e0000,0x00000000127e0000] byte_map_base: 0x0000000011fd4000

Marking Bits: (ParMarkBitMap*) 0x0000000075bd2f70
 Begin Bits: [0x0000000012d30000, 0x0000000013cd0000)
 End Bits:   [0x0000000013cd0000, 0x0000000014c70000)

Polling page: 0x0000000001780000

CodeCache: size=245760Kb used=3981Kb max_used=3981Kb free=241778Kb
 bounds [0x0000000003220000, 0x0000000003610000, 0x0000000012220000]
 total_blobs=1610 nmethods=987 adapters=536
 compilation: enabled

Compilation events (10 events):
Event: 3.975 Thread 0x000000001580d000 nmethod 980 0x00000000035e8250 code [0x00000000035e83a0, 0x00000000035e84b0]
Event: 3.975 Thread 0x000000001580d000  982       3       org.bytedeco.javacv.Java2DFrameConverter::flipCopyWithGamma (608 bytes)
Event: 3.978 Thread 0x000000001580d000 nmethod 982 0x00000000035f2290 code [0x00000000035f26e0, 0x00000000035f5888]
Event: 3.978 Thread 0x000000001580d000  983   !   3       org.bytedeco.javacpp.Loader::loadLibrary (639 bytes)
Event: 3.978 Thread 0x000000001580a000  984 %     4       org.bytedeco.javacv.Java2DFrameConverter::flipCopyWithGamma @ 484 (608 bytes)
Event: 3.980 Thread 0x0000000015819800  985       4       java.util.HashMap::getNode (148 bytes)
Event: 3.985 Thread 0x0000000015819800 nmethod 985 0x00000000035e7cd0 code [0x00000000035e7e20, 0x00000000035e8048]
Event: 3.989 Thread 0x000000001580d000 nmethod 983 0x00000000035f68d0 code [0x00000000035f72a0, 0x00000000035ffe58]
Event: 3.989 Thread 0x000000001580d000  978       1       sun.nio.fs.NativeBuffer::owner (5 bytes)
Event: 3.989 Thread 0x000000001580d000 nmethod 978 0x00000000035ed0d0 code [0x00000000035ed220, 0x00000000035ed330]

GC Heap History (4 events):
Event: 0.847 GC heap before
{Heap before GC invocations=1 (full 0):
 PSYoungGen      total 18944K, used 16384K [0x00000000eb300000, 0x00000000ec800000, 0x0000000100000000)
  eden space 16384K, 100% used [0x00000000eb300000,0x00000000ec300000,0x00000000ec300000)
  from space 2560K, 0% used [0x00000000ec580000,0x00000000ec580000,0x00000000ec800000)
  to   space 2560K, 0% used [0x00000000ec300000,0x00000000ec300000,0x00000000ec580000)
 ParOldGen       total 44032K, used 0K [0x00000000c1800000, 0x00000000c4300000, 0x00000000eb300000)
  object space 44032K, 0% used [0x00000000c1800000,0x00000000c1800000,0x00000000c4300000)
 Metaspace       used 11193K, capacity 11402K, committed 11776K, reserved 1058816K
  class space    used 1334K, capacity 1415K, committed 1536K, reserved 1048576K
Event: 0.858 GC heap after
Heap after GC invocations=1 (full 0):
 PSYoungGen      total 18944K, used 2553K [0x00000000eb300000, 0x00000000ed800000, 0x0000000100000000)
  eden space 16384K, 0% used [0x00000000eb300000,0x00000000eb300000,0x00000000ec300000)
  from space 2560K, 99% used [0x00000000ec300000,0x00000000ec57e590,0x00000000ec580000)
  to   space 2560K, 0% used [0x00000000ed580000,0x00000000ed580000,0x00000000ed800000)
 ParOldGen       total 44032K, used 654K [0x00000000c1800000, 0x00000000c4300000, 0x00000000eb300000)
  object space 44032K, 1% used [0x00000000c1800000,0x00000000c18a3b70,0x00000000c4300000)
 Metaspace       used 11193K, capacity 11402K, committed 11776K, reserved 1058816K
  class space    used 1334K, capacity 1415K, committed 1536K, reserved 1048576K
}
Event: 3.567 GC heap before
{Heap before GC invocations=2 (full 0):
 PSYoungGen      total 18944K, used 18937K [0x00000000eb300000, 0x00000000ed800000, 0x0000000100000000)
  eden space 16384K, 100% used [0x00000000eb300000,0x00000000ec300000,0x00000000ec300000)
  from space 2560K, 99% used [0x00000000ec300000,0x00000000ec57e590,0x00000000ec580000)
  to   space 2560K, 0% used [0x00000000ed580000,0x00000000ed580000,0x00000000ed800000)
 ParOldGen       total 44032K, used 654K [0x00000000c1800000, 0x00000000c4300000, 0x00000000eb300000)
  object space 44032K, 1% used [0x00000000c1800000,0x00000000c18a3b70,0x00000000c4300000)
 Metaspace       used 15162K, capacity 15330K, committed 15616K, reserved 1062912K
  class space    used 1864K, capacity 1932K, committed 2048K, reserved 1048576K
Event: 3.573 GC heap after
Heap after GC invocations=2 (full 0):
 PSYoungGen      total 18944K, used 2543K [0x00000000eb300000, 0x00000000ed800000, 0x0000000100000000)
  eden space 16384K, 0% used [0x00000000eb300000,0x00000000eb300000,0x00000000ec300000)
  from space 2560K, 99% used [0x00000000ed580000,0x00000000ed7fbc10,0x00000000ed800000)
  to   space 2560K, 0% used [0x00000000ec300000,0x00000000ec300000,0x00000000ec580000)
 ParOldGen       total 44032K, used 2497K [0x00000000c1800000, 0x00000000c4300000, 0x00000000eb300000)
  object space 44032K, 5% used [0x00000000c1800000,0x00000000c1a70580,0x00000000c4300000)
 Metaspace       used 15162K, capacity 15330K, committed 15616K, reserved 1062912K
  class space    used 1864K, capacity 1932K, committed 2048K, reserved 1048576K
}

Deoptimization events (7 events):
Event: 0.908 Thread 0x00000000194be000 Uncommon trap: reason=unstable_if action=reinterpret pc=0x000000000349b4e8 method=sun.misc.MetaIndex.mayContain(Ljava/lang/String;)Z @ 38
Event: 0.921 Thread 0x00000000194be000 Uncommon trap: reason=unstable_if action=reinterpret pc=0x00000000034305c0 method=java.lang.AbstractStringBuilder.append(Ljava/lang/String;)Ljava/lang/AbstractStringBuilder; @ 1
Event: 0.922 Thread 0x00000000194be000 Uncommon trap: reason=unstable_if action=reinterpret pc=0x000000000340e798 method=java.lang.AbstractStringBuilder.append(Ljava/lang/String;)Ljava/lang/AbstractStringBuilder; @ 1
Event: 3.216 Thread 0x00000000194be000 Uncommon trap: reason=unstable_if action=reinterpret pc=0x000000000341de24 method=java.util.HashMap.getNode(ILjava/lang/Object;)Ljava/util/HashMap$Node; @ 84
Event: 3.216 Thread 0x00000000194be000 Uncommon trap: reason=unstable_if action=reinterpret pc=0x0000000003513b80 method=java.util.HashMap.getNode(ILjava/lang/Object;)Ljava/util/HashMap$Node; @ 84
Event: 3.384 Thread 0x00000000194be000 Uncommon trap: reason=unstable_if action=reinterpret pc=0x0000000003541b94 method=java.util.LinkedHashMap.get(Ljava/lang/Object;)Ljava/lang/Object; @ 20
Event: 3.391 Thread 0x00000000194be000 Uncommon trap: reason=unstable_if action=reinterpret pc=0x00000000035cc244 method=java.awt.MultipleGradientPaintContext.indexIntoGradientsArrays(F)I @ 93

Internal exceptions (10 events):
Event: 3.272 Thread 0x00000000194e5800 Exception <a 'java/lang/reflect/InvocationTargetException'> (0x00000000ebd0eb88) thrown at [C:\re\workspace\8-2-build-windows-amd64-cygwin\jdk8u91\6644\hotspot\src\share\vm\runtime\reflection.cpp, line 1092]
Event: 3.281 Thread 0x00000000194e5800 Exception <a 'java/lang/UnsatisfiedLinkError'> (0x00000000ebdba6f8) thrown at [C:\re\workspace\8-2-build-windows-amd64-cygwin\jdk8u91\6644\hotspot\src\share\vm\prims\jvm.cpp, line 3969]
Event: 3.281 Thread 0x00000000194e5800 Exception <a 'java/lang/UnsatisfiedLinkError'> (0x00000000ebdba6f8) thrown at [C:\re\workspace\8-2-build-windows-amd64-cygwin\jdk8u91\6644\hotspot\src\share\vm\prims\jni.cpp, line 709]
Event: 3.282 Thread 0x00000000194e5800 Exception <a 'java/lang/UnsatisfiedLinkError'> (0x00000000ebdbd718) thrown at [C:\re\workspace\8-2-build-windows-amd64-cygwin\jdk8u91\6644\hotspot\src\share\vm\prims\jvm.cpp, line 3969]
Event: 3.282 Thread 0x00000000194e5800 Exception <a 'java/lang/UnsatisfiedLinkError'> (0x00000000ebdbd718) thrown at [C:\re\workspace\8-2-build-windows-amd64-cygwin\jdk8u91\6644\hotspot\src\share\vm\prims\jni.cpp, line 709]
Event: 3.285 Thread 0x00000000194e5800 Exception <a 'java/lang/UnsatisfiedLinkError'> (0x00000000ebdc0738) thrown at [C:\re\workspace\8-2-build-windows-amd64-cygwin\jdk8u91\6644\hotspot\src\share\vm\prims\jvm.cpp, line 3969]
Event: 3.285 Thread 0x00000000194e5800 Exception <a 'java/lang/UnsatisfiedLinkError'> (0x00000000ebdc0738) thrown at [C:\re\workspace\8-2-build-windows-amd64-cygwin\jdk8u91\6644\hotspot\src\share\vm\prims\jni.cpp, line 709]
Event: 3.285 Thread 0x00000000194e5800 Exception <a 'java/lang/UnsatisfiedLinkError'> (0x00000000ebdc0d70) thrown at [C:\re\workspace\8-2-build-windows-amd64-cygwin\jdk8u91\6644\hotspot\src\share\vm\oops\instanceKlass.cpp, line 948]
Event: 3.285 Thread 0x00000000194e5800 Exception <a 'java/lang/reflect/InvocationTargetException'> (0x00000000ebdc1608) thrown at [C:\re\workspace\8-2-build-windows-amd64-cygwin\jdk8u91\6644\hotspot\src\share\vm\runtime\reflection.cpp, line 1092]
Event: 3.346 Thread 0x00000000194e5800 Exception <a 'java/lang/NoClassDefFoundError': cl/eye/CLCamera> (0x00000000ec00a780) thrown at [C:\re\workspace\8-2-build-windows-amd64-cygwin\jdk8u91\6644\hotspot\src\share\vm\classfile\systemDictionary.cpp, line 199]

Events (10 events):
Event: 3.957 loading class java/awt/image/DataBufferByte
Event: 3.957 loading class java/awt/image/DataBufferByte done
Event: 3.957 loading class java/awt/image/PixelInterleavedSampleModel
Event: 3.957 loading class java/awt/image/PixelInterleavedSampleModel done
Event: 3.958 loading class sun/awt/image/ByteInterleavedRaster
Event: 3.958 loading class sun/awt/image/ByteComponentRaster
Event: 3.959 loading class sun/awt/image/ByteComponentRaster done
Event: 3.959 loading class sun/awt/image/ByteInterleavedRaster done
Event: 3.971 loading class org/bytedeco/javacpp/Pointer$2
Event: 3.971 loading class org/bytedeco/javacpp/Pointer$2 done


Dynamic libraries:
0x00007ff722950000 - 0x00007ff722987000 	C:\Program Files\Java\jdk1.8.0_91\bin\java.exe
0x00007ffcedb30000 - 0x00007ffcedd0b000 	C:\WINDOWS\SYSTEM32\ntdll.dll
0x00007ffced640000 - 0x00007ffced6ee000 	C:\WINDOWS\System32\KERNEL32.DLL
0x00007ffceae40000 - 0x00007ffceb089000 	C:\WINDOWS\System32\KERNELBASE.dll
0x00007ffceb920000 - 0x00007ffceb9c1000 	C:\WINDOWS\System32\ADVAPI32.dll
0x00007ffced2e0000 - 0x00007ffced37d000 	C:\WINDOWS\System32\msvcrt.dll
0x00007ffceb860000 - 0x00007ffceb8b9000 	C:\WINDOWS\System32\sechost.dll
0x00007ffced030000 - 0x00007ffced155000 	C:\WINDOWS\System32\RPCRT4.dll
0x00007ffceb5b0000 - 0x00007ffceb6fa000 	C:\WINDOWS\System32\USER32.dll
0x00007ffceac90000 - 0x00007ffceacae000 	C:\WINDOWS\System32\win32u.dll
0x00007ffceb820000 - 0x00007ffceb847000 	C:\WINDOWS\System32\GDI32.dll
0x00007ffceacb0000 - 0x00007ffceae37000 	C:\WINDOWS\System32\gdi32full.dll
0x00007ffcea050000 - 0x00007ffcea0ea000 	C:\WINDOWS\System32\msvcp_win.dll
0x00007ffcea1a0000 - 0x00007ffcea296000 	C:\WINDOWS\System32\ucrtbase.dll
0x00007ffcd8460000 - 0x00007ffcd86c7000 	C:\WINDOWS\WinSxS\amd64_microsoft.windows.common-controls_6595b64144ccf1df_6.0.15063.483_none_26002d27e7c744a2\COMCTL32.dll
0x00007ffceb110000 - 0x00007ffceb409000 	C:\WINDOWS\System32\combase.dll
0x00007ffceaa50000 - 0x00007ffceaaba000 	C:\WINDOWS\System32\bcryptPrimitives.dll
0x00007ffced380000 - 0x00007ffced3ad000 	C:\WINDOWS\System32\IMM32.DLL
0x0000000076fd0000 - 0x00000000770a2000 	C:\Program Files\Java\jdk1.8.0_91\jre\bin\msvcr100.dll
0x00000000753c0000 - 0x0000000075c53000 	C:\Program Files\Java\jdk1.8.0_91\jre\bin\server\jvm.dll
0x00007ffceb090000 - 0x00007ffceb098000 	C:\WINDOWS\System32\PSAPI.DLL
0x00007ffce5240000 - 0x00007ffce5249000 	C:\WINDOWS\SYSTEM32\WSOCK32.dll
0x00007ffce8520000 - 0x00007ffce8543000 	C:\WINDOWS\SYSTEM32\WINMM.dll
0x00007ffcde190000 - 0x00007ffcde19a000 	C:\WINDOWS\SYSTEM32\VERSION.dll
0x00007ffceb0a0000 - 0x00007ffceb10c000 	C:\WINDOWS\System32\WS2_32.dll
0x00007ffce84c0000 - 0x00007ffce84eb000 	C:\WINDOWS\SYSTEM32\winmmbase.dll
0x00007ffcea300000 - 0x00007ffcea349000 	C:\WINDOWS\System32\cfgmgr32.dll
0x0000000076fc0000 - 0x0000000076fcf000 	C:\Program Files\Java\jdk1.8.0_91\jre\bin\verify.dll
0x0000000075350000 - 0x0000000075379000 	C:\Program Files\Java\jdk1.8.0_91\jre\bin\java.dll
0x0000000076fa0000 - 0x0000000076fb6000 	C:\Program Files\Java\jdk1.8.0_91\jre\bin\zip.dll
0x00007ffceb9d0000 - 0x00007ffcece06000 	C:\WINDOWS\System32\SHELL32.dll
0x00007ffcecf20000 - 0x00007ffcecfca000 	C:\WINDOWS\System32\shcore.dll
0x00007ffcea350000 - 0x00007ffceaa41000 	C:\WINDOWS\System32\windows.storage.dll
0x00007ffced3b0000 - 0x00007ffced401000 	C:\WINDOWS\System32\shlwapi.dll
0x00007ffcea010000 - 0x00007ffcea021000 	C:\WINDOWS\System32\kernel.appcore.dll
0x00007ffce9fc0000 - 0x00007ffcea00c000 	C:\WINDOWS\System32\powrprof.dll
0x00007ffce9fa0000 - 0x00007ffce9fb5000 	C:\WINDOWS\System32\profapi.dll
0x0000000075170000 - 0x0000000075308000 	C:\Program Files\Java\jdk1.8.0_91\jre\bin\awt.dll
0x00007ffced410000 - 0x00007ffced4d0000 	C:\WINDOWS\System32\OLEAUT32.dll
0x00007ffce8740000 - 0x00007ffce87be000 	C:\WINDOWS\SYSTEM32\apphelp.dll
0x00007ffce8a10000 - 0x00007ffce8aa5000 	C:\WINDOWS\system32\uxtheme.dll
0x00007ffced170000 - 0x00007ffced2d6000 	C:\WINDOWS\System32\MSCTF.dll
0x00007ffce7020000 - 0x00007ffce704a000 	C:\WINDOWS\system32\dwmapi.dll
0x00007ffced4d0000 - 0x00007ffced615000 	C:\WINDOWS\System32\ole32.dll
0x0000000075120000 - 0x0000000075167000 	C:\Program Files\Java\jdk1.8.0_91\jre\bin\fontmanager.dll
0x00007ffcc55d0000 - 0x00007ffcc56bf000 	C:\Users\Joao_\.javacpp\cache\opencv-windows-x86_64.jar\org\bytedeco\javacpp\windows-x86_64\msvcr120.dll
0x00007ffccc600000 - 0x00007ffccc6a6000 	C:\Users\Joao_\.javacpp\cache\opencv-windows-x86_64.jar\org\bytedeco\javacpp\windows-x86_64\msvcp120.dll
0x00007ffcb6260000 - 0x00007ffcb64da000 	C:\Users\Joao_\.javacpp\cache\opencv-windows-x86_64.jar\org\bytedeco\javacpp\windows-x86_64\opencv_core310.dll
0x00007ffcb3cb0000 - 0x00007ffcb3ff2000 	C:\Users\Joao_\.javacpp\cache\opencv-windows-x86_64.jar\org\bytedeco\javacpp\windows-x86_64\opencv_imgproc310.dll
0x00007ffcb57f0000 - 0x00007ffcb5a17000 	C:\Users\Joao_\.javacpp\cache\opencv-windows-x86_64.jar\org\bytedeco\javacpp\windows-x86_64\jniopencv_core.dll
0x0000000075330000 - 0x000000007534a000 	C:\Program Files\Java\jdk1.8.0_91\jre\bin\net.dll
0x00007ffce9850000 - 0x00007ffce98ac000 	C:\WINDOWS\system32\mswsock.dll
0x0000000075310000 - 0x0000000075321000 	C:\Program Files\Java\jdk1.8.0_91\jre\bin\nio.dll
0x00007ffcc4a90000 - 0x00007ffcc4b7d000 	C:\Users\Joao_\.javacpp\cache\opencv-windows-x86_64.jar\org\bytedeco\javacpp\windows-x86_64\jniopencv_imgproc.dll
0x00007ffcad520000 - 0x00007ffcad7e9000 	C:\Users\Joao_\.javacpp\cache\opencv-windows-x86_64.jar\org\bytedeco\javacpp\windows-x86_64\opencv_imgcodecs310.dll
0x00007ffcdf120000 - 0x00007ffcdf145000 	C:\Users\Joao_\.javacpp\cache\opencv-windows-x86_64.jar\org\bytedeco\javacpp\windows-x86_64\jniopencv_imgcodecs.dll
0x00007ffcdc3e0000 - 0x00007ffcdc433000 	C:\Users\Joao_\.javacpp\cache\opencv-windows-x86_64.jar\org\bytedeco\javacpp\windows-x86_64\opencv_videoio310.dll
0x00007ffcdef80000 - 0x00007ffcdefa9000 	C:\WINDOWS\SYSTEM32\MSVFW32.dll
0x00007ffcdf1e0000 - 0x00007ffcdf1ff000 	C:\WINDOWS\SYSTEM32\AVIFIL32.dll
0x00007ffcdef00000 - 0x00007ffcdef18000 	C:\WINDOWS\SYSTEM32\AVICAP32.dll
0x00007ffcd5d40000 - 0x00007ffcd5d5c000 	C:\WINDOWS\SYSTEM32\MSACM32.dll
0x00007ffcdeee0000 - 0x00007ffcdeef7000 	C:\Users\Joao_\.javacpp\cache\opencv-windows-x86_64.jar\org\bytedeco\javacpp\windows-x86_64\jniopencv_videoio.dll
0x00007ffcddd50000 - 0x00007ffcddd7c000 	C:\Users\Joao_\.javacpp\cache\opencv-windows-x86_64.jar\org\bytedeco\javacpp\windows-x86_64\opencv_highgui310.dll
0x00007ffcece10000 - 0x00007ffcecf18000 	C:\WINDOWS\System32\COMDLG32.dll
0x00007ffcda550000 - 0x00007ffcda585000 	C:\Users\Joao_\.javacpp\cache\opencv-windows-x86_64.jar\org\bytedeco\javacpp\windows-x86_64\jniopencv_highgui.dll
0x00007ffccaa90000 - 0x00007ffccab5d000 	C:\Users\Joao_\.javacpp\cache\opencv-windows-x86_64.jar\org\bytedeco\javacpp\windows-x86_64\opencv_ml310.dll
0x00007ffcda280000 - 0x00007ffcda2bf000 	C:\Users\Joao_\.javacpp\cache\opencv-windows-x86_64.jar\org\bytedeco\javacpp\windows-x86_64\jniopencv_ml.dll
0x00007ffccb080000 - 0x00007ffccb116000 	C:\Users\Joao_\.javacpp\cache\opencv-windows-x86_64.jar\org\bytedeco\javacpp\windows-x86_64\opencv_objdetect310.dll
0x00007ffcd2130000 - 0x00007ffcd2184000 	C:\Users\Joao_\.javacpp\cache\opencv-windows-x86_64.jar\org\bytedeco\javacpp\windows-x86_64\jniopencv_objdetect.dll
0x00007ffcc92b0000 - 0x00007ffcc92f6000 	C:\Users\Joao_\.javacpp\cache\opencv-windows-x86_64.jar\org\bytedeco\javacpp\windows-x86_64\opencv_face310.dll
0x00007ffcdd900000 - 0x00007ffcdd91a000 	C:\Users\Joao_\.javacpp\cache\opencv-windows-x86_64.jar\org\bytedeco\javacpp\windows-x86_64\jniopencv_face.dll
0x00007ffcdc3b0000 - 0x00007ffcdc3d6000 	C:\Users\Joao_\.javacpp\cache\videoinput-windows-x86_64.jar\org\bytedeco\javacpp\windows-x86_64\jnivideoInputLib.dll
0x00000000750d0000 - 0x0000000075112000 	C:\Program Files\Java\jdk1.8.0_91\jre\bin\t2k.dll
0x0000000075040000 - 0x0000000075055000 	C:\Users\Joao_\.javacpp\cache\libfreenect-windows-x86_64.jar\org\bytedeco\javacpp\windows-x86_64\libusb0.dll
0x00007ffced6f0000 - 0x00007ffcedb2b000 	C:\WINDOWS\System32\SETUPAPI.dll
0x00007ffcc9040000 - 0x00007ffcc9074000 	C:\Users\Joao_\.javacpp\cache\libfreenect-windows-x86_64.jar\org\bytedeco\javacpp\windows-x86_64\freenect.dll
0x00007ffcdd650000 - 0x00007ffcdd669000 	C:\Users\Joao_\.javacpp\cache\libfreenect-windows-x86_64.jar\org\bytedeco\javacpp\windows-x86_64\pthreadVC2.dll
0x00007ffceb700000 - 0x00007ffceb79e000 	C:\WINDOWS\System32\clbcatq.dll
0x00007ffce3bd0000 - 0x00007ffce3d7c000 	C:\WINDOWS\SYSTEM32\WindowsCodecs.dll
0x00007ffcd8390000 - 0x00007ffcd83b4000 	C:\Users\Joao_\.javacpp\cache\libfreenect-windows-x86_64.jar\org\bytedeco\javacpp\windows-x86_64\jnifreenect.dll
0x00007ffcd4f90000 - 0x00007ffcd4fd7000 	C:\WINDOWS\system32\dataexchange.dll
0x00007ffce7780000 - 0x00007ffce7a5f000 	C:\WINDOWS\system32\d3d11.dll
0x00007ffce8100000 - 0x00007ffce8222000 	C:\WINDOWS\system32\dcomp.dll
0x00007ffce8f20000 - 0x00007ffce8fc4000 	C:\WINDOWS\system32\dxgi.dll
0x00007ffce88a0000 - 0x00007ffce8a10000 	C:\WINDOWS\system32\twinapi.appcore.dll
0x00007ffce9ea0000 - 0x00007ffce9ec5000 	C:\WINDOWS\system32\bcrypt.dll
0x00007ffce2780000 - 0x00007ffce2802000 	C:\WINDOWS\System32\TextInputFramework.dll
0x00007ffce2910000 - 0x00007ffce2be2000 	C:\WINDOWS\System32\CoreUIComponents.dll
0x00007ffce8010000 - 0x00007ffce80f3000 	C:\WINDOWS\System32\CoreMessaging.dll
0x00007ffce91b0000 - 0x00007ffce91e1000 	C:\WINDOWS\SYSTEM32\ntmarta.dll
0x00007ffce6030000 - 0x00007ffce6169000 	C:\WINDOWS\SYSTEM32\wintypes.dll
0x00007ffce6cc0000 - 0x00007ffce6cd5000 	C:\WINDOWS\SYSTEM32\usermgrcli.dll
0x00007ffcdd520000 - 0x00007ffcdd537000 	C:\Windows\System32\devenum.dll
0x00007ffce8bc0000 - 0x00007ffce8be8000 	C:\WINDOWS\SYSTEM32\DEVOBJ.dll
0x0000000075090000 - 0x00000000750ba000 	C:\Program Files\Java\jdk1.8.0_91\jre\bin\dcpr.dll
0x00007ffcea2a0000 - 0x00007ffcea2f6000 	C:\WINDOWS\System32\WINTRUST.dll
0x00007ffcea030000 - 0x00007ffcea041000 	C:\WINDOWS\System32\MSASN1.dll
0x00007ffceaac0000 - 0x00007ffceac89000 	C:\WINDOWS\System32\CRYPT32.dll
0x00007ffce5e90000 - 0x00007ffce5e9b000 	C:\WINDOWS\SYSTEM32\msdmo.dll
0x00007ffcc8c20000 - 0x00007ffcc8c52000 	C:\Windows\System32\qcap.dll
0x00007ffcbbbc0000 - 0x00007ffcbbd7c000 	C:\Windows\System32\quartz.dll
0x00007ffcc7490000 - 0x00007ffcc74dd000 	C:\Windows\System32\mfksproxy.dll
0x00007ffcd91b0000 - 0x00007ffcd91cc000 	C:\Windows\System32\ATL.DLL
0x00007ffcdb170000 - 0x00007ffcdb1a2000 	C:\Windows\System32\MFSENSORGROUP.dll
0x00007ffcd78c0000 - 0x00007ffcd7a60000 	C:\Windows\System32\MFPlat.DLL
0x00007ffcd3990000 - 0x00007ffcd39c2000 	C:\Windows\System32\RTWorkQ.DLL
0x00007ffcc6a70000 - 0x00007ffcc6ab8000 	C:\Windows\System32\ksproxy.ax
0x00007ffcbfe30000 - 0x00007ffcbffb9000 	C:\Windows\System32\d3d9.dll
0x00007ffce7320000 - 0x00007ffce7329000 	C:\Windows\System32\ksuser.dll
0x00007ffce5db0000 - 0x00007ffce5e27000 	C:\WINDOWS\SYSTEM32\policymanager.dll
0x00007ffce5d20000 - 0x00007ffce5daf000 	C:\Windows\System32\msvcp110_win.dll
0x00007ffce4f50000 - 0x00007ffce4f5c000 	C:\Windows\System32\vidcap.ax
0x00007ffccfc90000 - 0x00007ffccfcb6000 	C:\Windows\System32\kswdmcap.ax
0x00007ffcb60f0000 - 0x00007ffcb6254000 	C:\Windows\System32\MFC42.dll
0x00007ffcbedf0000 - 0x00007ffcbee8f000 	C:\Windows\System32\qedit.dll
0x00007ffce2240000 - 0x00007ffce23d5000 	C:\WINDOWS\WinSxS\amd64_microsoft.windows.gdiplus_6595b64144ccf1df_1.1.15063.608_none_56f0266b425534e9\gdiplus.dll
0x00007ffcba750000 - 0x00007ffcba846000 	C:\Windows\System32\DDRAW.dll
0x00007ffce45b0000 - 0x00007ffce45b8000 	C:\Windows\System32\DCIMAN32.dll
0x00007ffcad300000 - 0x00007ffcad517000 	C:\Program Files (x86)\K-Lite Codec Pack\Filters\DirectVobSub64\vsfilter.dll
0x00007ffcd8880000 - 0x00007ffcd88eb000 	C:\WINDOWS\SYSTEM32\OLEACC.dll
0x00007ffcd9580000 - 0x00007ffcd960a000 	C:\WINDOWS\SYSTEM32\WINSPOOL.DRV
0x00007ffcd8970000 - 0x00007ffcd8c9e000 	C:\WINDOWS\SYSTEM32\WININET.dll
0x00007ffce2520000 - 0x00007ffce252c000 	C:\WINDOWS\SYSTEM32\msyuv.dll
0x00007ffcde610000 - 0x00007ffcde7b9000 	C:\WINDOWS\SYSTEM32\dbghelp.dll

VM Arguments:
jvm_args: -Dfile.encoding=UTF-8 -Djava.library.path=C:\opencv\build\java\x64 
java_command: main.main
java_class_path (initial): C:\Users\Joao_\Downloads\javacpp-1.3-bin\javacpp-bin\javacpp.jar;C:\Users\Joao_\Downloads\javacv-platform-1.3-bin\javacv-bin\opencv-windows-x86_64.jar;C:\Users\Joao_\Downloads\javacv-platform-1.3-bin\javacv-bin\videoinput-windows-x86_64.jar;C:\Users\Joao_\Downloads\javacv-platform-1.3-bin\javacv-bin\artoolkitplus-windows-x86_64.jar;C:\Users\Joao_\Downloads\javacv-platform-1.3-bin\javacv-bin\ffmpeg-windows-x86_64.jar;C:\Users\Joao_\Downloads\javacv-platform-1.3-bin\javacv-bin\flandmark-windows-x86_64.jar;C:\Users\Joao_\Downloads\javacv-platform-1.3-bin\javacv-bin\flycapture-windows-x86_64.jar;C:\Users\Joao_\Downloads\javacv-platform-1.3-bin\javacv-bin\javacv-platform.jar;C:\Users\Joao_\Downloads\javacv-platform-1.3-bin\javacv-bin\javacv.jar;C:\Users\Joao_\Downloads\javacv-platform-1.3-bin\javacv-bin\libdc1394-windows-x86_64.jar;C:\Users\Joao_\Downloads\javacv-platform-1.3-bin\javacv-bin\libfreenect-platform.jar;C:\Users\Joao_\Downloads\javacv-platform-1.3-bin\javacv-bin\libfreenect-windows-x86_64.jar;C:\Users\Joao_\Downloads\javacv-platform-1.3-bin\javacv-bin\librealsense-platform.jar;C:\Users\Joao_\Downloads\javacv-platform-1.3-bin\javacv-bin\librealsense.jar;C:\Users\Joao_\Downloads\javacv-platform-1.3-bin\javacv-bin\opencv.jar;C:\Users\Joao_\Downloads\javacv-platform-1.3-bin\javacv-bin\videoinput.jar;C:\TCC.UniSecurity\build\classes
Launcher Type: SUN_STANDARD

Environment Variables:
PATH=C:\ProgramData\Oracle\Java\javapath;C:\WINDOWS\system32;C:\WINDOWS;C:\WINDOWS\System32\Wbem;C:\WINDOWS\System32\WindowsPowerShell\v1.0\;C:\Program Files (x86)\Skype\Phone\;C:\Program Files\Microsoft SQL Server\120\DTS\Binn\;C:\Program Files\Microsoft SQL Server\Client SDK\ODBC\110\Tools\Binn\;C:\Program Files (x86)\Microsoft SQL Server\120\Tools\Binn\;C:\Program Files\Microsoft SQL Server\120\Tools\Binn\;C:\Program Files (x86)\Microsoft SQL Server\120\Tools\Binn\ManagementStudio\;C:\Program Files (x86)\Microsoft SQL Server\120\DTS\Binn\;C:\Program Files\CMake\bin;C:\opencv\build\x64\vc14\bin;C:\Users\Joao_\AppData\Local\Programs\Python\Python37\Scripts\;C:\Users\Joao_\AppData\Local\Programs\Python\Python37\;C:\Users\Joao_\AppData\Local\Microsoft\WindowsApps;
USERNAME=Joao_
OS=Windows_NT
PROCESSOR_IDENTIFIER=Intel64 Family 6 Model 58 Stepping 9, GenuineIntel



---------------  S Y S T E M  ---------------

OS: Windows 10.0 , 64 bit Build 15063 (10.0.15063.296)

CPU:total 4 (2 cores per cpu, 2 threads per core) family 6 model 58 stepping 9, cmov, cx8, fxsr, mmx, sse, sse2, sse3, ssse3, sse4.1, sse4.2, popcnt, avx, aes, clmul, erms, ht, tsc, tscinvbit, tscinv

Memory: 4k page, physical 4092772k(926184k free), swap 5534564k(943300k free)

vm_info: Java HotSpot(TM) 64-Bit Server VM (25.91-b14) for windows-amd64 JRE (1.8.0_91-b14), built on Apr  1 2016 00:58:32 by "java_re" with MS VC++ 10.0 (VS2010)

time: Thu Oct 19 19:42:15 2017
elapsed time: 4 seconds (0d 0h 0m 4s)

