#
# A fatal error has been detected by the Java Runtime Environment:
#
#  EXCEPTION_ACCESS_VIOLATION (0xc0000005) at pc=0x00007ff9783d0e57, pid=6248, tid=7700
#
# JRE version: Java(TM) SE Runtime Environment (8.0_91-b14) (build 1.8.0_91-b14)
# Java VM: Java HotSpot(TM) 64-Bit Server VM (25.91-b14 mixed mode windows-amd64 compressed oops)
# Problematic frame:
# C  [ntdll.dll+0x30e57]
#
# Failed to write core dump. Minidumps are not enabled by default on client versions of Windows
#
# If you would like to submit a bug report, please visit:
#   http://bugreport.java.com/bugreport/crash.jsp
# The crash happened outside the Java Virtual Machine in native code.
# See problematic frame for where to report the bug.
#

---------------  T H R E A D  ---------------

Current thread (0x000000001795e800):  JavaThread "JavaCPP Deallocator" daemon [_thread_in_native, id=7700, stack(0x00000000197b0000,0x00000000198b0000)]

siginfo: ExceptionCode=0xc0000005, reading address 0xffffffffffffffff

Registers:
RAX=0x0000000000000001, RBX=0x0000000023afea10, RCX=0x0000000000d00000, RDX=0x0000000000000000
RSP=0x00000000198af3b0, RBP=0x880039005df95970, RSI=0x0000000000000000, RDI=0x0000000000d00000
R8 =0x880039005df95970, R9 =0x0000000000000003, R10=0x00007ff9784b95d0, R11=0x00000000198af350
R12=0x0000000000000000, R13=0x0000000014ff44d8, R14=0x880039005df95960, R15=0x000000001795e800
RIP=0x00007ff9783d0e57, EFLAGS=0x0000000000010246

Top of Stack: (sp=0x00000000198af3b0)
0x00000000198af3b0:   00007ff9472cc7f0 000000001795e800
0x00000000198af3c0:   0000000016c8bf88 0000000016c8bbb0
0x00000000198af3d0:   00007ff9472cc7f0 0000000057c29ec1
0x00000000198af3e0:   00000000000003d8 00000000198af500
0x00000000198af3f0:   00000000198af470 0000000016c8bba0
0x00000000198af400:   0000000000000000 00000000198af5c0
0x00000000198af410:   0000000014ff44e0 0000000000000000
0x00000000198af420:   0000000000000000 0000000000000000
0x00000000198af430:   0000000000000000 00000000198af5c0
0x00000000198af440:   0000000023afea10 0000000000000000
0x00000000198af450:   0000000000000000 00000000198af540
0x00000000198af460:   0000000000000000 00007ff95f8a69d8
0x00000000198af470:   0000000023afea10 000000001795e800
0x00000000198af480:   000000001795e800 000000001746a390
0x00000000198af490:   0000000023afea10 00007ff94832705b
0x00000000198af4a0:   00000000198af540 0000000057b0a606 

Instructions: (pc=0x00007ff9783d0e57)
0x00007ff9783d0e37:   9e 03 00 00 f6 47 78 01 0f 85 09 82 08 00 40 f6
0x00007ff9783d0e47:   c5 0f 0f 85 dd 81 08 00 4c 8d 75 f0 41 0f 0d 0e
0x00007ff9783d0e57:   41 80 7e 0f 05 0f 84 95 81 08 00 41 f6 46 0f 3f
0x00007ff9783d0e67:   0f 84 9b 81 08 00 4d 85 f6 0f 84 55 83 08 00 80 


Register to memory mapping:

RAX=0x0000000000000001 is an unknown value
RBX=0x0000000023afea10 is an unknown value
RCX=0x0000000000d00000 is an unknown value
RDX=0x0000000000000000 is an unknown value
RSP=0x00000000198af3b0 is pointing into the stack for thread: 0x000000001795e800
RBP=0x880039005df95970 is an unknown value
RSI=0x0000000000000000 is an unknown value
RDI=0x0000000000d00000 is an unknown value
R8 =0x880039005df95970 is an unknown value
R9 =0x0000000000000003 is an unknown value
R10=0x00007ff9784b95d0 is an unknown value
R11=0x00000000198af350 is pointing into the stack for thread: 0x000000001795e800
R12=0x0000000000000000 is an unknown value
R13=0x0000000014ff44d8 is pointing into metadata
R14=0x880039005df95960 is an unknown value
R15=0x000000001795e800 is a thread


Stack: [0x00000000197b0000,0x00000000198b0000],  sp=0x00000000198af3b0,  free space=1020k
Native frames: (J=compiled Java code, j=interpreted, Vv=VM code, C=native code)
C  [ntdll.dll+0x30e57]
C  [msvcr120.dll+0x669d8]
C  [opencv_core310.dll+0x3705b]
C  [jniopencv_core.dll+0xbc86f]
C  0x0000000002c27f54

Java frames: (J=compiled Java code, j=interpreted, Vv=VM code)
j  org.bytedeco.javacpp.opencv_core.cvReleaseMat(Lorg/bytedeco/javacpp/opencv_core$CvMat;)V+0
j  org.bytedeco.javacpp.helper.opencv_core$AbstractCvMat$ReleaseDeallocator.deallocate()V+1
j  org.bytedeco.javacpp.Pointer$DeallocatorReference.clear()V+49
j  org.bytedeco.javacpp.Pointer$DeallocatorThread.run()V+11
v  ~StubRoutines::call_stub

---------------  P R O C E S S  ---------------

Java Threads: ( => current thread )
  0x0000000017658000 JavaThread "pool-1-thread-1" [_thread_blocked, id=6976, stack(0x000000002ea00000,0x000000002eb00000)]
  0x00000000176a1000 JavaThread "TimerQueue" daemon [_thread_blocked, id=5500, stack(0x000000002cb60000,0x000000002cc60000)]
  0x0000000017642800 JavaThread "Thread-1" [_thread_blocked, id=728, stack(0x000000001abb0000,0x000000001acb0000)]
  0x00000000029ad800 JavaThread "DestroyJavaVM" [_thread_blocked, id=11492, stack(0x00000000029b0000,0x0000000002ab0000)]
  0x0000000018ef3000 JavaThread "AWT-EventQueue-0" [_thread_blocked, id=10480, stack(0x00000000199b0000,0x0000000019ab0000)]
=>0x000000001795e800 JavaThread "JavaCPP Deallocator" daemon [_thread_in_native, id=7700, stack(0x00000000197b0000,0x00000000198b0000)]
  0x0000000017352800 JavaThread "AWT-Windows" daemon [_thread_in_native, id=8304, stack(0x0000000017f40000,0x0000000018040000)]
  0x000000001734f800 JavaThread "AWT-Shutdown" [_thread_blocked, id=4820, stack(0x0000000017e40000,0x0000000017f40000)]
  0x000000001734f000 JavaThread "Java2D Disposer" daemon [_thread_blocked, id=8328, stack(0x0000000017d40000,0x0000000017e40000)]
  0x0000000016b88800 JavaThread "Service Thread" daemon [_thread_blocked, id=11904, stack(0x0000000016f60000,0x0000000017060000)]
  0x0000000015203800 JavaThread "C1 CompilerThread2" daemon [_thread_blocked, id=11228, stack(0x0000000016a60000,0x0000000016b60000)]
  0x0000000015200000 JavaThread "C2 CompilerThread1" daemon [_thread_blocked, id=7696, stack(0x0000000016960000,0x0000000016a60000)]
  0x00000000151fd800 JavaThread "C2 CompilerThread0" daemon [_thread_blocked, id=2916, stack(0x0000000016860000,0x0000000016960000)]
  0x00000000151fc000 JavaThread "Attach Listener" daemon [_thread_blocked, id=11084, stack(0x0000000016760000,0x0000000016860000)]
  0x00000000151fb000 JavaThread "Signal Dispatcher" daemon [_thread_blocked, id=4604, stack(0x0000000016660000,0x0000000016760000)]
  0x00000000151e9000 JavaThread "Finalizer" daemon [_thread_blocked, id=652, stack(0x0000000016470000,0x0000000016570000)]
  0x0000000002c01000 JavaThread "Reference Handler" daemon [_thread_blocked, id=12152, stack(0x0000000016370000,0x0000000016470000)]

Other Threads:
  0x00000000151c7000 VMThread [stack: 0x0000000016270000,0x0000000016370000] [id=10052]
  0x0000000016bb5800 WatcherThread [stack: 0x0000000017060000,0x0000000017160000] [id=11980]

VM state:not at safepoint (normal execution)

VM Mutex/Monitor currently owned by a thread: None

Heap:
 PSYoungGen      total 21504K, used 1772K [0x00000000eb300000, 0x00000000ecd00000, 0x0000000100000000)
  eden space 16384K, 8% used [0x00000000eb300000,0x00000000eb45b058,0x00000000ec300000)
  from space 5120K, 7% used [0x00000000ec300000,0x00000000ec360000,0x00000000ec800000)
  to   space 5120K, 0% used [0x00000000ec800000,0x00000000ec800000,0x00000000ecd00000)
 ParOldGen       total 44032K, used 5609K [0x00000000c1800000, 0x00000000c4300000, 0x00000000eb300000)
  object space 44032K, 12% used [0x00000000c1800000,0x00000000c1d7a5c0,0x00000000c4300000)
 Metaspace       used 16556K, capacity 16718K, committed 16896K, reserved 1064960K
  class space    used 1966K, capacity 2028K, committed 2048K, reserved 1048576K

Card table byte_map: [0x0000000011fd0000,0x00000000121d0000] byte_map_base: 0x00000000119c4000

Marking Bits: (ParMarkBitMap*) 0x0000000058262f70
 Begin Bits: [0x0000000012720000, 0x00000000136c0000)
 End Bits:   [0x00000000136c0000, 0x0000000014660000)

Polling page: 0x0000000001100000

CodeCache: size=245760Kb used=6373Kb max_used=6373Kb free=239386Kb
 bounds [0x0000000002c10000, 0x0000000003250000, 0x0000000011c10000]
 total_blobs=2473 nmethods=1845 adapters=540
 compilation: enabled

Compilation events (10 events):
Event: 28.816 Thread 0x0000000015203800 nmethod 1837 0x00000000032476d0 code [0x00000000032478a0, 0x0000000003248008]
Event: 28.816 Thread 0x0000000015203800 1836       3       java.io.Writer::write (11 bytes)
Event: 28.816 Thread 0x0000000015203800 nmethod 1836 0x0000000003248450 code [0x00000000032485c0, 0x00000000032488c8]
Event: 28.823 Thread 0x0000000015203800 1838       3       sun.java2d.pipe.AlphaColorPipe::renderPathTile (39 bytes)
Event: 28.823 Thread 0x0000000015203800 nmethod 1838 0x00000000032491d0 code [0x0000000003249340, 0x00000000032496c8]
Event: 28.823 Thread 0x0000000015203800 1840   !   3       sun.dc.pr.Rasterizer::appendCubic (55 bytes)
Event: 28.823 Thread 0x0000000015203800 nmethod 1840 0x0000000003249810 code [0x00000000032499c0, 0x0000000003249df8]
Event: 28.823 Thread 0x0000000015203800 1842       3       sun.awt.SunHints$LCDContrastKey::isCompatibleValue (36 bytes)
Event: 28.823 Thread 0x0000000015203800 nmethod 1842 0x000000000324a050 code [0x000000000324a1c0, 0x000000000324a670]
Event: 28.830 Thread 0x0000000015203800 1843       3       org.bytedeco.javacpp.Pointer$DeallocatorReference::clear (60 bytes)

GC Heap History (10 events):
Event: 18.399 GC heap before
{Heap before GC invocations=11 (full 0):
 PSYoungGen      total 22016K, used 15883K [0x00000000eb300000, 0x00000000ece00000, 0x0000000100000000)
  eden space 16384K, 95% used [0x00000000eb300000,0x00000000ec24ac28,0x00000000ec300000)
  from space 5632K, 3% used [0x00000000ec880000,0x00000000ec8b8000,0x00000000ece00000)
  to   space 5632K, 0% used [0x00000000ec300000,0x00000000ec300000,0x00000000ec880000)
 ParOldGen       total 44032K, used 5382K [0x00000000c1800000, 0x00000000c4300000, 0x00000000eb300000)
  object space 44032K, 12% used [0x00000000c1800000,0x00000000c1d41a30,0x00000000c4300000)
 Metaspace       used 16282K, capacity 16454K, committed 16640K, reserved 1064960K
  class space    used 1943K, capacity 2028K, committed 2048K, reserved 1048576K
Event: 18.400 GC heap after
Heap after GC invocations=11 (full 0):
 PSYoungGen      total 22016K, used 128K [0x00000000eb300000, 0x00000000ece00000, 0x0000000100000000)
  eden space 16384K, 0% used [0x00000000eb300000,0x00000000eb300000,0x00000000ec300000)
  from space 5632K, 2% used [0x00000000ec300000,0x00000000ec320000,0x00000000ec880000)
  to   space 5632K, 0% used [0x00000000ec880000,0x00000000ec880000,0x00000000ece00000)
 ParOldGen       total 44032K, used 5510K [0x00000000c1800000, 0x00000000c4300000, 0x00000000eb300000)
  object space 44032K, 12% used [0x00000000c1800000,0x00000000c1d61a60,0x00000000c4300000)
 Metaspace       used 16282K, capacity 16454K, committed 16640K, reserved 1064960K
  class space    used 1943K, capacity 2028K, committed 2048K, reserved 1048576K
}
Event: 20.102 GC heap before
{Heap before GC invocations=12 (full 0):
 PSYoungGen      total 22016K, used 15770K [0x00000000eb300000, 0x00000000ece00000, 0x0000000100000000)
  eden space 16384K, 95% used [0x00000000eb300000,0x00000000ec246b10,0x00000000ec300000)
  from space 5632K, 2% used [0x00000000ec300000,0x00000000ec320000,0x00000000ec880000)
  to   space 5632K, 0% used [0x00000000ec880000,0x00000000ec880000,0x00000000ece00000)
 ParOldGen       total 44032K, used 5510K [0x00000000c1800000, 0x00000000c4300000, 0x00000000eb300000)
  object space 44032K, 12% used [0x00000000c1800000,0x00000000c1d61a60,0x00000000c4300000)
 Metaspace       used 16299K, capacity 16518K, committed 16640K, reserved 1064960K
  class space    used 1943K, capacity 2028K, committed 2048K, reserved 1048576K
Event: 20.104 GC heap after
Heap after GC invocations=12 (full 0):
 PSYoungGen      total 20992K, used 128K [0x00000000eb300000, 0x00000000ecd00000, 0x0000000100000000)
  eden space 16384K, 0% used [0x00000000eb300000,0x00000000eb300000,0x00000000ec300000)
  from space 4608K, 2% used [0x00000000ec880000,0x00000000ec8a0000,0x00000000ecd00000)
  to   space 5120K, 0% used [0x00000000ec300000,0x00000000ec300000,0x00000000ec800000)
 ParOldGen       total 44032K, used 5553K [0x00000000c1800000, 0x00000000c4300000, 0x00000000eb300000)
  object space 44032K, 12% used [0x00000000c1800000,0x00000000c1d6c5c0,0x00000000c4300000)
 Metaspace       used 16299K, capacity 16518K, committed 16640K, reserved 1064960K
  class space    used 1943K, capacity 2028K, committed 2048K, reserved 1048576K
}
Event: 21.807 GC heap before
{Heap before GC invocations=13 (full 0):
 PSYoungGen      total 20992K, used 15766K [0x00000000eb300000, 0x00000000ecd00000, 0x0000000100000000)
  eden space 16384K, 95% used [0x00000000eb300000,0x00000000ec245b18,0x00000000ec300000)
  from space 4608K, 2% used [0x00000000ec880000,0x00000000ec8a0000,0x00000000ecd00000)
  to   space 5120K, 0% used [0x00000000ec300000,0x00000000ec300000,0x00000000ec800000)
 ParOldGen       total 44032K, used 5553K [0x00000000c1800000, 0x00000000c4300000, 0x00000000eb300000)
  object space 44032K, 12% used [0x00000000c1800000,0x00000000c1d6c5c0,0x00000000c4300000)
 Metaspace       used 16314K, capacity 16518K, committed 16640K, reserved 1064960K
  class space    used 1943K, capacity 2028K, committed 2048K, reserved 1048576K
Event: 21.808 GC heap after
Heap after GC invocations=13 (full 0):
 PSYoungGen      total 21504K, used 128K [0x00000000eb300000, 0x00000000ecd00000, 0x0000000100000000)
  eden space 16384K, 0% used [0x00000000eb300000,0x00000000eb300000,0x00000000ec300000)
  from space 5120K, 2% used [0x00000000ec300000,0x00000000ec320000,0x00000000ec800000)
  to   space 5120K, 0% used [0x00000000ec800000,0x00000000ec800000,0x00000000ecd00000)
 ParOldGen       total 44032K, used 5569K [0x00000000c1800000, 0x00000000c4300000, 0x00000000eb300000)
  object space 44032K, 12% used [0x00000000c1800000,0x00000000c1d705c0,0x00000000c4300000)
 Metaspace       used 16314K, capacity 16518K, committed 16640K, reserved 1064960K
  class space    used 1943K, capacity 2028K, committed 2048K, reserved 1048576K
}
Event: 23.517 GC heap before
{Heap before GC invocations=14 (full 0):
 PSYoungGen      total 21504K, used 15762K [0x00000000eb300000, 0x00000000ecd00000, 0x0000000100000000)
  eden space 16384K, 95% used [0x00000000eb300000,0x00000000ec244a48,0x00000000ec300000)
  from space 5120K, 2% used [0x00000000ec300000,0x00000000ec320000,0x00000000ec800000)
  to   space 5120K, 0% used [0x00000000ec800000,0x00000000ec800000,0x00000000ecd00000)
 ParOldGen       total 44032K, used 5569K [0x00000000c1800000, 0x00000000c4300000, 0x00000000eb300000)
  object space 44032K, 12% used [0x00000000c1800000,0x00000000c1d705c0,0x00000000c4300000)
 Metaspace       used 16333K, capacity 16526K, committed 16640K, reserved 1064960K
  class space    used 1943K, capacity 2028K, committed 2048K, reserved 1048576K
Event: 23.518 GC heap after
Heap after GC invocations=14 (full 0):
 PSYoungGen      total 21504K, used 128K [0x00000000eb300000, 0x00000000ecd00000, 0x0000000100000000)
  eden space 16384K, 0% used [0x00000000eb300000,0x00000000eb300000,0x00000000ec300000)
  from space 5120K, 2% used [0x00000000ec800000,0x00000000ec820000,0x00000000ecd00000)
  to   space 5120K, 0% used [0x00000000ec300000,0x00000000ec300000,0x00000000ec800000)
 ParOldGen       total 44032K, used 5585K [0x00000000c1800000, 0x00000000c4300000, 0x00000000eb300000)
  object space 44032K, 12% used [0x00000000c1800000,0x00000000c1d745c0,0x00000000c4300000)
 Metaspace       used 16333K, capacity 16526K, committed 16640K, reserved 1064960K
  class space    used 1943K, capacity 2028K, committed 2048K, reserved 1048576K
}
Event: 28.829 GC heap before
{Heap before GC invocations=15 (full 0):
 PSYoungGen      total 21504K, used 16175K [0x00000000eb300000, 0x00000000ecd00000, 0x0000000100000000)
  eden space 16384K, 97% used [0x00000000eb300000,0x00000000ec2abed0,0x00000000ec300000)
  from space 5120K, 2% used [0x00000000ec800000,0x00000000ec820000,0x00000000ecd00000)
  to   space 5120K, 0% used [0x00000000ec300000,0x00000000ec300000,0x00000000ec800000)
 ParOldGen       total 44032K, used 5585K [0x00000000c1800000, 0x00000000c4300000, 0x00000000eb300000)
  object space 44032K, 12% used [0x00000000c1800000,0x00000000c1d745c0,0x00000000c4300000)
 Metaspace       used 16555K, capacity 16718K, committed 16896K, reserved 1064960K
  class space    used 1966K, capacity 2028K, committed 2048K, reserved 1048576K
Event: 28.830 GC heap after
Heap after GC invocations=15 (full 0):
 PSYoungGen      total 21504K, used 384K [0x00000000eb300000, 0x00000000ecd00000, 0x0000000100000000)
  eden space 16384K, 0% used [0x00000000eb300000,0x00000000eb300000,0x00000000ec300000)
  from space 5120K, 7% used [0x00000000ec300000,0x00000000ec360000,0x00000000ec800000)
  to   space 5120K, 0% used [0x00000000ec800000,0x00000000ec800000,0x00000000ecd00000)
 ParOldGen       total 44032K, used 5609K [0x00000000c1800000, 0x00000000c4300000, 0x00000000eb300000)
  object space 44032K, 12% used [0x00000000c1800000,0x00000000c1d7a5c0,0x00000000c4300000)
 Metaspace       used 16555K, capacity 16718K, committed 16896K, reserved 1064960K
  class space    used 1966K, capacity 2028K, committed 2048K, reserved 1048576K
}

Deoptimization events (10 events):
Event: 3.195 Thread 0x0000000018ef3000 Uncommon trap: reason=unstable_if action=reinterpret pc=0x0000000002e09ee4 method=java.util.HashMap.getNode(ILjava/lang/Object;)Ljava/util/HashMap$Node; @ 84
Event: 3.195 Thread 0x0000000018ef3000 Uncommon trap: reason=unstable_if action=reinterpret pc=0x0000000002f06580 method=java.util.HashMap.getNode(ILjava/lang/Object;)Ljava/util/HashMap$Node; @ 84
Event: 3.384 Thread 0x0000000018ef3000 Uncommon trap: reason=unstable_if action=reinterpret pc=0x0000000002f37614 method=java.util.LinkedHashMap.get(Ljava/lang/Object;)Ljava/lang/Object; @ 20
Event: 3.390 Thread 0x0000000018ef3000 Uncommon trap: reason=unstable_if action=reinterpret pc=0x0000000002fbc104 method=java.awt.MultipleGradientPaintContext.indexIntoGradientsArrays(F)I @ 93
Event: 3.913 Thread 0x0000000018ef3000 Uncommon trap: reason=unstable_if action=reinterpret pc=0x0000000002ff73a8 method=org.bytedeco.javacv.Java2DFrameConverter.flipCopyWithGamma(Ljava/nio/ByteBuffer;ILjava/nio/ByteBuffer;IZDZI)V @ 50
Event: 5.454 Thread 0x0000000018ef3000 Uncommon trap: reason=class_check action=maybe_recompile pc=0x0000000002da04e8 method=java.lang.String.equals(Ljava/lang/Object;)Z @ 8
Event: 5.455 Thread 0x0000000018ef3000 Uncommon trap: reason=class_check action=maybe_recompile pc=0x0000000002da04e8 method=java.lang.String.equals(Ljava/lang/Object;)Z @ 8
Event: 5.516 Thread 0x0000000018ef3000 Uncommon trap: reason=class_check action=maybe_recompile pc=0x0000000002da04e8 method=java.lang.String.equals(Ljava/lang/Object;)Z @ 8
Event: 5.516 Thread 0x0000000018ef3000 Uncommon trap: reason=class_check action=maybe_recompile pc=0x0000000002da04e8 method=java.lang.String.equals(Ljava/lang/Object;)Z @ 8
Event: 25.038 Thread 0x0000000018ef3000 Uncommon trap: reason=unstable_if action=reinterpret pc=0x0000000002eeadf8 method=java.io.WinNTFileSystem.normalize(Ljava/lang/String;)Ljava/lang/String; @ 128

Internal exceptions (10 events):
Event: 3.269 Thread 0x0000000017642800 Exception <a 'java/lang/UnsatisfiedLinkError'> (0x00000000ebdd5418) thrown at [C:\re\workspace\8-2-build-windows-amd64-cygwin\jdk8u91\6644\hotspot\src\share\vm\prims\jni.cpp, line 709]
Event: 3.271 Thread 0x0000000017642800 Exception <a 'java/lang/UnsatisfiedLinkError'> (0x00000000ebdd8438) thrown at [C:\re\workspace\8-2-build-windows-amd64-cygwin\jdk8u91\6644\hotspot\src\share\vm\prims\jvm.cpp, line 3969]
Event: 3.271 Thread 0x0000000017642800 Exception <a 'java/lang/UnsatisfiedLinkError'> (0x00000000ebdd8438) thrown at [C:\re\workspace\8-2-build-windows-amd64-cygwin\jdk8u91\6644\hotspot\src\share\vm\prims\jni.cpp, line 709]
Event: 3.273 Thread 0x0000000017642800 Exception <a 'java/lang/UnsatisfiedLinkError'> (0x00000000ebddb458) thrown at [C:\re\workspace\8-2-build-windows-amd64-cygwin\jdk8u91\6644\hotspot\src\share\vm\prims\jvm.cpp, line 3969]
Event: 3.273 Thread 0x0000000017642800 Exception <a 'java/lang/UnsatisfiedLinkError'> (0x00000000ebddb458) thrown at [C:\re\workspace\8-2-build-windows-amd64-cygwin\jdk8u91\6644\hotspot\src\share\vm\prims\jni.cpp, line 709]
Event: 3.273 Thread 0x0000000017642800 Exception <a 'java/lang/UnsatisfiedLinkError'> (0x00000000ebddba90) thrown at [C:\re\workspace\8-2-build-windows-amd64-cygwin\jdk8u91\6644\hotspot\src\share\vm\oops\instanceKlass.cpp, line 948]
Event: 3.274 Thread 0x0000000017642800 Exception <a 'java/lang/reflect/InvocationTargetException'> (0x00000000ebddc328) thrown at [C:\re\workspace\8-2-build-windows-amd64-cygwin\jdk8u91\6644\hotspot\src\share\vm\runtime\reflection.cpp, line 1092]
Event: 3.345 Thread 0x0000000017642800 Exception <a 'java/lang/NoClassDefFoundError': cl/eye/CLCamera> (0x00000000ec025538) thrown at [C:\re\workspace\8-2-build-windows-amd64-cygwin\jdk8u91\6644\hotspot\src\share\vm\classfile\systemDictionary.cpp, line 199]
Event: 25.038 Thread 0x0000000018ef3000 Implicit null exception at 0x0000000003146747 to 0x0000000003146a14
Event: 25.038 Thread 0x0000000018ef3000 Exception <a 'java/lang/NullPointerException'> (0x00000000ec11d5d8) thrown at [C:\re\workspace\8-2-build-windows-amd64-cygwin\jdk8u91\6644\hotspot\src\share\vm\runtime\sharedRuntime.cpp, line 605]

Events (10 events):
Event: 28.813 loading class sun/util/resources/OpenListResourceBundle
Event: 28.813 loading class sun/util/resources/OpenListResourceBundle done
Event: 28.813 loading class sun/util/resources/TimeZoneNamesBundle done
Event: 28.813 loading class sun/util/resources/TimeZoneNames done
Event: 28.814 loading class sun/util/resources/en/TimeZoneNames_en
Event: 28.814 loading class sun/util/resources/en/TimeZoneNames_en done
Event: 28.829 Executing VM operation: ParallelGCFailedAllocation
Event: 28.830 Executing VM operation: ParallelGCFailedAllocation done
Event: 28.831 Executing VM operation: RevokeBias
Event: 28.831 Executing VM operation: RevokeBias done


Dynamic libraries:
0x00007ff79ae80000 - 0x00007ff79aeb7000 	C:\Program Files\Java\jdk1.8.0_91\bin\java.exe
0x00007ff9783a0000 - 0x00007ff97857b000 	C:\WINDOWS\SYSTEM32\ntdll.dll
0x00007ff9782c0000 - 0x00007ff97836e000 	C:\WINDOWS\System32\KERNEL32.DLL
0x00007ff9748c0000 - 0x00007ff974b09000 	C:\WINDOWS\System32\KERNELBASE.dll
0x00007ff9759a0000 - 0x00007ff975a41000 	C:\WINDOWS\System32\ADVAPI32.dll
0x00007ff977150000 - 0x00007ff9771ed000 	C:\WINDOWS\System32\msvcrt.dll
0x00007ff977460000 - 0x00007ff9774b9000 	C:\WINDOWS\System32\sechost.dll
0x00007ff977a70000 - 0x00007ff977b95000 	C:\WINDOWS\System32\RPCRT4.dll
0x00007ff978160000 - 0x00007ff9782aa000 	C:\WINDOWS\System32\USER32.dll
0x00007ff975580000 - 0x00007ff97559e000 	C:\WINDOWS\System32\win32u.dll
0x00007ff975a50000 - 0x00007ff975a77000 	C:\WINDOWS\System32\GDI32.dll
0x00007ff9755a0000 - 0x00007ff975727000 	C:\WINDOWS\System32\gdi32full.dll
0x00007ff974d70000 - 0x00007ff974e0a000 	C:\WINDOWS\System32\msvcp_win.dll
0x00007ff974b60000 - 0x00007ff974c56000 	C:\WINDOWS\System32\ucrtbase.dll
0x00007ff96b2b0000 - 0x00007ff96b517000 	C:\WINDOWS\WinSxS\amd64_microsoft.windows.common-controls_6595b64144ccf1df_6.0.15063.483_none_26002d27e7c744a2\COMCTL32.dll
0x00007ff977770000 - 0x00007ff977a69000 	C:\WINDOWS\System32\combase.dll
0x00007ff974e10000 - 0x00007ff974e7a000 	C:\WINDOWS\System32\bcryptPrimitives.dll
0x00007ff978370000 - 0x00007ff97839d000 	C:\WINDOWS\System32\IMM32.DLL
0x0000000057970000 - 0x0000000057a42000 	C:\Program Files\Java\jdk1.8.0_91\jre\bin\msvcr100.dll
0x0000000057a50000 - 0x00000000582e3000 	C:\Program Files\Java\jdk1.8.0_91\jre\bin\server\jvm.dll
0x00007ff9771f0000 - 0x00007ff9771f8000 	C:\WINDOWS\System32\PSAPI.DLL
0x00007ff970680000 - 0x00007ff970689000 	C:\WINDOWS\SYSTEM32\WSOCK32.dll
0x00007ff977ba0000 - 0x00007ff977c0c000 	C:\WINDOWS\System32\WS2_32.dll
0x00007ff9729d0000 - 0x00007ff9729f3000 	C:\WINDOWS\SYSTEM32\WINMM.dll
0x00007ff9664f0000 - 0x00007ff9664fa000 	C:\WINDOWS\SYSTEM32\VERSION.dll
0x00007ff972970000 - 0x00007ff97299b000 	C:\WINDOWS\SYSTEM32\WINMMBASE.dll
0x00007ff974b10000 - 0x00007ff974b59000 	C:\WINDOWS\System32\cfgmgr32.dll
0x00000000595d0000 - 0x00000000595df000 	C:\Program Files\Java\jdk1.8.0_91\jre\bin\verify.dll
0x0000000058650000 - 0x0000000058679000 	C:\Program Files\Java\jdk1.8.0_91\jre\bin\java.dll
0x0000000058630000 - 0x0000000058646000 	C:\Program Files\Java\jdk1.8.0_91\jre\bin\zip.dll
0x00007ff975c00000 - 0x00007ff977036000 	C:\WINDOWS\System32\SHELL32.dll
0x00007ff978050000 - 0x00007ff9780fa000 	C:\WINDOWS\System32\shcore.dll
0x00007ff974e80000 - 0x00007ff975571000 	C:\WINDOWS\System32\windows.storage.dll
0x00007ff977540000 - 0x00007ff977591000 	C:\WINDOWS\System32\shlwapi.dll
0x00007ff974880000 - 0x00007ff974891000 	C:\WINDOWS\System32\kernel.appcore.dll
0x00007ff974830000 - 0x00007ff97487c000 	C:\WINDOWS\System32\powrprof.dll
0x00007ff974810000 - 0x00007ff974825000 	C:\WINDOWS\System32\profapi.dll
0x00000000577b0000 - 0x0000000057948000 	C:\Program Files\Java\jdk1.8.0_91\jre\bin\awt.dll
0x00007ff9773a0000 - 0x00007ff977460000 	C:\WINDOWS\System32\OLEAUT32.dll
0x00007ff972ff0000 - 0x00007ff97306e000 	C:\WINDOWS\SYSTEM32\apphelp.dll
0x00007ff973280000 - 0x00007ff973315000 	C:\WINDOWS\system32\uxtheme.dll
0x00007ff975a90000 - 0x00007ff975bf6000 	C:\WINDOWS\System32\MSCTF.dll
0x00007ff971b20000 - 0x00007ff971b4a000 	C:\WINDOWS\system32\dwmapi.dll
0x00007ff977620000 - 0x00007ff977765000 	C:\WINDOWS\System32\ole32.dll
0x0000000057760000 - 0x00000000577a7000 	C:\Program Files\Java\jdk1.8.0_91\jre\bin\fontmanager.dll
0x00007ff95f840000 - 0x00007ff95f92f000 	C:\Users\Joao_\.javacpp\cache\opencv-windows-x86_64.jar\org\bytedeco\javacpp\windows-x86_64\msvcr120.dll
0x00007ff969c10000 - 0x00007ff969cb6000 	C:\Users\Joao_\.javacpp\cache\opencv-windows-x86_64.jar\org\bytedeco\javacpp\windows-x86_64\msvcp120.dll
0x00007ff9482f0000 - 0x00007ff94856a000 	C:\Users\Joao_\.javacpp\cache\opencv-windows-x86_64.jar\org\bytedeco\javacpp\windows-x86_64\opencv_core310.dll
0x00007ff947cf0000 - 0x00007ff948032000 	C:\Users\Joao_\.javacpp\cache\opencv-windows-x86_64.jar\org\bytedeco\javacpp\windows-x86_64\opencv_imgproc310.dll
0x00007ff947210000 - 0x00007ff947437000 	C:\Users\Joao_\.javacpp\cache\opencv-windows-x86_64.jar\org\bytedeco\javacpp\windows-x86_64\jniopencv_core.dll
0x00000000585e0000 - 0x00000000585fa000 	C:\Program Files\Java\jdk1.8.0_91\jre\bin\net.dll
0x00007ff9740c0000 - 0x00007ff97411c000 	C:\WINDOWS\system32\mswsock.dll
0x0000000057950000 - 0x0000000057961000 	C:\Program Files\Java\jdk1.8.0_91\jre\bin\nio.dll
0x00007ff94a7b0000 - 0x00007ff94a89d000 	C:\Users\Joao_\.javacpp\cache\opencv-windows-x86_64.jar\org\bytedeco\javacpp\windows-x86_64\jniopencv_imgproc.dll
0x00007ff945b10000 - 0x00007ff945dd9000 	C:\Users\Joao_\.javacpp\cache\opencv-windows-x86_64.jar\org\bytedeco\javacpp\windows-x86_64\opencv_imgcodecs310.dll
0x00007ff96cea0000 - 0x00007ff96cec5000 	C:\Users\Joao_\.javacpp\cache\opencv-windows-x86_64.jar\org\bytedeco\javacpp\windows-x86_64\jniopencv_imgcodecs.dll
0x00007ff965370000 - 0x00007ff9653c3000 	C:\Users\Joao_\.javacpp\cache\opencv-windows-x86_64.jar\org\bytedeco\javacpp\windows-x86_64\opencv_videoio310.dll
0x00007ff96db00000 - 0x00007ff96db1f000 	C:\WINDOWS\SYSTEM32\AVIFIL32.dll
0x00007ff96ce70000 - 0x00007ff96ce99000 	C:\WINDOWS\SYSTEM32\MSVFW32.dll
0x00007ff955e80000 - 0x00007ff955e9c000 	C:\WINDOWS\SYSTEM32\MSACM32.dll
0x00007ff96ce50000 - 0x00007ff96ce68000 	C:\WINDOWS\SYSTEM32\AVICAP32.dll
0x00007ff96cac0000 - 0x00007ff96cad7000 	C:\Users\Joao_\.javacpp\cache\opencv-windows-x86_64.jar\org\bytedeco\javacpp\windows-x86_64\jniopencv_videoio.dll
0x00007ff96ca90000 - 0x00007ff96cabc000 	C:\Users\Joao_\.javacpp\cache\opencv-windows-x86_64.jar\org\bytedeco\javacpp\windows-x86_64\opencv_highgui310.dll
0x00007ff977040000 - 0x00007ff977148000 	C:\WINDOWS\System32\COMDLG32.dll
0x00007ff9695e0000 - 0x00007ff969615000 	C:\Users\Joao_\.javacpp\cache\opencv-windows-x86_64.jar\org\bytedeco\javacpp\windows-x86_64\jniopencv_highgui.dll
0x00007ff951de0000 - 0x00007ff951ead000 	C:\Users\Joao_\.javacpp\cache\opencv-windows-x86_64.jar\org\bytedeco\javacpp\windows-x86_64\opencv_ml310.dll
0x00007ff964e60000 - 0x00007ff964e9f000 	C:\Users\Joao_\.javacpp\cache\opencv-windows-x86_64.jar\org\bytedeco\javacpp\windows-x86_64\jniopencv_ml.dll
0x00007ff9520a0000 - 0x00007ff952136000 	C:\Users\Joao_\.javacpp\cache\opencv-windows-x86_64.jar\org\bytedeco\javacpp\windows-x86_64\opencv_objdetect310.dll
0x00007ff964050000 - 0x00007ff9640a4000 	C:\Users\Joao_\.javacpp\cache\opencv-windows-x86_64.jar\org\bytedeco\javacpp\windows-x86_64\jniopencv_objdetect.dll
0x00007ff95a470000 - 0x00007ff95a4b6000 	C:\Users\Joao_\.javacpp\cache\opencv-windows-x86_64.jar\org\bytedeco\javacpp\windows-x86_64\opencv_face310.dll
0x00007ff967a70000 - 0x00007ff967a8a000 	C:\Users\Joao_\.javacpp\cache\opencv-windows-x86_64.jar\org\bytedeco\javacpp\windows-x86_64\jniopencv_face.dll
0x00007ff95fcd0000 - 0x00007ff95fcf6000 	C:\Users\Joao_\.javacpp\cache\videoinput-windows-x86_64.jar\org\bytedeco\javacpp\windows-x86_64\jnivideoInputLib.dll
0x0000000057710000 - 0x0000000057752000 	C:\Program Files\Java\jdk1.8.0_91\jre\bin\t2k.dll
0x0000000058540000 - 0x0000000058555000 	C:\Users\Joao_\.javacpp\cache\libfreenect-windows-x86_64.jar\org\bytedeco\javacpp\windows-x86_64\libusb0.dll
0x00007ff977c10000 - 0x00007ff97804b000 	C:\WINDOWS\System32\SETUPAPI.dll
0x00007ff9578c0000 - 0x00007ff9578f4000 	C:\Users\Joao_\.javacpp\cache\libfreenect-windows-x86_64.jar\org\bytedeco\javacpp\windows-x86_64\freenect.dll
0x00007ff964e40000 - 0x00007ff964e59000 	C:\Users\Joao_\.javacpp\cache\libfreenect-windows-x86_64.jar\org\bytedeco\javacpp\windows-x86_64\pthreadVC2.dll
0x00007ff975900000 - 0x00007ff97599e000 	C:\WINDOWS\System32\clbcatq.dll
0x00007ff970c80000 - 0x00007ff970e2c000 	C:\WINDOWS\SYSTEM32\WindowsCodecs.dll
0x00007ff9593d0000 - 0x00007ff9593f4000 	C:\Users\Joao_\.javacpp\cache\libfreenect-windows-x86_64.jar\org\bytedeco\javacpp\windows-x86_64\jnifreenect.dll
0x00007ff965d50000 - 0x00007ff965d97000 	C:\WINDOWS\system32\dataexchange.dll
0x00007ff971ff0000 - 0x00007ff9722cf000 	C:\WINDOWS\system32\d3d11.dll
0x00007ff972ae0000 - 0x00007ff972c02000 	C:\WINDOWS\system32\dcomp.dll
0x00007ff973820000 - 0x00007ff9738c4000 	C:\WINDOWS\system32\dxgi.dll
0x00007ff973110000 - 0x00007ff973280000 	C:\WINDOWS\system32\twinapi.appcore.dll
0x00007ff974750000 - 0x00007ff974775000 	C:\WINDOWS\system32\bcrypt.dll
0x00007ff970160000 - 0x00007ff9701e2000 	C:\WINDOWS\System32\TextInputFramework.dll
0x00007ff970700000 - 0x00007ff9709d2000 	C:\WINDOWS\System32\CoreUIComponents.dll
0x00007ff972880000 - 0x00007ff972963000 	C:\WINDOWS\System32\CoreMessaging.dll
0x00007ff973a20000 - 0x00007ff973a51000 	C:\WINDOWS\SYSTEM32\ntmarta.dll
0x00007ff971000000 - 0x00007ff971139000 	C:\WINDOWS\SYSTEM32\wintypes.dll
0x00007ff971530000 - 0x00007ff971545000 	C:\WINDOWS\SYSTEM32\usermgrcli.dll
0x0000000058600000 - 0x000000005862a000 	C:\Program Files\Java\jdk1.8.0_91\jre\bin\dcpr.dll
0x00007ff95f820000 - 0x00007ff95f837000 	C:\Windows\System32\devenum.dll
0x00007ff973450000 - 0x00007ff973478000 	C:\WINDOWS\SYSTEM32\DEVOBJ.dll
0x00007ff974d10000 - 0x00007ff974d66000 	C:\WINDOWS\System32\WINTRUST.dll
0x00007ff9748a0000 - 0x00007ff9748b1000 	C:\WINDOWS\System32\MSASN1.dll
0x00007ff975730000 - 0x00007ff9758f9000 	C:\WINDOWS\System32\CRYPT32.dll
0x00007ff96eed0000 - 0x00007ff96eedb000 	C:\WINDOWS\SYSTEM32\msdmo.dll
0x00007ff9561c0000 - 0x00007ff9561f2000 	C:\Windows\System32\qcap.dll
0x00007ff946a20000 - 0x00007ff946bdc000 	C:\Windows\System32\quartz.dll
0x00007ff953520000 - 0x00007ff95356d000 	C:\Windows\System32\mfksproxy.dll
0x00007ff96cca0000 - 0x00007ff96ccbc000 	C:\Windows\System32\ATL.DLL
0x00007ff94d640000 - 0x00007ff94d672000 	C:\Windows\System32\MFSENSORGROUP.dll
0x00007ff96a250000 - 0x00007ff96a3f0000 	C:\Windows\System32\MFPlat.DLL
0x00007ff96ca50000 - 0x00007ff96ca82000 	C:\Windows\System32\RTWorkQ.DLL
0x00007ff9533a0000 - 0x00007ff9533e8000 	C:\Windows\System32\ksproxy.ax
0x00007ff951eb0000 - 0x00007ff952039000 	C:\Windows\System32\d3d9.dll
0x00007ff96f170000 - 0x00007ff96f179000 	C:\Windows\System32\ksuser.dll
0x00007ff971800000 - 0x00007ff971877000 	C:\WINDOWS\SYSTEM32\policymanager.dll
0x00007ff971770000 - 0x00007ff9717ff000 	C:\Windows\System32\msvcp110_win.dll
0x00007ff9706e0000 - 0x00007ff9706ec000 	C:\Windows\System32\vidcap.ax
0x00007ff954f90000 - 0x00007ff954fb6000 	C:\Windows\System32\kswdmcap.ax
0x00007ff949830000 - 0x00007ff949994000 	C:\Windows\System32\MFC42.dll
0x00007ff951d00000 - 0x00007ff951d9f000 	C:\Windows\System32\qedit.dll
0x00007ff964ca0000 - 0x00007ff964e35000 	C:\WINDOWS\WinSxS\amd64_microsoft.windows.gdiplus_6595b64144ccf1df_1.1.15063.608_none_56f0266b425534e9\gdiplus.dll
0x00007ff947bf0000 - 0x00007ff947ce6000 	C:\Windows\System32\DDRAW.dll
0x00007ff96ada0000 - 0x00007ff96ada8000 	C:\Windows\System32\DCIMAN32.dll
0x00007ff946780000 - 0x00007ff946997000 	C:\Program Files (x86)\K-Lite Codec Pack\Filters\DirectVobSub64\vsfilter.dll
0x00007ff95ce60000 - 0x00007ff95ceea000 	C:\WINDOWS\SYSTEM32\WINSPOOL.DRV
0x00007ff96a180000 - 0x00007ff96a1eb000 	C:\WINDOWS\SYSTEM32\OLEACC.dll
0x00007ff959ce0000 - 0x00007ff95a00e000 	C:\WINDOWS\SYSTEM32\WININET.dll
0x00007ff96a440000 - 0x00007ff96a44c000 	C:\WINDOWS\SYSTEM32\msyuv.dll
0x00007ff964820000 - 0x00007ff9649c9000 	C:\WINDOWS\SYSTEM32\dbghelp.dll

VM Arguments:
jvm_args: -Dfile.encoding=UTF-8 -Djava.library.path=C:\opencv\build\java\x64 
java_command: main.main
java_class_path (initial): C:\Users\Joao_\Downloads\javacpp-1.3-bin\javacpp-bin\javacpp.jar;C:\Users\Joao_\Downloads\javacv-platform-1.3-bin\javacv-bin\opencv-windows-x86_64.jar;C:\Users\Joao_\Downloads\javacv-platform-1.3-bin\javacv-bin\videoinput-windows-x86_64.jar;C:\Users\Joao_\Downloads\javacv-platform-1.3-bin\javacv-bin\artoolkitplus-windows-x86_64.jar;C:\Users\Joao_\Downloads\javacv-platform-1.3-bin\javacv-bin\ffmpeg-windows-x86_64.jar;C:\Users\Joao_\Downloads\javacv-platform-1.3-bin\javacv-bin\flandmark-windows-x86_64.jar;C:\Users\Joao_\Downloads\javacv-platform-1.3-bin\javacv-bin\flycapture-windows-x86_64.jar;C:\Users\Joao_\Downloads\javacv-platform-1.3-bin\javacv-bin\javacv-platform.jar;C:\Users\Joao_\Downloads\javacv-platform-1.3-bin\javacv-bin\javacv.jar;C:\Users\Joao_\Downloads\javacv-platform-1.3-bin\javacv-bin\libdc1394-windows-x86_64.jar;C:\Users\Joao_\Downloads\javacv-platform-1.3-bin\javacv-bin\libfreenect-platform.jar;C:\Users\Joao_\Downloads\javacv-platform-1.3-bin\javacv-bin\libfreenect-windows-x86_64.jar;C:\Users\Joao_\Downloads\javacv-platform-1.3-bin\javacv-bin\librealsense-platform.jar;C:\Users\Joao_\Downloads\javacv-platform-1.3-bin\javacv-bin\librealsense.jar;C:\Users\Joao_\Downloads\javacv-platform-1.3-bin\javacv-bin\opencv.jar;C:\Users\Joao_\Downloads\javacv-platform-1.3-bin\javacv-bin\videoinput.jar;C:\TCC.UniSecurity\build\classes
Launcher Type: SUN_STANDARD

Environment Variables:
PATH=C:\ProgramData\Oracle\Java\javapath;C:\WINDOWS\system32;C:\WINDOWS;C:\WINDOWS\System32\Wbem;C:\WINDOWS\System32\WindowsPowerShell\v1.0\;C:\Program Files (x86)\Skype\Phone\;C:\Program Files\Microsoft SQL Server\120\DTS\Binn\;C:\Program Files\Microsoft SQL Server\Client SDK\ODBC\110\Tools\Binn\;C:\Program Files (x86)\Microsoft SQL Server\120\Tools\Binn\;C:\Program Files\Microsoft SQL Server\120\Tools\Binn\;C:\Program Files (x86)\Microsoft SQL Server\120\Tools\Binn\ManagementStudio\;C:\Program Files (x86)\Microsoft SQL Server\120\DTS\Binn\;C:\Program Files\CMake\bin;C:\opencv\build\x64\vc14\bin;C:\Users\Joao_\AppData\Local\Programs\Python\Python37\Scripts\;C:\Users\Joao_\AppData\Local\Programs\Python\Python37\;C:\Users\Joao_\AppData\Local\Microsoft\WindowsApps;
USERNAME=Joao_
OS=Windows_NT
PROCESSOR_IDENTIFIER=Intel64 Family 6 Model 58 Stepping 9, GenuineIntel



---------------  S Y S T E M  ---------------

OS: Windows 10.0 , 64 bit Build 15063 (10.0.15063.296)

CPU:total 4 (2 cores per cpu, 2 threads per core) family 6 model 58 stepping 9, cmov, cx8, fxsr, mmx, sse, sse2, sse3, ssse3, sse4.1, sse4.2, popcnt, avx, aes, clmul, erms, ht, tsc, tscinvbit, tscinv

Memory: 4k page, physical 4092772k(1060328k free), swap 5774224k(1832348k free)

vm_info: Java HotSpot(TM) 64-Bit Server VM (25.91-b14) for windows-amd64 JRE (1.8.0_91-b14), built on Apr  1 2016 00:58:32 by "java_re" with MS VC++ 10.0 (VS2010)

time: Tue Oct 17 20:35:36 2017
elapsed time: 28 seconds (0d 0h 0m 28s)

