#
# A fatal error has been detected by the Java Runtime Environment:
#
#  EXCEPTION_ACCESS_VIOLATION (0xc0000005) at pc=0x00007ff957eeb907, pid=2328, tid=4476
#
# JRE version: Java(TM) SE Runtime Environment (8.0_91-b14) (build 1.8.0_91-b14)
# Java VM: Java HotSpot(TM) 64-Bit Server VM (25.91-b14 mixed mode windows-amd64 compressed oops)
# Problematic frame:
# C  [opencv_face310.dll+0x1b907]
#
# Failed to write core dump. Minidumps are not enabled by default on client versions of Windows
#
# If you would like to submit a bug report, please visit:
#   http://bugreport.java.com/bugreport/crash.jsp
# The crash happened outside the Java Virtual Machine in native code.
# See problematic frame for where to report the bug.
#

---------------  T H R E A D  ---------------

Current thread (0x0000000018bcb000):  JavaThread "pool-1-thread-1" [_thread_in_native, id=4476, stack(0x000000002ea90000,0x000000002eb90000)]

siginfo: ExceptionCode=0xc0000005, reading address 0x000000001aa88000

Registers:
RAX=0x000000002eb8ea30, RBX=0x0000000000000098, RCX=0x000000001aa87fff, RDX=0x000000001aa87fff
RSP=0x000000002eb8e950, RBP=0x000000002eb8ea50, RSI=0x000000000000005c, RDI=0x0000000000000027
R8 =0x000000001aa87680, R9 =0x000000000000005c, R10=0x0000000000000027, R11=0x000000000000001a
R12=0xffffffffffffffff, R13=0x0000000000000001, R14=0x0000000000000001, R15=0x0000000000000000
RIP=0x00007ff957eeb907, EFLAGS=0x0000000000010206

Top of Stack: (sp=0x000000002eb8e950)
0x000000002eb8e950:   0000000080000000 000000002eb8ea40
0x000000002eb8e960:   0000000000000008 000000002eb8ec10
0x000000002eb8e970:   00000000ffffffff 0000000000000000
0x000000002eb8e980:   0000000000000000 0000000076010176
0x000000002eb8e990:   000000010000001a 0000000000000008
0x000000002eb8e9a0:   0000000000000000 0000000000000000
0x000000002eb8e9b0:   0000000000000000 00000000c1020006
0x000000002eb8e9c0:   000000002eb8e9a8 0000000100000001
0x000000002eb8e9d0:   fffffffffffffffe 0000000000000000
0x000000002eb8e9e0:   0000000242ff4000 0000005c00000070
0x000000002eb8e9f0:   000000001aa87680 000000001aa87680
0x000000002eb8ea00:   000000001aa89ec0 000000001aa89ec0
0x000000002eb8ea10:   0000000000000000 0000000000000000
0x000000002eb8ea20:   000000002eb8e9e8 000000002eb8ea30
0x000000002eb8ea30:   000000000000005c 0000000000000001
0x000000002eb8ea40:   0000000242ff4004 0000005a0000006e 

Instructions: (pc=0x00007ff957eeb907)
0x00007ff957eeb8e7:   08 4b 8d 0c 03 49 0f af c9 4c 8b 45 a0 49 03 c8
0x00007ff957eeb8f7:   49 03 ca 49 8b d3 49 0f af d1 49 03 d0 49 03 d2
0x00007ff957eeb907:   41 0f b6 44 0d 00 66 0f 6e d0 0f 5b d2 f3 0f 59
0x00007ff957eeb917:   d3 48 63 44 24 44 48 8b f0 0f b6 04 08 66 0f 6e 


Register to memory mapping:

RAX=0x000000002eb8ea30 is pointing into the stack for thread: 0x0000000018bcb000
RBX=0x0000000000000098 is an unknown value
RCX=0x000000001aa87fff is an unknown value
RDX=0x000000001aa87fff is an unknown value
RSP=0x000000002eb8e950 is pointing into the stack for thread: 0x0000000018bcb000
RBP=0x000000002eb8ea50 is pointing into the stack for thread: 0x0000000018bcb000
RSI=0x000000000000005c is an unknown value
RDI=0x0000000000000027 is an unknown value
R8 =0x000000001aa87680 is an unknown value
R9 =0x000000000000005c is an unknown value
R10=0x0000000000000027 is an unknown value
R11=0x000000000000001a is an unknown value
R12=0xffffffffffffffff is an unknown value
R13=0x0000000000000001 is an unknown value
R14=0x0000000000000001 is an unknown value
R15=0x0000000000000000 is an unknown value


Stack: [0x000000002ea90000,0x000000002eb90000],  sp=0x000000002eb8e950,  free space=1018k
Native frames: (J=compiled Java code, j=interpreted, Vv=VM code, C=native code)
C  [opencv_face310.dll+0x1b907]
C  [opencv_face310.dll+0x1e2ba]
C  [opencv_face310.dll+0x1e235]
C  [opencv_face310.dll+0x20a6b]
C  [jniopencv_face.dll+0x7b42]
C  0x0000000002f87f54

Java frames: (J=compiled Java code, j=interpreted, Vv=VM code)
j  org.bytedeco.javacpp.opencv_face$FaceRecognizer.train(Lorg/bytedeco/javacpp/opencv_core$MatVector;Lorg/bytedeco/javacpp/opencv_core$Mat;)V+0
j  processing.LBPHFaceRecognizer.retrainAll()V+237
j  processing.LBPHFaceRecognizer.saveNewFace(Ljava/lang/String;[Lorg/bytedeco/javacpp/opencv_core$IplImage;)Z+131
j  processing.FacePanel$2.run()V+52
j  java.util.concurrent.ThreadPoolExecutor.runWorker(Ljava/util/concurrent/ThreadPoolExecutor$Worker;)V+95
j  java.util.concurrent.ThreadPoolExecutor$Worker.run()V+5
j  java.lang.Thread.run()V+11
v  ~StubRoutines::call_stub

---------------  P R O C E S S  ---------------

Java Threads: ( => current thread )
=>0x0000000018bcb000 JavaThread "pool-1-thread-1" [_thread_in_native, id=4476, stack(0x000000002ea90000,0x000000002eb90000)]
  0x0000000017b69800 JavaThread "TimerQueue" daemon [_thread_blocked, id=1496, stack(0x000000002ca70000,0x000000002cb70000)]
  0x0000000017931800 JavaThread "Thread-1" [_thread_blocked, id=10072, stack(0x000000001aac0000,0x000000001abc0000)]
  0x0000000002d6d800 JavaThread "DestroyJavaVM" [_thread_blocked, id=6432, stack(0x0000000002d70000,0x0000000002e70000)]
  0x0000000017a3c800 JavaThread "AWT-EventQueue-0" [_thread_blocked, id=6156, stack(0x00000000199c0000,0x0000000019ac0000)]
  0x0000000017918000 JavaThread "JavaCPP Deallocator" daemon [_thread_blocked, id=8480, stack(0x00000000198c0000,0x00000000199c0000)]
  0x00000000176c5800 JavaThread "AWT-Windows" daemon [_thread_in_native, id=10672, stack(0x0000000017fe0000,0x00000000180e0000)]
  0x00000000176c2800 JavaThread "AWT-Shutdown" [_thread_blocked, id=8308, stack(0x0000000017ee0000,0x0000000017fe0000)]
  0x00000000176c2000 JavaThread "Java2D Disposer" daemon [_thread_blocked, id=728, stack(0x0000000017de0000,0x0000000017ee0000)]
  0x0000000016ee5800 JavaThread "Service Thread" daemon [_thread_blocked, id=2468, stack(0x00000000172b0000,0x00000000173b0000)]
  0x0000000015563000 JavaThread "C1 CompilerThread2" daemon [_thread_blocked, id=4636, stack(0x0000000016db0000,0x0000000016eb0000)]
  0x0000000015560000 JavaThread "C2 CompilerThread1" daemon [_thread_blocked, id=12280, stack(0x0000000016cb0000,0x0000000016db0000)]
  0x000000001555d800 JavaThread "C2 CompilerThread0" daemon [_thread_blocked, id=8904, stack(0x0000000016bb0000,0x0000000016cb0000)]
  0x000000001555c000 JavaThread "Attach Listener" daemon [_thread_blocked, id=11768, stack(0x0000000016ab0000,0x0000000016bb0000)]
  0x000000001555b000 JavaThread "Signal Dispatcher" daemon [_thread_blocked, id=7124, stack(0x00000000169b0000,0x0000000016ab0000)]
  0x0000000015549000 JavaThread "Finalizer" daemon [_thread_blocked, id=8228, stack(0x00000000167c0000,0x00000000168c0000)]
  0x0000000002f61000 JavaThread "Reference Handler" daemon [_thread_blocked, id=2932, stack(0x00000000166c0000,0x00000000167c0000)]

Other Threads:
  0x0000000015527000 VMThread [stack: 0x00000000165c0000,0x00000000166c0000] [id=5472]
  0x0000000016efc000 WatcherThread [stack: 0x00000000173b0000,0x00000000174b0000] [id=2976]

VM state:not at safepoint (normal execution)

VM Mutex/Monitor currently owned by a thread: None

Heap:
 PSYoungGen      total 21504K, used 1667K [0x00000000eb300000, 0x00000000ece00000, 0x0000000100000000)
  eden space 16384K, 8% used [0x00000000eb300000,0x00000000eb450c98,0x00000000ec300000)
  from space 5120K, 6% used [0x00000000ec300000,0x00000000ec350000,0x00000000ec800000)
  to   space 5632K, 0% used [0x00000000ec880000,0x00000000ec880000,0x00000000ece00000)
 ParOldGen       total 44032K, used 5339K [0x00000000c1800000, 0x00000000c4300000, 0x00000000eb300000)
  object space 44032K, 12% used [0x00000000c1800000,0x00000000c1d36fd0,0x00000000c4300000)
 Metaspace       used 16350K, capacity 16550K, committed 16896K, reserved 1064960K
  class space    used 1948K, capacity 1996K, committed 2048K, reserved 1048576K

Card table byte_map: [0x0000000012330000,0x0000000012530000] byte_map_base: 0x0000000011d24000

Marking Bits: (ParMarkBitMap*) 0x0000000058372f70
 Begin Bits: [0x0000000012a80000, 0x0000000013a20000)
 End Bits:   [0x0000000013a20000, 0x00000000149c0000)

Polling page: 0x0000000001040000

CodeCache: size=245760Kb used=6010Kb max_used=6010Kb free=239749Kb
 bounds [0x0000000002f70000, 0x0000000003560000, 0x0000000011f70000]
 total_blobs=2403 nmethods=1775 adapters=540
 compilation: enabled

Compilation events (10 events):
Event: 14.706 Thread 0x0000000015563000 1773       3       org.bytedeco.javacpp.helper.opencv_core$AbstractCvMat::put (138 bytes)
Event: 14.707 Thread 0x0000000015563000 nmethod 1773 0x000000000354df10 code [0x000000000354e160, 0x000000000354ee38]
Event: 14.707 Thread 0x0000000015563000 1774       3       org.bytedeco.javacpp.helper.opencv_core$AbstractCvMat::getIntBuffer (42 bytes)
Event: 14.707 Thread 0x0000000015563000 nmethod 1774 0x000000000354f1d0 code [0x000000000354f3a0, 0x000000000354fc28]
Event: 14.707 Thread 0x0000000015563000 1775       3       java.nio.DirectIntBufferU::put (18 bytes)
Event: 14.707 Thread 0x0000000015563000 nmethod 1775 0x000000000354ff10 code [0x0000000003550080, 0x00000000035502f0]
Event: 14.707 Thread 0x0000000015563000 1776       3       java.nio.DirectIntBufferU::ix (10 bytes)
Event: 14.707 Thread 0x0000000015563000 nmethod 1776 0x0000000003550410 code [0x0000000003550560, 0x00000000035506d0]
Event: 14.712 Thread 0x0000000015563000 1777       3       java.nio.ByteBuffer::array (35 bytes)
Event: 14.713 Thread 0x0000000015563000 nmethod 1777 0x0000000003550750 code [0x00000000035508e0, 0x0000000003550bf8]

GC Heap History (10 events):
Event: 8.131 GC heap before
{Heap before GC invocations=5 (full 0):
 PSYoungGen      total 18944K, used 18943K [0x00000000eb300000, 0x00000000ec800000, 0x0000000100000000)
  eden space 16384K, 100% used [0x00000000eb300000,0x00000000ec300000,0x00000000ec300000)
  from space 2560K, 99% used [0x00000000ec580000,0x00000000ec7ffc20,0x00000000ec800000)
  to   space 2560K, 0% used [0x00000000ec300000,0x00000000ec300000,0x00000000ec580000)
 ParOldGen       total 44032K, used 2753K [0x00000000c1800000, 0x00000000c4300000, 0x00000000eb300000)
  object space 44032K, 6% used [0x00000000c1800000,0x00000000c1ab0500,0x00000000c4300000)
 Metaspace       used 15953K, capacity 16166K, committed 16384K, reserved 1062912K
  class space    used 1937K, capacity 1996K, committed 2048K, reserved 1048576K
Event: 8.136 GC heap after
Heap after GC invocations=5 (full 0):
 PSYoungGen      total 18944K, used 2559K [0x00000000eb300000, 0x00000000ecc00000, 0x0000000100000000)
  eden space 16384K, 0% used [0x00000000eb300000,0x00000000eb300000,0x00000000ec300000)
  from space 2560K, 99% used [0x00000000ec300000,0x00000000ec57fc20,0x00000000ec580000)
  to   space 4608K, 0% used [0x00000000ec780000,0x00000000ec780000,0x00000000ecc00000)
 ParOldGen       total 44032K, used 2777K [0x00000000c1800000, 0x00000000c4300000, 0x00000000eb300000)
  object space 44032K, 6% used [0x00000000c1800000,0x00000000c1ab6500,0x00000000c4300000)
 Metaspace       used 15953K, capacity 16166K, committed 16384K, reserved 1062912K
  class space    used 1937K, capacity 1996K, committed 2048K, reserved 1048576K
}
Event: 9.753 GC heap before
{Heap before GC invocations=6 (full 0):
 PSYoungGen      total 18944K, used 18746K [0x00000000eb300000, 0x00000000ecc00000, 0x0000000100000000)
  eden space 16384K, 98% used [0x00000000eb300000,0x00000000ec2cee18,0x00000000ec300000)
  from space 2560K, 99% used [0x00000000ec300000,0x00000000ec57fc20,0x00000000ec580000)
  to   space 4608K, 0% used [0x00000000ec780000,0x00000000ec780000,0x00000000ecc00000)
 ParOldGen       total 44032K, used 2777K [0x00000000c1800000, 0x00000000c4300000, 0x00000000eb300000)
  object space 44032K, 6% used [0x00000000c1800000,0x00000000c1ab6500,0x00000000c4300000)
 Metaspace       used 16026K, capacity 16230K, committed 16384K, reserved 1062912K
  class space    used 1937K, capacity 1996K, committed 2048K, reserved 1048576K
Event: 9.756 GC heap after
Heap after GC invocations=6 (full 0):
 PSYoungGen      total 20992K, used 2655K [0x00000000eb300000, 0x00000000ecc00000, 0x0000000100000000)
  eden space 16384K, 0% used [0x00000000eb300000,0x00000000eb300000,0x00000000ec300000)
  from space 4608K, 57% used [0x00000000ec780000,0x00000000eca17c20,0x00000000ecc00000)
  to   space 4608K, 0% used [0x00000000ec300000,0x00000000ec300000,0x00000000ec780000)
 ParOldGen       total 44032K, used 2785K [0x00000000c1800000, 0x00000000c4300000, 0x00000000eb300000)
  object space 44032K, 6% used [0x00000000c1800000,0x00000000c1ab8500,0x00000000c4300000)
 Metaspace       used 16026K, capacity 16230K, committed 16384K, reserved 1062912K
  class space    used 1937K, capacity 1996K, committed 2048K, reserved 1048576K
}
Event: 11.359 GC heap before
{Heap before GC invocations=7 (full 0):
 PSYoungGen      total 20992K, used 18349K [0x00000000eb300000, 0x00000000ecc00000, 0x0000000100000000)
  eden space 16384K, 95% used [0x00000000eb300000,0x00000000ec253830,0x00000000ec300000)
  from space 4608K, 57% used [0x00000000ec780000,0x00000000eca17c20,0x00000000ecc00000)
  to   space 4608K, 0% used [0x00000000ec300000,0x00000000ec300000,0x00000000ec780000)
 ParOldGen       total 44032K, used 2785K [0x00000000c1800000, 0x00000000c4300000, 0x00000000eb300000)
  object space 44032K, 6% used [0x00000000c1800000,0x00000000c1ab8500,0x00000000c4300000)
 Metaspace       used 16115K, capacity 16294K, committed 16640K, reserved 1064960K
  class space    used 1937K, capacity 1996K, committed 2048K, reserved 1048576K
Event: 11.364 GC heap after
Heap after GC invocations=7 (full 0):
 PSYoungGen      total 20992K, used 192K [0x00000000eb300000, 0x00000000ecd00000, 0x0000000100000000)
  eden space 16384K, 0% used [0x00000000eb300000,0x00000000eb300000,0x00000000ec300000)
  from space 4608K, 4% used [0x00000000ec300000,0x00000000ec330000,0x00000000ec780000)
  to   space 5120K, 0% used [0x00000000ec800000,0x00000000ec800000,0x00000000ecd00000)
 ParOldGen       total 44032K, used 5243K [0x00000000c1800000, 0x00000000c4300000, 0x00000000eb300000)
  object space 44032K, 11% used [0x00000000c1800000,0x00000000c1d1efd0,0x00000000c4300000)
 Metaspace       used 16115K, capacity 16294K, committed 16640K, reserved 1064960K
  class space    used 1937K, capacity 1996K, committed 2048K, reserved 1048576K
}
Event: 13.065 GC heap before
{Heap before GC invocations=8 (full 0):
 PSYoungGen      total 20992K, used 16491K [0x00000000eb300000, 0x00000000ecd00000, 0x0000000100000000)
  eden space 16384K, 99% used [0x00000000eb300000,0x00000000ec2eafe8,0x00000000ec300000)
  from space 4608K, 4% used [0x00000000ec300000,0x00000000ec330000,0x00000000ec780000)
  to   space 5120K, 0% used [0x00000000ec800000,0x00000000ec800000,0x00000000ecd00000)
 ParOldGen       total 44032K, used 5243K [0x00000000c1800000, 0x00000000c4300000, 0x00000000eb300000)
  object space 44032K, 11% used [0x00000000c1800000,0x00000000c1d1efd0,0x00000000c4300000)
 Metaspace       used 16166K, capacity 16358K, committed 16640K, reserved 1064960K
  class space    used 1937K, capacity 1996K, committed 2048K, reserved 1048576K
Event: 13.066 GC heap after
Heap after GC invocations=8 (full 0):
 PSYoungGen      total 21504K, used 224K [0x00000000eb300000, 0x00000000ecd00000, 0x0000000100000000)
  eden space 16384K, 0% used [0x00000000eb300000,0x00000000eb300000,0x00000000ec300000)
  from space 5120K, 4% used [0x00000000ec800000,0x00000000ec838000,0x00000000ecd00000)
  to   space 5120K, 0% used [0x00000000ec300000,0x00000000ec300000,0x00000000ec800000)
 ParOldGen       total 44032K, used 5307K [0x00000000c1800000, 0x00000000c4300000, 0x00000000eb300000)
  object space 44032K, 12% used [0x00000000c1800000,0x00000000c1d2efd0,0x00000000c4300000)
 Metaspace       used 16166K, capacity 16358K, committed 16640K, reserved 1064960K
  class space    used 1937K, capacity 1996K, committed 2048K, reserved 1048576K
}
Event: 14.667 GC heap before
{Heap before GC invocations=9 (full 0):
 PSYoungGen      total 21504K, used 16324K [0x00000000eb300000, 0x00000000ecd00000, 0x0000000100000000)
  eden space 16384K, 98% used [0x00000000eb300000,0x00000000ec2b90b0,0x00000000ec300000)
  from space 5120K, 4% used [0x00000000ec800000,0x00000000ec838000,0x00000000ecd00000)
  to   space 5120K, 0% used [0x00000000ec300000,0x00000000ec300000,0x00000000ec800000)
 ParOldGen       total 44032K, used 5307K [0x00000000c1800000, 0x00000000c4300000, 0x00000000eb300000)
  object space 44032K, 12% used [0x00000000c1800000,0x00000000c1d2efd0,0x00000000c4300000)
 Metaspace       used 16337K, capacity 16486K, committed 16640K, reserved 1064960K
  class space    used 1948K, capacity 1996K, committed 2048K, reserved 1048576K
Event: 14.668 GC heap after
Heap after GC invocations=9 (full 0):
 PSYoungGen      total 21504K, used 320K [0x00000000eb300000, 0x00000000ece00000, 0x0000000100000000)
  eden space 16384K, 0% used [0x00000000eb300000,0x00000000eb300000,0x00000000ec300000)
  from space 5120K, 6% used [0x00000000ec300000,0x00000000ec350000,0x00000000ec800000)
  to   space 5632K, 0% used [0x00000000ec880000,0x00000000ec880000,0x00000000ece00000)
 ParOldGen       total 44032K, used 5339K [0x00000000c1800000, 0x00000000c4300000, 0x00000000eb300000)
  object space 44032K, 12% used [0x00000000c1800000,0x00000000c1d36fd0,0x00000000c4300000)
 Metaspace       used 16337K, capacity 16486K, committed 16640K, reserved 1064960K
  class space    used 1948K, capacity 1996K, committed 2048K, reserved 1048576K
}

Deoptimization events (10 events):
Event: 3.127 Thread 0x0000000017a3c800 Uncommon trap: reason=unstable_if action=reinterpret pc=0x0000000003175fa4 method=java.util.HashMap.getNode(ILjava/lang/Object;)Ljava/util/HashMap$Node; @ 84
Event: 3.127 Thread 0x0000000017a3c800 Uncommon trap: reason=unstable_if action=reinterpret pc=0x00000000031dbdc0 method=java.util.HashMap.getNode(ILjava/lang/Object;)Ljava/util/HashMap$Node; @ 84
Event: 3.293 Thread 0x0000000017a3c800 Uncommon trap: reason=unstable_if action=reinterpret pc=0x0000000003299454 method=java.util.LinkedHashMap.get(Ljava/lang/Object;)Ljava/lang/Object; @ 20
Event: 3.332 Thread 0x0000000017a3c800 Uncommon trap: reason=unstable_if action=reinterpret pc=0x0000000003321bd4 method=java.awt.MultipleGradientPaintContext.indexIntoGradientsArrays(F)I @ 13
Event: 3.804 Thread 0x0000000017a3c800 Uncommon trap: reason=unstable_if action=reinterpret pc=0x000000000334eae8 method=org.bytedeco.javacv.Java2DFrameConverter.flipCopyWithGamma(Ljava/nio/ByteBuffer;ILjava/nio/ByteBuffer;IZDZI)V @ 50
Event: 6.360 Thread 0x0000000017a3c800 Uncommon trap: reason=class_check action=maybe_recompile pc=0x000000000310cfe8 method=java.lang.String.equals(Ljava/lang/Object;)Z @ 8
Event: 6.360 Thread 0x0000000017a3c800 Uncommon trap: reason=class_check action=maybe_recompile pc=0x000000000310cfe8 method=java.lang.String.equals(Ljava/lang/Object;)Z @ 8
Event: 6.531 Thread 0x0000000017a3c800 Uncommon trap: reason=class_check action=maybe_recompile pc=0x000000000310cfe8 method=java.lang.String.equals(Ljava/lang/Object;)Z @ 8
Event: 6.531 Thread 0x0000000017a3c800 Uncommon trap: reason=class_check action=maybe_recompile pc=0x000000000310cfe8 method=java.lang.String.equals(Ljava/lang/Object;)Z @ 8
Event: 14.611 Thread 0x0000000018bcb000 Uncommon trap: reason=unstable_if action=reinterpret pc=0x00000000031f3b74 method=java.io.WinNTFileSystem.normalize(Ljava/lang/String;)Ljava/lang/String; @ 128

Internal exceptions (10 events):
Event: 3.179 Thread 0x0000000017931800 Exception <a 'java/lang/reflect/InvocationTargetException'> (0x00000000ebd26738) thrown at [C:\re\workspace\8-2-build-windows-amd64-cygwin\jdk8u91\6644\hotspot\src\share\vm\runtime\reflection.cpp, line 1092]
Event: 3.188 Thread 0x0000000017931800 Exception <a 'java/lang/UnsatisfiedLinkError'> (0x00000000ebda9630) thrown at [C:\re\workspace\8-2-build-windows-amd64-cygwin\jdk8u91\6644\hotspot\src\share\vm\prims\jvm.cpp, line 3969]
Event: 3.188 Thread 0x0000000017931800 Exception <a 'java/lang/UnsatisfiedLinkError'> (0x00000000ebda9630) thrown at [C:\re\workspace\8-2-build-windows-amd64-cygwin\jdk8u91\6644\hotspot\src\share\vm\prims\jni.cpp, line 709]
Event: 3.190 Thread 0x0000000017931800 Exception <a 'java/lang/UnsatisfiedLinkError'> (0x00000000ebdac650) thrown at [C:\re\workspace\8-2-build-windows-amd64-cygwin\jdk8u91\6644\hotspot\src\share\vm\prims\jvm.cpp, line 3969]
Event: 3.190 Thread 0x0000000017931800 Exception <a 'java/lang/UnsatisfiedLinkError'> (0x00000000ebdac650) thrown at [C:\re\workspace\8-2-build-windows-amd64-cygwin\jdk8u91\6644\hotspot\src\share\vm\prims\jni.cpp, line 709]
Event: 3.191 Thread 0x0000000017931800 Exception <a 'java/lang/UnsatisfiedLinkError'> (0x00000000ebdaf670) thrown at [C:\re\workspace\8-2-build-windows-amd64-cygwin\jdk8u91\6644\hotspot\src\share\vm\prims\jvm.cpp, line 3969]
Event: 3.191 Thread 0x0000000017931800 Exception <a 'java/lang/UnsatisfiedLinkError'> (0x00000000ebdaf670) thrown at [C:\re\workspace\8-2-build-windows-amd64-cygwin\jdk8u91\6644\hotspot\src\share\vm\prims\jni.cpp, line 709]
Event: 3.191 Thread 0x0000000017931800 Exception <a 'java/lang/UnsatisfiedLinkError'> (0x00000000ebdafca8) thrown at [C:\re\workspace\8-2-build-windows-amd64-cygwin\jdk8u91\6644\hotspot\src\share\vm\oops\instanceKlass.cpp, line 948]
Event: 3.191 Thread 0x0000000017931800 Exception <a 'java/lang/reflect/InvocationTargetException'> (0x00000000ebdb0540) thrown at [C:\re\workspace\8-2-build-windows-amd64-cygwin\jdk8u91\6644\hotspot\src\share\vm\runtime\reflection.cpp, line 1092]
Event: 3.272 Thread 0x0000000017931800 Exception <a 'java/lang/NoClassDefFoundError': cl/eye/CLCamera> (0x00000000ec0226e0) thrown at [C:\re\workspace\8-2-build-windows-amd64-cygwin\jdk8u91\6644\hotspot\src\share\vm\classfile\systemDictionary.cpp, line 199]

Events (10 events):
Event: 14.611 loading class org/bytedeco/javacpp/helper/opencv_core$AbstractCvMat$ReleaseDeallocator done
Event: 14.611 Thread 0x0000000018bcb000 Uncommon trap: trap_request=0xffffff65 fr.pc=0x00000000031f3b74
Event: 14.611 Thread 0x0000000018bcb000 DEOPT PACKING pc=0x00000000031f3b74 sp=0x000000002eb8ee40
Event: 14.611 Thread 0x0000000018bcb000 DEOPT UNPACKING pc=0x0000000002fb582a sp=0x000000002eb8ee50 mode 2
Event: 14.613 loading class java/nio/DirectIntBufferU
Event: 14.613 loading class java/nio/DirectIntBufferU done
Event: 14.667 Executing VM operation: ParallelGCFailedAllocation
Event: 14.668 Executing VM operation: ParallelGCFailedAllocation done
Event: 14.669 Executing VM operation: RevokeBias
Event: 14.669 Executing VM operation: RevokeBias done


Dynamic libraries:
0x00007ff6256d0000 - 0x00007ff625707000 	C:\Program Files\Java\jdk1.8.0_91\bin\java.exe
0x00007ff9783a0000 - 0x00007ff97857b000 	C:\WINDOWS\SYSTEM32\ntdll.dll
0x00007ff9782c0000 - 0x00007ff97836e000 	C:\WINDOWS\System32\KERNEL32.DLL
0x00007ff9748c0000 - 0x00007ff974b09000 	C:\WINDOWS\System32\KERNELBASE.dll
0x00007ff9759a0000 - 0x00007ff975a41000 	C:\WINDOWS\System32\ADVAPI32.dll
0x00007ff977150000 - 0x00007ff9771ed000 	C:\WINDOWS\System32\msvcrt.dll
0x00007ff977460000 - 0x00007ff9774b9000 	C:\WINDOWS\System32\sechost.dll
0x00007ff977a70000 - 0x00007ff977b95000 	C:\WINDOWS\System32\RPCRT4.dll
0x00007ff978160000 - 0x00007ff9782aa000 	C:\WINDOWS\System32\USER32.dll
0x00007ff975580000 - 0x00007ff97559e000 	C:\WINDOWS\System32\win32u.dll
0x00007ff975a50000 - 0x00007ff975a77000 	C:\WINDOWS\System32\GDI32.dll
0x00007ff9755a0000 - 0x00007ff975727000 	C:\WINDOWS\System32\gdi32full.dll
0x00007ff974d70000 - 0x00007ff974e0a000 	C:\WINDOWS\System32\msvcp_win.dll
0x00007ff974b60000 - 0x00007ff974c56000 	C:\WINDOWS\System32\ucrtbase.dll
0x00007ff96b2b0000 - 0x00007ff96b517000 	C:\WINDOWS\WinSxS\amd64_microsoft.windows.common-controls_6595b64144ccf1df_6.0.15063.483_none_26002d27e7c744a2\COMCTL32.dll
0x00007ff977770000 - 0x00007ff977a69000 	C:\WINDOWS\System32\combase.dll
0x00007ff974e10000 - 0x00007ff974e7a000 	C:\WINDOWS\System32\bcryptPrimitives.dll
0x00007ff978370000 - 0x00007ff97839d000 	C:\WINDOWS\System32\IMM32.DLL
0x0000000057a80000 - 0x0000000057b52000 	C:\Program Files\Java\jdk1.8.0_91\jre\bin\msvcr100.dll
0x0000000057b60000 - 0x00000000583f3000 	C:\Program Files\Java\jdk1.8.0_91\jre\bin\server\jvm.dll
0x00007ff9771f0000 - 0x00007ff9771f8000 	C:\WINDOWS\System32\PSAPI.DLL
0x00007ff96f170000 - 0x00007ff96f179000 	C:\WINDOWS\SYSTEM32\WSOCK32.dll
0x00007ff977ba0000 - 0x00007ff977c0c000 	C:\WINDOWS\System32\WS2_32.dll
0x00007ff9729d0000 - 0x00007ff9729f3000 	C:\WINDOWS\SYSTEM32\WINMM.dll
0x00007ff9664f0000 - 0x00007ff9664fa000 	C:\WINDOWS\SYSTEM32\VERSION.dll
0x00007ff972970000 - 0x00007ff97299b000 	C:\WINDOWS\SYSTEM32\WINMMBASE.dll
0x00007ff974b10000 - 0x00007ff974b59000 	C:\WINDOWS\System32\cfgmgr32.dll
0x00000000595d0000 - 0x00000000595df000 	C:\Program Files\Java\jdk1.8.0_91\jre\bin\verify.dll
0x0000000058650000 - 0x0000000058679000 	C:\Program Files\Java\jdk1.8.0_91\jre\bin\java.dll
0x0000000058630000 - 0x0000000058646000 	C:\Program Files\Java\jdk1.8.0_91\jre\bin\zip.dll
0x00007ff975c00000 - 0x00007ff977036000 	C:\WINDOWS\System32\SHELL32.dll
0x00007ff978050000 - 0x00007ff9780fa000 	C:\WINDOWS\System32\shcore.dll
0x00007ff974e80000 - 0x00007ff975571000 	C:\WINDOWS\System32\windows.storage.dll
0x00007ff977540000 - 0x00007ff977591000 	C:\WINDOWS\System32\shlwapi.dll
0x00007ff974880000 - 0x00007ff974891000 	C:\WINDOWS\System32\kernel.appcore.dll
0x00007ff974830000 - 0x00007ff97487c000 	C:\WINDOWS\System32\powrprof.dll
0x00007ff974810000 - 0x00007ff974825000 	C:\WINDOWS\System32\profapi.dll
0x00000000578e0000 - 0x0000000057a78000 	C:\Program Files\Java\jdk1.8.0_91\jre\bin\awt.dll
0x00007ff9773a0000 - 0x00007ff977460000 	C:\WINDOWS\System32\OLEAUT32.dll
0x00007ff972ff0000 - 0x00007ff97306e000 	C:\WINDOWS\SYSTEM32\apphelp.dll
0x00007ff973280000 - 0x00007ff973315000 	C:\WINDOWS\system32\uxtheme.dll
0x00007ff975a90000 - 0x00007ff975bf6000 	C:\WINDOWS\System32\MSCTF.dll
0x00007ff971b20000 - 0x00007ff971b4a000 	C:\WINDOWS\system32\dwmapi.dll
0x00007ff977620000 - 0x00007ff977765000 	C:\WINDOWS\System32\ole32.dll
0x0000000057780000 - 0x00000000577c7000 	C:\Program Files\Java\jdk1.8.0_91\jre\bin\fontmanager.dll
0x00007ff95f840000 - 0x00007ff95f92f000 	C:\Users\Joao_\.javacpp\cache\opencv-windows-x86_64.jar\org\bytedeco\javacpp\windows-x86_64\msvcr120.dll
0x00007ff9580e0000 - 0x00007ff958186000 	C:\Users\Joao_\.javacpp\cache\opencv-windows-x86_64.jar\org\bytedeco\javacpp\windows-x86_64\msvcp120.dll
0x00007ff955f80000 - 0x00007ff9561fa000 	C:\Users\Joao_\.javacpp\cache\opencv-windows-x86_64.jar\org\bytedeco\javacpp\windows-x86_64\opencv_core310.dll
0x00007ff9529f0000 - 0x00007ff952d32000 	C:\Users\Joao_\.javacpp\cache\opencv-windows-x86_64.jar\org\bytedeco\javacpp\windows-x86_64\opencv_imgproc310.dll
0x00007ff9522d0000 - 0x00007ff9524f7000 	C:\Users\Joao_\.javacpp\cache\opencv-windows-x86_64.jar\org\bytedeco\javacpp\windows-x86_64\jniopencv_core.dll
0x0000000058610000 - 0x000000005862a000 	C:\Program Files\Java\jdk1.8.0_91\jre\bin\net.dll
0x00007ff9740c0000 - 0x00007ff97411c000 	C:\WINDOWS\system32\mswsock.dll
0x00000000585f0000 - 0x0000000058601000 	C:\Program Files\Java\jdk1.8.0_91\jre\bin\nio.dll
0x00007ff957ff0000 - 0x00007ff9580dd000 	C:\Users\Joao_\.javacpp\cache\opencv-windows-x86_64.jar\org\bytedeco\javacpp\windows-x86_64\jniopencv_imgproc.dll
0x00007ff949b40000 - 0x00007ff949e09000 	C:\Users\Joao_\.javacpp\cache\opencv-windows-x86_64.jar\org\bytedeco\javacpp\windows-x86_64\opencv_imgcodecs310.dll
0x00007ff96ef50000 - 0x00007ff96ef75000 	C:\Users\Joao_\.javacpp\cache\opencv-windows-x86_64.jar\org\bytedeco\javacpp\windows-x86_64\jniopencv_imgcodecs.dll
0x00007ff96eef0000 - 0x00007ff96ef43000 	C:\Users\Joao_\.javacpp\cache\opencv-windows-x86_64.jar\org\bytedeco\javacpp\windows-x86_64\opencv_videoio310.dll
0x00007ff96db80000 - 0x00007ff96dba9000 	C:\WINDOWS\SYSTEM32\MSVFW32.dll
0x00007ff96fd10000 - 0x00007ff96fd2f000 	C:\WINDOWS\SYSTEM32\AVIFIL32.dll
0x00007ff96f150000 - 0x00007ff96f168000 	C:\WINDOWS\SYSTEM32\AVICAP32.dll
0x00007ff96f0e0000 - 0x00007ff96f0fc000 	C:\WINDOWS\SYSTEM32\MSACM32.dll
0x00007ff96db60000 - 0x00007ff96db77000 	C:\Users\Joao_\.javacpp\cache\opencv-windows-x86_64.jar\org\bytedeco\javacpp\windows-x86_64\jniopencv_videoio.dll
0x00007ff96db30000 - 0x00007ff96db5c000 	C:\Users\Joao_\.javacpp\cache\opencv-windows-x86_64.jar\org\bytedeco\javacpp\windows-x86_64\opencv_highgui310.dll
0x00007ff977040000 - 0x00007ff977148000 	C:\WINDOWS\System32\COMDLG32.dll
0x00007ff96cf10000 - 0x00007ff96cf45000 	C:\Users\Joao_\.javacpp\cache\opencv-windows-x86_64.jar\org\bytedeco\javacpp\windows-x86_64\jniopencv_highgui.dll
0x00007ff957f20000 - 0x00007ff957fed000 	C:\Users\Joao_\.javacpp\cache\opencv-windows-x86_64.jar\org\bytedeco\javacpp\windows-x86_64\opencv_ml310.dll
0x00007ff9652e0000 - 0x00007ff96531f000 	C:\Users\Joao_\.javacpp\cache\opencv-windows-x86_64.jar\org\bytedeco\javacpp\windows-x86_64\jniopencv_ml.dll
0x00007ff955ee0000 - 0x00007ff955f76000 	C:\Users\Joao_\.javacpp\cache\opencv-windows-x86_64.jar\org\bytedeco\javacpp\windows-x86_64\opencv_objdetect310.dll
0x00007ff95a2c0000 - 0x00007ff95a314000 	C:\Users\Joao_\.javacpp\cache\opencv-windows-x86_64.jar\org\bytedeco\javacpp\windows-x86_64\jniopencv_objdetect.dll
0x00007ff957ed0000 - 0x00007ff957f16000 	C:\Users\Joao_\.javacpp\cache\opencv-windows-x86_64.jar\org\bytedeco\javacpp\windows-x86_64\opencv_face310.dll
0x00007ff96cea0000 - 0x00007ff96ceba000 	C:\Users\Joao_\.javacpp\cache\opencv-windows-x86_64.jar\org\bytedeco\javacpp\windows-x86_64\jniopencv_face.dll
0x00007ff96a1e0000 - 0x00007ff96a206000 	C:\Users\Joao_\.javacpp\cache\videoinput-windows-x86_64.jar\org\bytedeco\javacpp\windows-x86_64\jnivideoInputLib.dll
0x0000000057730000 - 0x0000000057772000 	C:\Program Files\Java\jdk1.8.0_91\jre\bin\t2k.dll
0x00000000585d0000 - 0x00000000585e5000 	C:\Users\Joao_\.javacpp\cache\libfreenect-windows-x86_64.jar\org\bytedeco\javacpp\windows-x86_64\libusb0.dll
0x00007ff977c10000 - 0x00007ff97804b000 	C:\WINDOWS\System32\SETUPAPI.dll
0x00007ff975900000 - 0x00007ff97599e000 	C:\WINDOWS\System32\clbcatq.dll
0x00007ff959710000 - 0x00007ff959744000 	C:\Users\Joao_\.javacpp\cache\libfreenect-windows-x86_64.jar\org\bytedeco\javacpp\windows-x86_64\freenect.dll
0x00007ff970c80000 - 0x00007ff970e2c000 	C:\WINDOWS\SYSTEM32\WindowsCodecs.dll
0x00007ff96ba50000 - 0x00007ff96ba69000 	C:\Users\Joao_\.javacpp\cache\libfreenect-windows-x86_64.jar\org\bytedeco\javacpp\windows-x86_64\pthreadVC2.dll
0x00007ff955eb0000 - 0x00007ff955ed4000 	C:\Users\Joao_\.javacpp\cache\libfreenect-windows-x86_64.jar\org\bytedeco\javacpp\windows-x86_64\jnifreenect.dll
0x00007ff968f00000 - 0x00007ff968f47000 	C:\WINDOWS\system32\dataexchange.dll
0x00007ff971ff0000 - 0x00007ff9722cf000 	C:\WINDOWS\system32\d3d11.dll
0x00007ff972ae0000 - 0x00007ff972c02000 	C:\WINDOWS\system32\dcomp.dll
0x00007ff973820000 - 0x00007ff9738c4000 	C:\WINDOWS\system32\dxgi.dll
0x00007ff973110000 - 0x00007ff973280000 	C:\WINDOWS\system32\twinapi.appcore.dll
0x00007ff974750000 - 0x00007ff974775000 	C:\WINDOWS\system32\bcrypt.dll
0x00007ff96f240000 - 0x00007ff96f2c2000 	C:\WINDOWS\System32\TextInputFramework.dll
0x00007ff970700000 - 0x00007ff9709d2000 	C:\WINDOWS\System32\CoreUIComponents.dll
0x00007ff972880000 - 0x00007ff972963000 	C:\WINDOWS\System32\CoreMessaging.dll
0x00007ff973a20000 - 0x00007ff973a51000 	C:\WINDOWS\SYSTEM32\ntmarta.dll
0x00007ff971000000 - 0x00007ff971139000 	C:\WINDOWS\SYSTEM32\wintypes.dll
0x00007ff971530000 - 0x00007ff971545000 	C:\WINDOWS\SYSTEM32\usermgrcli.dll
0x0000000057700000 - 0x000000005772a000 	C:\Program Files\Java\jdk1.8.0_91\jre\bin\dcpr.dll
0x00007ff96ba10000 - 0x00007ff96ba27000 	C:\Windows\System32\devenum.dll
0x00007ff973450000 - 0x00007ff973478000 	C:\WINDOWS\SYSTEM32\DEVOBJ.dll
0x00007ff974d10000 - 0x00007ff974d66000 	C:\WINDOWS\System32\WINTRUST.dll
0x00007ff9748a0000 - 0x00007ff9748b1000 	C:\WINDOWS\System32\MSASN1.dll
0x00007ff975730000 - 0x00007ff9758f9000 	C:\WINDOWS\System32\CRYPT32.dll
0x00007ff972a70000 - 0x00007ff972a7b000 	C:\WINDOWS\SYSTEM32\msdmo.dll
0x00007ff955e70000 - 0x00007ff955ea2000 	C:\Windows\System32\qcap.dll
0x00007ff952830000 - 0x00007ff9529ec000 	C:\Windows\System32\quartz.dll
0x00007ff955e20000 - 0x00007ff955e6d000 	C:\Windows\System32\mfksproxy.dll
0x00007ff96cca0000 - 0x00007ff96ccbc000 	C:\Windows\System32\ATL.DLL
0x00007ff9527f0000 - 0x00007ff952822000 	C:\Windows\System32\MFSENSORGROUP.dll
0x00007ff964b00000 - 0x00007ff964ca0000 	C:\Windows\System32\MFPlat.DLL
0x00007ff96dd30000 - 0x00007ff96dd62000 	C:\Windows\System32\RTWorkQ.DLL
0x00007ff9525f0000 - 0x00007ff952638000 	C:\Windows\System32\ksproxy.ax
0x00007ff96fe40000 - 0x00007ff96fe49000 	C:\Windows\System32\ksuser.dll
0x00007ff952140000 - 0x00007ff9522c9000 	C:\Windows\System32\d3d9.dll
0x00007ff971800000 - 0x00007ff971877000 	C:\WINDOWS\SYSTEM32\policymanager.dll
0x00007ff971770000 - 0x00007ff9717ff000 	C:\Windows\System32\msvcp110_win.dll
0x00007ff970340000 - 0x00007ff97034c000 	C:\Windows\System32\vidcap.ax
0x00007ff9526d0000 - 0x00007ff9526f6000 	C:\Windows\System32\kswdmcap.ax
0x00007ff94e700000 - 0x00007ff94e864000 	C:\Windows\System32\MFC42.dll
0x00007ff952020000 - 0x00007ff9520bf000 	C:\Windows\System32\qedit.dll
0x00007ff964ca0000 - 0x00007ff964e35000 	C:\WINDOWS\WinSxS\amd64_microsoft.windows.gdiplus_6595b64144ccf1df_1.1.15063.608_none_56f0266b425534e9\gdiplus.dll
0x00007ff94bbf0000 - 0x00007ff94bce6000 	C:\Windows\System32\DDRAW.dll
0x00007ff96f8d0000 - 0x00007ff96f8d8000 	C:\Windows\System32\DCIMAN32.dll
0x00007ff94aff0000 - 0x00007ff94b207000 	C:\Program Files (x86)\K-Lite Codec Pack\Filters\DirectVobSub64\vsfilter.dll
0x00007ff959ce0000 - 0x00007ff95a00e000 	C:\WINDOWS\SYSTEM32\WININET.dll
0x00007ff95ce60000 - 0x00007ff95ceea000 	C:\WINDOWS\SYSTEM32\WINSPOOL.DRV
0x00007ff969770000 - 0x00007ff9697db000 	C:\WINDOWS\SYSTEM32\OLEACC.dll
0x00007ff96eec0000 - 0x00007ff96eecc000 	C:\WINDOWS\SYSTEM32\msyuv.dll
0x00007ff964820000 - 0x00007ff9649c9000 	C:\WINDOWS\SYSTEM32\dbghelp.dll

VM Arguments:
jvm_args: -Dfile.encoding=UTF-8 -Djava.library.path=C:\opencv\build\java\x64 
java_command: main.main
java_class_path (initial): C:\Users\Joao_\Downloads\javacpp-1.3-bin\javacpp-bin\javacpp.jar;C:\Users\Joao_\Downloads\javacv-platform-1.3-bin\javacv-bin\opencv-windows-x86_64.jar;C:\Users\Joao_\Downloads\javacv-platform-1.3-bin\javacv-bin\videoinput-windows-x86_64.jar;C:\Users\Joao_\Downloads\javacv-platform-1.3-bin\javacv-bin\artoolkitplus-windows-x86_64.jar;C:\Users\Joao_\Downloads\javacv-platform-1.3-bin\javacv-bin\ffmpeg-windows-x86_64.jar;C:\Users\Joao_\Downloads\javacv-platform-1.3-bin\javacv-bin\flandmark-windows-x86_64.jar;C:\Users\Joao_\Downloads\javacv-platform-1.3-bin\javacv-bin\flycapture-windows-x86_64.jar;C:\Users\Joao_\Downloads\javacv-platform-1.3-bin\javacv-bin\javacv-platform.jar;C:\Users\Joao_\Downloads\javacv-platform-1.3-bin\javacv-bin\javacv.jar;C:\Users\Joao_\Downloads\javacv-platform-1.3-bin\javacv-bin\libdc1394-windows-x86_64.jar;C:\Users\Joao_\Downloads\javacv-platform-1.3-bin\javacv-bin\libfreenect-platform.jar;C:\Users\Joao_\Downloads\javacv-platform-1.3-bin\javacv-bin\libfreenect-windows-x86_64.jar;C:\Users\Joao_\Downloads\javacv-platform-1.3-bin\javacv-bin\librealsense-platform.jar;C:\Users\Joao_\Downloads\javacv-platform-1.3-bin\javacv-bin\librealsense.jar;C:\Users\Joao_\Downloads\javacv-platform-1.3-bin\javacv-bin\opencv.jar;C:\Users\Joao_\Downloads\javacv-platform-1.3-bin\javacv-bin\videoinput.jar;C:\TCC.UniSecurity\build\classes
Launcher Type: SUN_STANDARD

Environment Variables:
PATH=C:\ProgramData\Oracle\Java\javapath;C:\WINDOWS\system32;C:\WINDOWS;C:\WINDOWS\System32\Wbem;C:\WINDOWS\System32\WindowsPowerShell\v1.0\;C:\Program Files (x86)\Skype\Phone\;C:\Program Files\Microsoft SQL Server\120\DTS\Binn\;C:\Program Files\Microsoft SQL Server\Client SDK\ODBC\110\Tools\Binn\;C:\Program Files (x86)\Microsoft SQL Server\120\Tools\Binn\;C:\Program Files\Microsoft SQL Server\120\Tools\Binn\;C:\Program Files (x86)\Microsoft SQL Server\120\Tools\Binn\ManagementStudio\;C:\Program Files (x86)\Microsoft SQL Server\120\DTS\Binn\;C:\Program Files\CMake\bin;C:\opencv\build\x64\vc14\bin;C:\Users\Joao_\AppData\Local\Programs\Python\Python37\Scripts\;C:\Users\Joao_\AppData\Local\Programs\Python\Python37\;C:\Users\Joao_\AppData\Local\Microsoft\WindowsApps;
USERNAME=Joao_
OS=Windows_NT
PROCESSOR_IDENTIFIER=Intel64 Family 6 Model 58 Stepping 9, GenuineIntel



---------------  S Y S T E M  ---------------

OS: Windows 10.0 , 64 bit Build 15063 (10.0.15063.296)

CPU:total 4 (2 cores per cpu, 2 threads per core) family 6 model 58 stepping 9, cmov, cx8, fxsr, mmx, sse, sse2, sse3, ssse3, sse4.1, sse4.2, popcnt, avx, aes, clmul, erms, ht, tsc, tscinvbit, tscinv

Memory: 4k page, physical 4092772k(1186008k free), swap 5774224k(2051136k free)

vm_info: Java HotSpot(TM) 64-Bit Server VM (25.91-b14) for windows-amd64 JRE (1.8.0_91-b14), built on Apr  1 2016 00:58:32 by "java_re" with MS VC++ 10.0 (VS2010)

time: Wed Oct 18 00:30:55 2017
elapsed time: 14 seconds (0d 0h 0m 14s)

