#
# A fatal error has been detected by the Java Runtime Environment:
#
#  EXCEPTION_UNCAUGHT_CXX_EXCEPTION (0xe06d7363) at pc=0x00007ffceaea9e08, pid=3508, tid=8872
#
# JRE version: Java(TM) SE Runtime Environment (8.0_91-b14) (build 1.8.0_91-b14)
# Java VM: Java HotSpot(TM) 64-Bit Server VM (25.91-b14 mixed mode windows-amd64 compressed oops)
# Problematic frame:
# C  [KERNELBASE.dll+0x69e08]
#
# Failed to write core dump. Minidumps are not enabled by default on client versions of Windows
#
# If you would like to submit a bug report, please visit:
#   http://bugreport.java.com/bugreport/crash.jsp
# The crash happened outside the Java Virtual Machine in native code.
# See problematic frame for where to report the bug.
#

---------------  T H R E A D  ---------------

Current thread (0x00000000192c2000):  JavaThread "pool-1-thread-1" [_thread_in_native, id=8872, stack(0x000000002e990000,0x000000002ea90000)]

siginfo: ExceptionCode=0xe06d7363, ExceptionInformation=0x0000000019930520 0x000000002ea7ebe0 0x00007ffcb64a0668 0x00007ffcb6260000 

Registers:
RAX=0x0000000000000000, RBX=0x00007ffcb64a0668, RCX=0x0000000000000000, RDX=0x00000000000000ff
RSP=0x000000002ea7ea50, RBP=0x000000002ea7eb90, RSI=0x00007ffcb642f2b8, RDI=0x000000002ea7ebe0
R8 =0xffffff4f00000000, R9 =0x0000000000000000, R10=0x0000000000d87b10, R11=0x0000000000d80150
R12=0x00000000ffffff29, R13=0x0000000000000000, R14=0x00007ffcb642e290, R15=0x000000002ea8ed88
RIP=0x00007ffceaea9e08, EFLAGS=0x0000000000000206

Top of Stack: (sp=0x000000002ea7ea50)
0x000000002ea7ea50:   0000000000000000 00007ffcb64a0668
0x000000002ea7ea60:   00007ffcb642f2b8 000000002ea7ebe0
0x000000002ea7ea70:   00000001e06d7363 0000000000000000
0x000000002ea7ea80:   00007ffceaea9e08 0000000000000004
0x000000002ea7ea90:   0000000019930520 000000002ea7ebe0
0x000000002ea7eaa0:   00007ffcb64a0668 00007ffcb6260000
0x000000002ea7eab0:   00007ffcb642e290 00000000ffffff29
0x000000002ea7eac0:   000000002ea7ebe0 00007ffcb642f2b8
0x000000002ea7ead0:   000000002ea7eb90 00007ffcedb4ba13
0x000000002ea7eae0:   000000002ea7eba0 00007ffc00000000
0x000000002ea7eaf0:   000000002ea7ebe0 00007ffccb1bd306
0x000000002ea7eb00:   00007ffcb64c1000 00007ffcb6260000
0x000000002ea7eb10:   00000fb4d64fbe55 00007ffccb23c4d0
0x000000002ea7eb20:   00007ffcb64a0668 00007ffccb1bef63
0x000000002ea7eb30:   000000002ea7ebe0 00007ffccb18eb8d
0x000000002ea7eb40:   00007ffccb23c4d0 00007ffcb642f2b8 

Instructions: (pc=0x00007ffceaea9e08)
0x00007ffceaea9de8:   49 8b d1 44 0f 47 c0 44 89 44 24 38 49 c1 e0 03
0x00007ffceaea9df8:   e8 1b db 01 00 48 8d 4c 24 20 ff 15 f0 c7 0f 00
0x00007ffceaea9e08:   48 8b 8c 24 c0 00 00 00 48 33 cc e8 78 b0 01 00
0x00007ffceaea9e18:   48 81 c4 d8 00 00 00 c3 83 64 24 38 00 eb d6 cc 


Register to memory mapping:

RAX=0x0000000000000000 is an unknown value
RBX=0x00007ffcb64a0668 is an unknown value
RCX=0x0000000000000000 is an unknown value
RDX=0x00000000000000ff is an unknown value
RSP=0x000000002ea7ea50 is pointing into the stack for thread: 0x00000000192c2000
RBP=0x000000002ea7eb90 is pointing into the stack for thread: 0x00000000192c2000
RSI=0x00007ffcb642f2b8 is an unknown value
RDI=0x000000002ea7ebe0 is pointing into the stack for thread: 0x00000000192c2000
R8 =0xffffff4f00000000 is an unknown value
R9 =0x0000000000000000 is an unknown value
R10=0x0000000000d87b10 is an unknown value
R11=0x0000000000d80150 is an unknown value
R12=0x00000000ffffff29 is an unallocated location in the heap
R13=0x0000000000000000 is an unknown value
R14=0x00007ffcb642e290 is an unknown value
R15=0x000000002ea8ed88 is pointing into the stack for thread: 0x00000000192c2000


Stack: [0x000000002e990000,0x000000002ea90000],  sp=0x000000002ea7ea50,  free space=954k
Native frames: (J=compiled Java code, j=interpreted, Vv=VM code, C=native code)
C  [KERNELBASE.dll+0x69e08]
C  [msvcr120.dll+0x5ef63]
C  [opencv_core310.dll+0x19b654]
C  [opencv_core310.dll+0x19b796]
C  [opencv_core310.dll+0x39346]
C  [jniopencv_core.dll+0xc0015]
C  0x0000000002c67f54

Java frames: (J=compiled Java code, j=interpreted, Vv=VM code)
j  org.bytedeco.javacpp.opencv_core.cvSetImageROI(Lorg/bytedeco/javacpp/opencv_core$IplImage;Lorg/bytedeco/javacpp/opencv_core$CvRect;)V+0
j  processing.FacePanel.preprocessImage(Lorg/bytedeco/javacpp/opencv_core$IplImage;)Lorg/bytedeco/javacpp/opencv_core$IplImage;+97
j  processing.FacePanel.findFace(Lorg/bytedeco/javacpp/opencv_core$IplImage;)Lorg/bytedeco/javacpp/opencv_core$CvRect;+145
j  processing.FacePanel.access$100(Lprocessing/FacePanel;Lorg/bytedeco/javacpp/opencv_core$IplImage;)Lorg/bytedeco/javacpp/opencv_core$CvRect;+2
j  processing.FacePanel$1.run()V+19
j  java.util.concurrent.ThreadPoolExecutor.runWorker(Ljava/util/concurrent/ThreadPoolExecutor$Worker;)V+95
j  java.util.concurrent.ThreadPoolExecutor$Worker.run()V+5
j  java.lang.Thread.run()V+11
v  ~StubRoutines::call_stub

---------------  P R O C E S S  ---------------

Java Threads: ( => current thread )
=>0x00000000192c2000 JavaThread "pool-1-thread-1" [_thread_in_native, id=8872, stack(0x000000002e990000,0x000000002ea90000)]
  0x0000000018ba6800 JavaThread "TimerQueue" daemon [_thread_blocked, id=4228, stack(0x000000002c870000,0x000000002c970000)]
  0x0000000018b65000 JavaThread "Thread-1" [_thread_blocked, id=10040, stack(0x000000001aac0000,0x000000001abc0000)]
  0x000000000120d800 JavaThread "DestroyJavaVM" [_thread_blocked, id=9132, stack(0x0000000002a50000,0x0000000002b50000)]
  0x00000000176b0800 JavaThread "AWT-EventQueue-0" [_thread_blocked, id=10172, stack(0x00000000199c0000,0x0000000019ac0000)]
  0x000000001790a000 JavaThread "JavaCPP Deallocator" daemon [_thread_blocked, id=8660, stack(0x00000000187e0000,0x00000000188e0000)]
  0x00000000173b9000 JavaThread "AWT-Windows" daemon [_thread_in_native, id=4568, stack(0x0000000017f60000,0x0000000018060000)]
  0x00000000173b6000 JavaThread "AWT-Shutdown" [_thread_blocked, id=6028, stack(0x0000000017e60000,0x0000000017f60000)]
  0x00000000173b5800 JavaThread "Java2D Disposer" daemon [_thread_blocked, id=4064, stack(0x0000000017d60000,0x0000000017e60000)]
  0x0000000016bb8800 JavaThread "Service Thread" daemon [_thread_blocked, id=3844, stack(0x0000000016f80000,0x0000000017080000)]
  0x0000000015243800 JavaThread "C1 CompilerThread2" daemon [_thread_blocked, id=3900, stack(0x0000000016a80000,0x0000000016b80000)]
  0x0000000015240800 JavaThread "C2 CompilerThread1" daemon [_thread_blocked, id=7248, stack(0x0000000016980000,0x0000000016a80000)]
  0x000000001523d800 JavaThread "C2 CompilerThread0" daemon [_thread_blocked, id=6208, stack(0x0000000016880000,0x0000000016980000)]
  0x000000001523c000 JavaThread "Attach Listener" daemon [_thread_blocked, id=8464, stack(0x0000000016780000,0x0000000016880000)]
  0x000000001523b000 JavaThread "Signal Dispatcher" daemon [_thread_blocked, id=6408, stack(0x0000000016680000,0x0000000016780000)]
  0x0000000015229000 JavaThread "Finalizer" daemon [_thread_blocked, id=6220, stack(0x0000000016490000,0x0000000016590000)]
  0x0000000002c41000 JavaThread "Reference Handler" daemon [_thread_blocked, id=1588, stack(0x0000000016390000,0x0000000016490000)]

Other Threads:
  0x0000000015207000 VMThread [stack: 0x0000000016290000,0x0000000016390000] [id=984]
  0x0000000016bd7800 WatcherThread [stack: 0x0000000017080000,0x0000000017180000] [id=6820]

VM state:not at safepoint (normal execution)

VM Mutex/Monitor currently owned by a thread: None

Heap:
 PSYoungGen      total 18944K, used 6125K [0x00000000eb300000, 0x00000000ed800000, 0x0000000100000000)
  eden space 16384K, 21% used [0x00000000eb300000,0x00000000eb67f810,0x00000000ec300000)
  from space 2560K, 99% used [0x00000000ed580000,0x00000000ed7fbc10,0x00000000ed800000)
  to   space 2560K, 0% used [0x00000000ec300000,0x00000000ec300000,0x00000000ec580000)
 ParOldGen       total 44032K, used 2496K [0x00000000c1800000, 0x00000000c4300000, 0x00000000eb300000)
  object space 44032K, 5% used [0x00000000c1800000,0x00000000c1a70390,0x00000000c4300000)
 Metaspace       used 15495K, capacity 15666K, committed 15872K, reserved 1062912K
  class space    used 1899K, capacity 1964K, committed 2048K, reserved 1048576K

Card table byte_map: [0x0000000012010000,0x0000000012210000] byte_map_base: 0x0000000011a04000

Marking Bits: (ParMarkBitMap*) 0x0000000075bd2f70
 Begin Bits: [0x0000000012760000, 0x0000000013700000)
 End Bits:   [0x0000000013700000, 0x00000000146a0000)

Polling page: 0x00000000011b0000

CodeCache: size=245760Kb used=4051Kb max_used=4056Kb free=241708Kb
 bounds [0x0000000002c50000, 0x0000000003050000, 0x0000000011c50000]
 total_blobs=1628 nmethods=1004 adapters=537
 compilation: enabled

Compilation events (10 events):
Event: 3.797 Thread 0x0000000015243800  988       3       sun.nio.fs.NativeBuffer::setOwner (6 bytes)
Event: 3.797 Thread 0x0000000015243800 nmethod 988 0x00000000030195d0 code [0x0000000003019720, 0x0000000003019890]
Event: 3.797 Thread 0x0000000015243800  989       3       java.nio.Buffer::remaining (10 bytes)
Event: 3.798 Thread 0x0000000015243800 nmethod 989 0x00000000030192d0 code [0x0000000003019420, 0x0000000003019570]
Event: 3.799 Thread 0x0000000015243800  990       1       sun.nio.fs.NativeBuffer::owner (5 bytes)
Event: 3.799 Thread 0x0000000015243800 nmethod 990 0x0000000003019010 code [0x0000000003019160, 0x0000000003019270]
Event: 3.800 Thread 0x0000000015243800  991 %     3       org.bytedeco.javacv.Java2DFrameConverter::flipCopyWithGamma @ 484 (608 bytes)
Event: 3.804 Thread 0x0000000015243800 nmethod 991% 0x000000000302e090 code [0x000000000302e500, 0x0000000003031c08]
Event: 3.804 Thread 0x0000000015243800  993   !   3       org.bytedeco.javacpp.Loader::loadLibrary (639 bytes)
Event: 3.809 Thread 0x0000000015240800  999       4       java.util.HashMap::getNode (148 bytes)

GC Heap History (4 events):
Event: 0.950 GC heap before
{Heap before GC invocations=1 (full 0):
 PSYoungGen      total 18944K, used 16384K [0x00000000eb300000, 0x00000000ec800000, 0x0000000100000000)
  eden space 16384K, 100% used [0x00000000eb300000,0x00000000ec300000,0x00000000ec300000)
  from space 2560K, 0% used [0x00000000ec580000,0x00000000ec580000,0x00000000ec800000)
  to   space 2560K, 0% used [0x00000000ec300000,0x00000000ec300000,0x00000000ec580000)
 ParOldGen       total 44032K, used 0K [0x00000000c1800000, 0x00000000c4300000, 0x00000000eb300000)
  object space 44032K, 0% used [0x00000000c1800000,0x00000000c1800000,0x00000000c4300000)
 Metaspace       used 11192K, capacity 11386K, committed 11520K, reserved 1058816K
  class space    used 1334K, capacity 1415K, committed 1536K, reserved 1048576K
Event: 0.961 GC heap after
Heap after GC invocations=1 (full 0):
 PSYoungGen      total 18944K, used 2555K [0x00000000eb300000, 0x00000000ed800000, 0x0000000100000000)
  eden space 16384K, 0% used [0x00000000eb300000,0x00000000eb300000,0x00000000ec300000)
  from space 2560K, 99% used [0x00000000ec300000,0x00000000ec57ecf0,0x00000000ec580000)
  to   space 2560K, 0% used [0x00000000ed580000,0x00000000ed580000,0x00000000ed800000)
 ParOldGen       total 44032K, used 660K [0x00000000c1800000, 0x00000000c4300000, 0x00000000eb300000)
  object space 44032K, 1% used [0x00000000c1800000,0x00000000c18a5208,0x00000000c4300000)
 Metaspace       used 11192K, capacity 11386K, committed 11520K, reserved 1058816K
  class space    used 1334K, capacity 1415K, committed 1536K, reserved 1048576K
}
Event: 3.419 GC heap before
{Heap before GC invocations=2 (full 0):
 PSYoungGen      total 18944K, used 18939K [0x00000000eb300000, 0x00000000ed800000, 0x0000000100000000)
  eden space 16384K, 100% used [0x00000000eb300000,0x00000000ec300000,0x00000000ec300000)
  from space 2560K, 99% used [0x00000000ec300000,0x00000000ec57ecf0,0x00000000ec580000)
  to   space 2560K, 0% used [0x00000000ed580000,0x00000000ed580000,0x00000000ed800000)
 ParOldGen       total 44032K, used 660K [0x00000000c1800000, 0x00000000c4300000, 0x00000000eb300000)
  object space 44032K, 1% used [0x00000000c1800000,0x00000000c18a5208,0x00000000c4300000)
 Metaspace       used 15196K, capacity 15410K, committed 15616K, reserved 1062912K
  class space    used 1871K, capacity 1964K, committed 2048K, reserved 1048576K
Event: 3.423 GC heap after
Heap after GC invocations=2 (full 0):
 PSYoungGen      total 18944K, used 2543K [0x00000000eb300000, 0x00000000ed800000, 0x0000000100000000)
  eden space 16384K, 0% used [0x00000000eb300000,0x00000000eb300000,0x00000000ec300000)
  from space 2560K, 99% used [0x00000000ed580000,0x00000000ed7fbc10,0x00000000ed800000)
  to   space 2560K, 0% used [0x00000000ec300000,0x00000000ec300000,0x00000000ec580000)
 ParOldGen       total 44032K, used 2496K [0x00000000c1800000, 0x00000000c4300000, 0x00000000eb300000)
  object space 44032K, 5% used [0x00000000c1800000,0x00000000c1a70390,0x00000000c4300000)
 Metaspace       used 15196K, capacity 15410K, committed 15616K, reserved 1062912K
  class space    used 1871K, capacity 1964K, committed 2048K, reserved 1048576K
}

Deoptimization events (7 events):
Event: 1.020 Thread 0x00000000176b0800 Uncommon trap: reason=unstable_if action=reinterpret pc=0x0000000002eea8a4 method=sun.misc.MetaIndex.mayContain(Ljava/lang/String;)Z @ 38
Event: 1.032 Thread 0x00000000176b0800 Uncommon trap: reason=unstable_if action=reinterpret pc=0x0000000002e6bdac method=java.lang.AbstractStringBuilder.append(Ljava/lang/String;)Ljava/lang/AbstractStringBuilder; @ 1
Event: 1.033 Thread 0x00000000176b0800 Uncommon trap: reason=unstable_if action=reinterpret pc=0x0000000002e518d8 method=java.lang.AbstractStringBuilder.append(Ljava/lang/String;)Ljava/lang/AbstractStringBuilder; @ 1
Event: 3.134 Thread 0x00000000176b0800 Uncommon trap: reason=unstable_if action=reinterpret pc=0x0000000002e4e7a4 method=java.util.HashMap.getNode(ILjava/lang/Object;)Ljava/util/HashMap$Node; @ 84
Event: 3.134 Thread 0x00000000176b0800 Uncommon trap: reason=unstable_if action=reinterpret pc=0x0000000002f4cfc0 method=java.util.HashMap.getNode(ILjava/lang/Object;)Ljava/util/HashMap$Node; @ 84
Event: 3.317 Thread 0x00000000176b0800 Uncommon trap: reason=unstable_if action=reinterpret pc=0x0000000002f7f6d4 method=java.util.LinkedHashMap.get(Ljava/lang/Object;)Ljava/lang/Object; @ 20
Event: 3.321 Thread 0x00000000176b0800 Uncommon trap: reason=unstable_if action=reinterpret pc=0x0000000003005484 method=java.awt.MultipleGradientPaintContext.indexIntoGradientsArrays(F)I @ 93

Internal exceptions (10 events):
Event: 3.191 Thread 0x0000000018b65000 Exception <a 'java/lang/reflect/InvocationTargetException'> (0x00000000ebcc4978) thrown at [C:\re\workspace\8-2-build-windows-amd64-cygwin\jdk8u91\6644\hotspot\src\share\vm\runtime\reflection.cpp, line 1092]
Event: 3.197 Thread 0x0000000018b65000 Exception <a 'java/lang/UnsatisfiedLinkError'> (0x00000000ebd470e0) thrown at [C:\re\workspace\8-2-build-windows-amd64-cygwin\jdk8u91\6644\hotspot\src\share\vm\prims\jvm.cpp, line 3969]
Event: 3.197 Thread 0x0000000018b65000 Exception <a 'java/lang/UnsatisfiedLinkError'> (0x00000000ebd470e0) thrown at [C:\re\workspace\8-2-build-windows-amd64-cygwin\jdk8u91\6644\hotspot\src\share\vm\prims\jni.cpp, line 709]
Event: 3.198 Thread 0x0000000018b65000 Exception <a 'java/lang/UnsatisfiedLinkError'> (0x00000000ebd4a100) thrown at [C:\re\workspace\8-2-build-windows-amd64-cygwin\jdk8u91\6644\hotspot\src\share\vm\prims\jvm.cpp, line 3969]
Event: 3.198 Thread 0x0000000018b65000 Exception <a 'java/lang/UnsatisfiedLinkError'> (0x00000000ebd4a100) thrown at [C:\re\workspace\8-2-build-windows-amd64-cygwin\jdk8u91\6644\hotspot\src\share\vm\prims\jni.cpp, line 709]
Event: 3.199 Thread 0x0000000018b65000 Exception <a 'java/lang/UnsatisfiedLinkError'> (0x00000000ebd4d120) thrown at [C:\re\workspace\8-2-build-windows-amd64-cygwin\jdk8u91\6644\hotspot\src\share\vm\prims\jvm.cpp, line 3969]
Event: 3.200 Thread 0x0000000018b65000 Exception <a 'java/lang/UnsatisfiedLinkError'> (0x00000000ebd4d120) thrown at [C:\re\workspace\8-2-build-windows-amd64-cygwin\jdk8u91\6644\hotspot\src\share\vm\prims\jni.cpp, line 709]
Event: 3.200 Thread 0x0000000018b65000 Exception <a 'java/lang/UnsatisfiedLinkError'> (0x00000000ebd4d758) thrown at [C:\re\workspace\8-2-build-windows-amd64-cygwin\jdk8u91\6644\hotspot\src\share\vm\oops\instanceKlass.cpp, line 948]
Event: 3.200 Thread 0x0000000018b65000 Exception <a 'java/lang/reflect/InvocationTargetException'> (0x00000000ebd4dff0) thrown at [C:\re\workspace\8-2-build-windows-amd64-cygwin\jdk8u91\6644\hotspot\src\share\vm\runtime\reflection.cpp, line 1092]
Event: 3.229 Thread 0x0000000018b65000 Exception <a 'java/lang/NoClassDefFoundError': cl/eye/CLCamera> (0x00000000ebf6e078) thrown at [C:\re\workspace\8-2-build-windows-amd64-cygwin\jdk8u91\6644\hotspot\src\share\vm\classfile\systemDictionary.cpp, line 199]

Events (10 events):
Event: 3.782 loading class java/awt/image/ComponentColorModel
Event: 3.783 loading class java/awt/image/ComponentColorModel done
Event: 3.787 loading class java/awt/image/DataBufferByte
Event: 3.787 loading class java/awt/image/DataBufferByte done
Event: 3.787 loading class java/awt/image/PixelInterleavedSampleModel
Event: 3.787 loading class java/awt/image/PixelInterleavedSampleModel done
Event: 3.788 loading class sun/awt/image/ByteInterleavedRaster
Event: 3.788 loading class sun/awt/image/ByteComponentRaster
Event: 3.789 loading class sun/awt/image/ByteComponentRaster done
Event: 3.789 loading class sun/awt/image/ByteInterleavedRaster done


Dynamic libraries:
0x00007ff722950000 - 0x00007ff722987000 	C:\Program Files\Java\jdk1.8.0_91\bin\java.exe
0x00007ffcedb30000 - 0x00007ffcedd0b000 	C:\WINDOWS\SYSTEM32\ntdll.dll
0x00007ffced640000 - 0x00007ffced6ee000 	C:\WINDOWS\System32\KERNEL32.DLL
0x00007ffceae40000 - 0x00007ffceb089000 	C:\WINDOWS\System32\KERNELBASE.dll
0x00007ffceb920000 - 0x00007ffceb9c1000 	C:\WINDOWS\System32\ADVAPI32.dll
0x00007ffced2e0000 - 0x00007ffced37d000 	C:\WINDOWS\System32\msvcrt.dll
0x00007ffceb860000 - 0x00007ffceb8b9000 	C:\WINDOWS\System32\sechost.dll
0x00007ffced030000 - 0x00007ffced155000 	C:\WINDOWS\System32\RPCRT4.dll
0x00007ffceb5b0000 - 0x00007ffceb6fa000 	C:\WINDOWS\System32\USER32.dll
0x00007ffceac90000 - 0x00007ffceacae000 	C:\WINDOWS\System32\win32u.dll
0x00007ffceb820000 - 0x00007ffceb847000 	C:\WINDOWS\System32\GDI32.dll
0x00007ffceacb0000 - 0x00007ffceae37000 	C:\WINDOWS\System32\gdi32full.dll
0x00007ffcea050000 - 0x00007ffcea0ea000 	C:\WINDOWS\System32\msvcp_win.dll
0x00007ffcea1a0000 - 0x00007ffcea296000 	C:\WINDOWS\System32\ucrtbase.dll
0x00007ffcd8460000 - 0x00007ffcd86c7000 	C:\WINDOWS\WinSxS\amd64_microsoft.windows.common-controls_6595b64144ccf1df_6.0.15063.483_none_26002d27e7c744a2\COMCTL32.dll
0x00007ffceb110000 - 0x00007ffceb409000 	C:\WINDOWS\System32\combase.dll
0x00007ffceaa50000 - 0x00007ffceaaba000 	C:\WINDOWS\System32\bcryptPrimitives.dll
0x00007ffced380000 - 0x00007ffced3ad000 	C:\WINDOWS\System32\IMM32.DLL
0x0000000076fd0000 - 0x00000000770a2000 	C:\Program Files\Java\jdk1.8.0_91\jre\bin\msvcr100.dll
0x00000000753c0000 - 0x0000000075c53000 	C:\Program Files\Java\jdk1.8.0_91\jre\bin\server\jvm.dll
0x00007ffceb090000 - 0x00007ffceb098000 	C:\WINDOWS\System32\PSAPI.DLL
0x00007ffcde190000 - 0x00007ffcde19a000 	C:\WINDOWS\SYSTEM32\VERSION.dll
0x00007ffce8520000 - 0x00007ffce8543000 	C:\WINDOWS\SYSTEM32\WINMM.dll
0x00007ffce5240000 - 0x00007ffce5249000 	C:\WINDOWS\SYSTEM32\WSOCK32.dll
0x00007ffceb0a0000 - 0x00007ffceb10c000 	C:\WINDOWS\System32\WS2_32.dll
0x00007ffce84c0000 - 0x00007ffce84eb000 	C:\WINDOWS\SYSTEM32\winmmbase.dll
0x00007ffcea300000 - 0x00007ffcea349000 	C:\WINDOWS\System32\cfgmgr32.dll
0x0000000076fc0000 - 0x0000000076fcf000 	C:\Program Files\Java\jdk1.8.0_91\jre\bin\verify.dll
0x0000000075350000 - 0x0000000075379000 	C:\Program Files\Java\jdk1.8.0_91\jre\bin\java.dll
0x0000000076fa0000 - 0x0000000076fb6000 	C:\Program Files\Java\jdk1.8.0_91\jre\bin\zip.dll
0x00007ffceb9d0000 - 0x00007ffcece06000 	C:\WINDOWS\System32\SHELL32.dll
0x00007ffcecf20000 - 0x00007ffcecfca000 	C:\WINDOWS\System32\shcore.dll
0x00007ffcea350000 - 0x00007ffceaa41000 	C:\WINDOWS\System32\windows.storage.dll
0x00007ffced3b0000 - 0x00007ffced401000 	C:\WINDOWS\System32\shlwapi.dll
0x00007ffcea010000 - 0x00007ffcea021000 	C:\WINDOWS\System32\kernel.appcore.dll
0x00007ffce9fc0000 - 0x00007ffcea00c000 	C:\WINDOWS\System32\powrprof.dll
0x00007ffce9fa0000 - 0x00007ffce9fb5000 	C:\WINDOWS\System32\profapi.dll
0x0000000075170000 - 0x0000000075308000 	C:\Program Files\Java\jdk1.8.0_91\jre\bin\awt.dll
0x00007ffced410000 - 0x00007ffced4d0000 	C:\WINDOWS\System32\OLEAUT32.dll
0x00007ffce8740000 - 0x00007ffce87be000 	C:\WINDOWS\SYSTEM32\apphelp.dll
0x00007ffce8a10000 - 0x00007ffce8aa5000 	C:\WINDOWS\system32\uxtheme.dll
0x00007ffced170000 - 0x00007ffced2d6000 	C:\WINDOWS\System32\MSCTF.dll
0x00007ffce7020000 - 0x00007ffce704a000 	C:\WINDOWS\system32\dwmapi.dll
0x00007ffced4d0000 - 0x00007ffced615000 	C:\WINDOWS\System32\ole32.dll
0x0000000075120000 - 0x0000000075167000 	C:\Program Files\Java\jdk1.8.0_91\jre\bin\fontmanager.dll
0x00007ffccb160000 - 0x00007ffccb24f000 	C:\Users\Joao_\.javacpp\cache\opencv-windows-x86_64.jar\org\bytedeco\javacpp\windows-x86_64\msvcr120.dll
0x00007ffccb0b0000 - 0x00007ffccb156000 	C:\Users\Joao_\.javacpp\cache\opencv-windows-x86_64.jar\org\bytedeco\javacpp\windows-x86_64\msvcp120.dll
0x00007ffcb6260000 - 0x00007ffcb64da000 	C:\Users\Joao_\.javacpp\cache\opencv-windows-x86_64.jar\org\bytedeco\javacpp\windows-x86_64\opencv_core310.dll
0x00007ffcb3cb0000 - 0x00007ffcb3ff2000 	C:\Users\Joao_\.javacpp\cache\opencv-windows-x86_64.jar\org\bytedeco\javacpp\windows-x86_64\opencv_imgproc310.dll
0x00007ffcb57f0000 - 0x00007ffcb5a17000 	C:\Users\Joao_\.javacpp\cache\opencv-windows-x86_64.jar\org\bytedeco\javacpp\windows-x86_64\jniopencv_core.dll
0x0000000075330000 - 0x000000007534a000 	C:\Program Files\Java\jdk1.8.0_91\jre\bin\net.dll
0x00007ffce9850000 - 0x00007ffce98ac000 	C:\WINDOWS\system32\mswsock.dll
0x0000000075310000 - 0x0000000075321000 	C:\Program Files\Java\jdk1.8.0_91\jre\bin\nio.dll
0x00007ffcc55d0000 - 0x00007ffcc56bd000 	C:\Users\Joao_\.javacpp\cache\opencv-windows-x86_64.jar\org\bytedeco\javacpp\windows-x86_64\jniopencv_imgproc.dll
0x00007ffcab890000 - 0x00007ffcabb59000 	C:\Users\Joao_\.javacpp\cache\opencv-windows-x86_64.jar\org\bytedeco\javacpp\windows-x86_64\opencv_imgcodecs310.dll
0x00007ffcdf120000 - 0x00007ffcdf145000 	C:\Users\Joao_\.javacpp\cache\opencv-windows-x86_64.jar\org\bytedeco\javacpp\windows-x86_64\jniopencv_imgcodecs.dll
0x00007ffcdc3e0000 - 0x00007ffcdc433000 	C:\Users\Joao_\.javacpp\cache\opencv-windows-x86_64.jar\org\bytedeco\javacpp\windows-x86_64\opencv_videoio310.dll
0x00007ffcdef80000 - 0x00007ffcdefa9000 	C:\WINDOWS\SYSTEM32\MSVFW32.dll
0x00007ffcdf1e0000 - 0x00007ffcdf1ff000 	C:\WINDOWS\SYSTEM32\AVIFIL32.dll
0x00007ffcdef00000 - 0x00007ffcdef18000 	C:\WINDOWS\SYSTEM32\AVICAP32.dll
0x00007ffcd5d40000 - 0x00007ffcd5d5c000 	C:\WINDOWS\SYSTEM32\MSACM32.dll
0x00007ffcdeee0000 - 0x00007ffcdeef7000 	C:\Users\Joao_\.javacpp\cache\opencv-windows-x86_64.jar\org\bytedeco\javacpp\windows-x86_64\jniopencv_videoio.dll
0x00007ffcddd50000 - 0x00007ffcddd7c000 	C:\Users\Joao_\.javacpp\cache\opencv-windows-x86_64.jar\org\bytedeco\javacpp\windows-x86_64\opencv_highgui310.dll
0x00007ffcece10000 - 0x00007ffcecf18000 	C:\WINDOWS\System32\COMDLG32.dll
0x00007ffcda550000 - 0x00007ffcda585000 	C:\Users\Joao_\.javacpp\cache\opencv-windows-x86_64.jar\org\bytedeco\javacpp\windows-x86_64\jniopencv_highgui.dll
0x00007ffccaa90000 - 0x00007ffccab5d000 	C:\Users\Joao_\.javacpp\cache\opencv-windows-x86_64.jar\org\bytedeco\javacpp\windows-x86_64\opencv_ml310.dll
0x00007ffcda280000 - 0x00007ffcda2bf000 	C:\Users\Joao_\.javacpp\cache\opencv-windows-x86_64.jar\org\bytedeco\javacpp\windows-x86_64\jniopencv_ml.dll
0x00007ffcc6a20000 - 0x00007ffcc6ab6000 	C:\Users\Joao_\.javacpp\cache\opencv-windows-x86_64.jar\org\bytedeco\javacpp\windows-x86_64\opencv_objdetect310.dll
0x00007ffcd2130000 - 0x00007ffcd2184000 	C:\Users\Joao_\.javacpp\cache\opencv-windows-x86_64.jar\org\bytedeco\javacpp\windows-x86_64\jniopencv_objdetect.dll
0x00007ffccc5e0000 - 0x00007ffccc626000 	C:\Users\Joao_\.javacpp\cache\opencv-windows-x86_64.jar\org\bytedeco\javacpp\windows-x86_64\opencv_face310.dll
0x00007ffcdd900000 - 0x00007ffcdd91a000 	C:\Users\Joao_\.javacpp\cache\opencv-windows-x86_64.jar\org\bytedeco\javacpp\windows-x86_64\jniopencv_face.dll
0x00007ffcdc3b0000 - 0x00007ffcdc3d6000 	C:\Users\Joao_\.javacpp\cache\videoinput-windows-x86_64.jar\org\bytedeco\javacpp\windows-x86_64\jnivideoInputLib.dll
0x00000000750d0000 - 0x0000000075112000 	C:\Program Files\Java\jdk1.8.0_91\jre\bin\t2k.dll
0x0000000075040000 - 0x0000000075055000 	C:\Users\Joao_\.javacpp\cache\libfreenect-windows-x86_64.jar\org\bytedeco\javacpp\windows-x86_64\libusb0.dll
0x00007ffced6f0000 - 0x00007ffcedb2b000 	C:\WINDOWS\System32\SETUPAPI.dll
0x00007ffcc92c0000 - 0x00007ffcc92f4000 	C:\Users\Joao_\.javacpp\cache\libfreenect-windows-x86_64.jar\org\bytedeco\javacpp\windows-x86_64\freenect.dll
0x00007ffcdd650000 - 0x00007ffcdd669000 	C:\Users\Joao_\.javacpp\cache\libfreenect-windows-x86_64.jar\org\bytedeco\javacpp\windows-x86_64\pthreadVC2.dll
0x00007ffcd8390000 - 0x00007ffcd83b4000 	C:\Users\Joao_\.javacpp\cache\libfreenect-windows-x86_64.jar\org\bytedeco\javacpp\windows-x86_64\jnifreenect.dll
0x00007ffceb700000 - 0x00007ffceb79e000 	C:\WINDOWS\System32\clbcatq.dll
0x00007ffcdd520000 - 0x00007ffcdd537000 	C:\Windows\System32\devenum.dll
0x00007ffce91b0000 - 0x00007ffce91e1000 	C:\WINDOWS\SYSTEM32\ntmarta.dll
0x00007ffce8bc0000 - 0x00007ffce8be8000 	C:\WINDOWS\SYSTEM32\DEVOBJ.dll
0x00007ffcea2a0000 - 0x00007ffcea2f6000 	C:\WINDOWS\System32\WINTRUST.dll
0x00007ffcea030000 - 0x00007ffcea041000 	C:\WINDOWS\System32\MSASN1.dll
0x00007ffceaac0000 - 0x00007ffceac89000 	C:\WINDOWS\System32\CRYPT32.dll
0x00007ffce5e90000 - 0x00007ffce5e9b000 	C:\WINDOWS\SYSTEM32\msdmo.dll
0x00007ffcc9040000 - 0x00007ffcc9072000 	C:\Windows\System32\qcap.dll
0x00007ffcbbbc0000 - 0x00007ffcbbd7c000 	C:\Windows\System32\quartz.dll
0x00007ffce9ea0000 - 0x00007ffce9ec5000 	C:\Windows\System32\bcrypt.dll
0x00007ffcc8c10000 - 0x00007ffcc8c5d000 	C:\Windows\System32\mfksproxy.dll
0x00007ffcd91b0000 - 0x00007ffcd91cc000 	C:\Windows\System32\ATL.DLL
0x00007ffcdb170000 - 0x00007ffcdb1a2000 	C:\Windows\System32\MFSENSORGROUP.dll
0x00007ffcd78c0000 - 0x00007ffcd7a60000 	C:\Windows\System32\MFPlat.DLL
0x00007ffcd3990000 - 0x00007ffcd39c2000 	C:\Windows\System32\RTWorkQ.DLL
0x00007ffcc7490000 - 0x00007ffcc74d8000 	C:\Windows\System32\ksproxy.ax
0x00007ffce7320000 - 0x00007ffce7329000 	C:\Windows\System32\ksuser.dll
0x00007ffcbfe30000 - 0x00007ffcbffb9000 	C:\Windows\System32\d3d9.dll
0x00007ffce5db0000 - 0x00007ffce5e27000 	C:\WINDOWS\SYSTEM32\policymanager.dll
0x00007ffce5d20000 - 0x00007ffce5daf000 	C:\Windows\System32\msvcp110_win.dll
0x00007ffce3bd0000 - 0x00007ffce3d7c000 	C:\WINDOWS\SYSTEM32\WindowsCodecs.dll
0x00007ffcd4f90000 - 0x00007ffcd4fd7000 	C:\WINDOWS\system32\dataexchange.dll
0x00007ffce7780000 - 0x00007ffce7a5f000 	C:\WINDOWS\system32\d3d11.dll
0x00007ffce8100000 - 0x00007ffce8222000 	C:\WINDOWS\system32\dcomp.dll
0x00007ffce8f20000 - 0x00007ffce8fc4000 	C:\WINDOWS\system32\dxgi.dll
0x00007ffce88a0000 - 0x00007ffce8a10000 	C:\WINDOWS\system32\twinapi.appcore.dll
0x00007ffce2780000 - 0x00007ffce2802000 	C:\WINDOWS\System32\TextInputFramework.dll
0x00007ffce2910000 - 0x00007ffce2be2000 	C:\WINDOWS\System32\CoreUIComponents.dll
0x00007ffce8010000 - 0x00007ffce80f3000 	C:\WINDOWS\System32\CoreMessaging.dll
0x00007ffce6cc0000 - 0x00007ffce6cd5000 	C:\WINDOWS\SYSTEM32\usermgrcli.dll
0x00007ffce6030000 - 0x00007ffce6169000 	C:\WINDOWS\SYSTEM32\wintypes.dll
0x0000000075090000 - 0x00000000750ba000 	C:\Program Files\Java\jdk1.8.0_91\jre\bin\dcpr.dll
0x00007ffce45b0000 - 0x00007ffce45bc000 	C:\Windows\System32\vidcap.ax
0x00007ffccfc90000 - 0x00007ffccfcb6000 	C:\Windows\System32\kswdmcap.ax
0x00007ffcb60f0000 - 0x00007ffcb6254000 	C:\Windows\System32\MFC42.dll
0x00007ffcc4ae0000 - 0x00007ffcc4b7f000 	C:\Windows\System32\qedit.dll
0x00007ffce2240000 - 0x00007ffce23d5000 	C:\WINDOWS\WinSxS\amd64_microsoft.windows.gdiplus_6595b64144ccf1df_1.1.15063.608_none_56f0266b425534e9\gdiplus.dll
0x00007ffcbed90000 - 0x00007ffcbee86000 	C:\Windows\System32\DDRAW.dll
0x00007ffce2520000 - 0x00007ffce2528000 	C:\Windows\System32\DCIMAN32.dll
0x00007ffcab670000 - 0x00007ffcab887000 	C:\Program Files (x86)\K-Lite Codec Pack\Filters\DirectVobSub64\vsfilter.dll
0x00007ffcd8880000 - 0x00007ffcd88eb000 	C:\WINDOWS\SYSTEM32\OLEACC.dll
0x00007ffcd8970000 - 0x00007ffcd8c9e000 	C:\WINDOWS\SYSTEM32\WININET.dll
0x00007ffcd9580000 - 0x00007ffcd960a000 	C:\WINDOWS\SYSTEM32\WINSPOOL.DRV
0x00007ffce0180000 - 0x00007ffce018c000 	C:\WINDOWS\SYSTEM32\msyuv.dll
0x00007ffcde610000 - 0x00007ffcde7b9000 	C:\WINDOWS\SYSTEM32\dbghelp.dll

VM Arguments:
jvm_args: -Dfile.encoding=UTF-8 -Djava.library.path=C:\opencv\build\java\x64 
java_command: main.main
java_class_path (initial): C:\Users\Joao_\Downloads\javacpp-1.3-bin\javacpp-bin\javacpp.jar;C:\Users\Joao_\Downloads\javacv-platform-1.3-bin\javacv-bin\opencv-windows-x86_64.jar;C:\Users\Joao_\Downloads\javacv-platform-1.3-bin\javacv-bin\videoinput-windows-x86_64.jar;C:\Users\Joao_\Downloads\javacv-platform-1.3-bin\javacv-bin\artoolkitplus-windows-x86_64.jar;C:\Users\Joao_\Downloads\javacv-platform-1.3-bin\javacv-bin\ffmpeg-windows-x86_64.jar;C:\Users\Joao_\Downloads\javacv-platform-1.3-bin\javacv-bin\flandmark-windows-x86_64.jar;C:\Users\Joao_\Downloads\javacv-platform-1.3-bin\javacv-bin\flycapture-windows-x86_64.jar;C:\Users\Joao_\Downloads\javacv-platform-1.3-bin\javacv-bin\javacv-platform.jar;C:\Users\Joao_\Downloads\javacv-platform-1.3-bin\javacv-bin\javacv.jar;C:\Users\Joao_\Downloads\javacv-platform-1.3-bin\javacv-bin\libdc1394-windows-x86_64.jar;C:\Users\Joao_\Downloads\javacv-platform-1.3-bin\javacv-bin\libfreenect-platform.jar;C:\Users\Joao_\Downloads\javacv-platform-1.3-bin\javacv-bin\libfreenect-windows-x86_64.jar;C:\Users\Joao_\Downloads\javacv-platform-1.3-bin\javacv-bin\librealsense-platform.jar;C:\Users\Joao_\Downloads\javacv-platform-1.3-bin\javacv-bin\librealsense.jar;C:\Users\Joao_\Downloads\javacv-platform-1.3-bin\javacv-bin\opencv.jar;C:\Users\Joao_\Downloads\javacv-platform-1.3-bin\javacv-bin\videoinput.jar;C:\TCC.UniSecurity\build\classes
Launcher Type: SUN_STANDARD

Environment Variables:
PATH=C:\ProgramData\Oracle\Java\javapath;C:\WINDOWS\system32;C:\WINDOWS;C:\WINDOWS\System32\Wbem;C:\WINDOWS\System32\WindowsPowerShell\v1.0\;C:\Program Files (x86)\Skype\Phone\;C:\Program Files\Microsoft SQL Server\120\DTS\Binn\;C:\Program Files\Microsoft SQL Server\Client SDK\ODBC\110\Tools\Binn\;C:\Program Files (x86)\Microsoft SQL Server\120\Tools\Binn\;C:\Program Files\Microsoft SQL Server\120\Tools\Binn\;C:\Program Files (x86)\Microsoft SQL Server\120\Tools\Binn\ManagementStudio\;C:\Program Files (x86)\Microsoft SQL Server\120\DTS\Binn\;C:\Program Files\CMake\bin;C:\opencv\build\x64\vc14\bin;C:\Users\Joao_\AppData\Local\Programs\Python\Python37\Scripts\;C:\Users\Joao_\AppData\Local\Programs\Python\Python37\;C:\Users\Joao_\AppData\Local\Microsoft\WindowsApps;
USERNAME=Joao_
OS=Windows_NT
PROCESSOR_IDENTIFIER=Intel64 Family 6 Model 58 Stepping 9, GenuineIntel



---------------  S Y S T E M  ---------------

OS: Windows 10.0 , 64 bit Build 15063 (10.0.15063.296)

CPU:total 4 (2 cores per cpu, 2 threads per core) family 6 model 58 stepping 9, cmov, cx8, fxsr, mmx, sse, sse2, sse3, ssse3, sse4.1, sse4.2, popcnt, avx, aes, clmul, erms, ht, tsc, tscinvbit, tscinv

Memory: 4k page, physical 4092772k(811732k free), swap 6101444k(1266820k free)

vm_info: Java HotSpot(TM) 64-Bit Server VM (25.91-b14) for windows-amd64 JRE (1.8.0_91-b14), built on Apr  1 2016 00:58:32 by "java_re" with MS VC++ 10.0 (VS2010)

time: Thu Oct 19 19:43:45 2017
elapsed time: 4 seconds (0d 0h 0m 4s)

