#
# A fatal error has been detected by the Java Runtime Environment:
#
#  EXCEPTION_ACCESS_VIOLATION (0xc0000005) at pc=0x00007ff9783d0e57, pid=10208, tid=5200
#
# JRE version: Java(TM) SE Runtime Environment (8.0_91-b14) (build 1.8.0_91-b14)
# Java VM: Java HotSpot(TM) 64-Bit Server VM (25.91-b14 mixed mode windows-amd64 compressed oops)
# Problematic frame:
# C  [ntdll.dll+0x30e57]
#
# Failed to write core dump. Minidumps are not enabled by default on client versions of Windows
#
# If you would like to submit a bug report, please visit:
#   http://bugreport.java.com/bugreport/crash.jsp
# The crash happened outside the Java Virtual Machine in native code.
# See problematic frame for where to report the bug.
#

---------------  T H R E A D  ---------------

Current thread (0x0000000016fa9000):  JavaThread "JavaCPP Deallocator" daemon [_thread_in_native, id=5200, stack(0x0000000019150000,0x0000000019250000)]

siginfo: ExceptionCode=0xc0000005, reading address 0xffffffffffffffff

Registers:
RAX=0x0000000000000001, RBX=0x0000000019f52a20, RCX=0x00000000006c0000, RDX=0x0000000000000000
RSP=0x000000001924f2b0, RBP=0x88003100db3d2650, RSI=0x0000000000000000, RDI=0x00000000006c0000
R8 =0x88003100db3d2650, R9 =0x0000000000008000, R10=0x0000000000794700, R11=0x0000000058364c18
R12=0x0000000000000000, R13=0x00000000149c44d8, R14=0x88003100db3d2640, R15=0x0000000016fa9000
RIP=0x00007ff9783d0e57, EFLAGS=0x0000000000010246

Top of Stack: (sp=0x000000001924f2b0)
0x000000001924f2b0:   00007ff943b3c7f0 0000000016fa9000
0x000000001924f2c0:   0000000000794700 0000000014c1a560
0x000000001924f2d0:   00007ff943b3c7f0 0000000057d39ec1
0x000000001924f2e0:   00000000000003d8 000000001924f400
0x000000001924f2f0:   000000001924f370 0000000014c1a550
0x000000001924f300:   0000000016fa9000 000000001924f4c0
0x000000001924f310:   00000000149c44d8 0000000000000000
0x000000001924f320:   0000000000000000 0000000000000000
0x000000001924f330:   0000000000000000 000000001924f4c0
0x000000001924f340:   0000000019f52a20 0000000000000000
0x000000001924f350:   0000000000000000 000000001924f440
0x000000001924f360:   0000000000000000 00007ff95f7b69d8
0x000000001924f370:   0000000019f52a20 0000000016fa9000
0x000000001924f380:   0000000016fa9000 0000000016ea1760
0x000000001924f390:   0000000019f52a20 00007ff94649705b
0x000000001924f3a0:   000000001924f440 0000000057c1a606 

Instructions: (pc=0x00007ff9783d0e57)
0x00007ff9783d0e37:   9e 03 00 00 f6 47 78 01 0f 85 09 82 08 00 40 f6
0x00007ff9783d0e47:   c5 0f 0f 85 dd 81 08 00 4c 8d 75 f0 41 0f 0d 0e
0x00007ff9783d0e57:   41 80 7e 0f 05 0f 84 95 81 08 00 41 f6 46 0f 3f
0x00007ff9783d0e67:   0f 84 9b 81 08 00 4d 85 f6 0f 84 55 83 08 00 80 


Register to memory mapping:

RAX=0x0000000000000001 is an unknown value
RBX=0x0000000019f52a20 is an unknown value
RCX=0x00000000006c0000 is an unknown value
RDX=0x0000000000000000 is an unknown value
RSP=0x000000001924f2b0 is pointing into the stack for thread: 0x0000000016fa9000
RBP=0x88003100db3d2650 is an unknown value
RSI=0x0000000000000000 is an unknown value
RDI=0x00000000006c0000 is an unknown value
R8 =0x88003100db3d2650 is an unknown value
R9 =0x0000000000008000 is an unknown value
R10=0x0000000000794700 is an unknown value
R11=0x0000000058364c18 is an unknown value
R12=0x0000000000000000 is an unknown value
R13=0x00000000149c44d8 is pointing into metadata
R14=0x88003100db3d2640 is an unknown value
R15=0x0000000016fa9000 is a thread


Stack: [0x0000000019150000,0x0000000019250000],  sp=0x000000001924f2b0,  free space=1020k
Native frames: (J=compiled Java code, j=interpreted, Vv=VM code, C=native code)
C  [ntdll.dll+0x30e57]
C  [msvcr120.dll+0x669d8]
C  [opencv_core310.dll+0x3705b]
C  [jniopencv_core.dll+0xbc86f]
C  0x00000000025f7f54

Java frames: (J=compiled Java code, j=interpreted, Vv=VM code)
j  org.bytedeco.javacpp.opencv_core.cvReleaseMat(Lorg/bytedeco/javacpp/opencv_core$CvMat;)V+0
j  org.bytedeco.javacpp.helper.opencv_core$AbstractCvMat$ReleaseDeallocator.deallocate()V+1
J 1609 C1 org.bytedeco.javacpp.Pointer$DeallocatorReference.clear()V (60 bytes) @ 0x0000000002b2b564 [0x0000000002b2a9a0+0xbc4]
j  org.bytedeco.javacpp.Pointer$DeallocatorThread.run()V+11
v  ~StubRoutines::call_stub

---------------  P R O C E S S  ---------------

Java Threads: ( => current thread )
  0x0000000017278800 JavaThread "pool-1-thread-1" [_thread_blocked, id=1124, stack(0x000000001caa0000,0x000000001cba0000)]
  0x000000001719f000 JavaThread "TimerQueue" daemon [_thread_blocked, id=7096, stack(0x000000001a550000,0x000000001a650000)]
  0x000000001701d000 JavaThread "Thread-1" [_thread_in_native, id=8084, stack(0x000000001a450000,0x000000001a550000)]
  0x00000000024dd800 JavaThread "DestroyJavaVM" [_thread_blocked, id=8204, stack(0x0000000002380000,0x0000000002480000)]
  0x0000000017131800 JavaThread "AWT-EventQueue-0" [_thread_blocked, id=2976, stack(0x0000000019250000,0x0000000019350000)]
=>0x0000000016fa9000 JavaThread "JavaCPP Deallocator" daemon [_thread_in_native, id=5200, stack(0x0000000019150000,0x0000000019250000)]
  0x0000000016dcc000 JavaThread "AWT-Windows" daemon [_thread_in_native, id=3552, stack(0x0000000017910000,0x0000000017a10000)]
  0x0000000016dc9800 JavaThread "AWT-Shutdown" [_thread_blocked, id=8924, stack(0x0000000017810000,0x0000000017910000)]
  0x0000000016d71000 JavaThread "Java2D Disposer" daemon [_thread_blocked, id=10172, stack(0x0000000017710000,0x0000000017810000)]
  0x0000000014c2e000 JavaThread "Service Thread" daemon [_thread_blocked, id=8076, stack(0x0000000016930000,0x0000000016a30000)]
  0x0000000014bd6000 JavaThread "C1 CompilerThread2" daemon [_thread_blocked, id=11512, stack(0x0000000016430000,0x0000000016530000)]
  0x0000000014bd3000 JavaThread "C2 CompilerThread1" daemon [_thread_blocked, id=7916, stack(0x0000000016330000,0x0000000016430000)]
  0x0000000014bd0800 JavaThread "C2 CompilerThread0" daemon [_thread_blocked, id=2464, stack(0x0000000016230000,0x0000000016330000)]
  0x0000000014bcf800 JavaThread "Attach Listener" daemon [_thread_blocked, id=8636, stack(0x0000000016130000,0x0000000016230000)]
  0x0000000014bce800 JavaThread "Signal Dispatcher" daemon [_thread_blocked, id=2920, stack(0x0000000016030000,0x0000000016130000)]
  0x0000000014bba800 JavaThread "Finalizer" daemon [_thread_blocked, id=8808, stack(0x0000000015e40000,0x0000000015f40000)]
  0x0000000014b99000 JavaThread "Reference Handler" daemon [_thread_blocked, id=10308, stack(0x0000000015d40000,0x0000000015e40000)]

Other Threads:
  0x0000000014b97800 VMThread [stack: 0x0000000015c40000,0x0000000015d40000] [id=5412]
  0x0000000016587000 WatcherThread [stack: 0x0000000016a30000,0x0000000016b30000] [id=1084]

VM state:not at safepoint (normal execution)

VM Mutex/Monitor currently owned by a thread: None

Heap:
 PSYoungGen      total 22528K, used 1603K [0x00000000eb300000, 0x00000000ecf00000, 0x0000000100000000)
  eden space 16384K, 8% used [0x00000000eb300000,0x00000000eb458df8,0x00000000ec300000)
  from space 6144K, 3% used [0x00000000ec900000,0x00000000ec938000,0x00000000ecf00000)
  to   space 6144K, 0% used [0x00000000ec300000,0x00000000ec300000,0x00000000ec900000)
 ParOldGen       total 44032K, used 8265K [0x00000000c1800000, 0x00000000c4300000, 0x00000000eb300000)
  object space 44032K, 18% used [0x00000000c1800000,0x00000000c20126c8,0x00000000c4300000)
 Metaspace       used 16574K, capacity 16774K, committed 16896K, reserved 1064960K
  class space    used 1965K, capacity 2028K, committed 2048K, reserved 1048576K

Card table byte_map: [0x00000000119a0000,0x0000000011ba0000] byte_map_base: 0x0000000011394000

Marking Bits: (ParMarkBitMap*) 0x0000000058372f70
 Begin Bits: [0x00000000120f0000, 0x0000000013090000)
 End Bits:   [0x0000000013090000, 0x0000000014030000)

Polling page: 0x0000000000b00000

CodeCache: size=245760Kb used=6415Kb max_used=6415Kb free=239344Kb
 bounds [0x00000000025e0000, 0x0000000002c30000, 0x00000000115e0000]
 total_blobs=2521 nmethods=1893 adapters=540
 compilation: enabled

Compilation events (10 events):
Event: 31.244 Thread 0x0000000014bd6000 nmethod 1902 0x0000000002c22f50 code [0x0000000002c230a0, 0x0000000002c231b0]
Event: 31.249 Thread 0x0000000014bd0800 1903       4       java.lang.StrictMath::floorOrCeil (128 bytes)
Event: 31.250 Thread 0x0000000014bd0800 nmethod 1903 0x0000000002c23f90 code [0x0000000002c24100, 0x0000000002c24238]
Event: 32.192 Thread 0x0000000014bd6000 1904       3       sun.misc.Unsafe::getAndAddInt (27 bytes)
Event: 32.192 Thread 0x0000000014bd6000 nmethod 1904 0x0000000002c23b50 code [0x0000000002c23cc0, 0x0000000002c23ed0]
Event: 32.202 Thread 0x0000000014bd6000 1905       3       java.lang.Integer::parseInt (261 bytes)
Event: 32.206 Thread 0x0000000014bd6000 nmethod 1905 0x0000000002c24350 code [0x0000000002c24700, 0x0000000002c26508]
Event: 32.212 Thread 0x0000000014bd6000 1906       1       java.nio.Buffer::remaining (10 bytes)
Event: 32.213 Thread 0x0000000014bd6000 nmethod 1906 0x0000000002c23890 code [0x0000000002c239e0, 0x0000000002c23af0]
Event: 32.988 Thread 0x0000000014bd6000 1907   !   3       org.bytedeco.javacpp.Pointer$DeallocatorReference::remove (102 bytes)

GC Heap History (10 events):
Event: 24.318 GC heap before
{Heap before GC invocations=12 (full 0):
 PSYoungGen      total 23552K, used 16106K [0x00000000eb300000, 0x00000000ed100000, 0x0000000100000000)
  eden space 16384K, 97% used [0x00000000eb300000,0x00000000ec29a838,0x00000000ec300000)
  from space 7168K, 1% used [0x00000000ec300000,0x00000000ec320000,0x00000000eca00000)
  to   space 7168K, 0% used [0x00000000eca00000,0x00000000eca00000,0x00000000ed100000)
 ParOldGen       total 44032K, used 7826K [0x00000000c1800000, 0x00000000c4300000, 0x00000000eb300000)
  object space 44032K, 17% used [0x00000000c1800000,0x00000000c1fa4a18,0x00000000c4300000)
 Metaspace       used 16124K, capacity 16294K, committed 16640K, reserved 1064960K
  class space    used 1918K, capacity 1996K, committed 2048K, reserved 1048576K
Event: 24.319 GC heap after
Heap after GC invocations=12 (full 0):
 PSYoungGen      total 22528K, used 128K [0x00000000eb300000, 0x00000000ed000000, 0x0000000100000000)
  eden space 16384K, 0% used [0x00000000eb300000,0x00000000eb300000,0x00000000ec300000)
  from space 6144K, 2% used [0x00000000eca00000,0x00000000eca20000,0x00000000ed000000)
  to   space 6656K, 0% used [0x00000000ec300000,0x00000000ec300000,0x00000000ec980000)
 ParOldGen       total 44032K, used 7904K [0x00000000c1800000, 0x00000000c4300000, 0x00000000eb300000)
  object space 44032K, 17% used [0x00000000c1800000,0x00000000c1fb8158,0x00000000c4300000)
 Metaspace       used 16124K, capacity 16294K, committed 16640K, reserved 1064960K
  class space    used 1918K, capacity 1996K, committed 2048K, reserved 1048576K
}
Event: 26.589 GC heap before
{Heap before GC invocations=13 (full 0):
 PSYoungGen      total 22528K, used 16512K [0x00000000eb300000, 0x00000000ed000000, 0x0000000100000000)
  eden space 16384K, 100% used [0x00000000eb300000,0x00000000ec300000,0x00000000ec300000)
  from space 6144K, 2% used [0x00000000eca00000,0x00000000eca20000,0x00000000ed000000)
  to   space 6656K, 0% used [0x00000000ec300000,0x00000000ec300000,0x00000000ec980000)
 ParOldGen       total 44032K, used 7904K [0x00000000c1800000, 0x00000000c4300000, 0x00000000eb300000)
  object space 44032K, 17% used [0x00000000c1800000,0x00000000c1fb8158,0x00000000c4300000)
 Metaspace       used 16166K, capacity 16358K, committed 16640K, reserved 1064960K
  class space    used 1918K, capacity 1996K, committed 2048K, reserved 1048576K
Event: 26.591 GC heap after
Heap after GC invocations=13 (full 0):
 PSYoungGen      total 23040K, used 128K [0x00000000eb300000, 0x00000000ed000000, 0x0000000100000000)
  eden space 16384K, 0% used [0x00000000eb300000,0x00000000eb300000,0x00000000ec300000)
  from space 6656K, 1% used [0x00000000ec300000,0x00000000ec320000,0x00000000ec980000)
  to   space 6656K, 0% used [0x00000000ec980000,0x00000000ec980000,0x00000000ed000000)
 ParOldGen       total 44032K, used 7974K [0x00000000c1800000, 0x00000000c4300000, 0x00000000eb300000)
  object space 44032K, 18% used [0x00000000c1800000,0x00000000c1fc9898,0x00000000c4300000)
 Metaspace       used 16166K, capacity 16358K, committed 16640K, reserved 1064960K
  class space    used 1918K, capacity 1996K, committed 2048K, reserved 1048576K
}
Event: 28.589 GC heap before
{Heap before GC invocations=14 (full 0):
 PSYoungGen      total 23040K, used 15627K [0x00000000eb300000, 0x00000000ed000000, 0x0000000100000000)
  eden space 16384K, 94% used [0x00000000eb300000,0x00000000ec222e60,0x00000000ec300000)
  from space 6656K, 1% used [0x00000000ec300000,0x00000000ec320000,0x00000000ec980000)
  to   space 6656K, 0% used [0x00000000ec980000,0x00000000ec980000,0x00000000ed000000)
 ParOldGen       total 44032K, used 7974K [0x00000000c1800000, 0x00000000c4300000, 0x00000000eb300000)
  object space 44032K, 18% used [0x00000000c1800000,0x00000000c1fc9898,0x00000000c4300000)
 Metaspace       used 16334K, capacity 16518K, committed 16640K, reserved 1064960K
  class space    used 1943K, capacity 2028K, committed 2048K, reserved 1048576K
Event: 28.591 GC heap after
Heap after GC invocations=14 (full 0):
 PSYoungGen      total 23040K, used 192K [0x00000000eb300000, 0x00000000ed000000, 0x0000000100000000)
  eden space 16384K, 0% used [0x00000000eb300000,0x00000000eb300000,0x00000000ec300000)
  from space 6656K, 2% used [0x00000000ec980000,0x00000000ec9b0000,0x00000000ed000000)
  to   space 6656K, 0% used [0x00000000ec300000,0x00000000ec300000,0x00000000ec980000)
 ParOldGen       total 44032K, used 8021K [0x00000000c1800000, 0x00000000c4300000, 0x00000000eb300000)
  object space 44032K, 18% used [0x00000000c1800000,0x00000000c1fd5438,0x00000000c4300000)
 Metaspace       used 16334K, capacity 16518K, committed 16640K, reserved 1064960K
  class space    used 1943K, capacity 2028K, committed 2048K, reserved 1048576K
}
Event: 30.845 GC heap before
{Heap before GC invocations=15 (full 0):
 PSYoungGen      total 23040K, used 16516K [0x00000000eb300000, 0x00000000ed000000, 0x0000000100000000)
  eden space 16384K, 99% used [0x00000000eb300000,0x00000000ec2f1368,0x00000000ec300000)
  from space 6656K, 2% used [0x00000000ec980000,0x00000000ec9b0000,0x00000000ed000000)
  to   space 6656K, 0% used [0x00000000ec300000,0x00000000ec300000,0x00000000ec980000)
 ParOldGen       total 44032K, used 8021K [0x00000000c1800000, 0x00000000c4300000, 0x00000000eb300000)
  object space 44032K, 18% used [0x00000000c1800000,0x00000000c1fd5438,0x00000000c4300000)
 Metaspace       used 16420K, capacity 16582K, committed 16896K, reserved 1064960K
  class space    used 1943K, capacity 2028K, committed 2048K, reserved 1048576K
Event: 30.845 GC heap after
Heap after GC invocations=15 (full 0):
 PSYoungGen      total 16896K, used 256K [0x00000000eb300000, 0x00000000ecf00000, 0x0000000100000000)
  eden space 16384K, 0% used [0x00000000eb300000,0x00000000eb300000,0x00000000ec300000)
  from space 512K, 50% used [0x00000000ec300000,0x00000000ec340000,0x00000000ec380000)
  to   space 6144K, 0% used [0x00000000ec900000,0x00000000ec900000,0x00000000ecf00000)
 ParOldGen       total 44032K, used 8132K [0x00000000c1800000, 0x00000000c4300000, 0x00000000eb300000)
  object space 44032K, 18% used [0x00000000c1800000,0x00000000c1ff10e8,0x00000000c4300000)
 Metaspace       used 16420K, capacity 16582K, committed 16896K, reserved 1064960K
  class space    used 1943K, capacity 2028K, committed 2048K, reserved 1048576K
}
Event: 32.986 GC heap before
{Heap before GC invocations=16 (full 0):
 PSYoungGen      total 16896K, used 15924K [0x00000000eb300000, 0x00000000ecf00000, 0x0000000100000000)
  eden space 16384K, 95% used [0x00000000eb300000,0x00000000ec24d328,0x00000000ec300000)
  from space 512K, 50% used [0x00000000ec300000,0x00000000ec340000,0x00000000ec380000)
  to   space 6144K, 0% used [0x00000000ec900000,0x00000000ec900000,0x00000000ecf00000)
 ParOldGen       total 44032K, used 8132K [0x00000000c1800000, 0x00000000c4300000, 0x00000000eb300000)
  object space 44032K, 18% used [0x00000000c1800000,0x00000000c1ff10e8,0x00000000c4300000)
 Metaspace       used 16574K, capacity 16774K, committed 16896K, reserved 1064960K
  class space    used 1965K, capacity 2028K, committed 2048K, reserved 1048576K
Event: 32.988 GC heap after
Heap after GC invocations=16 (full 0):
 PSYoungGen      total 22528K, used 224K [0x00000000eb300000, 0x00000000ecf00000, 0x0000000100000000)
  eden space 16384K, 0% used [0x00000000eb300000,0x00000000eb300000,0x00000000ec300000)
  from space 6144K, 3% used [0x00000000ec900000,0x00000000ec938000,0x00000000ecf00000)
  to   space 6144K, 0% used [0x00000000ec300000,0x00000000ec300000,0x00000000ec900000)
 ParOldGen       total 44032K, used 8265K [0x00000000c1800000, 0x00000000c4300000, 0x00000000eb300000)
  object space 44032K, 18% used [0x00000000c1800000,0x00000000c20126c8,0x00000000c4300000)
 Metaspace       used 16574K, capacity 16774K, committed 16896K, reserved 1064960K
  class space    used 1965K, capacity 2028K, committed 2048K, reserved 1048576K
}

Deoptimization events (10 events):
Event: 1.453 Thread 0x0000000017131800 Uncommon trap: reason=unstable_if action=reinterpret pc=0x00000000027e12a4 method=java.util.HashMap.getNode(ILjava/lang/Object;)Ljava/util/HashMap$Node; @ 84
Event: 1.453 Thread 0x0000000017131800 Uncommon trap: reason=unstable_if action=reinterpret pc=0x0000000002860a00 method=java.util.HashMap.getNode(ILjava/lang/Object;)Ljava/util/HashMap$Node; @ 84
Event: 1.844 Thread 0x0000000017131800 Uncommon trap: reason=unstable_if action=reinterpret pc=0x0000000002910714 method=java.util.LinkedHashMap.get(Ljava/lang/Object;)Ljava/lang/Object; @ 20
Event: 1.846 Thread 0x0000000017131800 Uncommon trap: reason=unstable_if action=reinterpret pc=0x000000000299ecd4 method=java.awt.MultipleGradientPaintContext.indexIntoGradientsArrays(F)I @ 13
Event: 2.405 Thread 0x0000000017131800 Uncommon trap: reason=unstable_if action=reinterpret pc=0x00000000029c2868 method=org.bytedeco.javacv.Java2DFrameConverter.flipCopyWithGamma(Ljava/nio/ByteBuffer;ILjava/nio/ByteBuffer;IZDZI)V @ 50
Event: 27.026 Thread 0x0000000017131800 Uncommon trap: reason=class_check action=maybe_recompile pc=0x0000000002783fa8 method=java.lang.String.equals(Ljava/lang/Object;)Z @ 8
Event: 27.026 Thread 0x0000000017131800 Uncommon trap: reason=class_check action=maybe_recompile pc=0x0000000002783fa8 method=java.lang.String.equals(Ljava/lang/Object;)Z @ 8
Event: 27.143 Thread 0x0000000017131800 Uncommon trap: reason=class_check action=maybe_recompile pc=0x0000000002783fa8 method=java.lang.String.equals(Ljava/lang/Object;)Z @ 8
Event: 27.143 Thread 0x0000000017131800 Uncommon trap: reason=class_check action=maybe_recompile pc=0x0000000002783fa8 method=java.lang.String.equals(Ljava/lang/Object;)Z @ 8
Event: 31.251 Thread 0x0000000017278800 Uncommon trap: reason=unstable_if action=reinterpret pc=0x000000000285411c method=java.io.WinNTFileSystem.normalize(Ljava/lang/String;)Ljava/lang/String; @ 128

Internal exceptions (10 events):
Event: 1.672 Thread 0x000000001701d000 Exception <a 'java/lang/UnsatisfiedLinkError'> (0x00000000ebdfe220) thrown at [C:\re\workspace\8-2-build-windows-amd64-cygwin\jdk8u91\6644\hotspot\src\share\vm\prims\jni.cpp, line 709]
Event: 1.674 Thread 0x000000001701d000 Exception <a 'java/lang/UnsatisfiedLinkError'> (0x00000000ebe01240) thrown at [C:\re\workspace\8-2-build-windows-amd64-cygwin\jdk8u91\6644\hotspot\src\share\vm\prims\jvm.cpp, line 3969]
Event: 1.674 Thread 0x000000001701d000 Exception <a 'java/lang/UnsatisfiedLinkError'> (0x00000000ebe01240) thrown at [C:\re\workspace\8-2-build-windows-amd64-cygwin\jdk8u91\6644\hotspot\src\share\vm\prims\jni.cpp, line 709]
Event: 1.675 Thread 0x000000001701d000 Exception <a 'java/lang/UnsatisfiedLinkError'> (0x00000000ebe04260) thrown at [C:\re\workspace\8-2-build-windows-amd64-cygwin\jdk8u91\6644\hotspot\src\share\vm\prims\jvm.cpp, line 3969]
Event: 1.676 Thread 0x000000001701d000 Exception <a 'java/lang/UnsatisfiedLinkError'> (0x00000000ebe04260) thrown at [C:\re\workspace\8-2-build-windows-amd64-cygwin\jdk8u91\6644\hotspot\src\share\vm\prims\jni.cpp, line 709]
Event: 1.676 Thread 0x000000001701d000 Exception <a 'java/lang/UnsatisfiedLinkError'> (0x00000000ebe04898) thrown at [C:\re\workspace\8-2-build-windows-amd64-cygwin\jdk8u91\6644\hotspot\src\share\vm\oops\instanceKlass.cpp, line 948]
Event: 1.676 Thread 0x000000001701d000 Exception <a 'java/lang/reflect/InvocationTargetException'> (0x00000000ebe05130) thrown at [C:\re\workspace\8-2-build-windows-amd64-cygwin\jdk8u91\6644\hotspot\src\share\vm\runtime\reflection.cpp, line 1092]
Event: 1.741 Thread 0x000000001701d000 Exception <a 'java/lang/NoClassDefFoundError': cl/eye/CLCamera> (0x00000000ec0255b0) thrown at [C:\re\workspace\8-2-build-windows-amd64-cygwin\jdk8u91\6644\hotspot\src\share\vm\classfile\systemDictionary.cpp, line 199]
Event: 31.250 Thread 0x0000000017278800 Implicit null exception at 0x0000000002b110f7 to 0x0000000002b11463
Event: 31.250 Thread 0x0000000017278800 Exception <a 'java/lang/NullPointerException'> (0x00000000eb78f0d8) thrown at [C:\re\workspace\8-2-build-windows-amd64-cygwin\jdk8u91\6644\hotspot\src\share\vm\runtime\sharedRuntime.cpp, line 605]

Events (10 events):
Event: 31.657 loading class sun/util/resources/OpenListResourceBundle
Event: 31.658 loading class sun/util/resources/OpenListResourceBundle done
Event: 31.658 loading class sun/util/resources/TimeZoneNamesBundle done
Event: 31.658 loading class sun/util/resources/TimeZoneNames done
Event: 31.658 loading class sun/util/resources/en/TimeZoneNames_en
Event: 31.658 loading class sun/util/resources/en/TimeZoneNames_en done
Event: 32.986 Executing VM operation: ParallelGCFailedAllocation
Event: 32.988 Executing VM operation: ParallelGCFailedAllocation done
Event: 32.988 Executing VM operation: RevokeBias
Event: 32.988 Executing VM operation: RevokeBias done


Dynamic libraries:
0x00007ff7d8260000 - 0x00007ff7d8297000 	C:\Program Files\Java\jdk1.8.0_91\bin\java.exe
0x00007ff9783a0000 - 0x00007ff97857b000 	C:\WINDOWS\SYSTEM32\ntdll.dll
0x00007ff9782c0000 - 0x00007ff97836e000 	C:\WINDOWS\System32\KERNEL32.DLL
0x00007ff9748c0000 - 0x00007ff974b09000 	C:\WINDOWS\System32\KERNELBASE.dll
0x00007ff9759a0000 - 0x00007ff975a41000 	C:\WINDOWS\System32\ADVAPI32.dll
0x00007ff977150000 - 0x00007ff9771ed000 	C:\WINDOWS\System32\msvcrt.dll
0x00007ff977460000 - 0x00007ff9774b9000 	C:\WINDOWS\System32\sechost.dll
0x00007ff977a70000 - 0x00007ff977b95000 	C:\WINDOWS\System32\RPCRT4.dll
0x00007ff978160000 - 0x00007ff9782aa000 	C:\WINDOWS\System32\USER32.dll
0x00007ff975580000 - 0x00007ff97559e000 	C:\WINDOWS\System32\win32u.dll
0x00007ff975a50000 - 0x00007ff975a77000 	C:\WINDOWS\System32\GDI32.dll
0x00007ff9755a0000 - 0x00007ff975727000 	C:\WINDOWS\System32\gdi32full.dll
0x00007ff974d70000 - 0x00007ff974e0a000 	C:\WINDOWS\System32\msvcp_win.dll
0x00007ff974b60000 - 0x00007ff974c56000 	C:\WINDOWS\System32\ucrtbase.dll
0x00007ff96b2b0000 - 0x00007ff96b517000 	C:\WINDOWS\WinSxS\amd64_microsoft.windows.common-controls_6595b64144ccf1df_6.0.15063.483_none_26002d27e7c744a2\COMCTL32.dll
0x00007ff977770000 - 0x00007ff977a69000 	C:\WINDOWS\System32\combase.dll
0x00007ff974e10000 - 0x00007ff974e7a000 	C:\WINDOWS\System32\bcryptPrimitives.dll
0x00007ff978370000 - 0x00007ff97839d000 	C:\WINDOWS\System32\IMM32.DLL
0x00000000585d0000 - 0x00000000586a2000 	C:\Program Files\Java\jdk1.8.0_91\jre\bin\msvcr100.dll
0x0000000057b60000 - 0x00000000583f3000 	C:\Program Files\Java\jdk1.8.0_91\jre\bin\server\jvm.dll
0x00007ff9771f0000 - 0x00007ff9771f8000 	C:\WINDOWS\System32\PSAPI.DLL
0x00007ff9729d0000 - 0x00007ff9729f3000 	C:\WINDOWS\SYSTEM32\WINMM.dll
0x00007ff9664f0000 - 0x00007ff9664fa000 	C:\WINDOWS\SYSTEM32\VERSION.dll
0x00007ff96cd80000 - 0x00007ff96cd89000 	C:\WINDOWS\SYSTEM32\WSOCK32.dll
0x00007ff972970000 - 0x00007ff97299b000 	C:\WINDOWS\SYSTEM32\WINMMBASE.dll
0x00007ff974b10000 - 0x00007ff974b59000 	C:\WINDOWS\System32\cfgmgr32.dll
0x00007ff977ba0000 - 0x00007ff977c0c000 	C:\WINDOWS\System32\WS2_32.dll
0x00000000595e0000 - 0x00000000595ef000 	C:\Program Files\Java\jdk1.8.0_91\jre\bin\verify.dll
0x0000000057af0000 - 0x0000000057b19000 	C:\Program Files\Java\jdk1.8.0_91\jre\bin\java.dll
0x00000000595c0000 - 0x00000000595d6000 	C:\Program Files\Java\jdk1.8.0_91\jre\bin\zip.dll
0x00007ff975c00000 - 0x00007ff977036000 	C:\WINDOWS\System32\SHELL32.dll
0x00007ff978050000 - 0x00007ff9780fa000 	C:\WINDOWS\System32\shcore.dll
0x00007ff974e80000 - 0x00007ff975571000 	C:\WINDOWS\System32\windows.storage.dll
0x00007ff977540000 - 0x00007ff977591000 	C:\WINDOWS\System32\shlwapi.dll
0x00007ff974880000 - 0x00007ff974891000 	C:\WINDOWS\System32\kernel.appcore.dll
0x00007ff974830000 - 0x00007ff97487c000 	C:\WINDOWS\System32\powrprof.dll
0x00007ff974810000 - 0x00007ff974825000 	C:\WINDOWS\System32\profapi.dll
0x0000000057910000 - 0x0000000057aa8000 	C:\Program Files\Java\jdk1.8.0_91\jre\bin\awt.dll
0x00007ff9773a0000 - 0x00007ff977460000 	C:\WINDOWS\System32\OLEAUT32.dll
0x00007ff972ff0000 - 0x00007ff97306e000 	C:\WINDOWS\SYSTEM32\apphelp.dll
0x00007ff973280000 - 0x00007ff973315000 	C:\WINDOWS\system32\uxtheme.dll
0x00007ff975a90000 - 0x00007ff975bf6000 	C:\WINDOWS\System32\MSCTF.dll
0x00007ff971b20000 - 0x00007ff971b4a000 	C:\WINDOWS\system32\dwmapi.dll
0x00007ff977620000 - 0x00007ff977765000 	C:\WINDOWS\System32\ole32.dll
0x00000000578c0000 - 0x0000000057907000 	C:\Program Files\Java\jdk1.8.0_91\jre\bin\fontmanager.dll
0x00007ff95f750000 - 0x00007ff95f83f000 	C:\Users\Joao_\.javacpp\cache\opencv-windows-x86_64.jar\org\bytedeco\javacpp\windows-x86_64\msvcr120.dll
0x00007ff949860000 - 0x00007ff949906000 	C:\Users\Joao_\.javacpp\cache\opencv-windows-x86_64.jar\org\bytedeco\javacpp\windows-x86_64\msvcp120.dll
0x00007ff946460000 - 0x00007ff9466da000 	C:\Users\Joao_\.javacpp\cache\opencv-windows-x86_64.jar\org\bytedeco\javacpp\windows-x86_64\opencv_core310.dll
0x00007ff943cb0000 - 0x00007ff943ff2000 	C:\Users\Joao_\.javacpp\cache\opencv-windows-x86_64.jar\org\bytedeco\javacpp\windows-x86_64\opencv_imgproc310.dll
0x00007ff943a80000 - 0x00007ff943ca7000 	C:\Users\Joao_\.javacpp\cache\opencv-windows-x86_64.jar\org\bytedeco\javacpp\windows-x86_64\jniopencv_core.dll
0x0000000057ad0000 - 0x0000000057aea000 	C:\Program Files\Java\jdk1.8.0_91\jre\bin\net.dll
0x00007ff9740c0000 - 0x00007ff97411c000 	C:\WINDOWS\system32\mswsock.dll
0x0000000057ab0000 - 0x0000000057ac1000 	C:\Program Files\Java\jdk1.8.0_91\jre\bin\nio.dll
0x00007ff949000000 - 0x00007ff9490ed000 	C:\Users\Joao_\.javacpp\cache\opencv-windows-x86_64.jar\org\bytedeco\javacpp\windows-x86_64\jniopencv_imgproc.dll
0x00007ff9437b0000 - 0x00007ff943a79000 	C:\Users\Joao_\.javacpp\cache\opencv-windows-x86_64.jar\org\bytedeco\javacpp\windows-x86_64\opencv_imgcodecs310.dll
0x00007ff96f0a0000 - 0x00007ff96f0c5000 	C:\Users\Joao_\.javacpp\cache\opencv-windows-x86_64.jar\org\bytedeco\javacpp\windows-x86_64\jniopencv_imgcodecs.dll
0x00007ff951d20000 - 0x00007ff951d73000 	C:\Users\Joao_\.javacpp\cache\opencv-windows-x86_64.jar\org\bytedeco\javacpp\windows-x86_64\opencv_videoio310.dll
0x00007ff96ccc0000 - 0x00007ff96cce9000 	C:\WINDOWS\SYSTEM32\MSVFW32.dll
0x00007ff965620000 - 0x00007ff96563f000 	C:\WINDOWS\SYSTEM32\AVIFIL32.dll
0x00007ff964d80000 - 0x00007ff964d98000 	C:\WINDOWS\SYSTEM32\AVICAP32.dll
0x00007ff95a010000 - 0x00007ff95a02c000 	C:\WINDOWS\SYSTEM32\MSACM32.dll
0x00007ff95afb0000 - 0x00007ff95afc7000 	C:\Users\Joao_\.javacpp\cache\opencv-windows-x86_64.jar\org\bytedeco\javacpp\windows-x86_64\jniopencv_videoio.dll
0x00007ff95a450000 - 0x00007ff95a47c000 	C:\Users\Joao_\.javacpp\cache\opencv-windows-x86_64.jar\org\bytedeco\javacpp\windows-x86_64\opencv_highgui310.dll
0x00007ff977040000 - 0x00007ff977148000 	C:\WINDOWS\System32\COMDLG32.dll
0x00007ff959260000 - 0x00007ff959295000 	C:\Users\Joao_\.javacpp\cache\opencv-windows-x86_64.jar\org\bytedeco\javacpp\windows-x86_64\jniopencv_highgui.dll
0x00007ff948f30000 - 0x00007ff948ffd000 	C:\Users\Joao_\.javacpp\cache\opencv-windows-x86_64.jar\org\bytedeco\javacpp\windows-x86_64\opencv_ml310.dll
0x00007ff955190000 - 0x00007ff9551cf000 	C:\Users\Joao_\.javacpp\cache\opencv-windows-x86_64.jar\org\bytedeco\javacpp\windows-x86_64\jniopencv_ml.dll
0x00007ff9497c0000 - 0x00007ff949856000 	C:\Users\Joao_\.javacpp\cache\opencv-windows-x86_64.jar\org\bytedeco\javacpp\windows-x86_64\opencv_objdetect310.dll
0x00007ff94b780000 - 0x00007ff94b7d4000 	C:\Users\Joao_\.javacpp\cache\opencv-windows-x86_64.jar\org\bytedeco\javacpp\windows-x86_64\jniopencv_objdetect.dll
0x00007ff947b60000 - 0x00007ff947ba6000 	C:\Users\Joao_\.javacpp\cache\opencv-windows-x86_64.jar\org\bytedeco\javacpp\windows-x86_64\opencv_face310.dll
0x00007ff95a290000 - 0x00007ff95a2aa000 	C:\Users\Joao_\.javacpp\cache\opencv-windows-x86_64.jar\org\bytedeco\javacpp\windows-x86_64\jniopencv_face.dll
0x00007ff953200000 - 0x00007ff953226000 	C:\Users\Joao_\.javacpp\cache\videoinput-windows-x86_64.jar\org\bytedeco\javacpp\windows-x86_64\jnivideoInputLib.dll
0x0000000057870000 - 0x00000000578b2000 	C:\Program Files\Java\jdk1.8.0_91\jre\bin\t2k.dll
0x00007ff975900000 - 0x00007ff97599e000 	C:\WINDOWS\System32\clbcatq.dll
0x00007ff970c80000 - 0x00007ff970e2c000 	C:\WINDOWS\SYSTEM32\WindowsCodecs.dll
0x0000000057700000 - 0x0000000057715000 	C:\Users\Joao_\.javacpp\cache\libfreenect-windows-x86_64.jar\org\bytedeco\javacpp\windows-x86_64\libusb0.dll
0x00007ff977c10000 - 0x00007ff97804b000 	C:\WINDOWS\System32\SETUPAPI.dll
0x00007ff94ee10000 - 0x00007ff94ee44000 	C:\Users\Joao_\.javacpp\cache\libfreenect-windows-x86_64.jar\org\bytedeco\javacpp\windows-x86_64\freenect.dll
0x00007ff9591e0000 - 0x00007ff9591f9000 	C:\Users\Joao_\.javacpp\cache\libfreenect-windows-x86_64.jar\org\bytedeco\javacpp\windows-x86_64\pthreadVC2.dll
0x00007ff952fd0000 - 0x00007ff952ff4000 	C:\Users\Joao_\.javacpp\cache\libfreenect-windows-x86_64.jar\org\bytedeco\javacpp\windows-x86_64\jnifreenect.dll
0x00007ff963770000 - 0x00007ff9637b7000 	C:\WINDOWS\system32\dataexchange.dll
0x00007ff971ff0000 - 0x00007ff9722cf000 	C:\WINDOWS\system32\d3d11.dll
0x00007ff972ae0000 - 0x00007ff972c02000 	C:\WINDOWS\system32\dcomp.dll
0x00007ff973820000 - 0x00007ff9738c4000 	C:\WINDOWS\system32\dxgi.dll
0x00007ff973110000 - 0x00007ff973280000 	C:\WINDOWS\system32\twinapi.appcore.dll
0x00007ff974750000 - 0x00007ff974775000 	C:\WINDOWS\system32\bcrypt.dll
0x00007ff96f450000 - 0x00007ff96f4d2000 	C:\WINDOWS\System32\TextInputFramework.dll
0x00007ff970700000 - 0x00007ff9709d2000 	C:\WINDOWS\System32\CoreUIComponents.dll
0x00007ff972880000 - 0x00007ff972963000 	C:\WINDOWS\System32\CoreMessaging.dll
0x00007ff973a20000 - 0x00007ff973a51000 	C:\WINDOWS\SYSTEM32\ntmarta.dll
0x00007ff971000000 - 0x00007ff971139000 	C:\WINDOWS\SYSTEM32\wintypes.dll
0x00007ff971530000 - 0x00007ff971545000 	C:\WINDOWS\SYSTEM32\usermgrcli.dll
0x00007ff9591a0000 - 0x00007ff9591b7000 	C:\Windows\System32\devenum.dll
0x00007ff973450000 - 0x00007ff973478000 	C:\WINDOWS\SYSTEM32\DEVOBJ.dll
0x00007ff974d10000 - 0x00007ff974d66000 	C:\WINDOWS\System32\WINTRUST.dll
0x00007ff9748a0000 - 0x00007ff9748b1000 	C:\WINDOWS\System32\MSASN1.dll
0x00007ff975730000 - 0x00007ff9758f9000 	C:\WINDOWS\System32\CRYPT32.dll
0x00007ff96f110000 - 0x00007ff96f11b000 	C:\WINDOWS\SYSTEM32\msdmo.dll
0x00007ff949c50000 - 0x00007ff949c82000 	C:\Windows\System32\qcap.dll
0x00007ff946890000 - 0x00007ff946a4c000 	C:\Windows\System32\quartz.dll
0x00007ff947b10000 - 0x00007ff947b5d000 	C:\Windows\System32\mfksproxy.dll
0x00007ff96cca0000 - 0x00007ff96ccbc000 	C:\Windows\System32\ATL.DLL
0x00007ff965000000 - 0x00007ff965032000 	C:\Windows\System32\MFSENSORGROUP.dll
0x00007ff96a1b0000 - 0x00007ff96a350000 	C:\Windows\System32\MFPlat.DLL
0x00007ff96b9c0000 - 0x00007ff96b9f2000 	C:\Windows\System32\RTWorkQ.DLL
0x0000000057830000 - 0x000000005785a000 	C:\Program Files\Java\jdk1.8.0_91\jre\bin\dcpr.dll
0x00007ff947ac0000 - 0x00007ff947b08000 	C:\Windows\System32\ksproxy.ax
0x00007ff96f2c0000 - 0x00007ff96f2c9000 	C:\Windows\System32\ksuser.dll
0x00007ff9462d0000 - 0x00007ff946459000 	C:\Windows\System32\d3d9.dll
0x00007ff971800000 - 0x00007ff971877000 	C:\WINDOWS\SYSTEM32\policymanager.dll
0x00007ff971770000 - 0x00007ff9717ff000 	C:\Windows\System32\msvcp110_win.dll
0x00007ff96f020000 - 0x00007ff96f02c000 	C:\Windows\System32\vidcap.ax
0x00007ff952d80000 - 0x00007ff952da6000 	C:\Windows\System32\kswdmcap.ax
0x00007ff945b50000 - 0x00007ff945cb4000 	C:\Windows\System32\MFC42.dll
0x00007ff947a20000 - 0x00007ff947abf000 	C:\Windows\System32\qedit.dll
0x00007ff9695a0000 - 0x00007ff969735000 	C:\WINDOWS\WinSxS\amd64_microsoft.windows.gdiplus_6595b64144ccf1df_1.1.15063.608_none_56f0266b425534e9\gdiplus.dll
0x00007ff9436b0000 - 0x00007ff9437a6000 	C:\Windows\System32\DDRAW.dll
0x00007ff969e20000 - 0x00007ff969e28000 	C:\Windows\System32\DCIMAN32.dll
0x00007ff940c30000 - 0x00007ff940e47000 	C:\Program Files (x86)\K-Lite Codec Pack\Filters\DirectVobSub64\vsfilter.dll
0x00007ff969770000 - 0x00007ff9697db000 	C:\WINDOWS\SYSTEM32\OLEACC.dll
0x00007ff95ce60000 - 0x00007ff95ceea000 	C:\WINDOWS\SYSTEM32\WINSPOOL.DRV
0x00007ff959ce0000 - 0x00007ff95a00e000 	C:\WINDOWS\SYSTEM32\WININET.dll
0x00007ff970320000 - 0x00007ff97032c000 	C:\WINDOWS\SYSTEM32\msyuv.dll
0x00007ff964820000 - 0x00007ff9649c9000 	C:\WINDOWS\SYSTEM32\dbghelp.dll

VM Arguments:
jvm_args: -Dfile.encoding=UTF-8 -Djava.library.path=C:\opencv\build\java\x64 
java_command: main.main
java_class_path (initial): C:\Users\Joao_\Downloads\javacpp-1.3-bin\javacpp-bin\javacpp.jar;C:\Users\Joao_\Downloads\javacv-platform-1.3-bin\javacv-bin\opencv-windows-x86_64.jar;C:\Users\Joao_\Downloads\javacv-platform-1.3-bin\javacv-bin\videoinput-windows-x86_64.jar;C:\Users\Joao_\Downloads\javacv-platform-1.3-bin\javacv-bin\artoolkitplus-windows-x86_64.jar;C:\Users\Joao_\Downloads\javacv-platform-1.3-bin\javacv-bin\ffmpeg-windows-x86_64.jar;C:\Users\Joao_\Downloads\javacv-platform-1.3-bin\javacv-bin\flandmark-windows-x86_64.jar;C:\Users\Joao_\Downloads\javacv-platform-1.3-bin\javacv-bin\flycapture-windows-x86_64.jar;C:\Users\Joao_\Downloads\javacv-platform-1.3-bin\javacv-bin\javacv-platform.jar;C:\Users\Joao_\Downloads\javacv-platform-1.3-bin\javacv-bin\javacv.jar;C:\Users\Joao_\Downloads\javacv-platform-1.3-bin\javacv-bin\libdc1394-windows-x86_64.jar;C:\Users\Joao_\Downloads\javacv-platform-1.3-bin\javacv-bin\libfreenect-platform.jar;C:\Users\Joao_\Downloads\javacv-platform-1.3-bin\javacv-bin\libfreenect-windows-x86_64.jar;C:\Users\Joao_\Downloads\javacv-platform-1.3-bin\javacv-bin\librealsense-platform.jar;C:\Users\Joao_\Downloads\javacv-platform-1.3-bin\javacv-bin\librealsense.jar;C:\Users\Joao_\Downloads\javacv-platform-1.3-bin\javacv-bin\opencv.jar;C:\Users\Joao_\Downloads\javacv-platform-1.3-bin\javacv-bin\videoinput.jar;C:\TCC.UniSecurity\build\classes
Launcher Type: SUN_STANDARD

Environment Variables:
PATH=C:\ProgramData\Oracle\Java\javapath;C:\WINDOWS\system32;C:\WINDOWS;C:\WINDOWS\System32\Wbem;C:\WINDOWS\System32\WindowsPowerShell\v1.0\;C:\Program Files (x86)\Skype\Phone\;C:\Program Files\Microsoft SQL Server\120\DTS\Binn\;C:\Program Files\Microsoft SQL Server\Client SDK\ODBC\110\Tools\Binn\;C:\Program Files (x86)\Microsoft SQL Server\120\Tools\Binn\;C:\Program Files\Microsoft SQL Server\120\Tools\Binn\;C:\Program Files (x86)\Microsoft SQL Server\120\Tools\Binn\ManagementStudio\;C:\Program Files (x86)\Microsoft SQL Server\120\DTS\Binn\;C:\Program Files\CMake\bin;C:\opencv\build\x64\vc14\bin;C:\Users\Joao_\AppData\Local\Programs\Python\Python37\Scripts\;C:\Users\Joao_\AppData\Local\Programs\Python\Python37\;C:\Users\Joao_\AppData\Local\Microsoft\WindowsApps;
USERNAME=Joao_
OS=Windows_NT
PROCESSOR_IDENTIFIER=Intel64 Family 6 Model 58 Stepping 9, GenuineIntel



---------------  S Y S T E M  ---------------

OS: Windows 10.0 , 64 bit Build 15063 (10.0.15063.296)

CPU:total 4 (2 cores per cpu, 2 threads per core) family 6 model 58 stepping 9, cmov, cx8, fxsr, mmx, sse, sse2, sse3, ssse3, sse4.1, sse4.2, popcnt, avx, aes, clmul, erms, ht, tsc, tscinvbit, tscinv

Memory: 4k page, physical 4092772k(1581652k free), swap 5534564k(2504816k free)

vm_info: Java HotSpot(TM) 64-Bit Server VM (25.91-b14) for windows-amd64 JRE (1.8.0_91-b14), built on Apr  1 2016 00:58:32 by "java_re" with MS VC++ 10.0 (VS2010)

time: Sat Oct 14 17:03:09 2017
elapsed time: 33 seconds (0d 0h 0m 33s)

