#
# A fatal error has been detected by the Java Runtime Environment:
#
#  EXCEPTION_ACCESS_VIOLATION (0xc0000005) at pc=0x00007ff9783d0e57, pid=9396, tid=8732
#
# JRE version: Java(TM) SE Runtime Environment (8.0_91-b14) (build 1.8.0_91-b14)
# Java VM: Java HotSpot(TM) 64-Bit Server VM (25.91-b14 mixed mode windows-amd64 compressed oops)
# Problematic frame:
# C  [ntdll.dll+0x30e57]
#
# Failed to write core dump. Minidumps are not enabled by default on client versions of Windows
#
# If you would like to submit a bug report, please visit:
#   http://bugreport.java.com/bugreport/crash.jsp
# The crash happened outside the Java Virtual Machine in native code.
# See problematic frame for where to report the bug.
#

---------------  T H R E A D  ---------------

Current thread (0x0000000018078800):  JavaThread "JavaCPP Deallocator" daemon [_thread_in_native, id=8732, stack(0x0000000019040000,0x0000000019140000)]

siginfo: ExceptionCode=0xc0000005, reading address 0xffffffffffffffff

Registers:
RAX=0x0000000000000001, RBX=0x0000000023293cc0, RCX=0x00000000006d0000, RDX=0x0000000000000000
RSP=0x000000001913edd0, RBP=0x88001300edc2de10, RSI=0x0000000000000000, RDI=0x00000000006d0000
R8 =0x88001300edc2de10, R9 =0x0000000000000003, R10=0x00007ff9784b95d0, R11=0x000000001913ed70
R12=0x0000000000000000, R13=0x00000000148544d8, R14=0x88001300edc2de00, R15=0x0000000018078800
RIP=0x00007ff9783d0e57, EFLAGS=0x0000000000010246

Top of Stack: (sp=0x000000001913edd0)
0x000000001913edd0:   00007ff947ecc7f0 0000000018078800
0x000000001913ede0:   0000000014aa0f48 0000000014aa0b70
0x000000001913edf0:   00007ff947ecc7f0 0000000057c29ec1
0x000000001913ee00:   00000000000003d8 000000001913ef20
0x000000001913ee10:   000000001913ee90 0000000014aa0b60
0x000000001913ee20:   0000000000000000 000000001913efe0
0x000000001913ee30:   00000000148544e0 0000000000000000
0x000000001913ee40:   0000000000000000 0000000000000000
0x000000001913ee50:   0000000000000000 000000001913efe0
0x000000001913ee60:   0000000023293cc0 0000000000000000
0x000000001913ee70:   0000000000000000 000000001913ef60
0x000000001913ee80:   0000000000000000 00007ff95f8a69d8
0x000000001913ee90:   0000000023293cc0 0000000018078800
0x000000001913eea0:   0000000018078800 0000000016d02e10
0x000000001913eeb0:   0000000023293cc0 00007ff94865705b
0x000000001913eec0:   000000001913ef60 0000000057b0a606 

Instructions: (pc=0x00007ff9783d0e57)
0x00007ff9783d0e37:   9e 03 00 00 f6 47 78 01 0f 85 09 82 08 00 40 f6
0x00007ff9783d0e47:   c5 0f 0f 85 dd 81 08 00 4c 8d 75 f0 41 0f 0d 0e
0x00007ff9783d0e57:   41 80 7e 0f 05 0f 84 95 81 08 00 41 f6 46 0f 3f
0x00007ff9783d0e67:   0f 84 9b 81 08 00 4d 85 f6 0f 84 55 83 08 00 80 


Register to memory mapping:

RAX=0x0000000000000001 is an unknown value
RBX=0x0000000023293cc0 is an unknown value
RCX=0x00000000006d0000 is an unknown value
RDX=0x0000000000000000 is an unknown value
RSP=0x000000001913edd0 is pointing into the stack for thread: 0x0000000018078800
RBP=0x88001300edc2de10 is an unknown value
RSI=0x0000000000000000 is an unknown value
RDI=0x00000000006d0000 is an unknown value
R8 =0x88001300edc2de10 is an unknown value
R9 =0x0000000000000003 is an unknown value
R10=0x00007ff9784b95d0 is an unknown value
R11=0x000000001913ed70 is pointing into the stack for thread: 0x0000000018078800
R12=0x0000000000000000 is an unknown value
R13=0x00000000148544d8 is pointing into metadata
R14=0x88001300edc2de00 is an unknown value
R15=0x0000000018078800 is a thread


Stack: [0x0000000019040000,0x0000000019140000],  sp=0x000000001913edd0,  free space=1019k
Native frames: (J=compiled Java code, j=interpreted, Vv=VM code, C=native code)
C  [ntdll.dll+0x30e57]
C  [msvcr120.dll+0x669d8]
C  [opencv_core310.dll+0x3705b]
C  [jniopencv_core.dll+0xbc86f]
C  0x0000000002487f54

Java frames: (J=compiled Java code, j=interpreted, Vv=VM code)
j  org.bytedeco.javacpp.opencv_core.cvReleaseMat(Lorg/bytedeco/javacpp/opencv_core$CvMat;)V+0
j  org.bytedeco.javacpp.helper.opencv_core$AbstractCvMat$ReleaseDeallocator.deallocate()V+1
j  org.bytedeco.javacpp.Pointer$DeallocatorReference.clear()V+49
j  org.bytedeco.javacpp.Pointer$DeallocatorThread.run()V+11
v  ~StubRoutines::call_stub

---------------  P R O C E S S  ---------------

Java Threads: ( => current thread )
  0x000000001810e000 JavaThread "pool-1-thread-1" [_thread_blocked, id=10932, stack(0x000000002e220000,0x000000002e320000)]
  0x00000000181aa000 JavaThread "TimerQueue" daemon [_thread_blocked, id=10504, stack(0x000000002c300000,0x000000002c400000)]
  0x000000001856d800 JavaThread "Thread-1" [_thread_blocked, id=6488, stack(0x000000001a350000,0x000000001a450000)]
  0x000000000226d800 JavaThread "DestroyJavaVM" [_thread_blocked, id=9944, stack(0x0000000002270000,0x0000000002370000)]
  0x000000001888e000 JavaThread "AWT-EventQueue-0" [_thread_blocked, id=5568, stack(0x0000000019250000,0x0000000019350000)]
=>0x0000000018078800 JavaThread "JavaCPP Deallocator" daemon [_thread_in_native, id=8732, stack(0x0000000019040000,0x0000000019140000)]
  0x0000000016c2c800 JavaThread "AWT-Windows" daemon [_thread_in_native, id=1336, stack(0x00000000177b0000,0x00000000178b0000)]
  0x0000000016bda800 JavaThread "AWT-Shutdown" [_thread_blocked, id=2084, stack(0x00000000176b0000,0x00000000177b0000)]
  0x0000000016bda000 JavaThread "Java2D Disposer" daemon [_thread_blocked, id=4200, stack(0x00000000175b0000,0x00000000176b0000)]
  0x0000000016402800 JavaThread "Service Thread" daemon [_thread_blocked, id=1620, stack(0x00000000167d0000,0x00000000168d0000)]
  0x0000000014a63800 JavaThread "C1 CompilerThread2" daemon [_thread_blocked, id=10608, stack(0x00000000162d0000,0x00000000163d0000)]
  0x0000000014a60800 JavaThread "C2 CompilerThread1" daemon [_thread_blocked, id=4972, stack(0x00000000161d0000,0x00000000162d0000)]
  0x0000000014a5d800 JavaThread "C2 CompilerThread0" daemon [_thread_blocked, id=1832, stack(0x00000000160d0000,0x00000000161d0000)]
  0x0000000014a5c000 JavaThread "Attach Listener" daemon [_thread_blocked, id=10648, stack(0x0000000015fd0000,0x00000000160d0000)]
  0x0000000014a5b000 JavaThread "Signal Dispatcher" daemon [_thread_blocked, id=12112, stack(0x0000000015ed0000,0x0000000015fd0000)]
  0x0000000014a49000 JavaThread "Finalizer" daemon [_thread_blocked, id=712, stack(0x0000000015ce0000,0x0000000015de0000)]
  0x0000000002461000 JavaThread "Reference Handler" daemon [_thread_blocked, id=6972, stack(0x0000000015be0000,0x0000000015ce0000)]

Other Threads:
  0x0000000014a27000 VMThread [stack: 0x0000000015ae0000,0x0000000015be0000] [id=7896]
  0x000000001641f800 WatcherThread [stack: 0x00000000168d0000,0x00000000169d0000] [id=10760]

VM state:not at safepoint (normal execution)

VM Mutex/Monitor currently owned by a thread: None

Heap:
 PSYoungGen      total 23040K, used 1729K [0x00000000eb300000, 0x00000000ed000000, 0x0000000100000000)
  eden space 16384K, 8% used [0x00000000eb300000,0x00000000eb450768,0x00000000ec300000)
  from space 6656K, 5% used [0x00000000ec980000,0x00000000ec9e0000,0x00000000ed000000)
  to   space 6656K, 0% used [0x00000000ec300000,0x00000000ec300000,0x00000000ec980000)
 ParOldGen       total 44032K, used 10085K [0x00000000c1800000, 0x00000000c4300000, 0x00000000eb300000)
  object space 44032K, 22% used [0x00000000c1800000,0x00000000c21d95e0,0x00000000c4300000)
 Metaspace       used 16535K, capacity 16718K, committed 16896K, reserved 1064960K
  class space    used 1962K, capacity 2028K, committed 2048K, reserved 1048576K

Card table byte_map: [0x0000000011830000,0x0000000011a30000] byte_map_base: 0x0000000011224000

Marking Bits: (ParMarkBitMap*) 0x0000000058262f70
 Begin Bits: [0x0000000011f80000, 0x0000000012f20000)
 End Bits:   [0x0000000012f20000, 0x0000000013ec0000)

Polling page: 0x00000000021c0000

CodeCache: size=245760Kb used=6559Kb max_used=6559Kb free=239200Kb
 bounds [0x0000000002470000, 0x0000000002ae0000, 0x0000000011470000]
 total_blobs=2535 nmethods=1907 adapters=540
 compilation: enabled

Compilation events (10 events):
Event: 21.959 Thread 0x0000000014a63800 1905   !   3       java.io.BufferedWriter::write (117 bytes)
Event: 21.960 Thread 0x0000000014a63800 nmethod 1905 0x0000000002ad90d0 code [0x0000000002ad92a0, 0x0000000002ad9a08]
Event: 21.960 Thread 0x0000000014a63800 1904       3       java.io.Writer::write (11 bytes)
Event: 21.960 Thread 0x0000000014a63800 nmethod 1904 0x0000000002ad9e50 code [0x0000000002ad9fc0, 0x0000000002ada2c8]
Event: 21.966 Thread 0x0000000014a63800 1906       3       java.nio.CharBuffer::hasArray (20 bytes)
Event: 21.966 Thread 0x0000000014a63800 nmethod 1906 0x0000000002ada410 code [0x0000000002ada560, 0x0000000002ada750]
Event: 21.966 Thread 0x0000000014a63800 1907       3       java.nio.ByteBuffer::hasArray (20 bytes)
Event: 21.966 Thread 0x0000000014a63800 nmethod 1907 0x0000000002ada7d0 code [0x0000000002ada920, 0x0000000002adab10]
Event: 21.966 Thread 0x0000000014a63800 1908       3       java.util.concurrent.atomic.AtomicInteger::<init> (10 bytes)
Event: 21.966 Thread 0x0000000014a63800 nmethod 1908 0x0000000002adab90 code [0x0000000002adad00, 0x0000000002adaf10]

GC Heap History (10 events):
Event: 13.201 GC heap before
{Heap before GC invocations=8 (full 0):
 PSYoungGen      total 18432K, used 17783K [0x00000000eb300000, 0x00000000ed000000, 0x0000000100000000)
  eden space 16384K, 97% used [0x00000000eb300000,0x00000000ec29df00,0x00000000ec300000)
  from space 2048K, 87% used [0x00000000ec300000,0x00000000ec4c0000,0x00000000ec500000)
  to   space 6656K, 0% used [0x00000000ec980000,0x00000000ec980000,0x00000000ed000000)
 ParOldGen       total 44032K, used 7737K [0x00000000c1800000, 0x00000000c4300000, 0x00000000eb300000)
  object space 44032K, 17% used [0x00000000c1800000,0x00000000c1f8e5b0,0x00000000c4300000)
 Metaspace       used 16034K, capacity 16230K, committed 16384K, reserved 1062912K
  class space    used 1925K, capacity 1996K, committed 2048K, reserved 1048576K
Event: 13.203 GC heap after
Heap after GC invocations=8 (full 0):
 PSYoungGen      total 23040K, used 2176K [0x00000000eb300000, 0x00000000ed000000, 0x0000000100000000)
  eden space 16384K, 0% used [0x00000000eb300000,0x00000000eb300000,0x00000000ec300000)
  from space 6656K, 32% used [0x00000000ec980000,0x00000000ecba0000,0x00000000ed000000)
  to   space 6656K, 0% used [0x00000000ec300000,0x00000000ec300000,0x00000000ec980000)
 ParOldGen       total 44032K, used 7914K [0x00000000c1800000, 0x00000000c4300000, 0x00000000eb300000)
  object space 44032K, 17% used [0x00000000c1800000,0x00000000c1fbab70,0x00000000c4300000)
 Metaspace       used 16034K, capacity 16230K, committed 16384K, reserved 1062912K
  class space    used 1925K, capacity 1996K, committed 2048K, reserved 1048576K
}
Event: 14.802 GC heap before
{Heap before GC invocations=9 (full 0):
 PSYoungGen      total 23040K, used 18203K [0x00000000eb300000, 0x00000000ed000000, 0x0000000100000000)
  eden space 16384K, 97% used [0x00000000eb300000,0x00000000ec2a6fd0,0x00000000ec300000)
  from space 6656K, 32% used [0x00000000ec980000,0x00000000ecba0000,0x00000000ed000000)
  to   space 6656K, 0% used [0x00000000ec300000,0x00000000ec300000,0x00000000ec980000)
 ParOldGen       total 44032K, used 7914K [0x00000000c1800000, 0x00000000c4300000, 0x00000000eb300000)
  object space 44032K, 17% used [0x00000000c1800000,0x00000000c1fbab70,0x00000000c4300000)
 Metaspace       used 16172K, capacity 16358K, committed 16640K, reserved 1064960K
  class space    used 1925K, capacity 1996K, committed 2048K, reserved 1048576K
Event: 14.804 GC heap after
Heap after GC invocations=9 (full 0):
 PSYoungGen      total 23040K, used 2400K [0x00000000eb300000, 0x00000000ed000000, 0x0000000100000000)
  eden space 16384K, 0% used [0x00000000eb300000,0x00000000eb300000,0x00000000ec300000)
  from space 6656K, 36% used [0x00000000ec300000,0x00000000ec558000,0x00000000ec980000)
  to   space 6656K, 0% used [0x00000000ec980000,0x00000000ec980000,0x00000000ed000000)
 ParOldGen       total 44032K, used 8142K [0x00000000c1800000, 0x00000000c4300000, 0x00000000eb300000)
  object space 44032K, 18% used [0x00000000c1800000,0x00000000c1ff3830,0x00000000c4300000)
 Metaspace       used 16172K, capacity 16358K, committed 16640K, reserved 1064960K
  class space    used 1925K, capacity 1996K, committed 2048K, reserved 1048576K
}
Event: 16.091 GC heap before
{Heap before GC invocations=10 (full 0):
 PSYoungGen      total 23040K, used 18515K [0x00000000eb300000, 0x00000000ed000000, 0x0000000100000000)
  eden space 16384K, 98% used [0x00000000eb300000,0x00000000ec2bcc48,0x00000000ec300000)
  from space 6656K, 36% used [0x00000000ec300000,0x00000000ec558000,0x00000000ec980000)
  to   space 6656K, 0% used [0x00000000ec980000,0x00000000ec980000,0x00000000ed000000)
 ParOldGen       total 44032K, used 8142K [0x00000000c1800000, 0x00000000c4300000, 0x00000000eb300000)
  object space 44032K, 18% used [0x00000000c1800000,0x00000000c1ff3830,0x00000000c4300000)
 Metaspace       used 16208K, capacity 16422K, committed 16640K, reserved 1064960K
  class space    used 1929K, capacity 1996K, committed 2048K, reserved 1048576K
Event: 16.093 GC heap after
Heap after GC invocations=10 (full 0):
 PSYoungGen      total 23040K, used 736K [0x00000000eb300000, 0x00000000ed000000, 0x0000000100000000)
  eden space 16384K, 0% used [0x00000000eb300000,0x00000000eb300000,0x00000000ec300000)
  from space 6656K, 11% used [0x00000000ec980000,0x00000000eca38000,0x00000000ed000000)
  to   space 6656K, 0% used [0x00000000ec300000,0x00000000ec300000,0x00000000ec980000)
 ParOldGen       total 44032K, used 9550K [0x00000000c1800000, 0x00000000c4300000, 0x00000000eb300000)
  object space 44032K, 21% used [0x00000000c1800000,0x00000000c21539c0,0x00000000c4300000)
 Metaspace       used 16208K, capacity 16422K, committed 16640K, reserved 1064960K
  class space    used 1929K, capacity 1996K, committed 2048K, reserved 1048576K
}
Event: 17.206 GC heap before
{Heap before GC invocations=11 (full 0):
 PSYoungGen      total 23040K, used 16528K [0x00000000eb300000, 0x00000000ed000000, 0x0000000100000000)
  eden space 16384K, 96% used [0x00000000eb300000,0x00000000ec26c3b8,0x00000000ec300000)
  from space 6656K, 11% used [0x00000000ec980000,0x00000000eca38000,0x00000000ed000000)
  to   space 6656K, 0% used [0x00000000ec300000,0x00000000ec300000,0x00000000ec980000)
 ParOldGen       total 44032K, used 9550K [0x00000000c1800000, 0x00000000c4300000, 0x00000000eb300000)
  object space 44032K, 21% used [0x00000000c1800000,0x00000000c21539c0,0x00000000c4300000)
 Metaspace       used 16225K, capacity 16422K, committed 16640K, reserved 1064960K
  class space    used 1929K, capacity 1996K, committed 2048K, reserved 1048576K
Event: 17.207 GC heap after
Heap after GC invocations=11 (full 0):
 PSYoungGen      total 23040K, used 128K [0x00000000eb300000, 0x00000000ed000000, 0x0000000100000000)
  eden space 16384K, 0% used [0x00000000eb300000,0x00000000eb300000,0x00000000ec300000)
  from space 6656K, 1% used [0x00000000ec300000,0x00000000ec320000,0x00000000ec980000)
  to   space 6656K, 0% used [0x00000000ec980000,0x00000000ec980000,0x00000000ed000000)
 ParOldGen       total 44032K, used 10061K [0x00000000c1800000, 0x00000000c4300000, 0x00000000eb300000)
  object space 44032K, 22% used [0x00000000c1800000,0x00000000c21d35e0,0x00000000c4300000)
 Metaspace       used 16225K, capacity 16422K, committed 16640K, reserved 1064960K
  class space    used 1929K, capacity 1996K, committed 2048K, reserved 1048576K
}
Event: 21.967 GC heap before
{Heap before GC invocations=12 (full 0):
 PSYoungGen      total 23040K, used 16450K [0x00000000eb300000, 0x00000000ed000000, 0x0000000100000000)
  eden space 16384K, 99% used [0x00000000eb300000,0x00000000ec2f0af8,0x00000000ec300000)
  from space 6656K, 1% used [0x00000000ec300000,0x00000000ec320000,0x00000000ec980000)
  to   space 6656K, 0% used [0x00000000ec980000,0x00000000ec980000,0x00000000ed000000)
 ParOldGen       total 44032K, used 10061K [0x00000000c1800000, 0x00000000c4300000, 0x00000000eb300000)
  object space 44032K, 22% used [0x00000000c1800000,0x00000000c21d35e0,0x00000000c4300000)
 Metaspace       used 16535K, capacity 16718K, committed 16896K, reserved 1064960K
  class space    used 1962K, capacity 2028K, committed 2048K, reserved 1048576K
Event: 21.968 GC heap after
Heap after GC invocations=12 (full 0):
 PSYoungGen      total 23040K, used 384K [0x00000000eb300000, 0x00000000ed000000, 0x0000000100000000)
  eden space 16384K, 0% used [0x00000000eb300000,0x00000000eb300000,0x00000000ec300000)
  from space 6656K, 5% used [0x00000000ec980000,0x00000000ec9e0000,0x00000000ed000000)
  to   space 6656K, 0% used [0x00000000ec300000,0x00000000ec300000,0x00000000ec980000)
 ParOldGen       total 44032K, used 10085K [0x00000000c1800000, 0x00000000c4300000, 0x00000000eb300000)
  object space 44032K, 22% used [0x00000000c1800000,0x00000000c21d95e0,0x00000000c4300000)
 Metaspace       used 16535K, capacity 16718K, committed 16896K, reserved 1064960K
  class space    used 1962K, capacity 2028K, committed 2048K, reserved 1048576K
}

Deoptimization events (10 events):
Event: 12.149 Thread 0x000000001888e000 Uncommon trap: reason=class_check action=maybe_recompile pc=0x00000000026108e8 method=java.lang.String.equals(Ljava/lang/Object;)Z @ 8
Event: 12.149 Thread 0x000000001888e000 Uncommon trap: reason=class_check action=maybe_recompile pc=0x00000000026108e8 method=java.lang.String.equals(Ljava/lang/Object;)Z @ 8
Event: 12.205 Thread 0x000000001888e000 Uncommon trap: reason=class_check action=maybe_recompile pc=0x00000000026108e8 method=java.lang.String.equals(Ljava/lang/Object;)Z @ 8
Event: 12.205 Thread 0x000000001888e000 Uncommon trap: reason=class_check action=maybe_recompile pc=0x00000000026108e8 method=java.lang.String.equals(Ljava/lang/Object;)Z @ 8
Event: 16.029 Thread 0x000000001810e000 Uncommon trap: reason=predicate action=maybe_recompile pc=0x0000000002854198 method=org.bytedeco.javacv.Java2DFrameConverter.flipCopyWithGamma(Ljava/nio/ByteBuffer;ILjava/nio/ByteBuffer;IZDZI)V @ 491
Event: 16.091 Thread 0x000000001810e000 Uncommon trap: reason=speculate_class_check action=maybe_recompile pc=0x0000000002a738ac method=org.bytedeco.javacv.Java2DFrameConverter.flipCopyWithGamma(Ljava/nio/ByteBuffer;ILjava/nio/ByteBuffer;IZDZI)V @ 492
Event: 16.098 Thread 0x000000001810e000 Uncommon trap: reason=speculate_class_check action=maybe_recompile pc=0x0000000002a738ac method=org.bytedeco.javacv.Java2DFrameConverter.flipCopyWithGamma(Ljava/nio/ByteBuffer;ILjava/nio/ByteBuffer;IZDZI)V @ 492
Event: 16.103 Thread 0x000000001810e000 Uncommon trap: reason=speculate_class_check action=maybe_recompile pc=0x0000000002a738ac method=org.bytedeco.javacv.Java2DFrameConverter.flipCopyWithGamma(Ljava/nio/ByteBuffer;ILjava/nio/ByteBuffer;IZDZI)V @ 492
Event: 16.108 Thread 0x000000001810e000 Uncommon trap: reason=speculate_class_check action=maybe_recompile pc=0x0000000002a738ac method=org.bytedeco.javacv.Java2DFrameConverter.flipCopyWithGamma(Ljava/nio/ByteBuffer;ILjava/nio/ByteBuffer;IZDZI)V @ 492
Event: 18.786 Thread 0x000000001888e000 Uncommon trap: reason=unstable_if action=reinterpret pc=0x0000000002754fac method=java.io.WinNTFileSystem.normalize(Ljava/lang/String;)Ljava/lang/String; @ 128

Internal exceptions (10 events):
Event: 3.225 Thread 0x000000001856d800 Exception <a 'java/lang/UnsatisfiedLinkError'> (0x00000000ebdd49f0) thrown at [C:\re\workspace\8-2-build-windows-amd64-cygwin\jdk8u91\6644\hotspot\src\share\vm\prims\jni.cpp, line 709]
Event: 3.229 Thread 0x000000001856d800 Exception <a 'java/lang/UnsatisfiedLinkError'> (0x00000000ebdd7a10) thrown at [C:\re\workspace\8-2-build-windows-amd64-cygwin\jdk8u91\6644\hotspot\src\share\vm\prims\jvm.cpp, line 3969]
Event: 3.229 Thread 0x000000001856d800 Exception <a 'java/lang/UnsatisfiedLinkError'> (0x00000000ebdd7a10) thrown at [C:\re\workspace\8-2-build-windows-amd64-cygwin\jdk8u91\6644\hotspot\src\share\vm\prims\jni.cpp, line 709]
Event: 3.231 Thread 0x000000001856d800 Exception <a 'java/lang/UnsatisfiedLinkError'> (0x00000000ebddaa30) thrown at [C:\re\workspace\8-2-build-windows-amd64-cygwin\jdk8u91\6644\hotspot\src\share\vm\prims\jvm.cpp, line 3969]
Event: 3.231 Thread 0x000000001856d800 Exception <a 'java/lang/UnsatisfiedLinkError'> (0x00000000ebddaa30) thrown at [C:\re\workspace\8-2-build-windows-amd64-cygwin\jdk8u91\6644\hotspot\src\share\vm\prims\jni.cpp, line 709]
Event: 3.231 Thread 0x000000001856d800 Exception <a 'java/lang/UnsatisfiedLinkError'> (0x00000000ebddb068) thrown at [C:\re\workspace\8-2-build-windows-amd64-cygwin\jdk8u91\6644\hotspot\src\share\vm\oops\instanceKlass.cpp, line 948]
Event: 3.231 Thread 0x000000001856d800 Exception <a 'java/lang/reflect/InvocationTargetException'> (0x00000000ebddb900) thrown at [C:\re\workspace\8-2-build-windows-amd64-cygwin\jdk8u91\6644\hotspot\src\share\vm\runtime\reflection.cpp, line 1092]
Event: 3.290 Thread 0x000000001856d800 Exception <a 'java/lang/NoClassDefFoundError': cl/eye/CLCamera> (0x00000000ec024ac8) thrown at [C:\re\workspace\8-2-build-windows-amd64-cygwin\jdk8u91\6644\hotspot\src\share\vm\classfile\systemDictionary.cpp, line 199]
Event: 18.786 Thread 0x000000001888e000 Implicit null exception at 0x0000000002a5d647 to 0x0000000002a5d914
Event: 18.786 Thread 0x000000001888e000 Exception <a 'java/lang/NullPointerException'> (0x00000000ec2371f8) thrown at [C:\re\workspace\8-2-build-windows-amd64-cygwin\jdk8u91\6644\hotspot\src\share\vm\runtime\sharedRuntime.cpp, line 605]

Events (10 events):
Event: 21.957 loading class sun/util/resources/TimeZoneNamesBundle done
Event: 21.957 loading class sun/util/resources/TimeZoneNames done
Event: 21.958 loading class java/util/ResourceBundle$BundleReference
Event: 21.958 loading class java/util/ResourceBundle$BundleReference done
Event: 21.958 loading class sun/util/resources/en/TimeZoneNames_en
Event: 21.958 loading class sun/util/resources/en/TimeZoneNames_en done
Event: 21.959 loading class sun/util/locale/provider/LocaleResources$ResourceReference
Event: 21.959 loading class sun/util/locale/provider/LocaleResources$ResourceReference done
Event: 21.967 Executing VM operation: ParallelGCFailedAllocation
Event: 21.968 Executing VM operation: ParallelGCFailedAllocation done


Dynamic libraries:
0x00007ff79ae80000 - 0x00007ff79aeb7000 	C:\Program Files\Java\jdk1.8.0_91\bin\java.exe
0x00007ff9783a0000 - 0x00007ff97857b000 	C:\WINDOWS\SYSTEM32\ntdll.dll
0x00007ff9782c0000 - 0x00007ff97836e000 	C:\WINDOWS\System32\KERNEL32.DLL
0x00007ff9748c0000 - 0x00007ff974b09000 	C:\WINDOWS\System32\KERNELBASE.dll
0x00007ff9759a0000 - 0x00007ff975a41000 	C:\WINDOWS\System32\ADVAPI32.dll
0x00007ff977150000 - 0x00007ff9771ed000 	C:\WINDOWS\System32\msvcrt.dll
0x00007ff977460000 - 0x00007ff9774b9000 	C:\WINDOWS\System32\sechost.dll
0x00007ff977a70000 - 0x00007ff977b95000 	C:\WINDOWS\System32\RPCRT4.dll
0x00007ff978160000 - 0x00007ff9782aa000 	C:\WINDOWS\System32\USER32.dll
0x00007ff975580000 - 0x00007ff97559e000 	C:\WINDOWS\System32\win32u.dll
0x00007ff975a50000 - 0x00007ff975a77000 	C:\WINDOWS\System32\GDI32.dll
0x00007ff9755a0000 - 0x00007ff975727000 	C:\WINDOWS\System32\gdi32full.dll
0x00007ff974d70000 - 0x00007ff974e0a000 	C:\WINDOWS\System32\msvcp_win.dll
0x00007ff974b60000 - 0x00007ff974c56000 	C:\WINDOWS\System32\ucrtbase.dll
0x00007ff96b2b0000 - 0x00007ff96b517000 	C:\WINDOWS\WinSxS\amd64_microsoft.windows.common-controls_6595b64144ccf1df_6.0.15063.483_none_26002d27e7c744a2\COMCTL32.dll
0x00007ff977770000 - 0x00007ff977a69000 	C:\WINDOWS\System32\combase.dll
0x00007ff974e10000 - 0x00007ff974e7a000 	C:\WINDOWS\System32\bcryptPrimitives.dll
0x00007ff978370000 - 0x00007ff97839d000 	C:\WINDOWS\System32\IMM32.DLL
0x0000000057970000 - 0x0000000057a42000 	C:\Program Files\Java\jdk1.8.0_91\jre\bin\msvcr100.dll
0x0000000057a50000 - 0x00000000582e3000 	C:\Program Files\Java\jdk1.8.0_91\jre\bin\server\jvm.dll
0x00007ff9771f0000 - 0x00007ff9771f8000 	C:\WINDOWS\System32\PSAPI.DLL
0x00007ff9664f0000 - 0x00007ff9664fa000 	C:\WINDOWS\SYSTEM32\VERSION.dll
0x00007ff970680000 - 0x00007ff970689000 	C:\WINDOWS\SYSTEM32\WSOCK32.dll
0x00007ff9729d0000 - 0x00007ff9729f3000 	C:\WINDOWS\SYSTEM32\WINMM.dll
0x00007ff977ba0000 - 0x00007ff977c0c000 	C:\WINDOWS\System32\WS2_32.dll
0x00007ff972970000 - 0x00007ff97299b000 	C:\WINDOWS\SYSTEM32\winmmbase.dll
0x00007ff974b10000 - 0x00007ff974b59000 	C:\WINDOWS\System32\cfgmgr32.dll
0x00000000595d0000 - 0x00000000595df000 	C:\Program Files\Java\jdk1.8.0_91\jre\bin\verify.dll
0x0000000058650000 - 0x0000000058679000 	C:\Program Files\Java\jdk1.8.0_91\jre\bin\java.dll
0x0000000058630000 - 0x0000000058646000 	C:\Program Files\Java\jdk1.8.0_91\jre\bin\zip.dll
0x00007ff975c00000 - 0x00007ff977036000 	C:\WINDOWS\System32\SHELL32.dll
0x00007ff978050000 - 0x00007ff9780fa000 	C:\WINDOWS\System32\shcore.dll
0x00007ff974e80000 - 0x00007ff975571000 	C:\WINDOWS\System32\windows.storage.dll
0x00007ff977540000 - 0x00007ff977591000 	C:\WINDOWS\System32\shlwapi.dll
0x00007ff974880000 - 0x00007ff974891000 	C:\WINDOWS\System32\kernel.appcore.dll
0x00007ff974830000 - 0x00007ff97487c000 	C:\WINDOWS\System32\powrprof.dll
0x00007ff974810000 - 0x00007ff974825000 	C:\WINDOWS\System32\profapi.dll
0x00000000577b0000 - 0x0000000057948000 	C:\Program Files\Java\jdk1.8.0_91\jre\bin\awt.dll
0x00007ff9773a0000 - 0x00007ff977460000 	C:\WINDOWS\System32\OLEAUT32.dll
0x00007ff972ff0000 - 0x00007ff97306e000 	C:\WINDOWS\SYSTEM32\apphelp.dll
0x00007ff973280000 - 0x00007ff973315000 	C:\WINDOWS\system32\uxtheme.dll
0x00007ff975a90000 - 0x00007ff975bf6000 	C:\WINDOWS\System32\MSCTF.dll
0x00007ff971b20000 - 0x00007ff971b4a000 	C:\WINDOWS\system32\dwmapi.dll
0x00007ff977620000 - 0x00007ff977765000 	C:\WINDOWS\System32\ole32.dll
0x0000000057760000 - 0x00000000577a7000 	C:\Program Files\Java\jdk1.8.0_91\jre\bin\fontmanager.dll
0x00007ff95f840000 - 0x00007ff95f92f000 	C:\Users\Joao_\.javacpp\cache\opencv-windows-x86_64.jar\org\bytedeco\javacpp\windows-x86_64\msvcr120.dll
0x00007ff96ce80000 - 0x00007ff96cf26000 	C:\Users\Joao_\.javacpp\cache\opencv-windows-x86_64.jar\org\bytedeco\javacpp\windows-x86_64\msvcp120.dll
0x00007ff948620000 - 0x00007ff94889a000 	C:\Users\Joao_\.javacpp\cache\opencv-windows-x86_64.jar\org\bytedeco\javacpp\windows-x86_64\opencv_core310.dll
0x00007ff9482d0000 - 0x00007ff948612000 	C:\Users\Joao_\.javacpp\cache\opencv-windows-x86_64.jar\org\bytedeco\javacpp\windows-x86_64\opencv_imgproc310.dll
0x00007ff947e10000 - 0x00007ff948037000 	C:\Users\Joao_\.javacpp\cache\opencv-windows-x86_64.jar\org\bytedeco\javacpp\windows-x86_64\jniopencv_core.dll
0x00000000585e0000 - 0x00000000585fa000 	C:\Program Files\Java\jdk1.8.0_91\jre\bin\net.dll
0x00007ff9740c0000 - 0x00007ff97411c000 	C:\WINDOWS\system32\mswsock.dll
0x0000000057950000 - 0x0000000057961000 	C:\Program Files\Java\jdk1.8.0_91\jre\bin\nio.dll
0x00007ff94a8e0000 - 0x00007ff94a9cd000 	C:\Users\Joao_\.javacpp\cache\opencv-windows-x86_64.jar\org\bytedeco\javacpp\windows-x86_64\jniopencv_imgproc.dll
0x00007ff947170000 - 0x00007ff947439000 	C:\Users\Joao_\.javacpp\cache\opencv-windows-x86_64.jar\org\bytedeco\javacpp\windows-x86_64\opencv_imgcodecs310.dll
0x00007ff96ce50000 - 0x00007ff96ce75000 	C:\Users\Joao_\.javacpp\cache\opencv-windows-x86_64.jar\org\bytedeco\javacpp\windows-x86_64\jniopencv_imgcodecs.dll
0x00007ff969c60000 - 0x00007ff969cb3000 	C:\Users\Joao_\.javacpp\cache\opencv-windows-x86_64.jar\org\bytedeco\javacpp\windows-x86_64\opencv_videoio310.dll
0x00007ff96cab0000 - 0x00007ff96cad9000 	C:\WINDOWS\SYSTEM32\MSVFW32.dll
0x00007ff96f600000 - 0x00007ff96f61f000 	C:\WINDOWS\SYSTEM32\AVIFIL32.dll
0x00007ff96ec50000 - 0x00007ff96ec68000 	C:\WINDOWS\SYSTEM32\AVICAP32.dll
0x00007ff955e80000 - 0x00007ff955e9c000 	C:\WINDOWS\SYSTEM32\MSACM32.dll
0x00007ff96eb40000 - 0x00007ff96eb57000 	C:\Users\Joao_\.javacpp\cache\opencv-windows-x86_64.jar\org\bytedeco\javacpp\windows-x86_64\jniopencv_videoio.dll
0x00007ff969c30000 - 0x00007ff969c5c000 	C:\Users\Joao_\.javacpp\cache\opencv-windows-x86_64.jar\org\bytedeco\javacpp\windows-x86_64\opencv_highgui310.dll
0x00007ff977040000 - 0x00007ff977148000 	C:\WINDOWS\System32\COMDLG32.dll
0x00007ff9695e0000 - 0x00007ff969615000 	C:\Users\Joao_\.javacpp\cache\opencv-windows-x86_64.jar\org\bytedeco\javacpp\windows-x86_64\jniopencv_highgui.dll
0x00007ff951de0000 - 0x00007ff951ead000 	C:\Users\Joao_\.javacpp\cache\opencv-windows-x86_64.jar\org\bytedeco\javacpp\windows-x86_64\opencv_ml310.dll
0x00007ff965390000 - 0x00007ff9653cf000 	C:\Users\Joao_\.javacpp\cache\opencv-windows-x86_64.jar\org\bytedeco\javacpp\windows-x86_64\jniopencv_ml.dll
0x00007ff9520a0000 - 0x00007ff952136000 	C:\Users\Joao_\.javacpp\cache\opencv-windows-x86_64.jar\org\bytedeco\javacpp\windows-x86_64\opencv_objdetect310.dll
0x00007ff964e40000 - 0x00007ff964e94000 	C:\Users\Joao_\.javacpp\cache\opencv-windows-x86_64.jar\org\bytedeco\javacpp\windows-x86_64\jniopencv_objdetect.dll
0x00007ff964060000 - 0x00007ff9640a6000 	C:\Users\Joao_\.javacpp\cache\opencv-windows-x86_64.jar\org\bytedeco\javacpp\windows-x86_64\opencv_face310.dll
0x00007ff96ded0000 - 0x00007ff96deea000 	C:\Users\Joao_\.javacpp\cache\opencv-windows-x86_64.jar\org\bytedeco\javacpp\windows-x86_64\jniopencv_face.dll
0x00007ff967a60000 - 0x00007ff967a86000 	C:\Users\Joao_\.javacpp\cache\videoinput-windows-x86_64.jar\org\bytedeco\javacpp\windows-x86_64\jnivideoInputLib.dll
0x0000000057710000 - 0x0000000057752000 	C:\Program Files\Java\jdk1.8.0_91\jre\bin\t2k.dll
0x0000000058540000 - 0x0000000058555000 	C:\Users\Joao_\.javacpp\cache\libfreenect-windows-x86_64.jar\org\bytedeco\javacpp\windows-x86_64\libusb0.dll
0x00007ff977c10000 - 0x00007ff97804b000 	C:\WINDOWS\System32\SETUPAPI.dll
0x00007ff95fcf0000 - 0x00007ff95fd24000 	C:\Users\Joao_\.javacpp\cache\libfreenect-windows-x86_64.jar\org\bytedeco\javacpp\windows-x86_64\freenect.dll
0x00007ff96db00000 - 0x00007ff96db19000 	C:\Users\Joao_\.javacpp\cache\libfreenect-windows-x86_64.jar\org\bytedeco\javacpp\windows-x86_64\pthreadVC2.dll
0x00007ff965360000 - 0x00007ff965384000 	C:\Users\Joao_\.javacpp\cache\libfreenect-windows-x86_64.jar\org\bytedeco\javacpp\windows-x86_64\jnifreenect.dll
0x00007ff975900000 - 0x00007ff97599e000 	C:\WINDOWS\System32\clbcatq.dll
0x00007ff970c80000 - 0x00007ff970e2c000 	C:\WINDOWS\SYSTEM32\WindowsCodecs.dll
0x00007ff965d50000 - 0x00007ff965d97000 	C:\WINDOWS\system32\dataexchange.dll
0x00007ff971ff0000 - 0x00007ff9722cf000 	C:\WINDOWS\system32\d3d11.dll
0x00007ff972ae0000 - 0x00007ff972c02000 	C:\WINDOWS\system32\dcomp.dll
0x00007ff973820000 - 0x00007ff9738c4000 	C:\WINDOWS\system32\dxgi.dll
0x00007ff973110000 - 0x00007ff973280000 	C:\WINDOWS\system32\twinapi.appcore.dll
0x00007ff974750000 - 0x00007ff974775000 	C:\WINDOWS\system32\bcrypt.dll
0x00007ff970160000 - 0x00007ff9701e2000 	C:\WINDOWS\System32\TextInputFramework.dll
0x00007ff970700000 - 0x00007ff9709d2000 	C:\WINDOWS\System32\CoreUIComponents.dll
0x00007ff972880000 - 0x00007ff972963000 	C:\WINDOWS\System32\CoreMessaging.dll
0x00007ff973a20000 - 0x00007ff973a51000 	C:\WINDOWS\SYSTEM32\ntmarta.dll
0x00007ff971000000 - 0x00007ff971139000 	C:\WINDOWS\SYSTEM32\wintypes.dll
0x00007ff971530000 - 0x00007ff971545000 	C:\WINDOWS\SYSTEM32\usermgrcli.dll
0x00007ff96ca90000 - 0x00007ff96caa7000 	C:\Windows\System32\devenum.dll
0x00007ff973450000 - 0x00007ff973478000 	C:\WINDOWS\SYSTEM32\DEVOBJ.dll
0x00007ff974d10000 - 0x00007ff974d66000 	C:\WINDOWS\System32\WINTRUST.dll
0x00007ff9748a0000 - 0x00007ff9748b1000 	C:\WINDOWS\System32\MSASN1.dll
0x00007ff975730000 - 0x00007ff9758f9000 	C:\WINDOWS\System32\CRYPT32.dll
0x00007ff96eed0000 - 0x00007ff96eedb000 	C:\WINDOWS\SYSTEM32\msdmo.dll
0x00007ff95a480000 - 0x00007ff95a4b2000 	C:\Windows\System32\qcap.dll
0x00007ff947c50000 - 0x00007ff947e0c000 	C:\Windows\System32\quartz.dll
0x00007ff9561b0000 - 0x00007ff9561fd000 	C:\Windows\System32\mfksproxy.dll
0x00007ff96cca0000 - 0x00007ff96ccbc000 	C:\Windows\System32\ATL.DLL
0x00007ff94d640000 - 0x00007ff94d672000 	C:\Windows\System32\MFSENSORGROUP.dll
0x00007ff96a250000 - 0x00007ff96a3f0000 	C:\Windows\System32\MFPlat.DLL
0x00007ff96ca50000 - 0x00007ff96ca82000 	C:\Windows\System32\RTWorkQ.DLL
0x0000000058600000 - 0x000000005862a000 	C:\Program Files\Java\jdk1.8.0_91\jre\bin\dcpr.dll
0x00007ff953520000 - 0x00007ff953568000 	C:\Windows\System32\ksproxy.ax
0x00007ff96f170000 - 0x00007ff96f179000 	C:\Windows\System32\ksuser.dll
0x00007ff951eb0000 - 0x00007ff952039000 	C:\Windows\System32\d3d9.dll
0x00007ff971800000 - 0x00007ff971877000 	C:\WINDOWS\SYSTEM32\policymanager.dll
0x00007ff971770000 - 0x00007ff9717ff000 	C:\Windows\System32\msvcp110_win.dll
0x00007ff972a70000 - 0x00007ff972a7c000 	C:\Windows\System32\vidcap.ax
0x00007ff95a450000 - 0x00007ff95a476000 	C:\Windows\System32\kswdmcap.ax
0x00007ff949830000 - 0x00007ff949994000 	C:\Windows\System32\MFC42.dll
0x00007ff951d00000 - 0x00007ff951d9f000 	C:\Windows\System32\qedit.dll
0x00007ff964ca0000 - 0x00007ff964e35000 	C:\WINDOWS\WinSxS\amd64_microsoft.windows.gdiplus_6595b64144ccf1df_1.1.15063.608_none_56f0266b425534e9\gdiplus.dll
0x00007ff94a7e0000 - 0x00007ff94a8d6000 	C:\Windows\System32\DDRAW.dll
0x00007ff9706e0000 - 0x00007ff9706e8000 	C:\Windows\System32\DCIMAN32.dll
0x00007ff946780000 - 0x00007ff946997000 	C:\Program Files (x86)\K-Lite Codec Pack\Filters\DirectVobSub64\vsfilter.dll
0x00007ff96a180000 - 0x00007ff96a1eb000 	C:\WINDOWS\SYSTEM32\OLEACC.dll
0x00007ff95ce60000 - 0x00007ff95ceea000 	C:\WINDOWS\SYSTEM32\WINSPOOL.DRV
0x00007ff959ce0000 - 0x00007ff95a00e000 	C:\WINDOWS\SYSTEM32\WININET.dll
0x00007ff96ada0000 - 0x00007ff96adac000 	C:\WINDOWS\SYSTEM32\msyuv.dll
0x00007ff964820000 - 0x00007ff9649c9000 	C:\WINDOWS\SYSTEM32\dbghelp.dll

VM Arguments:
jvm_args: -Dfile.encoding=UTF-8 -Djava.library.path=C:\opencv\build\java\x64 
java_command: main.main
java_class_path (initial): C:\Users\Joao_\Downloads\javacpp-1.3-bin\javacpp-bin\javacpp.jar;C:\Users\Joao_\Downloads\javacv-platform-1.3-bin\javacv-bin\opencv-windows-x86_64.jar;C:\Users\Joao_\Downloads\javacv-platform-1.3-bin\javacv-bin\videoinput-windows-x86_64.jar;C:\Users\Joao_\Downloads\javacv-platform-1.3-bin\javacv-bin\artoolkitplus-windows-x86_64.jar;C:\Users\Joao_\Downloads\javacv-platform-1.3-bin\javacv-bin\ffmpeg-windows-x86_64.jar;C:\Users\Joao_\Downloads\javacv-platform-1.3-bin\javacv-bin\flandmark-windows-x86_64.jar;C:\Users\Joao_\Downloads\javacv-platform-1.3-bin\javacv-bin\flycapture-windows-x86_64.jar;C:\Users\Joao_\Downloads\javacv-platform-1.3-bin\javacv-bin\javacv-platform.jar;C:\Users\Joao_\Downloads\javacv-platform-1.3-bin\javacv-bin\javacv.jar;C:\Users\Joao_\Downloads\javacv-platform-1.3-bin\javacv-bin\libdc1394-windows-x86_64.jar;C:\Users\Joao_\Downloads\javacv-platform-1.3-bin\javacv-bin\libfreenect-platform.jar;C:\Users\Joao_\Downloads\javacv-platform-1.3-bin\javacv-bin\libfreenect-windows-x86_64.jar;C:\Users\Joao_\Downloads\javacv-platform-1.3-bin\javacv-bin\librealsense-platform.jar;C:\Users\Joao_\Downloads\javacv-platform-1.3-bin\javacv-bin\librealsense.jar;C:\Users\Joao_\Downloads\javacv-platform-1.3-bin\javacv-bin\opencv.jar;C:\Users\Joao_\Downloads\javacv-platform-1.3-bin\javacv-bin\videoinput.jar;C:\TCC.UniSecurity\build\classes
Launcher Type: SUN_STANDARD

Environment Variables:
PATH=C:\ProgramData\Oracle\Java\javapath;C:\WINDOWS\system32;C:\WINDOWS;C:\WINDOWS\System32\Wbem;C:\WINDOWS\System32\WindowsPowerShell\v1.0\;C:\Program Files (x86)\Skype\Phone\;C:\Program Files\Microsoft SQL Server\120\DTS\Binn\;C:\Program Files\Microsoft SQL Server\Client SDK\ODBC\110\Tools\Binn\;C:\Program Files (x86)\Microsoft SQL Server\120\Tools\Binn\;C:\Program Files\Microsoft SQL Server\120\Tools\Binn\;C:\Program Files (x86)\Microsoft SQL Server\120\Tools\Binn\ManagementStudio\;C:\Program Files (x86)\Microsoft SQL Server\120\DTS\Binn\;C:\Program Files\CMake\bin;C:\opencv\build\x64\vc14\bin;C:\Users\Joao_\AppData\Local\Programs\Python\Python37\Scripts\;C:\Users\Joao_\AppData\Local\Programs\Python\Python37\;C:\Users\Joao_\AppData\Local\Microsoft\WindowsApps;
USERNAME=Joao_
OS=Windows_NT
PROCESSOR_IDENTIFIER=Intel64 Family 6 Model 58 Stepping 9, GenuineIntel



---------------  S Y S T E M  ---------------

OS: Windows 10.0 , 64 bit Build 15063 (10.0.15063.296)

CPU:total 4 (2 cores per cpu, 2 threads per core) family 6 model 58 stepping 9, cmov, cx8, fxsr, mmx, sse, sse2, sse3, ssse3, sse4.1, sse4.2, popcnt, avx, aes, clmul, erms, ht, tsc, tscinvbit, tscinv

Memory: 4k page, physical 4092772k(1065104k free), swap 5774224k(1842052k free)

vm_info: Java HotSpot(TM) 64-Bit Server VM (25.91-b14) for windows-amd64 JRE (1.8.0_91-b14), built on Apr  1 2016 00:58:32 by "java_re" with MS VC++ 10.0 (VS2010)

time: Tue Oct 17 20:32:04 2017
elapsed time: 21 seconds (0d 0h 0m 21s)

