#
# A fatal error has been detected by the Java Runtime Environment:
#
#  EXCEPTION_ACCESS_VIOLATION (0xc0000005) at pc=0x00007ffcedb60e57, pid=9840, tid=2232
#
# JRE version: Java(TM) SE Runtime Environment (8.0_91-b14) (build 1.8.0_91-b14)
# Java VM: Java HotSpot(TM) 64-Bit Server VM (25.91-b14 mixed mode windows-amd64 compressed oops)
# Problematic frame:
# C  [ntdll.dll+0x30e57]
#
# Failed to write core dump. Minidumps are not enabled by default on client versions of Windows
#
# If you would like to submit a bug report, please visit:
#   http://bugreport.java.com/bugreport/crash.jsp
# The crash happened outside the Java Virtual Machine in native code.
# See problematic frame for where to report the bug.
#

---------------  T H R E A D  ---------------

Current thread (0x00000000171a9800):  JavaThread "JavaCPP Deallocator" daemon [_thread_in_native, id=2232, stack(0x0000000019190000,0x0000000019290000)]

siginfo: ExceptionCode=0xc0000005, reading address 0xffffffffffffffff

Registers:
RAX=0x00007ffcedb60dd0, RBX=0x0000000000000001, RCX=0x0000000000590000, RDX=0x0000000000000000
RSP=0x000000001928f090, RBP=0x900013000377c9b0, RSI=0x0000000000000000, RDI=0x0000000000590000
R8 =0x900013000377c9b0, R9 =0x00000000000003e6, R10=0x0000000000000298, R11=0x0000000000000053
R12=0x0000000000000000, R13=0x0000000000000000, R14=0x900013000377c9a0, R15=0x0000000000000000
RIP=0x00007ffcedb60e57, EFLAGS=0x0000000000010246

Top of Stack: (sp=0x000000001928f090)
0x000000001928f090:   00000000005bc7d4 0000000000000720
0x000000001928f0a0:   00000000005bc7d4 00007ffcb6c940fd
0x000000001928f0b0:   0000000000590000 00007ffcedba6ff2
0x000000001928f0c0:   0000000000000001 0000000000000000
0x000000001928f0d0:   000000001928f0d0 000000001928f0d0
0x000000001928f0e0:   0000000000000100 0000000000590000
0x000000001928f0f0:   0000000000000720 00000000005bc7e0
0x000000001928f100:   00000000005bc0f0 0000000000590000
0x000000001928f110:   0000000000000001 000000001928f300
0x000000001928f120:   0000000000000000 900013000377c9b0
0x000000001928f130:   0000000000000000 0000000000000000
0x000000001928f140:   0000000000590000 00007ffcb6c97395
0x000000001928f150:   0000000000000001 000000001928f300
0x000000001928f160:   0000000014a144d8 0000000000000000
0x000000001928f170:   0000000000000000 00007ffcc1dc69d8
0x000000001928f180:   00000000171a9800 000000001928f300 

Instructions: (pc=0x00007ffcedb60e57)
0x00007ffcedb60e37:   9e 03 00 00 f6 47 78 01 0f 85 09 82 08 00 40 f6
0x00007ffcedb60e47:   c5 0f 0f 85 dd 81 08 00 4c 8d 75 f0 41 0f 0d 0e
0x00007ffcedb60e57:   41 80 7e 0f 05 0f 84 95 81 08 00 41 f6 46 0f 3f
0x00007ffcedb60e67:   0f 84 9b 81 08 00 4d 85 f6 0f 84 55 83 08 00 80 


Register to memory mapping:

RAX=0x00007ffcedb60dd0 is an unknown value
RBX=0x0000000000000001 is an unknown value
RCX=0x0000000000590000 is an unknown value
RDX=0x0000000000000000 is an unknown value
RSP=0x000000001928f090 is pointing into the stack for thread: 0x00000000171a9800
RBP=0x900013000377c9b0 is an unknown value
RSI=0x0000000000000000 is an unknown value
RDI=0x0000000000590000 is an unknown value
R8 =0x900013000377c9b0 is an unknown value
R9 =0x00000000000003e6 is an unknown value
R10=0x0000000000000298 is an unknown value
R11=0x0000000000000053 is an unknown value
R12=0x0000000000000000 is an unknown value
R13=0x0000000000000000 is an unknown value
R14=0x900013000377c9a0 is an unknown value
R15=0x0000000000000000 is an unknown value


Stack: [0x0000000019190000,0x0000000019290000],  sp=0x000000001928f090,  free space=1020k
Native frames: (J=compiled Java code, j=interpreted, Vv=VM code, C=native code)
C  [ntdll.dll+0x30e57]
C  [AcLayers.DLL+0x7395]
C  [msvcr120.dll+0x669d8]
C  [opencv_core310.dll+0x3705b]
C  [jniopencv_core.dll+0xbc86f]
C  0x0000000002647f54

Java frames: (J=compiled Java code, j=interpreted, Vv=VM code)
j  org.bytedeco.javacpp.opencv_core.cvReleaseMat(Lorg/bytedeco/javacpp/opencv_core$CvMat;)V+0
j  org.bytedeco.javacpp.helper.opencv_core$AbstractCvMat$ReleaseDeallocator.deallocate()V+1
J 1626 C1 org.bytedeco.javacpp.Pointer$DeallocatorReference.clear()V (60 bytes) @ 0x0000000002b94964 [0x0000000002b93da0+0xbc4]
j  org.bytedeco.javacpp.Pointer$DeallocatorThread.run()V+11
v  ~StubRoutines::call_stub

---------------  P R O C E S S  ---------------

Java Threads: ( => current thread )
  0x00000000185ae000 JavaThread "pool-1-thread-1" [_thread_blocked, id=3912, stack(0x000000002f300000,0x000000002f400000)]
  0x00000000171eb800 JavaThread "TimerQueue" daemon [_thread_blocked, id=1644, stack(0x000000002d390000,0x000000002d490000)]
  0x0000000018b9e000 JavaThread "Thread-1" [_thread_in_native, id=9696, stack(0x000000001a410000,0x000000001a510000)]
  0x000000000260d000 JavaThread "DestroyJavaVM" [_thread_blocked, id=5672, stack(0x0000000002430000,0x0000000002530000)]
  0x0000000002608000 JavaThread "AWT-EventQueue-0" [_thread_blocked, id=9556, stack(0x0000000019300000,0x0000000019400000)]
=>0x00000000171a9800 JavaThread "JavaCPP Deallocator" daemon [_thread_in_native, id=2232, stack(0x0000000019190000,0x0000000019290000)]
  0x0000000016e2e800 JavaThread "AWT-Windows" daemon [_thread_in_native, id=8424, stack(0x0000000017890000,0x0000000017990000)]
  0x0000000016e2a000 JavaThread "AWT-Shutdown" [_thread_blocked, id=9972, stack(0x0000000017790000,0x0000000017890000)]
  0x0000000016e1f000 JavaThread "Java2D Disposer" daemon [_thread_blocked, id=3904, stack(0x0000000017690000,0x0000000017790000)]
  0x0000000016064000 JavaThread "Service Thread" daemon [_thread_blocked, id=8040, stack(0x00000000168b0000,0x00000000169b0000)]
  0x0000000015fd5800 JavaThread "C1 CompilerThread2" daemon [_thread_blocked, id=9468, stack(0x00000000167b0000,0x00000000168b0000)]
  0x0000000015fd4800 JavaThread "C2 CompilerThread1" daemon [_thread_blocked, id=6672, stack(0x00000000166b0000,0x00000000167b0000)]
  0x0000000015fd0800 JavaThread "C2 CompilerThread0" daemon [_thread_blocked, id=7480, stack(0x00000000165b0000,0x00000000166b0000)]
  0x0000000015fcd000 JavaThread "Attach Listener" daemon [_thread_blocked, id=8668, stack(0x00000000164b0000,0x00000000165b0000)]
  0x0000000015fcb000 JavaThread "Signal Dispatcher" daemon [_thread_blocked, id=4372, stack(0x00000000163b0000,0x00000000164b0000)]
  0x0000000014c45800 JavaThread "Finalizer" daemon [_thread_blocked, id=5824, stack(0x0000000015eb0000,0x0000000015fb0000)]
  0x0000000014c14000 JavaThread "Reference Handler" daemon [_thread_blocked, id=9924, stack(0x0000000015db0000,0x0000000015eb0000)]

Other Threads:
  0x0000000014c05000 VMThread [stack: 0x0000000015cb0000,0x0000000015db0000] [id=9464]
  0x000000001608e800 WatcherThread [stack: 0x00000000169b0000,0x0000000016ab0000] [id=8908]

VM state:not at safepoint (normal execution)

VM Mutex/Monitor currently owned by a thread: None

Heap:
 PSYoungGen      total 23552K, used 1660K [0x00000000eb300000, 0x00000000ed100000, 0x0000000100000000)
  eden space 16384K, 8% used [0x00000000eb300000,0x00000000eb457210,0x00000000ec300000)
  from space 7168K, 4% used [0x00000000ec300000,0x00000000ec348000,0x00000000eca00000)
  to   space 7168K, 0% used [0x00000000eca00000,0x00000000eca00000,0x00000000ed100000)
 ParOldGen       total 44032K, used 7974K [0x00000000c1800000, 0x00000000c4300000, 0x00000000eb300000)
  object space 44032K, 18% used [0x00000000c1800000,0x00000000c1fc9998,0x00000000c4300000)
 Metaspace       used 16406K, capacity 16582K, committed 16896K, reserved 1064960K
  class space    used 1966K, capacity 2028K, committed 2048K, reserved 1048576K

Card table byte_map: [0x00000000119f0000,0x0000000011bf0000] byte_map_base: 0x00000000113e4000

Marking Bits: (ParMarkBitMap*) 0x0000000075bd2f70
 Begin Bits: [0x0000000012140000, 0x00000000130e0000)
 End Bits:   [0x00000000130e0000, 0x0000000014080000)

Polling page: 0x00000000007f0000

CodeCache: size=245760Kb used=5834Kb max_used=5844Kb free=239925Kb
 bounds [0x0000000002630000, 0x0000000002bf0000, 0x0000000011630000]
 total_blobs=2333 nmethods=1705 adapters=540
 compilation: enabled

Compilation events (10 events):
Event: 16.930 Thread 0x0000000015fd5800 1701   !   3       sun.java2d.SunGraphics2D::drawImage (145 bytes)
Event: 16.932 Thread 0x0000000015fd5800 nmethod 1701 0x0000000002be1f10 code [0x0000000002be2180, 0x0000000002be35f8]
Event: 17.208 Thread 0x0000000015fd5800 1702       3       java.util.Formatter::checkText (58 bytes)
Event: 17.211 Thread 0x0000000015fd5800 nmethod 1702 0x0000000002be3f10 code [0x0000000002be4100, 0x0000000002be4a08]
Event: 17.219 Thread 0x0000000015fd5800 1703       3       java.nio.Buffer::hasRemaining (17 bytes)
Event: 17.220 Thread 0x0000000015fd5800 nmethod 1703 0x0000000002be4f10 code [0x0000000002be5060, 0x0000000002be5210]
Event: 17.324 Thread 0x0000000015fd0800 1704       4       java.awt.Component::getParent (5 bytes)
Event: 17.325 Thread 0x0000000015fd0800 nmethod 1704 0x0000000002aa21d0 code [0x0000000002aa2300, 0x0000000002aa2358]
Event: 18.256 Thread 0x0000000015fd5800 1705       3       java.lang.Math::abs (11 bytes)
Event: 18.256 Thread 0x0000000015fd5800 nmethod 1705 0x0000000002be7b90 code [0x0000000002be7ce0, 0x0000000002be7e70]

GC Heap History (10 events):
Event: 9.729 GC heap before
{Heap before GC invocations=5 (full 0):
 PSYoungGen      total 18944K, used 18651K [0x00000000eb300000, 0x00000000ec800000, 0x0000000100000000)
  eden space 16384K, 98% used [0x00000000eb300000,0x00000000ec2bed18,0x00000000ec300000)
  from space 2560K, 98% used [0x00000000ec580000,0x00000000ec7f8020,0x00000000ec800000)
  to   space 2560K, 0% used [0x00000000ec300000,0x00000000ec300000,0x00000000ec580000)
 ParOldGen       total 44032K, used 5340K [0x00000000c1800000, 0x00000000c4300000, 0x00000000eb300000)
  object space 44032K, 12% used [0x00000000c1800000,0x00000000c1d372a8,0x00000000c4300000)
 Metaspace       used 15986K, capacity 16198K, committed 16384K, reserved 1062912K
  class space    used 1943K, capacity 2028K, committed 2048K, reserved 1048576K
Event: 9.736 GC heap after
Heap after GC invocations=5 (full 0):
 PSYoungGen      total 18944K, used 2560K [0x00000000eb300000, 0x00000000ed100000, 0x0000000100000000)
  eden space 16384K, 0% used [0x00000000eb300000,0x00000000eb300000,0x00000000ec300000)
  from space 2560K, 100% used [0x00000000ec300000,0x00000000ec580000,0x00000000ec580000)
  to   space 7168K, 0% used [0x00000000eca00000,0x00000000eca00000,0x00000000ed100000)
 ParOldGen       total 44032K, used 5377K [0x00000000c1800000, 0x00000000c4300000, 0x00000000eb300000)
  object space 44032K, 12% used [0x00000000c1800000,0x00000000c1d404b8,0x00000000c4300000)
 Metaspace       used 15986K, capacity 16198K, committed 16384K, reserved 1062912K
  class space    used 1943K, capacity 2028K, committed 2048K, reserved 1048576K
}
Event: 11.855 GC heap before
{Heap before GC invocations=6 (full 0):
 PSYoungGen      total 18944K, used 18466K [0x00000000eb300000, 0x00000000ed100000, 0x0000000100000000)
  eden space 16384K, 97% used [0x00000000eb300000,0x00000000ec2889b8,0x00000000ec300000)
  from space 2560K, 100% used [0x00000000ec300000,0x00000000ec580000,0x00000000ec580000)
  to   space 7168K, 0% used [0x00000000eca00000,0x00000000eca00000,0x00000000ed100000)
 ParOldGen       total 44032K, used 5377K [0x00000000c1800000, 0x00000000c4300000, 0x00000000eb300000)
  object space 44032K, 12% used [0x00000000c1800000,0x00000000c1d404b8,0x00000000c4300000)
 Metaspace       used 16100K, capacity 16326K, committed 16640K, reserved 1064960K
  class space    used 1943K, capacity 2028K, committed 2048K, reserved 1048576K
Event: 11.859 GC heap after
Heap after GC invocations=6 (full 0):
 PSYoungGen      total 23552K, used 2688K [0x00000000eb300000, 0x00000000ed100000, 0x0000000100000000)
  eden space 16384K, 0% used [0x00000000eb300000,0x00000000eb300000,0x00000000ec300000)
  from space 7168K, 37% used [0x00000000eca00000,0x00000000ecca0000,0x00000000ed100000)
  to   space 7168K, 0% used [0x00000000ec300000,0x00000000ec300000,0x00000000eca00000)
 ParOldGen       total 44032K, used 5385K [0x00000000c1800000, 0x00000000c4300000, 0x00000000eb300000)
  object space 44032K, 12% used [0x00000000c1800000,0x00000000c1d424b8,0x00000000c4300000)
 Metaspace       used 16100K, capacity 16326K, committed 16640K, reserved 1064960K
  class space    used 1943K, capacity 2028K, committed 2048K, reserved 1048576K
}
Event: 13.997 GC heap before
{Heap before GC invocations=7 (full 0):
 PSYoungGen      total 23552K, used 18618K [0x00000000eb300000, 0x00000000ed100000, 0x0000000100000000)
  eden space 16384K, 97% used [0x00000000eb300000,0x00000000ec28eb20,0x00000000ec300000)
  from space 7168K, 37% used [0x00000000eca00000,0x00000000ecca0000,0x00000000ed100000)
  to   space 7168K, 0% used [0x00000000ec300000,0x00000000ec300000,0x00000000eca00000)
 ParOldGen       total 44032K, used 5385K [0x00000000c1800000, 0x00000000c4300000, 0x00000000eb300000)
  object space 44032K, 12% used [0x00000000c1800000,0x00000000c1d424b8,0x00000000c4300000)
 Metaspace       used 16199K, capacity 16390K, committed 16640K, reserved 1064960K
  class space    used 1954K, capacity 2028K, committed 2048K, reserved 1048576K
Event: 14.001 GC heap after
Heap after GC invocations=7 (full 0):
 PSYoungGen      total 23552K, used 416K [0x00000000eb300000, 0x00000000ed100000, 0x0000000100000000)
  eden space 16384K, 0% used [0x00000000eb300000,0x00000000eb300000,0x00000000ec300000)
  from space 7168K, 5% used [0x00000000ec300000,0x00000000ec368000,0x00000000eca00000)
  to   space 7168K, 0% used [0x00000000eca00000,0x00000000eca00000,0x00000000ed100000)
 ParOldGen       total 44032K, used 7712K [0x00000000c1800000, 0x00000000c4300000, 0x00000000eb300000)
  object space 44032K, 17% used [0x00000000c1800000,0x00000000c1f883b8,0x00000000c4300000)
 Metaspace       used 16199K, capacity 16390K, committed 16640K, reserved 1064960K
  class space    used 1954K, capacity 2028K, committed 2048K, reserved 1048576K
}
Event: 16.252 GC heap before
{Heap before GC invocations=8 (full 0):
 PSYoungGen      total 23552K, used 16098K [0x00000000eb300000, 0x00000000ed100000, 0x0000000100000000)
  eden space 16384K, 95% used [0x00000000eb300000,0x00000000ec250bd8,0x00000000ec300000)
  from space 7168K, 5% used [0x00000000ec300000,0x00000000ec368000,0x00000000eca00000)
  to   space 7168K, 0% used [0x00000000eca00000,0x00000000eca00000,0x00000000ed100000)
 ParOldGen       total 44032K, used 7712K [0x00000000c1800000, 0x00000000c4300000, 0x00000000eb300000)
  object space 44032K, 17% used [0x00000000c1800000,0x00000000c1f883b8,0x00000000c4300000)
 Metaspace       used 16296K, capacity 16518K, committed 16640K, reserved 1064960K
  class space    used 1954K, capacity 2028K, committed 2048K, reserved 1048576K
Event: 16.253 GC heap after
Heap after GC invocations=8 (full 0):
 PSYoungGen      total 23552K, used 288K [0x00000000eb300000, 0x00000000ed100000, 0x0000000100000000)
  eden space 16384K, 0% used [0x00000000eb300000,0x00000000eb300000,0x00000000ec300000)
  from space 7168K, 4% used [0x00000000eca00000,0x00000000eca48000,0x00000000ed100000)
  to   space 7168K, 0% used [0x00000000ec300000,0x00000000ec300000,0x00000000eca00000)
 ParOldGen       total 44032K, used 7838K [0x00000000c1800000, 0x00000000c4300000, 0x00000000eb300000)
  object space 44032K, 17% used [0x00000000c1800000,0x00000000c1fa7968,0x00000000c4300000)
 Metaspace       used 16296K, capacity 16518K, committed 16640K, reserved 1064960K
  class space    used 1954K, capacity 2028K, committed 2048K, reserved 1048576K
}
Event: 18.529 GC heap before
{Heap before GC invocations=9 (full 0):
 PSYoungGen      total 23552K, used 16106K [0x00000000eb300000, 0x00000000ed100000, 0x0000000100000000)
  eden space 16384K, 96% used [0x00000000eb300000,0x00000000ec272a28,0x00000000ec300000)
  from space 7168K, 4% used [0x00000000eca00000,0x00000000eca48000,0x00000000ed100000)
  to   space 7168K, 0% used [0x00000000ec300000,0x00000000ec300000,0x00000000eca00000)
 ParOldGen       total 44032K, used 7838K [0x00000000c1800000, 0x00000000c4300000, 0x00000000eb300000)
  object space 44032K, 17% used [0x00000000c1800000,0x00000000c1fa7968,0x00000000c4300000)
 Metaspace       used 16406K, capacity 16582K, committed 16896K, reserved 1064960K
  class space    used 1966K, capacity 2028K, committed 2048K, reserved 1048576K
Event: 18.530 GC heap after
Heap after GC invocations=9 (full 0):
 PSYoungGen      total 23552K, used 288K [0x00000000eb300000, 0x00000000ed100000, 0x0000000100000000)
  eden space 16384K, 0% used [0x00000000eb300000,0x00000000eb300000,0x00000000ec300000)
  from space 7168K, 4% used [0x00000000ec300000,0x00000000ec348000,0x00000000eca00000)
  to   space 7168K, 0% used [0x00000000eca00000,0x00000000eca00000,0x00000000ed100000)
 ParOldGen       total 44032K, used 7974K [0x00000000c1800000, 0x00000000c4300000, 0x00000000eb300000)
  object space 44032K, 18% used [0x00000000c1800000,0x00000000c1fc9998,0x00000000c4300000)
 Metaspace       used 16406K, capacity 16582K, committed 16896K, reserved 1064960K
  class space    used 1966K, capacity 2028K, committed 2048K, reserved 1048576K
}

Deoptimization events (10 events):
Event: 2.772 Thread 0x0000000002608000 Uncommon trap: reason=unstable_if action=reinterpret pc=0x000000000282e264 method=java.util.HashMap.getNode(ILjava/lang/Object;)Ljava/util/HashMap$Node; @ 84
Event: 2.772 Thread 0x0000000002608000 Uncommon trap: reason=unstable_if action=reinterpret pc=0x0000000002933dc0 method=java.util.HashMap.getNode(ILjava/lang/Object;)Ljava/util/HashMap$Node; @ 84
Event: 2.959 Thread 0x0000000002608000 Uncommon trap: reason=unstable_if action=reinterpret pc=0x0000000002967554 method=java.util.LinkedHashMap.get(Ljava/lang/Object;)Ljava/lang/Object; @ 20
Event: 2.963 Thread 0x0000000002608000 Uncommon trap: reason=unstable_if action=reinterpret pc=0x00000000029ea904 method=java.awt.MultipleGradientPaintContext.indexIntoGradientsArrays(F)I @ 93
Event: 3.728 Thread 0x0000000002608000 Uncommon trap: reason=unstable_if action=reinterpret pc=0x0000000002a0b228 method=org.bytedeco.javacv.Java2DFrameConverter.flipCopyWithGamma(Ljava/nio/ByteBuffer;ILjava/nio/ByteBuffer;IZDZI)V @ 50
Event: 8.411 Thread 0x0000000002608000 Uncommon trap: reason=class_check action=maybe_recompile pc=0x00000000027cbe68 method=java.lang.String.equals(Ljava/lang/Object;)Z @ 8
Event: 8.412 Thread 0x0000000002608000 Uncommon trap: reason=class_check action=maybe_recompile pc=0x00000000027cbe68 method=java.lang.String.equals(Ljava/lang/Object;)Z @ 8
Event: 8.572 Thread 0x0000000002608000 Uncommon trap: reason=class_check action=maybe_recompile pc=0x00000000027cbe68 method=java.lang.String.equals(Ljava/lang/Object;)Z @ 8
Event: 8.572 Thread 0x0000000002608000 Uncommon trap: reason=class_check action=maybe_recompile pc=0x00000000027cbe68 method=java.lang.String.equals(Ljava/lang/Object;)Z @ 8
Event: 12.291 Thread 0x00000000185ae000 Uncommon trap: reason=unstable_if action=reinterpret pc=0x00000000028ed2b4 method=java.io.WinNTFileSystem.normalize(Ljava/lang/String;)Ljava/lang/String; @ 128

Internal exceptions (10 events):
Event: 2.828 Thread 0x0000000018b9e000 Exception <a 'java/lang/reflect/InvocationTargetException'> (0x00000000ebcc2b98) thrown at [C:\re\workspace\8-2-build-windows-amd64-cygwin\jdk8u91\6644\hotspot\src\share\vm\runtime\reflection.cpp, line 1092]
Event: 2.835 Thread 0x0000000018b9e000 Exception <a 'java/lang/UnsatisfiedLinkError'> (0x00000000ebd1c7c8) thrown at [C:\re\workspace\8-2-build-windows-amd64-cygwin\jdk8u91\6644\hotspot\src\share\vm\prims\jvm.cpp, line 3969]
Event: 2.835 Thread 0x0000000018b9e000 Exception <a 'java/lang/UnsatisfiedLinkError'> (0x00000000ebd1c7c8) thrown at [C:\re\workspace\8-2-build-windows-amd64-cygwin\jdk8u91\6644\hotspot\src\share\vm\prims\jni.cpp, line 709]
Event: 2.837 Thread 0x0000000018b9e000 Exception <a 'java/lang/UnsatisfiedLinkError'> (0x00000000ebd1f7e8) thrown at [C:\re\workspace\8-2-build-windows-amd64-cygwin\jdk8u91\6644\hotspot\src\share\vm\prims\jvm.cpp, line 3969]
Event: 2.837 Thread 0x0000000018b9e000 Exception <a 'java/lang/UnsatisfiedLinkError'> (0x00000000ebd1f7e8) thrown at [C:\re\workspace\8-2-build-windows-amd64-cygwin\jdk8u91\6644\hotspot\src\share\vm\prims\jni.cpp, line 709]
Event: 2.838 Thread 0x0000000018b9e000 Exception <a 'java/lang/UnsatisfiedLinkError'> (0x00000000ebd22808) thrown at [C:\re\workspace\8-2-build-windows-amd64-cygwin\jdk8u91\6644\hotspot\src\share\vm\prims\jvm.cpp, line 3969]
Event: 2.838 Thread 0x0000000018b9e000 Exception <a 'java/lang/UnsatisfiedLinkError'> (0x00000000ebd22808) thrown at [C:\re\workspace\8-2-build-windows-amd64-cygwin\jdk8u91\6644\hotspot\src\share\vm\prims\jni.cpp, line 709]
Event: 2.839 Thread 0x0000000018b9e000 Exception <a 'java/lang/UnsatisfiedLinkError'> (0x00000000ebd22e40) thrown at [C:\re\workspace\8-2-build-windows-amd64-cygwin\jdk8u91\6644\hotspot\src\share\vm\oops\instanceKlass.cpp, line 948]
Event: 2.839 Thread 0x0000000018b9e000 Exception <a 'java/lang/reflect/InvocationTargetException'> (0x00000000ebd236d8) thrown at [C:\re\workspace\8-2-build-windows-amd64-cygwin\jdk8u91\6644\hotspot\src\share\vm\runtime\reflection.cpp, line 1092]
Event: 2.890 Thread 0x0000000018b9e000 Exception <a 'java/lang/NoClassDefFoundError': cl/eye/CLCamera> (0x00000000ebfbe748) thrown at [C:\re\workspace\8-2-build-windows-amd64-cygwin\jdk8u91\6644\hotspot\src\share\vm\classfile\systemDictionary.cpp, line 199]

Events (10 events):
Event: 16.428 loading class sun/util/resources/OpenListResourceBundle
Event: 16.428 loading class sun/util/resources/OpenListResourceBundle done
Event: 16.428 loading class sun/util/resources/TimeZoneNamesBundle done
Event: 16.428 loading class sun/util/resources/TimeZoneNames done
Event: 16.428 loading class sun/util/resources/en/TimeZoneNames_en
Event: 16.428 loading class sun/util/resources/en/TimeZoneNames_en done
Event: 18.528 Executing VM operation: ParallelGCFailedAllocation
Event: 18.530 Executing VM operation: ParallelGCFailedAllocation done
Event: 18.531 Executing VM operation: RevokeBias
Event: 18.531 Executing VM operation: RevokeBias done


Dynamic libraries:
0x00007ff6e7170000 - 0x00007ff6e71a7000 	C:\Program Files\Java\jdk1.8.0_91\bin\java.exe
0x00007ffcedb30000 - 0x00007ffcedd0b000 	C:\WINDOWS\SYSTEM32\ntdll.dll
0x00007ffced640000 - 0x00007ffced6ee000 	C:\WINDOWS\System32\KERNEL32.DLL
0x00007ffceae40000 - 0x00007ffceb089000 	C:\WINDOWS\System32\KERNELBASE.dll
0x00007ffce8740000 - 0x00007ffce87be000 	C:\WINDOWS\SYSTEM32\apphelp.dll
0x00007ffcb6c90000 - 0x00007ffcb7112000 	C:\WINDOWS\AppPatch\AppPatch64\AcLayers.DLL
0x00007ffced2e0000 - 0x00007ffced37d000 	C:\WINDOWS\System32\msvcrt.dll
0x00007ffceb5b0000 - 0x00007ffceb6fa000 	C:\WINDOWS\System32\USER32.dll
0x00007ffceac90000 - 0x00007ffceacae000 	C:\WINDOWS\System32\win32u.dll
0x00007ffceb820000 - 0x00007ffceb847000 	C:\WINDOWS\System32\GDI32.dll
0x00007ffceacb0000 - 0x00007ffceae37000 	C:\WINDOWS\System32\gdi32full.dll
0x00007ffcea050000 - 0x00007ffcea0ea000 	C:\WINDOWS\System32\msvcp_win.dll
0x00007ffcea1a0000 - 0x00007ffcea296000 	C:\WINDOWS\System32\ucrtbase.dll
0x00007ffced3b0000 - 0x00007ffced401000 	C:\WINDOWS\System32\SHLWAPI.dll
0x00007ffceb110000 - 0x00007ffceb409000 	C:\WINDOWS\System32\combase.dll
0x00007ffced030000 - 0x00007ffced155000 	C:\WINDOWS\System32\RPCRT4.dll
0x00007ffceaa50000 - 0x00007ffceaaba000 	C:\WINDOWS\System32\bcryptPrimitives.dll
0x00007ffcd9580000 - 0x00007ffcd960a000 	C:\WINDOWS\SYSTEM32\WINSPOOL.DRV
0x00007ffce9ea0000 - 0x00007ffce9ec5000 	C:\WINDOWS\SYSTEM32\bcrypt.dll
0x00000000001d0000 - 0x00000000001d3000 	C:\WINDOWS\SYSTEM32\sfc.dll
0x00007ffcdaef0000 - 0x00007ffcdaf01000 	C:\WINDOWS\SYSTEM32\sfc_os.DLL
0x00007ffced380000 - 0x00007ffced3ad000 	C:\WINDOWS\System32\IMM32.DLL
0x00007ffceb920000 - 0x00007ffceb9c1000 	C:\WINDOWS\System32\ADVAPI32.dll
0x00007ffceb860000 - 0x00007ffceb8b9000 	C:\WINDOWS\System32\sechost.dll
0x00007ffcd8460000 - 0x00007ffcd86c7000 	C:\WINDOWS\WinSxS\amd64_microsoft.windows.common-controls_6595b64144ccf1df_6.0.15063.483_none_26002d27e7c744a2\COMCTL32.dll
0x00000000752e0000 - 0x00000000753b2000 	C:\Program Files\Java\jdk1.8.0_91\jre\bin\msvcr100.dll
0x00000000753c0000 - 0x0000000075c53000 	C:\Program Files\Java\jdk1.8.0_91\jre\bin\server\jvm.dll
0x00007ffceb090000 - 0x00007ffceb098000 	C:\WINDOWS\System32\PSAPI.DLL
0x00007ffcde190000 - 0x00007ffcde19a000 	C:\WINDOWS\SYSTEM32\VERSION.dll
0x00007ffce8520000 - 0x00007ffce8543000 	C:\WINDOWS\SYSTEM32\WINMM.dll
0x00007ffce84c0000 - 0x00007ffce84eb000 	C:\WINDOWS\SYSTEM32\winmmbase.dll
0x00007ffcea300000 - 0x00007ffcea349000 	C:\WINDOWS\System32\cfgmgr32.dll
0x00007ffce6ee0000 - 0x00007ffce6ee9000 	C:\WINDOWS\SYSTEM32\WSOCK32.dll
0x00007ffceb0a0000 - 0x00007ffceb10c000 	C:\WINDOWS\System32\WS2_32.dll
0x0000000076fb0000 - 0x0000000076fbf000 	C:\Program Files\Java\jdk1.8.0_91\jre\bin\verify.dll
0x0000000075eb0000 - 0x0000000075ed9000 	C:\Program Files\Java\jdk1.8.0_91\jre\bin\java.dll
0x0000000075e90000 - 0x0000000075ea6000 	C:\Program Files\Java\jdk1.8.0_91\jre\bin\zip.dll
0x00007ffceb9d0000 - 0x00007ffcece06000 	C:\WINDOWS\System32\SHELL32.dll
0x00007ffcecf20000 - 0x00007ffcecfca000 	C:\WINDOWS\System32\shcore.dll
0x00007ffcea350000 - 0x00007ffceaa41000 	C:\WINDOWS\System32\windows.storage.dll
0x00007ffcea010000 - 0x00007ffcea021000 	C:\WINDOWS\System32\kernel.appcore.dll
0x00007ffce9fc0000 - 0x00007ffcea00c000 	C:\WINDOWS\System32\powrprof.dll
0x00007ffce9fa0000 - 0x00007ffce9fb5000 	C:\WINDOWS\System32\profapi.dll
0x0000000075140000 - 0x00000000752d8000 	C:\Program Files\Java\jdk1.8.0_91\jre\bin\awt.dll
0x00007ffced410000 - 0x00007ffced4d0000 	C:\WINDOWS\System32\OLEAUT32.dll
0x00007ffce8a10000 - 0x00007ffce8aa5000 	C:\WINDOWS\system32\uxtheme.dll
0x00007ffced170000 - 0x00007ffced2d6000 	C:\WINDOWS\System32\MSCTF.dll
0x00007ffce7020000 - 0x00007ffce704a000 	C:\WINDOWS\system32\dwmapi.dll
0x00007ffced4d0000 - 0x00007ffced615000 	C:\WINDOWS\System32\ole32.dll
0x00000000750f0000 - 0x0000000075137000 	C:\Program Files\Java\jdk1.8.0_91\jre\bin\fontmanager.dll
0x00007ffcc1d60000 - 0x00007ffcc1e4f000 	C:\Users\Joao_\.javacpp\cache\opencv-windows-x86_64.jar\org\bytedeco\javacpp\windows-x86_64\msvcr120.dll
0x00007ffcc00a0000 - 0x00007ffcc0146000 	C:\Users\Joao_\.javacpp\cache\opencv-windows-x86_64.jar\org\bytedeco\javacpp\windows-x86_64\msvcp120.dll
0x00007ffcba780000 - 0x00007ffcba9fa000 	C:\Users\Joao_\.javacpp\cache\opencv-windows-x86_64.jar\org\bytedeco\javacpp\windows-x86_64\opencv_core310.dll
0x00007ffcb6940000 - 0x00007ffcb6c82000 	C:\Users\Joao_\.javacpp\cache\opencv-windows-x86_64.jar\org\bytedeco\javacpp\windows-x86_64\opencv_imgproc310.dll
0x00007ffcb57f0000 - 0x00007ffcb5a17000 	C:\Users\Joao_\.javacpp\cache\opencv-windows-x86_64.jar\org\bytedeco\javacpp\windows-x86_64\jniopencv_core.dll
0x0000000075e70000 - 0x0000000075e8a000 	C:\Program Files\Java\jdk1.8.0_91\jre\bin\net.dll
0x00007ffce9850000 - 0x00007ffce98ac000 	C:\WINDOWS\system32\mswsock.dll
0x0000000075e50000 - 0x0000000075e61000 	C:\Program Files\Java\jdk1.8.0_91\jre\bin\nio.dll
0x00007ffcbf600000 - 0x00007ffcbf6ed000 	C:\Users\Joao_\.javacpp\cache\opencv-windows-x86_64.jar\org\bytedeco\javacpp\windows-x86_64\jniopencv_imgproc.dll
0x00007ffcaf7a0000 - 0x00007ffcafa69000 	C:\Users\Joao_\.javacpp\cache\opencv-windows-x86_64.jar\org\bytedeco\javacpp\windows-x86_64\opencv_imgcodecs310.dll
0x00007ffce2700000 - 0x00007ffce2725000 	C:\Users\Joao_\.javacpp\cache\opencv-windows-x86_64.jar\org\bytedeco\javacpp\windows-x86_64\jniopencv_imgcodecs.dll
0x00007ffcc9300000 - 0x00007ffcc9353000 	C:\Users\Joao_\.javacpp\cache\opencv-windows-x86_64.jar\org\bytedeco\javacpp\windows-x86_64\opencv_videoio310.dll
0x00007ffcdd9e0000 - 0x00007ffcdda09000 	C:\WINDOWS\SYSTEM32\MSVFW32.dll
0x00007ffce2370000 - 0x00007ffce238f000 	C:\WINDOWS\SYSTEM32\AVIFIL32.dll
0x00007ffcdfd50000 - 0x00007ffcdfd68000 	C:\WINDOWS\SYSTEM32\AVICAP32.dll
0x00007ffce2140000 - 0x00007ffce215c000 	C:\WINDOWS\SYSTEM32\MSACM32.dll
0x00007ffcdf200000 - 0x00007ffcdf217000 	C:\Users\Joao_\.javacpp\cache\opencv-windows-x86_64.jar\org\bytedeco\javacpp\windows-x86_64\jniopencv_videoio.dll
0x00007ffcd38b0000 - 0x00007ffcd38dc000 	C:\Users\Joao_\.javacpp\cache\opencv-windows-x86_64.jar\org\bytedeco\javacpp\windows-x86_64\opencv_highgui310.dll
0x00007ffcece10000 - 0x00007ffcecf18000 	C:\WINDOWS\System32\COMDLG32.dll
0x00007ffcd24b0000 - 0x00007ffcd24e5000 	C:\Users\Joao_\.javacpp\cache\opencv-windows-x86_64.jar\org\bytedeco\javacpp\windows-x86_64\jniopencv_highgui.dll
0x00007ffcbd2f0000 - 0x00007ffcbd3bd000 	C:\Users\Joao_\.javacpp\cache\opencv-windows-x86_64.jar\org\bytedeco\javacpp\windows-x86_64\opencv_ml310.dll
0x00007ffcc92c0000 - 0x00007ffcc92ff000 	C:\Users\Joao_\.javacpp\cache\opencv-windows-x86_64.jar\org\bytedeco\javacpp\windows-x86_64\jniopencv_ml.dll
0x00007ffcc8bc0000 - 0x00007ffcc8c56000 	C:\Users\Joao_\.javacpp\cache\opencv-windows-x86_64.jar\org\bytedeco\javacpp\windows-x86_64\opencv_objdetect310.dll
0x00007ffcc9220000 - 0x00007ffcc9274000 	C:\Users\Joao_\.javacpp\cache\opencv-windows-x86_64.jar\org\bytedeco\javacpp\windows-x86_64\jniopencv_objdetect.dll
0x00007ffcc8e30000 - 0x00007ffcc8e76000 	C:\Users\Joao_\.javacpp\cache\opencv-windows-x86_64.jar\org\bytedeco\javacpp\windows-x86_64\opencv_face310.dll
0x00007ffcdeef0000 - 0x00007ffcdef0a000 	C:\Users\Joao_\.javacpp\cache\opencv-windows-x86_64.jar\org\bytedeco\javacpp\windows-x86_64\jniopencv_face.dll
0x00007ffcc8fb0000 - 0x00007ffcc8fd6000 	C:\Users\Joao_\.javacpp\cache\videoinput-windows-x86_64.jar\org\bytedeco\javacpp\windows-x86_64\jnivideoInputLib.dll
0x00000000750a0000 - 0x00000000750e2000 	C:\Program Files\Java\jdk1.8.0_91\jre\bin\t2k.dll
0x0000000075e30000 - 0x0000000075e45000 	C:\Users\Joao_\.javacpp\cache\libfreenect-windows-x86_64.jar\org\bytedeco\javacpp\windows-x86_64\libusb0.dll
0x00007ffced6f0000 - 0x00007ffcedb2b000 	C:\WINDOWS\System32\SETUPAPI.dll
0x00007ffcc33f0000 - 0x00007ffcc3424000 	C:\Users\Joao_\.javacpp\cache\libfreenect-windows-x86_64.jar\org\bytedeco\javacpp\windows-x86_64\freenect.dll
0x00007ffcd2e20000 - 0x00007ffcd2e39000 	C:\Users\Joao_\.javacpp\cache\libfreenect-windows-x86_64.jar\org\bytedeco\javacpp\windows-x86_64\pthreadVC2.dll
0x00007ffcc33c0000 - 0x00007ffcc33e4000 	C:\Users\Joao_\.javacpp\cache\libfreenect-windows-x86_64.jar\org\bytedeco\javacpp\windows-x86_64\jnifreenect.dll
0x00007ffceb700000 - 0x00007ffceb79e000 	C:\WINDOWS\System32\clbcatq.dll
0x00007ffce3bd0000 - 0x00007ffce3d7c000 	C:\WINDOWS\SYSTEM32\WindowsCodecs.dll
0x00007ffcd8720000 - 0x00007ffcd8767000 	C:\WINDOWS\system32\dataexchange.dll
0x00007ffce7780000 - 0x00007ffce7a5f000 	C:\WINDOWS\system32\d3d11.dll
0x00007ffce8100000 - 0x00007ffce8222000 	C:\WINDOWS\system32\dcomp.dll
0x00007ffce8f20000 - 0x00007ffce8fc4000 	C:\WINDOWS\system32\dxgi.dll
0x00007ffce88a0000 - 0x00007ffce8a10000 	C:\WINDOWS\system32\twinapi.appcore.dll
0x00007ffce4e40000 - 0x00007ffce4ec2000 	C:\WINDOWS\System32\TextInputFramework.dll
0x00007ffce8010000 - 0x00007ffce80f3000 	C:\WINDOWS\System32\CoreMessaging.dll
0x00007ffce2910000 - 0x00007ffce2be2000 	C:\WINDOWS\System32\CoreUIComponents.dll
0x00007ffce91b0000 - 0x00007ffce91e1000 	C:\WINDOWS\SYSTEM32\ntmarta.dll
0x00007ffce6030000 - 0x00007ffce6169000 	C:\WINDOWS\SYSTEM32\wintypes.dll
0x00007ffce6cc0000 - 0x00007ffce6cd5000 	C:\WINDOWS\SYSTEM32\usermgrcli.dll
0x00007ffcd2ba0000 - 0x00007ffcd2bb7000 	C:\Windows\System32\devenum.dll
0x00007ffce8bc0000 - 0x00007ffce8be8000 	C:\WINDOWS\SYSTEM32\DEVOBJ.dll
0x00007ffcea2a0000 - 0x00007ffcea2f6000 	C:\WINDOWS\System32\WINTRUST.dll
0x00007ffcea030000 - 0x00007ffcea041000 	C:\WINDOWS\System32\MSASN1.dll
0x00007ffceaac0000 - 0x00007ffceac89000 	C:\WINDOWS\System32\CRYPT32.dll
0x00007ffce6440000 - 0x00007ffce644b000 	C:\WINDOWS\SYSTEM32\msdmo.dll
0x00007ffcc3320000 - 0x00007ffcc3352000 	C:\Windows\System32\qcap.dll
0x00007ffcb5250000 - 0x00007ffcb540c000 	C:\Windows\System32\quartz.dll
0x0000000075070000 - 0x000000007509a000 	C:\Program Files\Java\jdk1.8.0_91\jre\bin\dcpr.dll
0x00007ffcc32d0000 - 0x00007ffcc331d000 	C:\Windows\System32\mfksproxy.dll
0x00007ffcd91b0000 - 0x00007ffcd91cc000 	C:\Windows\System32\ATL.DLL
0x00007ffce2300000 - 0x00007ffce2332000 	C:\Windows\System32\MFSENSORGROUP.dll
0x00007ffcda2e0000 - 0x00007ffcda480000 	C:\Windows\System32\MFPlat.DLL
0x00007ffcdd650000 - 0x00007ffcdd682000 	C:\Windows\System32\RTWorkQ.DLL
0x00007ffcc2aa0000 - 0x00007ffcc2ae8000 	C:\Windows\System32\ksproxy.ax
0x00007ffcb9410000 - 0x00007ffcb9599000 	C:\Windows\System32\d3d9.dll
0x00007ffce2170000 - 0x00007ffce2179000 	C:\Windows\System32\ksuser.dll
0x00007ffce5db0000 - 0x00007ffce5e27000 	C:\WINDOWS\SYSTEM32\policymanager.dll
0x00007ffce5d20000 - 0x00007ffce5daf000 	C:\Windows\System32\msvcp110_win.dll
0x00007ffce6450000 - 0x00007ffce645c000 	C:\Windows\System32\vidcap.ax
0x00007ffcc3230000 - 0x00007ffcc3256000 	C:\Windows\System32\kswdmcap.ax
0x00007ffcbab70000 - 0x00007ffcbacd4000 	C:\Windows\System32\MFC42.dll
0x00007ffcc0000000 - 0x00007ffcc009f000 	C:\Windows\System32\qedit.dll
0x00007ffcd7260000 - 0x00007ffcd73f5000 	C:\WINDOWS\WinSxS\amd64_microsoft.windows.gdiplus_6595b64144ccf1df_1.1.15063.608_none_56f0266b425534e9\gdiplus.dll
0x00007ffcb9f60000 - 0x00007ffcba056000 	C:\Windows\System32\DDRAW.dll
0x00007ffce2690000 - 0x00007ffce2698000 	C:\Windows\System32\DCIMAN32.dll
0x00007ffcb2cc0000 - 0x00007ffcb2ed7000 	C:\Program Files (x86)\K-Lite Codec Pack\Filters\DirectVobSub64\vsfilter.dll
0x00007ffcd8970000 - 0x00007ffcd8c9e000 	C:\WINDOWS\SYSTEM32\WININET.dll
0x00007ffcd8db0000 - 0x00007ffcd8e1b000 	C:\WINDOWS\SYSTEM32\OLEACC.dll
0x00007ffce6ef0000 - 0x00007ffce6efc000 	C:\WINDOWS\SYSTEM32\msyuv.dll
0x00007ffcde610000 - 0x00007ffcde7b9000 	C:\WINDOWS\SYSTEM32\dbghelp.dll

VM Arguments:
jvm_args: -Dfile.encoding=UTF-8 -Djava.library.path=C:\opencv\build\java\x64 
java_command: main.main
java_class_path (initial): C:\Users\Joao_\Downloads\javacpp-1.3-bin\javacpp-bin\javacpp.jar;C:\Users\Joao_\Downloads\javacv-platform-1.3-bin\javacv-bin\opencv-windows-x86_64.jar;C:\Users\Joao_\Downloads\javacv-platform-1.3-bin\javacv-bin\videoinput-windows-x86_64.jar;C:\Users\Joao_\Downloads\javacv-platform-1.3-bin\javacv-bin\artoolkitplus-windows-x86_64.jar;C:\Users\Joao_\Downloads\javacv-platform-1.3-bin\javacv-bin\ffmpeg-windows-x86_64.jar;C:\Users\Joao_\Downloads\javacv-platform-1.3-bin\javacv-bin\flandmark-windows-x86_64.jar;C:\Users\Joao_\Downloads\javacv-platform-1.3-bin\javacv-bin\flycapture-windows-x86_64.jar;C:\Users\Joao_\Downloads\javacv-platform-1.3-bin\javacv-bin\javacv-platform.jar;C:\Users\Joao_\Downloads\javacv-platform-1.3-bin\javacv-bin\javacv.jar;C:\Users\Joao_\Downloads\javacv-platform-1.3-bin\javacv-bin\libdc1394-windows-x86_64.jar;C:\Users\Joao_\Downloads\javacv-platform-1.3-bin\javacv-bin\libfreenect-platform.jar;C:\Users\Joao_\Downloads\javacv-platform-1.3-bin\javacv-bin\libfreenect-windows-x86_64.jar;C:\Users\Joao_\Downloads\javacv-platform-1.3-bin\javacv-bin\librealsense-platform.jar;C:\Users\Joao_\Downloads\javacv-platform-1.3-bin\javacv-bin\librealsense.jar;C:\Users\Joao_\Downloads\javacv-platform-1.3-bin\javacv-bin\opencv.jar;C:\Users\Joao_\Downloads\javacv-platform-1.3-bin\javacv-bin\videoinput.jar;C:\TCC.UniSecurity\build\classes
Launcher Type: SUN_STANDARD

Environment Variables:
PATH=C:\ProgramData\Oracle\Java\javapath;C:\WINDOWS\system32;C:\WINDOWS;C:\WINDOWS\System32\Wbem;C:\WINDOWS\System32\WindowsPowerShell\v1.0\;C:\Program Files (x86)\Skype\Phone\;C:\Program Files\Microsoft SQL Server\120\DTS\Binn\;C:\Program Files\Microsoft SQL Server\Client SDK\ODBC\110\Tools\Binn\;C:\Program Files (x86)\Microsoft SQL Server\120\Tools\Binn\;C:\Program Files\Microsoft SQL Server\120\Tools\Binn\;C:\Program Files (x86)\Microsoft SQL Server\120\Tools\Binn\ManagementStudio\;C:\Program Files (x86)\Microsoft SQL Server\120\DTS\Binn\;C:\Program Files\CMake\bin;C:\opencv\build\x64\vc14\bin;C:\Users\Joao_\AppData\Local\Programs\Python\Python37\Scripts\;C:\Users\Joao_\AppData\Local\Programs\Python\Python37\;C:\Users\Joao_\AppData\Local\Microsoft\WindowsApps;
USERNAME=Joao_
OS=Windows_NT
PROCESSOR_IDENTIFIER=Intel64 Family 6 Model 58 Stepping 9, GenuineIntel



---------------  S Y S T E M  ---------------

OS: Windows 10.0 , 64 bit Build 15063 (10.0.15063.296)

CPU:total 4 (2 cores per cpu, 2 threads per core) family 6 model 58 stepping 9, cmov, cx8, fxsr, mmx, sse, sse2, sse3, ssse3, sse4.1, sse4.2, popcnt, avx, aes, clmul, erms, ht, tsc, tscinvbit, tscinv

Memory: 4k page, physical 4092772k(1139544k free), swap 5534564k(1008588k free)

vm_info: Java HotSpot(TM) 64-Bit Server VM (25.91-b14) for windows-amd64 JRE (1.8.0_91-b14), built on Apr  1 2016 00:58:32 by "java_re" with MS VC++ 10.0 (VS2010)

time: Fri Oct 20 00:37:49 2017
elapsed time: 18 seconds (0d 0h 0m 18s)

