#
# A fatal error has been detected by the Java Runtime Environment:
#
#  EXCEPTION_ACCESS_VIOLATION (0xc0000005) at pc=0x00007ff95a47b907, pid=5436, tid=1000
#
# JRE version: Java(TM) SE Runtime Environment (8.0_91-b14) (build 1.8.0_91-b14)
# Java VM: Java HotSpot(TM) 64-Bit Server VM (25.91-b14 mixed mode windows-amd64 compressed oops)
# Problematic frame:
# C  [opencv_face310.dll+0x1b907]
#
# Failed to write core dump. Minidumps are not enabled by default on client versions of Windows
#
# If you would like to submit a bug report, please visit:
#   http://bugreport.java.com/bugreport/crash.jsp
# The crash happened outside the Java Virtual Machine in native code.
# See problematic frame for where to report the bug.
#

---------------  T H R E A D  ---------------

Current thread (0x0000000017baa000):  JavaThread "pool-1-thread-1" [_thread_in_native, id=1000, stack(0x000000002ecc0000,0x000000002edc0000)]

siginfo: ExceptionCode=0xc0000005, reading address 0x000000001ab1a000

Registers:
RAX=0x000000002edbe7b0, RBX=0x0000000000000028, RCX=0x000000001ab19fff, RDX=0x000000001ab19fff
RSP=0x000000002edbe6d0, RBP=0x000000002edbe7d0, RSI=0x000000000000005c, RDI=0x000000000000000b
R8 =0x000000001ab19640, R9 =0x000000000000005c, R10=0x000000000000000b, R11=0x000000000000001b
R12=0xffffffffffffffff, R13=0x0000000000000001, R14=0x0000000000000001, R15=0x0000000000000000
RIP=0x00007ff95a47b907, EFLAGS=0x0000000000010206

Top of Stack: (sp=0x000000002edbe6d0)
0x000000002edbe6d0:   0000000080000000 000000002edbe7c0
0x000000002edbe6e0:   0000000000000008 000000002edbe990
0x000000002edbe6f0:   00000000ffffffff 0000000000000000
0x000000002edbe700:   0000000000000000 0000000009090101
0x000000002edbe710:   000000010000001b 0000000000000008
0x000000002edbe720:   0000000000000000 0000000000000000
0x000000002edbe730:   0000000000000000 00000000c1020006
0x000000002edbe740:   000000002edbe728 0000000100000001
0x000000002edbe750:   fffffffffffffffe 0000000000000000
0x000000002edbe760:   0000000242ff4000 0000005c00000070
0x000000002edbe770:   000000001ab19640 000000001ab19640
0x000000002edbe780:   000000001ab1be80 000000001ab1be80
0x000000002edbe790:   0000000000000000 0000000000000000
0x000000002edbe7a0:   000000002edbe768 000000002edbe7b0
0x000000002edbe7b0:   000000000000005c 0000000000000001
0x000000002edbe7c0:   0000000242ff4004 0000005a0000006e 

Instructions: (pc=0x00007ff95a47b907)
0x00007ff95a47b8e7:   08 4b 8d 0c 03 49 0f af c9 4c 8b 45 a0 49 03 c8
0x00007ff95a47b8f7:   49 03 ca 49 8b d3 49 0f af d1 49 03 d0 49 03 d2
0x00007ff95a47b907:   41 0f b6 44 0d 00 66 0f 6e d0 0f 5b d2 f3 0f 59
0x00007ff95a47b917:   d3 48 63 44 24 44 48 8b f0 0f b6 04 08 66 0f 6e 


Register to memory mapping:

RAX=0x000000002edbe7b0 is pointing into the stack for thread: 0x0000000017baa000
RBX=0x0000000000000028 is an unknown value
RCX=0x000000001ab19fff is an unknown value
RDX=0x000000001ab19fff is an unknown value
RSP=0x000000002edbe6d0 is pointing into the stack for thread: 0x0000000017baa000
RBP=0x000000002edbe7d0 is pointing into the stack for thread: 0x0000000017baa000
RSI=0x000000000000005c is an unknown value
RDI=0x000000000000000b is an unknown value
R8 =0x000000001ab19640 is an unknown value
R9 =0x000000000000005c is an unknown value
R10=0x000000000000000b is an unknown value
R11=0x000000000000001b is an unknown value
R12=0xffffffffffffffff is an unknown value
R13=0x0000000000000001 is an unknown value
R14=0x0000000000000001 is an unknown value
R15=0x0000000000000000 is an unknown value


Stack: [0x000000002ecc0000,0x000000002edc0000],  sp=0x000000002edbe6d0,  free space=1017k
Native frames: (J=compiled Java code, j=interpreted, Vv=VM code, C=native code)
C  [opencv_face310.dll+0x1b907]
C  [opencv_face310.dll+0x1e2ba]
C  [opencv_face310.dll+0x1e235]
C  [opencv_face310.dll+0x20a6b]
C  [jniopencv_face.dll+0x7b42]
C  0x00000000031f7f54

Java frames: (J=compiled Java code, j=interpreted, Vv=VM code)
j  org.bytedeco.javacpp.opencv_face$FaceRecognizer.train(Lorg/bytedeco/javacpp/opencv_core$MatVector;Lorg/bytedeco/javacpp/opencv_core$Mat;)V+0
j  processing.LBPHFaceRecognizer.retrainAll()V+237
j  processing.LBPHFaceRecognizer.saveNewFace(Ljava/lang/String;[Lorg/bytedeco/javacpp/opencv_core$IplImage;)Z+149
j  processing.FacePanel$2.run()V+52
j  java.util.concurrent.ThreadPoolExecutor.runWorker(Ljava/util/concurrent/ThreadPoolExecutor$Worker;)V+95
j  java.util.concurrent.ThreadPoolExecutor$Worker.run()V+5
j  java.lang.Thread.run()V+11
v  ~StubRoutines::call_stub

---------------  P R O C E S S  ---------------

Java Threads: ( => current thread )
=>0x0000000017baa000 JavaThread "pool-1-thread-1" [_thread_in_native, id=1000, stack(0x000000002ecc0000,0x000000002edc0000)]
  0x00000000173b6800 JavaThread "TimerQueue" daemon [_thread_blocked, id=4944, stack(0x000000002cc40000,0x000000002cd40000)]
  0x000000001913d800 JavaThread "Thread-1" [_thread_blocked, id=10192, stack(0x000000001ae90000,0x000000001af90000)]
  0x000000000121d800 JavaThread "DestroyJavaVM" [_thread_blocked, id=11804, stack(0x0000000002fe0000,0x00000000030e0000)]
  0x0000000017e57000 JavaThread "AWT-EventQueue-0" [_thread_blocked, id=11748, stack(0x0000000019c90000,0x0000000019d90000)]
  0x0000000017e56800 JavaThread "AWT-Shutdown" [_thread_blocked, id=4208, stack(0x0000000019b90000,0x0000000019c90000)]
  0x0000000017a71800 JavaThread "JavaCPP Deallocator" daemon [_thread_blocked, id=7276, stack(0x0000000019a90000,0x0000000019b90000)]
  0x000000001798d800 JavaThread "AWT-Windows" daemon [_thread_in_native, id=9696, stack(0x0000000018260000,0x0000000018360000)]
  0x000000001798a000 JavaThread "Java2D Disposer" daemon [_thread_blocked, id=10628, stack(0x0000000018060000,0x0000000018160000)]
  0x000000001716d800 JavaThread "Service Thread" daemon [_thread_blocked, id=5956, stack(0x0000000017530000,0x0000000017630000)]
  0x00000000157d7000 JavaThread "C1 CompilerThread2" daemon [_thread_blocked, id=11028, stack(0x0000000017030000,0x0000000017130000)]
  0x00000000157d0800 JavaThread "C2 CompilerThread1" daemon [_thread_blocked, id=11820, stack(0x0000000016f30000,0x0000000017030000)]
  0x00000000157cd800 JavaThread "C2 CompilerThread0" daemon [_thread_blocked, id=1828, stack(0x0000000016e30000,0x0000000016f30000)]
  0x00000000157cc000 JavaThread "Attach Listener" daemon [_thread_blocked, id=2280, stack(0x0000000016d30000,0x0000000016e30000)]
  0x00000000157cb000 JavaThread "Signal Dispatcher" daemon [_thread_blocked, id=5812, stack(0x0000000016c30000,0x0000000016d30000)]
  0x00000000157b9000 JavaThread "Finalizer" daemon [_thread_blocked, id=8648, stack(0x0000000016a40000,0x0000000016b40000)]
  0x00000000031d1000 JavaThread "Reference Handler" daemon [_thread_blocked, id=7688, stack(0x0000000016940000,0x0000000016a40000)]

Other Threads:
  0x0000000015797000 VMThread [stack: 0x0000000016840000,0x0000000016940000] [id=7596]
  0x0000000017179800 WatcherThread [stack: 0x0000000017630000,0x0000000017730000] [id=9472]

VM state:not at safepoint (normal execution)

VM Mutex/Monitor currently owned by a thread: None

Heap:
 PSYoungGen      total 21504K, used 2518K [0x00000000eb300000, 0x00000000ecd00000, 0x0000000100000000)
  eden space 16384K, 13% used [0x00000000eb300000,0x00000000eb51d8d8,0x00000000ec300000)
  from space 5120K, 6% used [0x00000000ec800000,0x00000000ec858000,0x00000000ecd00000)
  to   space 5120K, 0% used [0x00000000ec300000,0x00000000ec300000,0x00000000ec800000)
 ParOldGen       total 44032K, used 5265K [0x00000000c1800000, 0x00000000c4300000, 0x00000000eb300000)
  object space 44032K, 11% used [0x00000000c1800000,0x00000000c1d247c0,0x00000000c4300000)
 Metaspace       used 16210K, capacity 16438K, committed 16640K, reserved 1064960K
  class space    used 1954K, capacity 2028K, committed 2048K, reserved 1048576K

Card table byte_map: [0x00000000125a0000,0x00000000127a0000] byte_map_base: 0x0000000011f94000

Marking Bits: (ParMarkBitMap*) 0x0000000058262f70
 Begin Bits: [0x0000000012cf0000, 0x0000000013c90000)
 End Bits:   [0x0000000013c90000, 0x0000000014c30000)

Polling page: 0x00000000012a0000

CodeCache: size=245760Kb used=5527Kb max_used=5527Kb free=240232Kb
 bounds [0x00000000031e0000, 0x0000000003750000, 0x00000000121e0000]
 total_blobs=2280 nmethods=1652 adapters=540
 compilation: enabled

Compilation events (10 events):
Event: 23.620 Thread 0x00000000157d7000 1651   !   3       java.lang.StringCoding::encode (64 bytes)
Event: 23.621 Thread 0x00000000157d7000 nmethod 1651 0x0000000003741bd0 code [0x0000000003741e40, 0x0000000003742b48]
Event: 23.623 Thread 0x00000000157d7000 1653       3       org.bytedeco.javacpp.helper.opencv_core$AbstractCvMat::getIntBuffer (42 bytes)
Event: 23.624 Thread 0x00000000157d7000 nmethod 1653 0x0000000003743cd0 code [0x0000000003743ea0, 0x0000000003744728]
Event: 23.624 Thread 0x00000000157d7000 1654       3       java.nio.DirectIntBufferU::put (18 bytes)
Event: 23.624 Thread 0x00000000157d7000 nmethod 1654 0x0000000003744a10 code [0x0000000003744b80, 0x0000000003744df0]
Event: 23.624 Thread 0x00000000157d7000 1655       3       java.nio.DirectIntBufferU::ix (10 bytes)
Event: 23.624 Thread 0x00000000157d7000 nmethod 1655 0x0000000003744f10 code [0x0000000003745060, 0x00000000037451d0]
Event: 23.624 Thread 0x00000000157d7000 1658       3       org.bytedeco.javacpp.helper.opencv_core$AbstractCvMat::put (138 bytes)
Event: 23.625 Thread 0x00000000157d7000 nmethod 1658 0x0000000003745250 code [0x00000000037454a0, 0x0000000003746178]

GC Heap History (10 events):
Event: 17.099 GC heap before
{Heap before GC invocations=4 (full 0):
 PSYoungGen      total 18944K, used 18284K [0x00000000eb300000, 0x00000000ec800000, 0x0000000100000000)
  eden space 16384K, 96% used [0x00000000eb300000,0x00000000ec25f508,0x00000000ec300000)
  from space 2560K, 99% used [0x00000000ec300000,0x00000000ec57bc10,0x00000000ec580000)
  to   space 2560K, 0% used [0x00000000ec580000,0x00000000ec580000,0x00000000ec800000)
 ParOldGen       total 44032K, used 2680K [0x00000000c1800000, 0x00000000c4300000, 0x00000000eb300000)
  object space 44032K, 6% used [0x00000000c1800000,0x00000000c1a9e340,0x00000000c4300000)
 Metaspace       used 15839K, capacity 16022K, committed 16128K, reserved 1062912K
  class space    used 1918K, capacity 1996K, committed 2048K, reserved 1048576K
Event: 17.102 GC heap after
Heap after GC invocations=4 (full 0):
 PSYoungGen      total 18944K, used 2543K [0x00000000eb300000, 0x00000000ec800000, 0x0000000100000000)
  eden space 16384K, 0% used [0x00000000eb300000,0x00000000eb300000,0x00000000ec300000)
  from space 2560K, 99% used [0x00000000ec580000,0x00000000ec7fbc10,0x00000000ec800000)
  to   space 2560K, 0% used [0x00000000ec300000,0x00000000ec300000,0x00000000ec580000)
 ParOldGen       total 44032K, used 2724K [0x00000000c1800000, 0x00000000c4300000, 0x00000000eb300000)
  object space 44032K, 6% used [0x00000000c1800000,0x00000000c1aa9110,0x00000000c4300000)
 Metaspace       used 15839K, capacity 16022K, committed 16128K, reserved 1062912K
  class space    used 1918K, capacity 1996K, committed 2048K, reserved 1048576K
}
Event: 18.804 GC heap before
{Heap before GC invocations=5 (full 0):
 PSYoungGen      total 18944K, used 18511K [0x00000000eb300000, 0x00000000ec800000, 0x0000000100000000)
  eden space 16384K, 97% used [0x00000000eb300000,0x00000000ec298380,0x00000000ec300000)
  from space 2560K, 99% used [0x00000000ec580000,0x00000000ec7fbc10,0x00000000ec800000)
  to   space 2560K, 0% used [0x00000000ec300000,0x00000000ec300000,0x00000000ec580000)
 ParOldGen       total 44032K, used 2724K [0x00000000c1800000, 0x00000000c4300000, 0x00000000eb300000)
  object space 44032K, 6% used [0x00000000c1800000,0x00000000c1aa9110,0x00000000c4300000)
 Metaspace       used 15864K, capacity 16086K, committed 16384K, reserved 1062912K
  class space    used 1918K, capacity 1996K, committed 2048K, reserved 1048576K
Event: 18.807 GC heap after
Heap after GC invocations=5 (full 0):
 PSYoungGen      total 18944K, used 2543K [0x00000000eb300000, 0x00000000ecc00000, 0x0000000100000000)
  eden space 16384K, 0% used [0x00000000eb300000,0x00000000eb300000,0x00000000ec300000)
  from space 2560K, 99% used [0x00000000ec300000,0x00000000ec57bc10,0x00000000ec580000)
  to   space 4608K, 0% used [0x00000000ec780000,0x00000000ec780000,0x00000000ecc00000)
 ParOldGen       total 44032K, used 2763K [0x00000000c1800000, 0x00000000c4300000, 0x00000000eb300000)
  object space 44032K, 6% used [0x00000000c1800000,0x00000000c1ab2cb0,0x00000000c4300000)
 Metaspace       used 15864K, capacity 16086K, committed 16384K, reserved 1062912K
  class space    used 1918K, capacity 1996K, committed 2048K, reserved 1048576K
}
Event: 20.411 GC heap before
{Heap before GC invocations=6 (full 0):
 PSYoungGen      total 18944K, used 18209K [0x00000000eb300000, 0x00000000ecc00000, 0x0000000100000000)
  eden space 16384K, 95% used [0x00000000eb300000,0x00000000ec24c9c0,0x00000000ec300000)
  from space 2560K, 99% used [0x00000000ec300000,0x00000000ec57bc10,0x00000000ec580000)
  to   space 4608K, 0% used [0x00000000ec780000,0x00000000ec780000,0x00000000ecc00000)
 ParOldGen       total 44032K, used 2763K [0x00000000c1800000, 0x00000000c4300000, 0x00000000eb300000)
  object space 44032K, 6% used [0x00000000c1800000,0x00000000c1ab2cb0,0x00000000c4300000)
 Metaspace       used 15988K, capacity 16182K, committed 16384K, reserved 1062912K
  class space    used 1943K, capacity 2028K, committed 2048K, reserved 1048576K
Event: 20.417 GC heap after
Heap after GC invocations=6 (full 0):
 PSYoungGen      total 20992K, used 2639K [0x00000000eb300000, 0x00000000ecc00000, 0x0000000100000000)
  eden space 16384K, 0% used [0x00000000eb300000,0x00000000eb300000,0x00000000ec300000)
  from space 4608K, 57% used [0x00000000ec780000,0x00000000eca13c10,0x00000000ecc00000)
  to   space 4608K, 0% used [0x00000000ec300000,0x00000000ec300000,0x00000000ec780000)
 ParOldGen       total 44032K, used 2763K [0x00000000c1800000, 0x00000000c4300000, 0x00000000eb300000)
  object space 44032K, 6% used [0x00000000c1800000,0x00000000c1ab2cb0,0x00000000c4300000)
 Metaspace       used 15988K, capacity 16182K, committed 16384K, reserved 1062912K
  class space    used 1943K, capacity 2028K, committed 2048K, reserved 1048576K
}
Event: 22.014 GC heap before
{Heap before GC invocations=7 (full 0):
 PSYoungGen      total 20992K, used 18895K [0x00000000eb300000, 0x00000000ecc00000, 0x0000000100000000)
  eden space 16384K, 99% used [0x00000000eb300000,0x00000000ec2e0228,0x00000000ec300000)
  from space 4608K, 57% used [0x00000000ec780000,0x00000000eca13c10,0x00000000ecc00000)
  to   space 4608K, 0% used [0x00000000ec300000,0x00000000ec300000,0x00000000ec780000)
 ParOldGen       total 44032K, used 2763K [0x00000000c1800000, 0x00000000c4300000, 0x00000000eb300000)
  object space 44032K, 6% used [0x00000000c1800000,0x00000000c1ab2cb0,0x00000000c4300000)
 Metaspace       used 16075K, capacity 16310K, committed 16384K, reserved 1062912K
  class space    used 1943K, capacity 2028K, committed 2048K, reserved 1048576K
Event: 22.017 GC heap after
Heap after GC invocations=7 (full 0):
 PSYoungGen      total 20992K, used 192K [0x00000000eb300000, 0x00000000ecd00000, 0x0000000100000000)
  eden space 16384K, 0% used [0x00000000eb300000,0x00000000eb300000,0x00000000ec300000)
  from space 4608K, 4% used [0x00000000ec300000,0x00000000ec330000,0x00000000ec780000)
  to   space 5120K, 0% used [0x00000000ec800000,0x00000000ec800000,0x00000000ecd00000)
 ParOldGen       total 44032K, used 5225K [0x00000000c1800000, 0x00000000c4300000, 0x00000000eb300000)
  object space 44032K, 11% used [0x00000000c1800000,0x00000000c1d1a7c0,0x00000000c4300000)
 Metaspace       used 16075K, capacity 16310K, committed 16384K, reserved 1062912K
  class space    used 1943K, capacity 2028K, committed 2048K, reserved 1048576K
}
Event: 23.616 GC heap before
{Heap before GC invocations=8 (full 0):
 PSYoungGen      total 20992K, used 16388K [0x00000000eb300000, 0x00000000ecd00000, 0x0000000100000000)
  eden space 16384K, 98% used [0x00000000eb300000,0x00000000ec2d1160,0x00000000ec300000)
  from space 4608K, 4% used [0x00000000ec300000,0x00000000ec330000,0x00000000ec780000)
  to   space 5120K, 0% used [0x00000000ec800000,0x00000000ec800000,0x00000000ecd00000)
 ParOldGen       total 44032K, used 5225K [0x00000000c1800000, 0x00000000c4300000, 0x00000000eb300000)
  object space 44032K, 11% used [0x00000000c1800000,0x00000000c1d1a7c0,0x00000000c4300000)
 Metaspace       used 16198K, capacity 16374K, committed 16640K, reserved 1064960K
  class space    used 1954K, capacity 2028K, committed 2048K, reserved 1048576K
Event: 23.617 GC heap after
Heap after GC invocations=8 (full 0):
 PSYoungGen      total 21504K, used 352K [0x00000000eb300000, 0x00000000ecd00000, 0x0000000100000000)
  eden space 16384K, 0% used [0x00000000eb300000,0x00000000eb300000,0x00000000ec300000)
  from space 5120K, 6% used [0x00000000ec800000,0x00000000ec858000,0x00000000ecd00000)
  to   space 5120K, 0% used [0x00000000ec300000,0x00000000ec300000,0x00000000ec800000)
 ParOldGen       total 44032K, used 5265K [0x00000000c1800000, 0x00000000c4300000, 0x00000000eb300000)
  object space 44032K, 11% used [0x00000000c1800000,0x00000000c1d247c0,0x00000000c4300000)
 Metaspace       used 16198K, capacity 16374K, committed 16640K, reserved 1064960K
  class space    used 1954K, capacity 2028K, committed 2048K, reserved 1048576K
}

Deoptimization events (10 events):
Event: 7.410 Thread 0x0000000017e57000 Uncommon trap: reason=unstable_if action=reinterpret pc=0x00000000033dfa24 method=java.util.HashMap.getNode(ILjava/lang/Object;)Ljava/util/HashMap$Node; @ 84
Event: 7.410 Thread 0x0000000017e57000 Uncommon trap: reason=unstable_if action=reinterpret pc=0x0000000003450100 method=java.util.HashMap.getNode(ILjava/lang/Object;)Ljava/util/HashMap$Node; @ 84
Event: 8.933 Thread 0x0000000017e57000 Uncommon trap: reason=unstable_if action=reinterpret pc=0x00000000035087d4 method=java.util.LinkedHashMap.get(Ljava/lang/Object;)Ljava/lang/Object; @ 20
Event: 8.945 Thread 0x0000000017e57000 Uncommon trap: reason=unstable_if action=reinterpret pc=0x0000000003558244 method=java.awt.MultipleGradientPaintContext.indexIntoGradientsArrays(F)I @ 93
Event: 14.487 Thread 0x0000000017e57000 Uncommon trap: reason=unstable_if action=reinterpret pc=0x00000000035ef7a8 method=org.bytedeco.javacv.Java2DFrameConverter.flipCopyWithGamma(Ljava/nio/ByteBuffer;ILjava/nio/ByteBuffer;IZDZI)V @ 50
Event: 20.151 Thread 0x0000000017e57000 Uncommon trap: reason=class_check action=maybe_recompile pc=0x00000000033854a8 method=java.lang.String.equals(Ljava/lang/Object;)Z @ 8
Event: 20.151 Thread 0x0000000017e57000 Uncommon trap: reason=class_check action=maybe_recompile pc=0x00000000033854a8 method=java.lang.String.equals(Ljava/lang/Object;)Z @ 8
Event: 20.239 Thread 0x0000000017e57000 Uncommon trap: reason=class_check action=maybe_recompile pc=0x00000000033854a8 method=java.lang.String.equals(Ljava/lang/Object;)Z @ 8
Event: 20.240 Thread 0x0000000017e57000 Uncommon trap: reason=class_check action=maybe_recompile pc=0x00000000033854a8 method=java.lang.String.equals(Ljava/lang/Object;)Z @ 8
Event: 23.486 Thread 0x0000000017baa000 Uncommon trap: reason=unstable_if action=reinterpret pc=0x000000000347b530 method=java.io.WinNTFileSystem.normalize(Ljava/lang/String;)Ljava/lang/String; @ 128

Internal exceptions (10 events):
Event: 8.718 Thread 0x000000001913d800 Exception <a 'java/lang/reflect/InvocationTargetException'> (0x00000000ebdd4078) thrown at [C:\re\workspace\8-2-build-windows-amd64-cygwin\jdk8u91\6644\hotspot\src\share\vm\runtime\reflection.cpp, line 1092]
Event: 9.156 Thread 0x000000001913d800 Exception <a 'java/lang/UnsatisfiedLinkError'> (0x00000000ebf9aa78) thrown at [C:\re\workspace\8-2-build-windows-amd64-cygwin\jdk8u91\6644\hotspot\src\share\vm\prims\jvm.cpp, line 3969]
Event: 9.156 Thread 0x000000001913d800 Exception <a 'java/lang/UnsatisfiedLinkError'> (0x00000000ebf9aa78) thrown at [C:\re\workspace\8-2-build-windows-amd64-cygwin\jdk8u91\6644\hotspot\src\share\vm\prims\jni.cpp, line 709]
Event: 9.159 Thread 0x000000001913d800 Exception <a 'java/lang/UnsatisfiedLinkError'> (0x00000000ebf9da98) thrown at [C:\re\workspace\8-2-build-windows-amd64-cygwin\jdk8u91\6644\hotspot\src\share\vm\prims\jvm.cpp, line 3969]
Event: 9.159 Thread 0x000000001913d800 Exception <a 'java/lang/UnsatisfiedLinkError'> (0x00000000ebf9da98) thrown at [C:\re\workspace\8-2-build-windows-amd64-cygwin\jdk8u91\6644\hotspot\src\share\vm\prims\jni.cpp, line 709]
Event: 9.162 Thread 0x000000001913d800 Exception <a 'java/lang/UnsatisfiedLinkError'> (0x00000000ebfa0ab8) thrown at [C:\re\workspace\8-2-build-windows-amd64-cygwin\jdk8u91\6644\hotspot\src\share\vm\prims\jvm.cpp, line 3969]
Event: 9.162 Thread 0x000000001913d800 Exception <a 'java/lang/UnsatisfiedLinkError'> (0x00000000ebfa0ab8) thrown at [C:\re\workspace\8-2-build-windows-amd64-cygwin\jdk8u91\6644\hotspot\src\share\vm\prims\jni.cpp, line 709]
Event: 9.162 Thread 0x000000001913d800 Exception <a 'java/lang/UnsatisfiedLinkError'> (0x00000000ebfa10f0) thrown at [C:\re\workspace\8-2-build-windows-amd64-cygwin\jdk8u91\6644\hotspot\src\share\vm\oops\instanceKlass.cpp, line 948]
Event: 9.162 Thread 0x000000001913d800 Exception <a 'java/lang/reflect/InvocationTargetException'> (0x00000000ebfa1988) thrown at [C:\re\workspace\8-2-build-windows-amd64-cygwin\jdk8u91\6644\hotspot\src\share\vm\runtime\reflection.cpp, line 1092]
Event: 9.862 Thread 0x000000001913d800 Exception <a 'java/lang/NoClassDefFoundError': cl/eye/CLCamera> (0x00000000ec213db8) thrown at [C:\re\workspace\8-2-build-windows-amd64-cygwin\jdk8u91\6644\hotspot\src\share\vm\classfile\systemDictionary.cpp, line 199]

Events (10 events):
Event: 23.485 loading class org/bytedeco/javacpp/helper/opencv_core$AbstractCvMat$ReleaseDeallocator done
Event: 23.486 Thread 0x0000000017baa000 Uncommon trap: trap_request=0xffffff65 fr.pc=0x000000000347b530
Event: 23.486 Thread 0x0000000017baa000 DEOPT PACKING pc=0x000000000347b530 sp=0x000000002edbebc0
Event: 23.486 Thread 0x0000000017baa000 DEOPT UNPACKING pc=0x000000000322582a sp=0x000000002edbebd0 mode 2
Event: 23.488 loading class java/nio/DirectIntBufferU
Event: 23.501 loading class java/nio/DirectIntBufferU done
Event: 23.616 Executing VM operation: ParallelGCFailedAllocation
Event: 23.617 Executing VM operation: ParallelGCFailedAllocation done
Event: 23.617 Executing VM operation: RevokeBias
Event: 23.617 Executing VM operation: RevokeBias done


Dynamic libraries:
0x00007ff6557b0000 - 0x00007ff6557e7000 	C:\Program Files\Java\jdk1.8.0_91\bin\java.exe
0x00007ff9783a0000 - 0x00007ff97857b000 	C:\WINDOWS\SYSTEM32\ntdll.dll
0x00007ff9782c0000 - 0x00007ff97836e000 	C:\WINDOWS\System32\KERNEL32.DLL
0x00007ff9748c0000 - 0x00007ff974b09000 	C:\WINDOWS\System32\KERNELBASE.dll
0x00007ff9759a0000 - 0x00007ff975a41000 	C:\WINDOWS\System32\ADVAPI32.dll
0x00007ff977150000 - 0x00007ff9771ed000 	C:\WINDOWS\System32\msvcrt.dll
0x00007ff977460000 - 0x00007ff9774b9000 	C:\WINDOWS\System32\sechost.dll
0x00007ff977a70000 - 0x00007ff977b95000 	C:\WINDOWS\System32\RPCRT4.dll
0x00007ff978160000 - 0x00007ff9782aa000 	C:\WINDOWS\System32\USER32.dll
0x00007ff975580000 - 0x00007ff97559e000 	C:\WINDOWS\System32\win32u.dll
0x00007ff975a50000 - 0x00007ff975a77000 	C:\WINDOWS\System32\GDI32.dll
0x00007ff9755a0000 - 0x00007ff975727000 	C:\WINDOWS\System32\gdi32full.dll
0x00007ff974d70000 - 0x00007ff974e0a000 	C:\WINDOWS\System32\msvcp_win.dll
0x00007ff974b60000 - 0x00007ff974c56000 	C:\WINDOWS\System32\ucrtbase.dll
0x00007ff96b2b0000 - 0x00007ff96b517000 	C:\WINDOWS\WinSxS\amd64_microsoft.windows.common-controls_6595b64144ccf1df_6.0.15063.483_none_26002d27e7c744a2\COMCTL32.dll
0x00007ff977770000 - 0x00007ff977a69000 	C:\WINDOWS\System32\combase.dll
0x00007ff974e10000 - 0x00007ff974e7a000 	C:\WINDOWS\System32\bcryptPrimitives.dll
0x00007ff978370000 - 0x00007ff97839d000 	C:\WINDOWS\System32\IMM32.DLL
0x00000000585d0000 - 0x00000000586a2000 	C:\Program Files\Java\jdk1.8.0_91\jre\bin\msvcr100.dll
0x0000000057a50000 - 0x00000000582e3000 	C:\Program Files\Java\jdk1.8.0_91\jre\bin\server\jvm.dll
0x00007ff9771f0000 - 0x00007ff9771f8000 	C:\WINDOWS\System32\PSAPI.DLL
0x00007ff968b50000 - 0x00007ff968b59000 	C:\WINDOWS\SYSTEM32\WSOCK32.dll
0x00007ff9729d0000 - 0x00007ff9729f3000 	C:\WINDOWS\SYSTEM32\WINMM.dll
0x00007ff9664f0000 - 0x00007ff9664fa000 	C:\WINDOWS\SYSTEM32\VERSION.dll
0x00007ff977ba0000 - 0x00007ff977c0c000 	C:\WINDOWS\System32\WS2_32.dll
0x00007ff972970000 - 0x00007ff97299b000 	C:\WINDOWS\SYSTEM32\winmmbase.dll
0x00007ff974b10000 - 0x00007ff974b59000 	C:\WINDOWS\System32\cfgmgr32.dll
0x00000000595e0000 - 0x00000000595ef000 	C:\Program Files\Java\jdk1.8.0_91\jre\bin\verify.dll
0x00000000579e0000 - 0x0000000057a09000 	C:\Program Files\Java\jdk1.8.0_91\jre\bin\java.dll
0x00000000595c0000 - 0x00000000595d6000 	C:\Program Files\Java\jdk1.8.0_91\jre\bin\zip.dll
0x00007ff975c00000 - 0x00007ff977036000 	C:\WINDOWS\System32\SHELL32.dll
0x00007ff978050000 - 0x00007ff9780fa000 	C:\WINDOWS\System32\shcore.dll
0x00007ff974e80000 - 0x00007ff975571000 	C:\WINDOWS\System32\windows.storage.dll
0x00007ff977540000 - 0x00007ff977591000 	C:\WINDOWS\System32\shlwapi.dll
0x00007ff974880000 - 0x00007ff974891000 	C:\WINDOWS\System32\kernel.appcore.dll
0x00007ff974830000 - 0x00007ff97487c000 	C:\WINDOWS\System32\powrprof.dll
0x00007ff974810000 - 0x00007ff974825000 	C:\WINDOWS\System32\profapi.dll
0x0000000057800000 - 0x0000000057998000 	C:\Program Files\Java\jdk1.8.0_91\jre\bin\awt.dll
0x00007ff9773a0000 - 0x00007ff977460000 	C:\WINDOWS\System32\OLEAUT32.dll
0x00007ff972ff0000 - 0x00007ff97306e000 	C:\WINDOWS\SYSTEM32\apphelp.dll
0x00007ff973280000 - 0x00007ff973315000 	C:\WINDOWS\system32\uxtheme.dll
0x00007ff975a90000 - 0x00007ff975bf6000 	C:\WINDOWS\System32\MSCTF.dll
0x00007ff971b20000 - 0x00007ff971b4a000 	C:\WINDOWS\system32\dwmapi.dll
0x00007ff977620000 - 0x00007ff977765000 	C:\WINDOWS\System32\ole32.dll
0x00000000577b0000 - 0x00000000577f7000 	C:\Program Files\Java\jdk1.8.0_91\jre\bin\fontmanager.dll
0x00007ff95fa20000 - 0x00007ff95fb0f000 	C:\Users\Joao_\.javacpp\cache\opencv-windows-x86_64.jar\org\bytedeco\javacpp\windows-x86_64\msvcr120.dll
0x00007ff965320000 - 0x00007ff9653c6000 	C:\Users\Joao_\.javacpp\cache\opencv-windows-x86_64.jar\org\bytedeco\javacpp\windows-x86_64\msvcp120.dll
0x00007ff949a70000 - 0x00007ff949cea000 	C:\Users\Joao_\.javacpp\cache\opencv-windows-x86_64.jar\org\bytedeco\javacpp\windows-x86_64\opencv_core310.dll
0x00007ff941580000 - 0x00007ff9418c2000 	C:\Users\Joao_\.javacpp\cache\opencv-windows-x86_64.jar\org\bytedeco\javacpp\windows-x86_64\opencv_imgproc310.dll
0x00007ff94a010000 - 0x00007ff94a237000 	C:\Users\Joao_\.javacpp\cache\opencv-windows-x86_64.jar\org\bytedeco\javacpp\windows-x86_64\jniopencv_core.dll
0x00000000579c0000 - 0x00000000579da000 	C:\Program Files\Java\jdk1.8.0_91\jre\bin\net.dll
0x00007ff9740c0000 - 0x00007ff97411c000 	C:\WINDOWS\system32\mswsock.dll
0x00000000579a0000 - 0x00000000579b1000 	C:\Program Files\Java\jdk1.8.0_91\jre\bin\nio.dll
0x00007ff95a620000 - 0x00007ff95a70d000 	C:\Users\Joao_\.javacpp\cache\opencv-windows-x86_64.jar\org\bytedeco\javacpp\windows-x86_64\jniopencv_imgproc.dll
0x00007ff9497a0000 - 0x00007ff949a69000 	C:\Users\Joao_\.javacpp\cache\opencv-windows-x86_64.jar\org\bytedeco\javacpp\windows-x86_64\opencv_imgcodecs310.dll
0x00007ff96f580000 - 0x00007ff96f5a5000 	C:\Users\Joao_\.javacpp\cache\opencv-windows-x86_64.jar\org\bytedeco\javacpp\windows-x86_64\jniopencv_imgcodecs.dll
0x00007ff96def0000 - 0x00007ff96df43000 	C:\Users\Joao_\.javacpp\cache\opencv-windows-x86_64.jar\org\bytedeco\javacpp\windows-x86_64\opencv_videoio310.dll
0x00007ff971950000 - 0x00007ff97196f000 	C:\WINDOWS\SYSTEM32\AVIFIL32.dll
0x00007ff96ded0000 - 0x00007ff96dee8000 	C:\WINDOWS\SYSTEM32\AVICAP32.dll
0x00007ff96dd80000 - 0x00007ff96dda9000 	C:\WINDOWS\SYSTEM32\MSVFW32.dll
0x00007ff96deb0000 - 0x00007ff96decc000 	C:\WINDOWS\SYSTEM32\MSACM32.dll
0x00007ff96dd10000 - 0x00007ff96dd27000 	C:\Users\Joao_\.javacpp\cache\opencv-windows-x86_64.jar\org\bytedeco\javacpp\windows-x86_64\jniopencv_videoio.dll
0x00007ff969b30000 - 0x00007ff969b5c000 	C:\Users\Joao_\.javacpp\cache\opencv-windows-x86_64.jar\org\bytedeco\javacpp\windows-x86_64\opencv_highgui310.dll
0x00007ff977040000 - 0x00007ff977148000 	C:\WINDOWS\System32\COMDLG32.dll
0x00007ff95a5e0000 - 0x00007ff95a615000 	C:\Users\Joao_\.javacpp\cache\opencv-windows-x86_64.jar\org\bytedeco\javacpp\windows-x86_64\jniopencv_highgui.dll
0x00007ff94a460000 - 0x00007ff94a52d000 	C:\Users\Joao_\.javacpp\cache\opencv-windows-x86_64.jar\org\bytedeco\javacpp\windows-x86_64\opencv_ml310.dll
0x00007ff95a4b0000 - 0x00007ff95a4ef000 	C:\Users\Joao_\.javacpp\cache\opencv-windows-x86_64.jar\org\bytedeco\javacpp\windows-x86_64\jniopencv_ml.dll
0x00007ff949200000 - 0x00007ff949296000 	C:\Users\Joao_\.javacpp\cache\opencv-windows-x86_64.jar\org\bytedeco\javacpp\windows-x86_64\opencv_objdetect310.dll
0x00007ff94edd0000 - 0x00007ff94ee24000 	C:\Users\Joao_\.javacpp\cache\opencv-windows-x86_64.jar\org\bytedeco\javacpp\windows-x86_64\jniopencv_objdetect.dll
0x00007ff95a460000 - 0x00007ff95a4a6000 	C:\Users\Joao_\.javacpp\cache\opencv-windows-x86_64.jar\org\bytedeco\javacpp\windows-x86_64\opencv_face310.dll
0x00007ff95ffc0000 - 0x00007ff95ffda000 	C:\Users\Joao_\.javacpp\cache\opencv-windows-x86_64.jar\org\bytedeco\javacpp\windows-x86_64\jniopencv_face.dll
0x00007ff9593d0000 - 0x00007ff9593f6000 	C:\Users\Joao_\.javacpp\cache\videoinput-windows-x86_64.jar\org\bytedeco\javacpp\windows-x86_64\jnivideoInputLib.dll
0x0000000057760000 - 0x00000000577a2000 	C:\Program Files\Java\jdk1.8.0_91\jre\bin\t2k.dll
0x00007ff975900000 - 0x00007ff97599e000 	C:\WINDOWS\System32\clbcatq.dll
0x00007ff970c80000 - 0x00007ff970e2c000 	C:\WINDOWS\SYSTEM32\WindowsCodecs.dll
0x00007ff968420000 - 0x00007ff968467000 	C:\WINDOWS\system32\dataexchange.dll
0x00007ff971ff0000 - 0x00007ff9722cf000 	C:\WINDOWS\system32\d3d11.dll
0x00007ff972ae0000 - 0x00007ff972c02000 	C:\WINDOWS\system32\dcomp.dll
0x00007ff973820000 - 0x00007ff9738c4000 	C:\WINDOWS\system32\dxgi.dll
0x00007ff973110000 - 0x00007ff973280000 	C:\WINDOWS\system32\twinapi.appcore.dll
0x00007ff974750000 - 0x00007ff974775000 	C:\WINDOWS\system32\bcrypt.dll
0x0000000057720000 - 0x000000005774a000 	C:\Program Files\Java\jdk1.8.0_91\jre\bin\dcpr.dll
0x0000000057700000 - 0x0000000057715000 	C:\Users\Joao_\.javacpp\cache\libfreenect-windows-x86_64.jar\org\bytedeco\javacpp\windows-x86_64\libusb0.dll
0x00007ff977c10000 - 0x00007ff97804b000 	C:\WINDOWS\System32\SETUPAPI.dll
0x00007ff951c10000 - 0x00007ff951c44000 	C:\Users\Joao_\.javacpp\cache\libfreenect-windows-x86_64.jar\org\bytedeco\javacpp\windows-x86_64\freenect.dll
0x00007ff95d050000 - 0x00007ff95d069000 	C:\Users\Joao_\.javacpp\cache\libfreenect-windows-x86_64.jar\org\bytedeco\javacpp\windows-x86_64\pthreadVC2.dll
0x00007ff94eda0000 - 0x00007ff94edc4000 	C:\Users\Joao_\.javacpp\cache\libfreenect-windows-x86_64.jar\org\bytedeco\javacpp\windows-x86_64\jnifreenect.dll
0x00007ff95a5c0000 - 0x00007ff95a5d7000 	C:\Windows\System32\devenum.dll
0x00007ff973a20000 - 0x00007ff973a51000 	C:\WINDOWS\SYSTEM32\ntmarta.dll
0x00007ff973450000 - 0x00007ff973478000 	C:\WINDOWS\SYSTEM32\DEVOBJ.dll
0x00007ff974d10000 - 0x00007ff974d66000 	C:\WINDOWS\System32\WINTRUST.dll
0x00007ff9748a0000 - 0x00007ff9748b1000 	C:\WINDOWS\System32\MSASN1.dll
0x00007ff975730000 - 0x00007ff9758f9000 	C:\WINDOWS\System32\CRYPT32.dll
0x00007ff96f1f0000 - 0x00007ff96f1fb000 	C:\WINDOWS\SYSTEM32\msdmo.dll
0x00007ff94b420000 - 0x00007ff94b452000 	C:\Windows\System32\qcap.dll
0x00007ff947f60000 - 0x00007ff94811c000 	C:\Windows\System32\quartz.dll
0x00007ff94b060000 - 0x00007ff94b0ad000 	C:\Windows\System32\mfksproxy.dll
0x00007ff944170000 - 0x00007ff9441a2000 	C:\Windows\System32\MFSENSORGROUP.dll
0x00007ff96cca0000 - 0x00007ff96ccbc000 	C:\Windows\System32\ATL.DLL
0x00007ff965100000 - 0x00007ff9652a0000 	C:\Windows\System32\MFPlat.DLL
0x00007ff96f490000 - 0x00007ff96f4c2000 	C:\Windows\System32\RTWorkQ.DLL
0x00007ff94a410000 - 0x00007ff94a458000 	C:\Windows\System32\ksproxy.ax
0x00007ff970340000 - 0x00007ff970349000 	C:\Windows\System32\ksuser.dll
0x00007ff947dd0000 - 0x00007ff947f59000 	C:\Windows\System32\d3d9.dll
0x00007ff971800000 - 0x00007ff971877000 	C:\WINDOWS\SYSTEM32\policymanager.dll
0x00007ff971770000 - 0x00007ff9717ff000 	C:\Windows\System32\msvcp110_win.dll
0x00007ff9719c0000 - 0x00007ff9719cc000 	C:\Windows\System32\vidcap.ax
0x00007ff94bb00000 - 0x00007ff94bb26000 	C:\Windows\System32\kswdmcap.ax
0x00007ff948f90000 - 0x00007ff9490f4000 	C:\Windows\System32\MFC42.dll
0x00007ff948e20000 - 0x00007ff948ebf000 	C:\Windows\System32\qedit.dll
0x00007ff964ca0000 - 0x00007ff964e35000 	C:\WINDOWS\WinSxS\amd64_microsoft.windows.gdiplus_6595b64144ccf1df_1.1.15063.608_none_56f0266b425534e9\gdiplus.dll
0x00007ff947cd0000 - 0x00007ff947dc6000 	C:\Windows\System32\DDRAW.dll
0x00007ff971990000 - 0x00007ff971998000 	C:\Windows\System32\DCIMAN32.dll
0x00007ff947ab0000 - 0x00007ff947cc7000 	C:\Program Files (x86)\K-Lite Codec Pack\Filters\DirectVobSub64\vsfilter.dll
0x00007ff969c50000 - 0x00007ff969cbb000 	C:\WINDOWS\SYSTEM32\OLEACC.dll
0x00007ff959ce0000 - 0x00007ff95a00e000 	C:\WINDOWS\SYSTEM32\WININET.dll
0x00007ff95ce60000 - 0x00007ff95ceea000 	C:\WINDOWS\SYSTEM32\WINSPOOL.DRV
0x00007ff96f610000 - 0x00007ff96f692000 	C:\WINDOWS\System32\TextInputFramework.dll
0x00007ff972880000 - 0x00007ff972963000 	C:\WINDOWS\System32\CoreMessaging.dll
0x00007ff970700000 - 0x00007ff9709d2000 	C:\WINDOWS\System32\CoreUIComponents.dll
0x00007ff971530000 - 0x00007ff971545000 	C:\WINDOWS\SYSTEM32\usermgrcli.dll
0x00007ff971000000 - 0x00007ff971139000 	C:\WINDOWS\SYSTEM32\wintypes.dll
0x00007ff9706e0000 - 0x00007ff9706ec000 	C:\WINDOWS\SYSTEM32\msyuv.dll
0x00007ff964820000 - 0x00007ff9649c9000 	C:\WINDOWS\SYSTEM32\dbghelp.dll

VM Arguments:
jvm_args: -Dfile.encoding=UTF-8 -Djava.library.path=C:\opencv\build\java\x64 
java_command: main.main
java_class_path (initial): C:\Users\Joao_\Downloads\javacpp-1.3-bin\javacpp-bin\javacpp.jar;C:\Users\Joao_\Downloads\javacv-platform-1.3-bin\javacv-bin\opencv-windows-x86_64.jar;C:\Users\Joao_\Downloads\javacv-platform-1.3-bin\javacv-bin\videoinput-windows-x86_64.jar;C:\Users\Joao_\Downloads\javacv-platform-1.3-bin\javacv-bin\artoolkitplus-windows-x86_64.jar;C:\Users\Joao_\Downloads\javacv-platform-1.3-bin\javacv-bin\ffmpeg-windows-x86_64.jar;C:\Users\Joao_\Downloads\javacv-platform-1.3-bin\javacv-bin\flandmark-windows-x86_64.jar;C:\Users\Joao_\Downloads\javacv-platform-1.3-bin\javacv-bin\flycapture-windows-x86_64.jar;C:\Users\Joao_\Downloads\javacv-platform-1.3-bin\javacv-bin\javacv-platform.jar;C:\Users\Joao_\Downloads\javacv-platform-1.3-bin\javacv-bin\javacv.jar;C:\Users\Joao_\Downloads\javacv-platform-1.3-bin\javacv-bin\libdc1394-windows-x86_64.jar;C:\Users\Joao_\Downloads\javacv-platform-1.3-bin\javacv-bin\libfreenect-platform.jar;C:\Users\Joao_\Downloads\javacv-platform-1.3-bin\javacv-bin\libfreenect-windows-x86_64.jar;C:\Users\Joao_\Downloads\javacv-platform-1.3-bin\javacv-bin\librealsense-platform.jar;C:\Users\Joao_\Downloads\javacv-platform-1.3-bin\javacv-bin\librealsense.jar;C:\Users\Joao_\Downloads\javacv-platform-1.3-bin\javacv-bin\opencv.jar;C:\Users\Joao_\Downloads\javacv-platform-1.3-bin\javacv-bin\videoinput.jar;C:\TCC.UniSecurity\build\classes
Launcher Type: SUN_STANDARD

Environment Variables:
PATH=C:\ProgramData\Oracle\Java\javapath;C:\WINDOWS\system32;C:\WINDOWS;C:\WINDOWS\System32\Wbem;C:\WINDOWS\System32\WindowsPowerShell\v1.0\;C:\Program Files (x86)\Skype\Phone\;C:\Program Files\Microsoft SQL Server\120\DTS\Binn\;C:\Program Files\Microsoft SQL Server\Client SDK\ODBC\110\Tools\Binn\;C:\Program Files (x86)\Microsoft SQL Server\120\Tools\Binn\;C:\Program Files\Microsoft SQL Server\120\Tools\Binn\;C:\Program Files (x86)\Microsoft SQL Server\120\Tools\Binn\ManagementStudio\;C:\Program Files (x86)\Microsoft SQL Server\120\DTS\Binn\;C:\Program Files\CMake\bin;C:\opencv\build\x64\vc14\bin;C:\Users\Joao_\AppData\Local\Programs\Python\Python37\Scripts\;C:\Users\Joao_\AppData\Local\Programs\Python\Python37\;C:\Users\Joao_\AppData\Local\Microsoft\WindowsApps;
USERNAME=Joao_
OS=Windows_NT
PROCESSOR_IDENTIFIER=Intel64 Family 6 Model 58 Stepping 9, GenuineIntel



---------------  S Y S T E M  ---------------

OS: Windows 10.0 , 64 bit Build 15063 (10.0.15063.296)

CPU:total 4 (2 cores per cpu, 2 threads per core) family 6 model 58 stepping 9, cmov, cx8, fxsr, mmx, sse, sse2, sse3, ssse3, sse4.1, sse4.2, popcnt, avx, aes, clmul, erms, ht, tsc, tscinvbit, tscinv

Memory: 4k page, physical 4092772k(1451752k free), swap 5774224k(2550452k free)

vm_info: Java HotSpot(TM) 64-Bit Server VM (25.91-b14) for windows-amd64 JRE (1.8.0_91-b14), built on Apr  1 2016 00:58:32 by "java_re" with MS VC++ 10.0 (VS2010)

time: Wed Oct 18 19:33:42 2017
elapsed time: 23 seconds (0d 0h 0m 23s)

