#
# A fatal error has been detected by the Java Runtime Environment:
#
#  EXCEPTION_ACCESS_VIOLATION (0xc0000005) at pc=0x00007ff952b7b907, pid=3292, tid=8048
#
# JRE version: Java(TM) SE Runtime Environment (8.0_91-b14) (build 1.8.0_91-b14)
# Java VM: Java HotSpot(TM) 64-Bit Server VM (25.91-b14 mixed mode windows-amd64 compressed oops)
# Problematic frame:
# C  [opencv_face310.dll+0x1b907]
#
# Failed to write core dump. Minidumps are not enabled by default on client versions of Windows
#
# If you would like to submit a bug report, please visit:
#   http://bugreport.java.com/bugreport/crash.jsp
# The crash happened outside the Java Virtual Machine in native code.
# See problematic frame for where to report the bug.
#

---------------  T H R E A D  ---------------

Current thread (0x0000000019406000):  JavaThread "pool-1-thread-1" [_thread_in_native, id=8048, stack(0x000000002ecd0000,0x000000002edd0000)]

siginfo: ExceptionCode=0xc0000005, reading address 0x000000002b33b000

Registers:
RAX=0x000000002edcee00, RBX=0x0000000000000128, RCX=0x000000002b33afff, RDX=0x000000002b33afff
RSP=0x000000002edced20, RBP=0x000000002edcee20, RSI=0x000000000000005c, RDI=0x000000000000004b
R8 =0x000000002b33a490, R9 =0x000000000000005c, R10=0x000000000000004b, R11=0x000000000000001f
R12=0xffffffffffffffff, R13=0x0000000000000001, R14=0x0000000000000001, R15=0x0000000000000000
RIP=0x00007ff952b7b907, EFLAGS=0x0000000000010206

Top of Stack: (sp=0x000000002edced20)
0x000000002edced20:   0000000080000000 000000002edcee10
0x000000002edced30:   0000000000000008 000000002edcefe0
0x000000002edced40:   00000000ffffffff 0000000000000000
0x000000002edced50:   0000000000000000 000000002edced60
0x000000002edced60:   000000010000001f 0000000000000008
0x000000002edced70:   0000000000000000 0000000000000000
0x000000002edced80:   0000000000000000 00000000c1020006
0x000000002edced90:   000000002edced78 0000000100000001
0x000000002edceda0:   fffffffffffffffe 0000000000000000
0x000000002edcedb0:   0000000242ff4000 0000005c00000070
0x000000002edcedc0:   000000002b33a490 000000002b33a490
0x000000002edcedd0:   000000002b33ccd0 000000002b33ccd0
0x000000002edcede0:   0000000000000000 0000000000000000
0x000000002edcedf0:   000000002edcedb8 000000002edcee00
0x000000002edcee00:   000000000000005c 0000000000000001
0x000000002edcee10:   0000000242ff4004 0000005a0000006e 

Instructions: (pc=0x00007ff952b7b907)
0x00007ff952b7b8e7:   08 4b 8d 0c 03 49 0f af c9 4c 8b 45 a0 49 03 c8
0x00007ff952b7b8f7:   49 03 ca 49 8b d3 49 0f af d1 49 03 d0 49 03 d2
0x00007ff952b7b907:   41 0f b6 44 0d 00 66 0f 6e d0 0f 5b d2 f3 0f 59
0x00007ff952b7b917:   d3 48 63 44 24 44 48 8b f0 0f b6 04 08 66 0f 6e 


Register to memory mapping:

RAX=0x000000002edcee00 is pointing into the stack for thread: 0x0000000019406000
RBX=0x0000000000000128 is an unknown value
RCX=0x000000002b33afff is an unknown value
RDX=0x000000002b33afff is an unknown value
RSP=0x000000002edced20 is pointing into the stack for thread: 0x0000000019406000
RBP=0x000000002edcee20 is pointing into the stack for thread: 0x0000000019406000
RSI=0x000000000000005c is an unknown value
RDI=0x000000000000004b is an unknown value
R8 =0x000000002b33a490 is an unknown value
R9 =0x000000000000005c is an unknown value
R10=0x000000000000004b is an unknown value
R11=0x000000000000001f is an unknown value
R12=0xffffffffffffffff is an unknown value
R13=0x0000000000000001 is an unknown value
R14=0x0000000000000001 is an unknown value
R15=0x0000000000000000 is an unknown value


Stack: [0x000000002ecd0000,0x000000002edd0000],  sp=0x000000002edced20,  free space=1019k
Native frames: (J=compiled Java code, j=interpreted, Vv=VM code, C=native code)
C  [opencv_face310.dll+0x1b907]
C  [opencv_face310.dll+0x1e2ba]
C  [opencv_face310.dll+0x1e235]
C  [opencv_face310.dll+0x20a6b]
C  [jniopencv_face.dll+0x7b42]
C  0x00000000031b7f54

Java frames: (J=compiled Java code, j=interpreted, Vv=VM code)
j  org.bytedeco.javacpp.opencv_face$FaceRecognizer.train(Lorg/bytedeco/javacpp/opencv_core$MatVector;Lorg/bytedeco/javacpp/opencv_core$Mat;)V+0
j  processing.LBPHFaceRecognizer.retrainAll()V+257
j  processing.LBPHFaceRecognizer.saveNewFace(Ljava/lang/String;[Lorg/bytedeco/javacpp/opencv_core$IplImage;)Z+149
j  processing.FacePanel$2.run()V+59
j  java.util.concurrent.ThreadPoolExecutor.runWorker(Ljava/util/concurrent/ThreadPoolExecutor$Worker;)V+95
j  java.util.concurrent.ThreadPoolExecutor$Worker.run()V+5
j  java.lang.Thread.run()V+11
v  ~StubRoutines::call_stub

---------------  P R O C E S S  ---------------

Java Threads: ( => current thread )
=>0x0000000019406000 JavaThread "pool-1-thread-1" [_thread_in_native, id=8048, stack(0x000000002ecd0000,0x000000002edd0000)]
  0x0000000017b1f000 JavaThread "TimerQueue" daemon [_thread_blocked, id=5468, stack(0x000000002cd60000,0x000000002ce60000)]
  0x000000001939d000 JavaThread "Thread-1" [_thread_blocked, id=10748, stack(0x000000001adb0000,0x000000001aeb0000)]
  0x00000000018bd800 JavaThread "DestroyJavaVM" [_thread_blocked, id=8816, stack(0x00000000017a0000,0x00000000018a0000)]
  0x00000000193a3000 JavaThread "AWT-EventQueue-0" [_thread_blocked, id=10808, stack(0x0000000019b90000,0x0000000019c90000)]
  0x0000000018af0800 JavaThread "JavaCPP Deallocator" daemon [_thread_blocked, id=3976, stack(0x0000000019a30000,0x0000000019b30000)]
  0x0000000017925000 JavaThread "AWT-Windows" daemon [_thread_in_native, id=7984, stack(0x0000000018230000,0x0000000018330000)]
  0x0000000017922000 JavaThread "AWT-Shutdown" [_thread_blocked, id=4864, stack(0x0000000018130000,0x0000000018230000)]
  0x0000000017921800 JavaThread "Java2D Disposer" daemon [_thread_blocked, id=7484, stack(0x0000000018030000,0x0000000018130000)]
  0x0000000017130800 JavaThread "Service Thread" daemon [_thread_blocked, id=7248, stack(0x0000000017500000,0x0000000017600000)]
  0x00000000157b3800 JavaThread "C1 CompilerThread2" daemon [_thread_blocked, id=6292, stack(0x0000000017000000,0x0000000017100000)]
  0x00000000157b0800 JavaThread "C2 CompilerThread1" daemon [_thread_blocked, id=6848, stack(0x0000000016f00000,0x0000000017000000)]
  0x00000000157ad800 JavaThread "C2 CompilerThread0" daemon [_thread_blocked, id=8160, stack(0x0000000016e00000,0x0000000016f00000)]
  0x00000000157ac000 JavaThread "Attach Listener" daemon [_thread_blocked, id=6328, stack(0x0000000016d00000,0x0000000016e00000)]
  0x00000000157ab000 JavaThread "Signal Dispatcher" daemon [_thread_blocked, id=10588, stack(0x0000000016c00000,0x0000000016d00000)]
  0x0000000015799000 JavaThread "Finalizer" daemon [_thread_blocked, id=11652, stack(0x0000000016a00000,0x0000000016b00000)]
  0x0000000003181000 JavaThread "Reference Handler" daemon [_thread_blocked, id=6724, stack(0x0000000016900000,0x0000000016a00000)]

Other Threads:
  0x0000000015777000 VMThread [stack: 0x0000000016800000,0x0000000016900000] [id=6124]
  0x0000000017144800 WatcherThread [stack: 0x0000000017600000,0x0000000017700000] [id=8388]

VM state:not at safepoint (normal execution)

VM Mutex/Monitor currently owned by a thread: None

Heap:
 PSYoungGen      total 21504K, used 13182K [0x00000000eb300000, 0x00000000ecd00000, 0x0000000100000000)
  eden space 16384K, 79% used [0x00000000eb300000,0x00000000ebfb7838,0x00000000ec300000)
  from space 5120K, 3% used [0x00000000ec800000,0x00000000ec828000,0x00000000ecd00000)
  to   space 5120K, 0% used [0x00000000ec300000,0x00000000ec300000,0x00000000ec800000)
 ParOldGen       total 44032K, used 5444K [0x00000000c1800000, 0x00000000c4300000, 0x00000000eb300000)
  object space 44032K, 12% used [0x00000000c1800000,0x00000000c1d510f0,0x00000000c4300000)
 Metaspace       used 16385K, capacity 16582K, committed 16896K, reserved 1064960K
  class space    used 1956K, capacity 2028K, committed 2048K, reserved 1048576K

Card table byte_map: [0x0000000012560000,0x0000000012760000] byte_map_base: 0x0000000011f54000

Marking Bits: (ParMarkBitMap*) 0x0000000058262f70
 Begin Bits: [0x0000000012cb0000, 0x0000000013c50000)
 End Bits:   [0x0000000013c50000, 0x0000000014bf0000)

Polling page: 0x00000000018a0000

CodeCache: size=245760Kb used=6189Kb max_used=6189Kb free=239570Kb
 bounds [0x00000000031a0000, 0x00000000037b0000, 0x00000000121a0000]
 total_blobs=2425 nmethods=1797 adapters=540
 compilation: enabled

Compilation events (10 events):
Event: 19.540 Thread 0x00000000157b3800 1793       3       java.nio.MappedByteBuffer::<init> (15 bytes)
Event: 19.541 Thread 0x00000000157b3800 nmethod 1793 0x00000000037a3390 code [0x00000000037a3500, 0x00000000037a3728]
Event: 19.541 Thread 0x00000000157b3800 1794       3       java.nio.ByteBuffer::<init> (12 bytes)
Event: 19.541 Thread 0x00000000157b3800 nmethod 1794 0x00000000037abe50 code [0x00000000037abfc0, 0x00000000037ac168]
Event: 19.544 Thread 0x00000000157b3800 1795       3       sun.java2d.pipe.ValidatePipe::copyImage (29 bytes)
Event: 19.544 Thread 0x00000000157b3800 nmethod 1795 0x00000000037ac210 code [0x00000000037ac3c0, 0x00000000037ac9e8]
Event: 19.545 Thread 0x00000000157b3800 1796       3       sun.java2d.pipe.DrawImage::copyImage (60 bytes)
Event: 19.545 Thread 0x00000000157b3800 nmethod 1796 0x00000000037acd10 code [0x00000000037acee0, 0x00000000037ad748]
Event: 19.545 Thread 0x00000000157b3800 1797       3       sun.java2d.pipe.DrawImage::copyImage (105 bytes)
Event: 19.546 Thread 0x00000000157b3800 nmethod 1797 0x00000000037ada10 code [0x00000000037adbe0, 0x00000000037ae318]

GC Heap History (10 events):
Event: 12.622 GC heap before
{Heap before GC invocations=8 (full 0):
 PSYoungGen      total 16896K, used 16344K [0x00000000eb300000, 0x00000000ed000000, 0x0000000100000000)
  eden space 16384K, 98% used [0x00000000eb300000,0x00000000ec2ae3a8,0x00000000ec300000)
  from space 512K, 56% used [0x00000000ec980000,0x00000000ec9c8000,0x00000000eca00000)
  to   space 5120K, 0% used [0x00000000ecb00000,0x00000000ecb00000,0x00000000ed000000)
 ParOldGen       total 44032K, used 5087K [0x00000000c1800000, 0x00000000c4300000, 0x00000000eb300000)
  object space 44032K, 11% used [0x00000000c1800000,0x00000000c1cf7eb0,0x00000000c4300000)
 Metaspace       used 16135K, capacity 16326K, committed 16640K, reserved 1064960K
  class space    used 1943K, capacity 2028K, committed 2048K, reserved 1048576K
Event: 12.623 GC heap after
Heap after GC invocations=8 (full 0):
 PSYoungGen      total 18432K, used 224K [0x00000000eb300000, 0x00000000ecd00000, 0x0000000100000000)
  eden space 16384K, 0% used [0x00000000eb300000,0x00000000eb300000,0x00000000ec300000)
  from space 2048K, 10% used [0x00000000ecb00000,0x00000000ecb38000,0x00000000ecd00000)
  to   space 5120K, 0% used [0x00000000ec300000,0x00000000ec300000,0x00000000ec800000)
 ParOldGen       total 44032K, used 5167K [0x00000000c1800000, 0x00000000c4300000, 0x00000000eb300000)
  object space 44032K, 11% used [0x00000000c1800000,0x00000000c1d0beb0,0x00000000c4300000)
 Metaspace       used 16135K, capacity 16326K, committed 16640K, reserved 1064960K
  class space    used 1943K, capacity 2028K, committed 2048K, reserved 1048576K
}
Event: 13.926 GC heap before
{Heap before GC invocations=9 (full 0):
 PSYoungGen      total 18432K, used 16393K [0x00000000eb300000, 0x00000000ecd00000, 0x0000000100000000)
  eden space 16384K, 98% used [0x00000000eb300000,0x00000000ec2ca478,0x00000000ec300000)
  from space 2048K, 10% used [0x00000000ecb00000,0x00000000ecb38000,0x00000000ecd00000)
  to   space 5120K, 0% used [0x00000000ec300000,0x00000000ec300000,0x00000000ec800000)
 ParOldGen       total 44032K, used 5167K [0x00000000c1800000, 0x00000000c4300000, 0x00000000eb300000)
  object space 44032K, 11% used [0x00000000c1800000,0x00000000c1d0beb0,0x00000000c4300000)
 Metaspace       used 16229K, capacity 16454K, committed 16640K, reserved 1064960K
  class space    used 1946K, capacity 2028K, committed 2048K, reserved 1048576K
Event: 13.929 GC heap after
Heap after GC invocations=9 (full 0):
 PSYoungGen      total 21504K, used 1188K [0x00000000eb300000, 0x00000000ecd00000, 0x0000000100000000)
  eden space 16384K, 0% used [0x00000000eb300000,0x00000000eb300000,0x00000000ec300000)
  from space 5120K, 23% used [0x00000000ec300000,0x00000000ec429010,0x00000000ec800000)
  to   space 5120K, 0% used [0x00000000ec800000,0x00000000ec800000,0x00000000ecd00000)
 ParOldGen       total 44032K, used 5244K [0x00000000c1800000, 0x00000000c4300000, 0x00000000eb300000)
  object space 44032K, 11% used [0x00000000c1800000,0x00000000c1d1f0c0,0x00000000c4300000)
 Metaspace       used 16229K, capacity 16454K, committed 16640K, reserved 1064960K
  class space    used 1946K, capacity 2028K, committed 2048K, reserved 1048576K
}
Event: 14.930 GC heap before
{Heap before GC invocations=10 (full 0):
 PSYoungGen      total 21504K, used 16912K [0x00000000eb300000, 0x00000000ecd00000, 0x0000000100000000)
  eden space 16384K, 95% used [0x00000000eb300000,0x00000000ec25b070,0x00000000ec300000)
  from space 5120K, 23% used [0x00000000ec300000,0x00000000ec429010,0x00000000ec800000)
  to   space 5120K, 0% used [0x00000000ec800000,0x00000000ec800000,0x00000000ecd00000)
 ParOldGen       total 44032K, used 5244K [0x00000000c1800000, 0x00000000c4300000, 0x00000000eb300000)
  object space 44032K, 11% used [0x00000000c1800000,0x00000000c1d1f0c0,0x00000000c4300000)
 Metaspace       used 16296K, capacity 16454K, committed 16640K, reserved 1064960K
  class space    used 1956K, capacity 2028K, committed 2048K, reserved 1048576K
Event: 14.931 GC heap after
Heap after GC invocations=10 (full 0):
 PSYoungGen      total 21504K, used 256K [0x00000000eb300000, 0x00000000ecd00000, 0x0000000100000000)
  eden space 16384K, 0% used [0x00000000eb300000,0x00000000eb300000,0x00000000ec300000)
  from space 5120K, 5% used [0x00000000ec800000,0x00000000ec840000,0x00000000ecd00000)
  to   space 5120K, 0% used [0x00000000ec300000,0x00000000ec300000,0x00000000ec800000)
 ParOldGen       total 44032K, used 5305K [0x00000000c1800000, 0x00000000c4300000, 0x00000000eb300000)
  object space 44032K, 12% used [0x00000000c1800000,0x00000000c1d2e670,0x00000000c4300000)
 Metaspace       used 16296K, capacity 16454K, committed 16640K, reserved 1064960K
  class space    used 1956K, capacity 2028K, committed 2048K, reserved 1048576K
}
Event: 16.633 GC heap before
{Heap before GC invocations=11 (full 0):
 PSYoungGen      total 21504K, used 16031K [0x00000000eb300000, 0x00000000ecd00000, 0x0000000100000000)
  eden space 16384K, 96% used [0x00000000eb300000,0x00000000ec267f60,0x00000000ec300000)
  from space 5120K, 5% used [0x00000000ec800000,0x00000000ec840000,0x00000000ecd00000)
  to   space 5120K, 0% used [0x00000000ec300000,0x00000000ec300000,0x00000000ec800000)
 ParOldGen       total 44032K, used 5305K [0x00000000c1800000, 0x00000000c4300000, 0x00000000eb300000)
  object space 44032K, 12% used [0x00000000c1800000,0x00000000c1d2e670,0x00000000c4300000)
 Metaspace       used 16333K, capacity 16582K, committed 16896K, reserved 1064960K
  class space    used 1956K, capacity 2028K, committed 2048K, reserved 1048576K
Event: 16.634 GC heap after
Heap after GC invocations=11 (full 0):
 PSYoungGen      total 21504K, used 128K [0x00000000eb300000, 0x00000000ecd00000, 0x0000000100000000)
  eden space 16384K, 0% used [0x00000000eb300000,0x00000000eb300000,0x00000000ec300000)
  from space 5120K, 2% used [0x00000000ec300000,0x00000000ec320000,0x00000000ec800000)
  to   space 5120K, 0% used [0x00000000ec800000,0x00000000ec800000,0x00000000ecd00000)
 ParOldGen       total 44032K, used 5428K [0x00000000c1800000, 0x00000000c4300000, 0x00000000eb300000)
  object space 44032K, 12% used [0x00000000c1800000,0x00000000c1d4d0f0,0x00000000c4300000)
 Metaspace       used 16333K, capacity 16582K, committed 16896K, reserved 1064960K
  class space    used 1956K, capacity 2028K, committed 2048K, reserved 1048576K
}
Event: 18.336 GC heap before
{Heap before GC invocations=12 (full 0):
 PSYoungGen      total 21504K, used 15803K [0x00000000eb300000, 0x00000000ecd00000, 0x0000000100000000)
  eden space 16384K, 95% used [0x00000000eb300000,0x00000000ec24ef08,0x00000000ec300000)
  from space 5120K, 2% used [0x00000000ec300000,0x00000000ec320000,0x00000000ec800000)
  to   space 5120K, 0% used [0x00000000ec800000,0x00000000ec800000,0x00000000ecd00000)
 ParOldGen       total 44032K, used 5428K [0x00000000c1800000, 0x00000000c4300000, 0x00000000eb300000)
  object space 44032K, 12% used [0x00000000c1800000,0x00000000c1d4d0f0,0x00000000c4300000)
 Metaspace       used 16371K, capacity 16582K, committed 16896K, reserved 1064960K
  class space    used 1956K, capacity 2028K, committed 2048K, reserved 1048576K
Event: 18.337 GC heap after
Heap after GC invocations=12 (full 0):
 PSYoungGen      total 21504K, used 160K [0x00000000eb300000, 0x00000000ecd00000, 0x0000000100000000)
  eden space 16384K, 0% used [0x00000000eb300000,0x00000000eb300000,0x00000000ec300000)
  from space 5120K, 3% used [0x00000000ec800000,0x00000000ec828000,0x00000000ecd00000)
  to   space 5120K, 0% used [0x00000000ec300000,0x00000000ec300000,0x00000000ec800000)
 ParOldGen       total 44032K, used 5444K [0x00000000c1800000, 0x00000000c4300000, 0x00000000eb300000)
  object space 44032K, 12% used [0x00000000c1800000,0x00000000c1d510f0,0x00000000c4300000)
 Metaspace       used 16371K, capacity 16582K, committed 16896K, reserved 1064960K
  class space    used 1956K, capacity 2028K, committed 2048K, reserved 1048576K
}

Deoptimization events (10 events):
Event: 9.636 Thread 0x00000000193a3000 Uncommon trap: reason=class_check action=maybe_recompile pc=0x00000000033441e8 method=java.lang.String.equals(Ljava/lang/Object;)Z @ 8
Event: 9.636 Thread 0x00000000193a3000 Uncommon trap: reason=class_check action=maybe_recompile pc=0x00000000033441e8 method=java.lang.String.equals(Ljava/lang/Object;)Z @ 8
Event: 9.803 Thread 0x00000000193a3000 Uncommon trap: reason=class_check action=maybe_recompile pc=0x00000000033441e8 method=java.lang.String.equals(Ljava/lang/Object;)Z @ 8
Event: 9.803 Thread 0x00000000193a3000 Uncommon trap: reason=class_check action=maybe_recompile pc=0x00000000033441e8 method=java.lang.String.equals(Ljava/lang/Object;)Z @ 8
Event: 13.856 Thread 0x0000000019406000 Uncommon trap: reason=predicate action=maybe_recompile pc=0x0000000003599698 method=org.bytedeco.javacv.Java2DFrameConverter.flipCopyWithGamma(Ljava/nio/ByteBuffer;ILjava/nio/ByteBuffer;IZDZI)V @ 491
Event: 13.935 Thread 0x0000000019406000 Uncommon trap: reason=speculate_class_check action=maybe_recompile pc=0x0000000003743d2c method=org.bytedeco.javacv.Java2DFrameConverter.flipCopyWithGamma(Ljava/nio/ByteBuffer;ILjava/nio/ByteBuffer;IZDZI)V @ 492
Event: 13.943 Thread 0x0000000019406000 Uncommon trap: reason=speculate_class_check action=maybe_recompile pc=0x0000000003743d2c method=org.bytedeco.javacv.Java2DFrameConverter.flipCopyWithGamma(Ljava/nio/ByteBuffer;ILjava/nio/ByteBuffer;IZDZI)V @ 492
Event: 13.951 Thread 0x0000000019406000 Uncommon trap: reason=speculate_class_check action=maybe_recompile pc=0x0000000003743d2c method=org.bytedeco.javacv.Java2DFrameConverter.flipCopyWithGamma(Ljava/nio/ByteBuffer;ILjava/nio/ByteBuffer;IZDZI)V @ 492
Event: 13.957 Thread 0x0000000019406000 Uncommon trap: reason=speculate_class_check action=maybe_recompile pc=0x0000000003743d2c method=org.bytedeco.javacv.Java2DFrameConverter.flipCopyWithGamma(Ljava/nio/ByteBuffer;ILjava/nio/ByteBuffer;IZDZI)V @ 492
Event: 14.131 Thread 0x0000000019406000 Uncommon trap: reason=unstable_if action=reinterpret pc=0x00000000034922a8 method=java.io.WinNTFileSystem.normalize(Ljava/lang/String;)Ljava/lang/String; @ 128

Internal exceptions (10 events):
Event: 2.760 Thread 0x000000001939d000 Exception <a 'java/lang/UnsatisfiedLinkError'> (0x00000000ebd91028) thrown at [C:\re\workspace\8-2-build-windows-amd64-cygwin\jdk8u91\6644\hotspot\src\share\vm\prims\jni.cpp, line 709]
Event: 2.763 Thread 0x000000001939d000 Exception <a 'java/lang/UnsatisfiedLinkError'> (0x00000000ebd94048) thrown at [C:\re\workspace\8-2-build-windows-amd64-cygwin\jdk8u91\6644\hotspot\src\share\vm\prims\jvm.cpp, line 3969]
Event: 2.763 Thread 0x000000001939d000 Exception <a 'java/lang/UnsatisfiedLinkError'> (0x00000000ebd94048) thrown at [C:\re\workspace\8-2-build-windows-amd64-cygwin\jdk8u91\6644\hotspot\src\share\vm\prims\jni.cpp, line 709]
Event: 2.765 Thread 0x000000001939d000 Exception <a 'java/lang/UnsatisfiedLinkError'> (0x00000000ebd97068) thrown at [C:\re\workspace\8-2-build-windows-amd64-cygwin\jdk8u91\6644\hotspot\src\share\vm\prims\jvm.cpp, line 3969]
Event: 2.765 Thread 0x000000001939d000 Exception <a 'java/lang/UnsatisfiedLinkError'> (0x00000000ebd97068) thrown at [C:\re\workspace\8-2-build-windows-amd64-cygwin\jdk8u91\6644\hotspot\src\share\vm\prims\jni.cpp, line 709]
Event: 2.765 Thread 0x000000001939d000 Exception <a 'java/lang/UnsatisfiedLinkError'> (0x00000000ebd976a0) thrown at [C:\re\workspace\8-2-build-windows-amd64-cygwin\jdk8u91\6644\hotspot\src\share\vm\oops\instanceKlass.cpp, line 948]
Event: 2.765 Thread 0x000000001939d000 Exception <a 'java/lang/reflect/InvocationTargetException'> (0x00000000ebd97f38) thrown at [C:\re\workspace\8-2-build-windows-amd64-cygwin\jdk8u91\6644\hotspot\src\share\vm\runtime\reflection.cpp, line 1092]
Event: 2.814 Thread 0x000000001939d000 Exception <a 'java/lang/NoClassDefFoundError': cl/eye/CLCamera> (0x00000000ec00a290) thrown at [C:\re\workspace\8-2-build-windows-amd64-cygwin\jdk8u91\6644\hotspot\src\share\vm\classfile\systemDictionary.cpp, line 199]
Event: 14.130 Thread 0x0000000019406000 Implicit null exception at 0x000000000372fdc7 to 0x0000000003730094
Event: 14.130 Thread 0x0000000019406000 Exception <a 'java/lang/NullPointerException'> (0x00000000ebb35918) thrown at [C:\re\workspace\8-2-build-windows-amd64-cygwin\jdk8u91\6644\hotspot\src\share\vm\runtime\sharedRuntime.cpp, line 605]

Events (10 events):
Event: 14.131 Thread 0x0000000019406000 DEOPT PACKING pc=0x00000000034922a8 sp=0x000000002edcf210
Event: 14.131 Thread 0x0000000019406000 DEOPT UNPACKING pc=0x00000000031e582a sp=0x000000002edcf220 mode 2
Event: 14.246 loading class java/nio/DirectIntBufferU
Event: 14.259 loading class java/nio/DirectIntBufferU done
Event: 14.930 Executing VM operation: ParallelGCFailedAllocation
Event: 14.932 Executing VM operation: ParallelGCFailedAllocation done
Event: 16.633 Executing VM operation: ParallelGCFailedAllocation
Event: 16.635 Executing VM operation: ParallelGCFailedAllocation done
Event: 18.336 Executing VM operation: ParallelGCFailedAllocation
Event: 18.337 Executing VM operation: ParallelGCFailedAllocation done


Dynamic libraries:
0x00007ff71af10000 - 0x00007ff71af47000 	C:\Program Files\Java\jdk1.8.0_91\bin\java.exe
0x00007ff9783a0000 - 0x00007ff97857b000 	C:\WINDOWS\SYSTEM32\ntdll.dll
0x00007ff9782c0000 - 0x00007ff97836e000 	C:\WINDOWS\System32\KERNEL32.DLL
0x00007ff9748c0000 - 0x00007ff974b09000 	C:\WINDOWS\System32\KERNELBASE.dll
0x00007ff9759a0000 - 0x00007ff975a41000 	C:\WINDOWS\System32\ADVAPI32.dll
0x00007ff977150000 - 0x00007ff9771ed000 	C:\WINDOWS\System32\msvcrt.dll
0x00007ff977460000 - 0x00007ff9774b9000 	C:\WINDOWS\System32\sechost.dll
0x00007ff977a70000 - 0x00007ff977b95000 	C:\WINDOWS\System32\RPCRT4.dll
0x00007ff978160000 - 0x00007ff9782aa000 	C:\WINDOWS\System32\USER32.dll
0x00007ff975580000 - 0x00007ff97559e000 	C:\WINDOWS\System32\win32u.dll
0x00007ff975a50000 - 0x00007ff975a77000 	C:\WINDOWS\System32\GDI32.dll
0x00007ff9755a0000 - 0x00007ff975727000 	C:\WINDOWS\System32\gdi32full.dll
0x00007ff974d70000 - 0x00007ff974e0a000 	C:\WINDOWS\System32\msvcp_win.dll
0x00007ff974b60000 - 0x00007ff974c56000 	C:\WINDOWS\System32\ucrtbase.dll
0x00007ff96b2b0000 - 0x00007ff96b517000 	C:\WINDOWS\WinSxS\amd64_microsoft.windows.common-controls_6595b64144ccf1df_6.0.15063.483_none_26002d27e7c744a2\COMCTL32.dll
0x00007ff977770000 - 0x00007ff977a69000 	C:\WINDOWS\System32\combase.dll
0x00007ff974e10000 - 0x00007ff974e7a000 	C:\WINDOWS\System32\bcryptPrimitives.dll
0x00007ff978370000 - 0x00007ff97839d000 	C:\WINDOWS\System32\IMM32.DLL
0x00000000585d0000 - 0x00000000586a2000 	C:\Program Files\Java\jdk1.8.0_91\jre\bin\msvcr100.dll
0x0000000057a50000 - 0x00000000582e3000 	C:\Program Files\Java\jdk1.8.0_91\jre\bin\server\jvm.dll
0x00007ff9771f0000 - 0x00007ff9771f8000 	C:\WINDOWS\System32\PSAPI.DLL
0x00007ff968b50000 - 0x00007ff968b59000 	C:\WINDOWS\SYSTEM32\WSOCK32.dll
0x00007ff9729d0000 - 0x00007ff9729f3000 	C:\WINDOWS\SYSTEM32\WINMM.dll
0x00007ff9664f0000 - 0x00007ff9664fa000 	C:\WINDOWS\SYSTEM32\VERSION.dll
0x00007ff977ba0000 - 0x00007ff977c0c000 	C:\WINDOWS\System32\WS2_32.dll
0x00007ff972970000 - 0x00007ff97299b000 	C:\WINDOWS\SYSTEM32\winmmbase.dll
0x00007ff974b10000 - 0x00007ff974b59000 	C:\WINDOWS\System32\cfgmgr32.dll
0x00000000595e0000 - 0x00000000595ef000 	C:\Program Files\Java\jdk1.8.0_91\jre\bin\verify.dll
0x00000000579e0000 - 0x0000000057a09000 	C:\Program Files\Java\jdk1.8.0_91\jre\bin\java.dll
0x00000000595c0000 - 0x00000000595d6000 	C:\Program Files\Java\jdk1.8.0_91\jre\bin\zip.dll
0x00007ff975c00000 - 0x00007ff977036000 	C:\WINDOWS\System32\SHELL32.dll
0x00007ff978050000 - 0x00007ff9780fa000 	C:\WINDOWS\System32\shcore.dll
0x00007ff974e80000 - 0x00007ff975571000 	C:\WINDOWS\System32\windows.storage.dll
0x00007ff977540000 - 0x00007ff977591000 	C:\WINDOWS\System32\shlwapi.dll
0x00007ff974880000 - 0x00007ff974891000 	C:\WINDOWS\System32\kernel.appcore.dll
0x00007ff974830000 - 0x00007ff97487c000 	C:\WINDOWS\System32\powrprof.dll
0x00007ff974810000 - 0x00007ff974825000 	C:\WINDOWS\System32\profapi.dll
0x0000000057800000 - 0x0000000057998000 	C:\Program Files\Java\jdk1.8.0_91\jre\bin\awt.dll
0x00007ff9773a0000 - 0x00007ff977460000 	C:\WINDOWS\System32\OLEAUT32.dll
0x00007ff972ff0000 - 0x00007ff97306e000 	C:\WINDOWS\SYSTEM32\apphelp.dll
0x00007ff973280000 - 0x00007ff973315000 	C:\WINDOWS\system32\uxtheme.dll
0x00007ff975a90000 - 0x00007ff975bf6000 	C:\WINDOWS\System32\MSCTF.dll
0x00007ff971b20000 - 0x00007ff971b4a000 	C:\WINDOWS\system32\dwmapi.dll
0x00007ff977620000 - 0x00007ff977765000 	C:\WINDOWS\System32\ole32.dll
0x00000000577b0000 - 0x00000000577f7000 	C:\Program Files\Java\jdk1.8.0_91\jre\bin\fontmanager.dll
0x00007ff95fc30000 - 0x00007ff95fd1f000 	C:\Users\Joao_\.javacpp\cache\opencv-windows-x86_64.jar\org\bytedeco\javacpp\windows-x86_64\msvcr120.dll
0x00007ff95fb80000 - 0x00007ff95fc26000 	C:\Users\Joao_\.javacpp\cache\opencv-windows-x86_64.jar\org\bytedeco\javacpp\windows-x86_64\msvcp120.dll
0x00007ff949020000 - 0x00007ff94929a000 	C:\Users\Joao_\.javacpp\cache\opencv-windows-x86_64.jar\org\bytedeco\javacpp\windows-x86_64\opencv_core310.dll
0x00007ff9489b0000 - 0x00007ff948cf2000 	C:\Users\Joao_\.javacpp\cache\opencv-windows-x86_64.jar\org\bytedeco\javacpp\windows-x86_64\opencv_imgproc310.dll
0x00007ff949740000 - 0x00007ff949967000 	C:\Users\Joao_\.javacpp\cache\opencv-windows-x86_64.jar\org\bytedeco\javacpp\windows-x86_64\jniopencv_core.dll
0x00000000579c0000 - 0x00000000579da000 	C:\Program Files\Java\jdk1.8.0_91\jre\bin\net.dll
0x00007ff9740c0000 - 0x00007ff97411c000 	C:\WINDOWS\system32\mswsock.dll
0x00000000579a0000 - 0x00000000579b1000 	C:\Program Files\Java\jdk1.8.0_91\jre\bin\nio.dll
0x00007ff95fa90000 - 0x00007ff95fb7d000 	C:\Users\Joao_\.javacpp\cache\opencv-windows-x86_64.jar\org\bytedeco\javacpp\windows-x86_64\jniopencv_imgproc.dll
0x00007ff9486e0000 - 0x00007ff9489a9000 	C:\Users\Joao_\.javacpp\cache\opencv-windows-x86_64.jar\org\bytedeco\javacpp\windows-x86_64\opencv_imgcodecs310.dll
0x00007ff96dd00000 - 0x00007ff96dd25000 	C:\Users\Joao_\.javacpp\cache\opencv-windows-x86_64.jar\org\bytedeco\javacpp\windows-x86_64\jniopencv_imgcodecs.dll
0x00007ff95fa30000 - 0x00007ff95fa83000 	C:\Users\Joao_\.javacpp\cache\opencv-windows-x86_64.jar\org\bytedeco\javacpp\windows-x86_64\opencv_videoio310.dll
0x00007ff969b30000 - 0x00007ff969b59000 	C:\WINDOWS\SYSTEM32\MSVFW32.dll
0x00007ff9706a0000 - 0x00007ff9706bf000 	C:\WINDOWS\SYSTEM32\AVIFIL32.dll
0x00007ff96f1a0000 - 0x00007ff96f1b8000 	C:\WINDOWS\SYSTEM32\AVICAP32.dll
0x00007ff96f450000 - 0x00007ff96f46c000 	C:\WINDOWS\SYSTEM32\MSACM32.dll
0x00007ff96e150000 - 0x00007ff96e167000 	C:\Users\Joao_\.javacpp\cache\opencv-windows-x86_64.jar\org\bytedeco\javacpp\windows-x86_64\jniopencv_videoio.dll
0x00007ff95a480000 - 0x00007ff95a4ac000 	C:\Users\Joao_\.javacpp\cache\opencv-windows-x86_64.jar\org\bytedeco\javacpp\windows-x86_64\opencv_highgui310.dll
0x00007ff977040000 - 0x00007ff977148000 	C:\WINDOWS\System32\COMDLG32.dll
0x00007ff95a010000 - 0x00007ff95a045000 	C:\Users\Joao_\.javacpp\cache\opencv-windows-x86_64.jar\org\bytedeco\javacpp\windows-x86_64\jniopencv_highgui.dll
0x00007ff952bb0000 - 0x00007ff952c7d000 	C:\Users\Joao_\.javacpp\cache\opencv-windows-x86_64.jar\org\bytedeco\javacpp\windows-x86_64\opencv_ml310.dll
0x00007ff958060000 - 0x00007ff95809f000 	C:\Users\Joao_\.javacpp\cache\opencv-windows-x86_64.jar\org\bytedeco\javacpp\windows-x86_64\jniopencv_ml.dll
0x00007ff9529c0000 - 0x00007ff952a56000 	C:\Users\Joao_\.javacpp\cache\opencv-windows-x86_64.jar\org\bytedeco\javacpp\windows-x86_64\opencv_objdetect310.dll
0x00007ff957a30000 - 0x00007ff957a84000 	C:\Users\Joao_\.javacpp\cache\opencv-windows-x86_64.jar\org\bytedeco\javacpp\windows-x86_64\jniopencv_objdetect.dll
0x00007ff952b60000 - 0x00007ff952ba6000 	C:\Users\Joao_\.javacpp\cache\opencv-windows-x86_64.jar\org\bytedeco\javacpp\windows-x86_64\opencv_face310.dll
0x00007ff96c0f0000 - 0x00007ff96c10a000 	C:\Users\Joao_\.javacpp\cache\opencv-windows-x86_64.jar\org\bytedeco\javacpp\windows-x86_64\jniopencv_face.dll
0x00007ff9593d0000 - 0x00007ff9593f6000 	C:\Users\Joao_\.javacpp\cache\videoinput-windows-x86_64.jar\org\bytedeco\javacpp\windows-x86_64\jnivideoInputLib.dll
0x0000000057760000 - 0x00000000577a2000 	C:\Program Files\Java\jdk1.8.0_91\jre\bin\t2k.dll
0x0000000058510000 - 0x0000000058525000 	C:\Users\Joao_\.javacpp\cache\libfreenect-windows-x86_64.jar\org\bytedeco\javacpp\windows-x86_64\libusb0.dll
0x00007ff977c10000 - 0x00007ff97804b000 	C:\WINDOWS\System32\SETUPAPI.dll
0x00007ff952b20000 - 0x00007ff952b54000 	C:\Users\Joao_\.javacpp\cache\libfreenect-windows-x86_64.jar\org\bytedeco\javacpp\windows-x86_64\freenect.dll
0x00007ff95ffc0000 - 0x00007ff95ffd9000 	C:\Users\Joao_\.javacpp\cache\libfreenect-windows-x86_64.jar\org\bytedeco\javacpp\windows-x86_64\pthreadVC2.dll
0x00007ff952990000 - 0x00007ff9529b4000 	C:\Users\Joao_\.javacpp\cache\libfreenect-windows-x86_64.jar\org\bytedeco\javacpp\windows-x86_64\jnifreenect.dll
0x00007ff975900000 - 0x00007ff97599e000 	C:\WINDOWS\System32\clbcatq.dll
0x00007ff970c80000 - 0x00007ff970e2c000 	C:\WINDOWS\SYSTEM32\WindowsCodecs.dll
0x00007ff968420000 - 0x00007ff968467000 	C:\WINDOWS\system32\dataexchange.dll
0x00007ff971ff0000 - 0x00007ff9722cf000 	C:\WINDOWS\system32\d3d11.dll
0x00007ff972ae0000 - 0x00007ff972c02000 	C:\WINDOWS\system32\dcomp.dll
0x00007ff973820000 - 0x00007ff9738c4000 	C:\WINDOWS\system32\dxgi.dll
0x00007ff973110000 - 0x00007ff973280000 	C:\WINDOWS\system32\twinapi.appcore.dll
0x00007ff974750000 - 0x00007ff974775000 	C:\WINDOWS\system32\bcrypt.dll
0x00007ff96f610000 - 0x00007ff96f692000 	C:\WINDOWS\System32\TextInputFramework.dll
0x00007ff972880000 - 0x00007ff972963000 	C:\WINDOWS\System32\CoreMessaging.dll
0x00007ff970700000 - 0x00007ff9709d2000 	C:\WINDOWS\System32\CoreUIComponents.dll
0x00007ff973a20000 - 0x00007ff973a51000 	C:\WINDOWS\SYSTEM32\ntmarta.dll
0x00007ff971000000 - 0x00007ff971139000 	C:\WINDOWS\SYSTEM32\wintypes.dll
0x00007ff971530000 - 0x00007ff971545000 	C:\WINDOWS\SYSTEM32\usermgrcli.dll
0x00007ff95fa10000 - 0x00007ff95fa27000 	C:\Windows\System32\devenum.dll
0x00007ff973450000 - 0x00007ff973478000 	C:\WINDOWS\SYSTEM32\DEVOBJ.dll
0x00007ff974d10000 - 0x00007ff974d66000 	C:\WINDOWS\System32\WINTRUST.dll
0x00007ff9748a0000 - 0x00007ff9748b1000 	C:\WINDOWS\System32\MSASN1.dll
0x00007ff975730000 - 0x00007ff9758f9000 	C:\WINDOWS\System32\CRYPT32.dll
0x00007ff96f1f0000 - 0x00007ff96f1fb000 	C:\WINDOWS\SYSTEM32\msdmo.dll
0x00007ff952950000 - 0x00007ff952982000 	C:\Windows\System32\qcap.dll
0x00007ff94b080000 - 0x00007ff94b23c000 	C:\Windows\System32\quartz.dll
0x0000000057720000 - 0x000000005774a000 	C:\Program Files\Java\jdk1.8.0_91\jre\bin\dcpr.dll
0x00007ff951c70000 - 0x00007ff951cbd000 	C:\Windows\System32\mfksproxy.dll
0x00007ff96cca0000 - 0x00007ff96ccbc000 	C:\Windows\System32\ATL.DLL
0x00007ff944170000 - 0x00007ff9441a2000 	C:\Windows\System32\MFSENSORGROUP.dll
0x00007ff965100000 - 0x00007ff9652a0000 	C:\Windows\System32\MFPlat.DLL
0x00007ff96f490000 - 0x00007ff96f4c2000 	C:\Windows\System32\RTWorkQ.DLL
0x00007ff951c20000 - 0x00007ff951c68000 	C:\Windows\System32\ksproxy.ax
0x00007ff94ee80000 - 0x00007ff94f009000 	C:\Windows\System32\d3d9.dll
0x00007ff970340000 - 0x00007ff970349000 	C:\Windows\System32\ksuser.dll
0x00007ff971800000 - 0x00007ff971877000 	C:\WINDOWS\SYSTEM32\policymanager.dll
0x00007ff971770000 - 0x00007ff9717ff000 	C:\Windows\System32\msvcp110_win.dll
0x00007ff9706e0000 - 0x00007ff9706ec000 	C:\Windows\System32\vidcap.ax
0x00007ff952920000 - 0x00007ff952946000 	C:\Windows\System32\kswdmcap.ax
0x00007ff947fb0000 - 0x00007ff948114000 	C:\Windows\System32\MFC42.dll
0x00007ff94a490000 - 0x00007ff94a52f000 	C:\Windows\System32\qedit.dll
0x00007ff964ca0000 - 0x00007ff964e35000 	C:\WINDOWS\WinSxS\amd64_microsoft.windows.gdiplus_6595b64144ccf1df_1.1.15063.608_none_56f0266b425534e9\gdiplus.dll
0x00007ff948dc0000 - 0x00007ff948eb6000 	C:\Windows\System32\DDRAW.dll
0x00007ff96f770000 - 0x00007ff96f778000 	C:\Windows\System32\DCIMAN32.dll
0x00007ff947d90000 - 0x00007ff947fa7000 	C:\Program Files (x86)\K-Lite Codec Pack\Filters\DirectVobSub64\vsfilter.dll
0x00007ff969c50000 - 0x00007ff969cbb000 	C:\WINDOWS\SYSTEM32\OLEACC.dll
0x00007ff959ce0000 - 0x00007ff95a00e000 	C:\WINDOWS\SYSTEM32\WININET.dll
0x00007ff95ce60000 - 0x00007ff95ceea000 	C:\WINDOWS\SYSTEM32\WINSPOOL.DRV
0x00007ff971960000 - 0x00007ff97196c000 	C:\WINDOWS\SYSTEM32\msyuv.dll
0x00007ff964820000 - 0x00007ff9649c9000 	C:\WINDOWS\SYSTEM32\dbghelp.dll

VM Arguments:
jvm_args: -Dfile.encoding=UTF-8 -Djava.library.path=C:\opencv\build\java\x64 
java_command: main.main
java_class_path (initial): C:\Users\Joao_\Downloads\javacpp-1.3-bin\javacpp-bin\javacpp.jar;C:\Users\Joao_\Downloads\javacv-platform-1.3-bin\javacv-bin\opencv-windows-x86_64.jar;C:\Users\Joao_\Downloads\javacv-platform-1.3-bin\javacv-bin\videoinput-windows-x86_64.jar;C:\Users\Joao_\Downloads\javacv-platform-1.3-bin\javacv-bin\artoolkitplus-windows-x86_64.jar;C:\Users\Joao_\Downloads\javacv-platform-1.3-bin\javacv-bin\ffmpeg-windows-x86_64.jar;C:\Users\Joao_\Downloads\javacv-platform-1.3-bin\javacv-bin\flandmark-windows-x86_64.jar;C:\Users\Joao_\Downloads\javacv-platform-1.3-bin\javacv-bin\flycapture-windows-x86_64.jar;C:\Users\Joao_\Downloads\javacv-platform-1.3-bin\javacv-bin\javacv-platform.jar;C:\Users\Joao_\Downloads\javacv-platform-1.3-bin\javacv-bin\javacv.jar;C:\Users\Joao_\Downloads\javacv-platform-1.3-bin\javacv-bin\libdc1394-windows-x86_64.jar;C:\Users\Joao_\Downloads\javacv-platform-1.3-bin\javacv-bin\libfreenect-platform.jar;C:\Users\Joao_\Downloads\javacv-platform-1.3-bin\javacv-bin\libfreenect-windows-x86_64.jar;C:\Users\Joao_\Downloads\javacv-platform-1.3-bin\javacv-bin\librealsense-platform.jar;C:\Users\Joao_\Downloads\javacv-platform-1.3-bin\javacv-bin\librealsense.jar;C:\Users\Joao_\Downloads\javacv-platform-1.3-bin\javacv-bin\opencv.jar;C:\Users\Joao_\Downloads\javacv-platform-1.3-bin\javacv-bin\videoinput.jar;C:\TCC.UniSecurity\build\classes
Launcher Type: SUN_STANDARD

Environment Variables:
PATH=C:\ProgramData\Oracle\Java\javapath;C:\WINDOWS\system32;C:\WINDOWS;C:\WINDOWS\System32\Wbem;C:\WINDOWS\System32\WindowsPowerShell\v1.0\;C:\Program Files (x86)\Skype\Phone\;C:\Program Files\Microsoft SQL Server\120\DTS\Binn\;C:\Program Files\Microsoft SQL Server\Client SDK\ODBC\110\Tools\Binn\;C:\Program Files (x86)\Microsoft SQL Server\120\Tools\Binn\;C:\Program Files\Microsoft SQL Server\120\Tools\Binn\;C:\Program Files (x86)\Microsoft SQL Server\120\Tools\Binn\ManagementStudio\;C:\Program Files (x86)\Microsoft SQL Server\120\DTS\Binn\;C:\Program Files\CMake\bin;C:\opencv\build\x64\vc14\bin;C:\Users\Joao_\AppData\Local\Programs\Python\Python37\Scripts\;C:\Users\Joao_\AppData\Local\Programs\Python\Python37\;C:\Users\Joao_\AppData\Local\Microsoft\WindowsApps;
USERNAME=Joao_
OS=Windows_NT
PROCESSOR_IDENTIFIER=Intel64 Family 6 Model 58 Stepping 9, GenuineIntel



---------------  S Y S T E M  ---------------

OS: Windows 10.0 , 64 bit Build 15063 (10.0.15063.296)

CPU:total 4 (2 cores per cpu, 2 threads per core) family 6 model 58 stepping 9, cmov, cx8, fxsr, mmx, sse, sse2, sse3, ssse3, sse4.1, sse4.2, popcnt, avx, aes, clmul, erms, ht, tsc, tscinvbit, tscinv

Memory: 4k page, physical 4092772k(1028976k free), swap 5774216k(1891352k free)

vm_info: Java HotSpot(TM) 64-Bit Server VM (25.91-b14) for windows-amd64 JRE (1.8.0_91-b14), built on Apr  1 2016 00:58:32 by "java_re" with MS VC++ 10.0 (VS2010)

time: Wed Oct 18 20:16:39 2017
elapsed time: 19 seconds (0d 0h 0m 19s)

