#
# A fatal error has been detected by the Java Runtime Environment:
#
#  EXCEPTION_ACCESS_VIOLATION (0xc0000005) at pc=0x00007ff95256b907, pid=9900, tid=7060
#
# JRE version: Java(TM) SE Runtime Environment (8.0_91-b14) (build 1.8.0_91-b14)
# Java VM: Java HotSpot(TM) 64-Bit Server VM (25.91-b14 mixed mode windows-amd64 compressed oops)
# Problematic frame:
# C  [opencv_face310.dll+0x1b907]
#
# Failed to write core dump. Minidumps are not enabled by default on client versions of Windows
#
# If you would like to submit a bug report, please visit:
#   http://bugreport.java.com/bugreport/crash.jsp
# The crash happened outside the Java Virtual Machine in native code.
# See problematic frame for where to report the bug.
#

---------------  T H R E A D  ---------------

Current thread (0x000000001720e000):  JavaThread "pool-1-thread-1" [_thread_in_native, id=7060, stack(0x000000002e350000,0x000000002e450000)]

siginfo: ExceptionCode=0xc0000005, reading address 0x000000001964d000

Registers:
RAX=0x000000002e44ee60, RBX=0x00000000000000a8, RCX=0x000000001964cfff, RDX=0x000000001964cfff
RSP=0x000000002e44ed80, RBP=0x000000002e44ee80, RSI=0x000000000000005c, RDI=0x000000000000002b
R8 =0x000000001964cd50, R9 =0x000000000000005c, R10=0x000000000000002b, R11=0x0000000000000007
R12=0xffffffffffffffff, R13=0x0000000000000001, R14=0x0000000000000001, R15=0x0000000000000000
RIP=0x00007ff95256b907, EFLAGS=0x0000000000010206

Top of Stack: (sp=0x000000002e44ed80)
0x000000002e44ed80:   0000000080000000 000000002e44ee70
0x000000002e44ed90:   0000000000000008 000000002e44f040
0x000000002e44eda0:   00000000ffffffff 0000000000000000
0x000000002e44edb0:   0000000000000000 000000002e44edc0
0x000000002e44edc0:   0000000100000007 0000000000000008
0x000000002e44edd0:   0000000000000000 0000000000000000
0x000000002e44ede0:   0000000000000000 00000000c1020006
0x000000002e44edf0:   000000002e44edd8 0000000100000001
0x000000002e44ee00:   fffffffffffffffe 0000000000000000
0x000000002e44ee10:   0000000242ff4000 0000005c00000070
0x000000002e44ee20:   000000001964cd50 000000001964cd50
0x000000002e44ee30:   000000001964f590 000000001964f590
0x000000002e44ee40:   0000000000000000 0000000000000000
0x000000002e44ee50:   000000002e44ee18 000000002e44ee60
0x000000002e44ee60:   000000000000005c 0000000000000001
0x000000002e44ee70:   0000000242ff4004 0000005a0000006e 

Instructions: (pc=0x00007ff95256b907)
0x00007ff95256b8e7:   08 4b 8d 0c 03 49 0f af c9 4c 8b 45 a0 49 03 c8
0x00007ff95256b8f7:   49 03 ca 49 8b d3 49 0f af d1 49 03 d0 49 03 d2
0x00007ff95256b907:   41 0f b6 44 0d 00 66 0f 6e d0 0f 5b d2 f3 0f 59
0x00007ff95256b917:   d3 48 63 44 24 44 48 8b f0 0f b6 04 08 66 0f 6e 


Register to memory mapping:

RAX=0x000000002e44ee60 is pointing into the stack for thread: 0x000000001720e000
RBX=0x00000000000000a8 is an unknown value
RCX=0x000000001964cfff is an unknown value
RDX=0x000000001964cfff is an unknown value
RSP=0x000000002e44ed80 is pointing into the stack for thread: 0x000000001720e000
RBP=0x000000002e44ee80 is pointing into the stack for thread: 0x000000001720e000
RSI=0x000000000000005c is an unknown value
RDI=0x000000000000002b is an unknown value
R8 =0x000000001964cd50 is an unknown value
R9 =0x000000000000005c is an unknown value
R10=0x000000000000002b is an unknown value
R11=0x0000000000000007 is an unknown value
R12=0xffffffffffffffff is an unknown value
R13=0x0000000000000001 is an unknown value
R14=0x0000000000000001 is an unknown value
R15=0x0000000000000000 is an unknown value


Stack: [0x000000002e350000,0x000000002e450000],  sp=0x000000002e44ed80,  free space=1019k
Native frames: (J=compiled Java code, j=interpreted, Vv=VM code, C=native code)
C  [opencv_face310.dll+0x1b907]
C  [opencv_face310.dll+0x1e2ba]
C  [opencv_face310.dll+0x1e235]
C  [opencv_face310.dll+0x20a6b]
C  [jniopencv_face.dll+0x7b42]
C  0x00000000027c7f54

Java frames: (J=compiled Java code, j=interpreted, Vv=VM code)
j  org.bytedeco.javacpp.opencv_face$FaceRecognizer.train(Lorg/bytedeco/javacpp/opencv_core$MatVector;Lorg/bytedeco/javacpp/opencv_core$Mat;)V+0
j  processing.LBPHFaceRecognizer.retrainAll()V+237
j  processing.FacePanel$2.run()V+63
j  java.util.concurrent.ThreadPoolExecutor.runWorker(Ljava/util/concurrent/ThreadPoolExecutor$Worker;)V+95
j  java.util.concurrent.ThreadPoolExecutor$Worker.run()V+5
j  java.lang.Thread.run()V+11
v  ~StubRoutines::call_stub

---------------  P R O C E S S  ---------------

Java Threads: ( => current thread )
=>0x000000001720e000 JavaThread "pool-1-thread-1" [_thread_in_native, id=7060, stack(0x000000002e350000,0x000000002e450000)]
  0x000000001738a800 JavaThread "TimerQueue" daemon [_thread_blocked, id=10980, stack(0x000000002c440000,0x000000002c540000)]
  0x000000001719e800 JavaThread "Thread-1" [_thread_blocked, id=8172, stack(0x000000001a490000,0x000000001a590000)]
  0x00000000027ad800 JavaThread "DestroyJavaVM" [_thread_blocked, id=11028, stack(0x0000000000da0000,0x0000000000ea0000)]
  0x0000000018798800 JavaThread "AWT-EventQueue-0" [_thread_blocked, id=6396, stack(0x0000000019290000,0x0000000019390000)]
  0x000000001739d800 JavaThread "JavaCPP Deallocator" daemon [_thread_blocked, id=8212, stack(0x0000000019090000,0x0000000019190000)]
  0x0000000016f2d000 JavaThread "AWT-Windows" daemon [_thread_in_native, id=7680, stack(0x0000000017810000,0x0000000017910000)]
  0x0000000016f20800 JavaThread "AWT-Shutdown" [_thread_blocked, id=8736, stack(0x0000000017710000,0x0000000017810000)]
  0x0000000016f20000 JavaThread "Java2D Disposer" daemon [_thread_blocked, id=10200, stack(0x0000000017610000,0x0000000017710000)]
  0x0000000014dfe000 JavaThread "Service Thread" daemon [_thread_blocked, id=9192, stack(0x0000000016ae0000,0x0000000016be0000)]
  0x0000000014da7800 JavaThread "C1 CompilerThread2" daemon [_thread_blocked, id=8080, stack(0x00000000165e0000,0x00000000166e0000)]
  0x0000000014da1000 JavaThread "C2 CompilerThread1" daemon [_thread_blocked, id=5896, stack(0x00000000164e0000,0x00000000165e0000)]
  0x0000000014d9e800 JavaThread "C2 CompilerThread0" daemon [_thread_blocked, id=9784, stack(0x00000000163e0000,0x00000000164e0000)]
  0x0000000014d9d000 JavaThread "Attach Listener" daemon [_thread_blocked, id=5108, stack(0x00000000162e0000,0x00000000163e0000)]
  0x0000000014d9c000 JavaThread "Signal Dispatcher" daemon [_thread_blocked, id=9928, stack(0x00000000161e0000,0x00000000162e0000)]
  0x0000000014d89000 JavaThread "Finalizer" daemon [_thread_blocked, id=11692, stack(0x0000000015ff0000,0x00000000160f0000)]
  0x0000000002751000 JavaThread "Reference Handler" daemon [_thread_blocked, id=11672, stack(0x0000000015ef0000,0x0000000015ff0000)]

Other Threads:
  0x0000000014d67000 VMThread [stack: 0x0000000015df0000,0x0000000015ef0000] [id=9576]
  0x000000001672c000 WatcherThread [stack: 0x0000000016be0000,0x0000000016ce0000] [id=11732]

VM state:not at safepoint (normal execution)

VM Mutex/Monitor currently owned by a thread: None

Heap:
 PSYoungGen      total 23552K, used 13202K [0x00000000eb300000, 0x00000000ed100000, 0x0000000100000000)
  eden space 16384K, 79% used [0x00000000eb300000,0x00000000ebfbcb30,0x00000000ec300000)
  from space 7168K, 2% used [0x00000000eca00000,0x00000000eca28000,0x00000000ed100000)
  to   space 7168K, 0% used [0x00000000ec300000,0x00000000ec300000,0x00000000eca00000)
 ParOldGen       total 44032K, used 8009K [0x00000000c1800000, 0x00000000c4300000, 0x00000000eb300000)
  object space 44032K, 18% used [0x00000000c1800000,0x00000000c1fd25a8,0x00000000c4300000)
 Metaspace       used 16215K, capacity 16454K, committed 16640K, reserved 1064960K
  class space    used 1949K, capacity 2028K, committed 2048K, reserved 1048576K

Card table byte_map: [0x0000000011b70000,0x0000000011d70000] byte_map_base: 0x0000000011564000

Marking Bits: (ParMarkBitMap*) 0x0000000058372f70
 Begin Bits: [0x00000000122c0000, 0x0000000013260000)
 End Bits:   [0x0000000013260000, 0x0000000014200000)

Polling page: 0x0000000000a20000

CodeCache: size=245760Kb used=5550Kb max_used=5550Kb free=240209Kb
 bounds [0x00000000027b0000, 0x0000000002d20000, 0x00000000117b0000]
 total_blobs=2288 nmethods=1660 adapters=540
 compilation: enabled

Compilation events (10 events):
Event: 18.072 Thread 0x0000000014da7800 1655       3       sun.java2d.SunGraphics2D::transformShape (36 bytes)
Event: 18.073 Thread 0x0000000014da7800 nmethod 1655 0x0000000002d1b0d0 code [0x0000000002d1b240, 0x0000000002d1b4b8]
Event: 18.182 Thread 0x0000000014da7800 1656       3       sun.java2d.Disposer::addRecord (17 bytes)
Event: 18.183 Thread 0x0000000014da7800 nmethod 1656 0x0000000002d1b550 code [0x0000000002d1b6c0, 0x0000000002d1b988]
Event: 18.183 Thread 0x0000000014da7800 1657       3       sun.java2d.DefaultDisposerRecord::<init> (15 bytes)
Event: 18.183 Thread 0x0000000014da7800 nmethod 1657 0x0000000002d1bb10 code [0x0000000002d1bc60, 0x0000000002d1be10]
Event: 18.275 Thread 0x0000000014da7800 1658       3       sun.java2d.SurfaceData::<init> (36 bytes)
Event: 18.276 Thread 0x0000000014da7800 nmethod 1658 0x0000000002d1bed0 code [0x0000000002d1c040, 0x0000000002d1c2f0]
Event: 18.276 Thread 0x0000000014da7800 1659       3       sun.java2d.SunGraphics2D::validateBasicStroke (332 bytes)
Event: 18.277 Thread 0x0000000014da7800 nmethod 1659 0x0000000002d1c410 code [0x0000000002d1c720, 0x0000000002d1dac8]

GC Heap History (10 events):
Event: 10.344 GC heap before
{Heap before GC invocations=6 (full 0):
 PSYoungGen      total 18944K, used 18704K [0x00000000eb300000, 0x00000000ed100000, 0x0000000100000000)
  eden space 16384K, 98% used [0x00000000eb300000,0x00000000ec2c41a0,0x00000000ec300000)
  from space 2560K, 100% used [0x00000000ec300000,0x00000000ec580000,0x00000000ec580000)
  to   space 7168K, 0% used [0x00000000eca00000,0x00000000eca00000,0x00000000ed100000)
 ParOldGen       total 44032K, used 5297K [0x00000000c1800000, 0x00000000c4300000, 0x00000000eb300000)
  object space 44032K, 12% used [0x00000000c1800000,0x00000000c1d2c478,0x00000000c4300000)
 Metaspace       used 15988K, capacity 16166K, committed 16384K, reserved 1062912K
  class space    used 1937K, capacity 1996K, committed 2048K, reserved 1048576K
Event: 10.348 GC heap after
Heap after GC invocations=6 (full 0):
 PSYoungGen      total 23552K, used 2656K [0x00000000eb300000, 0x00000000ed100000, 0x0000000100000000)
  eden space 16384K, 0% used [0x00000000eb300000,0x00000000eb300000,0x00000000ec300000)
  from space 7168K, 37% used [0x00000000eca00000,0x00000000ecc98000,0x00000000ed100000)
  to   space 7168K, 0% used [0x00000000ec300000,0x00000000ec300000,0x00000000eca00000)
 ParOldGen       total 44032K, used 5305K [0x00000000c1800000, 0x00000000c4300000, 0x00000000eb300000)
  object space 44032K, 12% used [0x00000000c1800000,0x00000000c1d2e478,0x00000000c4300000)
 Metaspace       used 15988K, capacity 16166K, committed 16384K, reserved 1062912K
  class space    used 1937K, capacity 1996K, committed 2048K, reserved 1048576K
}
Event: 12.050 GC heap before
{Heap before GC invocations=7 (full 0):
 PSYoungGen      total 23552K, used 18927K [0x00000000eb300000, 0x00000000ed100000, 0x0000000100000000)
  eden space 16384K, 99% used [0x00000000eb300000,0x00000000ec2e3ea0,0x00000000ec300000)
  from space 7168K, 37% used [0x00000000eca00000,0x00000000ecc98000,0x00000000ed100000)
  to   space 7168K, 0% used [0x00000000ec300000,0x00000000ec300000,0x00000000eca00000)
 ParOldGen       total 44032K, used 5305K [0x00000000c1800000, 0x00000000c4300000, 0x00000000eb300000)
  object space 44032K, 12% used [0x00000000c1800000,0x00000000c1d2e478,0x00000000c4300000)
 Metaspace       used 16063K, capacity 16230K, committed 16384K, reserved 1062912K
  class space    used 1937K, capacity 1996K, committed 2048K, reserved 1048576K
Event: 12.053 GC heap after
Heap after GC invocations=7 (full 0):
 PSYoungGen      total 23552K, used 384K [0x00000000eb300000, 0x00000000ed100000, 0x0000000100000000)
  eden space 16384K, 0% used [0x00000000eb300000,0x00000000eb300000,0x00000000ec300000)
  from space 7168K, 5% used [0x00000000ec300000,0x00000000ec360000,0x00000000eca00000)
  to   space 7168K, 0% used [0x00000000eca00000,0x00000000eca00000,0x00000000ed100000)
 ParOldGen       total 44032K, used 7700K [0x00000000c1800000, 0x00000000c4300000, 0x00000000eb300000)
  object space 44032K, 17% used [0x00000000c1800000,0x00000000c1f85368,0x00000000c4300000)
 Metaspace       used 16063K, capacity 16230K, committed 16384K, reserved 1062912K
  class space    used 1937K, capacity 1996K, committed 2048K, reserved 1048576K
}
Event: 13.653 GC heap before
{Heap before GC invocations=8 (full 0):
 PSYoungGen      total 23552K, used 15920K [0x00000000eb300000, 0x00000000ed100000, 0x0000000100000000)
  eden space 16384K, 94% used [0x00000000eb300000,0x00000000ec22c3f0,0x00000000ec300000)
  from space 7168K, 5% used [0x00000000ec300000,0x00000000ec360000,0x00000000eca00000)
  to   space 7168K, 0% used [0x00000000eca00000,0x00000000eca00000,0x00000000ed100000)
 ParOldGen       total 44032K, used 7700K [0x00000000c1800000, 0x00000000c4300000, 0x00000000eb300000)
  object space 44032K, 17% used [0x00000000c1800000,0x00000000c1f85368,0x00000000c4300000)
 Metaspace       used 16141K, capacity 16326K, committed 16640K, reserved 1064960K
  class space    used 1949K, capacity 2028K, committed 2048K, reserved 1048576K
Event: 13.654 GC heap after
Heap after GC invocations=8 (full 0):
 PSYoungGen      total 23552K, used 288K [0x00000000eb300000, 0x00000000ed100000, 0x0000000100000000)
  eden space 16384K, 0% used [0x00000000eb300000,0x00000000eb300000,0x00000000ec300000)
  from space 7168K, 4% used [0x00000000eca00000,0x00000000eca48000,0x00000000ed100000)
  to   space 7168K, 0% used [0x00000000ec300000,0x00000000ec300000,0x00000000eca00000)
 ParOldGen       total 44032K, used 7833K [0x00000000c1800000, 0x00000000c4300000, 0x00000000eb300000)
  object space 44032K, 17% used [0x00000000c1800000,0x00000000c1fa6578,0x00000000c4300000)
 Metaspace       used 16141K, capacity 16326K, committed 16640K, reserved 1064960K
  class space    used 1949K, capacity 2028K, committed 2048K, reserved 1048576K
}
Event: 15.360 GC heap before
{Heap before GC invocations=9 (full 0):
 PSYoungGen      total 23552K, used 16058K [0x00000000eb300000, 0x00000000ed100000, 0x0000000100000000)
  eden space 16384K, 96% used [0x00000000eb300000,0x00000000ec266ba0,0x00000000ec300000)
  from space 7168K, 4% used [0x00000000eca00000,0x00000000eca48000,0x00000000ed100000)
  to   space 7168K, 0% used [0x00000000ec300000,0x00000000ec300000,0x00000000eca00000)
 ParOldGen       total 44032K, used 7833K [0x00000000c1800000, 0x00000000c4300000, 0x00000000eb300000)
  object space 44032K, 17% used [0x00000000c1800000,0x00000000c1fa6578,0x00000000c4300000)
 Metaspace       used 16158K, capacity 16326K, committed 16640K, reserved 1064960K
  class space    used 1949K, capacity 2028K, committed 2048K, reserved 1048576K
Event: 15.362 GC heap after
Heap after GC invocations=9 (full 0):
 PSYoungGen      total 23552K, used 256K [0x00000000eb300000, 0x00000000ed100000, 0x0000000100000000)
  eden space 16384K, 0% used [0x00000000eb300000,0x00000000eb300000,0x00000000ec300000)
  from space 7168K, 3% used [0x00000000ec300000,0x00000000ec340000,0x00000000eca00000)
  to   space 7168K, 0% used [0x00000000eca00000,0x00000000eca00000,0x00000000ed100000)
 ParOldGen       total 44032K, used 7881K [0x00000000c1800000, 0x00000000c4300000, 0x00000000eb300000)
  object space 44032K, 17% used [0x00000000c1800000,0x00000000c1fb2578,0x00000000c4300000)
 Metaspace       used 16158K, capacity 16326K, committed 16640K, reserved 1064960K
  class space    used 1949K, capacity 2028K, committed 2048K, reserved 1048576K
}
Event: 17.068 GC heap before
{Heap before GC invocations=10 (full 0):
 PSYoungGen      total 23552K, used 16021K [0x00000000eb300000, 0x00000000ed100000, 0x0000000100000000)
  eden space 16384K, 96% used [0x00000000eb300000,0x00000000ec265768,0x00000000ec300000)
  from space 7168K, 3% used [0x00000000ec300000,0x00000000ec340000,0x00000000eca00000)
  to   space 7168K, 0% used [0x00000000eca00000,0x00000000eca00000,0x00000000ed100000)
 ParOldGen       total 44032K, used 7881K [0x00000000c1800000, 0x00000000c4300000, 0x00000000eb300000)
  object space 44032K, 17% used [0x00000000c1800000,0x00000000c1fb2578,0x00000000c4300000)
 Metaspace       used 16199K, capacity 16390K, committed 16640K, reserved 1064960K
  class space    used 1949K, capacity 2028K, committed 2048K, reserved 1048576K
Event: 17.070 GC heap after
Heap after GC invocations=10 (full 0):
 PSYoungGen      total 23552K, used 160K [0x00000000eb300000, 0x00000000ed100000, 0x0000000100000000)
  eden space 16384K, 0% used [0x00000000eb300000,0x00000000eb300000,0x00000000ec300000)
  from space 7168K, 2% used [0x00000000eca00000,0x00000000eca28000,0x00000000ed100000)
  to   space 7168K, 0% used [0x00000000ec300000,0x00000000ec300000,0x00000000eca00000)
 ParOldGen       total 44032K, used 8009K [0x00000000c1800000, 0x00000000c4300000, 0x00000000eb300000)
  object space 44032K, 18% used [0x00000000c1800000,0x00000000c1fd25a8,0x00000000c4300000)
 Metaspace       used 16199K, capacity 16390K, committed 16640K, reserved 1064960K
  class space    used 1949K, capacity 2028K, committed 2048K, reserved 1048576K
}

Deoptimization events (10 events):
Event: 3.722 Thread 0x0000000018798800 Uncommon trap: reason=unstable_if action=reinterpret pc=0x00000000029b35e4 method=java.util.HashMap.getNode(ILjava/lang/Object;)Ljava/util/HashMap$Node; @ 84
Event: 3.723 Thread 0x0000000018798800 Uncommon trap: reason=unstable_if action=reinterpret pc=0x0000000002a25500 method=java.util.HashMap.getNode(ILjava/lang/Object;)Ljava/util/HashMap$Node; @ 84
Event: 3.915 Thread 0x0000000018798800 Uncommon trap: reason=unstable_if action=reinterpret pc=0x0000000002adaf94 method=java.util.LinkedHashMap.get(Ljava/lang/Object;)Ljava/lang/Object; @ 20
Event: 3.920 Thread 0x0000000018798800 Uncommon trap: reason=unstable_if action=reinterpret pc=0x0000000002b60604 method=java.awt.MultipleGradientPaintContext.indexIntoGradientsArrays(F)I @ 93
Event: 4.404 Thread 0x0000000018798800 Uncommon trap: reason=unstable_if action=reinterpret pc=0x0000000002b998a8 method=org.bytedeco.javacv.Java2DFrameConverter.flipCopyWithGamma(Ljava/nio/ByteBuffer;ILjava/nio/ByteBuffer;IZDZI)V @ 50
Event: 8.311 Thread 0x0000000018798800 Uncommon trap: reason=class_check action=maybe_recompile pc=0x0000000002950fa8 method=java.lang.String.equals(Ljava/lang/Object;)Z @ 8
Event: 8.311 Thread 0x0000000018798800 Uncommon trap: reason=class_check action=maybe_recompile pc=0x0000000002950fa8 method=java.lang.String.equals(Ljava/lang/Object;)Z @ 8
Event: 8.474 Thread 0x0000000018798800 Uncommon trap: reason=class_check action=maybe_recompile pc=0x0000000002950fa8 method=java.lang.String.equals(Ljava/lang/Object;)Z @ 8
Event: 8.474 Thread 0x0000000018798800 Uncommon trap: reason=class_check action=maybe_recompile pc=0x0000000002950fa8 method=java.lang.String.equals(Ljava/lang/Object;)Z @ 8
Event: 12.674 Thread 0x000000001720e000 Uncommon trap: reason=unstable_if action=reinterpret pc=0x0000000002a62864 method=java.io.WinNTFileSystem.normalize(Ljava/lang/String;)Ljava/lang/String; @ 128

Internal exceptions (10 events):
Event: 3.774 Thread 0x000000001719e800 Exception <a 'java/lang/reflect/InvocationTargetException'> (0x00000000ebd2c500) thrown at [C:\re\workspace\8-2-build-windows-amd64-cygwin\jdk8u91\6644\hotspot\src\share\vm\runtime\reflection.cpp, line 1092]
Event: 3.780 Thread 0x000000001719e800 Exception <a 'java/lang/UnsatisfiedLinkError'> (0x00000000ebdaf3f8) thrown at [C:\re\workspace\8-2-build-windows-amd64-cygwin\jdk8u91\6644\hotspot\src\share\vm\prims\jvm.cpp, line 3969]
Event: 3.780 Thread 0x000000001719e800 Exception <a 'java/lang/UnsatisfiedLinkError'> (0x00000000ebdaf3f8) thrown at [C:\re\workspace\8-2-build-windows-amd64-cygwin\jdk8u91\6644\hotspot\src\share\vm\prims\jni.cpp, line 709]
Event: 3.782 Thread 0x000000001719e800 Exception <a 'java/lang/UnsatisfiedLinkError'> (0x00000000ebdb2418) thrown at [C:\re\workspace\8-2-build-windows-amd64-cygwin\jdk8u91\6644\hotspot\src\share\vm\prims\jvm.cpp, line 3969]
Event: 3.782 Thread 0x000000001719e800 Exception <a 'java/lang/UnsatisfiedLinkError'> (0x00000000ebdb2418) thrown at [C:\re\workspace\8-2-build-windows-amd64-cygwin\jdk8u91\6644\hotspot\src\share\vm\prims\jni.cpp, line 709]
Event: 3.783 Thread 0x000000001719e800 Exception <a 'java/lang/UnsatisfiedLinkError'> (0x00000000ebdb5438) thrown at [C:\re\workspace\8-2-build-windows-amd64-cygwin\jdk8u91\6644\hotspot\src\share\vm\prims\jvm.cpp, line 3969]
Event: 3.783 Thread 0x000000001719e800 Exception <a 'java/lang/UnsatisfiedLinkError'> (0x00000000ebdb5438) thrown at [C:\re\workspace\8-2-build-windows-amd64-cygwin\jdk8u91\6644\hotspot\src\share\vm\prims\jni.cpp, line 709]
Event: 3.783 Thread 0x000000001719e800 Exception <a 'java/lang/UnsatisfiedLinkError'> (0x00000000ebdb5a70) thrown at [C:\re\workspace\8-2-build-windows-amd64-cygwin\jdk8u91\6644\hotspot\src\share\vm\oops\instanceKlass.cpp, line 948]
Event: 3.784 Thread 0x000000001719e800 Exception <a 'java/lang/reflect/InvocationTargetException'> (0x00000000ebdb6308) thrown at [C:\re\workspace\8-2-build-windows-amd64-cygwin\jdk8u91\6644\hotspot\src\share\vm\runtime\reflection.cpp, line 1092]
Event: 3.845 Thread 0x000000001719e800 Exception <a 'java/lang/NoClassDefFoundError': cl/eye/CLCamera> (0x00000000ec028468) thrown at [C:\re\workspace\8-2-build-windows-amd64-cygwin\jdk8u91\6644\hotspot\src\share\vm\classfile\systemDictionary.cpp, line 199]

Events (10 events):
Event: 13.653 Executing VM operation: ParallelGCFailedAllocation
Event: 13.654 Executing VM operation: ParallelGCFailedAllocation done
Event: 13.654 Executing VM operation: RevokeBias
Event: 13.654 Executing VM operation: RevokeBias done
Event: 15.360 Executing VM operation: ParallelGCFailedAllocation
Event: 15.362 Executing VM operation: ParallelGCFailedAllocation done
Event: 15.582 loading class java/awt/LightweightDispatcher$2
Event: 15.582 loading class java/awt/LightweightDispatcher$2 done
Event: 17.068 Executing VM operation: ParallelGCFailedAllocation
Event: 17.070 Executing VM operation: ParallelGCFailedAllocation done


Dynamic libraries:
0x00007ff6256d0000 - 0x00007ff625707000 	C:\Program Files\Java\jdk1.8.0_91\bin\java.exe
0x00007ff9783a0000 - 0x00007ff97857b000 	C:\WINDOWS\SYSTEM32\ntdll.dll
0x00007ff9782c0000 - 0x00007ff97836e000 	C:\WINDOWS\System32\KERNEL32.DLL
0x00007ff9748c0000 - 0x00007ff974b09000 	C:\WINDOWS\System32\KERNELBASE.dll
0x00007ff9759a0000 - 0x00007ff975a41000 	C:\WINDOWS\System32\ADVAPI32.dll
0x00007ff977150000 - 0x00007ff9771ed000 	C:\WINDOWS\System32\msvcrt.dll
0x00007ff977460000 - 0x00007ff9774b9000 	C:\WINDOWS\System32\sechost.dll
0x00007ff977a70000 - 0x00007ff977b95000 	C:\WINDOWS\System32\RPCRT4.dll
0x00007ff978160000 - 0x00007ff9782aa000 	C:\WINDOWS\System32\USER32.dll
0x00007ff975580000 - 0x00007ff97559e000 	C:\WINDOWS\System32\win32u.dll
0x00007ff975a50000 - 0x00007ff975a77000 	C:\WINDOWS\System32\GDI32.dll
0x00007ff9755a0000 - 0x00007ff975727000 	C:\WINDOWS\System32\gdi32full.dll
0x00007ff974d70000 - 0x00007ff974e0a000 	C:\WINDOWS\System32\msvcp_win.dll
0x00007ff974b60000 - 0x00007ff974c56000 	C:\WINDOWS\System32\ucrtbase.dll
0x00007ff96b2b0000 - 0x00007ff96b517000 	C:\WINDOWS\WinSxS\amd64_microsoft.windows.common-controls_6595b64144ccf1df_6.0.15063.483_none_26002d27e7c744a2\COMCTL32.dll
0x00007ff977770000 - 0x00007ff977a69000 	C:\WINDOWS\System32\combase.dll
0x00007ff974e10000 - 0x00007ff974e7a000 	C:\WINDOWS\System32\bcryptPrimitives.dll
0x00007ff978370000 - 0x00007ff97839d000 	C:\WINDOWS\System32\IMM32.DLL
0x0000000057a80000 - 0x0000000057b52000 	C:\Program Files\Java\jdk1.8.0_91\jre\bin\msvcr100.dll
0x0000000057b60000 - 0x00000000583f3000 	C:\Program Files\Java\jdk1.8.0_91\jre\bin\server\jvm.dll
0x00007ff9771f0000 - 0x00007ff9771f8000 	C:\WINDOWS\System32\PSAPI.DLL
0x00007ff96f170000 - 0x00007ff96f179000 	C:\WINDOWS\SYSTEM32\WSOCK32.dll
0x00007ff977ba0000 - 0x00007ff977c0c000 	C:\WINDOWS\System32\WS2_32.dll
0x00007ff9729d0000 - 0x00007ff9729f3000 	C:\WINDOWS\SYSTEM32\WINMM.dll
0x00007ff9664f0000 - 0x00007ff9664fa000 	C:\WINDOWS\SYSTEM32\VERSION.dll
0x00007ff972970000 - 0x00007ff97299b000 	C:\WINDOWS\SYSTEM32\WINMMBASE.dll
0x00007ff974b10000 - 0x00007ff974b59000 	C:\WINDOWS\System32\cfgmgr32.dll
0x00000000595d0000 - 0x00000000595df000 	C:\Program Files\Java\jdk1.8.0_91\jre\bin\verify.dll
0x0000000058650000 - 0x0000000058679000 	C:\Program Files\Java\jdk1.8.0_91\jre\bin\java.dll
0x0000000058630000 - 0x0000000058646000 	C:\Program Files\Java\jdk1.8.0_91\jre\bin\zip.dll
0x00007ff975c00000 - 0x00007ff977036000 	C:\WINDOWS\System32\SHELL32.dll
0x00007ff978050000 - 0x00007ff9780fa000 	C:\WINDOWS\System32\shcore.dll
0x00007ff974e80000 - 0x00007ff975571000 	C:\WINDOWS\System32\windows.storage.dll
0x00007ff977540000 - 0x00007ff977591000 	C:\WINDOWS\System32\shlwapi.dll
0x00007ff974880000 - 0x00007ff974891000 	C:\WINDOWS\System32\kernel.appcore.dll
0x00007ff974830000 - 0x00007ff97487c000 	C:\WINDOWS\System32\powrprof.dll
0x00007ff974810000 - 0x00007ff974825000 	C:\WINDOWS\System32\profapi.dll
0x00000000578e0000 - 0x0000000057a78000 	C:\Program Files\Java\jdk1.8.0_91\jre\bin\awt.dll
0x00007ff9773a0000 - 0x00007ff977460000 	C:\WINDOWS\System32\OLEAUT32.dll
0x00007ff972ff0000 - 0x00007ff97306e000 	C:\WINDOWS\SYSTEM32\apphelp.dll
0x00007ff973280000 - 0x00007ff973315000 	C:\WINDOWS\system32\uxtheme.dll
0x00007ff975a90000 - 0x00007ff975bf6000 	C:\WINDOWS\System32\MSCTF.dll
0x00007ff971b20000 - 0x00007ff971b4a000 	C:\WINDOWS\system32\dwmapi.dll
0x00007ff977620000 - 0x00007ff977765000 	C:\WINDOWS\System32\ole32.dll
0x0000000057780000 - 0x00000000577c7000 	C:\Program Files\Java\jdk1.8.0_91\jre\bin\fontmanager.dll
0x00007ff955f20000 - 0x00007ff95600f000 	C:\Users\Joao_\.javacpp\cache\opencv-windows-x86_64.jar\org\bytedeco\javacpp\windows-x86_64\msvcr120.dll
0x00007ff957f00000 - 0x00007ff957fa6000 	C:\Users\Joao_\.javacpp\cache\opencv-windows-x86_64.jar\org\bytedeco\javacpp\windows-x86_64\msvcp120.dll
0x00007ff94af90000 - 0x00007ff94b20a000 	C:\Users\Joao_\.javacpp\cache\opencv-windows-x86_64.jar\org\bytedeco\javacpp\windows-x86_64\opencv_core310.dll
0x00007ff949ac0000 - 0x00007ff949e02000 	C:\Users\Joao_\.javacpp\cache\opencv-windows-x86_64.jar\org\bytedeco\javacpp\windows-x86_64\opencv_imgproc310.dll
0x00007ff948f50000 - 0x00007ff949177000 	C:\Users\Joao_\.javacpp\cache\opencv-windows-x86_64.jar\org\bytedeco\javacpp\windows-x86_64\jniopencv_core.dll
0x0000000058610000 - 0x000000005862a000 	C:\Program Files\Java\jdk1.8.0_91\jre\bin\net.dll
0x00007ff9740c0000 - 0x00007ff97411c000 	C:\WINDOWS\system32\mswsock.dll
0x00000000585f0000 - 0x0000000058601000 	C:\Program Files\Java\jdk1.8.0_91\jre\bin\nio.dll
0x00007ff955e30000 - 0x00007ff955f1d000 	C:\Users\Joao_\.javacpp\cache\opencv-windows-x86_64.jar\org\bytedeco\javacpp\windows-x86_64\jniopencv_imgproc.dll
0x00007ff948a30000 - 0x00007ff948cf9000 	C:\Users\Joao_\.javacpp\cache\opencv-windows-x86_64.jar\org\bytedeco\javacpp\windows-x86_64\opencv_imgcodecs310.dll
0x00007ff95f830000 - 0x00007ff95f855000 	C:\Users\Joao_\.javacpp\cache\opencv-windows-x86_64.jar\org\bytedeco\javacpp\windows-x86_64\jniopencv_imgcodecs.dll
0x00007ff952890000 - 0x00007ff9528e3000 	C:\Users\Joao_\.javacpp\cache\opencv-windows-x86_64.jar\org\bytedeco\javacpp\windows-x86_64\opencv_videoio310.dll
0x00007ff959720000 - 0x00007ff959749000 	C:\WINDOWS\SYSTEM32\MSVFW32.dll
0x00007ff95fd30000 - 0x00007ff95fd48000 	C:\WINDOWS\SYSTEM32\AVICAP32.dll
0x00007ff9615c0000 - 0x00007ff9615df000 	C:\WINDOWS\SYSTEM32\AVIFIL32.dll
0x00007ff96f0e0000 - 0x00007ff96f0fc000 	C:\WINDOWS\SYSTEM32\MSACM32.dll
0x00007ff9591a0000 - 0x00007ff9591b7000 	C:\Users\Joao_\.javacpp\cache\opencv-windows-x86_64.jar\org\bytedeco\javacpp\windows-x86_64\jniopencv_videoio.dll
0x00007ff957ed0000 - 0x00007ff957efc000 	C:\Users\Joao_\.javacpp\cache\opencv-windows-x86_64.jar\org\bytedeco\javacpp\windows-x86_64\opencv_highgui310.dll
0x00007ff977040000 - 0x00007ff977148000 	C:\WINDOWS\System32\COMDLG32.dll
0x00007ff952850000 - 0x00007ff952885000 	C:\Users\Joao_\.javacpp\cache\opencv-windows-x86_64.jar\org\bytedeco\javacpp\windows-x86_64\jniopencv_highgui.dll
0x00007ff952780000 - 0x00007ff95284d000 	C:\Users\Joao_\.javacpp\cache\opencv-windows-x86_64.jar\org\bytedeco\javacpp\windows-x86_64\opencv_ml310.dll
0x00007ff952740000 - 0x00007ff95277f000 	C:\Users\Joao_\.javacpp\cache\opencv-windows-x86_64.jar\org\bytedeco\javacpp\windows-x86_64\jniopencv_ml.dll
0x00007ff9525a0000 - 0x00007ff952636000 	C:\Users\Joao_\.javacpp\cache\opencv-windows-x86_64.jar\org\bytedeco\javacpp\windows-x86_64\opencv_objdetect310.dll
0x00007ff9526e0000 - 0x00007ff952734000 	C:\Users\Joao_\.javacpp\cache\opencv-windows-x86_64.jar\org\bytedeco\javacpp\windows-x86_64\jniopencv_objdetect.dll
0x00007ff952550000 - 0x00007ff952596000 	C:\Users\Joao_\.javacpp\cache\opencv-windows-x86_64.jar\org\bytedeco\javacpp\windows-x86_64\opencv_face310.dll
0x00007ff955e10000 - 0x00007ff955e2a000 	C:\Users\Joao_\.javacpp\cache\opencv-windows-x86_64.jar\org\bytedeco\javacpp\windows-x86_64\jniopencv_face.dll
0x00007ff952d80000 - 0x00007ff952da6000 	C:\Users\Joao_\.javacpp\cache\videoinput-windows-x86_64.jar\org\bytedeco\javacpp\windows-x86_64\jnivideoInputLib.dll
0x0000000057730000 - 0x0000000057772000 	C:\Program Files\Java\jdk1.8.0_91\jre\bin\t2k.dll
0x00000000585d0000 - 0x00000000585e5000 	C:\Users\Joao_\.javacpp\cache\libfreenect-windows-x86_64.jar\org\bytedeco\javacpp\windows-x86_64\libusb0.dll
0x00007ff977c10000 - 0x00007ff97804b000 	C:\WINDOWS\System32\SETUPAPI.dll
0x00007ff952510000 - 0x00007ff952544000 	C:\Users\Joao_\.javacpp\cache\libfreenect-windows-x86_64.jar\org\bytedeco\javacpp\windows-x86_64\freenect.dll
0x00007ff955170000 - 0x00007ff955189000 	C:\Users\Joao_\.javacpp\cache\libfreenect-windows-x86_64.jar\org\bytedeco\javacpp\windows-x86_64\pthreadVC2.dll
0x00007ff9524e0000 - 0x00007ff952504000 	C:\Users\Joao_\.javacpp\cache\libfreenect-windows-x86_64.jar\org\bytedeco\javacpp\windows-x86_64\jnifreenect.dll
0x00007ff975900000 - 0x00007ff97599e000 	C:\WINDOWS\System32\clbcatq.dll
0x00007ff970c80000 - 0x00007ff970e2c000 	C:\WINDOWS\SYSTEM32\WindowsCodecs.dll
0x00007ff968f00000 - 0x00007ff968f47000 	C:\WINDOWS\system32\dataexchange.dll
0x00007ff971ff0000 - 0x00007ff9722cf000 	C:\WINDOWS\system32\d3d11.dll
0x00007ff972ae0000 - 0x00007ff972c02000 	C:\WINDOWS\system32\dcomp.dll
0x00007ff973820000 - 0x00007ff9738c4000 	C:\WINDOWS\system32\dxgi.dll
0x00007ff973110000 - 0x00007ff973280000 	C:\WINDOWS\system32\twinapi.appcore.dll
0x00007ff974750000 - 0x00007ff974775000 	C:\WINDOWS\system32\bcrypt.dll
0x00007ff96f240000 - 0x00007ff96f2c2000 	C:\WINDOWS\System32\TextInputFramework.dll
0x00007ff970700000 - 0x00007ff9709d2000 	C:\WINDOWS\System32\CoreUIComponents.dll
0x00007ff972880000 - 0x00007ff972963000 	C:\WINDOWS\System32\CoreMessaging.dll
0x00007ff973a20000 - 0x00007ff973a51000 	C:\WINDOWS\SYSTEM32\ntmarta.dll
0x00007ff971000000 - 0x00007ff971139000 	C:\WINDOWS\SYSTEM32\wintypes.dll
0x00007ff971530000 - 0x00007ff971545000 	C:\WINDOWS\SYSTEM32\usermgrcli.dll
0x00007ff954f10000 - 0x00007ff954f27000 	C:\Windows\System32\devenum.dll
0x00007ff973450000 - 0x00007ff973478000 	C:\WINDOWS\SYSTEM32\DEVOBJ.dll
0x00007ff974d10000 - 0x00007ff974d66000 	C:\WINDOWS\System32\WINTRUST.dll
0x00007ff9748a0000 - 0x00007ff9748b1000 	C:\WINDOWS\System32\MSASN1.dll
0x00007ff975730000 - 0x00007ff9758f9000 	C:\WINDOWS\System32\CRYPT32.dll
0x00007ff96ca50000 - 0x00007ff96ca5b000 	C:\WINDOWS\SYSTEM32\msdmo.dll
0x00007ff952120000 - 0x00007ff952152000 	C:\Windows\System32\qcap.dll
0x00007ff948870000 - 0x00007ff948a2c000 	C:\Windows\System32\quartz.dll
0x00007ff952070000 - 0x00007ff9520bd000 	C:\Windows\System32\mfksproxy.dll
0x00007ff96cca0000 - 0x00007ff96ccbc000 	C:\Windows\System32\ATL.DLL
0x00007ff952030000 - 0x00007ff952062000 	C:\Windows\System32\MFSENSORGROUP.dll
0x00007ff964b00000 - 0x00007ff964ca0000 	C:\Windows\System32\MFPlat.DLL
0x00007ff96dd30000 - 0x00007ff96dd62000 	C:\Windows\System32\RTWorkQ.DLL
0x00007ff94e820000 - 0x00007ff94e868000 	C:\Windows\System32\ksproxy.ax
0x00007ff96fe40000 - 0x00007ff96fe49000 	C:\Windows\System32\ksuser.dll
0x00007ff9486e0000 - 0x00007ff948869000 	C:\Windows\System32\d3d9.dll
0x0000000057700000 - 0x000000005772a000 	C:\Program Files\Java\jdk1.8.0_91\jre\bin\dcpr.dll
0x00007ff971800000 - 0x00007ff971877000 	C:\WINDOWS\SYSTEM32\policymanager.dll
0x00007ff971770000 - 0x00007ff9717ff000 	C:\Windows\System32\msvcp110_win.dll
0x00007ff96b9e0000 - 0x00007ff96b9ec000 	C:\Windows\System32\vidcap.ax
0x00007ff94e7f0000 - 0x00007ff94e816000 	C:\Windows\System32\kswdmcap.ax
0x00007ff947fb0000 - 0x00007ff948114000 	C:\Windows\System32\MFC42.dll
0x00007ff94e750000 - 0x00007ff94e7ef000 	C:\Windows\System32\qedit.dll
0x00007ff964ca0000 - 0x00007ff964e35000 	C:\WINDOWS\WinSxS\amd64_microsoft.windows.gdiplus_6595b64144ccf1df_1.1.15063.608_none_56f0266b425534e9\gdiplus.dll
0x00007ff94bbf0000 - 0x00007ff94bce6000 	C:\Windows\System32\DDRAW.dll
0x00007ff969bd0000 - 0x00007ff969bd8000 	C:\Windows\System32\DCIMAN32.dll
0x00007ff947d90000 - 0x00007ff947fa7000 	C:\Program Files (x86)\K-Lite Codec Pack\Filters\DirectVobSub64\vsfilter.dll
0x00007ff95ce60000 - 0x00007ff95ceea000 	C:\WINDOWS\SYSTEM32\WINSPOOL.DRV
0x00007ff959ce0000 - 0x00007ff95a00e000 	C:\WINDOWS\SYSTEM32\WININET.dll
0x00007ff969770000 - 0x00007ff9697db000 	C:\WINDOWS\SYSTEM32\OLEACC.dll
0x00007ff96eb40000 - 0x00007ff96eb4c000 	C:\WINDOWS\SYSTEM32\msyuv.dll
0x00007ff964820000 - 0x00007ff9649c9000 	C:\WINDOWS\SYSTEM32\dbghelp.dll

VM Arguments:
jvm_args: -Dfile.encoding=UTF-8 -Djava.library.path=C:\opencv\build\java\x64 
java_command: main.main
java_class_path (initial): C:\Users\Joao_\Downloads\javacpp-1.3-bin\javacpp-bin\javacpp.jar;C:\Users\Joao_\Downloads\javacv-platform-1.3-bin\javacv-bin\opencv-windows-x86_64.jar;C:\Users\Joao_\Downloads\javacv-platform-1.3-bin\javacv-bin\videoinput-windows-x86_64.jar;C:\Users\Joao_\Downloads\javacv-platform-1.3-bin\javacv-bin\artoolkitplus-windows-x86_64.jar;C:\Users\Joao_\Downloads\javacv-platform-1.3-bin\javacv-bin\ffmpeg-windows-x86_64.jar;C:\Users\Joao_\Downloads\javacv-platform-1.3-bin\javacv-bin\flandmark-windows-x86_64.jar;C:\Users\Joao_\Downloads\javacv-platform-1.3-bin\javacv-bin\flycapture-windows-x86_64.jar;C:\Users\Joao_\Downloads\javacv-platform-1.3-bin\javacv-bin\javacv-platform.jar;C:\Users\Joao_\Downloads\javacv-platform-1.3-bin\javacv-bin\javacv.jar;C:\Users\Joao_\Downloads\javacv-platform-1.3-bin\javacv-bin\libdc1394-windows-x86_64.jar;C:\Users\Joao_\Downloads\javacv-platform-1.3-bin\javacv-bin\libfreenect-platform.jar;C:\Users\Joao_\Downloads\javacv-platform-1.3-bin\javacv-bin\libfreenect-windows-x86_64.jar;C:\Users\Joao_\Downloads\javacv-platform-1.3-bin\javacv-bin\librealsense-platform.jar;C:\Users\Joao_\Downloads\javacv-platform-1.3-bin\javacv-bin\librealsense.jar;C:\Users\Joao_\Downloads\javacv-platform-1.3-bin\javacv-bin\opencv.jar;C:\Users\Joao_\Downloads\javacv-platform-1.3-bin\javacv-bin\videoinput.jar;C:\TCC.UniSecurity\build\classes
Launcher Type: SUN_STANDARD

Environment Variables:
PATH=C:\ProgramData\Oracle\Java\javapath;C:\WINDOWS\system32;C:\WINDOWS;C:\WINDOWS\System32\Wbem;C:\WINDOWS\System32\WindowsPowerShell\v1.0\;C:\Program Files (x86)\Skype\Phone\;C:\Program Files\Microsoft SQL Server\120\DTS\Binn\;C:\Program Files\Microsoft SQL Server\Client SDK\ODBC\110\Tools\Binn\;C:\Program Files (x86)\Microsoft SQL Server\120\Tools\Binn\;C:\Program Files\Microsoft SQL Server\120\Tools\Binn\;C:\Program Files (x86)\Microsoft SQL Server\120\Tools\Binn\ManagementStudio\;C:\Program Files (x86)\Microsoft SQL Server\120\DTS\Binn\;C:\Program Files\CMake\bin;C:\opencv\build\x64\vc14\bin;C:\Users\Joao_\AppData\Local\Programs\Python\Python37\Scripts\;C:\Users\Joao_\AppData\Local\Programs\Python\Python37\;C:\Users\Joao_\AppData\Local\Microsoft\WindowsApps;
USERNAME=Joao_
OS=Windows_NT
PROCESSOR_IDENTIFIER=Intel64 Family 6 Model 58 Stepping 9, GenuineIntel



---------------  S Y S T E M  ---------------

OS: Windows 10.0 , 64 bit Build 15063 (10.0.15063.296)

CPU:total 4 (2 cores per cpu, 2 threads per core) family 6 model 58 stepping 9, cmov, cx8, fxsr, mmx, sse, sse2, sse3, ssse3, sse4.1, sse4.2, popcnt, avx, aes, clmul, erms, ht, tsc, tscinvbit, tscinv

Memory: 4k page, physical 4092772k(1086712k free), swap 5774224k(1989848k free)

vm_info: Java HotSpot(TM) 64-Bit Server VM (25.91-b14) for windows-amd64 JRE (1.8.0_91-b14), built on Apr  1 2016 00:58:32 by "java_re" with MS VC++ 10.0 (VS2010)

time: Wed Oct 18 00:24:08 2017
elapsed time: 18 seconds (0d 0h 0m 18s)

