#
# A fatal error has been detected by the Java Runtime Environment:
#
#  EXCEPTION_UNCAUGHT_CXX_EXCEPTION (0xe06d7363) at pc=0x00007ffceaea9e08, pid=8744, tid=10168
#
# JRE version: Java(TM) SE Runtime Environment (8.0_91-b14) (build 1.8.0_91-b14)
# Java VM: Java HotSpot(TM) 64-Bit Server VM (25.91-b14 mixed mode windows-amd64 compressed oops)
# Problematic frame:
# C  [KERNELBASE.dll+0x69e08]
#
# Failed to write core dump. Minidumps are not enabled by default on client versions of Windows
#
# If you would like to submit a bug report, please visit:
#   http://bugreport.java.com/bugreport/crash.jsp
# The crash happened outside the Java Virtual Machine in native code.
# See problematic frame for where to report the bug.
#

---------------  T H R E A D  ---------------

Current thread (0x0000000018b65000):  JavaThread "pool-1-thread-1" [_thread_in_native, id=10168, stack(0x000000002e610000,0x000000002e710000)]

siginfo: ExceptionCode=0xe06d7363, ExceptionInformation=0x0000000019930520 0x000000002e6fe980 0x00007ffccad60668 0x00007ffccab20000 

Registers:
RAX=0x0000000000000000, RBX=0x00007ffccad60668, RCX=0x0000000000000000, RDX=0x00000000000000ff
RSP=0x000000002e6fe7f0, RBP=0x000000002e6fe930, RSI=0x00007ffccacef2b8, RDI=0x000000002e6fe980
R8 =0xfffffedc00000000, R9 =0x0000000000000000, R10=0x0000000000a87dc0, R11=0x0000000000a80150
R12=0x00000000ffffff29, R13=0x0000000000000000, R14=0x00007ffccacee290, R15=0x000000002e70eb28
RIP=0x00007ffceaea9e08, EFLAGS=0x0000000000000206

Top of Stack: (sp=0x000000002e6fe7f0)
0x000000002e6fe7f0:   0000000000000000 00007ffccad60668
0x000000002e6fe800:   00007ffccacef2b8 000000002e6fe980
0x000000002e6fe810:   00000001e06d7363 0000000000000000
0x000000002e6fe820:   00007ffceaea9e08 0000000000000004
0x000000002e6fe830:   0000000019930520 000000002e6fe980
0x000000002e6fe840:   00007ffccad60668 00007ffccab20000
0x000000002e6fe850:   00007ffccacee290 00000000ffffff29
0x000000002e6fe860:   000000002e6fe980 00007ffccacef2b8
0x000000002e6fe870:   000000002e6fe930 00007ffcedb4ba13
0x000000002e6fe880:   000000002e6fe940 00007ffc00000000
0x000000002e6fe890:   000000002e6fe980 00007ffccb1bd306
0x000000002e6fe8a0:   00007ffccad81000 00007ffccab20000
0x000000002e6fe8b0:   000091a9a6a8c772 00007ffccb23c4d0
0x000000002e6fe8c0:   00007ffccad60668 00007ffccb1bef63
0x000000002e6fe8d0:   000000002e6fe980 00007ffccb18eb8d
0x000000002e6fe8e0:   00007ffccb23c4d0 00007ffccacef2b8 

Instructions: (pc=0x00007ffceaea9e08)
0x00007ffceaea9de8:   49 8b d1 44 0f 47 c0 44 89 44 24 38 49 c1 e0 03
0x00007ffceaea9df8:   e8 1b db 01 00 48 8d 4c 24 20 ff 15 f0 c7 0f 00
0x00007ffceaea9e08:   48 8b 8c 24 c0 00 00 00 48 33 cc e8 78 b0 01 00
0x00007ffceaea9e18:   48 81 c4 d8 00 00 00 c3 83 64 24 38 00 eb d6 cc 


Register to memory mapping:

RAX=0x0000000000000000 is an unknown value
RBX=0x00007ffccad60668 is an unknown value
RCX=0x0000000000000000 is an unknown value
RDX=0x00000000000000ff is an unknown value
RSP=0x000000002e6fe7f0 is pointing into the stack for thread: 0x0000000018b65000
RBP=0x000000002e6fe930 is pointing into the stack for thread: 0x0000000018b65000
RSI=0x00007ffccacef2b8 is an unknown value
RDI=0x000000002e6fe980 is pointing into the stack for thread: 0x0000000018b65000
R8 =0xfffffedc00000000 is an unknown value
R9 =0x0000000000000000 is an unknown value
R10=0x0000000000a87dc0 is an unknown value
R11=0x0000000000a80150 is an unknown value
R12=0x00000000ffffff29 is an unallocated location in the heap
R13=0x0000000000000000 is an unknown value
R14=0x00007ffccacee290 is an unknown value
R15=0x000000002e70eb28 is pointing into the stack for thread: 0x0000000018b65000


Stack: [0x000000002e610000,0x000000002e710000],  sp=0x000000002e6fe7f0,  free space=953k
Native frames: (J=compiled Java code, j=interpreted, Vv=VM code, C=native code)
C  [KERNELBASE.dll+0x69e08]
C  [msvcr120.dll+0x5ef63]
C  [opencv_core310.dll+0x19b654]
C  [opencv_core310.dll+0x19b796]
C  [opencv_core310.dll+0x39346]
C  [jniopencv_core.dll+0xc0015]
C  0x00000000029e7f54

Java frames: (J=compiled Java code, j=interpreted, Vv=VM code)
j  org.bytedeco.javacpp.opencv_core.cvSetImageROI(Lorg/bytedeco/javacpp/opencv_core$IplImage;Lorg/bytedeco/javacpp/opencv_core$CvRect;)V+0
j  processing.FacePanel.preprocessImage(Lorg/bytedeco/javacpp/opencv_core$IplImage;)Lorg/bytedeco/javacpp/opencv_core$IplImage;+81
j  processing.FacePanel.findFace(Lorg/bytedeco/javacpp/opencv_core$IplImage;)Lorg/bytedeco/javacpp/opencv_core$CvRect;+145
j  processing.FacePanel.access$100(Lprocessing/FacePanel;Lorg/bytedeco/javacpp/opencv_core$IplImage;)Lorg/bytedeco/javacpp/opencv_core$CvRect;+2
j  processing.FacePanel$1.run()V+19
j  java.util.concurrent.ThreadPoolExecutor.runWorker(Ljava/util/concurrent/ThreadPoolExecutor$Worker;)V+95
j  java.util.concurrent.ThreadPoolExecutor$Worker.run()V+5
j  java.lang.Thread.run()V+11
v  ~StubRoutines::call_stub

---------------  P R O C E S S  ---------------

Java Threads: ( => current thread )
=>0x0000000018b65000 JavaThread "pool-1-thread-1" [_thread_in_native, id=10168, stack(0x000000002e610000,0x000000002e710000)]
  0x00000000173ae000 JavaThread "TimerQueue" daemon [_thread_blocked, id=6432, stack(0x000000002c750000,0x000000002c850000)]
  0x0000000018bab800 JavaThread "Thread-1" [_thread_blocked, id=10012, stack(0x000000001a7a0000,0x000000001a8a0000)]
  0x00000000027cd800 JavaThread "DestroyJavaVM" [_thread_blocked, id=8016, stack(0x00000000027d0000,0x00000000028d0000)]
  0x0000000018a8c800 JavaThread "AWT-EventQueue-0" [_thread_in_Java, id=5752, stack(0x00000000196a0000,0x00000000197a0000)]
  0x0000000017601000 JavaThread "JavaCPP Deallocator" daemon [_thread_blocked, id=7824, stack(0x0000000019490000,0x0000000019590000)]
  0x000000001715c000 JavaThread "AWT-Windows" daemon [_thread_in_native, id=348, stack(0x0000000017cf0000,0x0000000017df0000)]
  0x0000000017159000 JavaThread "AWT-Shutdown" [_thread_blocked, id=8456, stack(0x0000000017bf0000,0x0000000017cf0000)]
  0x0000000017158800 JavaThread "Java2D Disposer" daemon [_thread_blocked, id=7320, stack(0x0000000017af0000,0x0000000017bf0000)]
  0x000000001501e000 JavaThread "Service Thread" daemon [_thread_blocked, id=5248, stack(0x0000000016d10000,0x0000000016e10000)]
  0x0000000014fc3800 JavaThread "C1 CompilerThread2" daemon [_thread_blocked, id=10164, stack(0x0000000016810000,0x0000000016910000)]
  0x0000000014fc0800 JavaThread "C2 CompilerThread1" daemon [_thread_in_native, id=3528, stack(0x0000000016710000,0x0000000016810000)]
  0x0000000014fbe000 JavaThread "C2 CompilerThread0" daemon [_thread_blocked, id=5396, stack(0x0000000016610000,0x0000000016710000)]
  0x0000000014fbd000 JavaThread "Attach Listener" daemon [_thread_blocked, id=7844, stack(0x0000000016510000,0x0000000016610000)]
  0x0000000014fbc000 JavaThread "Signal Dispatcher" daemon [_thread_blocked, id=632, stack(0x0000000016410000,0x0000000016510000)]
  0x0000000014faa800 JavaThread "Finalizer" daemon [_thread_blocked, id=9500, stack(0x0000000016220000,0x0000000016320000)]
  0x0000000014f89000 JavaThread "Reference Handler" daemon [_thread_blocked, id=3384, stack(0x0000000016120000,0x0000000016220000)]

Other Threads:
  0x0000000014f87800 VMThread [stack: 0x0000000016020000,0x0000000016120000] [id=5940]
  0x0000000016961000 WatcherThread [stack: 0x0000000016e10000,0x0000000016f10000] [id=4864]

VM state:not at safepoint (normal execution)

VM Mutex/Monitor currently owned by a thread: None

Heap:
 PSYoungGen      total 18944K, used 7892K [0x00000000eb300000, 0x00000000ed800000, 0x0000000100000000)
  eden space 16384K, 32% used [0x00000000eb300000,0x00000000eb839288,0x00000000ec300000)
  from space 2560K, 99% used [0x00000000ed580000,0x00000000ed7fc010,0x00000000ed800000)
  to   space 2560K, 0% used [0x00000000ec300000,0x00000000ec300000,0x00000000ec580000)
 ParOldGen       total 44032K, used 5013K [0x00000000c1800000, 0x00000000c4300000, 0x00000000eb300000)
  object space 44032K, 11% used [0x00000000c1800000,0x00000000c1ce57b8,0x00000000c4300000)
 Metaspace       used 15495K, capacity 15682K, committed 15872K, reserved 1062912K
  class space    used 1899K, capacity 1964K, committed 2048K, reserved 1048576K

Card table byte_map: [0x0000000011d90000,0x0000000011f90000] byte_map_base: 0x0000000011784000

Marking Bits: (ParMarkBitMap*) 0x0000000075bd2f70
 Begin Bits: [0x00000000124e0000, 0x0000000013480000)
 End Bits:   [0x0000000013480000, 0x0000000014420000)

Polling page: 0x0000000000a20000

CodeCache: size=245760Kb used=4036Kb max_used=4036Kb free=241723Kb
 bounds [0x00000000029d0000, 0x0000000002dd0000, 0x00000000119d0000]
 total_blobs=1632 nmethods=1007 adapters=538
 compilation: enabled

Compilation events (10 events):
Event: 3.638 Thread 0x0000000014fc3800  991       1       java.nio.Buffer::capacity (5 bytes)
Event: 3.639 Thread 0x0000000014fc3800 nmethod 991 0x0000000002d84710 code [0x0000000002d84860, 0x0000000002d84970]
Event: 3.639 Thread 0x0000000014fc3800  992       1       sun.nio.fs.NativeBuffer::owner (5 bytes)
Event: 3.639 Thread 0x0000000014fc3800 nmethod 992 0x0000000002d82c50 code [0x0000000002d82da0, 0x0000000002d82eb0]
Event: 3.639 Thread 0x0000000014fc3800  993       3       org.bytedeco.javacv.Java2DFrameConverter::flipCopyWithGamma (608 bytes)
Event: 3.642 Thread 0x0000000014fc3800 nmethod 993 0x0000000002d8c810 code [0x0000000002d8cc60, 0x0000000002d8fe08]
Event: 3.642 Thread 0x0000000014fc3800  994   !   3       org.bytedeco.javacpp.Loader::findLibrary (1098 bytes)
Event: 3.642 Thread 0x0000000014fc0800  996 %     4       org.bytedeco.javacv.Java2DFrameConverter::flipCopyWithGamma @ 484 (608 bytes)
Event: 3.647 Thread 0x0000000014fbe000 1001       4       java.util.HashMap::getNode (148 bytes)
Event: 3.652 Thread 0x0000000014fbe000 nmethod 1001 0x0000000002d826d0 code [0x0000000002d82820, 0x0000000002d82a48]

GC Heap History (4 events):
Event: 0.659 GC heap before
{Heap before GC invocations=1 (full 0):
 PSYoungGen      total 18944K, used 16384K [0x00000000eb300000, 0x00000000ec800000, 0x0000000100000000)
  eden space 16384K, 100% used [0x00000000eb300000,0x00000000ec300000,0x00000000ec300000)
  from space 2560K, 0% used [0x00000000ec580000,0x00000000ec580000,0x00000000ec800000)
  to   space 2560K, 0% used [0x00000000ec300000,0x00000000ec300000,0x00000000ec580000)
 ParOldGen       total 44032K, used 0K [0x00000000c1800000, 0x00000000c4300000, 0x00000000eb300000)
  object space 44032K, 0% used [0x00000000c1800000,0x00000000c1800000,0x00000000c4300000)
 Metaspace       used 11187K, capacity 11402K, committed 11776K, reserved 1058816K
  class space    used 1334K, capacity 1415K, committed 1536K, reserved 1048576K
Event: 0.668 GC heap after
Heap after GC invocations=1 (full 0):
 PSYoungGen      total 18944K, used 2557K [0x00000000eb300000, 0x00000000ed800000, 0x0000000100000000)
  eden space 16384K, 0% used [0x00000000eb300000,0x00000000eb300000,0x00000000ec300000)
  from space 2560K, 99% used [0x00000000ec300000,0x00000000ec57f548,0x00000000ec580000)
  to   space 2560K, 0% used [0x00000000ed580000,0x00000000ed580000,0x00000000ed800000)
 ParOldGen       total 44032K, used 612K [0x00000000c1800000, 0x00000000c4300000, 0x00000000eb300000)
  object space 44032K, 1% used [0x00000000c1800000,0x00000000c18993b0,0x00000000c4300000)
 Metaspace       used 11187K, capacity 11402K, committed 11776K, reserved 1058816K
  class space    used 1334K, capacity 1415K, committed 1536K, reserved 1048576K
}
Event: 3.248 GC heap before
{Heap before GC invocations=2 (full 0):
 PSYoungGen      total 18944K, used 18941K [0x00000000eb300000, 0x00000000ed800000, 0x0000000100000000)
  eden space 16384K, 100% used [0x00000000eb300000,0x00000000ec300000,0x00000000ec300000)
  from space 2560K, 99% used [0x00000000ec300000,0x00000000ec57f548,0x00000000ec580000)
  to   space 2560K, 0% used [0x00000000ed580000,0x00000000ed580000,0x00000000ed800000)
 ParOldGen       total 44032K, used 612K [0x00000000c1800000, 0x00000000c4300000, 0x00000000eb300000)
  object space 44032K, 1% used [0x00000000c1800000,0x00000000c18993b0,0x00000000c4300000)
 Metaspace       used 15180K, capacity 15426K, committed 15616K, reserved 1062912K
  class space    used 1871K, capacity 1964K, committed 2048K, reserved 1048576K
Event: 3.253 GC heap after
Heap after GC invocations=2 (full 0):
 PSYoungGen      total 18944K, used 2544K [0x00000000eb300000, 0x00000000ed800000, 0x0000000100000000)
  eden space 16384K, 0% used [0x00000000eb300000,0x00000000eb300000,0x00000000ec300000)
  from space 2560K, 99% used [0x00000000ed580000,0x00000000ed7fc010,0x00000000ed800000)
  to   space 2560K, 0% used [0x00000000ec300000,0x00000000ec300000,0x00000000ec580000)
 ParOldGen       total 44032K, used 5013K [0x00000000c1800000, 0x00000000c4300000, 0x00000000eb300000)
  object space 44032K, 11% used [0x00000000c1800000,0x00000000c1ce57b8,0x00000000c4300000)
 Metaspace       used 15180K, capacity 15426K, committed 15616K, reserved 1062912K
  class space    used 1871K, capacity 1964K, committed 2048K, reserved 1048576K
}

Deoptimization events (7 events):
Event: 0.734 Thread 0x0000000018a8c800 Uncommon trap: reason=unstable_if action=reinterpret pc=0x0000000002c669d4 method=sun.misc.MetaIndex.mayContain(Ljava/lang/String;)Z @ 38
Event: 0.747 Thread 0x0000000018a8c800 Uncommon trap: reason=unstable_if action=reinterpret pc=0x0000000002be622c method=java.lang.AbstractStringBuilder.append(Ljava/lang/String;)Ljava/lang/AbstractStringBuilder; @ 1
Event: 0.747 Thread 0x0000000018a8c800 Uncommon trap: reason=unstable_if action=reinterpret pc=0x0000000002bcc6d8 method=java.lang.AbstractStringBuilder.append(Ljava/lang/String;)Ljava/lang/AbstractStringBuilder; @ 1
Event: 2.901 Thread 0x0000000018a8c800 Uncommon trap: reason=unstable_if action=reinterpret pc=0x0000000002bd6724 method=java.util.HashMap.getNode(ILjava/lang/Object;)Ljava/util/HashMap$Node; @ 84
Event: 2.901 Thread 0x0000000018a8c800 Uncommon trap: reason=unstable_if action=reinterpret pc=0x0000000002ca7ec0 method=java.util.HashMap.getNode(ILjava/lang/Object;)Ljava/util/HashMap$Node; @ 84
Event: 3.081 Thread 0x0000000018a8c800 Uncommon trap: reason=unstable_if action=reinterpret pc=0x0000000002cfd994 method=java.util.LinkedHashMap.get(Ljava/lang/Object;)Ljava/lang/Object; @ 20
Event: 3.119 Thread 0x0000000018a8c800 Uncommon trap: reason=unstable_if action=reinterpret pc=0x0000000002d62c14 method=java.awt.MultipleGradientPaintContext.indexIntoGradientsArrays(F)I @ 13

Internal exceptions (10 events):
Event: 2.964 Thread 0x0000000018bab800 Exception <a 'java/lang/reflect/InvocationTargetException'> (0x00000000ebd0e698) thrown at [C:\re\workspace\8-2-build-windows-amd64-cygwin\jdk8u91\6644\hotspot\src\share\vm\runtime\reflection.cpp, line 1092]
Event: 2.972 Thread 0x0000000018bab800 Exception <a 'java/lang/UnsatisfiedLinkError'> (0x00000000ebdba208) thrown at [C:\re\workspace\8-2-build-windows-amd64-cygwin\jdk8u91\6644\hotspot\src\share\vm\prims\jvm.cpp, line 3969]
Event: 2.972 Thread 0x0000000018bab800 Exception <a 'java/lang/UnsatisfiedLinkError'> (0x00000000ebdba208) thrown at [C:\re\workspace\8-2-build-windows-amd64-cygwin\jdk8u91\6644\hotspot\src\share\vm\prims\jni.cpp, line 709]
Event: 2.974 Thread 0x0000000018bab800 Exception <a 'java/lang/UnsatisfiedLinkError'> (0x00000000ebdbd228) thrown at [C:\re\workspace\8-2-build-windows-amd64-cygwin\jdk8u91\6644\hotspot\src\share\vm\prims\jvm.cpp, line 3969]
Event: 2.974 Thread 0x0000000018bab800 Exception <a 'java/lang/UnsatisfiedLinkError'> (0x00000000ebdbd228) thrown at [C:\re\workspace\8-2-build-windows-amd64-cygwin\jdk8u91\6644\hotspot\src\share\vm\prims\jni.cpp, line 709]
Event: 2.976 Thread 0x0000000018bab800 Exception <a 'java/lang/UnsatisfiedLinkError'> (0x00000000ebdc0248) thrown at [C:\re\workspace\8-2-build-windows-amd64-cygwin\jdk8u91\6644\hotspot\src\share\vm\prims\jvm.cpp, line 3969]
Event: 2.976 Thread 0x0000000018bab800 Exception <a 'java/lang/UnsatisfiedLinkError'> (0x00000000ebdc0248) thrown at [C:\re\workspace\8-2-build-windows-amd64-cygwin\jdk8u91\6644\hotspot\src\share\vm\prims\jni.cpp, line 709]
Event: 2.976 Thread 0x0000000018bab800 Exception <a 'java/lang/UnsatisfiedLinkError'> (0x00000000ebdc0880) thrown at [C:\re\workspace\8-2-build-windows-amd64-cygwin\jdk8u91\6644\hotspot\src\share\vm\oops\instanceKlass.cpp, line 948]
Event: 2.976 Thread 0x0000000018bab800 Exception <a 'java/lang/reflect/InvocationTargetException'> (0x00000000ebdc1118) thrown at [C:\re\workspace\8-2-build-windows-amd64-cygwin\jdk8u91\6644\hotspot\src\share\vm\runtime\reflection.cpp, line 1092]
Event: 3.028 Thread 0x0000000018bab800 Exception <a 'java/lang/NoClassDefFoundError': cl/eye/CLCamera> (0x00000000ec00a1f0) thrown at [C:\re\workspace\8-2-build-windows-amd64-cygwin\jdk8u91\6644\hotspot\src\share\vm\classfile\systemDictionary.cpp, line 199]

Events (10 events):
Event: 3.619 loading class java/awt/image/DataBufferByte
Event: 3.619 loading class java/awt/image/DataBufferByte done
Event: 3.619 loading class java/awt/image/PixelInterleavedSampleModel
Event: 3.620 loading class java/awt/image/PixelInterleavedSampleModel done
Event: 3.620 loading class sun/awt/image/ByteInterleavedRaster
Event: 3.620 loading class sun/awt/image/ByteComponentRaster
Event: 3.621 loading class sun/awt/image/ByteComponentRaster done
Event: 3.621 loading class sun/awt/image/ByteInterleavedRaster done
Event: 3.635 loading class org/bytedeco/javacpp/Pointer$2
Event: 3.635 loading class org/bytedeco/javacpp/Pointer$2 done


Dynamic libraries:
0x00007ff722950000 - 0x00007ff722987000 	C:\Program Files\Java\jdk1.8.0_91\bin\java.exe
0x00007ffcedb30000 - 0x00007ffcedd0b000 	C:\WINDOWS\SYSTEM32\ntdll.dll
0x00007ffced640000 - 0x00007ffced6ee000 	C:\WINDOWS\System32\KERNEL32.DLL
0x00007ffceae40000 - 0x00007ffceb089000 	C:\WINDOWS\System32\KERNELBASE.dll
0x00007ffceb920000 - 0x00007ffceb9c1000 	C:\WINDOWS\System32\ADVAPI32.dll
0x00007ffced2e0000 - 0x00007ffced37d000 	C:\WINDOWS\System32\msvcrt.dll
0x00007ffceb860000 - 0x00007ffceb8b9000 	C:\WINDOWS\System32\sechost.dll
0x00007ffced030000 - 0x00007ffced155000 	C:\WINDOWS\System32\RPCRT4.dll
0x00007ffceb5b0000 - 0x00007ffceb6fa000 	C:\WINDOWS\System32\USER32.dll
0x00007ffceac90000 - 0x00007ffceacae000 	C:\WINDOWS\System32\win32u.dll
0x00007ffceb820000 - 0x00007ffceb847000 	C:\WINDOWS\System32\GDI32.dll
0x00007ffceacb0000 - 0x00007ffceae37000 	C:\WINDOWS\System32\gdi32full.dll
0x00007ffcea050000 - 0x00007ffcea0ea000 	C:\WINDOWS\System32\msvcp_win.dll
0x00007ffcea1a0000 - 0x00007ffcea296000 	C:\WINDOWS\System32\ucrtbase.dll
0x00007ffcd8460000 - 0x00007ffcd86c7000 	C:\WINDOWS\WinSxS\amd64_microsoft.windows.common-controls_6595b64144ccf1df_6.0.15063.483_none_26002d27e7c744a2\COMCTL32.dll
0x00007ffceb110000 - 0x00007ffceb409000 	C:\WINDOWS\System32\combase.dll
0x00007ffceaa50000 - 0x00007ffceaaba000 	C:\WINDOWS\System32\bcryptPrimitives.dll
0x00007ffced380000 - 0x00007ffced3ad000 	C:\WINDOWS\System32\IMM32.DLL
0x0000000076fd0000 - 0x00000000770a2000 	C:\Program Files\Java\jdk1.8.0_91\jre\bin\msvcr100.dll
0x00000000753c0000 - 0x0000000075c53000 	C:\Program Files\Java\jdk1.8.0_91\jre\bin\server\jvm.dll
0x00007ffceb090000 - 0x00007ffceb098000 	C:\WINDOWS\System32\PSAPI.DLL
0x00007ffce5240000 - 0x00007ffce5249000 	C:\WINDOWS\SYSTEM32\WSOCK32.dll
0x00007ffce8520000 - 0x00007ffce8543000 	C:\WINDOWS\SYSTEM32\WINMM.dll
0x00007ffceb0a0000 - 0x00007ffceb10c000 	C:\WINDOWS\System32\WS2_32.dll
0x00007ffcde190000 - 0x00007ffcde19a000 	C:\WINDOWS\SYSTEM32\VERSION.dll
0x00007ffce84c0000 - 0x00007ffce84eb000 	C:\WINDOWS\SYSTEM32\WINMMBASE.dll
0x00007ffcea300000 - 0x00007ffcea349000 	C:\WINDOWS\System32\cfgmgr32.dll
0x0000000076fc0000 - 0x0000000076fcf000 	C:\Program Files\Java\jdk1.8.0_91\jre\bin\verify.dll
0x0000000075350000 - 0x0000000075379000 	C:\Program Files\Java\jdk1.8.0_91\jre\bin\java.dll
0x0000000076fa0000 - 0x0000000076fb6000 	C:\Program Files\Java\jdk1.8.0_91\jre\bin\zip.dll
0x00007ffceb9d0000 - 0x00007ffcece06000 	C:\WINDOWS\System32\SHELL32.dll
0x00007ffcecf20000 - 0x00007ffcecfca000 	C:\WINDOWS\System32\shcore.dll
0x00007ffcea350000 - 0x00007ffceaa41000 	C:\WINDOWS\System32\windows.storage.dll
0x00007ffced3b0000 - 0x00007ffced401000 	C:\WINDOWS\System32\shlwapi.dll
0x00007ffcea010000 - 0x00007ffcea021000 	C:\WINDOWS\System32\kernel.appcore.dll
0x00007ffce9fc0000 - 0x00007ffcea00c000 	C:\WINDOWS\System32\powrprof.dll
0x00007ffce9fa0000 - 0x00007ffce9fb5000 	C:\WINDOWS\System32\profapi.dll
0x0000000075170000 - 0x0000000075308000 	C:\Program Files\Java\jdk1.8.0_91\jre\bin\awt.dll
0x00007ffced410000 - 0x00007ffced4d0000 	C:\WINDOWS\System32\OLEAUT32.dll
0x00007ffce8740000 - 0x00007ffce87be000 	C:\WINDOWS\SYSTEM32\apphelp.dll
0x00007ffce8a10000 - 0x00007ffce8aa5000 	C:\WINDOWS\system32\uxtheme.dll
0x00007ffced170000 - 0x00007ffced2d6000 	C:\WINDOWS\System32\MSCTF.dll
0x00007ffce7020000 - 0x00007ffce704a000 	C:\WINDOWS\system32\dwmapi.dll
0x00007ffced4d0000 - 0x00007ffced615000 	C:\WINDOWS\System32\ole32.dll
0x0000000075120000 - 0x0000000075167000 	C:\Program Files\Java\jdk1.8.0_91\jre\bin\fontmanager.dll
0x00007ffccb160000 - 0x00007ffccb24f000 	C:\Users\Joao_\.javacpp\cache\opencv-windows-x86_64.jar\org\bytedeco\javacpp\windows-x86_64\msvcr120.dll
0x00007ffccc600000 - 0x00007ffccc6a6000 	C:\Users\Joao_\.javacpp\cache\opencv-windows-x86_64.jar\org\bytedeco\javacpp\windows-x86_64\msvcp120.dll
0x00007ffccab20000 - 0x00007ffccad9a000 	C:\Users\Joao_\.javacpp\cache\opencv-windows-x86_64.jar\org\bytedeco\javacpp\windows-x86_64\opencv_core310.dll
0x00007ffcba7c0000 - 0x00007ffcbab02000 	C:\Users\Joao_\.javacpp\cache\opencv-windows-x86_64.jar\org\bytedeco\javacpp\windows-x86_64\opencv_imgproc310.dll
0x00007ffcb62b0000 - 0x00007ffcb64d7000 	C:\Users\Joao_\.javacpp\cache\opencv-windows-x86_64.jar\org\bytedeco\javacpp\windows-x86_64\jniopencv_core.dll
0x0000000075330000 - 0x000000007534a000 	C:\Program Files\Java\jdk1.8.0_91\jre\bin\net.dll
0x00007ffce9850000 - 0x00007ffce98ac000 	C:\WINDOWS\system32\mswsock.dll
0x0000000075310000 - 0x0000000075321000 	C:\Program Files\Java\jdk1.8.0_91\jre\bin\nio.dll
0x00007ffcc55d0000 - 0x00007ffcc56bd000 	C:\Users\Joao_\.javacpp\cache\opencv-windows-x86_64.jar\org\bytedeco\javacpp\windows-x86_64\jniopencv_imgproc.dll
0x00007ffcb5750000 - 0x00007ffcb5a19000 	C:\Users\Joao_\.javacpp\cache\opencv-windows-x86_64.jar\org\bytedeco\javacpp\windows-x86_64\opencv_imgcodecs310.dll
0x00007ffcdef80000 - 0x00007ffcdefa5000 	C:\Users\Joao_\.javacpp\cache\opencv-windows-x86_64.jar\org\bytedeco\javacpp\windows-x86_64\jniopencv_imgcodecs.dll
0x00007ffcdc3e0000 - 0x00007ffcdc433000 	C:\Users\Joao_\.javacpp\cache\opencv-windows-x86_64.jar\org\bytedeco\javacpp\windows-x86_64\opencv_videoio310.dll
0x00007ffcdeef0000 - 0x00007ffcdef19000 	C:\WINDOWS\SYSTEM32\MSVFW32.dll
0x00007ffcdf1e0000 - 0x00007ffcdf1ff000 	C:\WINDOWS\SYSTEM32\AVIFIL32.dll
0x00007ffcdeed0000 - 0x00007ffcdeee8000 	C:\WINDOWS\SYSTEM32\AVICAP32.dll
0x00007ffcd5d40000 - 0x00007ffcd5d5c000 	C:\WINDOWS\SYSTEM32\MSACM32.dll
0x00007ffcdd900000 - 0x00007ffcdd917000 	C:\Users\Joao_\.javacpp\cache\opencv-windows-x86_64.jar\org\bytedeco\javacpp\windows-x86_64\jniopencv_videoio.dll
0x00007ffcdc3b0000 - 0x00007ffcdc3dc000 	C:\Users\Joao_\.javacpp\cache\opencv-windows-x86_64.jar\org\bytedeco\javacpp\windows-x86_64\opencv_highgui310.dll
0x00007ffcece10000 - 0x00007ffcecf18000 	C:\WINDOWS\System32\COMDLG32.dll
0x00007ffcda550000 - 0x00007ffcda585000 	C:\Users\Joao_\.javacpp\cache\opencv-windows-x86_64.jar\org\bytedeco\javacpp\windows-x86_64\jniopencv_highgui.dll
0x00007ffccb090000 - 0x00007ffccb15d000 	C:\Users\Joao_\.javacpp\cache\opencv-windows-x86_64.jar\org\bytedeco\javacpp\windows-x86_64\opencv_ml310.dll
0x00007ffcda280000 - 0x00007ffcda2bf000 	C:\Users\Joao_\.javacpp\cache\opencv-windows-x86_64.jar\org\bytedeco\javacpp\windows-x86_64\jniopencv_ml.dll
0x00007ffccaa80000 - 0x00007ffccab16000 	C:\Users\Joao_\.javacpp\cache\opencv-windows-x86_64.jar\org\bytedeco\javacpp\windows-x86_64\opencv_objdetect310.dll
0x00007ffcd2130000 - 0x00007ffcd2184000 	C:\Users\Joao_\.javacpp\cache\opencv-windows-x86_64.jar\org\bytedeco\javacpp\windows-x86_64\jniopencv_objdetect.dll
0x00007ffcc92b0000 - 0x00007ffcc92f6000 	C:\Users\Joao_\.javacpp\cache\opencv-windows-x86_64.jar\org\bytedeco\javacpp\windows-x86_64\opencv_face310.dll
0x00007ffcdd650000 - 0x00007ffcdd66a000 	C:\Users\Joao_\.javacpp\cache\opencv-windows-x86_64.jar\org\bytedeco\javacpp\windows-x86_64\jniopencv_face.dll
0x00007ffcd8390000 - 0x00007ffcd83b6000 	C:\Users\Joao_\.javacpp\cache\videoinput-windows-x86_64.jar\org\bytedeco\javacpp\windows-x86_64\jnivideoInputLib.dll
0x00000000750d0000 - 0x0000000075112000 	C:\Program Files\Java\jdk1.8.0_91\jre\bin\t2k.dll
0x0000000075040000 - 0x0000000075055000 	C:\Users\Joao_\.javacpp\cache\libfreenect-windows-x86_64.jar\org\bytedeco\javacpp\windows-x86_64\libusb0.dll
0x00007ffced6f0000 - 0x00007ffcedb2b000 	C:\WINDOWS\System32\SETUPAPI.dll
0x00007ffcc9040000 - 0x00007ffcc9074000 	C:\Users\Joao_\.javacpp\cache\libfreenect-windows-x86_64.jar\org\bytedeco\javacpp\windows-x86_64\freenect.dll
0x00007ffcdd520000 - 0x00007ffcdd539000 	C:\Users\Joao_\.javacpp\cache\libfreenect-windows-x86_64.jar\org\bytedeco\javacpp\windows-x86_64\pthreadVC2.dll
0x00007ffceb700000 - 0x00007ffceb79e000 	C:\WINDOWS\System32\clbcatq.dll
0x00007ffccfc90000 - 0x00007ffccfcb4000 	C:\Users\Joao_\.javacpp\cache\libfreenect-windows-x86_64.jar\org\bytedeco\javacpp\windows-x86_64\jnifreenect.dll
0x00007ffce3bd0000 - 0x00007ffce3d7c000 	C:\WINDOWS\SYSTEM32\WindowsCodecs.dll
0x00007ffcd4f90000 - 0x00007ffcd4fd7000 	C:\WINDOWS\system32\dataexchange.dll
0x00007ffce7780000 - 0x00007ffce7a5f000 	C:\WINDOWS\system32\d3d11.dll
0x00007ffce8100000 - 0x00007ffce8222000 	C:\WINDOWS\system32\dcomp.dll
0x00007ffce8f20000 - 0x00007ffce8fc4000 	C:\WINDOWS\system32\dxgi.dll
0x00007ffce88a0000 - 0x00007ffce8a10000 	C:\WINDOWS\system32\twinapi.appcore.dll
0x00007ffce9ea0000 - 0x00007ffce9ec5000 	C:\WINDOWS\system32\bcrypt.dll
0x00007ffce2780000 - 0x00007ffce2802000 	C:\WINDOWS\System32\TextInputFramework.dll
0x00007ffce2910000 - 0x00007ffce2be2000 	C:\WINDOWS\System32\CoreUIComponents.dll
0x00007ffce8010000 - 0x00007ffce80f3000 	C:\WINDOWS\System32\CoreMessaging.dll
0x00007ffce91b0000 - 0x00007ffce91e1000 	C:\WINDOWS\SYSTEM32\ntmarta.dll
0x00007ffce6030000 - 0x00007ffce6169000 	C:\WINDOWS\SYSTEM32\wintypes.dll
0x00007ffce6cc0000 - 0x00007ffce6cd5000 	C:\WINDOWS\SYSTEM32\usermgrcli.dll
0x00007ffcdb570000 - 0x00007ffcdb587000 	C:\Windows\System32\devenum.dll
0x00007ffce8bc0000 - 0x00007ffce8be8000 	C:\WINDOWS\SYSTEM32\DEVOBJ.dll
0x00007ffcea2a0000 - 0x00007ffcea2f6000 	C:\WINDOWS\System32\WINTRUST.dll
0x00007ffcea030000 - 0x00007ffcea041000 	C:\WINDOWS\System32\MSASN1.dll
0x00007ffceaac0000 - 0x00007ffceac89000 	C:\WINDOWS\System32\CRYPT32.dll
0x00007ffce5e90000 - 0x00007ffce5e9b000 	C:\WINDOWS\SYSTEM32\msdmo.dll
0x00007ffcc8c20000 - 0x00007ffcc8c52000 	C:\Windows\System32\qcap.dll
0x00007ffcbbbc0000 - 0x00007ffcbbd7c000 	C:\Windows\System32\quartz.dll
0x0000000075090000 - 0x00000000750ba000 	C:\Program Files\Java\jdk1.8.0_91\jre\bin\dcpr.dll
0x00007ffcc7490000 - 0x00007ffcc74dd000 	C:\Windows\System32\mfksproxy.dll
0x00007ffcd91b0000 - 0x00007ffcd91cc000 	C:\Windows\System32\ATL.DLL
0x00007ffcdb170000 - 0x00007ffcdb1a2000 	C:\Windows\System32\MFSENSORGROUP.dll
0x00007ffcd78c0000 - 0x00007ffcd7a60000 	C:\Windows\System32\MFPlat.DLL
0x00007ffcd3990000 - 0x00007ffcd39c2000 	C:\Windows\System32\RTWorkQ.DLL
0x00007ffcc6a70000 - 0x00007ffcc6ab8000 	C:\Windows\System32\ksproxy.ax
0x00007ffce7320000 - 0x00007ffce7329000 	C:\Windows\System32\ksuser.dll
0x00007ffcbfe30000 - 0x00007ffcbffb9000 	C:\Windows\System32\d3d9.dll
0x00007ffce5db0000 - 0x00007ffce5e27000 	C:\WINDOWS\SYSTEM32\policymanager.dll
0x00007ffce5d20000 - 0x00007ffce5daf000 	C:\Windows\System32\msvcp110_win.dll
0x00007ffce6940000 - 0x00007ffce694c000 	C:\Windows\System32\vidcap.ax
0x00007ffccc5d0000 - 0x00007ffccc5f6000 	C:\Windows\System32\kswdmcap.ax
0x00007ffcb6140000 - 0x00007ffcb62a4000 	C:\Windows\System32\MFC42.dll
0x00007ffcc4ae0000 - 0x00007ffcc4b7f000 	C:\Windows\System32\qedit.dll
0x00007ffce2240000 - 0x00007ffce23d5000 	C:\WINDOWS\WinSxS\amd64_microsoft.windows.gdiplus_6595b64144ccf1df_1.1.15063.608_none_56f0266b425534e9\gdiplus.dll
0x00007ffcbed90000 - 0x00007ffcbee86000 	C:\Windows\System32\DDRAW.dll
0x00007ffce45b0000 - 0x00007ffce45b8000 	C:\Windows\System32\DCIMAN32.dll
0x00007ffcb3de0000 - 0x00007ffcb3ff7000 	C:\Program Files (x86)\K-Lite Codec Pack\Filters\DirectVobSub64\vsfilter.dll
0x00007ffcd8880000 - 0x00007ffcd88eb000 	C:\WINDOWS\SYSTEM32\OLEACC.dll
0x00007ffcd8970000 - 0x00007ffcd8c9e000 	C:\WINDOWS\SYSTEM32\WININET.dll
0x00007ffcd9580000 - 0x00007ffcd960a000 	C:\WINDOWS\SYSTEM32\WINSPOOL.DRV
0x00007ffce2520000 - 0x00007ffce252c000 	C:\WINDOWS\SYSTEM32\msyuv.dll
0x00007ffcde610000 - 0x00007ffcde7b9000 	C:\WINDOWS\SYSTEM32\dbghelp.dll

VM Arguments:
jvm_args: -Dfile.encoding=UTF-8 -Djava.library.path=C:\opencv\build\java\x64 
java_command: main.main
java_class_path (initial): C:\Users\Joao_\Downloads\javacpp-1.3-bin\javacpp-bin\javacpp.jar;C:\Users\Joao_\Downloads\javacv-platform-1.3-bin\javacv-bin\opencv-windows-x86_64.jar;C:\Users\Joao_\Downloads\javacv-platform-1.3-bin\javacv-bin\videoinput-windows-x86_64.jar;C:\Users\Joao_\Downloads\javacv-platform-1.3-bin\javacv-bin\artoolkitplus-windows-x86_64.jar;C:\Users\Joao_\Downloads\javacv-platform-1.3-bin\javacv-bin\ffmpeg-windows-x86_64.jar;C:\Users\Joao_\Downloads\javacv-platform-1.3-bin\javacv-bin\flandmark-windows-x86_64.jar;C:\Users\Joao_\Downloads\javacv-platform-1.3-bin\javacv-bin\flycapture-windows-x86_64.jar;C:\Users\Joao_\Downloads\javacv-platform-1.3-bin\javacv-bin\javacv-platform.jar;C:\Users\Joao_\Downloads\javacv-platform-1.3-bin\javacv-bin\javacv.jar;C:\Users\Joao_\Downloads\javacv-platform-1.3-bin\javacv-bin\libdc1394-windows-x86_64.jar;C:\Users\Joao_\Downloads\javacv-platform-1.3-bin\javacv-bin\libfreenect-platform.jar;C:\Users\Joao_\Downloads\javacv-platform-1.3-bin\javacv-bin\libfreenect-windows-x86_64.jar;C:\Users\Joao_\Downloads\javacv-platform-1.3-bin\javacv-bin\librealsense-platform.jar;C:\Users\Joao_\Downloads\javacv-platform-1.3-bin\javacv-bin\librealsense.jar;C:\Users\Joao_\Downloads\javacv-platform-1.3-bin\javacv-bin\opencv.jar;C:\Users\Joao_\Downloads\javacv-platform-1.3-bin\javacv-bin\videoinput.jar;C:\TCC.UniSecurity\build\classes
Launcher Type: SUN_STANDARD

Environment Variables:
PATH=C:\ProgramData\Oracle\Java\javapath;C:\WINDOWS\system32;C:\WINDOWS;C:\WINDOWS\System32\Wbem;C:\WINDOWS\System32\WindowsPowerShell\v1.0\;C:\Program Files (x86)\Skype\Phone\;C:\Program Files\Microsoft SQL Server\120\DTS\Binn\;C:\Program Files\Microsoft SQL Server\Client SDK\ODBC\110\Tools\Binn\;C:\Program Files (x86)\Microsoft SQL Server\120\Tools\Binn\;C:\Program Files\Microsoft SQL Server\120\Tools\Binn\;C:\Program Files (x86)\Microsoft SQL Server\120\Tools\Binn\ManagementStudio\;C:\Program Files (x86)\Microsoft SQL Server\120\DTS\Binn\;C:\Program Files\CMake\bin;C:\opencv\build\x64\vc14\bin;C:\Users\Joao_\AppData\Local\Programs\Python\Python37\Scripts\;C:\Users\Joao_\AppData\Local\Programs\Python\Python37\;C:\Users\Joao_\AppData\Local\Microsoft\WindowsApps;
USERNAME=Joao_
OS=Windows_NT
PROCESSOR_IDENTIFIER=Intel64 Family 6 Model 58 Stepping 9, GenuineIntel



---------------  S Y S T E M  ---------------

OS: Windows 10.0 , 64 bit Build 15063 (10.0.15063.296)

CPU:total 4 (2 cores per cpu, 2 threads per core) family 6 model 58 stepping 9, cmov, cx8, fxsr, mmx, sse, sse2, sse3, ssse3, sse4.1, sse4.2, popcnt, avx, aes, clmul, erms, ht, tsc, tscinvbit, tscinv

Memory: 4k page, physical 4092772k(1040608k free), swap 5534564k(1120580k free)

vm_info: Java HotSpot(TM) 64-Bit Server VM (25.91-b14) for windows-amd64 JRE (1.8.0_91-b14), built on Apr  1 2016 00:58:32 by "java_re" with MS VC++ 10.0 (VS2010)

time: Thu Oct 19 19:39:46 2017
elapsed time: 3 seconds (0d 0h 0m 3s)

