#
# A fatal error has been detected by the Java Runtime Environment:
#
#  EXCEPTION_ACCESS_VIOLATION (0xc0000005) at pc=0x00007ff951c1b907, pid=7696, tid=6856
#
# JRE version: Java(TM) SE Runtime Environment (8.0_91-b14) (build 1.8.0_91-b14)
# Java VM: Java HotSpot(TM) 64-Bit Server VM (25.91-b14 mixed mode windows-amd64 compressed oops)
# Problematic frame:
# C  [opencv_face310.dll+0x1b907]
#
# Failed to write core dump. Minidumps are not enabled by default on client versions of Windows
#
# If you would like to submit a bug report, please visit:
#   http://bugreport.java.com/bugreport/crash.jsp
# The crash happened outside the Java Virtual Machine in native code.
# See problematic frame for where to report the bug.
#

---------------  T H R E A D  ---------------

Current thread (0x00000000188cc000):  JavaThread "pool-1-thread-1" [_thread_in_native, id=6856, stack(0x000000002e8c0000,0x000000002e9c0000)]

siginfo: ExceptionCode=0xc0000005, reading address 0x000000001a839000

Registers:
RAX=0x000000002e9be790, RBX=0x0000000000000138, RCX=0x000000001a838fff, RDX=0x000000001a838fff
RSP=0x000000002e9be6b0, RBP=0x000000002e9be7b0, RSI=0x000000000000005c, RDI=0x000000000000004f
R8 =0x000000001a838880, R9 =0x000000000000005c, R10=0x000000000000004f, R11=0x0000000000000014
R12=0xffffffffffffffff, R13=0x0000000000000001, R14=0x0000000000000001, R15=0x0000000000000000
RIP=0x00007ff951c1b907, EFLAGS=0x0000000000010206

Top of Stack: (sp=0x000000002e9be6b0)
0x000000002e9be6b0:   0000000080000000 000000002e9be7a0
0x000000002e9be6c0:   0000000000000008 000000002e9be970
0x000000002e9be6d0:   00000000ffffffff 0000000000000000
0x000000002e9be6e0:   0000000000000000 0000000001010101
0x000000002e9be6f0:   0000000100000014 0000000000000008
0x000000002e9be700:   0000000000000000 0000000000000000
0x000000002e9be710:   0000000000000000 00000000c1020006
0x000000002e9be720:   000000002e9be708 0000000100000001
0x000000002e9be730:   fffffffffffffffe 0000000000000000
0x000000002e9be740:   0000000242ff4000 0000005c00000070
0x000000002e9be750:   000000001a838880 000000001a838880
0x000000002e9be760:   000000001a83b0c0 000000001a83b0c0
0x000000002e9be770:   0000000000000000 0000000000000000
0x000000002e9be780:   000000002e9be748 000000002e9be790
0x000000002e9be790:   000000000000005c 0000000000000001
0x000000002e9be7a0:   0000000242ff4004 0000005a0000006e 

Instructions: (pc=0x00007ff951c1b907)
0x00007ff951c1b8e7:   08 4b 8d 0c 03 49 0f af c9 4c 8b 45 a0 49 03 c8
0x00007ff951c1b8f7:   49 03 ca 49 8b d3 49 0f af d1 49 03 d0 49 03 d2
0x00007ff951c1b907:   41 0f b6 44 0d 00 66 0f 6e d0 0f 5b d2 f3 0f 59
0x00007ff951c1b917:   d3 48 63 44 24 44 48 8b f0 0f b6 04 08 66 0f 6e 


Register to memory mapping:

RAX=0x000000002e9be790 is pointing into the stack for thread: 0x00000000188cc000
RBX=0x0000000000000138 is an unknown value
RCX=0x000000001a838fff is an unknown value
RDX=0x000000001a838fff is an unknown value
RSP=0x000000002e9be6b0 is pointing into the stack for thread: 0x00000000188cc000
RBP=0x000000002e9be7b0 is pointing into the stack for thread: 0x00000000188cc000
RSI=0x000000000000005c is an unknown value
RDI=0x000000000000004f is an unknown value
R8 =0x000000001a838880 is an unknown value
R9 =0x000000000000005c is an unknown value
R10=0x000000000000004f is an unknown value
R11=0x0000000000000014 is an unknown value
R12=0xffffffffffffffff is an unknown value
R13=0x0000000000000001 is an unknown value
R14=0x0000000000000001 is an unknown value
R15=0x0000000000000000 is an unknown value


Stack: [0x000000002e8c0000,0x000000002e9c0000],  sp=0x000000002e9be6b0,  free space=1017k
Native frames: (J=compiled Java code, j=interpreted, Vv=VM code, C=native code)
C  [opencv_face310.dll+0x1b907]
C  [opencv_face310.dll+0x1e2ba]
C  [opencv_face310.dll+0x1e235]
C  [opencv_face310.dll+0x20a6b]
C  [jniopencv_face.dll+0x7b42]
C  0x0000000002d27f54

Java frames: (J=compiled Java code, j=interpreted, Vv=VM code)
j  org.bytedeco.javacpp.opencv_face$FaceRecognizer.train(Lorg/bytedeco/javacpp/opencv_core$MatVector;Lorg/bytedeco/javacpp/opencv_core$Mat;)V+0
j  processing.LBPHFaceRecognizer.retrainAll()V+237
j  processing.LBPHFaceRecognizer.saveNewFace(Ljava/lang/String;[Lorg/bytedeco/javacpp/opencv_core$IplImage;)Z+149
j  processing.FacePanel$2.run()V+52
j  java.util.concurrent.ThreadPoolExecutor.runWorker(Ljava/util/concurrent/ThreadPoolExecutor$Worker;)V+95
j  java.util.concurrent.ThreadPoolExecutor$Worker.run()V+5
j  java.lang.Thread.run()V+11
v  ~StubRoutines::call_stub

---------------  P R O C E S S  ---------------

Java Threads: ( => current thread )
=>0x00000000188cc000 JavaThread "pool-1-thread-1" [_thread_in_native, id=6856, stack(0x000000002e8c0000,0x000000002e9c0000)]
  0x0000000017852800 JavaThread "TimerQueue" daemon [_thread_blocked, id=4616, stack(0x000000002c960000,0x000000002ca60000)]
  0x000000001773a800 JavaThread "Thread-1" [_thread_blocked, id=1532, stack(0x000000001a9b0000,0x000000001aab0000)]
  0x0000000002d0d800 JavaThread "DestroyJavaVM" [_thread_blocked, id=5264, stack(0x0000000002a30000,0x0000000002b30000)]
  0x00000000176af000 JavaThread "AWT-EventQueue-0" [_thread_in_Java, id=10696, stack(0x00000000197b0000,0x00000000198b0000)]
  0x000000001782a000 JavaThread "JavaCPP Deallocator" daemon [_thread_blocked, id=9660, stack(0x00000000195b0000,0x00000000196b0000)]
  0x0000000017452000 JavaThread "AWT-Windows" daemon [_thread_in_native, id=6052, stack(0x0000000017d80000,0x0000000017e80000)]
  0x000000001744f800 JavaThread "AWT-Shutdown" [_thread_blocked, id=7628, stack(0x0000000017c80000,0x0000000017d80000)]
  0x000000001744e800 JavaThread "Java2D Disposer" daemon [_thread_blocked, id=5600, stack(0x0000000017b80000,0x0000000017c80000)]
  0x0000000016c88800 JavaThread "Service Thread" daemon [_thread_blocked, id=11856, stack(0x0000000017050000,0x0000000017150000)]
  0x00000000152fc000 JavaThread "C1 CompilerThread2" daemon [_thread_in_native, id=1432, stack(0x0000000016b50000,0x0000000016c50000)]
  0x00000000152f9000 JavaThread "C2 CompilerThread1" daemon [_thread_blocked, id=3100, stack(0x0000000016a50000,0x0000000016b50000)]
  0x0000000015308800 JavaThread "C2 CompilerThread0" daemon [_thread_blocked, id=2628, stack(0x0000000016950000,0x0000000016a50000)]
  0x0000000015307800 JavaThread "Attach Listener" daemon [_thread_blocked, id=7188, stack(0x0000000016850000,0x0000000016950000)]
  0x0000000015306000 JavaThread "Signal Dispatcher" daemon [_thread_blocked, id=11412, stack(0x0000000016750000,0x0000000016850000)]
  0x00000000152ea800 JavaThread "Finalizer" daemon [_thread_blocked, id=9164, stack(0x0000000016560000,0x0000000016660000)]
  0x00000000152c9000 JavaThread "Reference Handler" daemon [_thread_blocked, id=9012, stack(0x0000000016460000,0x0000000016560000)]

Other Threads:
  0x00000000152c7800 VMThread [stack: 0x0000000016360000,0x0000000016460000] [id=5732]
  0x0000000016ca4000 WatcherThread [stack: 0x0000000017150000,0x0000000017250000] [id=10428]

VM state:not at safepoint (normal execution)

VM Mutex/Monitor currently owned by a thread: None

Heap:
 PSYoungGen      total 23552K, used 2718K [0x00000000eb300000, 0x00000000ed100000, 0x0000000100000000)
  eden space 16384K, 13% used [0x00000000eb300000,0x00000000eb5378b0,0x00000000ec300000)
  from space 7168K, 6% used [0x00000000ec300000,0x00000000ec370000,0x00000000eca00000)
  to   space 7168K, 0% used [0x00000000eca00000,0x00000000eca00000,0x00000000ed100000)
 ParOldGen       total 44032K, used 7656K [0x00000000c1800000, 0x00000000c4300000, 0x00000000eb300000)
  object space 44032K, 17% used [0x00000000c1800000,0x00000000c1f7a3c0,0x00000000c4300000)
 Metaspace       used 16158K, capacity 16390K, committed 16640K, reserved 1064960K
  class space    used 1954K, capacity 2028K, committed 2048K, reserved 1048576K

Card table byte_map: [0x00000000120d0000,0x00000000122d0000] byte_map_base: 0x0000000011ac4000

Marking Bits: (ParMarkBitMap*) 0x0000000058262f70
 Begin Bits: [0x0000000012820000, 0x00000000137c0000)
 End Bits:   [0x00000000137c0000, 0x0000000014760000)

Polling page: 0x0000000002b30000

CodeCache: size=245760Kb used=5373Kb max_used=5373Kb free=240386Kb
 bounds [0x0000000002d10000, 0x0000000003260000, 0x0000000011d10000]
 total_blobs=2193 nmethods=1565 adapters=540
 compilation: enabled

Compilation events (10 events):
Event: 11.577 Thread 0x00000000152fc000 1555       3       org.bytedeco.javacpp.helper.opencv_core$AbstractMat::<init> (6 bytes)
Event: 11.577 Thread 0x00000000152fc000 nmethod 1555 0x000000000324d6d0 code [0x000000000324d840, 0x000000000324da28]
Event: 11.580 Thread 0x00000000152fc000 1557   !   3       java.lang.StringCoding::encode (64 bytes)
Event: 11.581 Thread 0x00000000152fc000 nmethod 1557 0x000000000324e250 code [0x000000000324e4c0, 0x000000000324f1c8]
Event: 11.581 Thread 0x00000000152fc000 1561       3       org.bytedeco.javacpp.helper.opencv_core$AbstractCvMat::getIntBuffer (42 bytes)
Event: 11.582 Thread 0x00000000152fc000 nmethod 1561 0x000000000324f850 code [0x000000000324fa20, 0x00000000032502a8]
Event: 11.582 Thread 0x00000000152fc000 1558       3       java.nio.DirectIntBufferU::put (18 bytes)
Event: 11.582 Thread 0x00000000152fc000 nmethod 1558 0x0000000003250590 code [0x0000000003250700, 0x0000000003250970]
Event: 11.582 Thread 0x00000000152fc000 1559       3       java.nio.DirectIntBufferU::ix (10 bytes)
Event: 11.582 Thread 0x00000000152fc000 nmethod 1559 0x0000000003250a90 code [0x0000000003250be0, 0x0000000003250d50]

GC Heap History (10 events):
Event: 5.116 GC heap before
{Heap before GC invocations=3 (full 0):
 PSYoungGen      total 18944K, used 18013K [0x00000000eb300000, 0x00000000ec800000, 0x0000000100000000)
  eden space 16384K, 94% used [0x00000000eb300000,0x00000000ec21f650,0x00000000ec300000)
  from space 2560K, 98% used [0x00000000ec580000,0x00000000ec7f8020,0x00000000ec800000)
  to   space 2560K, 0% used [0x00000000ec300000,0x00000000ec300000,0x00000000ec580000)
 ParOldGen       total 44032K, used 5074K [0x00000000c1800000, 0x00000000c4300000, 0x00000000eb300000)
  object space 44032K, 11% used [0x00000000c1800000,0x00000000c1cf4a40,0x00000000c4300000)
 Metaspace       used 15554K, capacity 15746K, committed 16128K, reserved 1062912K
  class space    used 1901K, capacity 1964K, committed 2048K, reserved 1048576K
Event: 5.124 GC heap after
Heap after GC invocations=3 (full 0):
 PSYoungGen      total 18944K, used 2544K [0x00000000eb300000, 0x00000000ec800000, 0x0000000100000000)
  eden space 16384K, 0% used [0x00000000eb300000,0x00000000eb300000,0x00000000ec300000)
  from space 2560K, 99% used [0x00000000ec300000,0x00000000ec57c010,0x00000000ec580000)
  to   space 2560K, 0% used [0x00000000ec580000,0x00000000ec580000,0x00000000ec800000)
 ParOldGen       total 44032K, used 5173K [0x00000000c1800000, 0x00000000c4300000, 0x00000000eb300000)
  object space 44032K, 11% used [0x00000000c1800000,0x00000000c1d0d4d0,0x00000000c4300000)
 Metaspace       used 15554K, capacity 15746K, committed 16128K, reserved 1062912K
  class space    used 1901K, capacity 1964K, committed 2048K, reserved 1048576K
}
Event: 6.721 GC heap before
{Heap before GC invocations=4 (full 0):
 PSYoungGen      total 18944K, used 18584K [0x00000000eb300000, 0x00000000ec800000, 0x0000000100000000)
  eden space 16384K, 97% used [0x00000000eb300000,0x00000000ec2aa060,0x00000000ec300000)
  from space 2560K, 99% used [0x00000000ec300000,0x00000000ec57c010,0x00000000ec580000)
  to   space 2560K, 0% used [0x00000000ec580000,0x00000000ec580000,0x00000000ec800000)
 ParOldGen       total 44032K, used 5173K [0x00000000c1800000, 0x00000000c4300000, 0x00000000eb300000)
  object space 44032K, 11% used [0x00000000c1800000,0x00000000c1d0d4d0,0x00000000c4300000)
 Metaspace       used 15763K, capacity 15970K, committed 16128K, reserved 1062912K
  class space    used 1919K, capacity 1996K, committed 2048K, reserved 1048576K
Event: 6.728 GC heap after
Heap after GC invocations=4 (full 0):
 PSYoungGen      total 18944K, used 2544K [0x00000000eb300000, 0x00000000ec800000, 0x0000000100000000)
  eden space 16384K, 0% used [0x00000000eb300000,0x00000000eb300000,0x00000000ec300000)
  from space 2560K, 99% used [0x00000000ec580000,0x00000000ec7fc010,0x00000000ec800000)
  to   space 2560K, 0% used [0x00000000ec300000,0x00000000ec300000,0x00000000ec580000)
 ParOldGen       total 44032K, used 5253K [0x00000000c1800000, 0x00000000c4300000, 0x00000000eb300000)
  object space 44032K, 11% used [0x00000000c1800000,0x00000000c1d214d0,0x00000000c4300000)
 Metaspace       used 15763K, capacity 15970K, committed 16128K, reserved 1062912K
  class space    used 1919K, capacity 1996K, committed 2048K, reserved 1048576K
}
Event: 8.325 GC heap before
{Heap before GC invocations=5 (full 0):
 PSYoungGen      total 18944K, used 18376K [0x00000000eb300000, 0x00000000ec800000, 0x0000000100000000)
  eden space 16384K, 96% used [0x00000000eb300000,0x00000000ec2760c8,0x00000000ec300000)
  from space 2560K, 99% used [0x00000000ec580000,0x00000000ec7fc010,0x00000000ec800000)
  to   space 2560K, 0% used [0x00000000ec300000,0x00000000ec300000,0x00000000ec580000)
 ParOldGen       total 44032K, used 5253K [0x00000000c1800000, 0x00000000c4300000, 0x00000000eb300000)
  object space 44032K, 11% used [0x00000000c1800000,0x00000000c1d214d0,0x00000000c4300000)
 Metaspace       used 15901K, capacity 16134K, committed 16384K, reserved 1062912K
  class space    used 1943K, capacity 2028K, committed 2048K, reserved 1048576K
Event: 8.332 GC heap after
Heap after GC invocations=5 (full 0):
 PSYoungGen      total 18944K, used 2560K [0x00000000eb300000, 0x00000000ed100000, 0x0000000100000000)
  eden space 16384K, 0% used [0x00000000eb300000,0x00000000eb300000,0x00000000ec300000)
  from space 2560K, 100% used [0x00000000ec300000,0x00000000ec580000,0x00000000ec580000)
  to   space 7168K, 0% used [0x00000000eca00000,0x00000000eca00000,0x00000000ed100000)
 ParOldGen       total 44032K, used 5293K [0x00000000c1800000, 0x00000000c4300000, 0x00000000eb300000)
  object space 44032K, 12% used [0x00000000c1800000,0x00000000c1d2b4d0,0x00000000c4300000)
 Metaspace       used 15901K, capacity 16134K, committed 16384K, reserved 1062912K
  class space    used 1943K, capacity 2028K, committed 2048K, reserved 1048576K
}
Event: 9.927 GC heap before
{Heap before GC invocations=6 (full 0):
 PSYoungGen      total 18944K, used 18741K [0x00000000eb300000, 0x00000000ed100000, 0x0000000100000000)
  eden space 16384K, 98% used [0x00000000eb300000,0x00000000ec2cd610,0x00000000ec300000)
  from space 2560K, 100% used [0x00000000ec300000,0x00000000ec580000,0x00000000ec580000)
  to   space 7168K, 0% used [0x00000000eca00000,0x00000000eca00000,0x00000000ed100000)
 ParOldGen       total 44032K, used 5293K [0x00000000c1800000, 0x00000000c4300000, 0x00000000eb300000)
  object space 44032K, 12% used [0x00000000c1800000,0x00000000c1d2b4d0,0x00000000c4300000)
 Metaspace       used 15999K, capacity 16198K, committed 16384K, reserved 1062912K
  class space    used 1943K, capacity 2028K, committed 2048K, reserved 1048576K
Event: 9.935 GC heap after
Heap after GC invocations=6 (full 0):
 PSYoungGen      total 23552K, used 2608K [0x00000000eb300000, 0x00000000ed100000, 0x0000000100000000)
  eden space 16384K, 0% used [0x00000000eb300000,0x00000000eb300000,0x00000000ec300000)
  from space 7168K, 36% used [0x00000000eca00000,0x00000000ecc8c010,0x00000000ed100000)
  to   space 7168K, 0% used [0x00000000ec300000,0x00000000ec300000,0x00000000eca00000)
 ParOldGen       total 44032K, used 5301K [0x00000000c1800000, 0x00000000c4300000, 0x00000000eb300000)
  object space 44032K, 12% used [0x00000000c1800000,0x00000000c1d2d4d0,0x00000000c4300000)
 Metaspace       used 15999K, capacity 16198K, committed 16384K, reserved 1062912K
  class space    used 1943K, capacity 2028K, committed 2048K, reserved 1048576K
}
Event: 11.528 GC heap before
{Heap before GC invocations=7 (full 0):
 PSYoungGen      total 23552K, used 18686K [0x00000000eb300000, 0x00000000ed100000, 0x0000000100000000)
  eden space 16384K, 98% used [0x00000000eb300000,0x00000000ec2b3968,0x00000000ec300000)
  from space 7168K, 36% used [0x00000000eca00000,0x00000000ecc8c010,0x00000000ed100000)
  to   space 7168K, 0% used [0x00000000ec300000,0x00000000ec300000,0x00000000eca00000)
 ParOldGen       total 44032K, used 5301K [0x00000000c1800000, 0x00000000c4300000, 0x00000000eb300000)
  object space 44032K, 12% used [0x00000000c1800000,0x00000000c1d2d4d0,0x00000000c4300000)
 Metaspace       used 16147K, capacity 16390K, committed 16640K, reserved 1064960K
  class space    used 1954K, capacity 2028K, committed 2048K, reserved 1048576K
Event: 11.532 GC heap after
Heap after GC invocations=7 (full 0):
 PSYoungGen      total 23552K, used 448K [0x00000000eb300000, 0x00000000ed100000, 0x0000000100000000)
  eden space 16384K, 0% used [0x00000000eb300000,0x00000000eb300000,0x00000000ec300000)
  from space 7168K, 6% used [0x00000000ec300000,0x00000000ec370000,0x00000000eca00000)
  to   space 7168K, 0% used [0x00000000eca00000,0x00000000eca00000,0x00000000ed100000)
 ParOldGen       total 44032K, used 7656K [0x00000000c1800000, 0x00000000c4300000, 0x00000000eb300000)
  object space 44032K, 17% used [0x00000000c1800000,0x00000000c1f7a3c0,0x00000000c4300000)
 Metaspace       used 16147K, capacity 16390K, committed 16640K, reserved 1064960K
  class space    used 1954K, capacity 2028K, committed 2048K, reserved 1048576K
}

Deoptimization events (10 events):
Event: 3.319 Thread 0x00000000176af000 Uncommon trap: reason=unstable_if action=reinterpret pc=0x0000000002f17824 method=java.util.HashMap.getNode(ILjava/lang/Object;)Ljava/util/HashMap$Node; @ 84
Event: 3.319 Thread 0x00000000176af000 Uncommon trap: reason=unstable_if action=reinterpret pc=0x0000000002f7e100 method=java.util.HashMap.getNode(ILjava/lang/Object;)Ljava/util/HashMap$Node; @ 84
Event: 3.481 Thread 0x00000000176af000 Uncommon trap: reason=unstable_if action=reinterpret pc=0x0000000003043e54 method=java.util.LinkedHashMap.get(Ljava/lang/Object;)Ljava/lang/Object; @ 20
Event: 3.487 Thread 0x00000000176af000 Uncommon trap: reason=unstable_if action=reinterpret pc=0x00000000030c6f04 method=java.awt.MultipleGradientPaintContext.indexIntoGradientsArrays(F)I @ 93
Event: 4.008 Thread 0x00000000176af000 Uncommon trap: reason=unstable_if action=reinterpret pc=0x00000000031005e4 method=org.bytedeco.javacv.Java2DFrameConverter.flipCopyWithGamma(Ljava/nio/ByteBuffer;ILjava/nio/ByteBuffer;IZDZI)V @ 50
Event: 7.773 Thread 0x00000000176af000 Uncommon trap: reason=class_check action=maybe_recompile pc=0x0000000002eb3ae8 method=java.lang.String.equals(Ljava/lang/Object;)Z @ 8
Event: 7.773 Thread 0x00000000176af000 Uncommon trap: reason=class_check action=maybe_recompile pc=0x0000000002eb3ae8 method=java.lang.String.equals(Ljava/lang/Object;)Z @ 8
Event: 7.855 Thread 0x00000000176af000 Uncommon trap: reason=class_check action=maybe_recompile pc=0x0000000002eb3ae8 method=java.lang.String.equals(Ljava/lang/Object;)Z @ 8
Event: 7.855 Thread 0x00000000176af000 Uncommon trap: reason=class_check action=maybe_recompile pc=0x0000000002eb3ae8 method=java.lang.String.equals(Ljava/lang/Object;)Z @ 8
Event: 11.472 Thread 0x00000000188cc000 Uncommon trap: reason=unstable_if action=reinterpret pc=0x0000000002f85730 method=java.io.WinNTFileSystem.normalize(Ljava/lang/String;)Ljava/lang/String; @ 128

Internal exceptions (10 events):
Event: 3.373 Thread 0x000000001773a800 Exception <a 'java/lang/reflect/InvocationTargetException'> (0x00000000ebd0be38) thrown at [C:\re\workspace\8-2-build-windows-amd64-cygwin\jdk8u91\6644\hotspot\src\share\vm\runtime\reflection.cpp, line 1092]
Event: 3.380 Thread 0x000000001773a800 Exception <a 'java/lang/UnsatisfiedLinkError'> (0x00000000ebdb79a8) thrown at [C:\re\workspace\8-2-build-windows-amd64-cygwin\jdk8u91\6644\hotspot\src\share\vm\prims\jvm.cpp, line 3969]
Event: 3.380 Thread 0x000000001773a800 Exception <a 'java/lang/UnsatisfiedLinkError'> (0x00000000ebdb79a8) thrown at [C:\re\workspace\8-2-build-windows-amd64-cygwin\jdk8u91\6644\hotspot\src\share\vm\prims\jni.cpp, line 709]
Event: 3.381 Thread 0x000000001773a800 Exception <a 'java/lang/UnsatisfiedLinkError'> (0x00000000ebdba9c8) thrown at [C:\re\workspace\8-2-build-windows-amd64-cygwin\jdk8u91\6644\hotspot\src\share\vm\prims\jvm.cpp, line 3969]
Event: 3.381 Thread 0x000000001773a800 Exception <a 'java/lang/UnsatisfiedLinkError'> (0x00000000ebdba9c8) thrown at [C:\re\workspace\8-2-build-windows-amd64-cygwin\jdk8u91\6644\hotspot\src\share\vm\prims\jni.cpp, line 709]
Event: 3.383 Thread 0x000000001773a800 Exception <a 'java/lang/UnsatisfiedLinkError'> (0x00000000ebdbd9e8) thrown at [C:\re\workspace\8-2-build-windows-amd64-cygwin\jdk8u91\6644\hotspot\src\share\vm\prims\jvm.cpp, line 3969]
Event: 3.383 Thread 0x000000001773a800 Exception <a 'java/lang/UnsatisfiedLinkError'> (0x00000000ebdbd9e8) thrown at [C:\re\workspace\8-2-build-windows-amd64-cygwin\jdk8u91\6644\hotspot\src\share\vm\prims\jni.cpp, line 709]
Event: 3.383 Thread 0x000000001773a800 Exception <a 'java/lang/UnsatisfiedLinkError'> (0x00000000ebdbe020) thrown at [C:\re\workspace\8-2-build-windows-amd64-cygwin\jdk8u91\6644\hotspot\src\share\vm\oops\instanceKlass.cpp, line 948]
Event: 3.383 Thread 0x000000001773a800 Exception <a 'java/lang/reflect/InvocationTargetException'> (0x00000000ebdbe8b8) thrown at [C:\re\workspace\8-2-build-windows-amd64-cygwin\jdk8u91\6644\hotspot\src\share\vm\runtime\reflection.cpp, line 1092]
Event: 3.435 Thread 0x000000001773a800 Exception <a 'java/lang/NoClassDefFoundError': cl/eye/CLCamera> (0x00000000ec007cc0) thrown at [C:\re\workspace\8-2-build-windows-amd64-cygwin\jdk8u91\6644\hotspot\src\share\vm\classfile\systemDictionary.cpp, line 199]

Events (10 events):
Event: 11.472 loading class org/bytedeco/javacpp/helper/opencv_core$AbstractCvMat$ReleaseDeallocator done
Event: 11.472 Thread 0x00000000188cc000 Uncommon trap: trap_request=0xffffff65 fr.pc=0x0000000002f85730
Event: 11.472 Thread 0x00000000188cc000 DEOPT PACKING pc=0x0000000002f85730 sp=0x000000002e9beba0
Event: 11.472 Thread 0x00000000188cc000 DEOPT UNPACKING pc=0x0000000002d5582a sp=0x000000002e9bebb0 mode 2
Event: 11.474 loading class java/nio/DirectIntBufferU
Event: 11.474 loading class java/nio/DirectIntBufferU done
Event: 11.528 Executing VM operation: ParallelGCFailedAllocation
Event: 11.532 Executing VM operation: ParallelGCFailedAllocation done
Event: 11.533 Executing VM operation: RevokeBias
Event: 11.533 Executing VM operation: RevokeBias done


Dynamic libraries:
0x00007ff6557b0000 - 0x00007ff6557e7000 	C:\Program Files\Java\jdk1.8.0_91\bin\java.exe
0x00007ff9783a0000 - 0x00007ff97857b000 	C:\WINDOWS\SYSTEM32\ntdll.dll
0x00007ff9782c0000 - 0x00007ff97836e000 	C:\WINDOWS\System32\KERNEL32.DLL
0x00007ff9748c0000 - 0x00007ff974b09000 	C:\WINDOWS\System32\KERNELBASE.dll
0x00007ff9759a0000 - 0x00007ff975a41000 	C:\WINDOWS\System32\ADVAPI32.dll
0x00007ff977150000 - 0x00007ff9771ed000 	C:\WINDOWS\System32\msvcrt.dll
0x00007ff977460000 - 0x00007ff9774b9000 	C:\WINDOWS\System32\sechost.dll
0x00007ff977a70000 - 0x00007ff977b95000 	C:\WINDOWS\System32\RPCRT4.dll
0x00007ff978160000 - 0x00007ff9782aa000 	C:\WINDOWS\System32\USER32.dll
0x00007ff975580000 - 0x00007ff97559e000 	C:\WINDOWS\System32\win32u.dll
0x00007ff975a50000 - 0x00007ff975a77000 	C:\WINDOWS\System32\GDI32.dll
0x00007ff9755a0000 - 0x00007ff975727000 	C:\WINDOWS\System32\gdi32full.dll
0x00007ff974d70000 - 0x00007ff974e0a000 	C:\WINDOWS\System32\msvcp_win.dll
0x00007ff974b60000 - 0x00007ff974c56000 	C:\WINDOWS\System32\ucrtbase.dll
0x00007ff96b2b0000 - 0x00007ff96b517000 	C:\WINDOWS\WinSxS\amd64_microsoft.windows.common-controls_6595b64144ccf1df_6.0.15063.483_none_26002d27e7c744a2\COMCTL32.dll
0x00007ff977770000 - 0x00007ff977a69000 	C:\WINDOWS\System32\combase.dll
0x00007ff974e10000 - 0x00007ff974e7a000 	C:\WINDOWS\System32\bcryptPrimitives.dll
0x00007ff978370000 - 0x00007ff97839d000 	C:\WINDOWS\System32\IMM32.DLL
0x00000000585d0000 - 0x00000000586a2000 	C:\Program Files\Java\jdk1.8.0_91\jre\bin\msvcr100.dll
0x0000000057a50000 - 0x00000000582e3000 	C:\Program Files\Java\jdk1.8.0_91\jre\bin\server\jvm.dll
0x00007ff9771f0000 - 0x00007ff9771f8000 	C:\WINDOWS\System32\PSAPI.DLL
0x00007ff968b50000 - 0x00007ff968b59000 	C:\WINDOWS\SYSTEM32\WSOCK32.dll
0x00007ff9729d0000 - 0x00007ff9729f3000 	C:\WINDOWS\SYSTEM32\WINMM.dll
0x00007ff977ba0000 - 0x00007ff977c0c000 	C:\WINDOWS\System32\WS2_32.dll
0x00007ff9664f0000 - 0x00007ff9664fa000 	C:\WINDOWS\SYSTEM32\VERSION.dll
0x00007ff972970000 - 0x00007ff97299b000 	C:\WINDOWS\SYSTEM32\WINMMBASE.dll
0x00007ff974b10000 - 0x00007ff974b59000 	C:\WINDOWS\System32\cfgmgr32.dll
0x00000000595e0000 - 0x00000000595ef000 	C:\Program Files\Java\jdk1.8.0_91\jre\bin\verify.dll
0x00000000579e0000 - 0x0000000057a09000 	C:\Program Files\Java\jdk1.8.0_91\jre\bin\java.dll
0x00000000595c0000 - 0x00000000595d6000 	C:\Program Files\Java\jdk1.8.0_91\jre\bin\zip.dll
0x00007ff975c00000 - 0x00007ff977036000 	C:\WINDOWS\System32\SHELL32.dll
0x00007ff978050000 - 0x00007ff9780fa000 	C:\WINDOWS\System32\shcore.dll
0x00007ff974e80000 - 0x00007ff975571000 	C:\WINDOWS\System32\windows.storage.dll
0x00007ff977540000 - 0x00007ff977591000 	C:\WINDOWS\System32\shlwapi.dll
0x00007ff974880000 - 0x00007ff974891000 	C:\WINDOWS\System32\kernel.appcore.dll
0x00007ff974830000 - 0x00007ff97487c000 	C:\WINDOWS\System32\powrprof.dll
0x00007ff974810000 - 0x00007ff974825000 	C:\WINDOWS\System32\profapi.dll
0x0000000057800000 - 0x0000000057998000 	C:\Program Files\Java\jdk1.8.0_91\jre\bin\awt.dll
0x00007ff9773a0000 - 0x00007ff977460000 	C:\WINDOWS\System32\OLEAUT32.dll
0x00007ff972ff0000 - 0x00007ff97306e000 	C:\WINDOWS\SYSTEM32\apphelp.dll
0x00007ff973280000 - 0x00007ff973315000 	C:\WINDOWS\system32\uxtheme.dll
0x00007ff975a90000 - 0x00007ff975bf6000 	C:\WINDOWS\System32\MSCTF.dll
0x00007ff971b20000 - 0x00007ff971b4a000 	C:\WINDOWS\system32\dwmapi.dll
0x00007ff977620000 - 0x00007ff977765000 	C:\WINDOWS\System32\ole32.dll
0x00000000577b0000 - 0x00000000577f7000 	C:\Program Files\Java\jdk1.8.0_91\jre\bin\fontmanager.dll
0x00007ff95fa20000 - 0x00007ff95fb0f000 	C:\Users\Joao_\.javacpp\cache\opencv-windows-x86_64.jar\org\bytedeco\javacpp\windows-x86_64\msvcr120.dll
0x00007ff96f750000 - 0x00007ff96f7f6000 	C:\Users\Joao_\.javacpp\cache\opencv-windows-x86_64.jar\org\bytedeco\javacpp\windows-x86_64\msvcp120.dll
0x00007ff95a490000 - 0x00007ff95a70a000 	C:\Users\Joao_\.javacpp\cache\opencv-windows-x86_64.jar\org\bytedeco\javacpp\windows-x86_64\opencv_core310.dll
0x00007ff949ef0000 - 0x00007ff94a232000 	C:\Users\Joao_\.javacpp\cache\opencv-windows-x86_64.jar\org\bytedeco\javacpp\windows-x86_64\opencv_imgproc310.dll
0x00007ff949cc0000 - 0x00007ff949ee7000 	C:\Users\Joao_\.javacpp\cache\opencv-windows-x86_64.jar\org\bytedeco\javacpp\windows-x86_64\jniopencv_core.dll
0x00000000579c0000 - 0x00000000579da000 	C:\Program Files\Java\jdk1.8.0_91\jre\bin\net.dll
0x00007ff9740c0000 - 0x00007ff97411c000 	C:\WINDOWS\system32\mswsock.dll
0x00000000579a0000 - 0x00000000579b1000 	C:\Program Files\Java\jdk1.8.0_91\jre\bin\nio.dll
0x00007ff94b150000 - 0x00007ff94b23d000 	C:\Users\Joao_\.javacpp\cache\opencv-windows-x86_64.jar\org\bytedeco\javacpp\windows-x86_64\jniopencv_imgproc.dll
0x00007ff9499f0000 - 0x00007ff949cb9000 	C:\Users\Joao_\.javacpp\cache\opencv-windows-x86_64.jar\org\bytedeco\javacpp\windows-x86_64\opencv_imgcodecs310.dll
0x00007ff971940000 - 0x00007ff971965000 	C:\Users\Joao_\.javacpp\cache\opencv-windows-x86_64.jar\org\bytedeco\javacpp\windows-x86_64\jniopencv_imgcodecs.dll
0x00007ff96f550000 - 0x00007ff96f5a3000 	C:\Users\Joao_\.javacpp\cache\opencv-windows-x86_64.jar\org\bytedeco\javacpp\windows-x86_64\opencv_videoio310.dll
0x00007ff96f520000 - 0x00007ff96f549000 	C:\WINDOWS\SYSTEM32\MSVFW32.dll
0x00007ff970ad0000 - 0x00007ff970aef000 	C:\WINDOWS\SYSTEM32\AVIFIL32.dll
0x00007ff96df30000 - 0x00007ff96df48000 	C:\WINDOWS\SYSTEM32\AVICAP32.dll
0x00007ff96df10000 - 0x00007ff96df2c000 	C:\WINDOWS\SYSTEM32\MSACM32.dll
0x00007ff96def0000 - 0x00007ff96df07000 	C:\Users\Joao_\.javacpp\cache\opencv-windows-x86_64.jar\org\bytedeco\javacpp\windows-x86_64\jniopencv_videoio.dll
0x00007ff96dec0000 - 0x00007ff96deec000 	C:\Users\Joao_\.javacpp\cache\opencv-windows-x86_64.jar\org\bytedeco\javacpp\windows-x86_64\opencv_highgui310.dll
0x00007ff977040000 - 0x00007ff977148000 	C:\WINDOWS\System32\COMDLG32.dll
0x00007ff96dd70000 - 0x00007ff96dda5000 	C:\Users\Joao_\.javacpp\cache\opencv-windows-x86_64.jar\org\bytedeco\javacpp\windows-x86_64\jniopencv_highgui.dll
0x00007ff94b080000 - 0x00007ff94b14d000 	C:\Users\Joao_\.javacpp\cache\opencv-windows-x86_64.jar\org\bytedeco\javacpp\windows-x86_64\opencv_ml310.dll
0x00007ff965390000 - 0x00007ff9653cf000 	C:\Users\Joao_\.javacpp\cache\opencv-windows-x86_64.jar\org\bytedeco\javacpp\windows-x86_64\jniopencv_ml.dll
0x00007ff94a490000 - 0x00007ff94a526000 	C:\Users\Joao_\.javacpp\cache\opencv-windows-x86_64.jar\org\bytedeco\javacpp\windows-x86_64\opencv_objdetect310.dll
0x00007ff965330000 - 0x00007ff965384000 	C:\Users\Joao_\.javacpp\cache\opencv-windows-x86_64.jar\org\bytedeco\javacpp\windows-x86_64\jniopencv_objdetect.dll
0x00007ff951c00000 - 0x00007ff951c46000 	C:\Users\Joao_\.javacpp\cache\opencv-windows-x86_64.jar\org\bytedeco\javacpp\windows-x86_64\opencv_face310.dll
0x00007ff96dd10000 - 0x00007ff96dd2a000 	C:\Users\Joao_\.javacpp\cache\opencv-windows-x86_64.jar\org\bytedeco\javacpp\windows-x86_64\jniopencv_face.dll
0x00007ff969b30000 - 0x00007ff969b56000 	C:\Users\Joao_\.javacpp\cache\videoinput-windows-x86_64.jar\org\bytedeco\javacpp\windows-x86_64\jnivideoInputLib.dll
0x0000000057760000 - 0x00000000577a2000 	C:\Program Files\Java\jdk1.8.0_91\jre\bin\t2k.dll
0x0000000058540000 - 0x0000000058555000 	C:\Users\Joao_\.javacpp\cache\libfreenect-windows-x86_64.jar\org\bytedeco\javacpp\windows-x86_64\libusb0.dll
0x00007ff977c10000 - 0x00007ff97804b000 	C:\WINDOWS\System32\SETUPAPI.dll
0x00007ff94edf0000 - 0x00007ff94ee24000 	C:\Users\Joao_\.javacpp\cache\libfreenect-windows-x86_64.jar\org\bytedeco\javacpp\windows-x86_64\freenect.dll
0x00007ff965310000 - 0x00007ff965329000 	C:\Users\Joao_\.javacpp\cache\libfreenect-windows-x86_64.jar\org\bytedeco\javacpp\windows-x86_64\pthreadVC2.dll
0x00007ff975900000 - 0x00007ff97599e000 	C:\WINDOWS\System32\clbcatq.dll
0x00007ff95a460000 - 0x00007ff95a484000 	C:\Users\Joao_\.javacpp\cache\libfreenect-windows-x86_64.jar\org\bytedeco\javacpp\windows-x86_64\jnifreenect.dll
0x00007ff970c80000 - 0x00007ff970e2c000 	C:\WINDOWS\SYSTEM32\WindowsCodecs.dll
0x00007ff968420000 - 0x00007ff968467000 	C:\WINDOWS\system32\dataexchange.dll
0x00007ff971ff0000 - 0x00007ff9722cf000 	C:\WINDOWS\system32\d3d11.dll
0x00007ff972ae0000 - 0x00007ff972c02000 	C:\WINDOWS\system32\dcomp.dll
0x00007ff973820000 - 0x00007ff9738c4000 	C:\WINDOWS\system32\dxgi.dll
0x00007ff973110000 - 0x00007ff973280000 	C:\WINDOWS\system32\twinapi.appcore.dll
0x00007ff974750000 - 0x00007ff974775000 	C:\WINDOWS\system32\bcrypt.dll
0x00007ff96f610000 - 0x00007ff96f692000 	C:\WINDOWS\System32\TextInputFramework.dll
0x00007ff970700000 - 0x00007ff9709d2000 	C:\WINDOWS\System32\CoreUIComponents.dll
0x00007ff972880000 - 0x00007ff972963000 	C:\WINDOWS\System32\CoreMessaging.dll
0x00007ff973a20000 - 0x00007ff973a51000 	C:\WINDOWS\SYSTEM32\ntmarta.dll
0x00007ff971000000 - 0x00007ff971139000 	C:\WINDOWS\SYSTEM32\wintypes.dll
0x00007ff971530000 - 0x00007ff971545000 	C:\WINDOWS\SYSTEM32\usermgrcli.dll
0x00007ff95ffc0000 - 0x00007ff95ffd7000 	C:\Windows\System32\devenum.dll
0x00007ff973450000 - 0x00007ff973478000 	C:\WINDOWS\SYSTEM32\DEVOBJ.dll
0x00007ff974d10000 - 0x00007ff974d66000 	C:\WINDOWS\System32\WINTRUST.dll
0x00007ff9748a0000 - 0x00007ff9748b1000 	C:\WINDOWS\System32\MSASN1.dll
0x00007ff975730000 - 0x00007ff9758f9000 	C:\WINDOWS\System32\CRYPT32.dll
0x00007ff96f1f0000 - 0x00007ff96f1fb000 	C:\WINDOWS\SYSTEM32\msdmo.dll
0x00007ff94edb0000 - 0x00007ff94ede2000 	C:\Windows\System32\qcap.dll
0x00007ff949830000 - 0x00007ff9499ec000 	C:\Windows\System32\quartz.dll
0x0000000057720000 - 0x000000005774a000 	C:\Program Files\Java\jdk1.8.0_91\jre\bin\dcpr.dll
0x00007ff94e820000 - 0x00007ff94e86d000 	C:\Windows\System32\mfksproxy.dll
0x00007ff96cca0000 - 0x00007ff96ccbc000 	C:\Windows\System32\ATL.DLL
0x00007ff944170000 - 0x00007ff9441a2000 	C:\Windows\System32\MFSENSORGROUP.dll
0x00007ff965100000 - 0x00007ff9652a0000 	C:\Windows\System32\MFPlat.DLL
0x00007ff96f490000 - 0x00007ff96f4c2000 	C:\Windows\System32\RTWorkQ.DLL
0x00007ff94b410000 - 0x00007ff94b458000 	C:\Windows\System32\ksproxy.ax
0x00007ff970340000 - 0x00007ff970349000 	C:\Windows\System32\ksuser.dll
0x00007ff948b70000 - 0x00007ff948cf9000 	C:\Windows\System32\d3d9.dll
0x00007ff971800000 - 0x00007ff971877000 	C:\WINDOWS\SYSTEM32\policymanager.dll
0x00007ff971770000 - 0x00007ff9717ff000 	C:\Windows\System32\msvcp110_win.dll
0x00007ff9719c0000 - 0x00007ff9719cc000 	C:\Windows\System32\vidcap.ax
0x00007ff9593d0000 - 0x00007ff9593f6000 	C:\Windows\System32\kswdmcap.ax
0x00007ff948f90000 - 0x00007ff9490f4000 	C:\Windows\System32\MFC42.dll
0x00007ff94a3f0000 - 0x00007ff94a48f000 	C:\Windows\System32\qedit.dll
0x00007ff964ca0000 - 0x00007ff964e35000 	C:\WINDOWS\WinSxS\amd64_microsoft.windows.gdiplus_6595b64144ccf1df_1.1.15063.608_none_56f0266b425534e9\gdiplus.dll
0x00007ff948dc0000 - 0x00007ff948eb6000 	C:\Windows\System32\DDRAW.dll
0x00007ff971990000 - 0x00007ff971998000 	C:\Windows\System32\DCIMAN32.dll
0x00007ff948950000 - 0x00007ff948b67000 	C:\Program Files (x86)\K-Lite Codec Pack\Filters\DirectVobSub64\vsfilter.dll
0x00007ff959ce0000 - 0x00007ff95a00e000 	C:\WINDOWS\SYSTEM32\WININET.dll
0x00007ff95ce60000 - 0x00007ff95ceea000 	C:\WINDOWS\SYSTEM32\WINSPOOL.DRV
0x00007ff969c50000 - 0x00007ff969cbb000 	C:\WINDOWS\SYSTEM32\OLEACC.dll
0x00007ff971980000 - 0x00007ff97198c000 	C:\WINDOWS\SYSTEM32\msyuv.dll
0x00007ff964820000 - 0x00007ff9649c9000 	C:\WINDOWS\SYSTEM32\dbghelp.dll

VM Arguments:
jvm_args: -Dfile.encoding=UTF-8 -Djava.library.path=C:\opencv\build\java\x64 
java_command: main.main
java_class_path (initial): C:\Users\Joao_\Downloads\javacpp-1.3-bin\javacpp-bin\javacpp.jar;C:\Users\Joao_\Downloads\javacv-platform-1.3-bin\javacv-bin\opencv-windows-x86_64.jar;C:\Users\Joao_\Downloads\javacv-platform-1.3-bin\javacv-bin\videoinput-windows-x86_64.jar;C:\Users\Joao_\Downloads\javacv-platform-1.3-bin\javacv-bin\artoolkitplus-windows-x86_64.jar;C:\Users\Joao_\Downloads\javacv-platform-1.3-bin\javacv-bin\ffmpeg-windows-x86_64.jar;C:\Users\Joao_\Downloads\javacv-platform-1.3-bin\javacv-bin\flandmark-windows-x86_64.jar;C:\Users\Joao_\Downloads\javacv-platform-1.3-bin\javacv-bin\flycapture-windows-x86_64.jar;C:\Users\Joao_\Downloads\javacv-platform-1.3-bin\javacv-bin\javacv-platform.jar;C:\Users\Joao_\Downloads\javacv-platform-1.3-bin\javacv-bin\javacv.jar;C:\Users\Joao_\Downloads\javacv-platform-1.3-bin\javacv-bin\libdc1394-windows-x86_64.jar;C:\Users\Joao_\Downloads\javacv-platform-1.3-bin\javacv-bin\libfreenect-platform.jar;C:\Users\Joao_\Downloads\javacv-platform-1.3-bin\javacv-bin\libfreenect-windows-x86_64.jar;C:\Users\Joao_\Downloads\javacv-platform-1.3-bin\javacv-bin\librealsense-platform.jar;C:\Users\Joao_\Downloads\javacv-platform-1.3-bin\javacv-bin\librealsense.jar;C:\Users\Joao_\Downloads\javacv-platform-1.3-bin\javacv-bin\opencv.jar;C:\Users\Joao_\Downloads\javacv-platform-1.3-bin\javacv-bin\videoinput.jar;C:\TCC.UniSecurity\build\classes
Launcher Type: SUN_STANDARD

Environment Variables:
PATH=C:\ProgramData\Oracle\Java\javapath;C:\WINDOWS\system32;C:\WINDOWS;C:\WINDOWS\System32\Wbem;C:\WINDOWS\System32\WindowsPowerShell\v1.0\;C:\Program Files (x86)\Skype\Phone\;C:\Program Files\Microsoft SQL Server\120\DTS\Binn\;C:\Program Files\Microsoft SQL Server\Client SDK\ODBC\110\Tools\Binn\;C:\Program Files (x86)\Microsoft SQL Server\120\Tools\Binn\;C:\Program Files\Microsoft SQL Server\120\Tools\Binn\;C:\Program Files (x86)\Microsoft SQL Server\120\Tools\Binn\ManagementStudio\;C:\Program Files (x86)\Microsoft SQL Server\120\DTS\Binn\;C:\Program Files\CMake\bin;C:\opencv\build\x64\vc14\bin;C:\Users\Joao_\AppData\Local\Programs\Python\Python37\Scripts\;C:\Users\Joao_\AppData\Local\Programs\Python\Python37\;C:\Users\Joao_\AppData\Local\Microsoft\WindowsApps;
USERNAME=Joao_
OS=Windows_NT
PROCESSOR_IDENTIFIER=Intel64 Family 6 Model 58 Stepping 9, GenuineIntel



---------------  S Y S T E M  ---------------

OS: Windows 10.0 , 64 bit Build 15063 (10.0.15063.296)

CPU:total 4 (2 cores per cpu, 2 threads per core) family 6 model 58 stepping 9, cmov, cx8, fxsr, mmx, sse, sse2, sse3, ssse3, sse4.1, sse4.2, popcnt, avx, aes, clmul, erms, ht, tsc, tscinvbit, tscinv

Memory: 4k page, physical 4092772k(1611140k free), swap 5774224k(2658420k free)

vm_info: Java HotSpot(TM) 64-Bit Server VM (25.91-b14) for windows-amd64 JRE (1.8.0_91-b14), built on Apr  1 2016 00:58:32 by "java_re" with MS VC++ 10.0 (VS2010)

time: Wed Oct 18 19:34:49 2017
elapsed time: 11 seconds (0d 0h 0m 11s)

