#
# A fatal error has been detected by the Java Runtime Environment:
#
#  EXCEPTION_ACCESS_VIOLATION (0xc0000005) at pc=0x00007ffccb09b907, pid=3364, tid=3192
#
# JRE version: Java(TM) SE Runtime Environment (8.0_91-b14) (build 1.8.0_91-b14)
# Java VM: Java HotSpot(TM) 64-Bit Server VM (25.91-b14 mixed mode windows-amd64 compressed oops)
# Problematic frame:
# C  [opencv_face310.dll+0x1b907]
#
# Failed to write core dump. Minidumps are not enabled by default on client versions of Windows
#
# If you would like to submit a bug report, please visit:
#   http://bugreport.java.com/bugreport/crash.jsp
# The crash happened outside the Java Virtual Machine in native code.
# See problematic frame for where to report the bug.
#

---------------  T H R E A D  ---------------

Current thread (0x0000000018c6d000):  JavaThread "pool-1-thread-1" [_thread_in_native, id=3192, stack(0x000000002f0c0000,0x000000002f1c0000)]

siginfo: ExceptionCode=0xc0000005, reading address 0x000000001a5f4000

Registers:
RAX=0x000000002f1beae0, RBX=0x0000000000000028, RCX=0x000000001a5f3fff, RDX=0x000000001a5f3fff
RSP=0x000000002f1bea00, RBP=0x000000002f1beb00, RSI=0x000000000000005c, RDI=0x000000000000000b
R8 =0x000000001a5f3c00, R9 =0x000000000000005c, R10=0x000000000000000b, R11=0x000000000000000b
R12=0xffffffffffffffff, R13=0x0000000000000001, R14=0x0000000000000001, R15=0x0000000000000000
RIP=0x00007ffccb09b907, EFLAGS=0x0000000000010206

Top of Stack: (sp=0x000000002f1bea00)
0x000000002f1bea00:   0000000080000000 000000002f1beaf0
0x000000002f1bea10:   0000000000000008 000000002f1becc0
0x000000002f1bea20:   00000000ffffffff 0000000000000000
0x000000002f1bea30:   0000000000000000 0000000009090101
0x000000002f1bea40:   000000010000000b 0000000000000008
0x000000002f1bea50:   0000000000000000 0000000000000000
0x000000002f1bea60:   0000000000000000 00000000c1020006
0x000000002f1bea70:   000000002f1bea58 0000000100000001
0x000000002f1bea80:   fffffffffffffffe 0000000000000000
0x000000002f1bea90:   0000000242ff4000 0000005c00000070
0x000000002f1beaa0:   000000001a5f3c00 000000001a5f3c00
0x000000002f1beab0:   000000001a5f6440 000000001a5f6440
0x000000002f1beac0:   0000000000000000 0000000000000000
0x000000002f1bead0:   000000002f1bea98 000000002f1beae0
0x000000002f1beae0:   000000000000005c 0000000000000001
0x000000002f1beaf0:   0000000242ff4004 0000005a0000006e 

Instructions: (pc=0x00007ffccb09b907)
0x00007ffccb09b8e7:   08 4b 8d 0c 03 49 0f af c9 4c 8b 45 a0 49 03 c8
0x00007ffccb09b8f7:   49 03 ca 49 8b d3 49 0f af d1 49 03 d0 49 03 d2
0x00007ffccb09b907:   41 0f b6 44 0d 00 66 0f 6e d0 0f 5b d2 f3 0f 59
0x00007ffccb09b917:   d3 48 63 44 24 44 48 8b f0 0f b6 04 08 66 0f 6e 


Register to memory mapping:

RAX=0x000000002f1beae0 is pointing into the stack for thread: 0x0000000018c6d000
RBX=0x0000000000000028 is an unknown value
RCX=0x000000001a5f3fff is an unknown value
RDX=0x000000001a5f3fff is an unknown value
RSP=0x000000002f1bea00 is pointing into the stack for thread: 0x0000000018c6d000
RBP=0x000000002f1beb00 is pointing into the stack for thread: 0x0000000018c6d000
RSI=0x000000000000005c is an unknown value
RDI=0x000000000000000b is an unknown value
R8 =0x000000001a5f3c00 is an unknown value
R9 =0x000000000000005c is an unknown value
R10=0x000000000000000b is an unknown value
R11=0x000000000000000b is an unknown value
R12=0xffffffffffffffff is an unknown value
R13=0x0000000000000001 is an unknown value
R14=0x0000000000000001 is an unknown value
R15=0x0000000000000000 is an unknown value


Stack: [0x000000002f0c0000,0x000000002f1c0000],  sp=0x000000002f1bea00,  free space=1018k
Native frames: (J=compiled Java code, j=interpreted, Vv=VM code, C=native code)
C  [opencv_face310.dll+0x1b907]
C  [opencv_face310.dll+0x1e2ba]
C  [opencv_face310.dll+0x1e235]
C  [opencv_face310.dll+0x20a6b]
C  [jniopencv_face.dll+0x7b42]
C  0x00000000029f7f54

Java frames: (J=compiled Java code, j=interpreted, Vv=VM code)
j  org.bytedeco.javacpp.opencv_face$FaceRecognizer.train(Lorg/bytedeco/javacpp/opencv_core$MatVector;Lorg/bytedeco/javacpp/opencv_core$Mat;)V+0
j  processing.LBPHFaceRecognizer.retrainAll()V+257
j  processing.LBPHFaceRecognizer.saveNewFace(Ljava/lang/String;[Lorg/bytedeco/javacpp/opencv_core$IplImage;)Z+149
j  processing.FacePanel$2.run()V+72
j  java.util.concurrent.ThreadPoolExecutor.runWorker(Ljava/util/concurrent/ThreadPoolExecutor$Worker;)V+95
j  java.util.concurrent.ThreadPoolExecutor$Worker.run()V+5
j  java.lang.Thread.run()V+11
v  ~StubRoutines::call_stub

---------------  P R O C E S S  ---------------

Java Threads: ( => current thread )
=>0x0000000018c6d000 JavaThread "pool-1-thread-1" [_thread_in_native, id=3192, stack(0x000000002f0c0000,0x000000002f1c0000)]
  0x0000000018c69000 JavaThread "TimerQueue" daemon [_thread_blocked, id=4504, stack(0x000000002c840000,0x000000002c940000)]
  0x0000000018c6a800 JavaThread "Thread-1" [_thread_in_native, id=7588, stack(0x000000001a890000,0x000000001a990000)]
  0x0000000018c68800 JavaThread "DestroyJavaVM" [_thread_blocked, id=3536, stack(0x00000000027e0000,0x00000000028e0000)]
  0x0000000018c6b800 JavaThread "AWT-EventQueue-0" [_thread_blocked, id=9988, stack(0x0000000019790000,0x0000000019890000)]
  0x0000000017644800 JavaThread "JavaCPP Deallocator" daemon [_thread_blocked, id=536, stack(0x0000000019510000,0x0000000019610000)]
  0x0000000017166000 JavaThread "AWT-Windows" daemon [_thread_in_native, id=2968, stack(0x0000000017d10000,0x0000000017e10000)]
  0x0000000017163800 JavaThread "AWT-Shutdown" [_thread_blocked, id=1784, stack(0x0000000017c10000,0x0000000017d10000)]
  0x0000000017162800 JavaThread "Java2D Disposer" daemon [_thread_blocked, id=4320, stack(0x0000000017b10000,0x0000000017c10000)]
  0x000000001504e800 JavaThread "Service Thread" daemon [_thread_blocked, id=4200, stack(0x0000000016d30000,0x0000000016e30000)]
  0x0000000014ff5800 JavaThread "C1 CompilerThread2" daemon [_thread_blocked, id=5984, stack(0x0000000016830000,0x0000000016930000)]
  0x0000000014ff2800 JavaThread "C2 CompilerThread1" daemon [_thread_blocked, id=3604, stack(0x0000000016730000,0x0000000016830000)]
  0x0000000014fef800 JavaThread "C2 CompilerThread0" daemon [_thread_blocked, id=1140, stack(0x0000000016630000,0x0000000016730000)]
  0x0000000014fee000 JavaThread "Attach Listener" daemon [_thread_blocked, id=7384, stack(0x0000000016530000,0x0000000016630000)]
  0x0000000014fed000 JavaThread "Signal Dispatcher" daemon [_thread_blocked, id=9816, stack(0x0000000016430000,0x0000000016530000)]
  0x0000000014fd9000 JavaThread "Finalizer" daemon [_thread_blocked, id=4896, stack(0x0000000016240000,0x0000000016340000)]
  0x00000000029d1000 JavaThread "Reference Handler" daemon [_thread_blocked, id=3588, stack(0x0000000016140000,0x0000000016240000)]

Other Threads:
  0x0000000014fb7000 VMThread [stack: 0x0000000016040000,0x0000000016140000] [id=10116]
  0x000000001699e000 WatcherThread [stack: 0x0000000016e30000,0x0000000016f30000] [id=804]

VM state:not at safepoint (normal execution)

VM Mutex/Monitor currently owned by a thread: None

Heap:
 PSYoungGen      total 24576K, used 2143K [0x00000000eb300000, 0x00000000ed500000, 0x0000000100000000)
  eden space 15872K, 11% used [0x00000000eb300000,0x00000000eb4c7f38,0x00000000ec280000)
  from space 8704K, 3% used [0x00000000ecb80000,0x00000000ecbd0000,0x00000000ed400000)
  to   space 9216K, 0% used [0x00000000ec280000,0x00000000ec280000,0x00000000ecb80000)
 ParOldGen       total 44032K, used 18160K [0x00000000c1800000, 0x00000000c4300000, 0x00000000eb300000)
  object space 44032K, 41% used [0x00000000c1800000,0x00000000c29bc2a0,0x00000000c4300000)
 Metaspace       used 16115K, capacity 16326K, committed 16640K, reserved 1064960K
  class space    used 1954K, capacity 2028K, committed 2048K, reserved 1048576K

Card table byte_map: [0x0000000011da0000,0x0000000011fa0000] byte_map_base: 0x0000000011794000

Marking Bits: (ParMarkBitMap*) 0x0000000075bd2f70
 Begin Bits: [0x00000000124f0000, 0x0000000013490000)
 End Bits:   [0x0000000013490000, 0x0000000014430000)

Polling page: 0x0000000002760000

CodeCache: size=245760Kb used=5234Kb max_used=5234Kb free=240525Kb
 bounds [0x00000000029e0000, 0x0000000002f00000, 0x00000000119e0000]
 total_blobs=2142 nmethods=1514 adapters=540
 compilation: enabled

Compilation events (10 events):
Event: 9.340 Thread 0x0000000014ff5800 1502       3       java.util.zip.ZipFile$ZipFileInputStream::finalize (5 bytes)
Event: 9.340 Thread 0x0000000014ff5800 nmethod 1502 0x0000000002ef9fd0 code [0x0000000002efa140, 0x0000000002efa2e8]
Event: 9.373 Thread 0x0000000014ff5800 1510   !   3       java.lang.StringCoding::encode (64 bytes)
Event: 9.374 Thread 0x0000000014ff5800 nmethod 1510 0x0000000002efab10 code [0x0000000002efad80, 0x0000000002efba88]
Event: 9.377 Thread 0x0000000014ff5800 1512       3       org.bytedeco.javacpp.helper.opencv_core$AbstractCvMat::put (24 bytes)
Event: 9.377 Thread 0x0000000014ff5800 nmethod 1512 0x0000000002efc890 code [0x0000000002efca40, 0x0000000002efcfe8]
Event: 9.377 Thread 0x0000000014ff5800 1513       3       org.bytedeco.javacpp.helper.opencv_core$AbstractCvMat::put (138 bytes)
Event: 9.378 Thread 0x0000000014ff5800 nmethod 1513 0x0000000002efd1d0 code [0x0000000002efd420, 0x0000000002efe0f8]
Event: 9.378 Thread 0x0000000014ff5800 1514       3       org.bytedeco.javacpp.helper.opencv_core$AbstractCvMat::getIntBuffer (42 bytes)
Event: 9.379 Thread 0x0000000014ff5800 nmethod 1514 0x0000000002efe490 code [0x0000000002efe660, 0x0000000002efeee8]

GC Heap History (10 events):
Event: 5.224 GC heap before
{Heap before GC invocations=4 (full 0):
 PSYoungGen      total 18944K, used 18425K [0x00000000eb300000, 0x00000000ed600000, 0x0000000100000000)
  eden space 16384K, 96% used [0x00000000eb300000,0x00000000ec283ea8,0x00000000ec300000)
  from space 2560K, 99% used [0x00000000ec300000,0x00000000ec57a710,0x00000000ec580000)
  to   space 2560K, 0% used [0x00000000ed380000,0x00000000ed380000,0x00000000ed600000)
 ParOldGen       total 44032K, used 3396K [0x00000000c1800000, 0x00000000c4300000, 0x00000000eb300000)
  object space 44032K, 7% used [0x00000000c1800000,0x00000000c1b51020,0x00000000c4300000)
 Metaspace       used 15739K, capacity 15906K, committed 16128K, reserved 1062912K
  class space    used 1919K, capacity 1996K, committed 2048K, reserved 1048576K
Event: 5.227 GC heap after
Heap after GC invocations=4 (full 0):
 PSYoungGen      total 18944K, used 2537K [0x00000000eb300000, 0x00000000ed600000, 0x0000000100000000)
  eden space 16384K, 0% used [0x00000000eb300000,0x00000000eb300000,0x00000000ec300000)
  from space 2560K, 99% used [0x00000000ed380000,0x00000000ed5fa710,0x00000000ed600000)
  to   space 2560K, 0% used [0x00000000ec300000,0x00000000ec300000,0x00000000ec580000)
 ParOldGen       total 44032K, used 4925K [0x00000000c1800000, 0x00000000c4300000, 0x00000000eb300000)
  object space 44032K, 11% used [0x00000000c1800000,0x00000000c1ccf6e0,0x00000000c4300000)
 Metaspace       used 15739K, capacity 15906K, committed 16128K, reserved 1062912K
  class space    used 1919K, capacity 1996K, committed 2048K, reserved 1048576K
}
Event: 6.237 GC heap before
{Heap before GC invocations=5 (full 0):
 PSYoungGen      total 18944K, used 17728K [0x00000000eb300000, 0x00000000ed600000, 0x0000000100000000)
  eden space 16384K, 92% used [0x00000000eb300000,0x00000000ec1d5990,0x00000000ec300000)
  from space 2560K, 99% used [0x00000000ed380000,0x00000000ed5fa710,0x00000000ed600000)
  to   space 2560K, 0% used [0x00000000ec300000,0x00000000ec300000,0x00000000ec580000)
 ParOldGen       total 44032K, used 4925K [0x00000000c1800000, 0x00000000c4300000, 0x00000000eb300000)
  object space 44032K, 11% used [0x00000000c1800000,0x00000000c1ccf6e0,0x00000000c4300000)
 Metaspace       used 15866K, capacity 16066K, committed 16384K, reserved 1062912K
  class space    used 1943K, capacity 2028K, committed 2048K, reserved 1048576K
Event: 6.243 GC heap after
Heap after GC invocations=5 (full 0):
 PSYoungGen      total 18944K, used 2537K [0x00000000eb300000, 0x00000000ed400000, 0x0000000100000000)
  eden space 16384K, 0% used [0x00000000eb300000,0x00000000eb300000,0x00000000ec300000)
  from space 2560K, 99% used [0x00000000ec300000,0x00000000ec57a710,0x00000000ec580000)
  to   space 7680K, 0% used [0x00000000ecc80000,0x00000000ecc80000,0x00000000ed400000)
 ParOldGen       total 44032K, used 9398K [0x00000000c1800000, 0x00000000c4300000, 0x00000000eb300000)
  object space 44032K, 21% used [0x00000000c1800000,0x00000000c212dab0,0x00000000c4300000)
 Metaspace       used 15866K, capacity 16066K, committed 16384K, reserved 1062912K
  class space    used 1943K, capacity 2028K, committed 2048K, reserved 1048576K
}
Event: 7.229 GC heap before
{Heap before GC invocations=6 (full 0):
 PSYoungGen      total 18944K, used 18318K [0x00000000eb300000, 0x00000000ed400000, 0x0000000100000000)
  eden space 16384K, 96% used [0x00000000eb300000,0x00000000ec2694e0,0x00000000ec300000)
  from space 2560K, 99% used [0x00000000ec300000,0x00000000ec57a710,0x00000000ec580000)
  to   space 7680K, 0% used [0x00000000ecc80000,0x00000000ecc80000,0x00000000ed400000)
 ParOldGen       total 44032K, used 9398K [0x00000000c1800000, 0x00000000c4300000, 0x00000000eb300000)
  object space 44032K, 21% used [0x00000000c1800000,0x00000000c212dab0,0x00000000c4300000)
 Metaspace       used 15944K, capacity 16134K, committed 16384K, reserved 1062912K
  class space    used 1943K, capacity 2028K, committed 2048K, reserved 1048576K
Event: 7.237 GC heap after
Heap after GC invocations=6 (full 0):
 PSYoungGen      total 23040K, used 6653K [0x00000000eb300000, 0x00000000ed300000, 0x0000000100000000)
  eden space 16384K, 0% used [0x00000000eb300000,0x00000000eb300000,0x00000000ec300000)
  from space 6656K, 99% used [0x00000000ecc80000,0x00000000ed2ff530,0x00000000ed300000)
  to   space 8192K, 0% used [0x00000000ec300000,0x00000000ec300000,0x00000000ecb00000)
 ParOldGen       total 44032K, used 13625K [0x00000000c1800000, 0x00000000c4300000, 0x00000000eb300000)
  object space 44032K, 30% used [0x00000000c1800000,0x00000000c254e5e0,0x00000000c4300000)
 Metaspace       used 15944K, capacity 16134K, committed 16384K, reserved 1062912K
  class space    used 1943K, capacity 2028K, committed 2048K, reserved 1048576K
}
Event: 8.327 GC heap before
{Heap before GC invocations=7 (full 0):
 PSYoungGen      total 23040K, used 22807K [0x00000000eb300000, 0x00000000ed300000, 0x0000000100000000)
  eden space 16384K, 98% used [0x00000000eb300000,0x00000000ec2c6780,0x00000000ec300000)
  from space 6656K, 99% used [0x00000000ecc80000,0x00000000ed2ff530,0x00000000ed300000)
  to   space 8192K, 0% used [0x00000000ec300000,0x00000000ec300000,0x00000000ecb00000)
 ParOldGen       total 44032K, used 13625K [0x00000000c1800000, 0x00000000c4300000, 0x00000000eb300000)
  object space 44032K, 30% used [0x00000000c1800000,0x00000000c254e5e0,0x00000000c4300000)
 Metaspace       used 15995K, capacity 16198K, committed 16384K, reserved 1062912K
  class space    used 1943K, capacity 2028K, committed 2048K, reserved 1048576K
Event: 8.330 GC heap after
Heap after GC invocations=7 (full 0):
 PSYoungGen      total 24576K, used 256K [0x00000000eb300000, 0x00000000ed400000, 0x0000000100000000)
  eden space 16384K, 0% used [0x00000000eb300000,0x00000000eb300000,0x00000000ec300000)
  from space 8192K, 3% used [0x00000000ec300000,0x00000000ec340000,0x00000000ecb00000)
  to   space 8704K, 0% used [0x00000000ecb80000,0x00000000ecb80000,0x00000000ed400000)
 ParOldGen       total 44032K, used 18120K [0x00000000c1800000, 0x00000000c4300000, 0x00000000eb300000)
  object space 44032K, 41% used [0x00000000c1800000,0x00000000c29b22a0,0x00000000c4300000)
 Metaspace       used 15995K, capacity 16198K, committed 16384K, reserved 1062912K
  class space    used 1943K, capacity 2028K, committed 2048K, reserved 1048576K
}
Event: 9.336 GC heap before
{Heap before GC invocations=8 (full 0):
 PSYoungGen      total 24576K, used 15728K [0x00000000eb300000, 0x00000000ed400000, 0x0000000100000000)
  eden space 16384K, 94% used [0x00000000eb300000,0x00000000ec21c308,0x00000000ec300000)
  from space 8192K, 3% used [0x00000000ec300000,0x00000000ec340000,0x00000000ecb00000)
  to   space 8704K, 0% used [0x00000000ecb80000,0x00000000ecb80000,0x00000000ed400000)
 ParOldGen       total 44032K, used 18120K [0x00000000c1800000, 0x00000000c4300000, 0x00000000eb300000)
  object space 44032K, 41% used [0x00000000c1800000,0x00000000c29b22a0,0x00000000c4300000)
 Metaspace       used 16102K, capacity 16262K, committed 16384K, reserved 1062912K
  class space    used 1954K, capacity 2028K, committed 2048K, reserved 1048576K
Event: 9.337 GC heap after
Heap after GC invocations=8 (full 0):
 PSYoungGen      total 24576K, used 320K [0x00000000eb300000, 0x00000000ed500000, 0x0000000100000000)
  eden space 15872K, 0% used [0x00000000eb300000,0x00000000eb300000,0x00000000ec280000)
  from space 8704K, 3% used [0x00000000ecb80000,0x00000000ecbd0000,0x00000000ed400000)
  to   space 9216K, 0% used [0x00000000ec280000,0x00000000ec280000,0x00000000ecb80000)
 ParOldGen       total 44032K, used 18160K [0x00000000c1800000, 0x00000000c4300000, 0x00000000eb300000)
  object space 44032K, 41% used [0x00000000c1800000,0x00000000c29bc2a0,0x00000000c4300000)
 Metaspace       used 16102K, capacity 16262K, committed 16384K, reserved 1062912K
  class space    used 1954K, capacity 2028K, committed 2048K, reserved 1048576K
}

Deoptimization events (10 events):
Event: 0.656 Thread 0x0000000018c6b800 Uncommon trap: reason=unstable_if action=reinterpret pc=0x0000000002bd8918 method=java.lang.AbstractStringBuilder.append(Ljava/lang/String;)Ljava/lang/AbstractStringBuilder; @ 1
Event: 2.566 Thread 0x0000000018c6b800 Uncommon trap: reason=unstable_if action=reinterpret pc=0x0000000002be0e24 method=java.util.HashMap.getNode(ILjava/lang/Object;)Ljava/util/HashMap$Node; @ 84
Event: 2.566 Thread 0x0000000018c6b800 Uncommon trap: reason=unstable_if action=reinterpret pc=0x0000000002ccf200 method=java.util.HashMap.getNode(ILjava/lang/Object;)Ljava/util/HashMap$Node; @ 84
Event: 2.742 Thread 0x0000000018c6b800 Uncommon trap: reason=unstable_if action=reinterpret pc=0x0000000002d0e254 method=java.util.LinkedHashMap.get(Ljava/lang/Object;)Ljava/lang/Object; @ 20
Event: 2.749 Thread 0x0000000018c6b800 Uncommon trap: reason=unstable_if action=reinterpret pc=0x0000000002d93344 method=java.awt.MultipleGradientPaintContext.indexIntoGradientsArrays(F)I @ 93
Event: 5.531 Thread 0x0000000018c6b800 Uncommon trap: reason=class_check action=maybe_recompile pc=0x0000000002b81a28 method=java.lang.String.equals(Ljava/lang/Object;)Z @ 8
Event: 5.531 Thread 0x0000000018c6b800 Uncommon trap: reason=class_check action=maybe_recompile pc=0x0000000002b81a28 method=java.lang.String.equals(Ljava/lang/Object;)Z @ 8
Event: 5.596 Thread 0x0000000018c6b800 Uncommon trap: reason=class_check action=maybe_recompile pc=0x0000000002b81a28 method=java.lang.String.equals(Ljava/lang/Object;)Z @ 8
Event: 5.596 Thread 0x0000000018c6b800 Uncommon trap: reason=class_check action=maybe_recompile pc=0x0000000002b81a28 method=java.lang.String.equals(Ljava/lang/Object;)Z @ 8
Event: 9.260 Thread 0x0000000018c6d000 Uncommon trap: reason=unstable_if action=reinterpret pc=0x0000000002cdbd14 method=java.io.WinNTFileSystem.normalize(Ljava/lang/String;)Ljava/lang/String; @ 128

Internal exceptions (10 events):
Event: 2.625 Thread 0x0000000018c6a800 Exception <a 'java/lang/reflect/InvocationTargetException'> (0x00000000ebcc2cf8) thrown at [C:\re\workspace\8-2-build-windows-amd64-cygwin\jdk8u91\6644\hotspot\src\share\vm\runtime\reflection.cpp, line 1092]
Event: 2.631 Thread 0x0000000018c6a800 Exception <a 'java/lang/UnsatisfiedLinkError'> (0x00000000ebd6e868) thrown at [C:\re\workspace\8-2-build-windows-amd64-cygwin\jdk8u91\6644\hotspot\src\share\vm\prims\jvm.cpp, line 3969]
Event: 2.631 Thread 0x0000000018c6a800 Exception <a 'java/lang/UnsatisfiedLinkError'> (0x00000000ebd6e868) thrown at [C:\re\workspace\8-2-build-windows-amd64-cygwin\jdk8u91\6644\hotspot\src\share\vm\prims\jni.cpp, line 709]
Event: 2.632 Thread 0x0000000018c6a800 Exception <a 'java/lang/UnsatisfiedLinkError'> (0x00000000ebd71888) thrown at [C:\re\workspace\8-2-build-windows-amd64-cygwin\jdk8u91\6644\hotspot\src\share\vm\prims\jvm.cpp, line 3969]
Event: 2.632 Thread 0x0000000018c6a800 Exception <a 'java/lang/UnsatisfiedLinkError'> (0x00000000ebd71888) thrown at [C:\re\workspace\8-2-build-windows-amd64-cygwin\jdk8u91\6644\hotspot\src\share\vm\prims\jni.cpp, line 709]
Event: 2.634 Thread 0x0000000018c6a800 Exception <a 'java/lang/UnsatisfiedLinkError'> (0x00000000ebd748a8) thrown at [C:\re\workspace\8-2-build-windows-amd64-cygwin\jdk8u91\6644\hotspot\src\share\vm\prims\jvm.cpp, line 3969]
Event: 2.634 Thread 0x0000000018c6a800 Exception <a 'java/lang/UnsatisfiedLinkError'> (0x00000000ebd748a8) thrown at [C:\re\workspace\8-2-build-windows-amd64-cygwin\jdk8u91\6644\hotspot\src\share\vm\prims\jni.cpp, line 709]
Event: 2.634 Thread 0x0000000018c6a800 Exception <a 'java/lang/UnsatisfiedLinkError'> (0x00000000ebd74ee0) thrown at [C:\re\workspace\8-2-build-windows-amd64-cygwin\jdk8u91\6644\hotspot\src\share\vm\oops\instanceKlass.cpp, line 948]
Event: 2.634 Thread 0x0000000018c6a800 Exception <a 'java/lang/reflect/InvocationTargetException'> (0x00000000ebd75778) thrown at [C:\re\workspace\8-2-build-windows-amd64-cygwin\jdk8u91\6644\hotspot\src\share\vm\runtime\reflection.cpp, line 1092]
Event: 2.683 Thread 0x0000000018c6a800 Exception <a 'java/lang/NoClassDefFoundError': cl/eye/CLCamera> (0x00000000ebfbeb50) thrown at [C:\re\workspace\8-2-build-windows-amd64-cygwin\jdk8u91\6644\hotspot\src\share\vm\classfile\systemDictionary.cpp, line 199]

Events (10 events):
Event: 9.259 loading class org/bytedeco/javacpp/helper/opencv_core$AbstractCvMat$ReleaseDeallocator done
Event: 9.260 Thread 0x0000000018c6d000 Uncommon trap: trap_request=0xffffff65 fr.pc=0x0000000002cdbd14
Event: 9.260 Thread 0x0000000018c6d000 DEOPT PACKING pc=0x0000000002cdbd14 sp=0x000000002f1beef0
Event: 9.260 Thread 0x0000000018c6d000 DEOPT UNPACKING pc=0x0000000002a2582a sp=0x000000002f1bef00 mode 2
Event: 9.262 loading class java/nio/DirectIntBufferU
Event: 9.262 loading class java/nio/DirectIntBufferU done
Event: 9.336 Executing VM operation: ParallelGCFailedAllocation
Event: 9.337 Executing VM operation: ParallelGCFailedAllocation done
Event: 9.337 Executing VM operation: RevokeBias
Event: 9.338 Executing VM operation: RevokeBias done


Dynamic libraries:
0x00007ff722950000 - 0x00007ff722987000 	C:\Program Files\Java\jdk1.8.0_91\bin\java.exe
0x00007ffcedb30000 - 0x00007ffcedd0b000 	C:\WINDOWS\SYSTEM32\ntdll.dll
0x00007ffced640000 - 0x00007ffced6ee000 	C:\WINDOWS\System32\KERNEL32.DLL
0x00007ffceae40000 - 0x00007ffceb089000 	C:\WINDOWS\System32\KERNELBASE.dll
0x00007ffceb920000 - 0x00007ffceb9c1000 	C:\WINDOWS\System32\ADVAPI32.dll
0x00007ffced2e0000 - 0x00007ffced37d000 	C:\WINDOWS\System32\msvcrt.dll
0x00007ffceb860000 - 0x00007ffceb8b9000 	C:\WINDOWS\System32\sechost.dll
0x00007ffced030000 - 0x00007ffced155000 	C:\WINDOWS\System32\RPCRT4.dll
0x00007ffceb5b0000 - 0x00007ffceb6fa000 	C:\WINDOWS\System32\USER32.dll
0x00007ffceac90000 - 0x00007ffceacae000 	C:\WINDOWS\System32\win32u.dll
0x00007ffceb820000 - 0x00007ffceb847000 	C:\WINDOWS\System32\GDI32.dll
0x00007ffceacb0000 - 0x00007ffceae37000 	C:\WINDOWS\System32\gdi32full.dll
0x00007ffcea050000 - 0x00007ffcea0ea000 	C:\WINDOWS\System32\msvcp_win.dll
0x00007ffcea1a0000 - 0x00007ffcea296000 	C:\WINDOWS\System32\ucrtbase.dll
0x00007ffcd8460000 - 0x00007ffcd86c7000 	C:\WINDOWS\WinSxS\amd64_microsoft.windows.common-controls_6595b64144ccf1df_6.0.15063.483_none_26002d27e7c744a2\COMCTL32.dll
0x00007ffceb110000 - 0x00007ffceb409000 	C:\WINDOWS\System32\combase.dll
0x00007ffceaa50000 - 0x00007ffceaaba000 	C:\WINDOWS\System32\bcryptPrimitives.dll
0x00007ffced380000 - 0x00007ffced3ad000 	C:\WINDOWS\System32\IMM32.DLL
0x0000000076fd0000 - 0x00000000770a2000 	C:\Program Files\Java\jdk1.8.0_91\jre\bin\msvcr100.dll
0x00000000753c0000 - 0x0000000075c53000 	C:\Program Files\Java\jdk1.8.0_91\jre\bin\server\jvm.dll
0x00007ffceb090000 - 0x00007ffceb098000 	C:\WINDOWS\System32\PSAPI.DLL
0x00007ffce8520000 - 0x00007ffce8543000 	C:\WINDOWS\SYSTEM32\WINMM.dll
0x00007ffcde190000 - 0x00007ffcde19a000 	C:\WINDOWS\SYSTEM32\VERSION.dll
0x00007ffce84c0000 - 0x00007ffce84eb000 	C:\WINDOWS\SYSTEM32\winmmbase.dll
0x00007ffce5240000 - 0x00007ffce5249000 	C:\WINDOWS\SYSTEM32\WSOCK32.dll
0x00007ffcea300000 - 0x00007ffcea349000 	C:\WINDOWS\System32\cfgmgr32.dll
0x00007ffceb0a0000 - 0x00007ffceb10c000 	C:\WINDOWS\System32\WS2_32.dll
0x0000000076fc0000 - 0x0000000076fcf000 	C:\Program Files\Java\jdk1.8.0_91\jre\bin\verify.dll
0x0000000075350000 - 0x0000000075379000 	C:\Program Files\Java\jdk1.8.0_91\jre\bin\java.dll
0x0000000076fa0000 - 0x0000000076fb6000 	C:\Program Files\Java\jdk1.8.0_91\jre\bin\zip.dll
0x00007ffceb9d0000 - 0x00007ffcece06000 	C:\WINDOWS\System32\SHELL32.dll
0x00007ffcecf20000 - 0x00007ffcecfca000 	C:\WINDOWS\System32\shcore.dll
0x00007ffcea350000 - 0x00007ffceaa41000 	C:\WINDOWS\System32\windows.storage.dll
0x00007ffced3b0000 - 0x00007ffced401000 	C:\WINDOWS\System32\shlwapi.dll
0x00007ffcea010000 - 0x00007ffcea021000 	C:\WINDOWS\System32\kernel.appcore.dll
0x00007ffce9fc0000 - 0x00007ffcea00c000 	C:\WINDOWS\System32\powrprof.dll
0x00007ffce9fa0000 - 0x00007ffce9fb5000 	C:\WINDOWS\System32\profapi.dll
0x0000000075170000 - 0x0000000075308000 	C:\Program Files\Java\jdk1.8.0_91\jre\bin\awt.dll
0x00007ffced410000 - 0x00007ffced4d0000 	C:\WINDOWS\System32\OLEAUT32.dll
0x00007ffce8740000 - 0x00007ffce87be000 	C:\WINDOWS\SYSTEM32\apphelp.dll
0x00007ffce8a10000 - 0x00007ffce8aa5000 	C:\WINDOWS\system32\uxtheme.dll
0x00007ffced170000 - 0x00007ffced2d6000 	C:\WINDOWS\System32\MSCTF.dll
0x00007ffce7020000 - 0x00007ffce704a000 	C:\WINDOWS\system32\dwmapi.dll
0x00007ffced4d0000 - 0x00007ffced615000 	C:\WINDOWS\System32\ole32.dll
0x0000000075120000 - 0x0000000075167000 	C:\Program Files\Java\jdk1.8.0_91\jre\bin\fontmanager.dll
0x00007ffccab80000 - 0x00007ffccac6f000 	C:\Users\Joao_\.javacpp\cache\opencv-windows-x86_64.jar\org\bytedeco\javacpp\windows-x86_64\msvcr120.dll
0x00007ffcdaad0000 - 0x00007ffcdab76000 	C:\Users\Joao_\.javacpp\cache\opencv-windows-x86_64.jar\org\bytedeco\javacpp\windows-x86_64\msvcp120.dll
0x00007ffcba890000 - 0x00007ffcbab0a000 	C:\Users\Joao_\.javacpp\cache\opencv-windows-x86_64.jar\org\bytedeco\javacpp\windows-x86_64\opencv_core310.dll
0x00007ffcb3cb0000 - 0x00007ffcb3ff2000 	C:\Users\Joao_\.javacpp\cache\opencv-windows-x86_64.jar\org\bytedeco\javacpp\windows-x86_64\opencv_imgproc310.dll
0x00007ffcba1c0000 - 0x00007ffcba3e7000 	C:\Users\Joao_\.javacpp\cache\opencv-windows-x86_64.jar\org\bytedeco\javacpp\windows-x86_64\jniopencv_core.dll
0x0000000075330000 - 0x000000007534a000 	C:\Program Files\Java\jdk1.8.0_91\jre\bin\net.dll
0x00007ffce9850000 - 0x00007ffce98ac000 	C:\WINDOWS\system32\mswsock.dll
0x0000000075310000 - 0x0000000075321000 	C:\Program Files\Java\jdk1.8.0_91\jre\bin\nio.dll
0x00007ffccaa90000 - 0x00007ffccab7d000 	C:\Users\Joao_\.javacpp\cache\opencv-windows-x86_64.jar\org\bytedeco\javacpp\windows-x86_64\jniopencv_imgproc.dll
0x00007ffcb5750000 - 0x00007ffcb5a19000 	C:\Users\Joao_\.javacpp\cache\opencv-windows-x86_64.jar\org\bytedeco\javacpp\windows-x86_64\opencv_imgcodecs310.dll
0x00007ffcdd8f0000 - 0x00007ffcdd915000 	C:\Users\Joao_\.javacpp\cache\opencv-windows-x86_64.jar\org\bytedeco\javacpp\windows-x86_64\jniopencv_imgcodecs.dll
0x00007ffcda530000 - 0x00007ffcda583000 	C:\Users\Joao_\.javacpp\cache\opencv-windows-x86_64.jar\org\bytedeco\javacpp\windows-x86_64\opencv_videoio310.dll
0x00007ffcdaa40000 - 0x00007ffcdaa69000 	C:\WINDOWS\SYSTEM32\MSVFW32.dll
0x00007ffce0110000 - 0x00007ffce0128000 	C:\WINDOWS\SYSTEM32\AVICAP32.dll
0x00007ffcdf1e0000 - 0x00007ffcdf1ff000 	C:\WINDOWS\SYSTEM32\AVIFIL32.dll
0x00007ffcd5d40000 - 0x00007ffcd5d5c000 	C:\WINDOWS\SYSTEM32\MSACM32.dll
0x00007ffcdefd0000 - 0x00007ffcdefe7000 	C:\Users\Joao_\.javacpp\cache\opencv-windows-x86_64.jar\org\bytedeco\javacpp\windows-x86_64\jniopencv_videoio.dll
0x00007ffcda290000 - 0x00007ffcda2bc000 	C:\Users\Joao_\.javacpp\cache\opencv-windows-x86_64.jar\org\bytedeco\javacpp\windows-x86_64\opencv_highgui310.dll
0x00007ffcece10000 - 0x00007ffcecf18000 	C:\WINDOWS\System32\COMDLG32.dll
0x00007ffcd2150000 - 0x00007ffcd2185000 	C:\Users\Joao_\.javacpp\cache\opencv-windows-x86_64.jar\org\bytedeco\javacpp\windows-x86_64\jniopencv_highgui.dll
0x00007ffccb320000 - 0x00007ffccb3ed000 	C:\Users\Joao_\.javacpp\cache\opencv-windows-x86_64.jar\org\bytedeco\javacpp\windows-x86_64\opencv_ml310.dll
0x00007ffccb0d0000 - 0x00007ffccb10f000 	C:\Users\Joao_\.javacpp\cache\opencv-windows-x86_64.jar\org\bytedeco\javacpp\windows-x86_64\jniopencv_ml.dll
0x00007ffcc6a20000 - 0x00007ffcc6ab6000 	C:\Users\Joao_\.javacpp\cache\opencv-windows-x86_64.jar\org\bytedeco\javacpp\windows-x86_64\opencv_objdetect310.dll
0x00007ffcc8c00000 - 0x00007ffcc8c54000 	C:\Users\Joao_\.javacpp\cache\opencv-windows-x86_64.jar\org\bytedeco\javacpp\windows-x86_64\jniopencv_objdetect.dll
0x00007ffccb080000 - 0x00007ffccb0c6000 	C:\Users\Joao_\.javacpp\cache\opencv-windows-x86_64.jar\org\bytedeco\javacpp\windows-x86_64\opencv_face310.dll
0x00007ffcdd650000 - 0x00007ffcdd66a000 	C:\Users\Joao_\.javacpp\cache\opencv-windows-x86_64.jar\org\bytedeco\javacpp\windows-x86_64\jniopencv_face.dll
0x00007ffcda260000 - 0x00007ffcda286000 	C:\Users\Joao_\.javacpp\cache\videoinput-windows-x86_64.jar\org\bytedeco\javacpp\windows-x86_64\jnivideoInputLib.dll
0x00000000750d0000 - 0x0000000075112000 	C:\Program Files\Java\jdk1.8.0_91\jre\bin\t2k.dll
0x0000000075040000 - 0x0000000075055000 	C:\Users\Joao_\.javacpp\cache\libfreenect-windows-x86_64.jar\org\bytedeco\javacpp\windows-x86_64\libusb0.dll
0x00007ffced6f0000 - 0x00007ffcedb2b000 	C:\WINDOWS\System32\SETUPAPI.dll
0x00007ffccadb0000 - 0x00007ffccade4000 	C:\Users\Joao_\.javacpp\cache\libfreenect-windows-x86_64.jar\org\bytedeco\javacpp\windows-x86_64\freenect.dll
0x00007ffcdd520000 - 0x00007ffcdd539000 	C:\Users\Joao_\.javacpp\cache\libfreenect-windows-x86_64.jar\org\bytedeco\javacpp\windows-x86_64\pthreadVC2.dll
0x00007ffcd8390000 - 0x00007ffcd83b4000 	C:\Users\Joao_\.javacpp\cache\libfreenect-windows-x86_64.jar\org\bytedeco\javacpp\windows-x86_64\jnifreenect.dll
0x00007ffceb700000 - 0x00007ffceb79e000 	C:\WINDOWS\System32\clbcatq.dll
0x00007ffce3bd0000 - 0x00007ffce3d7c000 	C:\WINDOWS\SYSTEM32\WindowsCodecs.dll
0x00007ffcd4f90000 - 0x00007ffcd4fd7000 	C:\WINDOWS\system32\dataexchange.dll
0x00007ffce7780000 - 0x00007ffce7a5f000 	C:\WINDOWS\system32\d3d11.dll
0x00007ffce8100000 - 0x00007ffce8222000 	C:\WINDOWS\system32\dcomp.dll
0x00007ffce8f20000 - 0x00007ffce8fc4000 	C:\WINDOWS\system32\dxgi.dll
0x00007ffce88a0000 - 0x00007ffce8a10000 	C:\WINDOWS\system32\twinapi.appcore.dll
0x00007ffce9ea0000 - 0x00007ffce9ec5000 	C:\WINDOWS\system32\bcrypt.dll
0x00007ffce2780000 - 0x00007ffce2802000 	C:\WINDOWS\System32\TextInputFramework.dll
0x00007ffce2910000 - 0x00007ffce2be2000 	C:\WINDOWS\System32\CoreUIComponents.dll
0x00007ffce8010000 - 0x00007ffce80f3000 	C:\WINDOWS\System32\CoreMessaging.dll
0x00007ffce91b0000 - 0x00007ffce91e1000 	C:\WINDOWS\SYSTEM32\ntmarta.dll
0x00007ffce6030000 - 0x00007ffce6169000 	C:\WINDOWS\SYSTEM32\wintypes.dll
0x00007ffce6cc0000 - 0x00007ffce6cd5000 	C:\WINDOWS\SYSTEM32\usermgrcli.dll
0x00007ffcdc3b0000 - 0x00007ffcdc3c7000 	C:\Windows\System32\devenum.dll
0x00007ffce8bc0000 - 0x00007ffce8be8000 	C:\WINDOWS\SYSTEM32\DEVOBJ.dll
0x00007ffcea2a0000 - 0x00007ffcea2f6000 	C:\WINDOWS\System32\WINTRUST.dll
0x00007ffcea030000 - 0x00007ffcea041000 	C:\WINDOWS\System32\MSASN1.dll
0x00007ffceaac0000 - 0x00007ffceac89000 	C:\WINDOWS\System32\CRYPT32.dll
0x00007ffce5e90000 - 0x00007ffce5e9b000 	C:\WINDOWS\SYSTEM32\msdmo.dll
0x00007ffcc92c0000 - 0x00007ffcc92f2000 	C:\Windows\System32\qcap.dll
0x00007ffcbbbc0000 - 0x00007ffcbbd7c000 	C:\Windows\System32\quartz.dll
0x00007ffcc7490000 - 0x00007ffcc74dd000 	C:\Windows\System32\mfksproxy.dll
0x00007ffcd91b0000 - 0x00007ffcd91cc000 	C:\Windows\System32\ATL.DLL
0x00007ffcdb170000 - 0x00007ffcdb1a2000 	C:\Windows\System32\MFSENSORGROUP.dll
0x00007ffcd78c0000 - 0x00007ffcd7a60000 	C:\Windows\System32\MFPlat.DLL
0x00007ffcd3990000 - 0x00007ffcd39c2000 	C:\Windows\System32\RTWorkQ.DLL
0x0000000075090000 - 0x00000000750ba000 	C:\Program Files\Java\jdk1.8.0_91\jre\bin\dcpr.dll
0x00007ffcc5670000 - 0x00007ffcc56b8000 	C:\Windows\System32\ksproxy.ax
0x00007ffcbfe30000 - 0x00007ffcbffb9000 	C:\Windows\System32\d3d9.dll
0x00007ffce7320000 - 0x00007ffce7329000 	C:\Windows\System32\ksuser.dll
0x00007ffce5db0000 - 0x00007ffce5e27000 	C:\WINDOWS\SYSTEM32\policymanager.dll
0x00007ffce5d20000 - 0x00007ffce5daf000 	C:\Windows\System32\msvcp110_win.dll
0x00007ffce4f50000 - 0x00007ffce4f5c000 	C:\Windows\System32\vidcap.ax
0x00007ffcd2120000 - 0x00007ffcd2146000 	C:\Windows\System32\kswdmcap.ax
0x00007ffcb52a0000 - 0x00007ffcb5404000 	C:\Windows\System32\MFC42.dll
0x00007ffcc55d0000 - 0x00007ffcc566f000 	C:\Windows\System32\qedit.dll
0x00007ffce2240000 - 0x00007ffce23d5000 	C:\WINDOWS\WinSxS\amd64_microsoft.windows.gdiplus_6595b64144ccf1df_1.1.15063.608_none_56f0266b425534e9\gdiplus.dll
0x00007ffcbed90000 - 0x00007ffcbee86000 	C:\Windows\System32\DDRAW.dll
0x00007ffce45b0000 - 0x00007ffce45b8000 	C:\Windows\System32\DCIMAN32.dll
0x00007ffcad5d0000 - 0x00007ffcad7e7000 	C:\Program Files (x86)\K-Lite Codec Pack\Filters\DirectVobSub64\vsfilter.dll
0x00007ffcd8880000 - 0x00007ffcd88eb000 	C:\WINDOWS\SYSTEM32\OLEACC.dll
0x00007ffcd9580000 - 0x00007ffcd960a000 	C:\WINDOWS\SYSTEM32\WINSPOOL.DRV
0x00007ffcd8970000 - 0x00007ffcd8c9e000 	C:\WINDOWS\SYSTEM32\WININET.dll
0x00007ffce4590000 - 0x00007ffce459c000 	C:\WINDOWS\SYSTEM32\msyuv.dll
0x00007ffcde610000 - 0x00007ffcde7b9000 	C:\WINDOWS\SYSTEM32\dbghelp.dll

VM Arguments:
jvm_args: -Dfile.encoding=UTF-8 -Djava.library.path=C:\opencv\build\java\x64 
java_command: main.main
java_class_path (initial): C:\Users\Joao_\Downloads\javacpp-1.3-bin\javacpp-bin\javacpp.jar;C:\Users\Joao_\Downloads\javacv-platform-1.3-bin\javacv-bin\opencv-windows-x86_64.jar;C:\Users\Joao_\Downloads\javacv-platform-1.3-bin\javacv-bin\videoinput-windows-x86_64.jar;C:\Users\Joao_\Downloads\javacv-platform-1.3-bin\javacv-bin\artoolkitplus-windows-x86_64.jar;C:\Users\Joao_\Downloads\javacv-platform-1.3-bin\javacv-bin\ffmpeg-windows-x86_64.jar;C:\Users\Joao_\Downloads\javacv-platform-1.3-bin\javacv-bin\flandmark-windows-x86_64.jar;C:\Users\Joao_\Downloads\javacv-platform-1.3-bin\javacv-bin\flycapture-windows-x86_64.jar;C:\Users\Joao_\Downloads\javacv-platform-1.3-bin\javacv-bin\javacv-platform.jar;C:\Users\Joao_\Downloads\javacv-platform-1.3-bin\javacv-bin\javacv.jar;C:\Users\Joao_\Downloads\javacv-platform-1.3-bin\javacv-bin\libdc1394-windows-x86_64.jar;C:\Users\Joao_\Downloads\javacv-platform-1.3-bin\javacv-bin\libfreenect-platform.jar;C:\Users\Joao_\Downloads\javacv-platform-1.3-bin\javacv-bin\libfreenect-windows-x86_64.jar;C:\Users\Joao_\Downloads\javacv-platform-1.3-bin\javacv-bin\librealsense-platform.jar;C:\Users\Joao_\Downloads\javacv-platform-1.3-bin\javacv-bin\librealsense.jar;C:\Users\Joao_\Downloads\javacv-platform-1.3-bin\javacv-bin\opencv.jar;C:\Users\Joao_\Downloads\javacv-platform-1.3-bin\javacv-bin\videoinput.jar;C:\TCC.UniSecurity\build\classes
Launcher Type: SUN_STANDARD

Environment Variables:
PATH=C:\ProgramData\Oracle\Java\javapath;C:\WINDOWS\system32;C:\WINDOWS;C:\WINDOWS\System32\Wbem;C:\WINDOWS\System32\WindowsPowerShell\v1.0\;C:\Program Files (x86)\Skype\Phone\;C:\Program Files\Microsoft SQL Server\120\DTS\Binn\;C:\Program Files\Microsoft SQL Server\Client SDK\ODBC\110\Tools\Binn\;C:\Program Files (x86)\Microsoft SQL Server\120\Tools\Binn\;C:\Program Files\Microsoft SQL Server\120\Tools\Binn\;C:\Program Files (x86)\Microsoft SQL Server\120\Tools\Binn\ManagementStudio\;C:\Program Files (x86)\Microsoft SQL Server\120\DTS\Binn\;C:\Program Files\CMake\bin;C:\opencv\build\x64\vc14\bin;C:\Users\Joao_\AppData\Local\Programs\Python\Python37\Scripts\;C:\Users\Joao_\AppData\Local\Programs\Python\Python37\;C:\Users\Joao_\AppData\Local\Microsoft\WindowsApps;
USERNAME=Joao_
OS=Windows_NT
PROCESSOR_IDENTIFIER=Intel64 Family 6 Model 58 Stepping 9, GenuineIntel



---------------  S Y S T E M  ---------------

OS: Windows 10.0 , 64 bit Build 15063 (10.0.15063.296)

CPU:total 4 (2 cores per cpu, 2 threads per core) family 6 model 58 stepping 9, cmov, cx8, fxsr, mmx, sse, sse2, sse3, ssse3, sse4.1, sse4.2, popcnt, avx, aes, clmul, erms, ht, tsc, tscinvbit, tscinv

Memory: 4k page, physical 4092772k(1037120k free), swap 5534564k(1536836k free)

vm_info: Java HotSpot(TM) 64-Bit Server VM (25.91-b14) for windows-amd64 JRE (1.8.0_91-b14), built on Apr  1 2016 00:58:32 by "java_re" with MS VC++ 10.0 (VS2010)

time: Thu Oct 19 20:16:05 2017
elapsed time: 9 seconds (0d 0h 0m 9s)

