#
# A fatal error has been detected by the Java Runtime Environment:
#
#  EXCEPTION_ACCESS_VIOLATION (0xc0000005) at pc=0x00007ff94bb1b907, pid=7904, tid=1272
#
# JRE version: Java(TM) SE Runtime Environment (8.0_91-b14) (build 1.8.0_91-b14)
# Java VM: Java HotSpot(TM) 64-Bit Server VM (25.91-b14 mixed mode windows-amd64 compressed oops)
# Problematic frame:
# C  [opencv_face310.dll+0x1b907]
#
# Failed to write core dump. Minidumps are not enabled by default on client versions of Windows
#
# If you would like to submit a bug report, please visit:
#   http://bugreport.java.com/bugreport/crash.jsp
# The crash happened outside the Java Virtual Machine in native code.
# See problematic frame for where to report the bug.
#

---------------  T H R E A D  ---------------

Current thread (0x0000000018cbb800):  JavaThread "pool-1-thread-1" [_thread_in_native, id=1272, stack(0x000000002ea20000,0x000000002eb20000)]

siginfo: ExceptionCode=0xc0000005, reading address 0x0000000017ffd000

Registers:
RAX=0x000000002eb1eab0, RBX=0x00000000000000a8, RCX=0x0000000017ffcfff, RDX=0x0000000017ffcfff
RSP=0x000000002eb1e9d0, RBP=0x000000002eb1ead0, RSI=0x000000000000005c, RDI=0x000000000000002b
R8 =0x0000000017ffcd50, R9 =0x000000000000005c, R10=0x000000000000002b, R11=0x0000000000000007
R12=0xffffffffffffffff, R13=0x0000000000000001, R14=0x0000000000000001, R15=0x0000000000000000
RIP=0x00007ff94bb1b907, EFLAGS=0x0000000000010206

Top of Stack: (sp=0x000000002eb1e9d0)
0x000000002eb1e9d0:   0000000080000000 000000002eb1eac0
0x000000002eb1e9e0:   0000000000000008 000000002eb1ec90
0x000000002eb1e9f0:   00000000ffffffff 0000000000000000
0x000000002eb1ea00:   0000000000000000 000000002eb1ea10
0x000000002eb1ea10:   0000000100000007 0000000000000008
0x000000002eb1ea20:   0000000000000000 0000000000000000
0x000000002eb1ea30:   0000000000000000 00000000c1020006
0x000000002eb1ea40:   000000002eb1ea28 0000000100000001
0x000000002eb1ea50:   fffffffffffffffe 0000000000000000
0x000000002eb1ea60:   0000000242ff4000 0000005c00000070
0x000000002eb1ea70:   0000000017ffcd50 0000000017ffcd50
0x000000002eb1ea80:   0000000017fff590 0000000017fff590
0x000000002eb1ea90:   0000000000000000 0000000000000000
0x000000002eb1eaa0:   000000002eb1ea68 000000002eb1eab0
0x000000002eb1eab0:   000000000000005c 0000000000000001
0x000000002eb1eac0:   0000000242ff4004 0000005a0000006e 

Instructions: (pc=0x00007ff94bb1b907)
0x00007ff94bb1b8e7:   08 4b 8d 0c 03 49 0f af c9 4c 8b 45 a0 49 03 c8
0x00007ff94bb1b8f7:   49 03 ca 49 8b d3 49 0f af d1 49 03 d0 49 03 d2
0x00007ff94bb1b907:   41 0f b6 44 0d 00 66 0f 6e d0 0f 5b d2 f3 0f 59
0x00007ff94bb1b917:   d3 48 63 44 24 44 48 8b f0 0f b6 04 08 66 0f 6e 


Register to memory mapping:

RAX=0x000000002eb1eab0 is pointing into the stack for thread: 0x0000000018cbb800
RBX=0x00000000000000a8 is an unknown value
RCX=0x0000000017ffcfff is an unknown value
RDX=0x0000000017ffcfff is an unknown value
RSP=0x000000002eb1e9d0 is pointing into the stack for thread: 0x0000000018cbb800
RBP=0x000000002eb1ead0 is pointing into the stack for thread: 0x0000000018cbb800
RSI=0x000000000000005c is an unknown value
RDI=0x000000000000002b is an unknown value
R8 =0x0000000017ffcd50 is an unknown value
R9 =0x000000000000005c is an unknown value
R10=0x000000000000002b is an unknown value
R11=0x0000000000000007 is an unknown value
R12=0xffffffffffffffff is an unknown value
R13=0x0000000000000001 is an unknown value
R14=0x0000000000000001 is an unknown value
R15=0x0000000000000000 is an unknown value


Stack: [0x000000002ea20000,0x000000002eb20000],  sp=0x000000002eb1e9d0,  free space=1018k
Native frames: (J=compiled Java code, j=interpreted, Vv=VM code, C=native code)
C  [opencv_face310.dll+0x1b907]
C  [opencv_face310.dll+0x1e2ba]
C  [opencv_face310.dll+0x1e235]
C  [opencv_face310.dll+0x20a6b]
C  [jniopencv_face.dll+0x7b42]
C  0x0000000002fe7f54

Java frames: (J=compiled Java code, j=interpreted, Vv=VM code)
j  org.bytedeco.javacpp.opencv_face$FaceRecognizer.train(Lorg/bytedeco/javacpp/opencv_core$MatVector;Lorg/bytedeco/javacpp/opencv_core$Mat;)V+0
j  processing.LBPHFaceRecognizer.retrainAll()V+237
j  processing.LBPHFaceRecognizer.saveNewFace(Ljava/lang/String;[Lorg/bytedeco/javacpp/opencv_core$IplImage;)Z+141
j  processing.FacePanel$2.run()V+52
j  java.util.concurrent.ThreadPoolExecutor.runWorker(Ljava/util/concurrent/ThreadPoolExecutor$Worker;)V+95
j  java.util.concurrent.ThreadPoolExecutor$Worker.run()V+5
j  java.lang.Thread.run()V+11
v  ~StubRoutines::call_stub

---------------  P R O C E S S  ---------------

Java Threads: ( => current thread )
=>0x0000000018cbb800 JavaThread "pool-1-thread-1" [_thread_in_native, id=1272, stack(0x000000002ea20000,0x000000002eb20000)]
  0x00000000155e5800 JavaThread "TimerQueue" daemon [_thread_blocked, id=7156, stack(0x000000002cac0000,0x000000002cbc0000)]
  0x0000000016f38800 JavaThread "Thread-1" [_thread_blocked, id=8916, stack(0x000000001ab10000,0x000000001ac10000)]
  0x0000000002ced800 JavaThread "DestroyJavaVM" [_thread_blocked, id=8772, stack(0x0000000002dd0000,0x0000000002ed0000)]
  0x0000000017c88800 JavaThread "AWT-EventQueue-0" [_thread_blocked, id=10180, stack(0x0000000019a10000,0x0000000019b10000)]
  0x0000000017c8c000 JavaThread "AWT-Shutdown" [_thread_blocked, id=6788, stack(0x0000000019910000,0x0000000019a10000)]
  0x000000001799f000 JavaThread "JavaCPP Deallocator" daemon [_thread_blocked, id=6212, stack(0x0000000018190000,0x0000000018290000)]
  0x000000001778e000 JavaThread "AWT-Windows" daemon [_thread_in_native, id=496, stack(0x0000000018040000,0x0000000018140000)]
  0x0000000017748800 JavaThread "Java2D Disposer" daemon [_thread_blocked, id=4496, stack(0x0000000017e40000,0x0000000017f40000)]
  0x0000000016f40800 JavaThread "Service Thread" daemon [_thread_blocked, id=7076, stack(0x0000000017310000,0x0000000017410000)]
  0x00000000155c7000 JavaThread "C1 CompilerThread2" daemon [_thread_blocked, id=4764, stack(0x0000000016e10000,0x0000000016f10000)]
  0x00000000155c0000 JavaThread "C2 CompilerThread1" daemon [_thread_blocked, id=11684, stack(0x0000000016d10000,0x0000000016e10000)]
  0x00000000155bd800 JavaThread "C2 CompilerThread0" daemon [_thread_blocked, id=6540, stack(0x0000000016c10000,0x0000000016d10000)]
  0x00000000155bc000 JavaThread "Attach Listener" daemon [_thread_blocked, id=7972, stack(0x0000000016b10000,0x0000000016c10000)]
  0x00000000155ba800 JavaThread "Signal Dispatcher" daemon [_thread_blocked, id=8088, stack(0x0000000016a10000,0x0000000016b10000)]
  0x00000000155a9000 JavaThread "Finalizer" daemon [_thread_blocked, id=6408, stack(0x0000000016820000,0x0000000016920000)]
  0x0000000002fc1000 JavaThread "Reference Handler" daemon [_thread_blocked, id=4236, stack(0x0000000016720000,0x0000000016820000)]

Other Threads:
  0x0000000015587000 VMThread [stack: 0x0000000016620000,0x0000000016720000] [id=10448]
  0x000000001561e800 WatcherThread [stack: 0x0000000017410000,0x0000000017510000] [id=10204]

VM state:not at safepoint (normal execution)

VM Mutex/Monitor currently owned by a thread: None

Heap:
 PSYoungGen      total 21504K, used 14954K [0x00000000eb300000, 0x00000000ecd00000, 0x0000000100000000)
  eden space 16384K, 90% used [0x00000000eb300000,0x00000000ec17a920,0x00000000ec300000)
  from space 5120K, 2% used [0x00000000ec300000,0x00000000ec320000,0x00000000ec800000)
  to   space 5120K, 0% used [0x00000000ec800000,0x00000000ec800000,0x00000000ecd00000)
 ParOldGen       total 44032K, used 5391K [0x00000000c1800000, 0x00000000c4300000, 0x00000000eb300000)
  object space 44032K, 12% used [0x00000000c1800000,0x00000000c1d43fa0,0x00000000c4300000)
 Metaspace       used 16343K, capacity 16582K, committed 16896K, reserved 1064960K
  class space    used 1954K, capacity 2028K, committed 2048K, reserved 1048576K

Card table byte_map: [0x0000000012390000,0x0000000012590000] byte_map_base: 0x0000000011d84000

Marking Bits: (ParMarkBitMap*) 0x0000000058372f70
 Begin Bits: [0x0000000012ae0000, 0x0000000013a80000)
 End Bits:   [0x0000000013a80000, 0x0000000014a20000)

Polling page: 0x0000000002c90000

CodeCache: size=245760Kb used=5903Kb max_used=5903Kb free=239856Kb
 bounds [0x0000000002fd0000, 0x00000000035a0000, 0x0000000011fd0000]
 total_blobs=2355 nmethods=1727 adapters=540
 compilation: enabled

Compilation events (10 events):
Event: 36.152 Thread 0x00000000155c7000 1720       3       java.util.HashSet::remove (20 bytes)
Event: 36.152 Thread 0x00000000155c7000 nmethod 1720 0x0000000003593290 code [0x0000000003593400, 0x0000000003593688]
Event: 36.480 Thread 0x00000000155c7000 1722       3       org.bytedeco.javacpp.helper.opencv_core$AbstractCvMat::put (24 bytes)
Event: 36.481 Thread 0x00000000155c7000 nmethod 1722 0x0000000003594250 code [0x0000000003594400, 0x00000000035949a8]
Event: 36.481 Thread 0x00000000155c7000 1723       3       java.nio.DirectIntBufferU::put (18 bytes)
Event: 36.482 Thread 0x00000000155c7000 nmethod 1723 0x0000000003594b90 code [0x0000000003594d00, 0x0000000003594f70]
Event: 36.482 Thread 0x00000000155c7000 1724       3       java.nio.DirectIntBufferU::ix (10 bytes)
Event: 36.482 Thread 0x00000000155c7000 nmethod 1724 0x0000000003595090 code [0x00000000035951e0, 0x0000000003595350]
Event: 36.482 Thread 0x00000000155c7000 1727       3       org.bytedeco.javacpp.helper.opencv_core$AbstractCvMat::getIntBuffer (42 bytes)
Event: 36.483 Thread 0x00000000155c7000 nmethod 1727 0x00000000035953d0 code [0x00000000035955a0, 0x0000000003595e28]

GC Heap History (10 events):
Event: 28.630 GC heap before
{Heap before GC invocations=7 (full 0):
 PSYoungGen      total 20992K, used 18667K [0x00000000eb300000, 0x00000000ecc00000, 0x0000000100000000)
  eden space 16384K, 97% used [0x00000000eb300000,0x00000000ec297200,0x00000000ec300000)
  from space 4608K, 58% used [0x00000000ec780000,0x00000000eca23c10,0x00000000ecc00000)
  to   space 4608K, 0% used [0x00000000ec300000,0x00000000ec300000,0x00000000ec780000)
 ParOldGen       total 44032K, used 2675K [0x00000000c1800000, 0x00000000c4300000, 0x00000000eb300000)
  object space 44032K, 6% used [0x00000000c1800000,0x00000000c1a9ccb0,0x00000000c4300000)
 Metaspace       used 16103K, capacity 16326K, committed 16640K, reserved 1064960K
  class space    used 1943K, capacity 2028K, committed 2048K, reserved 1048576K
Event: 28.636 GC heap after
Heap after GC invocations=7 (full 0):
 PSYoungGen      total 20992K, used 288K [0x00000000eb300000, 0x00000000ecd00000, 0x0000000100000000)
  eden space 16384K, 0% used [0x00000000eb300000,0x00000000eb300000,0x00000000ec300000)
  from space 4608K, 6% used [0x00000000ec300000,0x00000000ec348000,0x00000000ec780000)
  to   space 5120K, 0% used [0x00000000ec800000,0x00000000ec800000,0x00000000ecd00000)
 ParOldGen       total 44032K, used 5085K [0x00000000c1800000, 0x00000000c4300000, 0x00000000eb300000)
  object space 44032K, 11% used [0x00000000c1800000,0x00000000c1cf77b0,0x00000000c4300000)
 Metaspace       used 16103K, capacity 16326K, committed 16640K, reserved 1064960K
  class space    used 1943K, capacity 2028K, committed 2048K, reserved 1048576K
}
Event: 30.334 GC heap before
{Heap before GC invocations=8 (full 0):
 PSYoungGen      total 20992K, used 16261K [0x00000000eb300000, 0x00000000ecd00000, 0x0000000100000000)
  eden space 16384K, 97% used [0x00000000eb300000,0x00000000ec299580,0x00000000ec300000)
  from space 4608K, 6% used [0x00000000ec300000,0x00000000ec348000,0x00000000ec780000)
  to   space 5120K, 0% used [0x00000000ec800000,0x00000000ec800000,0x00000000ecd00000)
 ParOldGen       total 44032K, used 5085K [0x00000000c1800000, 0x00000000c4300000, 0x00000000eb300000)
  object space 44032K, 11% used [0x00000000c1800000,0x00000000c1cf77b0,0x00000000c4300000)
 Metaspace       used 16190K, capacity 16390K, committed 16640K, reserved 1064960K
  class space    used 1943K, capacity 2028K, committed 2048K, reserved 1048576K
Event: 30.336 GC heap after
Heap after GC invocations=8 (full 0):
 PSYoungGen      total 21504K, used 352K [0x00000000eb300000, 0x00000000ecd00000, 0x0000000100000000)
  eden space 16384K, 0% used [0x00000000eb300000,0x00000000eb300000,0x00000000ec300000)
  from space 5120K, 6% used [0x00000000ec800000,0x00000000ec858000,0x00000000ecd00000)
  to   space 5120K, 0% used [0x00000000ec300000,0x00000000ec300000,0x00000000ec800000)
 ParOldGen       total 44032K, used 5125K [0x00000000c1800000, 0x00000000c4300000, 0x00000000eb300000)
  object space 44032K, 11% used [0x00000000c1800000,0x00000000c1d017b0,0x00000000c4300000)
 Metaspace       used 16190K, capacity 16390K, committed 16640K, reserved 1064960K
  class space    used 1943K, capacity 2028K, committed 2048K, reserved 1048576K
}
Event: 31.937 GC heap before
{Heap before GC invocations=9 (full 0):
 PSYoungGen      total 21504K, used 15954K [0x00000000eb300000, 0x00000000ecd00000, 0x0000000100000000)
  eden space 16384K, 95% used [0x00000000eb300000,0x00000000ec23cb28,0x00000000ec300000)
  from space 5120K, 6% used [0x00000000ec800000,0x00000000ec858000,0x00000000ecd00000)
  to   space 5120K, 0% used [0x00000000ec300000,0x00000000ec300000,0x00000000ec800000)
 ParOldGen       total 44032K, used 5125K [0x00000000c1800000, 0x00000000c4300000, 0x00000000eb300000)
  object space 44032K, 11% used [0x00000000c1800000,0x00000000c1d017b0,0x00000000c4300000)
 Metaspace       used 16251K, capacity 16390K, committed 16640K, reserved 1064960K
  class space    used 1954K, capacity 2028K, committed 2048K, reserved 1048576K
Event: 31.938 GC heap after
Heap after GC invocations=9 (full 0):
 PSYoungGen      total 21504K, used 224K [0x00000000eb300000, 0x00000000ecd00000, 0x0000000100000000)
  eden space 16384K, 0% used [0x00000000eb300000,0x00000000eb300000,0x00000000ec300000)
  from space 5120K, 4% used [0x00000000ec300000,0x00000000ec338000,0x00000000ec800000)
  to   space 5120K, 0% used [0x00000000ec800000,0x00000000ec800000,0x00000000ecd00000)
 ParOldGen       total 44032K, used 5239K [0x00000000c1800000, 0x00000000c4300000, 0x00000000eb300000)
  object space 44032K, 11% used [0x00000000c1800000,0x00000000c1d1df70,0x00000000c4300000)
 Metaspace       used 16251K, capacity 16390K, committed 16640K, reserved 1064960K
  class space    used 1954K, capacity 2028K, committed 2048K, reserved 1048576K
}
Event: 33.643 GC heap before
{Heap before GC invocations=10 (full 0):
 PSYoungGen      total 21504K, used 15965K [0x00000000eb300000, 0x00000000ecd00000, 0x0000000100000000)
  eden space 16384K, 96% used [0x00000000eb300000,0x00000000ec25f520,0x00000000ec300000)
  from space 5120K, 4% used [0x00000000ec300000,0x00000000ec338000,0x00000000ec800000)
  to   space 5120K, 0% used [0x00000000ec800000,0x00000000ec800000,0x00000000ecd00000)
 ParOldGen       total 44032K, used 5239K [0x00000000c1800000, 0x00000000c4300000, 0x00000000eb300000)
  object space 44032K, 11% used [0x00000000c1800000,0x00000000c1d1df70,0x00000000c4300000)
 Metaspace       used 16264K, capacity 16454K, committed 16640K, reserved 1064960K
  class space    used 1954K, capacity 2028K, committed 2048K, reserved 1048576K
Event: 33.644 GC heap after
Heap after GC invocations=10 (full 0):
 PSYoungGen      total 21504K, used 128K [0x00000000eb300000, 0x00000000ecd00000, 0x0000000100000000)
  eden space 16384K, 0% used [0x00000000eb300000,0x00000000eb300000,0x00000000ec300000)
  from space 5120K, 2% used [0x00000000ec800000,0x00000000ec820000,0x00000000ecd00000)
  to   space 5120K, 0% used [0x00000000ec300000,0x00000000ec300000,0x00000000ec800000)
 ParOldGen       total 44032K, used 5351K [0x00000000c1800000, 0x00000000c4300000, 0x00000000eb300000)
  object space 44032K, 12% used [0x00000000c1800000,0x00000000c1d39fa0,0x00000000c4300000)
 Metaspace       used 16264K, capacity 16454K, committed 16640K, reserved 1064960K
  class space    used 1954K, capacity 2028K, committed 2048K, reserved 1048576K
}
Event: 35.344 GC heap before
{Heap before GC invocations=11 (full 0):
 PSYoungGen      total 21504K, used 15854K [0x00000000eb300000, 0x00000000ecd00000, 0x0000000100000000)
  eden space 16384K, 95% used [0x00000000eb300000,0x00000000ec25b848,0x00000000ec300000)
  from space 5120K, 2% used [0x00000000ec800000,0x00000000ec820000,0x00000000ecd00000)
  to   space 5120K, 0% used [0x00000000ec300000,0x00000000ec300000,0x00000000ec800000)
 ParOldGen       total 44032K, used 5351K [0x00000000c1800000, 0x00000000c4300000, 0x00000000eb300000)
  object space 44032K, 12% used [0x00000000c1800000,0x00000000c1d39fa0,0x00000000c4300000)
 Metaspace       used 16317K, capacity 16518K, committed 16640K, reserved 1064960K
  class space    used 1954K, capacity 2028K, committed 2048K, reserved 1048576K
Event: 35.345 GC heap after
Heap after GC invocations=11 (full 0):
 PSYoungGen      total 21504K, used 128K [0x00000000eb300000, 0x00000000ecd00000, 0x0000000100000000)
  eden space 16384K, 0% used [0x00000000eb300000,0x00000000eb300000,0x00000000ec300000)
  from space 5120K, 2% used [0x00000000ec300000,0x00000000ec320000,0x00000000ec800000)
  to   space 5120K, 0% used [0x00000000ec800000,0x00000000ec800000,0x00000000ecd00000)
 ParOldGen       total 44032K, used 5391K [0x00000000c1800000, 0x00000000c4300000, 0x00000000eb300000)
  object space 44032K, 12% used [0x00000000c1800000,0x00000000c1d43fa0,0x00000000c4300000)
 Metaspace       used 16317K, capacity 16518K, committed 16640K, reserved 1064960K
  class space    used 1954K, capacity 2028K, committed 2048K, reserved 1048576K
}

Deoptimization events (10 events):
Event: 17.594 Thread 0x0000000017c88800 Uncommon trap: reason=unstable_if action=reinterpret pc=0x00000000031da464 method=java.util.HashMap.getNode(ILjava/lang/Object;)Ljava/util/HashMap$Node; @ 84
Event: 17.594 Thread 0x0000000017c88800 Uncommon trap: reason=unstable_if action=reinterpret pc=0x0000000003246280 method=java.util.HashMap.getNode(ILjava/lang/Object;)Ljava/util/HashMap$Node; @ 84
Event: 19.854 Thread 0x0000000017c88800 Uncommon trap: reason=unstable_if action=reinterpret pc=0x00000000032f49d4 method=java.util.LinkedHashMap.get(Ljava/lang/Object;)Ljava/lang/Object; @ 20
Event: 19.865 Thread 0x0000000017c88800 Uncommon trap: reason=unstable_if action=reinterpret pc=0x0000000003383344 method=java.awt.MultipleGradientPaintContext.indexIntoGradientsArrays(F)I @ 93
Event: 21.045 Thread 0x0000000017c88800 Uncommon trap: reason=unstable_if action=reinterpret pc=0x00000000033afb28 method=org.bytedeco.javacv.Java2DFrameConverter.flipCopyWithGamma(Ljava/nio/ByteBuffer;ILjava/nio/ByteBuffer;IZDZI)V @ 50
Event: 26.273 Thread 0x0000000017c88800 Uncommon trap: reason=class_check action=maybe_recompile pc=0x00000000031740e8 method=java.lang.String.equals(Ljava/lang/Object;)Z @ 8
Event: 26.274 Thread 0x0000000017c88800 Uncommon trap: reason=class_check action=maybe_recompile pc=0x00000000031740e8 method=java.lang.String.equals(Ljava/lang/Object;)Z @ 8
Event: 26.351 Thread 0x0000000017c88800 Uncommon trap: reason=class_check action=maybe_recompile pc=0x00000000031740e8 method=java.lang.String.equals(Ljava/lang/Object;)Z @ 8
Event: 26.351 Thread 0x0000000017c88800 Uncommon trap: reason=class_check action=maybe_recompile pc=0x00000000031740e8 method=java.lang.String.equals(Ljava/lang/Object;)Z @ 8
Event: 30.632 Thread 0x0000000018cbb800 Uncommon trap: reason=unstable_if action=reinterpret pc=0x000000000327eeac method=java.io.WinNTFileSystem.normalize(Ljava/lang/String;)Ljava/lang/String; @ 128

Internal exceptions (10 events):
Event: 18.588 Thread 0x0000000016f38800 Exception <a 'java/lang/reflect/InvocationTargetException'> (0x00000000ebd5b6b8) thrown at [C:\re\workspace\8-2-build-windows-amd64-cygwin\jdk8u91\6644\hotspot\src\share\vm\runtime\reflection.cpp, line 1092]
Event: 18.834 Thread 0x0000000016f38800 Exception <a 'java/lang/UnsatisfiedLinkError'> (0x00000000ebdde260) thrown at [C:\re\workspace\8-2-build-windows-amd64-cygwin\jdk8u91\6644\hotspot\src\share\vm\prims\jvm.cpp, line 3969]
Event: 18.834 Thread 0x0000000016f38800 Exception <a 'java/lang/UnsatisfiedLinkError'> (0x00000000ebdde260) thrown at [C:\re\workspace\8-2-build-windows-amd64-cygwin\jdk8u91\6644\hotspot\src\share\vm\prims\jni.cpp, line 709]
Event: 18.837 Thread 0x0000000016f38800 Exception <a 'java/lang/UnsatisfiedLinkError'> (0x00000000ebde1280) thrown at [C:\re\workspace\8-2-build-windows-amd64-cygwin\jdk8u91\6644\hotspot\src\share\vm\prims\jvm.cpp, line 3969]
Event: 18.837 Thread 0x0000000016f38800 Exception <a 'java/lang/UnsatisfiedLinkError'> (0x00000000ebde1280) thrown at [C:\re\workspace\8-2-build-windows-amd64-cygwin\jdk8u91\6644\hotspot\src\share\vm\prims\jni.cpp, line 709]
Event: 18.840 Thread 0x0000000016f38800 Exception <a 'java/lang/UnsatisfiedLinkError'> (0x00000000ebde42a0) thrown at [C:\re\workspace\8-2-build-windows-amd64-cygwin\jdk8u91\6644\hotspot\src\share\vm\prims\jvm.cpp, line 3969]
Event: 18.840 Thread 0x0000000016f38800 Exception <a 'java/lang/UnsatisfiedLinkError'> (0x00000000ebde42a0) thrown at [C:\re\workspace\8-2-build-windows-amd64-cygwin\jdk8u91\6644\hotspot\src\share\vm\prims\jni.cpp, line 709]
Event: 18.840 Thread 0x0000000016f38800 Exception <a 'java/lang/UnsatisfiedLinkError'> (0x00000000ebde48d8) thrown at [C:\re\workspace\8-2-build-windows-amd64-cygwin\jdk8u91\6644\hotspot\src\share\vm\oops\instanceKlass.cpp, line 948]
Event: 18.840 Thread 0x0000000016f38800 Exception <a 'java/lang/reflect/InvocationTargetException'> (0x00000000ebde5170) thrown at [C:\re\workspace\8-2-build-windows-amd64-cygwin\jdk8u91\6644\hotspot\src\share\vm\runtime\reflection.cpp, line 1092]
Event: 19.366 Thread 0x0000000016f38800 Exception <a 'java/lang/NoClassDefFoundError': cl/eye/CLCamera> (0x00000000ec0570f0) thrown at [C:\re\workspace\8-2-build-windows-amd64-cygwin\jdk8u91\6644\hotspot\src\share\vm\classfile\systemDictionary.cpp, line 199]

Events (10 events):
Event: 30.781 loading class java/nio/DirectIntBufferU
Event: 30.795 loading class java/nio/DirectIntBufferU done
Event: 31.937 Executing VM operation: ParallelGCFailedAllocation
Event: 31.938 Executing VM operation: ParallelGCFailedAllocation done
Event: 31.939 Executing VM operation: RevokeBias
Event: 31.939 Executing VM operation: RevokeBias done
Event: 33.643 Executing VM operation: ParallelGCFailedAllocation
Event: 33.644 Executing VM operation: ParallelGCFailedAllocation done
Event: 35.344 Executing VM operation: ParallelGCFailedAllocation
Event: 35.345 Executing VM operation: ParallelGCFailedAllocation done


Dynamic libraries:
0x00007ff7febb0000 - 0x00007ff7febe7000 	C:\Program Files\Java\jdk1.8.0_91\bin\java.exe
0x00007ff9783a0000 - 0x00007ff97857b000 	C:\WINDOWS\SYSTEM32\ntdll.dll
0x00007ff9782c0000 - 0x00007ff97836e000 	C:\WINDOWS\System32\KERNEL32.DLL
0x00007ff9748c0000 - 0x00007ff974b09000 	C:\WINDOWS\System32\KERNELBASE.dll
0x00007ff9759a0000 - 0x00007ff975a41000 	C:\WINDOWS\System32\ADVAPI32.dll
0x00007ff977150000 - 0x00007ff9771ed000 	C:\WINDOWS\System32\msvcrt.dll
0x00007ff977460000 - 0x00007ff9774b9000 	C:\WINDOWS\System32\sechost.dll
0x00007ff977a70000 - 0x00007ff977b95000 	C:\WINDOWS\System32\RPCRT4.dll
0x00007ff978160000 - 0x00007ff9782aa000 	C:\WINDOWS\System32\USER32.dll
0x00007ff975580000 - 0x00007ff97559e000 	C:\WINDOWS\System32\win32u.dll
0x00007ff975a50000 - 0x00007ff975a77000 	C:\WINDOWS\System32\GDI32.dll
0x00007ff9755a0000 - 0x00007ff975727000 	C:\WINDOWS\System32\gdi32full.dll
0x00007ff974d70000 - 0x00007ff974e0a000 	C:\WINDOWS\System32\msvcp_win.dll
0x00007ff974b60000 - 0x00007ff974c56000 	C:\WINDOWS\System32\ucrtbase.dll
0x00007ff96b2b0000 - 0x00007ff96b517000 	C:\WINDOWS\WinSxS\amd64_microsoft.windows.common-controls_6595b64144ccf1df_6.0.15063.483_none_26002d27e7c744a2\COMCTL32.dll
0x00007ff977770000 - 0x00007ff977a69000 	C:\WINDOWS\System32\combase.dll
0x00007ff974e10000 - 0x00007ff974e7a000 	C:\WINDOWS\System32\bcryptPrimitives.dll
0x00007ff978370000 - 0x00007ff97839d000 	C:\WINDOWS\System32\IMM32.DLL
0x0000000057a80000 - 0x0000000057b52000 	C:\Program Files\Java\jdk1.8.0_91\jre\bin\msvcr100.dll
0x0000000057b60000 - 0x00000000583f3000 	C:\Program Files\Java\jdk1.8.0_91\jre\bin\server\jvm.dll
0x00007ff9771f0000 - 0x00007ff9771f8000 	C:\WINDOWS\System32\PSAPI.DLL
0x00007ff9729d0000 - 0x00007ff9729f3000 	C:\WINDOWS\SYSTEM32\WINMM.dll
0x00007ff9664f0000 - 0x00007ff9664fa000 	C:\WINDOWS\SYSTEM32\VERSION.dll
0x00007ff972970000 - 0x00007ff97299b000 	C:\WINDOWS\SYSTEM32\WINMMBASE.dll
0x00007ff974b10000 - 0x00007ff974b59000 	C:\WINDOWS\System32\cfgmgr32.dll
0x00007ff96f170000 - 0x00007ff96f179000 	C:\WINDOWS\SYSTEM32\WSOCK32.dll
0x00007ff977ba0000 - 0x00007ff977c0c000 	C:\WINDOWS\System32\ws2_32.DLL
0x00000000595d0000 - 0x00000000595df000 	C:\Program Files\Java\jdk1.8.0_91\jre\bin\verify.dll
0x0000000058650000 - 0x0000000058679000 	C:\Program Files\Java\jdk1.8.0_91\jre\bin\java.dll
0x0000000058630000 - 0x0000000058646000 	C:\Program Files\Java\jdk1.8.0_91\jre\bin\zip.dll
0x00007ff975c00000 - 0x00007ff977036000 	C:\WINDOWS\System32\SHELL32.dll
0x00007ff978050000 - 0x00007ff9780fa000 	C:\WINDOWS\System32\shcore.dll
0x00007ff974e80000 - 0x00007ff975571000 	C:\WINDOWS\System32\windows.storage.dll
0x00007ff977540000 - 0x00007ff977591000 	C:\WINDOWS\System32\shlwapi.dll
0x00007ff974880000 - 0x00007ff974891000 	C:\WINDOWS\System32\kernel.appcore.dll
0x00007ff974830000 - 0x00007ff97487c000 	C:\WINDOWS\System32\powrprof.dll
0x00007ff974810000 - 0x00007ff974825000 	C:\WINDOWS\System32\profapi.dll
0x00000000578e0000 - 0x0000000057a78000 	C:\Program Files\Java\jdk1.8.0_91\jre\bin\awt.dll
0x00007ff9773a0000 - 0x00007ff977460000 	C:\WINDOWS\System32\OLEAUT32.dll
0x00007ff972ff0000 - 0x00007ff97306e000 	C:\WINDOWS\SYSTEM32\apphelp.dll
0x00007ff973280000 - 0x00007ff973315000 	C:\WINDOWS\system32\uxtheme.dll
0x00007ff975a90000 - 0x00007ff975bf6000 	C:\WINDOWS\System32\MSCTF.dll
0x00007ff971b20000 - 0x00007ff971b4a000 	C:\WINDOWS\system32\dwmapi.dll
0x00007ff977620000 - 0x00007ff977765000 	C:\WINDOWS\System32\ole32.dll
0x0000000057780000 - 0x00000000577c7000 	C:\Program Files\Java\jdk1.8.0_91\jre\bin\fontmanager.dll
0x00007ff94bc00000 - 0x00007ff94bcef000 	C:\Users\Joao_\.javacpp\cache\opencv-windows-x86_64.jar\org\bytedeco\javacpp\windows-x86_64\msvcr120.dll
0x00007ff94bb50000 - 0x00007ff94bbf6000 	C:\Users\Joao_\.javacpp\cache\opencv-windows-x86_64.jar\org\bytedeco\javacpp\windows-x86_64\msvcp120.dll
0x00007ff949b90000 - 0x00007ff949e0a000 	C:\Users\Joao_\.javacpp\cache\opencv-windows-x86_64.jar\org\bytedeco\javacpp\windows-x86_64\opencv_core310.dll
0x00007ff947660000 - 0x00007ff9479a2000 	C:\Users\Joao_\.javacpp\cache\opencv-windows-x86_64.jar\org\bytedeco\javacpp\windows-x86_64\opencv_imgproc310.dll
0x00007ff9486e0000 - 0x00007ff948907000 	C:\Users\Joao_\.javacpp\cache\opencv-windows-x86_64.jar\org\bytedeco\javacpp\windows-x86_64\jniopencv_core.dll
0x0000000058610000 - 0x000000005862a000 	C:\Program Files\Java\jdk1.8.0_91\jre\bin\net.dll
0x00007ff9740c0000 - 0x00007ff97411c000 	C:\WINDOWS\system32\mswsock.dll
0x00000000585f0000 - 0x0000000058601000 	C:\Program Files\Java\jdk1.8.0_91\jre\bin\nio.dll
0x00007ff94a160000 - 0x00007ff94a24d000 	C:\Users\Joao_\.javacpp\cache\opencv-windows-x86_64.jar\org\bytedeco\javacpp\windows-x86_64\jniopencv_imgproc.dll
0x00007ff945470000 - 0x00007ff945739000 	C:\Users\Joao_\.javacpp\cache\opencv-windows-x86_64.jar\org\bytedeco\javacpp\windows-x86_64\opencv_imgcodecs310.dll
0x00007ff96a1e0000 - 0x00007ff96a205000 	C:\Users\Joao_\.javacpp\cache\opencv-windows-x86_64.jar\org\bytedeco\javacpp\windows-x86_64\jniopencv_imgcodecs.dll
0x00007ff9525b0000 - 0x00007ff952603000 	C:\Users\Joao_\.javacpp\cache\opencv-windows-x86_64.jar\org\bytedeco\javacpp\windows-x86_64\opencv_videoio310.dll
0x00007ff96fd10000 - 0x00007ff96fd2f000 	C:\WINDOWS\SYSTEM32\AVIFIL32.dll
0x00007ff9652f0000 - 0x00007ff965319000 	C:\WINDOWS\SYSTEM32\MSVFW32.dll
0x00007ff96ba50000 - 0x00007ff96ba68000 	C:\WINDOWS\SYSTEM32\AVICAP32.dll
0x00007ff96f0e0000 - 0x00007ff96f0fc000 	C:\WINDOWS\SYSTEM32\MSACM32.dll
0x00007ff95f910000 - 0x00007ff95f927000 	C:\Users\Joao_\.javacpp\cache\opencv-windows-x86_64.jar\org\bytedeco\javacpp\windows-x86_64\jniopencv_videoio.dll
0x00007ff95f8e0000 - 0x00007ff95f90c000 	C:\Users\Joao_\.javacpp\cache\opencv-windows-x86_64.jar\org\bytedeco\javacpp\windows-x86_64\opencv_highgui310.dll
0x00007ff977040000 - 0x00007ff977148000 	C:\WINDOWS\System32\COMDLG32.dll
0x00007ff957ed0000 - 0x00007ff957f05000 	C:\Users\Joao_\.javacpp\cache\opencv-windows-x86_64.jar\org\bytedeco\javacpp\windows-x86_64\jniopencv_highgui.dll
0x00007ff949ac0000 - 0x00007ff949b8d000 	C:\Users\Joao_\.javacpp\cache\opencv-windows-x86_64.jar\org\bytedeco\javacpp\windows-x86_64\opencv_ml310.dll
0x00007ff952570000 - 0x00007ff9525af000 	C:\Users\Joao_\.javacpp\cache\opencv-windows-x86_64.jar\org\bytedeco\javacpp\windows-x86_64\jniopencv_ml.dll
0x00007ff9496f0000 - 0x00007ff949786000 	C:\Users\Joao_\.javacpp\cache\opencv-windows-x86_64.jar\org\bytedeco\javacpp\windows-x86_64\opencv_objdetect310.dll
0x00007ff94e810000 - 0x00007ff94e864000 	C:\Users\Joao_\.javacpp\cache\opencv-windows-x86_64.jar\org\bytedeco\javacpp\windows-x86_64\jniopencv_objdetect.dll
0x00007ff94bb00000 - 0x00007ff94bb46000 	C:\Users\Joao_\.javacpp\cache\opencv-windows-x86_64.jar\org\bytedeco\javacpp\windows-x86_64\opencv_face310.dll
0x00007ff95a300000 - 0x00007ff95a31a000 	C:\Users\Joao_\.javacpp\cache\opencv-windows-x86_64.jar\org\bytedeco\javacpp\windows-x86_64\jniopencv_face.dll
0x00007ff95f870000 - 0x00007ff95f896000 	C:\Users\Joao_\.javacpp\cache\videoinput-windows-x86_64.jar\org\bytedeco\javacpp\windows-x86_64\jnivideoInputLib.dll
0x0000000057730000 - 0x0000000057772000 	C:\Program Files\Java\jdk1.8.0_91\jre\bin\t2k.dll
0x00000000585d0000 - 0x00000000585e5000 	C:\Users\Joao_\.javacpp\cache\libfreenect-windows-x86_64.jar\org\bytedeco\javacpp\windows-x86_64\libusb0.dll
0x00007ff977c10000 - 0x00007ff97804b000 	C:\WINDOWS\System32\SETUPAPI.dll
0x00007ff95f830000 - 0x00007ff95f864000 	C:\Users\Joao_\.javacpp\cache\libfreenect-windows-x86_64.jar\org\bytedeco\javacpp\windows-x86_64\freenect.dll
0x00007ff96f150000 - 0x00007ff96f169000 	C:\Users\Joao_\.javacpp\cache\libfreenect-windows-x86_64.jar\org\bytedeco\javacpp\windows-x86_64\pthreadVC2.dll
0x00007ff975900000 - 0x00007ff97599e000 	C:\WINDOWS\System32\clbcatq.dll
0x00007ff9561d0000 - 0x00007ff9561f4000 	C:\Users\Joao_\.javacpp\cache\libfreenect-windows-x86_64.jar\org\bytedeco\javacpp\windows-x86_64\jnifreenect.dll
0x00007ff970c80000 - 0x00007ff970e2c000 	C:\WINDOWS\SYSTEM32\WindowsCodecs.dll
0x00007ff968f00000 - 0x00007ff968f47000 	C:\WINDOWS\system32\dataexchange.dll
0x00007ff971ff0000 - 0x00007ff9722cf000 	C:\WINDOWS\system32\d3d11.dll
0x00007ff972ae0000 - 0x00007ff972c02000 	C:\WINDOWS\system32\dcomp.dll
0x00007ff973820000 - 0x00007ff9738c4000 	C:\WINDOWS\system32\dxgi.dll
0x00007ff973110000 - 0x00007ff973280000 	C:\WINDOWS\system32\twinapi.appcore.dll
0x00007ff974750000 - 0x00007ff974775000 	C:\WINDOWS\system32\bcrypt.dll
0x00007ff96f240000 - 0x00007ff96f2c2000 	C:\WINDOWS\System32\TextInputFramework.dll
0x00007ff970700000 - 0x00007ff9709d2000 	C:\WINDOWS\System32\CoreUIComponents.dll
0x00007ff972880000 - 0x00007ff972963000 	C:\WINDOWS\System32\CoreMessaging.dll
0x00007ff973a20000 - 0x00007ff973a51000 	C:\WINDOWS\SYSTEM32\ntmarta.dll
0x00007ff971000000 - 0x00007ff971139000 	C:\WINDOWS\SYSTEM32\wintypes.dll
0x00007ff971530000 - 0x00007ff971545000 	C:\WINDOWS\SYSTEM32\usermgrcli.dll
0x00007ff9591a0000 - 0x00007ff9591b7000 	C:\Windows\System32\devenum.dll
0x00007ff973450000 - 0x00007ff973478000 	C:\WINDOWS\SYSTEM32\DEVOBJ.dll
0x00007ff974d10000 - 0x00007ff974d66000 	C:\WINDOWS\System32\WINTRUST.dll
0x00007ff9748a0000 - 0x00007ff9748b1000 	C:\WINDOWS\System32\MSASN1.dll
0x00007ff975730000 - 0x00007ff9758f9000 	C:\WINDOWS\System32\CRYPT32.dll
0x00007ff9702f0000 - 0x00007ff9702fb000 	C:\WINDOWS\SYSTEM32\msdmo.dll
0x00007ff956190000 - 0x00007ff9561c2000 	C:\Windows\System32\qcap.dll
0x00007ff955fd0000 - 0x00007ff95618c000 	C:\Windows\System32\quartz.dll
0x00007ff94af90000 - 0x00007ff94afdd000 	C:\Windows\System32\mfksproxy.dll
0x00007ff95f8a0000 - 0x00007ff95f8d2000 	C:\Windows\System32\MFSENSORGROUP.dll
0x00007ff96cca0000 - 0x00007ff96ccbc000 	C:\Windows\System32\ATL.DLL
0x00007ff964b00000 - 0x00007ff964ca0000 	C:\Windows\System32\MFPlat.DLL
0x00007ff96dd30000 - 0x00007ff96dd62000 	C:\Windows\System32\RTWorkQ.DLL
0x00007ff94acc0000 - 0x00007ff94ad08000 	C:\Windows\System32\ksproxy.ax
0x00007ff96fe40000 - 0x00007ff96fe49000 	C:\Windows\System32\ksuser.dll
0x00007ff952120000 - 0x00007ff9522a9000 	C:\Windows\System32\d3d9.dll
0x00007ff971800000 - 0x00007ff971877000 	C:\WINDOWS\SYSTEM32\policymanager.dll
0x00007ff971770000 - 0x00007ff9717ff000 	C:\Windows\System32\msvcp110_win.dll
0x00007ff96fc90000 - 0x00007ff96fc9c000 	C:\Windows\System32\vidcap.ax
0x00007ff955fa0000 - 0x00007ff955fc6000 	C:\Windows\System32\kswdmcap.ax
0x00007ff945300000 - 0x00007ff945464000 	C:\Windows\System32\MFC42.dll
0x00007ff948fb0000 - 0x00007ff94904f000 	C:\Windows\System32\qedit.dll
0x00007ff964ca0000 - 0x00007ff964e35000 	C:\WINDOWS\WinSxS\amd64_microsoft.windows.gdiplus_6595b64144ccf1df_1.1.15063.608_none_56f0266b425534e9\gdiplus.dll
0x0000000057700000 - 0x000000005772a000 	C:\Program Files\Java\jdk1.8.0_91\jre\bin\dcpr.dll
0x00007ff9485e0000 - 0x00007ff9486d6000 	C:\Windows\System32\DDRAW.dll
0x00007ff96f8d0000 - 0x00007ff96f8d8000 	C:\Windows\System32\DCIMAN32.dll
0x00007ff943de0000 - 0x00007ff943ff7000 	C:\Program Files (x86)\K-Lite Codec Pack\Filters\DirectVobSub64\vsfilter.dll
0x00007ff969770000 - 0x00007ff9697db000 	C:\WINDOWS\SYSTEM32\OLEACC.dll
0x00007ff95ce60000 - 0x00007ff95ceea000 	C:\WINDOWS\SYSTEM32\WINSPOOL.DRV
0x00007ff959ce0000 - 0x00007ff95a00e000 	C:\WINDOWS\SYSTEM32\WININET.dll
0x00007ff9719a0000 - 0x00007ff9719ac000 	C:\WINDOWS\SYSTEM32\msyuv.dll
0x00007ff964820000 - 0x00007ff9649c9000 	C:\WINDOWS\SYSTEM32\dbghelp.dll

VM Arguments:
jvm_args: -Dfile.encoding=UTF-8 -Djava.library.path=C:\opencv\build\java\x64 
java_command: main.main
java_class_path (initial): C:\Users\Joao_\Downloads\javacpp-1.3-bin\javacpp-bin\javacpp.jar;C:\Users\Joao_\Downloads\javacv-platform-1.3-bin\javacv-bin\opencv-windows-x86_64.jar;C:\Users\Joao_\Downloads\javacv-platform-1.3-bin\javacv-bin\videoinput-windows-x86_64.jar;C:\Users\Joao_\Downloads\javacv-platform-1.3-bin\javacv-bin\artoolkitplus-windows-x86_64.jar;C:\Users\Joao_\Downloads\javacv-platform-1.3-bin\javacv-bin\ffmpeg-windows-x86_64.jar;C:\Users\Joao_\Downloads\javacv-platform-1.3-bin\javacv-bin\flandmark-windows-x86_64.jar;C:\Users\Joao_\Downloads\javacv-platform-1.3-bin\javacv-bin\flycapture-windows-x86_64.jar;C:\Users\Joao_\Downloads\javacv-platform-1.3-bin\javacv-bin\javacv-platform.jar;C:\Users\Joao_\Downloads\javacv-platform-1.3-bin\javacv-bin\javacv.jar;C:\Users\Joao_\Downloads\javacv-platform-1.3-bin\javacv-bin\libdc1394-windows-x86_64.jar;C:\Users\Joao_\Downloads\javacv-platform-1.3-bin\javacv-bin\libfreenect-platform.jar;C:\Users\Joao_\Downloads\javacv-platform-1.3-bin\javacv-bin\libfreenect-windows-x86_64.jar;C:\Users\Joao_\Downloads\javacv-platform-1.3-bin\javacv-bin\librealsense-platform.jar;C:\Users\Joao_\Downloads\javacv-platform-1.3-bin\javacv-bin\librealsense.jar;C:\Users\Joao_\Downloads\javacv-platform-1.3-bin\javacv-bin\opencv.jar;C:\Users\Joao_\Downloads\javacv-platform-1.3-bin\javacv-bin\videoinput.jar;C:\TCC.UniSecurity\build\classes
Launcher Type: SUN_STANDARD

Environment Variables:
PATH=C:\ProgramData\Oracle\Java\javapath;C:\WINDOWS\system32;C:\WINDOWS;C:\WINDOWS\System32\Wbem;C:\WINDOWS\System32\WindowsPowerShell\v1.0\;C:\Program Files (x86)\Skype\Phone\;C:\Program Files\Microsoft SQL Server\120\DTS\Binn\;C:\Program Files\Microsoft SQL Server\Client SDK\ODBC\110\Tools\Binn\;C:\Program Files (x86)\Microsoft SQL Server\120\Tools\Binn\;C:\Program Files\Microsoft SQL Server\120\Tools\Binn\;C:\Program Files (x86)\Microsoft SQL Server\120\Tools\Binn\ManagementStudio\;C:\Program Files (x86)\Microsoft SQL Server\120\DTS\Binn\;C:\Program Files\CMake\bin;C:\opencv\build\x64\vc14\bin;C:\Users\Joao_\AppData\Local\Programs\Python\Python37\Scripts\;C:\Users\Joao_\AppData\Local\Programs\Python\Python37\;C:\Users\Joao_\AppData\Local\Microsoft\WindowsApps;
USERNAME=Joao_
OS=Windows_NT
PROCESSOR_IDENTIFIER=Intel64 Family 6 Model 58 Stepping 9, GenuineIntel



---------------  S Y S T E M  ---------------

OS: Windows 10.0 , 64 bit Build 15063 (10.0.15063.296)

CPU:total 4 (2 cores per cpu, 2 threads per core) family 6 model 58 stepping 9, cmov, cx8, fxsr, mmx, sse, sse2, sse3, ssse3, sse4.1, sse4.2, popcnt, avx, aes, clmul, erms, ht, tsc, tscinvbit, tscinv

Memory: 4k page, physical 4092772k(664628k free), swap 5774224k(1265520k free)

vm_info: Java HotSpot(TM) 64-Bit Server VM (25.91-b14) for windows-amd64 JRE (1.8.0_91-b14), built on Apr  1 2016 00:58:32 by "java_re" with MS VC++ 10.0 (VS2010)

time: Wed Oct 18 01:36:21 2017
elapsed time: 36 seconds (0d 0h 0m 36s)

