#
# A fatal error has been detected by the Java Runtime Environment:
#
#  EXCEPTION_UNCAUGHT_CXX_EXCEPTION (0xe06d7363) at pc=0x00007ffceaea9e08, pid=3624, tid=1336
#
# JRE version: Java(TM) SE Runtime Environment (8.0_91-b14) (build 1.8.0_91-b14)
# Java VM: Java HotSpot(TM) 64-Bit Server VM (25.91-b14 mixed mode windows-amd64 compressed oops)
# Problematic frame:
# C  [KERNELBASE.dll+0x69e08]
#
# Failed to write core dump. Minidumps are not enabled by default on client versions of Windows
#
# If you would like to submit a bug report, please visit:
#   http://bugreport.java.com/bugreport/crash.jsp
# The crash happened outside the Java Virtual Machine in native code.
# See problematic frame for where to report the bug.
#

---------------  T H R E A D  ---------------

Current thread (0x0000000016da4800):  JavaThread "pool-1-thread-1" [_thread_in_native, id=1336, stack(0x000000002ef80000,0x000000002f080000)]

siginfo: ExceptionCode=0xe06d7363, ExceptionInformation=0x0000000019930520 0x000000002f06c260 0x00007ffcbf940668 0x00007ffcbf700000 

Registers:
RAX=0x0000000000000000, RBX=0x00007ffcbf940668, RCX=0x0000000000000000, RDX=0x00000000000000ff
RSP=0x000000002f06c0d0, RBP=0x000000002f06c210, RSI=0x00007ffcb7f25b60, RDI=0x000000002f06c260
R8 =0xffffffe500000000, R9 =0x0000000000000000, R10=0x00000000004581d8, R11=0x0000000000450150
R12=0x00000000ffffff29, R13=0x0000000000000000, R14=0x00007ffcb7f25800, R15=0x000000002f07c788
RIP=0x00007ffceaea9e08, EFLAGS=0x0000000000000206

Top of Stack: (sp=0x000000002f06c0d0)
0x000000002f06c0d0:   0000000000000000 00007ffcbf940668
0x000000002f06c0e0:   00007ffcb7f25b60 000000002f06c260
0x000000002f06c0f0:   00000001e06d7363 0000000000000000
0x000000002f06c100:   00007ffceaea9e08 0000000000000004
0x000000002f06c110:   0000000019930520 000000002f06c260
0x000000002f06c120:   00007ffcbf940668 00007ffcbf700000
0x000000002f06c130:   00007ffcb7f25800 00000000ffffff29
0x000000002f06c140:   000000002f06c260 00007ffcb7f25b60
0x000000002f06c150:   000000002f06c210 00007ffcedb4ba13
0x000000002f06c160:   000000002f06c220 00007ffc00000000
0x000000002f06c170:   000000002f06c260 00007ffcc943d306
0x000000002f06c180:   00007ffcbf961000 00007ffcbf700000
0x000000002f06c190:   0000ccf410b00c31 00007ffcc94bc4d0
0x000000002f06c1a0:   00007ffcbf940668 00007ffcc943ef63
0x000000002f06c1b0:   000000002f06c260 00007ffcc940eb8d
0x000000002f06c1c0:   00007ffcc94bc4d0 00007ffcb7f25b60 

Instructions: (pc=0x00007ffceaea9e08)
0x00007ffceaea9de8:   49 8b d1 44 0f 47 c0 44 89 44 24 38 49 c1 e0 03
0x00007ffceaea9df8:   e8 1b db 01 00 48 8d 4c 24 20 ff 15 f0 c7 0f 00
0x00007ffceaea9e08:   48 8b 8c 24 c0 00 00 00 48 33 cc e8 78 b0 01 00
0x00007ffceaea9e18:   48 81 c4 d8 00 00 00 c3 83 64 24 38 00 eb d6 cc 


Register to memory mapping:

RAX=0x0000000000000000 is an unknown value
RBX=0x00007ffcbf940668 is an unknown value
RCX=0x0000000000000000 is an unknown value
RDX=0x00000000000000ff is an unknown value
RSP=0x000000002f06c0d0 is pointing into the stack for thread: 0x0000000016da4800
RBP=0x000000002f06c210 is pointing into the stack for thread: 0x0000000016da4800
RSI=0x00007ffcb7f25b60 is an unknown value
RDI=0x000000002f06c260 is pointing into the stack for thread: 0x0000000016da4800
R8 =0xffffffe500000000 is an unknown value
R9 =0x0000000000000000 is an unknown value
R10=0x00000000004581d8 is an unknown value
R11=0x0000000000450150 is an unknown value
R12=0x00000000ffffff29 is an unallocated location in the heap
R13=0x0000000000000000 is an unknown value
R14=0x00007ffcb7f25800 is an unknown value
R15=0x000000002f07c788 is pointing into the stack for thread: 0x0000000016da4800


Stack: [0x000000002ef80000,0x000000002f080000],  sp=0x000000002f06c0d0,  free space=944k
Native frames: (J=compiled Java code, j=interpreted, Vv=VM code, C=native code)
C  [KERNELBASE.dll+0x69e08]
C  [msvcr120.dll+0x5ef63]
C  [opencv_core310.dll+0x19b654]
C  [opencv_core310.dll+0x19b796]
C  [opencv_imgproc310.dll+0x46ed9]
C  [opencv_imgproc310.dll+0x4d015]
C  [jniopencv_imgproc.dll+0x7d4fd]
C  0x0000000002407f54

Java frames: (J=compiled Java code, j=interpreted, Vv=VM code)
j  org.bytedeco.javacpp.opencv_imgproc.cvCvtColor(Lorg/bytedeco/javacpp/helper/opencv_core$CvArr;Lorg/bytedeco/javacpp/helper/opencv_core$CvArr;I)V+0
j  processing.FacePanel.preprocessImage(Lorg/bytedeco/javacpp/opencv_core$IplImage;)Lorg/bytedeco/javacpp/opencv_core$IplImage;+97
j  processing.FacePanel$2.run()V+52
j  java.util.concurrent.ThreadPoolExecutor.runWorker(Ljava/util/concurrent/ThreadPoolExecutor$Worker;)V+95
j  java.util.concurrent.ThreadPoolExecutor$Worker.run()V+5
j  java.lang.Thread.run()V+11
v  ~StubRoutines::call_stub

---------------  P R O C E S S  ---------------

Java Threads: ( => current thread )
=>0x0000000016da4800 JavaThread "pool-1-thread-1" [_thread_in_native, id=1336, stack(0x000000002ef80000,0x000000002f080000)]
  0x0000000016da0800 JavaThread "TimerQueue" daemon [_thread_blocked, id=8580, stack(0x000000002c580000,0x000000002c680000)]
  0x0000000016d9e800 JavaThread "Thread-1" [_thread_in_native, id=1548, stack(0x000000001a270000,0x000000001a370000)]
  0x0000000016da3000 JavaThread "DestroyJavaVM" [_thread_blocked, id=8280, stack(0x0000000002160000,0x0000000002260000)]
  0x0000000016d9f000 JavaThread "AWT-EventQueue-0" [_thread_blocked, id=5076, stack(0x0000000019170000,0x0000000019270000)]
  0x00000000170a4800 JavaThread "JavaCPP Deallocator" daemon [_thread_blocked, id=5948, stack(0x0000000018f50000,0x0000000019050000)]
  0x0000000016b5b800 JavaThread "AWT-Windows" daemon [_thread_in_native, id=9708, stack(0x0000000017710000,0x0000000017810000)]
  0x0000000016b59000 JavaThread "AWT-Shutdown" [_thread_blocked, id=7980, stack(0x0000000017610000,0x0000000017710000)]
  0x0000000016b58000 JavaThread "Java2D Disposer" daemon [_thread_blocked, id=8112, stack(0x0000000017510000,0x0000000017610000)]
  0x0000000016378800 JavaThread "Service Thread" daemon [_thread_blocked, id=6644, stack(0x0000000016730000,0x0000000016830000)]
  0x00000000149dd000 JavaThread "C1 CompilerThread2" daemon [_thread_blocked, id=3592, stack(0x0000000016230000,0x0000000016330000)]
  0x00000000149da800 JavaThread "C2 CompilerThread1" daemon [_thread_blocked, id=5840, stack(0x0000000016130000,0x0000000016230000)]
  0x00000000149ea000 JavaThread "C2 CompilerThread0" daemon [_thread_blocked, id=6756, stack(0x0000000016030000,0x0000000016130000)]
  0x00000000149e9000 JavaThread "Attach Listener" daemon [_thread_blocked, id=6468, stack(0x0000000015f30000,0x0000000016030000)]
  0x00000000149e7800 JavaThread "Signal Dispatcher" daemon [_thread_blocked, id=876, stack(0x0000000015e30000,0x0000000015f30000)]
  0x00000000149c9800 JavaThread "Finalizer" daemon [_thread_blocked, id=3172, stack(0x0000000015c40000,0x0000000015d40000)]
  0x0000000002392000 JavaThread "Reference Handler" daemon [_thread_blocked, id=10040, stack(0x0000000015b40000,0x0000000015c40000)]

Other Threads:
  0x00000000149a7800 VMThread [stack: 0x0000000015a40000,0x0000000015b40000] [id=3948]
  0x0000000014a3d000 WatcherThread [stack: 0x0000000016830000,0x0000000016930000] [id=1908]

VM state:not at safepoint (normal execution)

VM Mutex/Monitor currently owned by a thread: None

Heap:
 PSYoungGen      total 23040K, used 7671K [0x00000000eb300000, 0x00000000ed000000, 0x0000000100000000)
  eden space 16384K, 45% used [0x00000000eb300000,0x00000000eba3dff8,0x00000000ec300000)
  from space 6656K, 3% used [0x00000000ec980000,0x00000000ec9c0000,0x00000000ed000000)
  to   space 6656K, 0% used [0x00000000ec300000,0x00000000ec300000,0x00000000ec980000)
 ParOldGen       total 44032K, used 9367K [0x00000000c1800000, 0x00000000c4300000, 0x00000000eb300000)
  object space 44032K, 21% used [0x00000000c1800000,0x00000000c2125c18,0x00000000c4300000)
 Metaspace       used 15740K, capacity 15910K, committed 16128K, reserved 1062912K
  class space    used 1926K, capacity 1996K, committed 2048K, reserved 1048576K

Card table byte_map: [0x00000000117b0000,0x00000000119b0000] byte_map_base: 0x00000000111a4000

Marking Bits: (ParMarkBitMap*) 0x0000000075bd2f70
 Begin Bits: [0x0000000011f00000, 0x0000000012ea0000)
 End Bits:   [0x0000000012ea0000, 0x0000000013e40000)

Polling page: 0x0000000000970000

CodeCache: size=245760Kb used=5210Kb max_used=5217Kb free=240549Kb
 bounds [0x00000000023f0000, 0x0000000002910000, 0x00000000113f0000]
 total_blobs=2130 nmethods=1512 adapters=530
 compilation: enabled

Compilation events (10 events):
Event: 11.990 Thread 0x00000000149dd000 1508       1       java.nio.DirectByteBuffer::ix (10 bytes)
Event: 11.990 Thread 0x00000000149dd000 nmethod 1508 0x00000000029066d0 code [0x0000000002906820, 0x0000000002906930]
Event: 11.990 Thread 0x00000000149ea000 nmethod 1505 0x0000000002909610 code [0x0000000002909740, 0x00000000029097d8]
Event: 11.991 Thread 0x00000000149dd000 1510       1       java.nio.Buffer::remaining (10 bytes)
Event: 11.991 Thread 0x00000000149dd000 nmethod 1510 0x0000000002909350 code [0x00000000029094a0, 0x00000000029095b0]
Event: 11.991 Thread 0x00000000149ea000 1511       4       java.nio.HeapByteBuffer::get (14 bytes)
Event: 11.992 Thread 0x00000000149ea000 nmethod 1511 0x0000000002907b50 code [0x0000000002907c80, 0x0000000002907d58]
Event: 11.992 Thread 0x00000000149ea000 1512       4       java.nio.DirectByteBuffer::put (17 bytes)
Event: 11.992 Thread 0x00000000149ea000 nmethod 1512 0x00000000029078d0 code [0x0000000002907a00, 0x0000000002907ab8]
Event: 12.006 Thread 0x00000000149da800 nmethod 1509 0x0000000002909cd0 code [0x0000000002909e60, 0x000000000290a8b8]

GC Heap History (10 events):
Event: 6.343 GC heap before
{Heap before GC invocations=4 (full 0):
 PSYoungGen      total 18944K, used 18265K [0x00000000eb300000, 0x00000000ec800000, 0x0000000100000000)
  eden space 16384K, 95% used [0x00000000eb300000,0x00000000ec25bf90,0x00000000ec300000)
  from space 2560K, 99% used [0x00000000ec300000,0x00000000ec57a710,0x00000000ec580000)
  to   space 2560K, 0% used [0x00000000ec580000,0x00000000ec580000,0x00000000ec800000)
 ParOldGen       total 44032K, used 4481K [0x00000000c1800000, 0x00000000c4300000, 0x00000000eb300000)
  object space 44032K, 10% used [0x00000000c1800000,0x00000000c1c604b8,0x00000000c4300000)
 Metaspace       used 15390K, capacity 15554K, committed 15872K, reserved 1062912K
  class space    used 1898K, capacity 1964K, committed 2048K, reserved 1048576K
Event: 6.345 GC heap after
Heap after GC invocations=4 (full 0):
 PSYoungGen      total 18944K, used 2537K [0x00000000eb300000, 0x00000000ec800000, 0x0000000100000000)
  eden space 16384K, 0% used [0x00000000eb300000,0x00000000eb300000,0x00000000ec300000)
  from space 2560K, 99% used [0x00000000ec580000,0x00000000ec7fa710,0x00000000ec800000)
  to   space 2560K, 0% used [0x00000000ec300000,0x00000000ec300000,0x00000000ec580000)
 ParOldGen       total 44032K, used 4751K [0x00000000c1800000, 0x00000000c4300000, 0x00000000eb300000)
  object space 44032K, 10% used [0x00000000c1800000,0x00000000c1ca3c88,0x00000000c4300000)
 Metaspace       used 15390K, capacity 15554K, committed 15872K, reserved 1062912K
  class space    used 1898K, capacity 1964K, committed 2048K, reserved 1048576K
}
Event: 7.661 GC heap before
{Heap before GC invocations=5 (full 0):
 PSYoungGen      total 18944K, used 17678K [0x00000000eb300000, 0x00000000ec800000, 0x0000000100000000)
  eden space 16384K, 92% used [0x00000000eb300000,0x00000000ec1c9460,0x00000000ec300000)
  from space 2560K, 99% used [0x00000000ec580000,0x00000000ec7fa710,0x00000000ec800000)
  to   space 2560K, 0% used [0x00000000ec300000,0x00000000ec300000,0x00000000ec580000)
 ParOldGen       total 44032K, used 4751K [0x00000000c1800000, 0x00000000c4300000, 0x00000000eb300000)
  object space 44032K, 10% used [0x00000000c1800000,0x00000000c1ca3c88,0x00000000c4300000)
 Metaspace       used 15423K, capacity 15618K, committed 15872K, reserved 1062912K
  class space    used 1898K, capacity 1964K, committed 2048K, reserved 1048576K
Event: 7.665 GC heap after
Heap after GC invocations=5 (full 0):
 PSYoungGen      total 18944K, used 2537K [0x00000000eb300000, 0x00000000ed000000, 0x0000000100000000)
  eden space 16384K, 0% used [0x00000000eb300000,0x00000000eb300000,0x00000000ec300000)
  from space 2560K, 99% used [0x00000000ec300000,0x00000000ec57a710,0x00000000ec580000)
  to   space 6656K, 0% used [0x00000000ec980000,0x00000000ec980000,0x00000000ed000000)
 ParOldGen       total 44032K, used 4851K [0x00000000c1800000, 0x00000000c4300000, 0x00000000eb300000)
  object space 44032K, 11% used [0x00000000c1800000,0x00000000c1cbcf68,0x00000000c4300000)
 Metaspace       used 15423K, capacity 15618K, committed 15872K, reserved 1062912K
  class space    used 1898K, capacity 1964K, committed 2048K, reserved 1048576K
}
Event: 8.950 GC heap before
{Heap before GC invocations=6 (full 0):
 PSYoungGen      total 18944K, used 17874K [0x00000000eb300000, 0x00000000ed000000, 0x0000000100000000)
  eden space 16384K, 93% used [0x00000000eb300000,0x00000000ec1fa288,0x00000000ec300000)
  from space 2560K, 99% used [0x00000000ec300000,0x00000000ec57a710,0x00000000ec580000)
  to   space 6656K, 0% used [0x00000000ec980000,0x00000000ec980000,0x00000000ed000000)
 ParOldGen       total 44032K, used 4851K [0x00000000c1800000, 0x00000000c4300000, 0x00000000eb300000)
  object space 44032K, 11% used [0x00000000c1800000,0x00000000c1cbcf68,0x00000000c4300000)
 Metaspace       used 15562K, capacity 15782K, committed 16128K, reserved 1062912K
  class space    used 1924K, capacity 1996K, committed 2048K, reserved 1048576K
Event: 8.953 GC heap after
Heap after GC invocations=6 (full 0):
 PSYoungGen      total 22016K, used 2665K [0x00000000eb300000, 0x00000000ecf00000, 0x0000000100000000)
  eden space 16384K, 0% used [0x00000000eb300000,0x00000000eb300000,0x00000000ec300000)
  from space 5632K, 47% used [0x00000000ec980000,0x00000000ecc1a710,0x00000000ecf00000)
  to   space 6144K, 0% used [0x00000000ec300000,0x00000000ec300000,0x00000000ec900000)
 ParOldGen       total 44032K, used 4859K [0x00000000c1800000, 0x00000000c4300000, 0x00000000eb300000)
  object space 44032K, 11% used [0x00000000c1800000,0x00000000c1cbef68,0x00000000c4300000)
 Metaspace       used 15562K, capacity 15782K, committed 16128K, reserved 1062912K
  class space    used 1924K, capacity 1996K, committed 2048K, reserved 1048576K
}
Event: 10.269 GC heap before
{Heap before GC invocations=7 (full 0):
 PSYoungGen      total 22016K, used 18279K [0x00000000eb300000, 0x00000000ecf00000, 0x0000000100000000)
  eden space 16384K, 95% used [0x00000000eb300000,0x00000000ec23f7f0,0x00000000ec300000)
  from space 5632K, 47% used [0x00000000ec980000,0x00000000ecc1a710,0x00000000ecf00000)
  to   space 6144K, 0% used [0x00000000ec300000,0x00000000ec300000,0x00000000ec900000)
 ParOldGen       total 44032K, used 4859K [0x00000000c1800000, 0x00000000c4300000, 0x00000000eb300000)
  object space 44032K, 11% used [0x00000000c1800000,0x00000000c1cbef68,0x00000000c4300000)
 Metaspace       used 15642K, capacity 15846K, committed 16128K, reserved 1062912K
  class space    used 1924K, capacity 1996K, committed 2048K, reserved 1048576K
Event: 10.275 GC heap after
Heap after GC invocations=7 (full 0):
 PSYoungGen      total 22528K, used 224K [0x00000000eb300000, 0x00000000ed000000, 0x0000000100000000)
  eden space 16384K, 0% used [0x00000000eb300000,0x00000000eb300000,0x00000000ec300000)
  from space 6144K, 3% used [0x00000000ec300000,0x00000000ec338000,0x00000000ec900000)
  to   space 6656K, 0% used [0x00000000ec980000,0x00000000ec980000,0x00000000ed000000)
 ParOldGen       total 44032K, used 9319K [0x00000000c1800000, 0x00000000c4300000, 0x00000000eb300000)
  object space 44032K, 21% used [0x00000000c1800000,0x00000000c2119c18,0x00000000c4300000)
 Metaspace       used 15642K, capacity 15846K, committed 16128K, reserved 1062912K
  class space    used 1924K, capacity 1996K, committed 2048K, reserved 1048576K
}
Event: 11.709 GC heap before
{Heap before GC invocations=8 (full 0):
 PSYoungGen      total 22528K, used 16397K [0x00000000eb300000, 0x00000000ed000000, 0x0000000100000000)
  eden space 16384K, 98% used [0x00000000eb300000,0x00000000ec2cb590,0x00000000ec300000)
  from space 6144K, 3% used [0x00000000ec300000,0x00000000ec338000,0x00000000ec900000)
  to   space 6656K, 0% used [0x00000000ec980000,0x00000000ec980000,0x00000000ed000000)
 ParOldGen       total 44032K, used 9319K [0x00000000c1800000, 0x00000000c4300000, 0x00000000eb300000)
  object space 44032K, 21% used [0x00000000c1800000,0x00000000c2119c18,0x00000000c4300000)
 Metaspace       used 15712K, capacity 15910K, committed 16128K, reserved 1062912K
  class space    used 1924K, capacity 1996K, committed 2048K, reserved 1048576K
Event: 11.710 GC heap after
Heap after GC invocations=8 (full 0):
 PSYoungGen      total 23040K, used 256K [0x00000000eb300000, 0x00000000ed000000, 0x0000000100000000)
  eden space 16384K, 0% used [0x00000000eb300000,0x00000000eb300000,0x00000000ec300000)
  from space 6656K, 3% used [0x00000000ec980000,0x00000000ec9c0000,0x00000000ed000000)
  to   space 6656K, 0% used [0x00000000ec300000,0x00000000ec300000,0x00000000ec980000)
 ParOldGen       total 44032K, used 9367K [0x00000000c1800000, 0x00000000c4300000, 0x00000000eb300000)
  object space 44032K, 21% used [0x00000000c1800000,0x00000000c2125c18,0x00000000c4300000)
 Metaspace       used 15712K, capacity 15910K, committed 16128K, reserved 1062912K
  class space    used 1924K, capacity 1996K, committed 2048K, reserved 1048576K
}

Deoptimization events (10 events):
Event: 3.988 Thread 0x0000000016d9f000 Uncommon trap: reason=unstable_if action=reinterpret pc=0x00000000027b51a8 method=org.bytedeco.javacv.Java2DFrameConverter.flipCopyWithGamma(Ljava/nio/ByteBuffer;ILjava/nio/ByteBuffer;IZDZI)V @ 50
Event: 8.392 Thread 0x0000000016d9f000 Uncommon trap: reason=class_check action=maybe_recompile pc=0x000000000258d368 method=java.lang.String.equals(Ljava/lang/Object;)Z @ 8
Event: 8.392 Thread 0x0000000016d9f000 Uncommon trap: reason=class_check action=maybe_recompile pc=0x000000000258d368 method=java.lang.String.equals(Ljava/lang/Object;)Z @ 8
Event: 8.548 Thread 0x0000000016d9f000 Uncommon trap: reason=class_check action=maybe_recompile pc=0x000000000258d368 method=java.lang.String.equals(Ljava/lang/Object;)Z @ 8
Event: 8.548 Thread 0x0000000016d9f000 Uncommon trap: reason=class_check action=maybe_recompile pc=0x000000000258d368 method=java.lang.String.equals(Ljava/lang/Object;)Z @ 8
Event: 11.990 Thread 0x0000000016da4800 Uncommon trap: reason=predicate action=maybe_recompile pc=0x00000000027cfbe0 method=org.bytedeco.javacv.Java2DFrameConverter.flipCopyWithGamma(Ljava/nio/ByteBuffer;ILjava/nio/ByteBuffer;IZDZI)V @ 491
Event: 11.990 Thread 0x0000000016da4800 Uncommon trap: reason=class_check action=maybe_recompile pc=0x00000000027ce398 method=org.bytedeco.javacv.Java2DFrameConverter.flipCopyWithGamma(Ljava/nio/ByteBuffer;ILjava/nio/ByteBuffer;IZDZI)V @ 492
Event: 11.990 Thread 0x0000000016da4800 Uncommon trap: reason=class_check action=maybe_recompile pc=0x00000000027ce398 method=org.bytedeco.javacv.Java2DFrameConverter.flipCopyWithGamma(Ljava/nio/ByteBuffer;ILjava/nio/ByteBuffer;IZDZI)V @ 492
Event: 11.990 Thread 0x0000000016da4800 Uncommon trap: reason=class_check action=maybe_recompile pc=0x00000000027ce398 method=org.bytedeco.javacv.Java2DFrameConverter.flipCopyWithGamma(Ljava/nio/ByteBuffer;ILjava/nio/ByteBuffer;IZDZI)V @ 492
Event: 11.991 Thread 0x0000000016da4800 Uncommon trap: reason=class_check action=maybe_recompile pc=0x00000000027ce398 method=org.bytedeco.javacv.Java2DFrameConverter.flipCopyWithGamma(Ljava/nio/ByteBuffer;ILjava/nio/ByteBuffer;IZDZI)V @ 492

Internal exceptions (10 events):
Event: 0.301 Thread 0x00000000023ed800 Exception <a 'java/lang/ClassNotFoundException': javax/swing/JToolBarSeparator> (0x00000000eb785588) thrown at [C:\re\workspace\8-2-build-windows-amd64-cygwin\jdk8u91\6644\hotspot\src\share\vm\classfile\systemDictionary.cpp, line 210]
Event: 0.301 Thread 0x00000000023ed800 Exception <a 'java/lang/ClassNotFoundException': ToolBarSeparator> (0x00000000eb785a20) thrown at [C:\re\workspace\8-2-build-windows-amd64-cygwin\jdk8u91\6644\hotspot\src\share\vm\classfile\systemDictionary.cpp, line 210]
Event: 0.301 Thread 0x00000000023ed800 Exception <a 'java/lang/ClassNotFoundException': ToolTip> (0x00000000eb786160) thrown at [C:\re\workspace\8-2-build-windows-amd64-cygwin\jdk8u91\6644\hotspot\src\share\vm\classfile\systemDictionary.cpp, line 210]
Event: 0.302 Thread 0x00000000023ed800 Exception <a 'java/lang/ClassNotFoundException': Tree> (0x00000000eb786d80) thrown at [C:\re\workspace\8-2-build-windows-amd64-cygwin\jdk8u91\6644\hotspot\src\share\vm\classfile\systemDictionary.cpp, line 210]
Event: 0.302 Thread 0x00000000023ed800 Exception <a 'java/lang/ClassNotFoundException': Tree> (0x00000000eb7874c0) thrown at [C:\re\workspace\8-2-build-windows-amd64-cygwin\jdk8u91\6644\hotspot\src\share\vm\classfile\systemDictionary.cpp, line 210]
Event: 0.302 Thread 0x00000000023ed800 Exception <a 'java/lang/ClassNotFoundException': javax/swing/JTreeCell> (0x00000000eb787840) thrown at [C:\re\workspace\8-2-build-windows-amd64-cygwin\jdk8u91\6644\hotspot\src\share\vm\classfile\systemDictionary.cpp, line 210]
Event: 0.302 Thread 0x00000000023ed800 Exception <a 'java/lang/ClassNotFoundException': TreeCell> (0x00000000eb787cc8) thrown at [C:\re\workspace\8-2-build-windows-amd64-cygwin\jdk8u91\6644\hotspot\src\share\vm\classfile\systemDictionary.cpp, line 210]
Event: 0.303 Thread 0x00000000023ed800 Exception <a 'java/lang/ClassNotFoundException': RootPane> (0x00000000eb788728) thrown at [C:\re\workspace\8-2-build-windows-amd64-cygwin\jdk8u91\6644\hotspot\src\share\vm\classfile\systemDictionary.cpp, line 210]
Event: 0.672 Thread 0x0000000016d9f000 Implicit null exception at 0x0000000002609499 to 0x00000000026097ed
Event: 0.673 Thread 0x0000000016d9f000 Implicit null exception at 0x00000000025e7456 to 0x00000000025e7781

Events (10 events):
Event: 11.990 Thread 0x0000000016da4800 DEOPT UNPACKING pc=0x000000000243582a sp=0x000000002f07eac8 mode 2
Event: 11.990 Thread 0x0000000016da4800 Uncommon trap: trap_request=0xffffffde fr.pc=0x00000000027ce398
Event: 11.990 Thread 0x0000000016da4800 DEOPT PACKING pc=0x00000000027ce398 sp=0x000000002f07eaf0
Event: 11.990 Thread 0x0000000016da4800 DEOPT UNPACKING pc=0x000000000243582a sp=0x000000002f07eac8 mode 2
Event: 11.990 Thread 0x0000000016da4800 Uncommon trap: trap_request=0xffffffde fr.pc=0x00000000027ce398
Event: 11.990 Thread 0x0000000016da4800 DEOPT PACKING pc=0x00000000027ce398 sp=0x000000002f07eaf0
Event: 11.990 Thread 0x0000000016da4800 DEOPT UNPACKING pc=0x000000000243582a sp=0x000000002f07eac8 mode 2
Event: 11.991 Thread 0x0000000016da4800 Uncommon trap: trap_request=0xffffffde fr.pc=0x00000000027ce398
Event: 11.991 Thread 0x0000000016da4800 DEOPT PACKING pc=0x00000000027ce398 sp=0x000000002f07eaf0
Event: 11.991 Thread 0x0000000016da4800 DEOPT UNPACKING pc=0x000000000243582a sp=0x000000002f07eac8 mode 2


Dynamic libraries:
0x00007ff6e7170000 - 0x00007ff6e71a7000 	C:\Program Files\Java\jdk1.8.0_91\bin\java.exe
0x00007ffcedb30000 - 0x00007ffcedd0b000 	C:\WINDOWS\SYSTEM32\ntdll.dll
0x00007ffced640000 - 0x00007ffced6ee000 	C:\WINDOWS\System32\KERNEL32.DLL
0x00007ffceae40000 - 0x00007ffceb089000 	C:\WINDOWS\System32\KERNELBASE.dll
0x00007ffceb920000 - 0x00007ffceb9c1000 	C:\WINDOWS\System32\ADVAPI32.dll
0x00007ffced2e0000 - 0x00007ffced37d000 	C:\WINDOWS\System32\msvcrt.dll
0x00007ffceb860000 - 0x00007ffceb8b9000 	C:\WINDOWS\System32\sechost.dll
0x00007ffced030000 - 0x00007ffced155000 	C:\WINDOWS\System32\RPCRT4.dll
0x00007ffceb5b0000 - 0x00007ffceb6fa000 	C:\WINDOWS\System32\USER32.dll
0x00007ffceac90000 - 0x00007ffceacae000 	C:\WINDOWS\System32\win32u.dll
0x00007ffceb820000 - 0x00007ffceb847000 	C:\WINDOWS\System32\GDI32.dll
0x00007ffceacb0000 - 0x00007ffceae37000 	C:\WINDOWS\System32\gdi32full.dll
0x00007ffcea050000 - 0x00007ffcea0ea000 	C:\WINDOWS\System32\msvcp_win.dll
0x00007ffcea1a0000 - 0x00007ffcea296000 	C:\WINDOWS\System32\ucrtbase.dll
0x00007ffcd8460000 - 0x00007ffcd86c7000 	C:\WINDOWS\WinSxS\amd64_microsoft.windows.common-controls_6595b64144ccf1df_6.0.15063.483_none_26002d27e7c744a2\COMCTL32.dll
0x00007ffceb110000 - 0x00007ffceb409000 	C:\WINDOWS\System32\combase.dll
0x00007ffceaa50000 - 0x00007ffceaaba000 	C:\WINDOWS\System32\bcryptPrimitives.dll
0x00007ffced380000 - 0x00007ffced3ad000 	C:\WINDOWS\System32\IMM32.DLL
0x00000000752e0000 - 0x00000000753b2000 	C:\Program Files\Java\jdk1.8.0_91\jre\bin\msvcr100.dll
0x00000000753c0000 - 0x0000000075c53000 	C:\Program Files\Java\jdk1.8.0_91\jre\bin\server\jvm.dll
0x00007ffceb090000 - 0x00007ffceb098000 	C:\WINDOWS\System32\PSAPI.DLL
0x00007ffce8520000 - 0x00007ffce8543000 	C:\WINDOWS\SYSTEM32\WINMM.dll
0x00007ffce6ee0000 - 0x00007ffce6ee9000 	C:\WINDOWS\SYSTEM32\WSOCK32.dll
0x00007ffceb0a0000 - 0x00007ffceb10c000 	C:\WINDOWS\System32\WS2_32.dll
0x00007ffcde190000 - 0x00007ffcde19a000 	C:\WINDOWS\SYSTEM32\VERSION.dll
0x00007ffce84c0000 - 0x00007ffce84eb000 	C:\WINDOWS\SYSTEM32\winmmbase.dll
0x00007ffcea300000 - 0x00007ffcea349000 	C:\WINDOWS\System32\cfgmgr32.dll
0x0000000076fb0000 - 0x0000000076fbf000 	C:\Program Files\Java\jdk1.8.0_91\jre\bin\verify.dll
0x0000000075eb0000 - 0x0000000075ed9000 	C:\Program Files\Java\jdk1.8.0_91\jre\bin\java.dll
0x0000000075e90000 - 0x0000000075ea6000 	C:\Program Files\Java\jdk1.8.0_91\jre\bin\zip.dll
0x00007ffceb9d0000 - 0x00007ffcece06000 	C:\WINDOWS\System32\SHELL32.dll
0x00007ffcecf20000 - 0x00007ffcecfca000 	C:\WINDOWS\System32\shcore.dll
0x00007ffcea350000 - 0x00007ffceaa41000 	C:\WINDOWS\System32\windows.storage.dll
0x00007ffced3b0000 - 0x00007ffced401000 	C:\WINDOWS\System32\shlwapi.dll
0x00007ffcea010000 - 0x00007ffcea021000 	C:\WINDOWS\System32\kernel.appcore.dll
0x00007ffce9fc0000 - 0x00007ffcea00c000 	C:\WINDOWS\System32\powrprof.dll
0x00007ffce9fa0000 - 0x00007ffce9fb5000 	C:\WINDOWS\System32\profapi.dll
0x0000000075140000 - 0x00000000752d8000 	C:\Program Files\Java\jdk1.8.0_91\jre\bin\awt.dll
0x00007ffced410000 - 0x00007ffced4d0000 	C:\WINDOWS\System32\OLEAUT32.dll
0x00007ffce8740000 - 0x00007ffce87be000 	C:\WINDOWS\SYSTEM32\apphelp.dll
0x00007ffce8a10000 - 0x00007ffce8aa5000 	C:\WINDOWS\system32\uxtheme.dll
0x00007ffced170000 - 0x00007ffced2d6000 	C:\WINDOWS\System32\MSCTF.dll
0x00007ffce7020000 - 0x00007ffce704a000 	C:\WINDOWS\system32\dwmapi.dll
0x00007ffced4d0000 - 0x00007ffced615000 	C:\WINDOWS\System32\ole32.dll
0x00000000750f0000 - 0x0000000075137000 	C:\Program Files\Java\jdk1.8.0_91\jre\bin\fontmanager.dll
0x00007ffcc93e0000 - 0x00007ffcc94cf000 	C:\Users\Joao_\.javacpp\cache\opencv-windows-x86_64.jar\org\bytedeco\javacpp\windows-x86_64\msvcr120.dll
0x00007ffccc570000 - 0x00007ffccc616000 	C:\Users\Joao_\.javacpp\cache\opencv-windows-x86_64.jar\org\bytedeco\javacpp\windows-x86_64\msvcp120.dll
0x00007ffcbf700000 - 0x00007ffcbf97a000 	C:\Users\Joao_\.javacpp\cache\opencv-windows-x86_64.jar\org\bytedeco\javacpp\windows-x86_64\opencv_core310.dll
0x00007ffcb7d40000 - 0x00007ffcb8082000 	C:\Users\Joao_\.javacpp\cache\opencv-windows-x86_64.jar\org\bytedeco\javacpp\windows-x86_64\opencv_imgproc310.dll
0x00007ffcba7d0000 - 0x00007ffcba9f7000 	C:\Users\Joao_\.javacpp\cache\opencv-windows-x86_64.jar\org\bytedeco\javacpp\windows-x86_64\jniopencv_core.dll
0x0000000075e70000 - 0x0000000075e8a000 	C:\Program Files\Java\jdk1.8.0_91\jre\bin\net.dll
0x00007ffce9850000 - 0x00007ffce98ac000 	C:\WINDOWS\system32\mswsock.dll
0x0000000075e50000 - 0x0000000075e61000 	C:\Program Files\Java\jdk1.8.0_91\jre\bin\nio.dll
0x00007ffcc92f0000 - 0x00007ffcc93dd000 	C:\Users\Joao_\.javacpp\cache\opencv-windows-x86_64.jar\org\bytedeco\javacpp\windows-x86_64\jniopencv_imgproc.dll
0x00007ffcb73e0000 - 0x00007ffcb76a9000 	C:\Users\Joao_\.javacpp\cache\opencv-windows-x86_64.jar\org\bytedeco\javacpp\windows-x86_64\opencv_imgcodecs310.dll
0x00007ffce25a0000 - 0x00007ffce25c5000 	C:\Users\Joao_\.javacpp\cache\opencv-windows-x86_64.jar\org\bytedeco\javacpp\windows-x86_64\jniopencv_imgcodecs.dll
0x00007ffce21d0000 - 0x00007ffce2223000 	C:\Users\Joao_\.javacpp\cache\opencv-windows-x86_64.jar\org\bytedeco\javacpp\windows-x86_64\opencv_videoio310.dll
0x00007ffce2380000 - 0x00007ffce2398000 	C:\WINDOWS\SYSTEM32\AVICAP32.dll
0x00007ffce2580000 - 0x00007ffce259f000 	C:\WINDOWS\SYSTEM32\AVIFIL32.dll
0x00007ffce14d0000 - 0x00007ffce14f9000 	C:\WINDOWS\SYSTEM32\MSVFW32.dll
0x00007ffce2140000 - 0x00007ffce215c000 	C:\WINDOWS\SYSTEM32\MSACM32.dll
0x00007ffce14b0000 - 0x00007ffce14c7000 	C:\Users\Joao_\.javacpp\cache\opencv-windows-x86_64.jar\org\bytedeco\javacpp\windows-x86_64\jniopencv_videoio.dll
0x00007ffcdef10000 - 0x00007ffcdef3c000 	C:\Users\Joao_\.javacpp\cache\opencv-windows-x86_64.jar\org\bytedeco\javacpp\windows-x86_64\opencv_highgui310.dll
0x00007ffcece10000 - 0x00007ffcecf18000 	C:\WINDOWS\System32\COMDLG32.dll
0x00007ffcdee90000 - 0x00007ffcdeec5000 	C:\Users\Joao_\.javacpp\cache\opencv-windows-x86_64.jar\org\bytedeco\javacpp\windows-x86_64\jniopencv_highgui.dll
0x00007ffcc8e90000 - 0x00007ffcc8f5d000 	C:\Users\Joao_\.javacpp\cache\opencv-windows-x86_64.jar\org\bytedeco\javacpp\windows-x86_64\opencv_ml310.dll
0x00007ffcdba00000 - 0x00007ffcdba3f000 	C:\Users\Joao_\.javacpp\cache\opencv-windows-x86_64.jar\org\bytedeco\javacpp\windows-x86_64\jniopencv_ml.dll
0x00007ffcc8ce0000 - 0x00007ffcc8d76000 	C:\Users\Joao_\.javacpp\cache\opencv-windows-x86_64.jar\org\bytedeco\javacpp\windows-x86_64\opencv_objdetect310.dll
0x00007ffcc9220000 - 0x00007ffcc9274000 	C:\Users\Joao_\.javacpp\cache\opencv-windows-x86_64.jar\org\bytedeco\javacpp\windows-x86_64\jniopencv_objdetect.dll
0x00007ffcd24a0000 - 0x00007ffcd24e6000 	C:\Users\Joao_\.javacpp\cache\opencv-windows-x86_64.jar\org\bytedeco\javacpp\windows-x86_64\opencv_face310.dll
0x00007ffce1490000 - 0x00007ffce14aa000 	C:\Users\Joao_\.javacpp\cache\opencv-windows-x86_64.jar\org\bytedeco\javacpp\windows-x86_64\jniopencv_face.dll
0x00007ffcdee60000 - 0x00007ffcdee86000 	C:\Users\Joao_\.javacpp\cache\videoinput-windows-x86_64.jar\org\bytedeco\javacpp\windows-x86_64\jnivideoInputLib.dll
0x00007ffceb700000 - 0x00007ffceb79e000 	C:\WINDOWS\System32\clbcatq.dll
0x00000000750a0000 - 0x00000000750e2000 	C:\Program Files\Java\jdk1.8.0_91\jre\bin\t2k.dll
0x00007ffce1450000 - 0x00007ffce1467000 	C:\Windows\System32\devenum.dll
0x00007ffced6f0000 - 0x00007ffcedb2b000 	C:\WINDOWS\System32\setupapi.dll
0x00007ffce91b0000 - 0x00007ffce91e1000 	C:\WINDOWS\SYSTEM32\ntmarta.dll
0x00007ffce8bc0000 - 0x00007ffce8be8000 	C:\WINDOWS\SYSTEM32\DEVOBJ.dll
0x00007ffcea2a0000 - 0x00007ffcea2f6000 	C:\WINDOWS\System32\WINTRUST.dll
0x00007ffcea030000 - 0x00007ffcea041000 	C:\WINDOWS\System32\MSASN1.dll
0x00007ffceaac0000 - 0x00007ffceac89000 	C:\WINDOWS\System32\CRYPT32.dll
0x00007ffce6ef0000 - 0x00007ffce6efb000 	C:\WINDOWS\SYSTEM32\msdmo.dll
0x00007ffcd38a0000 - 0x00007ffcd38d2000 	C:\Windows\System32\qcap.dll
0x00007ffcbed20000 - 0x00007ffcbeedc000 	C:\Windows\System32\quartz.dll
0x00007ffce9ea0000 - 0x00007ffce9ec5000 	C:\Windows\System32\bcrypt.dll
0x00007ffcc8e40000 - 0x00007ffcc8e8d000 	C:\Windows\System32\mfksproxy.dll
0x00007ffcd91b0000 - 0x00007ffcd91cc000 	C:\Windows\System32\ATL.DLL
0x00007ffce2300000 - 0x00007ffce2332000 	C:\Windows\System32\MFSENSORGROUP.dll
0x00007ffcda2e0000 - 0x00007ffcda480000 	C:\Windows\System32\MFPlat.DLL
0x00007ffcdd650000 - 0x00007ffcdd682000 	C:\Windows\System32\RTWorkQ.DLL
0x00007ffcc8c90000 - 0x00007ffcc8cd8000 	C:\Windows\System32\ksproxy.ax
0x00007ffce2170000 - 0x00007ffce2179000 	C:\Windows\System32\ksuser.dll
0x00007ffcb9410000 - 0x00007ffcb9599000 	C:\Windows\System32\d3d9.dll
0x00007ffce5db0000 - 0x00007ffce5e27000 	C:\WINDOWS\SYSTEM32\policymanager.dll
0x00007ffce5d20000 - 0x00007ffce5daf000 	C:\Windows\System32\msvcp110_win.dll
0x00007ffce3bd0000 - 0x00007ffce3d7c000 	C:\WINDOWS\SYSTEM32\WindowsCodecs.dll
0x00007ffcd8720000 - 0x00007ffcd8767000 	C:\WINDOWS\system32\dataexchange.dll
0x00007ffce7780000 - 0x00007ffce7a5f000 	C:\WINDOWS\system32\d3d11.dll
0x00007ffce8100000 - 0x00007ffce8222000 	C:\WINDOWS\system32\dcomp.dll
0x00007ffce8f20000 - 0x00007ffce8fc4000 	C:\WINDOWS\system32\dxgi.dll
0x00007ffce88a0000 - 0x00007ffce8a10000 	C:\WINDOWS\system32\twinapi.appcore.dll
0x00007ffce4e40000 - 0x00007ffce4ec2000 	C:\WINDOWS\System32\TextInputFramework.dll
0x00007ffce2910000 - 0x00007ffce2be2000 	C:\WINDOWS\System32\CoreUIComponents.dll
0x00007ffce8010000 - 0x00007ffce80f3000 	C:\WINDOWS\System32\CoreMessaging.dll
0x00007ffce6030000 - 0x00007ffce6169000 	C:\WINDOWS\SYSTEM32\wintypes.dll
0x00007ffce6cc0000 - 0x00007ffce6cd5000 	C:\WINDOWS\SYSTEM32\usermgrcli.dll
0x0000000075070000 - 0x000000007509a000 	C:\Program Files\Java\jdk1.8.0_91\jre\bin\dcpr.dll
0x00007ffce2370000 - 0x00007ffce237c000 	C:\Windows\System32\vidcap.ax
0x00007ffcdd9e0000 - 0x00007ffcdda06000 	C:\Windows\System32\kswdmcap.ax
0x00007ffcbffe0000 - 0x00007ffcc0144000 	C:\Windows\System32\MFC42.dll
0x00007ffcc8bf0000 - 0x00007ffcc8c8f000 	C:\Windows\System32\qedit.dll
0x00007ffcd7260000 - 0x00007ffcd73f5000 	C:\WINDOWS\WinSxS\amd64_microsoft.windows.gdiplus_6595b64144ccf1df_1.1.15063.608_none_56f0266b425534e9\gdiplus.dll
0x00007ffcc2aa0000 - 0x00007ffcc2b96000 	C:\Windows\System32\DDRAW.dll
0x00007ffce22c0000 - 0x00007ffce22c8000 	C:\Windows\System32\DCIMAN32.dll
0x00007ffcb9c80000 - 0x00007ffcb9e97000 	C:\Program Files (x86)\K-Lite Codec Pack\Filters\DirectVobSub64\vsfilter.dll
0x00007ffcd9580000 - 0x00007ffcd960a000 	C:\WINDOWS\SYSTEM32\WINSPOOL.DRV
0x00007ffcd8970000 - 0x00007ffcd8c9e000 	C:\WINDOWS\SYSTEM32\WININET.dll
0x00007ffcd8db0000 - 0x00007ffcd8e1b000 	C:\WINDOWS\SYSTEM32\OLEACC.dll
0x00007ffce2290000 - 0x00007ffce229c000 	C:\WINDOWS\SYSTEM32\msyuv.dll
0x00007ffcde610000 - 0x00007ffcde7b9000 	C:\WINDOWS\SYSTEM32\dbghelp.dll

VM Arguments:
jvm_args: -Dfile.encoding=UTF-8 -Djava.library.path=C:\opencv\build\java\x64 
java_command: main.main
java_class_path (initial): C:\Users\Joao_\Downloads\javacpp-1.3-bin\javacpp-bin\javacpp.jar;C:\Users\Joao_\Downloads\javacv-platform-1.3-bin\javacv-bin\opencv-windows-x86_64.jar;C:\Users\Joao_\Downloads\javacv-platform-1.3-bin\javacv-bin\videoinput-windows-x86_64.jar;C:\Users\Joao_\Downloads\javacv-platform-1.3-bin\javacv-bin\artoolkitplus-windows-x86_64.jar;C:\Users\Joao_\Downloads\javacv-platform-1.3-bin\javacv-bin\ffmpeg-windows-x86_64.jar;C:\Users\Joao_\Downloads\javacv-platform-1.3-bin\javacv-bin\flandmark-windows-x86_64.jar;C:\Users\Joao_\Downloads\javacv-platform-1.3-bin\javacv-bin\flycapture-windows-x86_64.jar;C:\Users\Joao_\Downloads\javacv-platform-1.3-bin\javacv-bin\javacv-platform.jar;C:\Users\Joao_\Downloads\javacv-platform-1.3-bin\javacv-bin\javacv.jar;C:\Users\Joao_\Downloads\javacv-platform-1.3-bin\javacv-bin\libdc1394-windows-x86_64.jar;C:\Users\Joao_\Downloads\javacv-platform-1.3-bin\javacv-bin\libfreenect-platform.jar;C:\Users\Joao_\Downloads\javacv-platform-1.3-bin\javacv-bin\libfreenect-windows-x86_64.jar;C:\Users\Joao_\Downloads\javacv-platform-1.3-bin\javacv-bin\librealsense-platform.jar;C:\Users\Joao_\Downloads\javacv-platform-1.3-bin\javacv-bin\librealsense.jar;C:\Users\Joao_\Downloads\javacv-platform-1.3-bin\javacv-bin\opencv.jar;C:\Users\Joao_\Downloads\javacv-platform-1.3-bin\javacv-bin\videoinput.jar;C:\TCC.UniSecurity\build\classes
Launcher Type: SUN_STANDARD

Environment Variables:
PATH=C:\ProgramData\Oracle\Java\javapath;C:\WINDOWS\system32;C:\WINDOWS;C:\WINDOWS\System32\Wbem;C:\WINDOWS\System32\WindowsPowerShell\v1.0\;C:\Program Files (x86)\Skype\Phone\;C:\Program Files\Microsoft SQL Server\120\DTS\Binn\;C:\Program Files\Microsoft SQL Server\Client SDK\ODBC\110\Tools\Binn\;C:\Program Files (x86)\Microsoft SQL Server\120\Tools\Binn\;C:\Program Files\Microsoft SQL Server\120\Tools\Binn\;C:\Program Files (x86)\Microsoft SQL Server\120\Tools\Binn\ManagementStudio\;C:\Program Files (x86)\Microsoft SQL Server\120\DTS\Binn\;C:\Program Files\CMake\bin;C:\opencv\build\x64\vc14\bin;C:\Users\Joao_\AppData\Local\Programs\Python\Python37\Scripts\;C:\Users\Joao_\AppData\Local\Programs\Python\Python37\;C:\Users\Joao_\AppData\Local\Microsoft\WindowsApps;
USERNAME=Joao_
OS=Windows_NT
PROCESSOR_IDENTIFIER=Intel64 Family 6 Model 58 Stepping 9, GenuineIntel



---------------  S Y S T E M  ---------------

OS: Windows 10.0 , 64 bit Build 15063 (10.0.15063.296)

CPU:total 4 (2 cores per cpu, 2 threads per core) family 6 model 58 stepping 9, cmov, cx8, fxsr, mmx, sse, sse2, sse3, ssse3, sse4.1, sse4.2, popcnt, avx, aes, clmul, erms, ht, tsc, tscinvbit, tscinv

Memory: 4k page, physical 4092772k(1114264k free), swap 5534564k(1189932k free)

vm_info: Java HotSpot(TM) 64-Bit Server VM (25.91-b14) for windows-amd64 JRE (1.8.0_91-b14), built on Apr  1 2016 00:58:32 by "java_re" with MS VC++ 10.0 (VS2010)

time: Thu Oct 19 23:42:46 2017
elapsed time: 12 seconds (0d 0h 0m 12s)

