#
# A fatal error has been detected by the Java Runtime Environment:
#
#  EXCEPTION_UNCAUGHT_CXX_EXCEPTION (0xe06d7363) at pc=0x00007ff974929e08, pid=7628, tid=8876
#
# JRE version: Java(TM) SE Runtime Environment (8.0_91-b14) (build 1.8.0_91-b14)
# Java VM: Java HotSpot(TM) 64-Bit Server VM (25.91-b14 mixed mode windows-amd64 compressed oops)
# Problematic frame:
# C  [KERNELBASE.dll+0x69e08]
#
# Failed to write core dump. Minidumps are not enabled by default on client versions of Windows
#
# If you would like to submit a bug report, please visit:
#   http://bugreport.java.com/bugreport/crash.jsp
# The crash happened outside the Java Virtual Machine in native code.
# See problematic frame for where to report the bug.
#

---------------  T H R E A D  ---------------

Current thread (0x0000000019a07000):  JavaThread "pool-1-thread-1" [_thread_in_native, id=8876, stack(0x000000001d440000,0x000000001d540000)]

siginfo: ExceptionCode=0xe06d7363, ExceptionInformation=0x0000000019930520 0x000000001d52ef30 0x00007ff943bd0668 0x00007ff943990000 

Registers:
RAX=0x0000000000000000, RBX=0x00007ff943bd0668, RCX=0x0000000000000000, RDX=0x00000000000000ff
RSP=0x000000001d52eda0, RBP=0x000000001d52eee0, RSI=0x00007ff943b61f14, RDI=0x000000001d52ef30
R8 =0xffffe9af00000000, R9 =0x0000000000000000, R10=0x00000000013d7d1c, R11=0x00000000013d0150
R12=0x00000000ffffff29, R13=0x0000000000000000, R14=0x00007ff943b61ba0, R15=0x000000001d53f0d0
RIP=0x00007ff974929e08, EFLAGS=0x0000000000000202

Top of Stack: (sp=0x000000001d52eda0)
0x000000001d52eda0:   0000000000000000 00007ff943bd0668
0x000000001d52edb0:   00007ff943b61f14 000000001d52ef30
0x000000001d52edc0:   00000001e06d7363 0000000000000000
0x000000001d52edd0:   00007ff974929e08 0000000000000004
0x000000001d52ede0:   0000000019930520 000000001d52ef30
0x000000001d52edf0:   00007ff943bd0668 00007ff943990000
0x000000001d52ee00:   00007ff943b61ba0 00000000ffffff29
0x000000001d52ee10:   000000001d52ef30 00007ff943b61f14
0x000000001d52ee20:   000000001d52eee0 00007ff9783bba13
0x000000001d52ee30:   000000001d52eef0 00007ff900000000
0x000000001d52ee40:   000000001d52ef30 00007ff94b95d306
0x000000001d52ee50:   00007ff943bf1000 00007ff943990000
0x000000001d52ee60:   00003947158fd25c 00007ff94b9dc4d0
0x000000001d52ee70:   00007ff943bd0668 00007ff94b95ef63
0x000000001d52ee80:   000000001d52ef30 00007ff94b92eb8d
0x000000001d52ee90:   00007ff94b9dc4d0 00007ff943b61f14 

Instructions: (pc=0x00007ff974929e08)
0x00007ff974929de8:   49 8b d1 44 0f 47 c0 44 89 44 24 38 49 c1 e0 03
0x00007ff974929df8:   e8 1b db 01 00 48 8d 4c 24 20 ff 15 f0 c7 0f 00
0x00007ff974929e08:   48 8b 8c 24 c0 00 00 00 48 33 cc e8 78 b0 01 00
0x00007ff974929e18:   48 81 c4 d8 00 00 00 c3 83 64 24 38 00 eb d6 cc 


Register to memory mapping:

RAX=0x0000000000000000 is an unknown value
RBX=0x00007ff943bd0668 is an unknown value
RCX=0x0000000000000000 is an unknown value
RDX=0x00000000000000ff is an unknown value
RSP=0x000000001d52eda0 is pointing into the stack for thread: 0x0000000019a07000
RBP=0x000000001d52eee0 is pointing into the stack for thread: 0x0000000019a07000
RSI=0x00007ff943b61f14 is an unknown value
RDI=0x000000001d52ef30 is pointing into the stack for thread: 0x0000000019a07000
R8 =0xffffe9af00000000 is an unknown value
R9 =0x0000000000000000 is an unknown value
R10=0x00000000013d7d1c is an unknown value
R11=0x00000000013d0150 is an unknown value
R12=0x00000000ffffff29 is an unallocated location in the heap
R13=0x0000000000000000 is an unknown value
R14=0x00007ff943b61ba0 is an unknown value
R15=0x000000001d53f0d0 is pointing into the stack for thread: 0x0000000019a07000


Stack: [0x000000001d440000,0x000000001d540000],  sp=0x000000001d52eda0,  free space=955k
Native frames: (J=compiled Java code, j=interpreted, Vv=VM code, C=native code)
C  [KERNELBASE.dll+0x69e08]
C  [msvcr120.dll+0x5ef63]
C  [opencv_core310.dll+0x19b654]
C  [opencv_core310.dll+0x19b796]
C  [opencv_core310.dll+0x62e88]
C  [jniopencv_core.dll+0xaa01d]
C  0x0000000003227f54

Java frames: (J=compiled Java code, j=interpreted, Vv=VM code)
j  org.bytedeco.javacpp.opencv_core.cvFlip(Lorg/bytedeco/javacpp/helper/opencv_core$CvArr;Lorg/bytedeco/javacpp/helper/opencv_core$CvArr;I)V+0
j  processing.FacePanel.findFace(Lorg/bytedeco/javacpp/opencv_core$IplImage;)Lorg/bytedeco/javacpp/opencv_core$CvRect;+123
j  processing.FacePanel.access$100(Lprocessing/FacePanel;Lorg/bytedeco/javacpp/opencv_core$IplImage;)Lorg/bytedeco/javacpp/opencv_core$CvRect;+2
j  processing.FacePanel$1.run()V+19
j  java.util.concurrent.ThreadPoolExecutor.runWorker(Ljava/util/concurrent/ThreadPoolExecutor$Worker;)V+95
j  java.util.concurrent.ThreadPoolExecutor$Worker.run()V+5
j  java.lang.Thread.run()V+11
v  ~StubRoutines::call_stub

---------------  P R O C E S S  ---------------

Java Threads: ( => current thread )
=>0x0000000019a07000 JavaThread "pool-1-thread-1" [_thread_in_native, id=8876, stack(0x000000001d440000,0x000000001d540000)]
  0x0000000017c0b800 JavaThread "TimerQueue" daemon [_thread_blocked, id=9616, stack(0x000000001b4c0000,0x000000001b5c0000)]
  0x0000000017f22000 JavaThread "Thread-1" [_thread_in_native, id=7660, stack(0x000000001b1c0000,0x000000001b2c0000)]
  0x00000000013ad800 JavaThread "DestroyJavaVM" [_thread_blocked, id=9128, stack(0x0000000003010000,0x0000000003110000)]
  0x0000000018f78800 JavaThread "AWT-EventQueue-0" [_thread_blocked, id=7656, stack(0x000000001a0c0000,0x000000001a1c0000)]
  0x0000000017ee1800 JavaThread "JavaCPP Deallocator" daemon [_thread_blocked, id=7148, stack(0x0000000019d80000,0x0000000019e80000)]
  0x00000000179ae800 JavaThread "AWT-Windows" daemon [_thread_in_native, id=7152, stack(0x0000000018540000,0x0000000018640000)]
  0x00000000179ab800 JavaThread "AWT-Shutdown" [_thread_blocked, id=1936, stack(0x0000000018440000,0x0000000018540000)]
  0x0000000017992800 JavaThread "Java2D Disposer" daemon [_thread_blocked, id=6604, stack(0x0000000018340000,0x0000000018440000)]
  0x000000001585e800 JavaThread "Service Thread" daemon [_thread_blocked, id=7676, stack(0x0000000017560000,0x0000000017660000)]
  0x0000000015803000 JavaThread "C1 CompilerThread2" daemon [_thread_blocked, id=11420, stack(0x0000000017060000,0x0000000017160000)]
  0x0000000015800000 JavaThread "C2 CompilerThread1" daemon [_thread_blocked, id=11892, stack(0x0000000016f60000,0x0000000017060000)]
  0x00000000157fd800 JavaThread "C2 CompilerThread0" daemon [_thread_blocked, id=8700, stack(0x0000000016e60000,0x0000000016f60000)]
  0x00000000157fc000 JavaThread "Attach Listener" daemon [_thread_blocked, id=7516, stack(0x0000000016d60000,0x0000000016e60000)]
  0x00000000157fa800 JavaThread "Signal Dispatcher" daemon [_thread_blocked, id=5904, stack(0x0000000016c60000,0x0000000016d60000)]
  0x00000000157e9000 JavaThread "Finalizer" daemon [_thread_blocked, id=10192, stack(0x0000000016a60000,0x0000000016b60000)]
  0x0000000003201000 JavaThread "Reference Handler" daemon [_thread_blocked, id=1028, stack(0x0000000016960000,0x0000000016a60000)]

Other Threads:
  0x00000000157c7000 VMThread [stack: 0x0000000016860000,0x0000000016960000] [id=844]
  0x00000000171b2000 WatcherThread [stack: 0x0000000017660000,0x0000000017760000] [id=9116]

VM state:not at safepoint (normal execution)

VM Mutex/Monitor currently owned by a thread: None

Heap:
 PSYoungGen      total 35328K, used 5940K [0x00000000eb300000, 0x00000000ed800000, 0x0000000100000000)
  eden space 32768K, 10% used [0x00000000eb300000,0x00000000eb64de98,0x00000000ed300000)
  from space 2560K, 99% used [0x00000000ed580000,0x00000000ed7ff290,0x00000000ed800000)
  to   space 2560K, 0% used [0x00000000ed300000,0x00000000ed300000,0x00000000ed580000)
 ParOldGen       total 44032K, used 2518K [0x00000000c1800000, 0x00000000c4300000, 0x00000000eb300000)
  object space 44032K, 5% used [0x00000000c1800000,0x00000000c1a75a18,0x00000000c4300000)
 Metaspace       used 15449K, capacity 15682K, committed 15872K, reserved 1062912K
  class space    used 1890K, capacity 1964K, committed 2048K, reserved 1048576K

Card table byte_map: [0x00000000125d0000,0x00000000127d0000] byte_map_base: 0x0000000011fc4000

Marking Bits: (ParMarkBitMap*) 0x0000000058372f70
 Begin Bits: [0x0000000012d20000, 0x0000000013cc0000)
 End Bits:   [0x0000000013cc0000, 0x0000000014c60000)

Polling page: 0x0000000002fb0000

CodeCache: size=245760Kb used=3971Kb max_used=3971Kb free=241788Kb
 bounds [0x0000000003210000, 0x0000000003600000, 0x0000000012210000]
 total_blobs=1616 nmethods=993 adapters=536
 compilation: enabled

Compilation events (10 events):
Event: 1.551 Thread 0x0000000015803000  989       1       java.awt.Component::getHeight (5 bytes)
Event: 1.551 Thread 0x0000000015803000 nmethod 989 0x00000000035e7f90 code [0x00000000035e80e0, 0x00000000035e81f0]
Event: 1.552 Thread 0x0000000015803000  990       1       sun.java2d.SurfaceData::isValid (5 bytes)
Event: 1.552 Thread 0x0000000015803000 nmethod 990 0x00000000035e7cd0 code [0x00000000035e7e20, 0x00000000035e7f30]
Event: 1.552 Thread 0x0000000015803000  991       3       java.lang.StrictMath::floorOrCeil (128 bytes)
Event: 1.552 Thread 0x0000000015803000 nmethod 991 0x00000000035f2590 code [0x00000000035f2700, 0x00000000035f2b90]
Event: 1.552 Thread 0x0000000015803000  992       3       java.lang.Math::getExponent (17 bytes)
Event: 1.552 Thread 0x0000000015803000 nmethod 992 0x00000000035f2c90 code [0x00000000035f2de0, 0x00000000035f2f50]
Event: 1.552 Thread 0x0000000015803000  993       3       java.awt.geom.RectangularShape::<init> (5 bytes)
Event: 1.552 Thread 0x0000000015803000 nmethod 993 0x00000000035f2fd0 code [0x00000000035f3120, 0x00000000035f32d0]

GC Heap History (4 events):
Event: 0.588 GC heap before
{Heap before GC invocations=1 (full 0):
 PSYoungGen      total 18944K, used 16384K [0x00000000eb300000, 0x00000000ec800000, 0x0000000100000000)
  eden space 16384K, 100% used [0x00000000eb300000,0x00000000ec300000,0x00000000ec300000)
  from space 2560K, 0% used [0x00000000ec580000,0x00000000ec580000,0x00000000ec800000)
  to   space 2560K, 0% used [0x00000000ec300000,0x00000000ec300000,0x00000000ec580000)
 ParOldGen       total 44032K, used 0K [0x00000000c1800000, 0x00000000c4300000, 0x00000000eb300000)
  object space 44032K, 0% used [0x00000000c1800000,0x00000000c1800000,0x00000000c4300000)
 Metaspace       used 11192K, capacity 11402K, committed 11776K, reserved 1058816K
  class space    used 1334K, capacity 1415K, committed 1536K, reserved 1048576K
Event: 0.595 GC heap after
Heap after GC invocations=1 (full 0):
 PSYoungGen      total 18944K, used 2553K [0x00000000eb300000, 0x00000000ed800000, 0x0000000100000000)
  eden space 16384K, 0% used [0x00000000eb300000,0x00000000eb300000,0x00000000ec300000)
  from space 2560K, 99% used [0x00000000ec300000,0x00000000ec57e590,0x00000000ec580000)
  to   space 2560K, 0% used [0x00000000ed580000,0x00000000ed580000,0x00000000ed800000)
 ParOldGen       total 44032K, used 654K [0x00000000c1800000, 0x00000000c4300000, 0x00000000eb300000)
  object space 44032K, 1% used [0x00000000c1800000,0x00000000c18a3b70,0x00000000c4300000)
 Metaspace       used 11192K, capacity 11402K, committed 11776K, reserved 1058816K
  class space    used 1334K, capacity 1415K, committed 1536K, reserved 1048576K
}
Event: 1.059 GC heap before
{Heap before GC invocations=2 (full 0):
 PSYoungGen      total 18944K, used 18937K [0x00000000eb300000, 0x00000000ed800000, 0x0000000100000000)
  eden space 16384K, 100% used [0x00000000eb300000,0x00000000ec300000,0x00000000ec300000)
  from space 2560K, 99% used [0x00000000ec300000,0x00000000ec57e590,0x00000000ec580000)
  to   space 2560K, 0% used [0x00000000ed580000,0x00000000ed580000,0x00000000ed800000)
 ParOldGen       total 44032K, used 654K [0x00000000c1800000, 0x00000000c4300000, 0x00000000eb300000)
  object space 44032K, 1% used [0x00000000c1800000,0x00000000c18a3b70,0x00000000c4300000)
 Metaspace       used 15227K, capacity 15394K, committed 15616K, reserved 1062912K
  class space    used 1865K, capacity 1932K, committed 2048K, reserved 1048576K
Event: 1.064 GC heap after
Heap after GC invocations=2 (full 0):
 PSYoungGen      total 35328K, used 2556K [0x00000000eb300000, 0x00000000ed800000, 0x0000000100000000)
  eden space 32768K, 0% used [0x00000000eb300000,0x00000000eb300000,0x00000000ed300000)
  from space 2560K, 99% used [0x00000000ed580000,0x00000000ed7ff290,0x00000000ed800000)
  to   space 2560K, 0% used [0x00000000ed300000,0x00000000ed300000,0x00000000ed580000)
 ParOldGen       total 44032K, used 2518K [0x00000000c1800000, 0x00000000c4300000, 0x00000000eb300000)
  object space 44032K, 5% used [0x00000000c1800000,0x00000000c1a75a18,0x00000000c4300000)
 Metaspace       used 15227K, capacity 15394K, committed 15616K, reserved 1062912K
  class space    used 1865K, capacity 1932K, committed 2048K, reserved 1048576K
}

Deoptimization events (6 events):
Event: 0.634 Thread 0x0000000018f78800 Uncommon trap: reason=unstable_if action=reinterpret pc=0x00000000034ab0c0 method=sun.misc.MetaIndex.mayContain(Ljava/lang/String;)Z @ 38
Event: 0.647 Thread 0x0000000018f78800 Uncommon trap: reason=unstable_if action=reinterpret pc=0x0000000003424cac method=java.lang.AbstractStringBuilder.append(Ljava/lang/String;)Ljava/lang/AbstractStringBuilder; @ 1
Event: 0.647 Thread 0x0000000018f78800 Uncommon trap: reason=unstable_if action=reinterpret pc=0x0000000003405598 method=java.lang.AbstractStringBuilder.append(Ljava/lang/String;)Ljava/lang/AbstractStringBuilder; @ 1
Event: 0.856 Thread 0x0000000018f78800 Uncommon trap: reason=unstable_if action=reinterpret pc=0x0000000003415da4 method=java.util.HashMap.getNode(ILjava/lang/Object;)Ljava/util/HashMap$Node; @ 84
Event: 0.856 Thread 0x0000000018f78800 Uncommon trap: reason=unstable_if action=reinterpret pc=0x00000000035181c0 method=java.util.HashMap.getNode(ILjava/lang/Object;)Ljava/util/HashMap$Node; @ 84
Event: 1.051 Thread 0x0000000018f78800 Uncommon trap: reason=unstable_if action=reinterpret pc=0x00000000035cc114 method=java.awt.MultipleGradientPaintContext.indexIntoGradientsArrays(F)I @ 13

Internal exceptions (10 events):
Event: 0.909 Thread 0x0000000017f22000 Exception <a 'java/lang/reflect/InvocationTargetException'> (0x00000000ebd296f0) thrown at [C:\re\workspace\8-2-build-windows-amd64-cygwin\jdk8u91\6644\hotspot\src\share\vm\runtime\reflection.cpp, line 1092]
Event: 0.915 Thread 0x0000000017f22000 Exception <a 'java/lang/UnsatisfiedLinkError'> (0x00000000ebdabff0) thrown at [C:\re\workspace\8-2-build-windows-amd64-cygwin\jdk8u91\6644\hotspot\src\share\vm\prims\jvm.cpp, line 3969]
Event: 0.915 Thread 0x0000000017f22000 Exception <a 'java/lang/UnsatisfiedLinkError'> (0x00000000ebdabff0) thrown at [C:\re\workspace\8-2-build-windows-amd64-cygwin\jdk8u91\6644\hotspot\src\share\vm\prims\jni.cpp, line 709]
Event: 0.916 Thread 0x0000000017f22000 Exception <a 'java/lang/UnsatisfiedLinkError'> (0x00000000ebdaf010) thrown at [C:\re\workspace\8-2-build-windows-amd64-cygwin\jdk8u91\6644\hotspot\src\share\vm\prims\jvm.cpp, line 3969]
Event: 0.916 Thread 0x0000000017f22000 Exception <a 'java/lang/UnsatisfiedLinkError'> (0x00000000ebdaf010) thrown at [C:\re\workspace\8-2-build-windows-amd64-cygwin\jdk8u91\6644\hotspot\src\share\vm\prims\jni.cpp, line 709]
Event: 0.917 Thread 0x0000000017f22000 Exception <a 'java/lang/UnsatisfiedLinkError'> (0x00000000ebdb2030) thrown at [C:\re\workspace\8-2-build-windows-amd64-cygwin\jdk8u91\6644\hotspot\src\share\vm\prims\jvm.cpp, line 3969]
Event: 0.917 Thread 0x0000000017f22000 Exception <a 'java/lang/UnsatisfiedLinkError'> (0x00000000ebdb2030) thrown at [C:\re\workspace\8-2-build-windows-amd64-cygwin\jdk8u91\6644\hotspot\src\share\vm\prims\jni.cpp, line 709]
Event: 0.918 Thread 0x0000000017f22000 Exception <a 'java/lang/UnsatisfiedLinkError'> (0x00000000ebdb2668) thrown at [C:\re\workspace\8-2-build-windows-amd64-cygwin\jdk8u91\6644\hotspot\src\share\vm\oops\instanceKlass.cpp, line 948]
Event: 0.918 Thread 0x0000000017f22000 Exception <a 'java/lang/reflect/InvocationTargetException'> (0x00000000ebdb2f00) thrown at [C:\re\workspace\8-2-build-windows-amd64-cygwin\jdk8u91\6644\hotspot\src\share\vm\runtime\reflection.cpp, line 1092]
Event: 0.964 Thread 0x0000000017f22000 Exception <a 'java/lang/NoClassDefFoundError': cl/eye/CLCamera> (0x00000000ec025408) thrown at [C:\re\workspace\8-2-build-windows-amd64-cygwin\jdk8u91\6644\hotspot\src\share\vm\classfile\systemDictionary.cpp, line 199]

Events (10 events):
Event: 1.545 loading class sun/misc/FormattedFloatingDecimal
Event: 1.545 loading class sun/misc/FormattedFloatingDecimal done
Event: 1.545 loading class sun/misc/FormattedFloatingDecimal$1
Event: 1.545 loading class sun/misc/FormattedFloatingDecimal$1 done
Event: 1.545 loading class sun/misc/FDBigInteger
Event: 1.545 loading class sun/misc/FDBigInteger done
Event: 1.546 loading class sun/misc/FormattedFloatingDecimal$2
Event: 1.546 loading class sun/misc/FormattedFloatingDecimal$2 done
Event: 1.550 loading class javax/swing/Timer$1
Event: 1.551 loading class javax/swing/Timer$1 done


Dynamic libraries:
0x00007ff7d8260000 - 0x00007ff7d8297000 	C:\Program Files\Java\jdk1.8.0_91\bin\java.exe
0x00007ff9783a0000 - 0x00007ff97857b000 	C:\WINDOWS\SYSTEM32\ntdll.dll
0x00007ff9782c0000 - 0x00007ff97836e000 	C:\WINDOWS\System32\KERNEL32.DLL
0x00007ff9748c0000 - 0x00007ff974b09000 	C:\WINDOWS\System32\KERNELBASE.dll
0x00007ff9759a0000 - 0x00007ff975a41000 	C:\WINDOWS\System32\ADVAPI32.dll
0x00007ff977150000 - 0x00007ff9771ed000 	C:\WINDOWS\System32\msvcrt.dll
0x00007ff977460000 - 0x00007ff9774b9000 	C:\WINDOWS\System32\sechost.dll
0x00007ff977a70000 - 0x00007ff977b95000 	C:\WINDOWS\System32\RPCRT4.dll
0x00007ff978160000 - 0x00007ff9782aa000 	C:\WINDOWS\System32\USER32.dll
0x00007ff975580000 - 0x00007ff97559e000 	C:\WINDOWS\System32\win32u.dll
0x00007ff975a50000 - 0x00007ff975a77000 	C:\WINDOWS\System32\GDI32.dll
0x00007ff9755a0000 - 0x00007ff975727000 	C:\WINDOWS\System32\gdi32full.dll
0x00007ff974d70000 - 0x00007ff974e0a000 	C:\WINDOWS\System32\msvcp_win.dll
0x00007ff974b60000 - 0x00007ff974c56000 	C:\WINDOWS\System32\ucrtbase.dll
0x00007ff96b2b0000 - 0x00007ff96b517000 	C:\WINDOWS\WinSxS\amd64_microsoft.windows.common-controls_6595b64144ccf1df_6.0.15063.483_none_26002d27e7c744a2\COMCTL32.dll
0x00007ff977770000 - 0x00007ff977a69000 	C:\WINDOWS\System32\combase.dll
0x00007ff974e10000 - 0x00007ff974e7a000 	C:\WINDOWS\System32\bcryptPrimitives.dll
0x00007ff978370000 - 0x00007ff97839d000 	C:\WINDOWS\System32\IMM32.DLL
0x00000000585d0000 - 0x00000000586a2000 	C:\Program Files\Java\jdk1.8.0_91\jre\bin\msvcr100.dll
0x0000000057b60000 - 0x00000000583f3000 	C:\Program Files\Java\jdk1.8.0_91\jre\bin\server\jvm.dll
0x00007ff9771f0000 - 0x00007ff9771f8000 	C:\WINDOWS\System32\PSAPI.DLL
0x00007ff96cd80000 - 0x00007ff96cd89000 	C:\WINDOWS\SYSTEM32\WSOCK32.dll
0x00007ff9729d0000 - 0x00007ff9729f3000 	C:\WINDOWS\SYSTEM32\WINMM.dll
0x00007ff977ba0000 - 0x00007ff977c0c000 	C:\WINDOWS\System32\WS2_32.dll
0x00007ff9664f0000 - 0x00007ff9664fa000 	C:\WINDOWS\SYSTEM32\VERSION.dll
0x00007ff972970000 - 0x00007ff97299b000 	C:\WINDOWS\SYSTEM32\WINMMBASE.dll
0x00007ff974b10000 - 0x00007ff974b59000 	C:\WINDOWS\System32\cfgmgr32.dll
0x00000000595e0000 - 0x00000000595ef000 	C:\Program Files\Java\jdk1.8.0_91\jre\bin\verify.dll
0x0000000057af0000 - 0x0000000057b19000 	C:\Program Files\Java\jdk1.8.0_91\jre\bin\java.dll
0x00000000595c0000 - 0x00000000595d6000 	C:\Program Files\Java\jdk1.8.0_91\jre\bin\zip.dll
0x00007ff975c00000 - 0x00007ff977036000 	C:\WINDOWS\System32\SHELL32.dll
0x00007ff978050000 - 0x00007ff9780fa000 	C:\WINDOWS\System32\shcore.dll
0x00007ff974e80000 - 0x00007ff975571000 	C:\WINDOWS\System32\windows.storage.dll
0x00007ff977540000 - 0x00007ff977591000 	C:\WINDOWS\System32\shlwapi.dll
0x00007ff974880000 - 0x00007ff974891000 	C:\WINDOWS\System32\kernel.appcore.dll
0x00007ff974830000 - 0x00007ff97487c000 	C:\WINDOWS\System32\powrprof.dll
0x00007ff974810000 - 0x00007ff974825000 	C:\WINDOWS\System32\profapi.dll
0x0000000057910000 - 0x0000000057aa8000 	C:\Program Files\Java\jdk1.8.0_91\jre\bin\awt.dll
0x00007ff9773a0000 - 0x00007ff977460000 	C:\WINDOWS\System32\OLEAUT32.dll
0x00007ff972ff0000 - 0x00007ff97306e000 	C:\WINDOWS\SYSTEM32\apphelp.dll
0x00007ff973280000 - 0x00007ff973315000 	C:\WINDOWS\system32\uxtheme.dll
0x00007ff975a90000 - 0x00007ff975bf6000 	C:\WINDOWS\System32\MSCTF.dll
0x00007ff971b20000 - 0x00007ff971b4a000 	C:\WINDOWS\system32\dwmapi.dll
0x00007ff977620000 - 0x00007ff977765000 	C:\WINDOWS\System32\ole32.dll
0x00000000578c0000 - 0x0000000057907000 	C:\Program Files\Java\jdk1.8.0_91\jre\bin\fontmanager.dll
0x00007ff94b900000 - 0x00007ff94b9ef000 	C:\Users\Joao_\.javacpp\cache\opencv-windows-x86_64.jar\org\bytedeco\javacpp\windows-x86_64\msvcr120.dll
0x00007ff94f320000 - 0x00007ff94f3c6000 	C:\Users\Joao_\.javacpp\cache\opencv-windows-x86_64.jar\org\bytedeco\javacpp\windows-x86_64\msvcp120.dll
0x00007ff943990000 - 0x00007ff943c0a000 	C:\Users\Joao_\.javacpp\cache\opencv-windows-x86_64.jar\org\bytedeco\javacpp\windows-x86_64\opencv_core310.dll
0x00007ff940b00000 - 0x00007ff940e42000 	C:\Users\Joao_\.javacpp\cache\opencv-windows-x86_64.jar\org\bytedeco\javacpp\windows-x86_64\opencv_imgproc310.dll
0x00007ff944490000 - 0x00007ff9446b7000 	C:\Users\Joao_\.javacpp\cache\opencv-windows-x86_64.jar\org\bytedeco\javacpp\windows-x86_64\jniopencv_core.dll
0x0000000057ad0000 - 0x0000000057aea000 	C:\Program Files\Java\jdk1.8.0_91\jre\bin\net.dll
0x00007ff9740c0000 - 0x00007ff97411c000 	C:\WINDOWS\system32\mswsock.dll
0x0000000057ab0000 - 0x0000000057ac1000 	C:\Program Files\Java\jdk1.8.0_91\jre\bin\nio.dll
0x00007ff949000000 - 0x00007ff9490ed000 	C:\Users\Joao_\.javacpp\cache\opencv-windows-x86_64.jar\org\bytedeco\javacpp\windows-x86_64\jniopencv_imgproc.dll
0x00007ff9436c0000 - 0x00007ff943989000 	C:\Users\Joao_\.javacpp\cache\opencv-windows-x86_64.jar\org\bytedeco\javacpp\windows-x86_64\opencv_imgcodecs310.dll
0x00007ff96ccc0000 - 0x00007ff96cce5000 	C:\Users\Joao_\.javacpp\cache\opencv-windows-x86_64.jar\org\bytedeco\javacpp\windows-x86_64\jniopencv_imgcodecs.dll
0x00007ff9656b0000 - 0x00007ff965703000 	C:\Users\Joao_\.javacpp\cache\opencv-windows-x86_64.jar\org\bytedeco\javacpp\windows-x86_64\opencv_videoio310.dll
0x00007ff96a370000 - 0x00007ff96a399000 	C:\WINDOWS\SYSTEM32\MSVFW32.dll
0x00007ff96f580000 - 0x00007ff96f59f000 	C:\WINDOWS\SYSTEM32\AVIFIL32.dll
0x00007ff95a010000 - 0x00007ff95a02c000 	C:\WINDOWS\SYSTEM32\MSACM32.dll
0x00007ff969bd0000 - 0x00007ff969be8000 	C:\WINDOWS\SYSTEM32\AVICAP32.dll
0x00007ff9691a0000 - 0x00007ff9691b7000 	C:\Users\Joao_\.javacpp\cache\opencv-windows-x86_64.jar\org\bytedeco\javacpp\windows-x86_64\jniopencv_videoio.dll
0x00007ff965870000 - 0x00007ff96589c000 	C:\Users\Joao_\.javacpp\cache\opencv-windows-x86_64.jar\org\bytedeco\javacpp\windows-x86_64\opencv_highgui310.dll
0x00007ff977040000 - 0x00007ff977148000 	C:\WINDOWS\System32\COMDLG32.dll
0x00007ff965670000 - 0x00007ff9656a5000 	C:\Users\Joao_\.javacpp\cache\opencv-windows-x86_64.jar\org\bytedeco\javacpp\windows-x86_64\jniopencv_highgui.dll
0x00007ff948f30000 - 0x00007ff948ffd000 	C:\Users\Joao_\.javacpp\cache\opencv-windows-x86_64.jar\org\bytedeco\javacpp\windows-x86_64\opencv_ml310.dll
0x00007ff964f80000 - 0x00007ff964fbf000 	C:\Users\Joao_\.javacpp\cache\opencv-windows-x86_64.jar\org\bytedeco\javacpp\windows-x86_64\jniopencv_ml.dll
0x00007ff944f30000 - 0x00007ff944fc6000 	C:\Users\Joao_\.javacpp\cache\opencv-windows-x86_64.jar\org\bytedeco\javacpp\windows-x86_64\opencv_objdetect310.dll
0x00007ff952a70000 - 0x00007ff952ac4000 	C:\Users\Joao_\.javacpp\cache\opencv-windows-x86_64.jar\org\bytedeco\javacpp\windows-x86_64\jniopencv_objdetect.dll
0x00007ff95f740000 - 0x00007ff95f786000 	C:\Users\Joao_\.javacpp\cache\opencv-windows-x86_64.jar\org\bytedeco\javacpp\windows-x86_64\opencv_face310.dll
0x00007ff968b50000 - 0x00007ff968b6a000 	C:\Users\Joao_\.javacpp\cache\opencv-windows-x86_64.jar\org\bytedeco\javacpp\windows-x86_64\jniopencv_face.dll
0x00007ff965610000 - 0x00007ff965636000 	C:\Users\Joao_\.javacpp\cache\videoinput-windows-x86_64.jar\org\bytedeco\javacpp\windows-x86_64\jnivideoInputLib.dll
0x0000000057870000 - 0x00000000578b2000 	C:\Program Files\Java\jdk1.8.0_91\jre\bin\t2k.dll
0x0000000057810000 - 0x0000000057825000 	C:\Users\Joao_\.javacpp\cache\libfreenect-windows-x86_64.jar\org\bytedeco\javacpp\windows-x86_64\libusb0.dll
0x00007ff977c10000 - 0x00007ff97804b000 	C:\WINDOWS\System32\SETUPAPI.dll
0x00007ff959260000 - 0x00007ff959294000 	C:\Users\Joao_\.javacpp\cache\libfreenect-windows-x86_64.jar\org\bytedeco\javacpp\windows-x86_64\freenect.dll
0x00007ff964f60000 - 0x00007ff964f79000 	C:\Users\Joao_\.javacpp\cache\libfreenect-windows-x86_64.jar\org\bytedeco\javacpp\windows-x86_64\pthreadVC2.dll
0x00007ff964d70000 - 0x00007ff964d94000 	C:\Users\Joao_\.javacpp\cache\libfreenect-windows-x86_64.jar\org\bytedeco\javacpp\windows-x86_64\jnifreenect.dll
0x00007ff975900000 - 0x00007ff97599e000 	C:\WINDOWS\System32\clbcatq.dll
0x00007ff970c80000 - 0x00007ff970e2c000 	C:\WINDOWS\SYSTEM32\WindowsCodecs.dll
0x00007ff95afb0000 - 0x00007ff95afc7000 	C:\Windows\System32\devenum.dll
0x00007ff963770000 - 0x00007ff9637b7000 	C:\WINDOWS\system32\dataexchange.dll
0x00007ff972ae0000 - 0x00007ff972c02000 	C:\WINDOWS\system32\dcomp.dll
0x00007ff971ff0000 - 0x00007ff9722cf000 	C:\WINDOWS\system32\d3d11.dll
0x00007ff973820000 - 0x00007ff9738c4000 	C:\WINDOWS\system32\dxgi.dll
0x00007ff973a20000 - 0x00007ff973a51000 	C:\WINDOWS\SYSTEM32\ntmarta.dll
0x00007ff973110000 - 0x00007ff973280000 	C:\WINDOWS\system32\twinapi.appcore.dll
0x00007ff974750000 - 0x00007ff974775000 	C:\WINDOWS\system32\bcrypt.dll
0x00007ff973450000 - 0x00007ff973478000 	C:\WINDOWS\SYSTEM32\DEVOBJ.dll
0x00007ff974d10000 - 0x00007ff974d66000 	C:\WINDOWS\System32\WINTRUST.dll
0x00007ff9748a0000 - 0x00007ff9748b1000 	C:\WINDOWS\System32\MSASN1.dll
0x00007ff975730000 - 0x00007ff9758f9000 	C:\WINDOWS\System32\CRYPT32.dll
0x00007ff971a00000 - 0x00007ff971a0b000 	C:\WINDOWS\SYSTEM32\msdmo.dll
0x00007ff955240000 - 0x00007ff955272000 	C:\Windows\System32\qcap.dll
0x00007ff940940000 - 0x00007ff940afc000 	C:\Windows\System32\quartz.dll
0x00007ff955180000 - 0x00007ff9551cd000 	C:\Windows\System32\mfksproxy.dll
0x00007ff96cca0000 - 0x00007ff96ccbc000 	C:\Windows\System32\ATL.DLL
0x00007ff965000000 - 0x00007ff965032000 	C:\Windows\System32\MFSENSORGROUP.dll
0x00007ff96a1b0000 - 0x00007ff96a350000 	C:\Windows\System32\MFPlat.DLL
0x00007ff96b9c0000 - 0x00007ff96b9f2000 	C:\Windows\System32\RTWorkQ.DLL
0x00007ff96f450000 - 0x00007ff96f4d2000 	C:\WINDOWS\System32\TextInputFramework.dll
0x00007ff970700000 - 0x00007ff9709d2000 	C:\WINDOWS\System32\CoreUIComponents.dll
0x00007ff972880000 - 0x00007ff972963000 	C:\WINDOWS\System32\CoreMessaging.dll
0x00007ff971000000 - 0x00007ff971139000 	C:\WINDOWS\SYSTEM32\wintypes.dll
0x00007ff971530000 - 0x00007ff971545000 	C:\WINDOWS\SYSTEM32\usermgrcli.dll
0x00007ff951d30000 - 0x00007ff951d78000 	C:\Windows\System32\ksproxy.ax
0x00007ff945b30000 - 0x00007ff945cb9000 	C:\Windows\System32\d3d9.dll
0x00007ff96f2c0000 - 0x00007ff96f2c9000 	C:\Windows\System32\ksuser.dll
0x00007ff971800000 - 0x00007ff971877000 	C:\WINDOWS\SYSTEM32\policymanager.dll
0x00007ff971770000 - 0x00007ff9717ff000 	C:\Windows\System32\msvcp110_win.dll
0x00007ff970320000 - 0x00007ff97032c000 	C:\Windows\System32\vidcap.ax
0x00007ff95a450000 - 0x00007ff95a476000 	C:\Windows\System32\kswdmcap.ax
0x00007ff934a10000 - 0x00007ff934b74000 	C:\Windows\System32\MFC42.dll
0x00007ff9408a0000 - 0x00007ff94093f000 	C:\Windows\System32\qedit.dll
0x00007ff9695a0000 - 0x00007ff969735000 	C:\WINDOWS\WinSxS\amd64_microsoft.windows.gdiplus_6595b64144ccf1df_1.1.15063.608_none_56f0266b425534e9\gdiplus.dll
0x00007ff934910000 - 0x00007ff934a06000 	C:\Windows\System32\DDRAW.dll
0x00007ff96f110000 - 0x00007ff96f118000 	C:\Windows\System32\DCIMAN32.dll
0x0000000057830000 - 0x000000005785a000 	C:\Program Files\Java\jdk1.8.0_91\jre\bin\dcpr.dll
0x00007ff9346f0000 - 0x00007ff934907000 	C:\Program Files (x86)\K-Lite Codec Pack\Filters\DirectVobSub64\vsfilter.dll
0x00007ff959ce0000 - 0x00007ff95a00e000 	C:\WINDOWS\SYSTEM32\WININET.dll
0x00007ff95ce60000 - 0x00007ff95ceea000 	C:\WINDOWS\SYSTEM32\WINSPOOL.DRV
0x00007ff969770000 - 0x00007ff9697db000 	C:\WINDOWS\SYSTEM32\OLEACC.dll
0x00007ff96f020000 - 0x00007ff96f02c000 	C:\WINDOWS\SYSTEM32\msyuv.dll
0x00007ff964820000 - 0x00007ff9649c9000 	C:\WINDOWS\SYSTEM32\dbghelp.dll

VM Arguments:
jvm_args: -Dfile.encoding=UTF-8 -Djava.library.path=C:\opencv\build\java\x64 
java_command: main.main
java_class_path (initial): C:\Users\Joao_\Downloads\javacpp-1.3-bin\javacpp-bin\javacpp.jar;C:\Users\Joao_\Downloads\javacv-platform-1.3-bin\javacv-bin\opencv-windows-x86_64.jar;C:\Users\Joao_\Downloads\javacv-platform-1.3-bin\javacv-bin\videoinput-windows-x86_64.jar;C:\Users\Joao_\Downloads\javacv-platform-1.3-bin\javacv-bin\artoolkitplus-windows-x86_64.jar;C:\Users\Joao_\Downloads\javacv-platform-1.3-bin\javacv-bin\ffmpeg-windows-x86_64.jar;C:\Users\Joao_\Downloads\javacv-platform-1.3-bin\javacv-bin\flandmark-windows-x86_64.jar;C:\Users\Joao_\Downloads\javacv-platform-1.3-bin\javacv-bin\flycapture-windows-x86_64.jar;C:\Users\Joao_\Downloads\javacv-platform-1.3-bin\javacv-bin\javacv-platform.jar;C:\Users\Joao_\Downloads\javacv-platform-1.3-bin\javacv-bin\javacv.jar;C:\Users\Joao_\Downloads\javacv-platform-1.3-bin\javacv-bin\libdc1394-windows-x86_64.jar;C:\Users\Joao_\Downloads\javacv-platform-1.3-bin\javacv-bin\libfreenect-platform.jar;C:\Users\Joao_\Downloads\javacv-platform-1.3-bin\javacv-bin\libfreenect-windows-x86_64.jar;C:\Users\Joao_\Downloads\javacv-platform-1.3-bin\javacv-bin\librealsense-platform.jar;C:\Users\Joao_\Downloads\javacv-platform-1.3-bin\javacv-bin\librealsense.jar;C:\Users\Joao_\Downloads\javacv-platform-1.3-bin\javacv-bin\opencv.jar;C:\Users\Joao_\Downloads\javacv-platform-1.3-bin\javacv-bin\videoinput.jar;C:\TCC.UniSecurity\build\classes
Launcher Type: SUN_STANDARD

Environment Variables:
PATH=C:\ProgramData\Oracle\Java\javapath;C:\WINDOWS\system32;C:\WINDOWS;C:\WINDOWS\System32\Wbem;C:\WINDOWS\System32\WindowsPowerShell\v1.0\;C:\Program Files (x86)\Skype\Phone\;C:\Program Files\Microsoft SQL Server\120\DTS\Binn\;C:\Program Files\Microsoft SQL Server\Client SDK\ODBC\110\Tools\Binn\;C:\Program Files (x86)\Microsoft SQL Server\120\Tools\Binn\;C:\Program Files\Microsoft SQL Server\120\Tools\Binn\;C:\Program Files (x86)\Microsoft SQL Server\120\Tools\Binn\ManagementStudio\;C:\Program Files (x86)\Microsoft SQL Server\120\DTS\Binn\;C:\Program Files\CMake\bin;C:\opencv\build\x64\vc14\bin;C:\Users\Joao_\AppData\Local\Programs\Python\Python37\Scripts\;C:\Users\Joao_\AppData\Local\Programs\Python\Python37\;C:\Users\Joao_\AppData\Local\Microsoft\WindowsApps;
USERNAME=Joao_
OS=Windows_NT
PROCESSOR_IDENTIFIER=Intel64 Family 6 Model 58 Stepping 9, GenuineIntel



---------------  S Y S T E M  ---------------

OS: Windows 10.0 , 64 bit Build 15063 (10.0.15063.296)

CPU:total 4 (2 cores per cpu, 2 threads per core) family 6 model 58 stepping 9, cmov, cx8, fxsr, mmx, sse, sse2, sse3, ssse3, sse4.1, sse4.2, popcnt, avx, aes, clmul, erms, ht, tsc, tscinvbit, tscinv

Memory: 4k page, physical 4092772k(1031488k free), swap 5534564k(1752548k free)

vm_info: Java HotSpot(TM) 64-Bit Server VM (25.91-b14) for windows-amd64 JRE (1.8.0_91-b14), built on Apr  1 2016 00:58:32 by "java_re" with MS VC++ 10.0 (VS2010)

time: Sat Oct 14 17:30:17 2017
elapsed time: 1 seconds (0d 0h 0m 1s)

