#
# A fatal error has been detected by the Java Runtime Environment:
#
#  EXCEPTION_UNCAUGHT_CXX_EXCEPTION (0xe06d7363) at pc=0x00007ffceaea9e08, pid=5164, tid=7844
#
# JRE version: Java(TM) SE Runtime Environment (8.0_91-b14) (build 1.8.0_91-b14)
# Java VM: Java HotSpot(TM) 64-Bit Server VM (25.91-b14 mixed mode windows-amd64 compressed oops)
# Problematic frame:
# C  [KERNELBASE.dll+0x69e08]
#
# Failed to write core dump. Minidumps are not enabled by default on client versions of Windows
#
# If you would like to submit a bug report, please visit:
#   http://bugreport.java.com/bugreport/crash.jsp
# The crash happened outside the Java Virtual Machine in native code.
# See problematic frame for where to report the bug.
#

---------------  T H R E A D  ---------------

Current thread (0x00000000187c2800):  JavaThread "pool-1-thread-1" [_thread_in_native, id=7844, stack(0x000000002e660000,0x000000002e760000)]

siginfo: ExceptionCode=0xe06d7363, ExceptionInformation=0x0000000019930520 0x000000002e74ee70 0x00007ffccb230668 0x00007ffccaff0000 

Registers:
RAX=0x0000000000000000, RBX=0x00007ffccb230668, RCX=0x0000000000000000, RDX=0x00000000000000ff
RSP=0x000000002e74ece0, RBP=0x000000002e74ee20, RSI=0x00007ffccb1bf2b8, RDI=0x000000002e74ee70
R8 =0xffffffd600000000, R9 =0x0000000000000000, R10=0x00000000009a7560, R11=0x00000000009a0150
R12=0x00000000ffffff29, R13=0x0000000000000000, R14=0x00007ffccb1be290, R15=0x000000002e75f018
RIP=0x00007ffceaea9e08, EFLAGS=0x0000000000000206

Top of Stack: (sp=0x000000002e74ece0)
0x000000002e74ece0:   0000000000000000 00007ffccb230668
0x000000002e74ecf0:   00007ffccb1bf2b8 000000002e74ee70
0x000000002e74ed00:   00000001e06d7363 0000000000000000
0x000000002e74ed10:   00007ffceaea9e08 0000000000000004
0x000000002e74ed20:   0000000019930520 000000002e74ee70
0x000000002e74ed30:   00007ffccb230668 00007ffccaff0000
0x000000002e74ed40:   00007ffccb1be290 00000000ffffff29
0x000000002e74ed50:   000000002e74ee70 00007ffccb1bf2b8
0x000000002e74ed60:   000000002e74ee20 00007ffcedb4ba13
0x000000002e74ed70:   000000002e74ee30 00007ffc00000000
0x000000002e74ed80:   000000002e74ee70 00007ffccb53d306
0x000000002e74ed90:   00007ffccb251000 00007ffccaff0000
0x000000002e74eda0:   00003e893106ae73 00007ffccb5bc4d0
0x000000002e74edb0:   00007ffccb230668 00007ffccb53ef63
0x000000002e74edc0:   000000002e74ee70 00007ffccb50eb8d
0x000000002e74edd0:   00007ffccb5bc4d0 00007ffccb1bf2b8 

Instructions: (pc=0x00007ffceaea9e08)
0x00007ffceaea9de8:   49 8b d1 44 0f 47 c0 44 89 44 24 38 49 c1 e0 03
0x00007ffceaea9df8:   e8 1b db 01 00 48 8d 4c 24 20 ff 15 f0 c7 0f 00
0x00007ffceaea9e08:   48 8b 8c 24 c0 00 00 00 48 33 cc e8 78 b0 01 00
0x00007ffceaea9e18:   48 81 c4 d8 00 00 00 c3 83 64 24 38 00 eb d6 cc 


Register to memory mapping:

RAX=0x0000000000000000 is an unknown value
RBX=0x00007ffccb230668 is an unknown value
RCX=0x0000000000000000 is an unknown value
RDX=0x00000000000000ff is an unknown value
RSP=0x000000002e74ece0 is pointing into the stack for thread: 0x00000000187c2800
RBP=0x000000002e74ee20 is pointing into the stack for thread: 0x00000000187c2800
RSI=0x00007ffccb1bf2b8 is an unknown value
RDI=0x000000002e74ee70 is pointing into the stack for thread: 0x00000000187c2800
R8 =0xffffffd600000000 is an unknown value
R9 =0x0000000000000000 is an unknown value
R10=0x00000000009a7560 is an unknown value
R11=0x00000000009a0150 is an unknown value
R12=0x00000000ffffff29 is an unallocated location in the heap
R13=0x0000000000000000 is an unknown value
R14=0x00007ffccb1be290 is an unknown value
R15=0x000000002e75f018 is pointing into the stack for thread: 0x00000000187c2800


Stack: [0x000000002e660000,0x000000002e760000],  sp=0x000000002e74ece0,  free space=955k
Native frames: (J=compiled Java code, j=interpreted, Vv=VM code, C=native code)
C  [KERNELBASE.dll+0x69e08]
C  [msvcr120.dll+0x5ef63]
C  [opencv_core310.dll+0x19b654]
C  [opencv_core310.dll+0x19b796]
C  [opencv_core310.dll+0x39346]
C  [jniopencv_core.dll+0xc0015]
C  0x0000000002957f54

Java frames: (J=compiled Java code, j=interpreted, Vv=VM code)
j  org.bytedeco.javacpp.opencv_core.cvSetImageROI(Lorg/bytedeco/javacpp/opencv_core$IplImage;Lorg/bytedeco/javacpp/opencv_core$CvRect;)V+0
j  processing.FacePanel.preprocessImage(Lorg/bytedeco/javacpp/opencv_core$IplImage;)Lorg/bytedeco/javacpp/opencv_core$IplImage;+81
j  processing.FacePanel.findFace(Lorg/bytedeco/javacpp/opencv_core$IplImage;)Lorg/bytedeco/javacpp/opencv_core$CvRect;+131
j  processing.FacePanel.access$100(Lprocessing/FacePanel;Lorg/bytedeco/javacpp/opencv_core$IplImage;)Lorg/bytedeco/javacpp/opencv_core$CvRect;+2
j  processing.FacePanel$1.run()V+19
j  java.util.concurrent.ThreadPoolExecutor.runWorker(Ljava/util/concurrent/ThreadPoolExecutor$Worker;)V+95
j  java.util.concurrent.ThreadPoolExecutor$Worker.run()V+5
j  java.lang.Thread.run()V+11
v  ~StubRoutines::call_stub

---------------  P R O C E S S  ---------------

Java Threads: ( => current thread )
=>0x00000000187c2800 JavaThread "pool-1-thread-1" [_thread_in_native, id=7844, stack(0x000000002e660000,0x000000002e760000)]
  0x0000000017529800 JavaThread "TimerQueue" daemon [_thread_blocked, id=6184, stack(0x000000002c620000,0x000000002c720000)]
  0x00000000185ea800 JavaThread "Thread-1" [_thread_blocked, id=9348, stack(0x000000001a870000,0x000000001a970000)]
  0x000000000283d800 JavaThread "DestroyJavaVM" [_thread_blocked, id=3032, stack(0x0000000002720000,0x0000000002820000)]
  0x0000000018799000 JavaThread "AWT-EventQueue-0" [_thread_blocked, id=8460, stack(0x0000000019670000,0x0000000019770000)]
  0x0000000018798000 JavaThread "AWT-Shutdown" [_thread_blocked, id=4884, stack(0x0000000019570000,0x0000000019670000)]
  0x0000000017639000 JavaThread "JavaCPP Deallocator" daemon [_thread_blocked, id=4164, stack(0x0000000019470000,0x0000000019570000)]
  0x0000000017074000 JavaThread "AWT-Windows" daemon [_thread_in_native, id=2276, stack(0x0000000017c50000,0x0000000017d50000)]
  0x0000000017070800 JavaThread "Java2D Disposer" daemon [_thread_blocked, id=8744, stack(0x0000000017a50000,0x0000000017b50000)]
  0x000000001678e800 JavaThread "Service Thread" daemon [_thread_blocked, id=7700, stack(0x0000000016c70000,0x0000000016d70000)]
  0x0000000014f8c800 JavaThread "C1 CompilerThread2" daemon [_thread_blocked, id=4824, stack(0x0000000016b70000,0x0000000016c70000)]
  0x0000000014f7e800 JavaThread "C2 CompilerThread1" daemon [_thread_blocked, id=6428, stack(0x0000000016670000,0x0000000016770000)]
  0x0000000014f39800 JavaThread "C2 CompilerThread0" daemon [_thread_blocked, id=9220, stack(0x0000000016570000,0x0000000016670000)]
  0x0000000014f38000 JavaThread "Attach Listener" daemon [_thread_blocked, id=9560, stack(0x0000000016470000,0x0000000016570000)]
  0x0000000014f36800 JavaThread "Signal Dispatcher" daemon [_thread_blocked, id=9224, stack(0x0000000016370000,0x0000000016470000)]
  0x0000000014f19000 JavaThread "Finalizer" daemon [_thread_blocked, id=7432, stack(0x0000000016180000,0x0000000016280000)]
  0x0000000002931000 JavaThread "Reference Handler" daemon [_thread_blocked, id=6388, stack(0x0000000016080000,0x0000000016180000)]

Other Threads:
  0x0000000014ef7000 VMThread [stack: 0x0000000015f80000,0x0000000016080000] [id=3948]
  0x0000000016792800 WatcherThread [stack: 0x0000000016d70000,0x0000000016e70000] [id=7748]

VM state:not at safepoint (normal execution)

VM Mutex/Monitor currently owned by a thread: None

Heap:
 PSYoungGen      total 18944K, used 9397K [0x00000000eb300000, 0x00000000ec800000, 0x0000000100000000)
  eden space 16384K, 41% used [0x00000000eb300000,0x00000000eb9b1a28,0x00000000ec300000)
  from space 2560K, 99% used [0x00000000ec580000,0x00000000ec7fbc30,0x00000000ec800000)
  to   space 2560K, 0% used [0x00000000ec300000,0x00000000ec300000,0x00000000ec580000)
 ParOldGen       total 44032K, used 2566K [0x00000000c1800000, 0x00000000c4300000, 0x00000000eb300000)
  object space 44032K, 5% used [0x00000000c1800000,0x00000000c1a819f8,0x00000000c4300000)
 Metaspace       used 15530K, capacity 15746K, committed 16128K, reserved 1062912K
  class space    used 1899K, capacity 1964K, committed 2048K, reserved 1048576K

Card table byte_map: [0x0000000011d00000,0x0000000011f00000] byte_map_base: 0x00000000116f4000

Marking Bits: (ParMarkBitMap*) 0x0000000075bd2f70
 Begin Bits: [0x0000000012450000, 0x00000000133f0000)
 End Bits:   [0x00000000133f0000, 0x0000000014390000)

Polling page: 0x0000000000990000

CodeCache: size=245760Kb used=4098Kb max_used=4100Kb free=241661Kb
 bounds [0x0000000002940000, 0x0000000002d50000, 0x0000000011940000]
 total_blobs=1696 nmethods=1071 adapters=538
 compilation: enabled

Compilation events (10 events):
Event: 12.144 Thread 0x0000000014f8c800 1065       3       sun.misc.FDBigInteger::<init> (30 bytes)
Event: 12.144 Thread 0x0000000014f8c800 nmethod 1065 0x0000000002d3f1d0 code [0x0000000002d3f340, 0x0000000002d3f548]
Event: 12.144 Thread 0x0000000014f8c800 1066       3       sun.misc.FDBigInteger::trimLeadingZeros (57 bytes)
Event: 12.144 Thread 0x0000000014f8c800 nmethod 1066 0x0000000002d25010 code [0x0000000002d25180, 0x0000000002d254b0]
Event: 12.148 Thread 0x0000000014f8c800 1067       3       java.util.IdentityHashMap$IdentityHashMapIterator::nextIndex (72 bytes)
Event: 12.149 Thread 0x0000000014f8c800 nmethod 1067 0x0000000002d24950 code [0x0000000002d24ae0, 0x0000000002d24ea8]
Event: 12.150 Thread 0x0000000014f7e800 1068       4       org.bytedeco.javacv.Java2DFrameConverter::flipCopyWithGamma (608 bytes)
Event: 12.158 Thread 0x0000000014f8c800 1069       3       java.awt.geom.AffineTransform::translate (547 bytes)
Event: 12.159 Thread 0x0000000014f8c800 nmethod 1069 0x0000000002d40e50 code [0x0000000002d41000, 0x0000000002d41b88]
Event: 12.169 Thread 0x0000000014f7e800 nmethod 1068 0x0000000002d42b90 code [0x0000000002d42d20, 0x0000000002d43498]

GC Heap History (4 events):
Event: 1.499 GC heap before
{Heap before GC invocations=1 (full 0):
 PSYoungGen      total 18944K, used 16384K [0x00000000eb300000, 0x00000000ec800000, 0x0000000100000000)
  eden space 16384K, 100% used [0x00000000eb300000,0x00000000ec300000,0x00000000ec300000)
  from space 2560K, 0% used [0x00000000ec580000,0x00000000ec580000,0x00000000ec800000)
  to   space 2560K, 0% used [0x00000000ec300000,0x00000000ec300000,0x00000000ec580000)
 ParOldGen       total 44032K, used 0K [0x00000000c1800000, 0x00000000c4300000, 0x00000000eb300000)
  object space 44032K, 0% used [0x00000000c1800000,0x00000000c1800000,0x00000000c4300000)
 Metaspace       used 11178K, capacity 11402K, committed 11776K, reserved 1058816K
  class space    used 1333K, capacity 1415K, committed 1536K, reserved 1048576K
Event: 1.503 GC heap after
Heap after GC invocations=1 (full 0):
 PSYoungGen      total 18944K, used 2537K [0x00000000eb300000, 0x00000000ec800000, 0x0000000100000000)
  eden space 16384K, 0% used [0x00000000eb300000,0x00000000eb300000,0x00000000ec300000)
  from space 2560K, 99% used [0x00000000ec300000,0x00000000ec57a580,0x00000000ec580000)
  to   space 2560K, 0% used [0x00000000ec580000,0x00000000ec580000,0x00000000ec800000)
 ParOldGen       total 44032K, used 631K [0x00000000c1800000, 0x00000000c4300000, 0x00000000eb300000)
  object space 44032K, 1% used [0x00000000c1800000,0x00000000c189dda0,0x00000000c4300000)
 Metaspace       used 11178K, capacity 11402K, committed 11776K, reserved 1058816K
  class space    used 1333K, capacity 1415K, committed 1536K, reserved 1048576K
}
Event: 9.207 GC heap before
{Heap before GC invocations=2 (full 0):
 PSYoungGen      total 18944K, used 18921K [0x00000000eb300000, 0x00000000ec800000, 0x0000000100000000)
  eden space 16384K, 100% used [0x00000000eb300000,0x00000000ec300000,0x00000000ec300000)
  from space 2560K, 99% used [0x00000000ec300000,0x00000000ec57a580,0x00000000ec580000)
  to   space 2560K, 0% used [0x00000000ec580000,0x00000000ec580000,0x00000000ec800000)
 ParOldGen       total 44032K, used 631K [0x00000000c1800000, 0x00000000c4300000, 0x00000000eb300000)
  object space 44032K, 1% used [0x00000000c1800000,0x00000000c189dda0,0x00000000c4300000)
 Metaspace       used 15184K, capacity 15426K, committed 15616K, reserved 1062912K
  class space    used 1870K, capacity 1964K, committed 2048K, reserved 1048576K
Event: 9.217 GC heap after
Heap after GC invocations=2 (full 0):
 PSYoungGen      total 18944K, used 2543K [0x00000000eb300000, 0x00000000ec800000, 0x0000000100000000)
  eden space 16384K, 0% used [0x00000000eb300000,0x00000000eb300000,0x00000000ec300000)
  from space 2560K, 99% used [0x00000000ec580000,0x00000000ec7fbc30,0x00000000ec800000)
  to   space 2560K, 0% used [0x00000000ec300000,0x00000000ec300000,0x00000000ec580000)
 ParOldGen       total 44032K, used 2566K [0x00000000c1800000, 0x00000000c4300000, 0x00000000eb300000)
  object space 44032K, 5% used [0x00000000c1800000,0x00000000c1a819f8,0x00000000c4300000)
 Metaspace       used 15184K, capacity 15426K, committed 15616K, reserved 1062912K
  class space    used 1870K, capacity 1964K, committed 2048K, reserved 1048576K
}

Deoptimization events (8 events):
Event: 1.595 Thread 0x0000000018799000 Uncommon trap: reason=unstable_if action=reinterpret pc=0x0000000002bcfc94 method=sun.misc.MetaIndex.mayContain(Ljava/lang/String;)Z @ 38
Event: 1.604 Thread 0x0000000018799000 Uncommon trap: reason=unstable_if action=reinterpret pc=0x0000000002b5896c method=java.lang.AbstractStringBuilder.append(Ljava/lang/String;)Ljava/lang/AbstractStringBuilder; @ 1
Event: 1.605 Thread 0x0000000018799000 Uncommon trap: reason=unstable_if action=reinterpret pc=0x0000000002b3af18 method=java.lang.AbstractStringBuilder.append(Ljava/lang/String;)Ljava/lang/AbstractStringBuilder; @ 1
Event: 3.667 Thread 0x0000000018799000 Uncommon trap: reason=unstable_if action=reinterpret pc=0x0000000002b43664 method=java.util.HashMap.getNode(ILjava/lang/Object;)Ljava/util/HashMap$Node; @ 84
Event: 3.667 Thread 0x0000000018799000 Uncommon trap: reason=unstable_if action=reinterpret pc=0x0000000002c3c340 method=java.util.HashMap.getNode(ILjava/lang/Object;)Ljava/util/HashMap$Node; @ 84
Event: 5.774 Thread 0x0000000018799000 Uncommon trap: reason=unstable_if action=reinterpret pc=0x0000000002c66694 method=java.util.LinkedHashMap.get(Ljava/lang/Object;)Ljava/lang/Object; @ 20
Event: 5.778 Thread 0x0000000018799000 Uncommon trap: reason=unstable_if action=reinterpret pc=0x0000000002cb7a44 method=java.awt.MultipleGradientPaintContext.indexIntoGradientsArrays(F)I @ 93
Event: 12.155 Thread 0x0000000018799000 Uncommon trap: reason=unstable_if action=reinterpret pc=0x0000000002d40828 method=org.bytedeco.javacv.Java2DFrameConverter.flipCopyWithGamma(Ljava/nio/ByteBuffer;ILjava/nio/ByteBuffer;IZDZI)V @ 50

Internal exceptions (10 events):
Event: 5.737 Thread 0x00000000185ea800 Exception <a 'java/lang/reflect/InvocationTargetException'> (0x00000000ebf1a178) thrown at [C:\re\workspace\8-2-build-windows-amd64-cygwin\jdk8u91\6644\hotspot\src\share\vm\runtime\reflection.cpp, line 1092]
Event: 6.884 Thread 0x00000000185ea800 Exception <a 'java/lang/UnsatisfiedLinkError'> (0x00000000ebf9cd90) thrown at [C:\re\workspace\8-2-build-windows-amd64-cygwin\jdk8u91\6644\hotspot\src\share\vm\prims\jvm.cpp, line 3969]
Event: 6.884 Thread 0x00000000185ea800 Exception <a 'java/lang/UnsatisfiedLinkError'> (0x00000000ebf9cd90) thrown at [C:\re\workspace\8-2-build-windows-amd64-cygwin\jdk8u91\6644\hotspot\src\share\vm\prims\jni.cpp, line 709]
Event: 6.887 Thread 0x00000000185ea800 Exception <a 'java/lang/UnsatisfiedLinkError'> (0x00000000ebf9fdb0) thrown at [C:\re\workspace\8-2-build-windows-amd64-cygwin\jdk8u91\6644\hotspot\src\share\vm\prims\jvm.cpp, line 3969]
Event: 6.888 Thread 0x00000000185ea800 Exception <a 'java/lang/UnsatisfiedLinkError'> (0x00000000ebf9fdb0) thrown at [C:\re\workspace\8-2-build-windows-amd64-cygwin\jdk8u91\6644\hotspot\src\share\vm\prims\jni.cpp, line 709]
Event: 6.890 Thread 0x00000000185ea800 Exception <a 'java/lang/UnsatisfiedLinkError'> (0x00000000ebfa2dd0) thrown at [C:\re\workspace\8-2-build-windows-amd64-cygwin\jdk8u91\6644\hotspot\src\share\vm\prims\jvm.cpp, line 3969]
Event: 6.890 Thread 0x00000000185ea800 Exception <a 'java/lang/UnsatisfiedLinkError'> (0x00000000ebfa2dd0) thrown at [C:\re\workspace\8-2-build-windows-amd64-cygwin\jdk8u91\6644\hotspot\src\share\vm\prims\jni.cpp, line 709]
Event: 6.890 Thread 0x00000000185ea800 Exception <a 'java/lang/UnsatisfiedLinkError'> (0x00000000ebfa3408) thrown at [C:\re\workspace\8-2-build-windows-amd64-cygwin\jdk8u91\6644\hotspot\src\share\vm\oops\instanceKlass.cpp, line 948]
Event: 6.890 Thread 0x00000000185ea800 Exception <a 'java/lang/reflect/InvocationTargetException'> (0x00000000ebfa3ca0) thrown at [C:\re\workspace\8-2-build-windows-amd64-cygwin\jdk8u91\6644\hotspot\src\share\vm\runtime\reflection.cpp, line 1092]
Event: 9.191 Thread 0x00000000185ea800 Exception <a 'java/lang/NoClassDefFoundError': cl/eye/CLCamera> (0x00000000ec248e78) thrown at [C:\re\workspace\8-2-build-windows-amd64-cygwin\jdk8u91\6644\hotspot\src\share\vm\classfile\systemDictionary.cpp, line 199]

Events (10 events):
Event: 12.142 loading class sun/misc/FormattedFloatingDecimal$1 done
Event: 12.142 loading class sun/misc/FDBigInteger
Event: 12.142 loading class sun/misc/FDBigInteger done
Event: 12.144 loading class sun/misc/FormattedFloatingDecimal$2
Event: 12.144 loading class sun/misc/FormattedFloatingDecimal$2 done
Event: 12.150 Thread 0x0000000018799000 DEOPT PACKING pc=0x0000000002d2f51b sp=0x000000001976c4f0
Event: 12.150 Thread 0x0000000018799000 DEOPT UNPACKING pc=0x000000000298787f sp=0x000000001976c260 mode 0
Event: 12.155 Thread 0x0000000018799000 Uncommon trap: trap_request=0xffffff65 fr.pc=0x0000000002d40828
Event: 12.155 Thread 0x0000000018799000 DEOPT PACKING pc=0x0000000002d40828 sp=0x000000001976c510
Event: 12.155 Thread 0x0000000018799000 DEOPT UNPACKING pc=0x000000000298582a sp=0x000000001976c4e0 mode 2


Dynamic libraries:
0x00007ff722950000 - 0x00007ff722987000 	C:\Program Files\Java\jdk1.8.0_91\bin\java.exe
0x00007ffcedb30000 - 0x00007ffcedd0b000 	C:\WINDOWS\SYSTEM32\ntdll.dll
0x00007ffced640000 - 0x00007ffced6ee000 	C:\WINDOWS\System32\KERNEL32.DLL
0x00007ffceae40000 - 0x00007ffceb089000 	C:\WINDOWS\System32\KERNELBASE.dll
0x00007ffceb920000 - 0x00007ffceb9c1000 	C:\WINDOWS\System32\ADVAPI32.dll
0x00007ffced2e0000 - 0x00007ffced37d000 	C:\WINDOWS\System32\msvcrt.dll
0x00007ffceb860000 - 0x00007ffceb8b9000 	C:\WINDOWS\System32\sechost.dll
0x00007ffced030000 - 0x00007ffced155000 	C:\WINDOWS\System32\RPCRT4.dll
0x00007ffceb5b0000 - 0x00007ffceb6fa000 	C:\WINDOWS\System32\USER32.dll
0x00007ffceac90000 - 0x00007ffceacae000 	C:\WINDOWS\System32\win32u.dll
0x00007ffceb820000 - 0x00007ffceb847000 	C:\WINDOWS\System32\GDI32.dll
0x00007ffceacb0000 - 0x00007ffceae37000 	C:\WINDOWS\System32\gdi32full.dll
0x00007ffcea050000 - 0x00007ffcea0ea000 	C:\WINDOWS\System32\msvcp_win.dll
0x00007ffcea1a0000 - 0x00007ffcea296000 	C:\WINDOWS\System32\ucrtbase.dll
0x00007ffcd8460000 - 0x00007ffcd86c7000 	C:\WINDOWS\WinSxS\amd64_microsoft.windows.common-controls_6595b64144ccf1df_6.0.15063.483_none_26002d27e7c744a2\COMCTL32.dll
0x00007ffceb110000 - 0x00007ffceb409000 	C:\WINDOWS\System32\combase.dll
0x00007ffceaa50000 - 0x00007ffceaaba000 	C:\WINDOWS\System32\bcryptPrimitives.dll
0x00007ffced380000 - 0x00007ffced3ad000 	C:\WINDOWS\System32\IMM32.DLL
0x0000000076fd0000 - 0x00000000770a2000 	C:\Program Files\Java\jdk1.8.0_91\jre\bin\msvcr100.dll
0x00000000753c0000 - 0x0000000075c53000 	C:\Program Files\Java\jdk1.8.0_91\jre\bin\server\jvm.dll
0x00007ffceb090000 - 0x00007ffceb098000 	C:\WINDOWS\System32\PSAPI.DLL
0x00007ffce5240000 - 0x00007ffce5249000 	C:\WINDOWS\SYSTEM32\WSOCK32.dll
0x00007ffce8520000 - 0x00007ffce8543000 	C:\WINDOWS\SYSTEM32\WINMM.dll
0x00007ffcde190000 - 0x00007ffcde19a000 	C:\WINDOWS\SYSTEM32\VERSION.dll
0x00007ffceb0a0000 - 0x00007ffceb10c000 	C:\WINDOWS\System32\WS2_32.dll
0x00007ffce84c0000 - 0x00007ffce84eb000 	C:\WINDOWS\SYSTEM32\winmmbase.dll
0x00007ffcea300000 - 0x00007ffcea349000 	C:\WINDOWS\System32\cfgmgr32.dll
0x0000000076fc0000 - 0x0000000076fcf000 	C:\Program Files\Java\jdk1.8.0_91\jre\bin\verify.dll
0x0000000075350000 - 0x0000000075379000 	C:\Program Files\Java\jdk1.8.0_91\jre\bin\java.dll
0x0000000076fa0000 - 0x0000000076fb6000 	C:\Program Files\Java\jdk1.8.0_91\jre\bin\zip.dll
0x00007ffceb9d0000 - 0x00007ffcece06000 	C:\WINDOWS\System32\SHELL32.dll
0x00007ffcecf20000 - 0x00007ffcecfca000 	C:\WINDOWS\System32\shcore.dll
0x00007ffcea350000 - 0x00007ffceaa41000 	C:\WINDOWS\System32\windows.storage.dll
0x00007ffced3b0000 - 0x00007ffced401000 	C:\WINDOWS\System32\shlwapi.dll
0x00007ffcea010000 - 0x00007ffcea021000 	C:\WINDOWS\System32\kernel.appcore.dll
0x00007ffce9fc0000 - 0x00007ffcea00c000 	C:\WINDOWS\System32\powrprof.dll
0x00007ffce9fa0000 - 0x00007ffce9fb5000 	C:\WINDOWS\System32\profapi.dll
0x0000000075170000 - 0x0000000075308000 	C:\Program Files\Java\jdk1.8.0_91\jre\bin\awt.dll
0x00007ffced410000 - 0x00007ffced4d0000 	C:\WINDOWS\System32\OLEAUT32.dll
0x00007ffce8740000 - 0x00007ffce87be000 	C:\WINDOWS\SYSTEM32\apphelp.dll
0x00007ffce8a10000 - 0x00007ffce8aa5000 	C:\WINDOWS\system32\uxtheme.dll
0x00007ffced170000 - 0x00007ffced2d6000 	C:\WINDOWS\System32\MSCTF.dll
0x00007ffce7020000 - 0x00007ffce704a000 	C:\WINDOWS\system32\dwmapi.dll
0x00007ffced4d0000 - 0x00007ffced615000 	C:\WINDOWS\System32\ole32.dll
0x0000000075120000 - 0x0000000075167000 	C:\Program Files\Java\jdk1.8.0_91\jre\bin\fontmanager.dll
0x00007ffccb4e0000 - 0x00007ffccb5cf000 	C:\Users\Joao_\.javacpp\cache\opencv-windows-x86_64.jar\org\bytedeco\javacpp\windows-x86_64\msvcr120.dll
0x00007ffcdefd0000 - 0x00007ffcdf076000 	C:\Users\Joao_\.javacpp\cache\opencv-windows-x86_64.jar\org\bytedeco\javacpp\windows-x86_64\msvcp120.dll
0x00007ffccaff0000 - 0x00007ffccb26a000 	C:\Users\Joao_\.javacpp\cache\opencv-windows-x86_64.jar\org\bytedeco\javacpp\windows-x86_64\opencv_core310.dll
0x00007ffccaca0000 - 0x00007ffccafe2000 	C:\Users\Joao_\.javacpp\cache\opencv-windows-x86_64.jar\org\bytedeco\javacpp\windows-x86_64\opencv_imgproc310.dll
0x00007ffcba8e0000 - 0x00007ffcbab07000 	C:\Users\Joao_\.javacpp\cache\opencv-windows-x86_64.jar\org\bytedeco\javacpp\windows-x86_64\jniopencv_core.dll
0x0000000075330000 - 0x000000007534a000 	C:\Program Files\Java\jdk1.8.0_91\jre\bin\net.dll
0x00007ffce9850000 - 0x00007ffce98ac000 	C:\WINDOWS\system32\mswsock.dll
0x0000000075310000 - 0x0000000075321000 	C:\Program Files\Java\jdk1.8.0_91\jre\bin\nio.dll
0x00007ffccabb0000 - 0x00007ffccac9d000 	C:\Users\Joao_\.javacpp\cache\opencv-windows-x86_64.jar\org\bytedeco\javacpp\windows-x86_64\jniopencv_imgproc.dll
0x00007ffcb6210000 - 0x00007ffcb64d9000 	C:\Users\Joao_\.javacpp\cache\opencv-windows-x86_64.jar\org\bytedeco\javacpp\windows-x86_64\opencv_imgcodecs310.dll
0x00007ffcdef80000 - 0x00007ffcdefa5000 	C:\Users\Joao_\.javacpp\cache\opencv-windows-x86_64.jar\org\bytedeco\javacpp\windows-x86_64\jniopencv_imgcodecs.dll
0x00007ffcde200000 - 0x00007ffcde253000 	C:\Users\Joao_\.javacpp\cache\opencv-windows-x86_64.jar\org\bytedeco\javacpp\windows-x86_64\opencv_videoio310.dll
0x00007ffcdeef0000 - 0x00007ffcdef19000 	C:\WINDOWS\SYSTEM32\MSVFW32.dll
0x00007ffcdf1e0000 - 0x00007ffcdf1f8000 	C:\WINDOWS\SYSTEM32\AVICAP32.dll
0x00007ffce0110000 - 0x00007ffce012f000 	C:\WINDOWS\SYSTEM32\AVIFIL32.dll
0x00007ffcd5d40000 - 0x00007ffcd5d5c000 	C:\WINDOWS\SYSTEM32\MSACM32.dll
0x00007ffcdeed0000 - 0x00007ffcdeee7000 	C:\Users\Joao_\.javacpp\cache\opencv-windows-x86_64.jar\org\bytedeco\javacpp\windows-x86_64\jniopencv_videoio.dll
0x00007ffcddcf0000 - 0x00007ffcddd1c000 	C:\Users\Joao_\.javacpp\cache\opencv-windows-x86_64.jar\org\bytedeco\javacpp\windows-x86_64\opencv_highgui310.dll
0x00007ffcece10000 - 0x00007ffcecf18000 	C:\WINDOWS\System32\COMDLG32.dll
0x00007ffcdc400000 - 0x00007ffcdc435000 	C:\Users\Joao_\.javacpp\cache\opencv-windows-x86_64.jar\org\bytedeco\javacpp\windows-x86_64\jniopencv_highgui.dll
0x00007ffccaae0000 - 0x00007ffccabad000 	C:\Users\Joao_\.javacpp\cache\opencv-windows-x86_64.jar\org\bytedeco\javacpp\windows-x86_64\opencv_ml310.dll
0x00007ffcdc3c0000 - 0x00007ffcdc3ff000 	C:\Users\Joao_\.javacpp\cache\opencv-windows-x86_64.jar\org\bytedeco\javacpp\windows-x86_64\jniopencv_ml.dll
0x00007ffcdaae0000 - 0x00007ffcdab76000 	C:\Users\Joao_\.javacpp\cache\opencv-windows-x86_64.jar\org\bytedeco\javacpp\windows-x86_64\opencv_objdetect310.dll
0x00007ffcda530000 - 0x00007ffcda584000 	C:\Users\Joao_\.javacpp\cache\opencv-windows-x86_64.jar\org\bytedeco\javacpp\windows-x86_64\jniopencv_objdetect.dll
0x00007ffcda270000 - 0x00007ffcda2b6000 	C:\Users\Joao_\.javacpp\cache\opencv-windows-x86_64.jar\org\bytedeco\javacpp\windows-x86_64\opencv_face310.dll
0x00007ffcddcd0000 - 0x00007ffcddcea000 	C:\Users\Joao_\.javacpp\cache\opencv-windows-x86_64.jar\org\bytedeco\javacpp\windows-x86_64\jniopencv_face.dll
0x00007ffcdd8f0000 - 0x00007ffcdd916000 	C:\Users\Joao_\.javacpp\cache\videoinput-windows-x86_64.jar\org\bytedeco\javacpp\windows-x86_64\jnivideoInputLib.dll
0x00000000750d0000 - 0x0000000075112000 	C:\Program Files\Java\jdk1.8.0_91\jre\bin\t2k.dll
0x00007ffceb700000 - 0x00007ffceb79e000 	C:\WINDOWS\System32\clbcatq.dll
0x00007ffce3bd0000 - 0x00007ffce3d7c000 	C:\WINDOWS\SYSTEM32\WindowsCodecs.dll
0x00007ffcd4f90000 - 0x00007ffcd4fd7000 	C:\WINDOWS\system32\dataexchange.dll
0x00007ffce7780000 - 0x00007ffce7a5f000 	C:\WINDOWS\system32\d3d11.dll
0x00007ffce8100000 - 0x00007ffce8222000 	C:\WINDOWS\system32\dcomp.dll
0x00007ffce8f20000 - 0x00007ffce8fc4000 	C:\WINDOWS\system32\dxgi.dll
0x00007ffce88a0000 - 0x00007ffce8a10000 	C:\WINDOWS\system32\twinapi.appcore.dll
0x00007ffce9ea0000 - 0x00007ffce9ec5000 	C:\WINDOWS\system32\bcrypt.dll
0x00007ffce2780000 - 0x00007ffce2802000 	C:\WINDOWS\System32\TextInputFramework.dll
0x00007ffce8010000 - 0x00007ffce80f3000 	C:\WINDOWS\System32\CoreMessaging.dll
0x00007ffce2910000 - 0x00007ffce2be2000 	C:\WINDOWS\System32\CoreUIComponents.dll
0x00007ffce91b0000 - 0x00007ffce91e1000 	C:\WINDOWS\SYSTEM32\ntmarta.dll
0x00007ffce6030000 - 0x00007ffce6169000 	C:\WINDOWS\SYSTEM32\wintypes.dll
0x00007ffce6cc0000 - 0x00007ffce6cd5000 	C:\WINDOWS\SYSTEM32\usermgrcli.dll
0x0000000075090000 - 0x00000000750ba000 	C:\Program Files\Java\jdk1.8.0_91\jre\bin\dcpr.dll
0x0000000075040000 - 0x0000000075055000 	C:\Users\Joao_\.javacpp\cache\libfreenect-windows-x86_64.jar\org\bytedeco\javacpp\windows-x86_64\libusb0.dll
0x00007ffced6f0000 - 0x00007ffcedb2b000 	C:\WINDOWS\System32\SETUPAPI.dll
0x00007ffcd2150000 - 0x00007ffcd2184000 	C:\Users\Joao_\.javacpp\cache\libfreenect-windows-x86_64.jar\org\bytedeco\javacpp\windows-x86_64\freenect.dll
0x00007ffcdd520000 - 0x00007ffcdd539000 	C:\Users\Joao_\.javacpp\cache\libfreenect-windows-x86_64.jar\org\bytedeco\javacpp\windows-x86_64\pthreadVC2.dll
0x00007ffcd8390000 - 0x00007ffcd83b4000 	C:\Users\Joao_\.javacpp\cache\libfreenect-windows-x86_64.jar\org\bytedeco\javacpp\windows-x86_64\jnifreenect.dll
0x00007ffcdaac0000 - 0x00007ffcdaad7000 	C:\Windows\System32\devenum.dll
0x00007ffce8bc0000 - 0x00007ffce8be8000 	C:\WINDOWS\SYSTEM32\DEVOBJ.dll
0x00007ffcea2a0000 - 0x00007ffcea2f6000 	C:\WINDOWS\System32\WINTRUST.dll
0x00007ffcea030000 - 0x00007ffcea041000 	C:\WINDOWS\System32\MSASN1.dll
0x00007ffceaac0000 - 0x00007ffceac89000 	C:\WINDOWS\System32\CRYPT32.dll
0x00007ffce5e90000 - 0x00007ffce5e9b000 	C:\WINDOWS\SYSTEM32\msdmo.dll
0x00007ffccb4a0000 - 0x00007ffccb4d2000 	C:\Windows\System32\qcap.dll
0x00007ffcb5860000 - 0x00007ffcb5a1c000 	C:\Windows\System32\quartz.dll
0x00007ffccaa90000 - 0x00007ffccaadd000 	C:\Windows\System32\mfksproxy.dll
0x00007ffcd91b0000 - 0x00007ffcd91cc000 	C:\Windows\System32\ATL.DLL
0x00007ffcdb170000 - 0x00007ffcdb1a2000 	C:\Windows\System32\MFSENSORGROUP.dll
0x00007ffcd78c0000 - 0x00007ffcd7a60000 	C:\Windows\System32\MFPlat.DLL
0x00007ffcd3990000 - 0x00007ffcd39c2000 	C:\Windows\System32\RTWorkQ.DLL
0x00007ffcc92b0000 - 0x00007ffcc92f8000 	C:\Windows\System32\ksproxy.ax
0x00007ffcbfe30000 - 0x00007ffcbffb9000 	C:\Windows\System32\d3d9.dll
0x00007ffce7320000 - 0x00007ffce7329000 	C:\Windows\System32\ksuser.dll
0x00007ffce5db0000 - 0x00007ffce5e27000 	C:\WINDOWS\SYSTEM32\policymanager.dll
0x00007ffce5d20000 - 0x00007ffce5daf000 	C:\Windows\System32\msvcp110_win.dll
0x00007ffce6940000 - 0x00007ffce694c000 	C:\Windows\System32\vidcap.ax
0x00007ffcd2120000 - 0x00007ffcd2146000 	C:\Windows\System32\kswdmcap.ax
0x00007ffcba770000 - 0x00007ffcba8d4000 	C:\Windows\System32\MFC42.dll
0x00007ffcc6a20000 - 0x00007ffcc6abf000 	C:\Windows\System32\qedit.dll
0x00007ffce2240000 - 0x00007ffce23d5000 	C:\WINDOWS\WinSxS\amd64_microsoft.windows.gdiplus_6595b64144ccf1df_1.1.15063.608_none_56f0266b425534e9\gdiplus.dll
0x00007ffcc55c0000 - 0x00007ffcc56b6000 	C:\Windows\System32\DDRAW.dll
0x00007ffce4940000 - 0x00007ffce4948000 	C:\Windows\System32\DCIMAN32.dll
0x00007ffcb3de0000 - 0x00007ffcb3ff7000 	C:\Program Files (x86)\K-Lite Codec Pack\Filters\DirectVobSub64\vsfilter.dll
0x00007ffcd9580000 - 0x00007ffcd960a000 	C:\WINDOWS\SYSTEM32\WINSPOOL.DRV
0x00007ffcd8970000 - 0x00007ffcd8c9e000 	C:\WINDOWS\SYSTEM32\WININET.dll
0x00007ffcd8880000 - 0x00007ffcd88eb000 	C:\WINDOWS\SYSTEM32\OLEACC.dll
0x00007ffce45b0000 - 0x00007ffce45bc000 	C:\WINDOWS\SYSTEM32\msyuv.dll
0x00007ffcde610000 - 0x00007ffcde7b9000 	C:\WINDOWS\SYSTEM32\dbghelp.dll

VM Arguments:
jvm_args: -Dfile.encoding=UTF-8 -Djava.library.path=C:\opencv\build\java\x64 
java_command: main.main
java_class_path (initial): C:\Users\Joao_\Downloads\javacpp-1.3-bin\javacpp-bin\javacpp.jar;C:\Users\Joao_\Downloads\javacv-platform-1.3-bin\javacv-bin\opencv-windows-x86_64.jar;C:\Users\Joao_\Downloads\javacv-platform-1.3-bin\javacv-bin\videoinput-windows-x86_64.jar;C:\Users\Joao_\Downloads\javacv-platform-1.3-bin\javacv-bin\artoolkitplus-windows-x86_64.jar;C:\Users\Joao_\Downloads\javacv-platform-1.3-bin\javacv-bin\ffmpeg-windows-x86_64.jar;C:\Users\Joao_\Downloads\javacv-platform-1.3-bin\javacv-bin\flandmark-windows-x86_64.jar;C:\Users\Joao_\Downloads\javacv-platform-1.3-bin\javacv-bin\flycapture-windows-x86_64.jar;C:\Users\Joao_\Downloads\javacv-platform-1.3-bin\javacv-bin\javacv-platform.jar;C:\Users\Joao_\Downloads\javacv-platform-1.3-bin\javacv-bin\javacv.jar;C:\Users\Joao_\Downloads\javacv-platform-1.3-bin\javacv-bin\libdc1394-windows-x86_64.jar;C:\Users\Joao_\Downloads\javacv-platform-1.3-bin\javacv-bin\libfreenect-platform.jar;C:\Users\Joao_\Downloads\javacv-platform-1.3-bin\javacv-bin\libfreenect-windows-x86_64.jar;C:\Users\Joao_\Downloads\javacv-platform-1.3-bin\javacv-bin\librealsense-platform.jar;C:\Users\Joao_\Downloads\javacv-platform-1.3-bin\javacv-bin\librealsense.jar;C:\Users\Joao_\Downloads\javacv-platform-1.3-bin\javacv-bin\opencv.jar;C:\Users\Joao_\Downloads\javacv-platform-1.3-bin\javacv-bin\videoinput.jar;C:\TCC.UniSecurity\build\classes
Launcher Type: SUN_STANDARD

Environment Variables:
PATH=C:\ProgramData\Oracle\Java\javapath;C:\WINDOWS\system32;C:\WINDOWS;C:\WINDOWS\System32\Wbem;C:\WINDOWS\System32\WindowsPowerShell\v1.0\;C:\Program Files (x86)\Skype\Phone\;C:\Program Files\Microsoft SQL Server\120\DTS\Binn\;C:\Program Files\Microsoft SQL Server\Client SDK\ODBC\110\Tools\Binn\;C:\Program Files (x86)\Microsoft SQL Server\120\Tools\Binn\;C:\Program Files\Microsoft SQL Server\120\Tools\Binn\;C:\Program Files (x86)\Microsoft SQL Server\120\Tools\Binn\ManagementStudio\;C:\Program Files (x86)\Microsoft SQL Server\120\DTS\Binn\;C:\Program Files\CMake\bin;C:\opencv\build\x64\vc14\bin;C:\Users\Joao_\AppData\Local\Programs\Python\Python37\Scripts\;C:\Users\Joao_\AppData\Local\Programs\Python\Python37\;C:\Users\Joao_\AppData\Local\Microsoft\WindowsApps;
USERNAME=Joao_
OS=Windows_NT
PROCESSOR_IDENTIFIER=Intel64 Family 6 Model 58 Stepping 9, GenuineIntel



---------------  S Y S T E M  ---------------

OS: Windows 10.0 , 64 bit Build 15063 (10.0.15063.296)

CPU:total 4 (2 cores per cpu, 2 threads per core) family 6 model 58 stepping 9, cmov, cx8, fxsr, mmx, sse, sse2, sse3, ssse3, sse4.1, sse4.2, popcnt, avx, aes, clmul, erms, ht, tsc, tscinvbit, tscinv

Memory: 4k page, physical 4092772k(908692k free), swap 5534564k(1021664k free)

vm_info: Java HotSpot(TM) 64-Bit Server VM (25.91-b14) for windows-amd64 JRE (1.8.0_91-b14), built on Apr  1 2016 00:58:32 by "java_re" with MS VC++ 10.0 (VS2010)

time: Thu Oct 19 19:33:53 2017
elapsed time: 12 seconds (0d 0h 0m 12s)

