#
# A fatal error has been detected by the Java Runtime Environment:
#
#  EXCEPTION_ACCESS_VIOLATION (0xc0000005) at pc=0x00007ffcc33fb907, pid=7516, tid=4644
#
# JRE version: Java(TM) SE Runtime Environment (8.0_91-b14) (build 1.8.0_91-b14)
# Java VM: Java HotSpot(TM) 64-Bit Server VM (25.91-b14 mixed mode windows-amd64 compressed oops)
# Problematic frame:
# C  [opencv_face310.dll+0x1b907]
#
# Failed to write core dump. Minidumps are not enabled by default on client versions of Windows
#
# If you would like to submit a bug report, please visit:
#   http://bugreport.java.com/bugreport/crash.jsp
# The crash happened outside the Java Virtual Machine in native code.
# See problematic frame for where to report the bug.
#

---------------  T H R E A D  ---------------

Current thread (0x0000000016553000):  JavaThread "pool-1-thread-1" [_thread_in_native, id=4644, stack(0x000000002ef80000,0x000000002f080000)]

siginfo: ExceptionCode=0xc0000005, reading address 0x000000001f20e000

Registers:
RAX=0x000000002f07e960, RBX=0x0000000000000068, RCX=0x000000001f20dfff, RDX=0x000000001f20dfff
RSP=0x000000002f07e880, RBP=0x000000002f07e980, RSI=0x000000000000005c, RDI=0x000000000000001b
R8 =0x000000001f20d350, R9 =0x000000000000005c, R10=0x000000000000001b, R11=0x0000000000000023
R12=0xffffffffffffffff, R13=0x0000000000000001, R14=0x0000000000000001, R15=0x0000000000000000
RIP=0x00007ffcc33fb907, EFLAGS=0x0000000000010206

Top of Stack: (sp=0x000000002f07e880)
0x000000002f07e880:   0000000080000000 000000002f07e970
0x000000002f07e890:   0000000000000008 000000002f07eb40
0x000000002f07e8a0:   00000000ffffffff 0000000000000000
0x000000002f07e8b0:   0000000000000000 000000002f07e8c0
0x000000002f07e8c0:   0000000100000023 0000000000000008
0x000000002f07e8d0:   0000000000000000 0000000000000000
0x000000002f07e8e0:   0000000000000000 00000000c1020006
0x000000002f07e8f0:   000000002f07e8d8 0000000100000001
0x000000002f07e900:   fffffffffffffffe 0000000000000000
0x000000002f07e910:   0000000242ff4000 0000005c00000070
0x000000002f07e920:   000000001f20d350 000000001f20d350
0x000000002f07e930:   000000001f20fb90 000000001f20fb90
0x000000002f07e940:   0000000000000000 0000000000000000
0x000000002f07e950:   000000002f07e918 000000002f07e960
0x000000002f07e960:   000000000000005c 0000000000000001
0x000000002f07e970:   0000000242ff4004 0000005a0000006e 

Instructions: (pc=0x00007ffcc33fb907)
0x00007ffcc33fb8e7:   08 4b 8d 0c 03 49 0f af c9 4c 8b 45 a0 49 03 c8
0x00007ffcc33fb8f7:   49 03 ca 49 8b d3 49 0f af d1 49 03 d0 49 03 d2
0x00007ffcc33fb907:   41 0f b6 44 0d 00 66 0f 6e d0 0f 5b d2 f3 0f 59
0x00007ffcc33fb917:   d3 48 63 44 24 44 48 8b f0 0f b6 04 08 66 0f 6e 


Register to memory mapping:

RAX=0x000000002f07e960 is pointing into the stack for thread: 0x0000000016553000
RBX=0x0000000000000068 is an unknown value
RCX=0x000000001f20dfff is an unknown value
RDX=0x000000001f20dfff is an unknown value
RSP=0x000000002f07e880 is pointing into the stack for thread: 0x0000000016553000
RBP=0x000000002f07e980 is pointing into the stack for thread: 0x0000000016553000
RSI=0x000000000000005c is an unknown value
RDI=0x000000000000001b is an unknown value
R8 =0x000000001f20d350 is an unknown value
R9 =0x000000000000005c is an unknown value
R10=0x000000000000001b is an unknown value
R11=0x0000000000000023 is an unknown value
R12=0xffffffffffffffff is an unknown value
R13=0x0000000000000001 is an unknown value
R14=0x0000000000000001 is an unknown value
R15=0x0000000000000000 is an unknown value


Stack: [0x000000002ef80000,0x000000002f080000],  sp=0x000000002f07e880,  free space=1018k
Native frames: (J=compiled Java code, j=interpreted, Vv=VM code, C=native code)
C  [opencv_face310.dll+0x1b907]
C  [opencv_face310.dll+0x1e2ba]
C  [opencv_face310.dll+0x1e235]
C  [opencv_face310.dll+0x20a6b]
C  [jniopencv_face.dll+0x7b42]
C  0x0000000002467f54

Java frames: (J=compiled Java code, j=interpreted, Vv=VM code)
j  org.bytedeco.javacpp.opencv_face$FaceRecognizer.train(Lorg/bytedeco/javacpp/opencv_core$MatVector;Lorg/bytedeco/javacpp/opencv_core$Mat;)V+0
j  processing.LBPHFaceRecognizer.retrainAll()V+269
j  processing.LBPHFaceRecognizer.saveNewFace(Ljava/lang/String;[Lorg/bytedeco/javacpp/opencv_core$IplImage;)Z+149
j  processing.FacePanel$2.run()V+72
j  java.util.concurrent.ThreadPoolExecutor.runWorker(Ljava/util/concurrent/ThreadPoolExecutor$Worker;)V+95
j  java.util.concurrent.ThreadPoolExecutor$Worker.run()V+5
j  java.lang.Thread.run()V+11
v  ~StubRoutines::call_stub

---------------  P R O C E S S  ---------------

Java Threads: ( => current thread )
=>0x0000000016553000 JavaThread "pool-1-thread-1" [_thread_in_native, id=4644, stack(0x000000002ef80000,0x000000002f080000)]
  0x00000000180ec800 JavaThread "TimerQueue" daemon [_thread_blocked, id=7180, stack(0x000000002c580000,0x000000002c680000)]
  0x0000000014a2b000 JavaThread "Thread-1" [_thread_in_native, id=5240, stack(0x000000001a240000,0x000000001a340000)]
  0x000000000222d800 JavaThread "DestroyJavaVM" [_thread_blocked, id=8636, stack(0x0000000002230000,0x0000000002330000)]
  0x00000000180bd000 JavaThread "AWT-EventQueue-0" [_thread_blocked, id=8516, stack(0x0000000019030000,0x0000000019130000)]
  0x0000000017178800 JavaThread "JavaCPP Deallocator" daemon [_thread_blocked, id=8712, stack(0x0000000018f20000,0x0000000019020000)]
  0x0000000016bb4800 JavaThread "AWT-Windows" daemon [_thread_in_native, id=3328, stack(0x0000000017760000,0x0000000017860000)]
  0x0000000016bb1800 JavaThread "AWT-Shutdown" [_thread_blocked, id=5288, stack(0x0000000017660000,0x0000000017760000)]
  0x0000000016bb0800 JavaThread "Java2D Disposer" daemon [_thread_blocked, id=8016, stack(0x0000000017560000,0x0000000017660000)]
  0x00000000163c0000 JavaThread "Service Thread" daemon [_thread_blocked, id=7964, stack(0x0000000016780000,0x0000000016880000)]
  0x0000000014a3d000 JavaThread "C1 CompilerThread2" daemon [_thread_blocked, id=6768, stack(0x0000000016280000,0x0000000016380000)]
  0x0000000014a39800 JavaThread "C2 CompilerThread1" daemon [_thread_blocked, id=8060, stack(0x0000000016180000,0x0000000016280000)]
  0x0000000014a49800 JavaThread "C2 CompilerThread0" daemon [_thread_blocked, id=776, stack(0x0000000016080000,0x0000000016180000)]
  0x0000000014a48000 JavaThread "Attach Listener" daemon [_thread_blocked, id=1668, stack(0x0000000015f80000,0x0000000016080000)]
  0x0000000014a46800 JavaThread "Signal Dispatcher" daemon [_thread_blocked, id=9084, stack(0x0000000015e80000,0x0000000015f80000)]
  0x0000000014a29000 JavaThread "Finalizer" daemon [_thread_blocked, id=640, stack(0x0000000015c90000,0x0000000015d90000)]
  0x0000000002441000 JavaThread "Reference Handler" daemon [_thread_blocked, id=6020, stack(0x0000000015b90000,0x0000000015c90000)]

Other Threads:
  0x0000000014a07000 VMThread [stack: 0x0000000015a90000,0x0000000015b90000] [id=10212]
  0x00000000163cc000 WatcherThread [stack: 0x0000000016880000,0x0000000016980000] [id=2732]

VM state:not at safepoint (normal execution)

VM Mutex/Monitor currently owned by a thread: None

Heap:
 PSYoungGen      total 16896K, used 8950K [0x00000000eb300000, 0x00000000ecb00000, 0x0000000100000000)
  eden space 16384K, 53% used [0x00000000eb300000,0x00000000ebb9d9e8,0x00000000ec300000)
  from space 512K, 25% used [0x00000000ec300000,0x00000000ec320000,0x00000000ec380000)
  to   space 4096K, 0% used [0x00000000ec700000,0x00000000ec700000,0x00000000ecb00000)
 ParOldGen       total 44032K, used 5966K [0x00000000c1800000, 0x00000000c4300000, 0x00000000eb300000)
  object space 44032K, 13% used [0x00000000c1800000,0x00000000c1dd3a58,0x00000000c4300000)
 Metaspace       used 15978K, capacity 16206K, committed 16384K, reserved 1062912K
  class space    used 1935K, capacity 2028K, committed 2048K, reserved 1048576K

Card table byte_map: [0x0000000011810000,0x0000000011a10000] byte_map_base: 0x0000000011204000

Marking Bits: (ParMarkBitMap*) 0x0000000075bd2f70
 Begin Bits: [0x0000000011f60000, 0x0000000012f00000)
 End Bits:   [0x0000000012f00000, 0x0000000013ea0000)

Polling page: 0x0000000000590000

CodeCache: size=245760Kb used=5972Kb max_used=5981Kb free=239788Kb
 bounds [0x0000000002450000, 0x0000000002a30000, 0x0000000011450000]
 total_blobs=2415 nmethods=1796 adapters=531
 compilation: enabled

Compilation events (10 events):
Event: 32.117 Thread 0x0000000014a3d000 nmethod 1806 0x0000000002a25c10 code [0x0000000002a25da0, 0x0000000002a26198]
Event: 32.121 Thread 0x0000000014a39800 nmethod 1805 0x0000000002a29110 code [0x0000000002a29260, 0x0000000002a293d8]
Event: 32.138 Thread 0x0000000014a3d000 1807       3       org.bytedeco.javacpp.helper.opencv_core$CvArr::<init> (6 bytes)
Event: 32.138 Thread 0x0000000014a3d000 nmethod 1807 0x0000000002a28cd0 code [0x0000000002a28e40, 0x0000000002a29028]
Event: 32.225 Thread 0x0000000014a3d000 1809       3       org.bytedeco.javacpp.opencv_core$IplImage::<init> (6 bytes)
Event: 32.225 Thread 0x0000000014a3d000 nmethod 1809 0x0000000002a28390 code [0x0000000002a28500, 0x0000000002a287a8]
Event: 32.225 Thread 0x0000000014a3d000 1810       3       org.bytedeco.javacpp.helper.opencv_core$AbstractIplImage::<init> (6 bytes)
Event: 32.225 Thread 0x0000000014a3d000 nmethod 1810 0x0000000002a27ed0 code [0x0000000002a28040, 0x0000000002a28288]
Event: 32.372 Thread 0x0000000014a49800 1811       4       java.util.regex.Pattern$Single::isSatisfiedBy (14 bytes)
Event: 32.373 Thread 0x0000000014a49800 nmethod 1811 0x0000000002a0d050 code [0x0000000002a0d180, 0x0000000002a0d1f8]

GC Heap History (10 events):
Event: 26.090 GC heap before
{Heap before GC invocations=15 (full 0):
 PSYoungGen      total 20992K, used 16031K [0x00000000eb300000, 0x00000000ecd00000, 0x0000000100000000)
  eden space 16384K, 97% used [0x00000000eb300000,0x00000000ec287dc0,0x00000000ec300000)
  from space 4608K, 2% used [0x00000000ec880000,0x00000000ec8a0000,0x00000000ecd00000)
  to   space 5120K, 0% used [0x00000000ec300000,0x00000000ec300000,0x00000000ec800000)
 ParOldGen       total 44032K, used 5910K [0x00000000c1800000, 0x00000000c4300000, 0x00000000eb300000)
  object space 44032K, 13% used [0x00000000c1800000,0x00000000c1dc5a58,0x00000000c4300000)
 Metaspace       used 15932K, capacity 16134K, committed 16384K, reserved 1062912K
  class space    used 1935K, capacity 2028K, committed 2048K, reserved 1048576K
Event: 26.092 GC heap after
Heap after GC invocations=15 (full 0):
 PSYoungGen      total 21504K, used 128K [0x00000000eb300000, 0x00000000ecd00000, 0x0000000100000000)
  eden space 16384K, 0% used [0x00000000eb300000,0x00000000eb300000,0x00000000ec300000)
  from space 5120K, 2% used [0x00000000ec300000,0x00000000ec320000,0x00000000ec800000)
  to   space 5120K, 0% used [0x00000000ec800000,0x00000000ec800000,0x00000000ecd00000)
 ParOldGen       total 44032K, used 5926K [0x00000000c1800000, 0x00000000c4300000, 0x00000000eb300000)
  object space 44032K, 13% used [0x00000000c1800000,0x00000000c1dc9a58,0x00000000c4300000)
 Metaspace       used 15932K, capacity 16134K, committed 16384K, reserved 1062912K
  class space    used 1935K, capacity 2028K, committed 2048K, reserved 1048576K
}
Event: 27.531 GC heap before
{Heap before GC invocations=16 (full 0):
 PSYoungGen      total 21504K, used 15978K [0x00000000eb300000, 0x00000000ecd00000, 0x0000000100000000)
  eden space 16384K, 96% used [0x00000000eb300000,0x00000000ec27aab0,0x00000000ec300000)
  from space 5120K, 2% used [0x00000000ec300000,0x00000000ec320000,0x00000000ec800000)
  to   space 5120K, 0% used [0x00000000ec800000,0x00000000ec800000,0x00000000ecd00000)
 ParOldGen       total 44032K, used 5926K [0x00000000c1800000, 0x00000000c4300000, 0x00000000eb300000)
  object space 44032K, 13% used [0x00000000c1800000,0x00000000c1dc9a58,0x00000000c4300000)
 Metaspace       used 15934K, capacity 16134K, committed 16384K, reserved 1062912K
  class space    used 1935K, capacity 2028K, committed 2048K, reserved 1048576K
Event: 27.532 GC heap after
Heap after GC invocations=16 (full 0):
 PSYoungGen      total 21504K, used 128K [0x00000000eb300000, 0x00000000ecd00000, 0x0000000100000000)
  eden space 16384K, 0% used [0x00000000eb300000,0x00000000eb300000,0x00000000ec300000)
  from space 5120K, 2% used [0x00000000ec800000,0x00000000ec820000,0x00000000ecd00000)
  to   space 5120K, 0% used [0x00000000ec300000,0x00000000ec300000,0x00000000ec800000)
 ParOldGen       total 44032K, used 5934K [0x00000000c1800000, 0x00000000c4300000, 0x00000000eb300000)
  object space 44032K, 13% used [0x00000000c1800000,0x00000000c1dcba58,0x00000000c4300000)
 Metaspace       used 15934K, capacity 16134K, committed 16384K, reserved 1062912K
  class space    used 1935K, capacity 2028K, committed 2048K, reserved 1048576K
}
Event: 28.970 GC heap before
{Heap before GC invocations=17 (full 0):
 PSYoungGen      total 21504K, used 15946K [0x00000000eb300000, 0x00000000ecd00000, 0x0000000100000000)
  eden space 16384K, 96% used [0x00000000eb300000,0x00000000ec2729c8,0x00000000ec300000)
  from space 5120K, 2% used [0x00000000ec800000,0x00000000ec820000,0x00000000ecd00000)
  to   space 5120K, 0% used [0x00000000ec300000,0x00000000ec300000,0x00000000ec800000)
 ParOldGen       total 44032K, used 5934K [0x00000000c1800000, 0x00000000c4300000, 0x00000000eb300000)
  object space 44032K, 13% used [0x00000000c1800000,0x00000000c1dcba58,0x00000000c4300000)
 Metaspace       used 15949K, capacity 16134K, committed 16384K, reserved 1062912K
  class space    used 1935K, capacity 2028K, committed 2048K, reserved 1048576K
Event: 28.971 GC heap after
Heap after GC invocations=17 (full 0):
 PSYoungGen      total 16896K, used 128K [0x00000000eb300000, 0x00000000ecc00000, 0x0000000100000000)
  eden space 16384K, 0% used [0x00000000eb300000,0x00000000eb300000,0x00000000ec300000)
  from space 512K, 25% used [0x00000000ec300000,0x00000000ec320000,0x00000000ec380000)
  to   space 4608K, 0% used [0x00000000ec780000,0x00000000ec780000,0x00000000ecc00000)
 ParOldGen       total 44032K, used 5942K [0x00000000c1800000, 0x00000000c4300000, 0x00000000eb300000)
  object space 44032K, 13% used [0x00000000c1800000,0x00000000c1dcda58,0x00000000c4300000)
 Metaspace       used 15949K, capacity 16134K, committed 16384K, reserved 1062912K
  class space    used 1935K, capacity 2028K, committed 2048K, reserved 1048576K
}
Event: 30.410 GC heap before
{Heap before GC invocations=18 (full 0):
 PSYoungGen      total 16896K, used 15938K [0x00000000eb300000, 0x00000000ecc00000, 0x0000000100000000)
  eden space 16384K, 96% used [0x00000000eb300000,0x00000000ec270bc8,0x00000000ec300000)
  from space 512K, 25% used [0x00000000ec300000,0x00000000ec320000,0x00000000ec380000)
  to   space 4608K, 0% used [0x00000000ec780000,0x00000000ec780000,0x00000000ecc00000)
 ParOldGen       total 44032K, used 5942K [0x00000000c1800000, 0x00000000c4300000, 0x00000000eb300000)
  object space 44032K, 13% used [0x00000000c1800000,0x00000000c1dcda58,0x00000000c4300000)
 Metaspace       used 15951K, capacity 16134K, committed 16384K, reserved 1062912K
  class space    used 1935K, capacity 2028K, committed 2048K, reserved 1048576K
Event: 30.412 GC heap after
Heap after GC invocations=18 (full 0):
 PSYoungGen      total 20992K, used 128K [0x00000000eb300000, 0x00000000ecc00000, 0x0000000100000000)
  eden space 16384K, 0% used [0x00000000eb300000,0x00000000eb300000,0x00000000ec300000)
  from space 4608K, 2% used [0x00000000ec780000,0x00000000ec7a0000,0x00000000ecc00000)
  to   space 4608K, 0% used [0x00000000ec300000,0x00000000ec300000,0x00000000ec780000)
 ParOldGen       total 44032K, used 5950K [0x00000000c1800000, 0x00000000c4300000, 0x00000000eb300000)
  object space 44032K, 13% used [0x00000000c1800000,0x00000000c1dcfa58,0x00000000c4300000)
 Metaspace       used 15951K, capacity 16134K, committed 16384K, reserved 1062912K
  class space    used 1935K, capacity 2028K, committed 2048K, reserved 1048576K
}
Event: 31.843 GC heap before
{Heap before GC invocations=19 (full 0):
 PSYoungGen      total 20992K, used 15970K [0x00000000eb300000, 0x00000000ecc00000, 0x0000000100000000)
  eden space 16384K, 96% used [0x00000000eb300000,0x00000000ec278a60,0x00000000ec300000)
  from space 4608K, 2% used [0x00000000ec780000,0x00000000ec7a0000,0x00000000ecc00000)
  to   space 4608K, 0% used [0x00000000ec300000,0x00000000ec300000,0x00000000ec780000)
 ParOldGen       total 44032K, used 5950K [0x00000000c1800000, 0x00000000c4300000, 0x00000000eb300000)
  object space 44032K, 13% used [0x00000000c1800000,0x00000000c1dcfa58,0x00000000c4300000)
 Metaspace       used 15964K, capacity 16142K, committed 16384K, reserved 1062912K
  class space    used 1935K, capacity 2028K, committed 2048K, reserved 1048576K
Event: 31.844 GC heap after
Heap after GC invocations=19 (full 0):
 PSYoungGen      total 16896K, used 128K [0x00000000eb300000, 0x00000000ecb00000, 0x0000000100000000)
  eden space 16384K, 0% used [0x00000000eb300000,0x00000000eb300000,0x00000000ec300000)
  from space 512K, 25% used [0x00000000ec300000,0x00000000ec320000,0x00000000ec380000)
  to   space 4096K, 0% used [0x00000000ec700000,0x00000000ec700000,0x00000000ecb00000)
 ParOldGen       total 44032K, used 5966K [0x00000000c1800000, 0x00000000c4300000, 0x00000000eb300000)
  object space 44032K, 13% used [0x00000000c1800000,0x00000000c1dd3a58,0x00000000c4300000)
 Metaspace       used 15964K, capacity 16142K, committed 16384K, reserved 1062912K
  class space    used 1935K, capacity 2028K, committed 2048K, reserved 1048576K
}

Deoptimization events (10 events):
Event: 0.754 Thread 0x00000000180bd000 Uncommon trap: reason=unstable_if action=reinterpret pc=0x0000000002648a58 method=java.lang.AbstractStringBuilder.append(Ljava/lang/String;)Ljava/lang/AbstractStringBuilder; @ 1
Event: 6.920 Thread 0x00000000180bd000 Uncommon trap: reason=unstable_if action=reinterpret pc=0x0000000002651be4 method=java.util.HashMap.getNode(ILjava/lang/Object;)Ljava/util/HashMap$Node; @ 84
Event: 6.920 Thread 0x00000000180bd000 Uncommon trap: reason=unstable_if action=reinterpret pc=0x000000000272ac00 method=java.util.HashMap.getNode(ILjava/lang/Object;)Ljava/util/HashMap$Node; @ 84
Event: 7.138 Thread 0x00000000180bd000 Uncommon trap: reason=unstable_if action=reinterpret pc=0x00000000027824d4 method=java.util.LinkedHashMap.get(Ljava/lang/Object;)Ljava/lang/Object; @ 20
Event: 7.141 Thread 0x00000000180bd000 Uncommon trap: reason=unstable_if action=reinterpret pc=0x00000000027ee284 method=java.awt.MultipleGradientPaintContext.indexIntoGradientsArrays(F)I @ 93
Event: 12.640 Thread 0x00000000180bd000 Uncommon trap: reason=class_check action=maybe_recompile pc=0x00000000025f2fe8 method=java.lang.String.equals(Ljava/lang/Object;)Z @ 8
Event: 12.640 Thread 0x00000000180bd000 Uncommon trap: reason=class_check action=maybe_recompile pc=0x00000000025f2fe8 method=java.lang.String.equals(Ljava/lang/Object;)Z @ 8
Event: 12.799 Thread 0x00000000180bd000 Uncommon trap: reason=class_check action=maybe_recompile pc=0x00000000025f2fe8 method=java.lang.String.equals(Ljava/lang/Object;)Z @ 8
Event: 12.799 Thread 0x00000000180bd000 Uncommon trap: reason=class_check action=maybe_recompile pc=0x00000000025f2fe8 method=java.lang.String.equals(Ljava/lang/Object;)Z @ 8
Event: 22.991 Thread 0x0000000016553000 Uncommon trap: reason=unstable_if action=reinterpret pc=0x000000000274b5cc method=java.io.WinNTFileSystem.normalize(Ljava/lang/String;)Ljava/lang/String; @ 128

Internal exceptions (10 events):
Event: 0.382 Thread 0x000000000222d800 Exception <a 'java/lang/ClassNotFoundException': ToolTip> (0x00000000eb785f28) thrown at [C:\re\workspace\8-2-build-windows-amd64-cygwin\jdk8u91\6644\hotspot\src\share\vm\classfile\systemDictionary.cpp, line 210]
Event: 0.383 Thread 0x000000000222d800 Exception <a 'java/lang/ClassNotFoundException': Tree> (0x00000000eb786b48) thrown at [C:\re\workspace\8-2-build-windows-amd64-cygwin\jdk8u91\6644\hotspot\src\share\vm\classfile\systemDictionary.cpp, line 210]
Event: 0.383 Thread 0x000000000222d800 Exception <a 'java/lang/ClassNotFoundException': Tree> (0x00000000eb787288) thrown at [C:\re\workspace\8-2-build-windows-amd64-cygwin\jdk8u91\6644\hotspot\src\share\vm\classfile\systemDictionary.cpp, line 210]
Event: 0.383 Thread 0x000000000222d800 Exception <a 'java/lang/ClassNotFoundException': javax/swing/JTreeCell> (0x00000000eb787608) thrown at [C:\re\workspace\8-2-build-windows-amd64-cygwin\jdk8u91\6644\hotspot\src\share\vm\classfile\systemDictionary.cpp, line 210]
Event: 0.383 Thread 0x000000000222d800 Exception <a 'java/lang/ClassNotFoundException': TreeCell> (0x00000000eb787a90) thrown at [C:\re\workspace\8-2-build-windows-amd64-cygwin\jdk8u91\6644\hotspot\src\share\vm\classfile\systemDictionary.cpp, line 210]
Event: 0.384 Thread 0x000000000222d800 Exception <a 'java/lang/ClassNotFoundException': RootPane> (0x00000000eb7884f0) thrown at [C:\re\workspace\8-2-build-windows-amd64-cygwin\jdk8u91\6644\hotspot\src\share\vm\classfile\systemDictionary.cpp, line 210]
Event: 0.753 Thread 0x00000000180bd000 Implicit null exception at 0x0000000002667c96 to 0x0000000002667fd5
Event: 0.754 Thread 0x00000000180bd000 Implicit null exception at 0x0000000002648716 to 0x0000000002648a41
Event: 22.991 Thread 0x0000000016553000 Implicit null exception at 0x0000000002901a37 to 0x0000000002901da3
Event: 22.991 Thread 0x0000000016553000 Exception <a 'java/lang/NullPointerException'> (0x00000000ec072918) thrown at [C:\re\workspace\8-2-build-windows-amd64-cygwin\jdk8u91\6644\hotspot\src\share\vm\runtime\sharedRuntime.cpp, line 605]

Events (10 events):
Event: 26.119 Thread 0x0000000014a3d000 flushing nmethod 0x00000000025a3910
Event: 26.119 Thread 0x0000000014a3d000 flushing nmethod 0x00000000025a3f10
Event: 27.530 Executing VM operation: ParallelGCFailedAllocation
Event: 27.532 Executing VM operation: ParallelGCFailedAllocation done
Event: 28.970 Executing VM operation: ParallelGCFailedAllocation
Event: 28.971 Executing VM operation: ParallelGCFailedAllocation done
Event: 30.410 Executing VM operation: ParallelGCFailedAllocation
Event: 30.412 Executing VM operation: ParallelGCFailedAllocation done
Event: 31.843 Executing VM operation: ParallelGCFailedAllocation
Event: 31.844 Executing VM operation: ParallelGCFailedAllocation done


Dynamic libraries:
0x00007ff6e7170000 - 0x00007ff6e71a7000 	C:\Program Files\Java\jdk1.8.0_91\bin\java.exe
0x00007ffcedb30000 - 0x00007ffcedd0b000 	C:\WINDOWS\SYSTEM32\ntdll.dll
0x00007ffced640000 - 0x00007ffced6ee000 	C:\WINDOWS\System32\KERNEL32.DLL
0x00007ffceae40000 - 0x00007ffceb089000 	C:\WINDOWS\System32\KERNELBASE.dll
0x00007ffceb920000 - 0x00007ffceb9c1000 	C:\WINDOWS\System32\ADVAPI32.dll
0x00007ffced2e0000 - 0x00007ffced37d000 	C:\WINDOWS\System32\msvcrt.dll
0x00007ffceb860000 - 0x00007ffceb8b9000 	C:\WINDOWS\System32\sechost.dll
0x00007ffced030000 - 0x00007ffced155000 	C:\WINDOWS\System32\RPCRT4.dll
0x00007ffceb5b0000 - 0x00007ffceb6fa000 	C:\WINDOWS\System32\USER32.dll
0x00007ffceac90000 - 0x00007ffceacae000 	C:\WINDOWS\System32\win32u.dll
0x00007ffceb820000 - 0x00007ffceb847000 	C:\WINDOWS\System32\GDI32.dll
0x00007ffceacb0000 - 0x00007ffceae37000 	C:\WINDOWS\System32\gdi32full.dll
0x00007ffcea050000 - 0x00007ffcea0ea000 	C:\WINDOWS\System32\msvcp_win.dll
0x00007ffcea1a0000 - 0x00007ffcea296000 	C:\WINDOWS\System32\ucrtbase.dll
0x00007ffcd8460000 - 0x00007ffcd86c7000 	C:\WINDOWS\WinSxS\amd64_microsoft.windows.common-controls_6595b64144ccf1df_6.0.15063.483_none_26002d27e7c744a2\COMCTL32.dll
0x00007ffceb110000 - 0x00007ffceb409000 	C:\WINDOWS\System32\combase.dll
0x00007ffceaa50000 - 0x00007ffceaaba000 	C:\WINDOWS\System32\bcryptPrimitives.dll
0x00007ffced380000 - 0x00007ffced3ad000 	C:\WINDOWS\System32\IMM32.DLL
0x00000000752e0000 - 0x00000000753b2000 	C:\Program Files\Java\jdk1.8.0_91\jre\bin\msvcr100.dll
0x00000000753c0000 - 0x0000000075c53000 	C:\Program Files\Java\jdk1.8.0_91\jre\bin\server\jvm.dll
0x00007ffceb090000 - 0x00007ffceb098000 	C:\WINDOWS\System32\PSAPI.DLL
0x00007ffce8520000 - 0x00007ffce8543000 	C:\WINDOWS\SYSTEM32\WINMM.dll
0x00007ffcde190000 - 0x00007ffcde19a000 	C:\WINDOWS\SYSTEM32\VERSION.dll
0x00007ffce6ee0000 - 0x00007ffce6ee9000 	C:\WINDOWS\SYSTEM32\WSOCK32.dll
0x00007ffceb0a0000 - 0x00007ffceb10c000 	C:\WINDOWS\System32\WS2_32.dll
0x00007ffce84c0000 - 0x00007ffce84eb000 	C:\WINDOWS\SYSTEM32\WINMMBASE.dll
0x00007ffcea300000 - 0x00007ffcea349000 	C:\WINDOWS\System32\cfgmgr32.dll
0x0000000076fb0000 - 0x0000000076fbf000 	C:\Program Files\Java\jdk1.8.0_91\jre\bin\verify.dll
0x0000000075eb0000 - 0x0000000075ed9000 	C:\Program Files\Java\jdk1.8.0_91\jre\bin\java.dll
0x0000000075e90000 - 0x0000000075ea6000 	C:\Program Files\Java\jdk1.8.0_91\jre\bin\zip.dll
0x00007ffceb9d0000 - 0x00007ffcece06000 	C:\WINDOWS\System32\SHELL32.dll
0x00007ffcecf20000 - 0x00007ffcecfca000 	C:\WINDOWS\System32\shcore.dll
0x00007ffcea350000 - 0x00007ffceaa41000 	C:\WINDOWS\System32\windows.storage.dll
0x00007ffced3b0000 - 0x00007ffced401000 	C:\WINDOWS\System32\shlwapi.dll
0x00007ffcea010000 - 0x00007ffcea021000 	C:\WINDOWS\System32\kernel.appcore.dll
0x00007ffce9fc0000 - 0x00007ffcea00c000 	C:\WINDOWS\System32\powrprof.dll
0x00007ffce9fa0000 - 0x00007ffce9fb5000 	C:\WINDOWS\System32\profapi.dll
0x0000000075140000 - 0x00000000752d8000 	C:\Program Files\Java\jdk1.8.0_91\jre\bin\awt.dll
0x00007ffced410000 - 0x00007ffced4d0000 	C:\WINDOWS\System32\OLEAUT32.dll
0x00007ffce8740000 - 0x00007ffce87be000 	C:\WINDOWS\SYSTEM32\apphelp.dll
0x00007ffce8a10000 - 0x00007ffce8aa5000 	C:\WINDOWS\system32\uxtheme.dll
0x00007ffced170000 - 0x00007ffced2d6000 	C:\WINDOWS\System32\MSCTF.dll
0x00007ffce7020000 - 0x00007ffce704a000 	C:\WINDOWS\system32\dwmapi.dll
0x00007ffced4d0000 - 0x00007ffced615000 	C:\WINDOWS\System32\ole32.dll
0x00000000750f0000 - 0x0000000075137000 	C:\Program Files\Java\jdk1.8.0_91\jre\bin\fontmanager.dll
0x00007ffcc8e70000 - 0x00007ffcc8f5f000 	C:\Users\Joao_\.javacpp\cache\opencv-windows-x86_64.jar\org\bytedeco\javacpp\windows-x86_64\msvcr120.dll
0x00007ffcc8cd0000 - 0x00007ffcc8d76000 	C:\Users\Joao_\.javacpp\cache\opencv-windows-x86_64.jar\org\bytedeco\javacpp\windows-x86_64\msvcp120.dll
0x00007ffcbf920000 - 0x00007ffcbfb9a000 	C:\Users\Joao_\.javacpp\cache\opencv-windows-x86_64.jar\org\bytedeco\javacpp\windows-x86_64\opencv_core310.dll
0x00007ffcbf5d0000 - 0x00007ffcbf912000 	C:\Users\Joao_\.javacpp\cache\opencv-windows-x86_64.jar\org\bytedeco\javacpp\windows-x86_64\opencv_imgproc310.dll
0x00007ffcba7d0000 - 0x00007ffcba9f7000 	C:\Users\Joao_\.javacpp\cache\opencv-windows-x86_64.jar\org\bytedeco\javacpp\windows-x86_64\jniopencv_core.dll
0x0000000075e70000 - 0x0000000075e8a000 	C:\Program Files\Java\jdk1.8.0_91\jre\bin\net.dll
0x00007ffce9850000 - 0x00007ffce98ac000 	C:\WINDOWS\system32\mswsock.dll
0x0000000075e50000 - 0x0000000075e61000 	C:\Program Files\Java\jdk1.8.0_91\jre\bin\nio.dll
0x00007ffcc8be0000 - 0x00007ffcc8ccd000 	C:\Users\Joao_\.javacpp\cache\opencv-windows-x86_64.jar\org\bytedeco\javacpp\windows-x86_64\jniopencv_imgproc.dll
0x00007ffcb7690000 - 0x00007ffcb7959000 	C:\Users\Joao_\.javacpp\cache\opencv-windows-x86_64.jar\org\bytedeco\javacpp\windows-x86_64\opencv_imgcodecs310.dll
0x00007ffce2580000 - 0x00007ffce25a5000 	C:\Users\Joao_\.javacpp\cache\opencv-windows-x86_64.jar\org\bytedeco\javacpp\windows-x86_64\jniopencv_imgcodecs.dll
0x00007ffcdee70000 - 0x00007ffcdeec3000 	C:\Users\Joao_\.javacpp\cache\opencv-windows-x86_64.jar\org\bytedeco\javacpp\windows-x86_64\opencv_videoio310.dll
0x00007ffce2660000 - 0x00007ffce267f000 	C:\WINDOWS\SYSTEM32\AVIFIL32.dll
0x00007ffcdef10000 - 0x00007ffcdef39000 	C:\WINDOWS\SYSTEM32\MSVFW32.dll
0x00007ffce2560000 - 0x00007ffce2578000 	C:\WINDOWS\SYSTEM32\AVICAP32.dll
0x00007ffce2140000 - 0x00007ffce215c000 	C:\WINDOWS\SYSTEM32\MSACM32.dll
0x00007ffce1450000 - 0x00007ffce1467000 	C:\Users\Joao_\.javacpp\cache\opencv-windows-x86_64.jar\org\bytedeco\javacpp\windows-x86_64\jniopencv_videoio.dll
0x00007ffcdba10000 - 0x00007ffcdba3c000 	C:\Users\Joao_\.javacpp\cache\opencv-windows-x86_64.jar\org\bytedeco\javacpp\windows-x86_64\opencv_highgui310.dll
0x00007ffcece10000 - 0x00007ffcecf18000 	C:\WINDOWS\System32\COMDLG32.dll
0x00007ffcd38a0000 - 0x00007ffcd38d5000 	C:\Users\Joao_\.javacpp\cache\opencv-windows-x86_64.jar\org\bytedeco\javacpp\windows-x86_64\jniopencv_highgui.dll
0x00007ffcc35e0000 - 0x00007ffcc36ad000 	C:\Users\Joao_\.javacpp\cache\opencv-windows-x86_64.jar\org\bytedeco\javacpp\windows-x86_64\opencv_ml310.dll
0x00007ffcd24b0000 - 0x00007ffcd24ef000 	C:\Users\Joao_\.javacpp\cache\opencv-windows-x86_64.jar\org\bytedeco\javacpp\windows-x86_64\jniopencv_ml.dll
0x00007ffcc32c0000 - 0x00007ffcc3356000 	C:\Users\Joao_\.javacpp\cache\opencv-windows-x86_64.jar\org\bytedeco\javacpp\windows-x86_64\opencv_objdetect310.dll
0x00007ffcc9220000 - 0x00007ffcc9274000 	C:\Users\Joao_\.javacpp\cache\opencv-windows-x86_64.jar\org\bytedeco\javacpp\windows-x86_64\jniopencv_objdetect.dll
0x00007ffcc33e0000 - 0x00007ffcc3426000 	C:\Users\Joao_\.javacpp\cache\opencv-windows-x86_64.jar\org\bytedeco\javacpp\windows-x86_64\opencv_face310.dll
0x00007ffcdff90000 - 0x00007ffcdffaa000 	C:\Users\Joao_\.javacpp\cache\opencv-windows-x86_64.jar\org\bytedeco\javacpp\windows-x86_64\jniopencv_face.dll
0x00007ffccc490000 - 0x00007ffccc4b6000 	C:\Users\Joao_\.javacpp\cache\videoinput-windows-x86_64.jar\org\bytedeco\javacpp\windows-x86_64\jnivideoInputLib.dll
0x00007ffceb700000 - 0x00007ffceb79e000 	C:\WINDOWS\System32\clbcatq.dll
0x00007ffcdfd50000 - 0x00007ffcdfd67000 	C:\Windows\System32\devenum.dll
0x00007ffced6f0000 - 0x00007ffcedb2b000 	C:\WINDOWS\System32\setupapi.dll
0x00007ffce91b0000 - 0x00007ffce91e1000 	C:\WINDOWS\SYSTEM32\ntmarta.dll
0x00000000750a0000 - 0x00000000750e2000 	C:\Program Files\Java\jdk1.8.0_91\jre\bin\t2k.dll
0x00007ffce8bc0000 - 0x00007ffce8be8000 	C:\WINDOWS\SYSTEM32\DEVOBJ.dll
0x00007ffcea2a0000 - 0x00007ffcea2f6000 	C:\WINDOWS\System32\WINTRUST.dll
0x00007ffcea030000 - 0x00007ffcea041000 	C:\WINDOWS\System32\MSASN1.dll
0x00007ffceaac0000 - 0x00007ffceac89000 	C:\WINDOWS\System32\CRYPT32.dll
0x00007ffce6410000 - 0x00007ffce641b000 	C:\WINDOWS\SYSTEM32\msdmo.dll
0x00007ffcc8fa0000 - 0x00007ffcc8fd2000 	C:\Windows\System32\qcap.dll
0x00007ffcbfcb0000 - 0x00007ffcbfe6c000 	C:\Windows\System32\quartz.dll
0x00007ffce9ea0000 - 0x00007ffce9ec5000 	C:\Windows\System32\bcrypt.dll
0x00007ffcc2b50000 - 0x00007ffcc2b9d000 	C:\Windows\System32\mfksproxy.dll
0x00007ffcd91b0000 - 0x00007ffcd91cc000 	C:\Windows\System32\ATL.DLL
0x00007ffce2300000 - 0x00007ffce2332000 	C:\Windows\System32\MFSENSORGROUP.dll
0x00007ffcda2e0000 - 0x00007ffcda480000 	C:\Windows\System32\MFPlat.DLL
0x00007ffcdd650000 - 0x00007ffcdd682000 	C:\Windows\System32\RTWorkQ.DLL
0x00007ffcc2b00000 - 0x00007ffcc2b48000 	C:\Windows\System32\ksproxy.ax
0x00007ffcb9410000 - 0x00007ffcb9599000 	C:\Windows\System32\d3d9.dll
0x00007ffce2170000 - 0x00007ffce2179000 	C:\Windows\System32\ksuser.dll
0x00007ffce5db0000 - 0x00007ffce5e27000 	C:\WINDOWS\SYSTEM32\policymanager.dll
0x00007ffce5d20000 - 0x00007ffce5daf000 	C:\Windows\System32\msvcp110_win.dll
0x00007ffce3bd0000 - 0x00007ffce3d7c000 	C:\WINDOWS\SYSTEM32\WindowsCodecs.dll
0x00007ffcd8720000 - 0x00007ffcd8767000 	C:\WINDOWS\system32\dataexchange.dll
0x00007ffce8100000 - 0x00007ffce8222000 	C:\WINDOWS\system32\dcomp.dll
0x00007ffce7780000 - 0x00007ffce7a5f000 	C:\WINDOWS\system32\d3d11.dll
0x00007ffce8f20000 - 0x00007ffce8fc4000 	C:\WINDOWS\system32\dxgi.dll
0x00007ffce88a0000 - 0x00007ffce8a10000 	C:\WINDOWS\system32\twinapi.appcore.dll
0x00007ffce4e40000 - 0x00007ffce4ec2000 	C:\WINDOWS\System32\TextInputFramework.dll
0x00007ffce8010000 - 0x00007ffce80f3000 	C:\WINDOWS\System32\CoreMessaging.dll
0x00007ffce2910000 - 0x00007ffce2be2000 	C:\WINDOWS\System32\CoreUIComponents.dll
0x00007ffce6cc0000 - 0x00007ffce6cd5000 	C:\WINDOWS\SYSTEM32\usermgrcli.dll
0x00007ffce6030000 - 0x00007ffce6169000 	C:\WINDOWS\SYSTEM32\wintypes.dll
0x0000000075070000 - 0x000000007509a000 	C:\Program Files\Java\jdk1.8.0_91\jre\bin\dcpr.dll
0x00007ffce22c0000 - 0x00007ffce22cc000 	C:\Windows\System32\vidcap.ax
0x00007ffcc92c0000 - 0x00007ffcc92e6000 	C:\Windows\System32\kswdmcap.ax
0x00007ffcbffe0000 - 0x00007ffcc0144000 	C:\Windows\System32\MFC42.dll
0x00007ffcc1db0000 - 0x00007ffcc1e4f000 	C:\Windows\System32\qedit.dll
0x00007ffcd7260000 - 0x00007ffcd73f5000 	C:\WINDOWS\WinSxS\amd64_microsoft.windows.gdiplus_6595b64144ccf1df_1.1.15063.608_none_56f0266b425534e9\gdiplus.dll
0x00007ffcc1920000 - 0x00007ffcc1a16000 	C:\Windows\System32\DDRAW.dll
0x00007ffce2290000 - 0x00007ffce2298000 	C:\Windows\System32\DCIMAN32.dll
0x00007ffcb9c80000 - 0x00007ffcb9e97000 	C:\Program Files (x86)\K-Lite Codec Pack\Filters\DirectVobSub64\vsfilter.dll
0x00007ffcd8db0000 - 0x00007ffcd8e1b000 	C:\WINDOWS\SYSTEM32\OLEACC.dll
0x00007ffcd9580000 - 0x00007ffcd960a000 	C:\WINDOWS\SYSTEM32\WINSPOOL.DRV
0x00007ffcd8970000 - 0x00007ffcd8c9e000 	C:\WINDOWS\SYSTEM32\WININET.dll
0x00007ffce1490000 - 0x00007ffce149c000 	C:\WINDOWS\SYSTEM32\msyuv.dll
0x00007ffcde610000 - 0x00007ffcde7b9000 	C:\WINDOWS\SYSTEM32\dbghelp.dll

VM Arguments:
jvm_args: -Dfile.encoding=UTF-8 -Djava.library.path=C:\opencv\build\java\x64 
java_command: main.main
java_class_path (initial): C:\Users\Joao_\Downloads\javacpp-1.3-bin\javacpp-bin\javacpp.jar;C:\Users\Joao_\Downloads\javacv-platform-1.3-bin\javacv-bin\opencv-windows-x86_64.jar;C:\Users\Joao_\Downloads\javacv-platform-1.3-bin\javacv-bin\videoinput-windows-x86_64.jar;C:\Users\Joao_\Downloads\javacv-platform-1.3-bin\javacv-bin\artoolkitplus-windows-x86_64.jar;C:\Users\Joao_\Downloads\javacv-platform-1.3-bin\javacv-bin\ffmpeg-windows-x86_64.jar;C:\Users\Joao_\Downloads\javacv-platform-1.3-bin\javacv-bin\flandmark-windows-x86_64.jar;C:\Users\Joao_\Downloads\javacv-platform-1.3-bin\javacv-bin\flycapture-windows-x86_64.jar;C:\Users\Joao_\Downloads\javacv-platform-1.3-bin\javacv-bin\javacv-platform.jar;C:\Users\Joao_\Downloads\javacv-platform-1.3-bin\javacv-bin\javacv.jar;C:\Users\Joao_\Downloads\javacv-platform-1.3-bin\javacv-bin\libdc1394-windows-x86_64.jar;C:\Users\Joao_\Downloads\javacv-platform-1.3-bin\javacv-bin\libfreenect-platform.jar;C:\Users\Joao_\Downloads\javacv-platform-1.3-bin\javacv-bin\libfreenect-windows-x86_64.jar;C:\Users\Joao_\Downloads\javacv-platform-1.3-bin\javacv-bin\librealsense-platform.jar;C:\Users\Joao_\Downloads\javacv-platform-1.3-bin\javacv-bin\librealsense.jar;C:\Users\Joao_\Downloads\javacv-platform-1.3-bin\javacv-bin\opencv.jar;C:\Users\Joao_\Downloads\javacv-platform-1.3-bin\javacv-bin\videoinput.jar;C:\TCC.UniSecurity\build\classes
Launcher Type: SUN_STANDARD

Environment Variables:
PATH=C:\ProgramData\Oracle\Java\javapath;C:\WINDOWS\system32;C:\WINDOWS;C:\WINDOWS\System32\Wbem;C:\WINDOWS\System32\WindowsPowerShell\v1.0\;C:\Program Files (x86)\Skype\Phone\;C:\Program Files\Microsoft SQL Server\120\DTS\Binn\;C:\Program Files\Microsoft SQL Server\Client SDK\ODBC\110\Tools\Binn\;C:\Program Files (x86)\Microsoft SQL Server\120\Tools\Binn\;C:\Program Files\Microsoft SQL Server\120\Tools\Binn\;C:\Program Files (x86)\Microsoft SQL Server\120\Tools\Binn\ManagementStudio\;C:\Program Files (x86)\Microsoft SQL Server\120\DTS\Binn\;C:\Program Files\CMake\bin;C:\opencv\build\x64\vc14\bin;C:\Users\Joao_\AppData\Local\Programs\Python\Python37\Scripts\;C:\Users\Joao_\AppData\Local\Programs\Python\Python37\;C:\Users\Joao_\AppData\Local\Microsoft\WindowsApps;
USERNAME=Joao_
OS=Windows_NT
PROCESSOR_IDENTIFIER=Intel64 Family 6 Model 58 Stepping 9, GenuineIntel



---------------  S Y S T E M  ---------------

OS: Windows 10.0 , 64 bit Build 15063 (10.0.15063.296)

CPU:total 4 (2 cores per cpu, 2 threads per core) family 6 model 58 stepping 9, cmov, cx8, fxsr, mmx, sse, sse2, sse3, ssse3, sse4.1, sse4.2, popcnt, avx, aes, clmul, erms, ht, tsc, tscinvbit, tscinv

Memory: 4k page, physical 4092772k(672156k free), swap 5534564k(953784k free)

vm_info: Java HotSpot(TM) 64-Bit Server VM (25.91-b14) for windows-amd64 JRE (1.8.0_91-b14), built on Apr  1 2016 00:58:32 by "java_re" with MS VC++ 10.0 (VS2010)

time: Thu Oct 19 23:33:23 2017
elapsed time: 32 seconds (0d 0h 0m 32s)

