#
# A fatal error has been detected by the Java Runtime Environment:
#
#  EXCEPTION_UNCAUGHT_CXX_EXCEPTION (0xe06d7363) at pc=0x00007ffceaea9e08, pid=10044, tid=3652
#
# JRE version: Java(TM) SE Runtime Environment (8.0_91-b14) (build 1.8.0_91-b14)
# Java VM: Java HotSpot(TM) 64-Bit Server VM (25.91-b14 mixed mode windows-amd64 compressed oops)
# Problematic frame:
# C  [KERNELBASE.dll+0x69e08]
#
# Failed to write core dump. Minidumps are not enabled by default on client versions of Windows
#
# If you would like to submit a bug report, please visit:
#   http://bugreport.java.com/bugreport/crash.jsp
# The crash happened outside the Java Virtual Machine in native code.
# See problematic frame for where to report the bug.
#

---------------  T H R E A D  ---------------

Current thread (0x00000000180a7000):  JavaThread "pool-1-thread-1" [_thread_in_native, id=3652, stack(0x000000002ef50000,0x000000002f050000)]

siginfo: ExceptionCode=0xe06d7363, ExceptionInformation=0x0000000019930520 0x000000002f03c6b0 0x00007ffcbf940668 0x00007ffcbf700000 

Registers:
RAX=0x0000000000000000, RBX=0x00007ffcbf940668, RCX=0x0000000000000000, RDX=0x00000000000000ff
RSP=0x000000002f03c520, RBP=0x000000002f03c660, RSI=0x00007ffcb7f25b60, RDI=0x000000002f03c6b0
R8 =0xffffffa100000000, R9 =0x0000000000000000, R10=0x00000000004e7db8, R11=0x00000000004e0150
R12=0x00000000ffffff29, R13=0x0000000000000000, R14=0x00007ffcb7f25800, R15=0x000000002f04cbd8
RIP=0x00007ffceaea9e08, EFLAGS=0x0000000000000202

Top of Stack: (sp=0x000000002f03c520)
0x000000002f03c520:   0000000000000000 00007ffcbf940668
0x000000002f03c530:   00007ffcb7f25b60 000000002f03c6b0
0x000000002f03c540:   00000001e06d7363 0000000000000000
0x000000002f03c550:   00007ffceaea9e08 0000000000000004
0x000000002f03c560:   0000000019930520 000000002f03c6b0
0x000000002f03c570:   00007ffcbf940668 00007ffcbf700000
0x000000002f03c580:   00007ffcb7f25800 00000000ffffff29
0x000000002f03c590:   000000002f03c6b0 00007ffcb7f25b60
0x000000002f03c5a0:   000000002f03c660 00007ffcedb4ba13
0x000000002f03c5b0:   000000002f03c670 00007ffc00000000
0x000000002f03c5c0:   000000002f03c6b0 00007ffcc8ecd306
0x000000002f03c5d0:   00007ffcbf961000 00007ffcbf700000
0x000000002f03c5e0:   0000a8af28d3e89c 00007ffcc8f4c4d0
0x000000002f03c5f0:   00007ffcbf940668 00007ffcc8ecef63
0x000000002f03c600:   000000002f03c6b0 00007ffcc8e9eb8d
0x000000002f03c610:   00007ffcc8f4c4d0 00007ffcb7f25b60 

Instructions: (pc=0x00007ffceaea9e08)
0x00007ffceaea9de8:   49 8b d1 44 0f 47 c0 44 89 44 24 38 49 c1 e0 03
0x00007ffceaea9df8:   e8 1b db 01 00 48 8d 4c 24 20 ff 15 f0 c7 0f 00
0x00007ffceaea9e08:   48 8b 8c 24 c0 00 00 00 48 33 cc e8 78 b0 01 00
0x00007ffceaea9e18:   48 81 c4 d8 00 00 00 c3 83 64 24 38 00 eb d6 cc 


Register to memory mapping:

RAX=0x0000000000000000 is an unknown value
RBX=0x00007ffcbf940668 is an unknown value
RCX=0x0000000000000000 is an unknown value
RDX=0x00000000000000ff is an unknown value
RSP=0x000000002f03c520 is pointing into the stack for thread: 0x00000000180a7000
RBP=0x000000002f03c660 is pointing into the stack for thread: 0x00000000180a7000
RSI=0x00007ffcb7f25b60 is an unknown value
RDI=0x000000002f03c6b0 is pointing into the stack for thread: 0x00000000180a7000
R8 =0xffffffa100000000 is an unknown value
R9 =0x0000000000000000 is an unknown value
R10=0x00000000004e7db8 is an unknown value
R11=0x00000000004e0150 is an unknown value
R12=0x00000000ffffff29 is an unallocated location in the heap
R13=0x0000000000000000 is an unknown value
R14=0x00007ffcb7f25800 is an unknown value
R15=0x000000002f04cbd8 is pointing into the stack for thread: 0x00000000180a7000


Stack: [0x000000002ef50000,0x000000002f050000],  sp=0x000000002f03c520,  free space=945k
Native frames: (J=compiled Java code, j=interpreted, Vv=VM code, C=native code)
C  [KERNELBASE.dll+0x69e08]
C  [msvcr120.dll+0x5ef63]
C  [opencv_core310.dll+0x19b654]
C  [opencv_core310.dll+0x19b796]
C  [opencv_imgproc310.dll+0x46ed9]
C  [opencv_imgproc310.dll+0x4d015]
C  [jniopencv_imgproc.dll+0x7d4fd]
C  0x0000000002497f54

Java frames: (J=compiled Java code, j=interpreted, Vv=VM code)
j  org.bytedeco.javacpp.opencv_imgproc.cvCvtColor(Lorg/bytedeco/javacpp/helper/opencv_core$CvArr;Lorg/bytedeco/javacpp/helper/opencv_core$CvArr;I)V+0
j  processing.FacePanel.preprocessImage(Lorg/bytedeco/javacpp/opencv_core$IplImage;)Lorg/bytedeco/javacpp/opencv_core$IplImage;+97
j  processing.FacePanel$2.run()V+52
j  java.util.concurrent.ThreadPoolExecutor.runWorker(Ljava/util/concurrent/ThreadPoolExecutor$Worker;)V+95
j  java.util.concurrent.ThreadPoolExecutor$Worker.run()V+5
j  java.lang.Thread.run()V+11
v  ~StubRoutines::call_stub

---------------  P R O C E S S  ---------------

Java Threads: ( => current thread )
=>0x00000000180a7000 JavaThread "pool-1-thread-1" [_thread_in_native, id=3652, stack(0x000000002ef50000,0x000000002f050000)]
  0x0000000016f5e000 JavaThread "TimerQueue" daemon [_thread_blocked, id=7716, stack(0x000000002c640000,0x000000002c740000)]
  0x00000000187a8000 JavaThread "Thread-1" [_thread_in_native, id=1644, stack(0x000000001a350000,0x000000001a450000)]
  0x000000000227d800 JavaThread "DestroyJavaVM" [_thread_blocked, id=3376, stack(0x0000000002280000,0x0000000002380000)]
  0x0000000016ee2800 JavaThread "AWT-EventQueue-0" [_thread_blocked, id=10016, stack(0x0000000019250000,0x0000000019350000)]
  0x0000000016e49000 JavaThread "JavaCPP Deallocator" daemon [_thread_blocked, id=5068, stack(0x0000000019040000,0x0000000019140000)]
  0x0000000016c0b800 JavaThread "AWT-Windows" daemon [_thread_in_native, id=216, stack(0x00000000177b0000,0x00000000178b0000)]
  0x0000000016c09000 JavaThread "AWT-Shutdown" [_thread_blocked, id=7708, stack(0x00000000176b0000,0x00000000177b0000)]
  0x0000000016c08000 JavaThread "Java2D Disposer" daemon [_thread_blocked, id=9896, stack(0x00000000175b0000,0x00000000176b0000)]
  0x0000000014ace800 JavaThread "Service Thread" daemon [_thread_blocked, id=9364, stack(0x00000000167d0000,0x00000000168d0000)]
  0x0000000014a73800 JavaThread "C1 CompilerThread2" daemon [_thread_blocked, id=3800, stack(0x00000000162d0000,0x00000000163d0000)]
  0x0000000014a70800 JavaThread "C2 CompilerThread1" daemon [_thread_blocked, id=1196, stack(0x00000000161d0000,0x00000000162d0000)]
  0x0000000014a6d800 JavaThread "C2 CompilerThread0" daemon [_thread_blocked, id=6224, stack(0x00000000160d0000,0x00000000161d0000)]
  0x0000000014a6c000 JavaThread "Attach Listener" daemon [_thread_blocked, id=828, stack(0x0000000015fd0000,0x00000000160d0000)]
  0x0000000014a6b000 JavaThread "Signal Dispatcher" daemon [_thread_blocked, id=6300, stack(0x0000000015ed0000,0x0000000015fd0000)]
  0x0000000014a59000 JavaThread "Finalizer" daemon [_thread_blocked, id=3648, stack(0x0000000015ce0000,0x0000000015de0000)]
  0x0000000002471000 JavaThread "Reference Handler" daemon [_thread_blocked, id=8296, stack(0x0000000015be0000,0x0000000015ce0000)]

Other Threads:
  0x0000000014a37000 VMThread [stack: 0x0000000015ae0000,0x0000000015be0000] [id=848]
  0x0000000016417000 WatcherThread [stack: 0x00000000168d0000,0x00000000169d0000] [id=7608]

VM state:not at safepoint (normal execution)

VM Mutex/Monitor currently owned by a thread: None

Heap:
 PSYoungGen      total 22016K, used 8321K [0x00000000eb300000, 0x00000000ed200000, 0x0000000100000000)
  eden space 15360K, 10% used [0x00000000eb300000,0x00000000eb4a11b8,0x00000000ec200000)
  from space 6656K, 99% used [0x00000000ec980000,0x00000000ecfff530,0x00000000ed000000)
  to   space 7680K, 0% used [0x00000000ec200000,0x00000000ec200000,0x00000000ec980000)
 ParOldGen       total 44032K, used 5125K [0x00000000c1800000, 0x00000000c4300000, 0x00000000eb300000)
  object space 44032K, 11% used [0x00000000c1800000,0x00000000c1d017c0,0x00000000c4300000)
 Metaspace       used 15627K, capacity 15814K, committed 16128K, reserved 1062912K
  class space    used 1909K, capacity 1964K, committed 2048K, reserved 1048576K

Card table byte_map: [0x0000000011840000,0x0000000011a40000] byte_map_base: 0x0000000011234000

Marking Bits: (ParMarkBitMap*) 0x0000000075bd2f70
 Begin Bits: [0x0000000011f90000, 0x0000000012f30000)
 End Bits:   [0x0000000012f30000, 0x0000000013ed0000)

Polling page: 0x0000000000830000

CodeCache: size=245760Kb used=5281Kb max_used=5281Kb free=240478Kb
 bounds [0x0000000002480000, 0x00000000029b0000, 0x0000000011480000]
 total_blobs=2117 nmethods=1499 adapters=530
 compilation: enabled

Compilation events (10 events):
Event: 8.891 Thread 0x0000000014a73800 1487       1       sun.nio.cs.StreamEncoder::isOpen (5 bytes)
Event: 8.891 Thread 0x0000000014a73800 nmethod 1487 0x00000000029a0c90 code [0x00000000029a0de0, 0x00000000029a0ef0]
Event: 8.891 Thread 0x0000000014a73800 1490       1       java.awt.image.ComponentSampleModel::getPixelStride (5 bytes)
Event: 8.891 Thread 0x0000000014a73800 nmethod 1490 0x00000000029a2450 code [0x00000000029a25a0, 0x00000000029a26b0]
Event: 8.891 Thread 0x0000000014a73800 1489       1       java.awt.image.ComponentSampleModel::getScanlineStride (5 bytes)
Event: 8.891 Thread 0x0000000014a70800 nmethod 1493 0x00000000029a3e90 code [0x00000000029a3fc0, 0x00000000029a4058]
Event: 8.891 Thread 0x0000000014a73800 nmethod 1489 0x00000000029a2190 code [0x00000000029a22e0, 0x00000000029a23f0]
Event: 8.891 Thread 0x0000000014a70800 1496       4       java.nio.HeapByteBuffer::get (14 bytes)
Event: 8.892 Thread 0x0000000014a70800 nmethod 1496 0x00000000029a1e90 code [0x00000000029a1fc0, 0x00000000029a2098]
Event: 8.892 Thread 0x0000000014a70800 1497       4       java.nio.DirectByteBuffer::put (17 bytes)

GC Heap History (10 events):
Event: 0.631 GC heap before
{Heap before GC invocations=1 (full 0):
 PSYoungGen      total 18944K, used 16384K [0x00000000eb300000, 0x00000000ec800000, 0x0000000100000000)
  eden space 16384K, 100% used [0x00000000eb300000,0x00000000ec300000,0x00000000ec300000)
  from space 2560K, 0% used [0x00000000ec580000,0x00000000ec580000,0x00000000ec800000)
  to   space 2560K, 0% used [0x00000000ec300000,0x00000000ec300000,0x00000000ec580000)
 ParOldGen       total 44032K, used 0K [0x00000000c1800000, 0x00000000c4300000, 0x00000000eb300000)
  object space 44032K, 0% used [0x00000000c1800000,0x00000000c1800000,0x00000000c4300000)
 Metaspace       used 11182K, capacity 11338K, committed 11520K, reserved 1058816K
  class space    used 1334K, capacity 1415K, committed 1536K, reserved 1048576K
Event: 0.635 GC heap after
Heap after GC invocations=1 (full 0):
 PSYoungGen      total 18944K, used 2537K [0x00000000eb300000, 0x00000000ec800000, 0x0000000100000000)
  eden space 16384K, 0% used [0x00000000eb300000,0x00000000eb300000,0x00000000ec300000)
  from space 2560K, 99% used [0x00000000ec300000,0x00000000ec57a580,0x00000000ec580000)
  to   space 2560K, 0% used [0x00000000ec580000,0x00000000ec580000,0x00000000ec800000)
 ParOldGen       total 44032K, used 687K [0x00000000c1800000, 0x00000000c4300000, 0x00000000eb300000)
  object space 44032K, 1% used [0x00000000c1800000,0x00000000c18abce0,0x00000000c4300000)
 Metaspace       used 11182K, capacity 11338K, committed 11520K, reserved 1058816K
  class space    used 1334K, capacity 1415K, committed 1536K, reserved 1048576K
}
Event: 3.973 GC heap before
{Heap before GC invocations=2 (full 0):
 PSYoungGen      total 18944K, used 18921K [0x00000000eb300000, 0x00000000ec800000, 0x0000000100000000)
  eden space 16384K, 100% used [0x00000000eb300000,0x00000000ec300000,0x00000000ec300000)
  from space 2560K, 99% used [0x00000000ec300000,0x00000000ec57a580,0x00000000ec580000)
  to   space 2560K, 0% used [0x00000000ec580000,0x00000000ec580000,0x00000000ec800000)
 ParOldGen       total 44032K, used 687K [0x00000000c1800000, 0x00000000c4300000, 0x00000000eb300000)
  object space 44032K, 1% used [0x00000000c1800000,0x00000000c18abce0,0x00000000c4300000)
 Metaspace       used 15039K, capacity 15202K, committed 15616K, reserved 1062912K
  class space    used 1861K, capacity 1932K, committed 2048K, reserved 1048576K
Event: 3.980 GC heap after
Heap after GC invocations=2 (full 0):
 PSYoungGen      total 18944K, used 2537K [0x00000000eb300000, 0x00000000ec800000, 0x0000000100000000)
  eden space 16384K, 0% used [0x00000000eb300000,0x00000000eb300000,0x00000000ec300000)
  from space 2560K, 99% used [0x00000000ec580000,0x00000000ec7fa710,0x00000000ec800000)
  to   space 2560K, 0% used [0x00000000ec300000,0x00000000ec300000,0x00000000ec580000)
 ParOldGen       total 44032K, used 4417K [0x00000000c1800000, 0x00000000c4300000, 0x00000000eb300000)
  object space 44032K, 10% used [0x00000000c1800000,0x00000000c1c505d0,0x00000000c4300000)
 Metaspace       used 15039K, capacity 15202K, committed 15616K, reserved 1062912K
  class space    used 1861K, capacity 1932K, committed 2048K, reserved 1048576K
}
Event: 5.001 GC heap before
{Heap before GC invocations=3 (full 0):
 PSYoungGen      total 18944K, used 17876K [0x00000000eb300000, 0x00000000ec800000, 0x0000000100000000)
  eden space 16384K, 93% used [0x00000000eb300000,0x00000000ec1fabb0,0x00000000ec300000)
  from space 2560K, 99% used [0x00000000ec580000,0x00000000ec7fa710,0x00000000ec800000)
  to   space 2560K, 0% used [0x00000000ec300000,0x00000000ec300000,0x00000000ec580000)
 ParOldGen       total 44032K, used 4417K [0x00000000c1800000, 0x00000000c4300000, 0x00000000eb300000)
  object space 44032K, 10% used [0x00000000c1800000,0x00000000c1c505d0,0x00000000c4300000)
 Metaspace       used 15272K, capacity 15462K, committed 15872K, reserved 1062912K
  class space    used 1882K, capacity 1932K, committed 2048K, reserved 1048576K
Event: 5.006 GC heap after
Heap after GC invocations=3 (full 0):
 PSYoungGen      total 18944K, used 2537K [0x00000000eb300000, 0x00000000ec800000, 0x0000000100000000)
  eden space 16384K, 0% used [0x00000000eb300000,0x00000000eb300000,0x00000000ec300000)
  from space 2560K, 99% used [0x00000000ec300000,0x00000000ec57a710,0x00000000ec580000)
  to   space 2560K, 0% used [0x00000000ec580000,0x00000000ec580000,0x00000000ec800000)
 ParOldGen       total 44032K, used 4742K [0x00000000c1800000, 0x00000000c4300000, 0x00000000eb300000)
  object space 44032K, 10% used [0x00000000c1800000,0x00000000c1ca1a10,0x00000000c4300000)
 Metaspace       used 15272K, capacity 15462K, committed 15872K, reserved 1062912K
  class space    used 1882K, capacity 1932K, committed 2048K, reserved 1048576K
}
Event: 6.290 GC heap before
{Heap before GC invocations=4 (full 0):
 PSYoungGen      total 18944K, used 18763K [0x00000000eb300000, 0x00000000ec800000, 0x0000000100000000)
  eden space 16384K, 99% used [0x00000000eb300000,0x00000000ec2d8520,0x00000000ec300000)
  from space 2560K, 99% used [0x00000000ec300000,0x00000000ec57a710,0x00000000ec580000)
  to   space 2560K, 0% used [0x00000000ec580000,0x00000000ec580000,0x00000000ec800000)
 ParOldGen       total 44032K, used 4742K [0x00000000c1800000, 0x00000000c4300000, 0x00000000eb300000)
  object space 44032K, 10% used [0x00000000c1800000,0x00000000c1ca1a10,0x00000000c4300000)
 Metaspace       used 15443K, capacity 15622K, committed 15872K, reserved 1062912K
  class space    used 1906K, capacity 1964K, committed 2048K, reserved 1048576K
Event: 6.292 GC heap after
Heap after GC invocations=4 (full 0):
 PSYoungGen      total 18944K, used 2537K [0x00000000eb300000, 0x00000000ec800000, 0x0000000100000000)
  eden space 16384K, 0% used [0x00000000eb300000,0x00000000eb300000,0x00000000ec300000)
  from space 2560K, 99% used [0x00000000ec580000,0x00000000ec7fa710,0x00000000ec800000)
  to   space 2560K, 0% used [0x00000000ec300000,0x00000000ec300000,0x00000000ec580000)
 ParOldGen       total 44032K, used 5043K [0x00000000c1800000, 0x00000000c4300000, 0x00000000eb300000)
  object space 44032K, 11% used [0x00000000c1800000,0x00000000c1cece50,0x00000000c4300000)
 Metaspace       used 15443K, capacity 15622K, committed 15872K, reserved 1062912K
  class space    used 1906K, capacity 1964K, committed 2048K, reserved 1048576K
}
Event: 7.609 GC heap before
{Heap before GC invocations=5 (full 0):
 PSYoungGen      total 18944K, used 18250K [0x00000000eb300000, 0x00000000ec800000, 0x0000000100000000)
  eden space 16384K, 95% used [0x00000000eb300000,0x00000000ec258328,0x00000000ec300000)
  from space 2560K, 99% used [0x00000000ec580000,0x00000000ec7fa710,0x00000000ec800000)
  to   space 2560K, 0% used [0x00000000ec300000,0x00000000ec300000,0x00000000ec580000)
 ParOldGen       total 44032K, used 5043K [0x00000000c1800000, 0x00000000c4300000, 0x00000000eb300000)
  object space 44032K, 11% used [0x00000000c1800000,0x00000000c1cece50,0x00000000c4300000)
 Metaspace       used 15513K, capacity 15686K, committed 15872K, reserved 1062912K
  class space    used 1906K, capacity 1964K, committed 2048K, reserved 1048576K
Event: 7.614 GC heap after
Heap after GC invocations=5 (full 0):
 PSYoungGen      total 18944K, used 2537K [0x00000000eb300000, 0x00000000ed000000, 0x0000000100000000)
  eden space 16384K, 0% used [0x00000000eb300000,0x00000000eb300000,0x00000000ec300000)
  from space 2560K, 99% used [0x00000000ec300000,0x00000000ec57a710,0x00000000ec580000)
  to   space 6656K, 0% used [0x00000000ec980000,0x00000000ec980000,0x00000000ed000000)
 ParOldGen       total 44032K, used 5117K [0x00000000c1800000, 0x00000000c4300000, 0x00000000eb300000)
  object space 44032K, 11% used [0x00000000c1800000,0x00000000c1cff7c0,0x00000000c4300000)
 Metaspace       used 15513K, capacity 15686K, committed 15872K, reserved 1062912K
  class space    used 1906K, capacity 1964K, committed 2048K, reserved 1048576K
}

Deoptimization events (10 events):
Event: 2.683 Thread 0x0000000016ee2800 Uncommon trap: reason=unstable_if action=reinterpret pc=0x000000000281e7c4 method=java.awt.MultipleGradientPaintContext.indexIntoGradientsArrays(F)I @ 93
Event: 5.474 Thread 0x0000000016ee2800 Uncommon trap: reason=class_check action=maybe_recompile pc=0x0000000002618568 method=java.lang.String.equals(Ljava/lang/Object;)Z @ 8
Event: 5.474 Thread 0x0000000016ee2800 Uncommon trap: reason=class_check action=maybe_recompile pc=0x0000000002618568 method=java.lang.String.equals(Ljava/lang/Object;)Z @ 8
Event: 5.642 Thread 0x0000000016ee2800 Uncommon trap: reason=class_check action=maybe_recompile pc=0x0000000002618568 method=java.lang.String.equals(Ljava/lang/Object;)Z @ 8
Event: 5.642 Thread 0x0000000016ee2800 Uncommon trap: reason=class_check action=maybe_recompile pc=0x0000000002618568 method=java.lang.String.equals(Ljava/lang/Object;)Z @ 8
Event: 8.890 Thread 0x00000000180a7000 Uncommon trap: reason=predicate action=maybe_recompile pc=0x00000000028738e0 method=org.bytedeco.javacv.Java2DFrameConverter.flipCopyWithGamma(Ljava/nio/ByteBuffer;ILjava/nio/ByteBuffer;IZDZI)V @ 491
Event: 8.890 Thread 0x00000000180a7000 Uncommon trap: reason=class_check action=maybe_recompile pc=0x00000000028776e8 method=org.bytedeco.javacv.Java2DFrameConverter.flipCopyWithGamma(Ljava/nio/ByteBuffer;ILjava/nio/ByteBuffer;IZDZI)V @ 492
Event: 8.891 Thread 0x00000000180a7000 Uncommon trap: reason=class_check action=maybe_recompile pc=0x00000000028776e8 method=org.bytedeco.javacv.Java2DFrameConverter.flipCopyWithGamma(Ljava/nio/ByteBuffer;ILjava/nio/ByteBuffer;IZDZI)V @ 492
Event: 8.891 Thread 0x00000000180a7000 Uncommon trap: reason=class_check action=maybe_recompile pc=0x00000000028776e8 method=org.bytedeco.javacv.Java2DFrameConverter.flipCopyWithGamma(Ljava/nio/ByteBuffer;ILjava/nio/ByteBuffer;IZDZI)V @ 492
Event: 8.891 Thread 0x00000000180a7000 Uncommon trap: reason=class_check action=maybe_recompile pc=0x00000000028776e8 method=org.bytedeco.javacv.Java2DFrameConverter.flipCopyWithGamma(Ljava/nio/ByteBuffer;ILjava/nio/ByteBuffer;IZDZI)V @ 492

Internal exceptions (10 events):
Event: 0.325 Thread 0x000000000227d800 Exception <a 'java/lang/ClassNotFoundException': javax/swing/JToolBarSeparator> (0x00000000eb7854f8) thrown at [C:\re\workspace\8-2-build-windows-amd64-cygwin\jdk8u91\6644\hotspot\src\share\vm\classfile\systemDictionary.cpp, line 210]
Event: 0.325 Thread 0x000000000227d800 Exception <a 'java/lang/ClassNotFoundException': ToolBarSeparator> (0x00000000eb785990) thrown at [C:\re\workspace\8-2-build-windows-amd64-cygwin\jdk8u91\6644\hotspot\src\share\vm\classfile\systemDictionary.cpp, line 210]
Event: 0.325 Thread 0x000000000227d800 Exception <a 'java/lang/ClassNotFoundException': ToolTip> (0x00000000eb7860d0) thrown at [C:\re\workspace\8-2-build-windows-amd64-cygwin\jdk8u91\6644\hotspot\src\share\vm\classfile\systemDictionary.cpp, line 210]
Event: 0.326 Thread 0x000000000227d800 Exception <a 'java/lang/ClassNotFoundException': Tree> (0x00000000eb786cf0) thrown at [C:\re\workspace\8-2-build-windows-amd64-cygwin\jdk8u91\6644\hotspot\src\share\vm\classfile\systemDictionary.cpp, line 210]
Event: 0.326 Thread 0x000000000227d800 Exception <a 'java/lang/ClassNotFoundException': Tree> (0x00000000eb787430) thrown at [C:\re\workspace\8-2-build-windows-amd64-cygwin\jdk8u91\6644\hotspot\src\share\vm\classfile\systemDictionary.cpp, line 210]
Event: 0.326 Thread 0x000000000227d800 Exception <a 'java/lang/ClassNotFoundException': javax/swing/JTreeCell> (0x00000000eb7877b0) thrown at [C:\re\workspace\8-2-build-windows-amd64-cygwin\jdk8u91\6644\hotspot\src\share\vm\classfile\systemDictionary.cpp, line 210]
Event: 0.326 Thread 0x000000000227d800 Exception <a 'java/lang/ClassNotFoundException': TreeCell> (0x00000000eb787c38) thrown at [C:\re\workspace\8-2-build-windows-amd64-cygwin\jdk8u91\6644\hotspot\src\share\vm\classfile\systemDictionary.cpp, line 210]
Event: 0.326 Thread 0x000000000227d800 Exception <a 'java/lang/ClassNotFoundException': RootPane> (0x00000000eb788698) thrown at [C:\re\workspace\8-2-build-windows-amd64-cygwin\jdk8u91\6644\hotspot\src\share\vm\classfile\systemDictionary.cpp, line 210]
Event: 0.689 Thread 0x0000000016ee2800 Implicit null exception at 0x0000000002692396 to 0x00000000026926d5
Event: 0.690 Thread 0x0000000016ee2800 Implicit null exception at 0x000000000266e116 to 0x000000000266e441

Events (10 events):
Event: 8.890 Thread 0x00000000180a7000 DEOPT UNPACKING pc=0x00000000024c582a sp=0x000000002f04ef18 mode 2
Event: 8.891 Thread 0x00000000180a7000 Uncommon trap: trap_request=0xffffffde fr.pc=0x00000000028776e8
Event: 8.891 Thread 0x00000000180a7000 DEOPT PACKING pc=0x00000000028776e8 sp=0x000000002f04ef30
Event: 8.891 Thread 0x00000000180a7000 DEOPT UNPACKING pc=0x00000000024c582a sp=0x000000002f04ef18 mode 2
Event: 8.891 Thread 0x00000000180a7000 Uncommon trap: trap_request=0xffffffde fr.pc=0x00000000028776e8
Event: 8.891 Thread 0x00000000180a7000 DEOPT PACKING pc=0x00000000028776e8 sp=0x000000002f04ef30
Event: 8.891 Thread 0x00000000180a7000 DEOPT UNPACKING pc=0x00000000024c582a sp=0x000000002f04ef18 mode 2
Event: 8.891 Thread 0x00000000180a7000 Uncommon trap: trap_request=0xffffffde fr.pc=0x00000000028776e8
Event: 8.891 Thread 0x00000000180a7000 DEOPT PACKING pc=0x00000000028776e8 sp=0x000000002f04ef30
Event: 8.891 Thread 0x00000000180a7000 DEOPT UNPACKING pc=0x00000000024c582a sp=0x000000002f04ef18 mode 2


Dynamic libraries:
0x00007ff6e7170000 - 0x00007ff6e71a7000 	C:\Program Files\Java\jdk1.8.0_91\bin\java.exe
0x00007ffcedb30000 - 0x00007ffcedd0b000 	C:\WINDOWS\SYSTEM32\ntdll.dll
0x00007ffced640000 - 0x00007ffced6ee000 	C:\WINDOWS\System32\KERNEL32.DLL
0x00007ffceae40000 - 0x00007ffceb089000 	C:\WINDOWS\System32\KERNELBASE.dll
0x00007ffceb920000 - 0x00007ffceb9c1000 	C:\WINDOWS\System32\ADVAPI32.dll
0x00007ffced2e0000 - 0x00007ffced37d000 	C:\WINDOWS\System32\msvcrt.dll
0x00007ffceb860000 - 0x00007ffceb8b9000 	C:\WINDOWS\System32\sechost.dll
0x00007ffced030000 - 0x00007ffced155000 	C:\WINDOWS\System32\RPCRT4.dll
0x00007ffceb5b0000 - 0x00007ffceb6fa000 	C:\WINDOWS\System32\USER32.dll
0x00007ffceac90000 - 0x00007ffceacae000 	C:\WINDOWS\System32\win32u.dll
0x00007ffceb820000 - 0x00007ffceb847000 	C:\WINDOWS\System32\GDI32.dll
0x00007ffceacb0000 - 0x00007ffceae37000 	C:\WINDOWS\System32\gdi32full.dll
0x00007ffcea050000 - 0x00007ffcea0ea000 	C:\WINDOWS\System32\msvcp_win.dll
0x00007ffcea1a0000 - 0x00007ffcea296000 	C:\WINDOWS\System32\ucrtbase.dll
0x00007ffcd8460000 - 0x00007ffcd86c7000 	C:\WINDOWS\WinSxS\amd64_microsoft.windows.common-controls_6595b64144ccf1df_6.0.15063.483_none_26002d27e7c744a2\COMCTL32.dll
0x00007ffceb110000 - 0x00007ffceb409000 	C:\WINDOWS\System32\combase.dll
0x00007ffceaa50000 - 0x00007ffceaaba000 	C:\WINDOWS\System32\bcryptPrimitives.dll
0x00007ffced380000 - 0x00007ffced3ad000 	C:\WINDOWS\System32\IMM32.DLL
0x00000000752e0000 - 0x00000000753b2000 	C:\Program Files\Java\jdk1.8.0_91\jre\bin\msvcr100.dll
0x00000000753c0000 - 0x0000000075c53000 	C:\Program Files\Java\jdk1.8.0_91\jre\bin\server\jvm.dll
0x00007ffceb090000 - 0x00007ffceb098000 	C:\WINDOWS\System32\PSAPI.DLL
0x00007ffce6ee0000 - 0x00007ffce6ee9000 	C:\WINDOWS\SYSTEM32\WSOCK32.dll
0x00007ffce8520000 - 0x00007ffce8543000 	C:\WINDOWS\SYSTEM32\WINMM.dll
0x00007ffceb0a0000 - 0x00007ffceb10c000 	C:\WINDOWS\System32\WS2_32.dll
0x00007ffcde190000 - 0x00007ffcde19a000 	C:\WINDOWS\SYSTEM32\VERSION.dll
0x00007ffce84c0000 - 0x00007ffce84eb000 	C:\WINDOWS\SYSTEM32\WINMMBASE.dll
0x00007ffcea300000 - 0x00007ffcea349000 	C:\WINDOWS\System32\cfgmgr32.dll
0x0000000076fb0000 - 0x0000000076fbf000 	C:\Program Files\Java\jdk1.8.0_91\jre\bin\verify.dll
0x0000000075eb0000 - 0x0000000075ed9000 	C:\Program Files\Java\jdk1.8.0_91\jre\bin\java.dll
0x0000000075e90000 - 0x0000000075ea6000 	C:\Program Files\Java\jdk1.8.0_91\jre\bin\zip.dll
0x00007ffceb9d0000 - 0x00007ffcece06000 	C:\WINDOWS\System32\SHELL32.dll
0x00007ffcecf20000 - 0x00007ffcecfca000 	C:\WINDOWS\System32\shcore.dll
0x00007ffcea350000 - 0x00007ffceaa41000 	C:\WINDOWS\System32\windows.storage.dll
0x00007ffced3b0000 - 0x00007ffced401000 	C:\WINDOWS\System32\shlwapi.dll
0x00007ffcea010000 - 0x00007ffcea021000 	C:\WINDOWS\System32\kernel.appcore.dll
0x00007ffce9fc0000 - 0x00007ffcea00c000 	C:\WINDOWS\System32\powrprof.dll
0x00007ffce9fa0000 - 0x00007ffce9fb5000 	C:\WINDOWS\System32\profapi.dll
0x0000000075140000 - 0x00000000752d8000 	C:\Program Files\Java\jdk1.8.0_91\jre\bin\awt.dll
0x00007ffced410000 - 0x00007ffced4d0000 	C:\WINDOWS\System32\OLEAUT32.dll
0x00007ffce8740000 - 0x00007ffce87be000 	C:\WINDOWS\SYSTEM32\apphelp.dll
0x00007ffce8a10000 - 0x00007ffce8aa5000 	C:\WINDOWS\system32\uxtheme.dll
0x00007ffced170000 - 0x00007ffced2d6000 	C:\WINDOWS\System32\MSCTF.dll
0x00007ffce7020000 - 0x00007ffce704a000 	C:\WINDOWS\system32\dwmapi.dll
0x00007ffced4d0000 - 0x00007ffced615000 	C:\WINDOWS\System32\ole32.dll
0x00000000750f0000 - 0x0000000075137000 	C:\Program Files\Java\jdk1.8.0_91\jre\bin\fontmanager.dll
0x00007ffcc8e70000 - 0x00007ffcc8f5f000 	C:\Users\Joao_\.javacpp\cache\opencv-windows-x86_64.jar\org\bytedeco\javacpp\windows-x86_64\msvcr120.dll
0x00007ffcc8cd0000 - 0x00007ffcc8d76000 	C:\Users\Joao_\.javacpp\cache\opencv-windows-x86_64.jar\org\bytedeco\javacpp\windows-x86_64\msvcp120.dll
0x00007ffcbf700000 - 0x00007ffcbf97a000 	C:\Users\Joao_\.javacpp\cache\opencv-windows-x86_64.jar\org\bytedeco\javacpp\windows-x86_64\opencv_core310.dll
0x00007ffcb7d40000 - 0x00007ffcb8082000 	C:\Users\Joao_\.javacpp\cache\opencv-windows-x86_64.jar\org\bytedeco\javacpp\windows-x86_64\opencv_imgproc310.dll
0x00007ffcba7d0000 - 0x00007ffcba9f7000 	C:\Users\Joao_\.javacpp\cache\opencv-windows-x86_64.jar\org\bytedeco\javacpp\windows-x86_64\jniopencv_core.dll
0x0000000075e70000 - 0x0000000075e8a000 	C:\Program Files\Java\jdk1.8.0_91\jre\bin\net.dll
0x00007ffce9850000 - 0x00007ffce98ac000 	C:\WINDOWS\system32\mswsock.dll
0x0000000075e50000 - 0x0000000075e61000 	C:\Program Files\Java\jdk1.8.0_91\jre\bin\nio.dll
0x00007ffcc8be0000 - 0x00007ffcc8ccd000 	C:\Users\Joao_\.javacpp\cache\opencv-windows-x86_64.jar\org\bytedeco\javacpp\windows-x86_64\jniopencv_imgproc.dll
0x00007ffcb73e0000 - 0x00007ffcb76a9000 	C:\Users\Joao_\.javacpp\cache\opencv-windows-x86_64.jar\org\bytedeco\javacpp\windows-x86_64\opencv_imgcodecs310.dll
0x00007ffce25a0000 - 0x00007ffce25c5000 	C:\Users\Joao_\.javacpp\cache\opencv-windows-x86_64.jar\org\bytedeco\javacpp\windows-x86_64\jniopencv_imgcodecs.dll
0x00007ffce21d0000 - 0x00007ffce2223000 	C:\Users\Joao_\.javacpp\cache\opencv-windows-x86_64.jar\org\bytedeco\javacpp\windows-x86_64\opencv_videoio310.dll
0x00007ffce2580000 - 0x00007ffce259f000 	C:\WINDOWS\SYSTEM32\AVIFIL32.dll
0x00007ffce2370000 - 0x00007ffce2399000 	C:\WINDOWS\SYSTEM32\MSVFW32.dll
0x00007ffce14e0000 - 0x00007ffce14f8000 	C:\WINDOWS\SYSTEM32\AVICAP32.dll
0x00007ffce2140000 - 0x00007ffce215c000 	C:\WINDOWS\SYSTEM32\MSACM32.dll
0x00007ffce14c0000 - 0x00007ffce14d7000 	C:\Users\Joao_\.javacpp\cache\opencv-windows-x86_64.jar\org\bytedeco\javacpp\windows-x86_64\jniopencv_videoio.dll
0x00007ffce1490000 - 0x00007ffce14bc000 	C:\Users\Joao_\.javacpp\cache\opencv-windows-x86_64.jar\org\bytedeco\javacpp\windows-x86_64\opencv_highgui310.dll
0x00007ffcece10000 - 0x00007ffcecf18000 	C:\WINDOWS\System32\COMDLG32.dll
0x00007ffcdef00000 - 0x00007ffcdef35000 	C:\Users\Joao_\.javacpp\cache\opencv-windows-x86_64.jar\org\bytedeco\javacpp\windows-x86_64\jniopencv_highgui.dll
0x00007ffcc2ad0000 - 0x00007ffcc2b9d000 	C:\Users\Joao_\.javacpp\cache\opencv-windows-x86_64.jar\org\bytedeco\javacpp\windows-x86_64\opencv_ml310.dll
0x00007ffcdee90000 - 0x00007ffcdeecf000 	C:\Users\Joao_\.javacpp\cache\opencv-windows-x86_64.jar\org\bytedeco\javacpp\windows-x86_64\jniopencv_ml.dll
0x00007ffcc32c0000 - 0x00007ffcc3356000 	C:\Users\Joao_\.javacpp\cache\opencv-windows-x86_64.jar\org\bytedeco\javacpp\windows-x86_64\opencv_objdetect310.dll
0x00007ffcc92e0000 - 0x00007ffcc9334000 	C:\Users\Joao_\.javacpp\cache\opencv-windows-x86_64.jar\org\bytedeco\javacpp\windows-x86_64\jniopencv_objdetect.dll
0x00007ffcdb9f0000 - 0x00007ffcdba36000 	C:\Users\Joao_\.javacpp\cache\opencv-windows-x86_64.jar\org\bytedeco\javacpp\windows-x86_64\opencv_face310.dll
0x00007ffce1450000 - 0x00007ffce146a000 	C:\Users\Joao_\.javacpp\cache\opencv-windows-x86_64.jar\org\bytedeco\javacpp\windows-x86_64\jniopencv_face.dll
0x00007ffcdee60000 - 0x00007ffcdee86000 	C:\Users\Joao_\.javacpp\cache\videoinput-windows-x86_64.jar\org\bytedeco\javacpp\windows-x86_64\jnivideoInputLib.dll
0x00000000750a0000 - 0x00000000750e2000 	C:\Program Files\Java\jdk1.8.0_91\jre\bin\t2k.dll
0x00007ffceb700000 - 0x00007ffceb79e000 	C:\WINDOWS\System32\clbcatq.dll
0x00007ffcdfd50000 - 0x00007ffcdfd67000 	C:\Windows\System32\devenum.dll
0x00007ffced6f0000 - 0x00007ffcedb2b000 	C:\WINDOWS\System32\setupapi.dll
0x00007ffce91b0000 - 0x00007ffce91e1000 	C:\WINDOWS\SYSTEM32\ntmarta.dll
0x00007ffce8bc0000 - 0x00007ffce8be8000 	C:\WINDOWS\SYSTEM32\DEVOBJ.dll
0x00007ffcea2a0000 - 0x00007ffcea2f6000 	C:\WINDOWS\System32\WINTRUST.dll
0x00007ffcea030000 - 0x00007ffcea041000 	C:\WINDOWS\System32\MSASN1.dll
0x00007ffceaac0000 - 0x00007ffceac89000 	C:\WINDOWS\System32\CRYPT32.dll
0x00007ffce62b0000 - 0x00007ffce62bb000 	C:\WINDOWS\SYSTEM32\msdmo.dll
0x00007ffcd38a0000 - 0x00007ffcd38d2000 	C:\Windows\System32\qcap.dll
0x00007ffcbfcb0000 - 0x00007ffcbfe6c000 	C:\Windows\System32\quartz.dll
0x00007ffce9ea0000 - 0x00007ffce9ec5000 	C:\Windows\System32\bcrypt.dll
0x00007ffcd24a0000 - 0x00007ffcd24ed000 	C:\Windows\System32\mfksproxy.dll
0x00007ffcd91b0000 - 0x00007ffcd91cc000 	C:\Windows\System32\ATL.DLL
0x00007ffce2300000 - 0x00007ffce2332000 	C:\Windows\System32\MFSENSORGROUP.dll
0x00007ffcda2e0000 - 0x00007ffcda480000 	C:\Windows\System32\MFPlat.DLL
0x00007ffcdd650000 - 0x00007ffcdd682000 	C:\Windows\System32\RTWorkQ.DLL
0x00007ffcc9230000 - 0x00007ffcc9278000 	C:\Windows\System32\ksproxy.ax
0x00007ffce2170000 - 0x00007ffce2179000 	C:\Windows\System32\ksuser.dll
0x00007ffcb9410000 - 0x00007ffcb9599000 	C:\Windows\System32\d3d9.dll
0x00007ffce5db0000 - 0x00007ffce5e27000 	C:\WINDOWS\SYSTEM32\policymanager.dll
0x00007ffce5d20000 - 0x00007ffce5daf000 	C:\Windows\System32\msvcp110_win.dll
0x00007ffce3bd0000 - 0x00007ffce3d7c000 	C:\WINDOWS\SYSTEM32\WindowsCodecs.dll
0x00007ffcd8720000 - 0x00007ffcd8767000 	C:\WINDOWS\system32\dataexchange.dll
0x00007ffce7780000 - 0x00007ffce7a5f000 	C:\WINDOWS\system32\d3d11.dll
0x00007ffce8100000 - 0x00007ffce8222000 	C:\WINDOWS\system32\dcomp.dll
0x00007ffce8f20000 - 0x00007ffce8fc4000 	C:\WINDOWS\system32\dxgi.dll
0x00007ffce88a0000 - 0x00007ffce8a10000 	C:\WINDOWS\system32\twinapi.appcore.dll
0x00007ffce4e40000 - 0x00007ffce4ec2000 	C:\WINDOWS\System32\TextInputFramework.dll
0x00007ffce8010000 - 0x00007ffce80f3000 	C:\WINDOWS\System32\CoreMessaging.dll
0x00007ffce2910000 - 0x00007ffce2be2000 	C:\WINDOWS\System32\CoreUIComponents.dll
0x00007ffce6030000 - 0x00007ffce6169000 	C:\WINDOWS\SYSTEM32\wintypes.dll
0x00007ffce6cc0000 - 0x00007ffce6cd5000 	C:\WINDOWS\SYSTEM32\usermgrcli.dll
0x0000000075070000 - 0x000000007509a000 	C:\Program Files\Java\jdk1.8.0_91\jre\bin\dcpr.dll
0x00007ffce2290000 - 0x00007ffce229c000 	C:\Windows\System32\vidcap.ax
0x00007ffcdd9e0000 - 0x00007ffcdda06000 	C:\Windows\System32\kswdmcap.ax
0x00007ffcbffe0000 - 0x00007ffcc0144000 	C:\Windows\System32\MFC42.dll
0x00007ffcc1db0000 - 0x00007ffcc1e4f000 	C:\Windows\System32\qedit.dll
0x00007ffcd7260000 - 0x00007ffcd73f5000 	C:\WINDOWS\WinSxS\amd64_microsoft.windows.gdiplus_6595b64144ccf1df_1.1.15063.608_none_56f0266b425534e9\gdiplus.dll
0x00007ffcc1920000 - 0x00007ffcc1a16000 	C:\Windows\System32\DDRAW.dll
0x00007ffcdffa0000 - 0x00007ffcdffa8000 	C:\Windows\System32\DCIMAN32.dll
0x00007ffcb9c80000 - 0x00007ffcb9e97000 	C:\Program Files (x86)\K-Lite Codec Pack\Filters\DirectVobSub64\vsfilter.dll
0x00007ffcd8db0000 - 0x00007ffcd8e1b000 	C:\WINDOWS\SYSTEM32\OLEACC.dll
0x00007ffcd9580000 - 0x00007ffcd960a000 	C:\WINDOWS\SYSTEM32\WINSPOOL.DRV
0x00007ffcd8970000 - 0x00007ffcd8c9e000 	C:\WINDOWS\SYSTEM32\WININET.dll
0x00007ffcdff90000 - 0x00007ffcdff9c000 	C:\WINDOWS\SYSTEM32\msyuv.dll
0x00007ffcde610000 - 0x00007ffcde7b9000 	C:\WINDOWS\SYSTEM32\dbghelp.dll

VM Arguments:
jvm_args: -Dfile.encoding=UTF-8 -Djava.library.path=C:\opencv\build\java\x64 
java_command: main.main
java_class_path (initial): C:\Users\Joao_\Downloads\javacpp-1.3-bin\javacpp-bin\javacpp.jar;C:\Users\Joao_\Downloads\javacv-platform-1.3-bin\javacv-bin\opencv-windows-x86_64.jar;C:\Users\Joao_\Downloads\javacv-platform-1.3-bin\javacv-bin\videoinput-windows-x86_64.jar;C:\Users\Joao_\Downloads\javacv-platform-1.3-bin\javacv-bin\artoolkitplus-windows-x86_64.jar;C:\Users\Joao_\Downloads\javacv-platform-1.3-bin\javacv-bin\ffmpeg-windows-x86_64.jar;C:\Users\Joao_\Downloads\javacv-platform-1.3-bin\javacv-bin\flandmark-windows-x86_64.jar;C:\Users\Joao_\Downloads\javacv-platform-1.3-bin\javacv-bin\flycapture-windows-x86_64.jar;C:\Users\Joao_\Downloads\javacv-platform-1.3-bin\javacv-bin\javacv-platform.jar;C:\Users\Joao_\Downloads\javacv-platform-1.3-bin\javacv-bin\javacv.jar;C:\Users\Joao_\Downloads\javacv-platform-1.3-bin\javacv-bin\libdc1394-windows-x86_64.jar;C:\Users\Joao_\Downloads\javacv-platform-1.3-bin\javacv-bin\libfreenect-platform.jar;C:\Users\Joao_\Downloads\javacv-platform-1.3-bin\javacv-bin\libfreenect-windows-x86_64.jar;C:\Users\Joao_\Downloads\javacv-platform-1.3-bin\javacv-bin\librealsense-platform.jar;C:\Users\Joao_\Downloads\javacv-platform-1.3-bin\javacv-bin\librealsense.jar;C:\Users\Joao_\Downloads\javacv-platform-1.3-bin\javacv-bin\opencv.jar;C:\Users\Joao_\Downloads\javacv-platform-1.3-bin\javacv-bin\videoinput.jar;C:\TCC.UniSecurity\build\classes
Launcher Type: SUN_STANDARD

Environment Variables:
PATH=C:\ProgramData\Oracle\Java\javapath;C:\WINDOWS\system32;C:\WINDOWS;C:\WINDOWS\System32\Wbem;C:\WINDOWS\System32\WindowsPowerShell\v1.0\;C:\Program Files (x86)\Skype\Phone\;C:\Program Files\Microsoft SQL Server\120\DTS\Binn\;C:\Program Files\Microsoft SQL Server\Client SDK\ODBC\110\Tools\Binn\;C:\Program Files (x86)\Microsoft SQL Server\120\Tools\Binn\;C:\Program Files\Microsoft SQL Server\120\Tools\Binn\;C:\Program Files (x86)\Microsoft SQL Server\120\Tools\Binn\ManagementStudio\;C:\Program Files (x86)\Microsoft SQL Server\120\DTS\Binn\;C:\Program Files\CMake\bin;C:\opencv\build\x64\vc14\bin;C:\Users\Joao_\AppData\Local\Programs\Python\Python37\Scripts\;C:\Users\Joao_\AppData\Local\Programs\Python\Python37\;C:\Users\Joao_\AppData\Local\Microsoft\WindowsApps;
USERNAME=Joao_
OS=Windows_NT
PROCESSOR_IDENTIFIER=Intel64 Family 6 Model 58 Stepping 9, GenuineIntel



---------------  S Y S T E M  ---------------

OS: Windows 10.0 , 64 bit Build 15063 (10.0.15063.296)

CPU:total 4 (2 cores per cpu, 2 threads per core) family 6 model 58 stepping 9, cmov, cx8, fxsr, mmx, sse, sse2, sse3, ssse3, sse4.1, sse4.2, popcnt, avx, aes, clmul, erms, ht, tsc, tscinvbit, tscinv

Memory: 4k page, physical 4092772k(1149636k free), swap 5534564k(1236000k free)

vm_info: Java HotSpot(TM) 64-Bit Server VM (25.91-b14) for windows-amd64 JRE (1.8.0_91-b14), built on Apr  1 2016 00:58:32 by "java_re" with MS VC++ 10.0 (VS2010)

time: Thu Oct 19 23:43:12 2017
elapsed time: 8 seconds (0d 0h 0m 8s)

