#
# A fatal error has been detected by the Java Runtime Environment:
#
#  EXCEPTION_ACCESS_VIOLATION (0xc0000005) at pc=0x00007ff9783d0e57, pid=5856, tid=8472
#
# JRE version: Java(TM) SE Runtime Environment (8.0_91-b14) (build 1.8.0_91-b14)
# Java VM: Java HotSpot(TM) 64-Bit Server VM (25.91-b14 mixed mode windows-amd64 compressed oops)
# Problematic frame:
# C  [ntdll.dll+0x30e57]
#
# Failed to write core dump. Minidumps are not enabled by default on client versions of Windows
#
# If you would like to submit a bug report, please visit:
#   http://bugreport.java.com/bugreport/crash.jsp
# The crash happened outside the Java Virtual Machine in native code.
# See problematic frame for where to report the bug.
#

---------------  T H R E A D  ---------------

Current thread (0x00000000174fb000):  JavaThread "JavaCPP Deallocator" daemon [_thread_in_native, id=8472, stack(0x0000000019640000,0x0000000019740000)]

siginfo: ExceptionCode=0xc0000005, reading address 0xffffffffffffffff

Registers:
RAX=0x0000000000000001, RBX=0x00000000238a6a70, RCX=0x0000000000cc0000, RDX=0x0000000000000000
RSP=0x000000001973f360, RBP=0x88000680790855f0, RSI=0x0000000000000000, RDI=0x0000000000cc0000
R8 =0x88000680790855f0, R9 =0x000000000000001b, R10=0x00007ff9784b95d0, R11=0x000000001973f300
R12=0x0000000000000000, R13=0x0000000014f044d8, R14=0x88000680790855e0, R15=0x00000000174fb000
RIP=0x00007ff9783d0e57, EFLAGS=0x0000000000010246

Top of Stack: (sp=0x000000001973f360)
0x000000001973f360:   00007ff94a8fc7f0 00000000174fb000
0x000000001973f370:   000000001514ddd8 000000001514da00
0x000000001973f380:   00007ff94a8fc7f0 0000000057c29ec1
0x000000001973f390:   00000000000003d8 000000001973f4b0
0x000000001973f3a0:   000000001973f420 000000001514d9f0
0x000000001973f3b0:   0000000000000000 000000001973f570
0x000000001973f3c0:   0000000014f044e0 0000000000000000
0x000000001973f3d0:   0000000000000000 0000000000000000
0x000000001973f3e0:   0000000000000000 000000001973f570
0x000000001973f3f0:   00000000238a6a70 0000000000000000
0x000000001973f400:   0000000000000000 000000001973f4f0
0x000000001973f410:   0000000000000000 00007ff96dcc69d8
0x000000001973f420:   00000000238a6a70 00000000174fb000
0x000000001973f430:   00000000174fb000 00000000173b3d50
0x000000001973f440:   00000000238a6a70 00007ff95a4c705b
0x000000001973f450:   000000001973f4f0 0000000057b0a606 

Instructions: (pc=0x00007ff9783d0e57)
0x00007ff9783d0e37:   9e 03 00 00 f6 47 78 01 0f 85 09 82 08 00 40 f6
0x00007ff9783d0e47:   c5 0f 0f 85 dd 81 08 00 4c 8d 75 f0 41 0f 0d 0e
0x00007ff9783d0e57:   41 80 7e 0f 05 0f 84 95 81 08 00 41 f6 46 0f 3f
0x00007ff9783d0e67:   0f 84 9b 81 08 00 4d 85 f6 0f 84 55 83 08 00 80 


Register to memory mapping:

RAX=0x0000000000000001 is an unknown value
RBX=0x00000000238a6a70 is an unknown value
RCX=0x0000000000cc0000 is an unknown value
RDX=0x0000000000000000 is an unknown value
RSP=0x000000001973f360 is pointing into the stack for thread: 0x00000000174fb000
RBP=0x88000680790855f0 is an unknown value
RSI=0x0000000000000000 is an unknown value
RDI=0x0000000000cc0000 is an unknown value
R8 =0x88000680790855f0 is an unknown value
R9 =0x000000000000001b is an unknown value
R10=0x00007ff9784b95d0 is an unknown value
R11=0x000000001973f300 is pointing into the stack for thread: 0x00000000174fb000
R12=0x0000000000000000 is an unknown value
R13=0x0000000014f044d8 is pointing into metadata
R14=0x88000680790855e0 is an unknown value
R15=0x00000000174fb000 is a thread


Stack: [0x0000000019640000,0x0000000019740000],  sp=0x000000001973f360,  free space=1020k
Native frames: (J=compiled Java code, j=interpreted, Vv=VM code, C=native code)
C  [ntdll.dll+0x30e57]
C  [msvcr120.dll+0x669d8]
C  [opencv_core310.dll+0x3705b]
C  [jniopencv_core.dll+0xbc86f]
C  0x0000000002b37f54

Java frames: (J=compiled Java code, j=interpreted, Vv=VM code)
j  org.bytedeco.javacpp.opencv_core.cvReleaseMat(Lorg/bytedeco/javacpp/opencv_core$CvMat;)V+0
j  org.bytedeco.javacpp.helper.opencv_core$AbstractCvMat$ReleaseDeallocator.deallocate()V+1
j  org.bytedeco.javacpp.Pointer$DeallocatorReference.clear()V+49
j  org.bytedeco.javacpp.Pointer$DeallocatorThread.run()V+11
v  ~StubRoutines::call_stub

---------------  P R O C E S S  ---------------

Java Threads: ( => current thread )
  0x0000000018976800 JavaThread "pool-3-thread-1" [_thread_blocked, id=9580, stack(0x00000000324b0000,0x00000000325b0000)]
  0x00000000171b0000 JavaThread "Thread-3" [_thread_blocked, id=8920, stack(0x0000000031db0000,0x0000000031eb0000)]
  0x000000001892b800 JavaThread "pool-1-thread-1" [_thread_blocked, id=6980, stack(0x000000002da20000,0x000000002db20000)]
  0x00000000175ec800 JavaThread "TimerQueue" daemon [_thread_blocked, id=2944, stack(0x000000002c910000,0x000000002ca10000)]
  0x0000000002b1d800 JavaThread "DestroyJavaVM" [_thread_blocked, id=11140, stack(0x0000000002860000,0x0000000002960000)]
  0x0000000017853800 JavaThread "AWT-EventQueue-0" [_thread_blocked, id=5152, stack(0x0000000019850000,0x0000000019950000)]
=>0x00000000174fb000 JavaThread "JavaCPP Deallocator" daemon [_thread_in_native, id=8472, stack(0x0000000019640000,0x0000000019740000)]
  0x000000001729a800 JavaThread "AWT-Windows" daemon [_thread_in_native, id=7496, stack(0x0000000017e40000,0x0000000017f40000)]
  0x0000000017298000 JavaThread "AWT-Shutdown" [_thread_blocked, id=3020, stack(0x0000000017d40000,0x0000000017e40000)]
  0x0000000017297000 JavaThread "Java2D Disposer" daemon [_thread_blocked, id=10300, stack(0x0000000017c40000,0x0000000017d40000)]
  0x0000000016a98800 JavaThread "Service Thread" daemon [_thread_blocked, id=10888, stack(0x0000000016e60000,0x0000000016f60000)]
  0x0000000015117000 JavaThread "C1 CompilerThread2" daemon [_thread_blocked, id=7860, stack(0x0000000016960000,0x0000000016a60000)]
  0x0000000015110800 JavaThread "C2 CompilerThread1" daemon [_thread_blocked, id=7428, stack(0x0000000016860000,0x0000000016960000)]
  0x000000001510e000 JavaThread "C2 CompilerThread0" daemon [_thread_blocked, id=8136, stack(0x0000000016760000,0x0000000016860000)]
  0x000000001510d000 JavaThread "Attach Listener" daemon [_thread_blocked, id=9100, stack(0x0000000016660000,0x0000000016760000)]
  0x000000001510b800 JavaThread "Signal Dispatcher" daemon [_thread_blocked, id=10728, stack(0x0000000016560000,0x0000000016660000)]
  0x00000000150fa800 JavaThread "Finalizer" daemon [_thread_blocked, id=1432, stack(0x0000000016370000,0x0000000016470000)]
  0x00000000150d9800 JavaThread "Reference Handler" daemon [_thread_blocked, id=6660, stack(0x0000000016270000,0x0000000016370000)]

Other Threads:
  0x00000000150d7800 VMThread [stack: 0x0000000016170000,0x0000000016270000] [id=6720]
  0x0000000016ab1000 WatcherThread [stack: 0x0000000016f60000,0x0000000017060000] [id=1876]

VM state:not at safepoint (normal execution)

VM Mutex/Monitor currently owned by a thread: None

Heap:
 PSYoungGen      total 18944K, used 4883K [0x00000000eb300000, 0x00000000ecc00000, 0x0000000100000000)
  eden space 16384K, 14% used [0x00000000eb300000,0x00000000eb549090,0x00000000ec300000)
  from space 2560K, 99% used [0x00000000ec300000,0x00000000ec57bc10,0x00000000ec580000)
  to   space 4608K, 0% used [0x00000000ec780000,0x00000000ec780000,0x00000000ecc00000)
 ParOldGen       total 44032K, used 3116K [0x00000000c1800000, 0x00000000c4300000, 0x00000000eb300000)
  object space 44032K, 7% used [0x00000000c1800000,0x00000000c1b0b3c0,0x00000000c4300000)
 Metaspace       used 16004K, capacity 16178K, committed 16384K, reserved 1062912K
  class space    used 1935K, capacity 1998K, committed 2048K, reserved 1048576K

Card table byte_map: [0x0000000011ee0000,0x00000000120e0000] byte_map_base: 0x00000000118d4000

Marking Bits: (ParMarkBitMap*) 0x0000000058262f70
 Begin Bits: [0x0000000012630000, 0x00000000135d0000)
 End Bits:   [0x00000000135d0000, 0x0000000014570000)

Polling page: 0x0000000000c10000

CodeCache: size=245760Kb used=5126Kb max_used=5126Kb free=240633Kb
 bounds [0x0000000002b20000, 0x0000000003030000, 0x0000000011b20000]
 total_blobs=1984 nmethods=1357 adapters=540
 compilation: enabled

Compilation events (10 events):
Event: 13.218 Thread 0x0000000015117000 1344   !   3       java.lang.StringCoding$StringDecoder::decode (179 bytes)
Event: 13.221 Thread 0x000000001510e000 nmethod 1341 0x000000000301a290 code [0x000000000301a400, 0x000000000301a7c8]
Event: 13.221 Thread 0x000000001510e000 1339       4       java.io.File::isInvalid (47 bytes)
Event: 13.222 Thread 0x0000000015117000 nmethod 1344 0x000000000301aa90 code [0x000000000301ae00, 0x000000000301ca68]
Event: 13.222 Thread 0x0000000015117000 1345       3       java.nio.charset.CharsetDecoder::maxCharsPerByte (5 bytes)
Event: 13.223 Thread 0x0000000015117000 nmethod 1345 0x0000000003013b10 code [0x0000000003013c60, 0x0000000003013db0]
Event: 13.226 Thread 0x000000001510e000 nmethod 1339 0x0000000003018950 code [0x0000000003018aa0, 0x0000000003018c38]
Event: 13.278 Thread 0x0000000015110800 nmethod 1311 0x0000000003022850 code [0x0000000003022b40, 0x0000000003024828]
Event: 13.662 Thread 0x0000000015117000 1346       3       java.lang.ref.Reference::clear (6 bytes)
Event: 13.662 Thread 0x0000000015117000 nmethod 1346 0x00000000030137d0 code [0x0000000003013920, 0x0000000003013a90]

GC Heap History (10 events):
Event: 0.807 GC heap before
{Heap before GC invocations=1 (full 0):
 PSYoungGen      total 18944K, used 16384K [0x00000000eb300000, 0x00000000ec800000, 0x0000000100000000)
  eden space 16384K, 100% used [0x00000000eb300000,0x00000000ec300000,0x00000000ec300000)
  from space 2560K, 0% used [0x00000000ec580000,0x00000000ec580000,0x00000000ec800000)
  to   space 2560K, 0% used [0x00000000ec300000,0x00000000ec300000,0x00000000ec580000)
 ParOldGen       total 44032K, used 0K [0x00000000c1800000, 0x00000000c4300000, 0x00000000eb300000)
  object space 44032K, 0% used [0x00000000c1800000,0x00000000c1800000,0x00000000c4300000)
 Metaspace       used 11197K, capacity 11402K, committed 11776K, reserved 1058816K
  class space    used 1334K, capacity 1415K, committed 1536K, reserved 1048576K
Event: 0.814 GC heap after
Heap after GC invocations=1 (full 0):
 PSYoungGen      total 18944K, used 2537K [0x00000000eb300000, 0x00000000ec800000, 0x0000000100000000)
  eden space 16384K, 0% used [0x00000000eb300000,0x00000000eb300000,0x00000000ec300000)
  from space 2560K, 99% used [0x00000000ec300000,0x00000000ec57a580,0x00000000ec580000)
  to   space 2560K, 0% used [0x00000000ec580000,0x00000000ec580000,0x00000000ec800000)
 ParOldGen       total 44032K, used 662K [0x00000000c1800000, 0x00000000c4300000, 0x00000000eb300000)
  object space 44032K, 1% used [0x00000000c1800000,0x00000000c18a5b70,0x00000000c4300000)
 Metaspace       used 11197K, capacity 11402K, committed 11776K, reserved 1058816K
  class space    used 1334K, capacity 1415K, committed 1536K, reserved 1048576K
}
Event: 3.322 GC heap before
{Heap before GC invocations=2 (full 0):
 PSYoungGen      total 18944K, used 18921K [0x00000000eb300000, 0x00000000ec800000, 0x0000000100000000)
  eden space 16384K, 100% used [0x00000000eb300000,0x00000000ec300000,0x00000000ec300000)
  from space 2560K, 99% used [0x00000000ec300000,0x00000000ec57a580,0x00000000ec580000)
  to   space 2560K, 0% used [0x00000000ec580000,0x00000000ec580000,0x00000000ec800000)
 ParOldGen       total 44032K, used 662K [0x00000000c1800000, 0x00000000c4300000, 0x00000000eb300000)
  object space 44032K, 1% used [0x00000000c1800000,0x00000000c18a5b70,0x00000000c4300000)
 Metaspace       used 15261K, capacity 15426K, committed 15616K, reserved 1062912K
  class space    used 1872K, capacity 1964K, committed 2048K, reserved 1048576K
Event: 3.326 GC heap after
Heap after GC invocations=2 (full 0):
 PSYoungGen      total 18944K, used 2543K [0x00000000eb300000, 0x00000000ec800000, 0x0000000100000000)
  eden space 16384K, 0% used [0x00000000eb300000,0x00000000eb300000,0x00000000ec300000)
  from space 2560K, 99% used [0x00000000ec580000,0x00000000ec7fbc10,0x00000000ec800000)
  to   space 2560K, 0% used [0x00000000ec300000,0x00000000ec300000,0x00000000ec580000)
 ParOldGen       total 44032K, used 2507K [0x00000000c1800000, 0x00000000c4300000, 0x00000000eb300000)
  object space 44032K, 5% used [0x00000000c1800000,0x00000000c1a72fc8,0x00000000c4300000)
 Metaspace       used 15261K, capacity 15426K, committed 15616K, reserved 1062912K
  class space    used 1872K, capacity 1964K, committed 2048K, reserved 1048576K
}
Event: 5.005 GC heap before
{Heap before GC invocations=3 (full 0):
 PSYoungGen      total 18944K, used 18725K [0x00000000eb300000, 0x00000000ec800000, 0x0000000100000000)
  eden space 16384K, 98% used [0x00000000eb300000,0x00000000ec2cd9f8,0x00000000ec300000)
  from space 2560K, 99% used [0x00000000ec580000,0x00000000ec7fbc10,0x00000000ec800000)
  to   space 2560K, 0% used [0x00000000ec300000,0x00000000ec300000,0x00000000ec580000)
 ParOldGen       total 44032K, used 2507K [0x00000000c1800000, 0x00000000c4300000, 0x00000000eb300000)
  object space 44032K, 5% used [0x00000000c1800000,0x00000000c1a72fc8,0x00000000c4300000)
 Metaspace       used 15548K, capacity 15746K, committed 16128K, reserved 1062912K
  class space    used 1899K, capacity 1964K, committed 2048K, reserved 1048576K
Event: 5.010 GC heap after
Heap after GC invocations=3 (full 0):
 PSYoungGen      total 18944K, used 2543K [0x00000000eb300000, 0x00000000ec800000, 0x0000000100000000)
  eden space 16384K, 0% used [0x00000000eb300000,0x00000000eb300000,0x00000000ec300000)
  from space 2560K, 99% used [0x00000000ec300000,0x00000000ec57bc10,0x00000000ec580000)
  to   space 2560K, 0% used [0x00000000ec580000,0x00000000ec580000,0x00000000ec800000)
 ParOldGen       total 44032K, used 2646K [0x00000000c1800000, 0x00000000c4300000, 0x00000000eb300000)
  object space 44032K, 6% used [0x00000000c1800000,0x00000000c1a95938,0x00000000c4300000)
 Metaspace       used 15548K, capacity 15746K, committed 16128K, reserved 1062912K
  class space    used 1899K, capacity 1964K, committed 2048K, reserved 1048576K
}
Event: 6.609 GC heap before
{Heap before GC invocations=4 (full 0):
 PSYoungGen      total 18944K, used 18561K [0x00000000eb300000, 0x00000000ec800000, 0x0000000100000000)
  eden space 16384K, 97% used [0x00000000eb300000,0x00000000ec2a4a68,0x00000000ec300000)
  from space 2560K, 99% used [0x00000000ec300000,0x00000000ec57bc10,0x00000000ec580000)
  to   space 2560K, 0% used [0x00000000ec580000,0x00000000ec580000,0x00000000ec800000)
 ParOldGen       total 44032K, used 2646K [0x00000000c1800000, 0x00000000c4300000, 0x00000000eb300000)
  object space 44032K, 6% used [0x00000000c1800000,0x00000000c1a95938,0x00000000c4300000)
 Metaspace       used 15634K, capacity 15814K, committed 16128K, reserved 1062912K
  class space    used 1899K, capacity 1964K, committed 2048K, reserved 1048576K
Event: 6.614 GC heap after
Heap after GC invocations=4 (full 0):
 PSYoungGen      total 18944K, used 2543K [0x00000000eb300000, 0x00000000ec800000, 0x0000000100000000)
  eden space 16384K, 0% used [0x00000000eb300000,0x00000000eb300000,0x00000000ec300000)
  from space 2560K, 99% used [0x00000000ec580000,0x00000000ec7fbc10,0x00000000ec800000)
  to   space 2560K, 0% used [0x00000000ec300000,0x00000000ec300000,0x00000000ec580000)
 ParOldGen       total 44032K, used 2728K [0x00000000c1800000, 0x00000000c4300000, 0x00000000eb300000)
  object space 44032K, 6% used [0x00000000c1800000,0x00000000c1aaa038,0x00000000c4300000)
 Metaspace       used 15634K, capacity 15814K, committed 16128K, reserved 1062912K
  class space    used 1899K, capacity 1964K, committed 2048K, reserved 1048576K
}
Event: 13.656 GC heap before
{Heap before GC invocations=5 (full 0):
 PSYoungGen      total 18944K, used 18136K [0x00000000eb300000, 0x00000000ec800000, 0x0000000100000000)
  eden space 16384K, 95% used [0x00000000eb300000,0x00000000ec23a4e0,0x00000000ec300000)
  from space 2560K, 99% used [0x00000000ec580000,0x00000000ec7fbc10,0x00000000ec800000)
  to   space 2560K, 0% used [0x00000000ec300000,0x00000000ec300000,0x00000000ec580000)
 ParOldGen       total 44032K, used 2728K [0x00000000c1800000, 0x00000000c4300000, 0x00000000eb300000)
  object space 44032K, 6% used [0x00000000c1800000,0x00000000c1aaa038,0x00000000c4300000)
 Metaspace       used 15999K, capacity 16178K, committed 16384K, reserved 1062912K
  class space    used 1935K, capacity 1998K, committed 2048K, reserved 1048576K
Event: 13.662 GC heap after
Heap after GC invocations=5 (full 0):
 PSYoungGen      total 18944K, used 2543K [0x00000000eb300000, 0x00000000ecc00000, 0x0000000100000000)
  eden space 16384K, 0% used [0x00000000eb300000,0x00000000eb300000,0x00000000ec300000)
  from space 2560K, 99% used [0x00000000ec300000,0x00000000ec57bc10,0x00000000ec580000)
  to   space 4608K, 0% used [0x00000000ec780000,0x00000000ec780000,0x00000000ecc00000)
 ParOldGen       total 44032K, used 3116K [0x00000000c1800000, 0x00000000c4300000, 0x00000000eb300000)
  object space 44032K, 7% used [0x00000000c1800000,0x00000000c1b0b3c0,0x00000000c4300000)
 Metaspace       used 15999K, capacity 16178K, committed 16384K, reserved 1062912K
  class space    used 1935K, capacity 1998K, committed 2048K, reserved 1048576K
}

Deoptimization events (9 events):
Event: 0.870 Thread 0x0000000017853800 Uncommon trap: reason=unstable_if action=reinterpret pc=0x0000000002daf0c0 method=sun.misc.MetaIndex.mayContain(Ljava/lang/String;)Z @ 38
Event: 0.883 Thread 0x0000000017853800 Uncommon trap: reason=unstable_if action=reinterpret pc=0x0000000002d35aec method=java.lang.AbstractStringBuilder.append(Ljava/lang/String;)Ljava/lang/AbstractStringBuilder; @ 1
Event: 0.884 Thread 0x0000000017853800 Uncommon trap: reason=unstable_if action=reinterpret pc=0x0000000002d16618 method=java.lang.AbstractStringBuilder.append(Ljava/lang/String;)Ljava/lang/AbstractStringBuilder; @ 1
Event: 3.066 Thread 0x0000000017853800 Uncommon trap: reason=unstable_if action=reinterpret pc=0x0000000002d1f924 method=java.util.HashMap.getNode(ILjava/lang/Object;)Ljava/util/HashMap$Node; @ 84
Event: 3.066 Thread 0x0000000017853800 Uncommon trap: reason=unstable_if action=reinterpret pc=0x0000000002d89e80 method=java.util.HashMap.getNode(ILjava/lang/Object;)Ljava/util/HashMap$Node; @ 84
Event: 3.242 Thread 0x0000000017853800 Uncommon trap: reason=unstable_if action=reinterpret pc=0x0000000002e4c694 method=java.util.LinkedHashMap.get(Ljava/lang/Object;)Ljava/lang/Object; @ 20
Event: 3.249 Thread 0x0000000017853800 Uncommon trap: reason=unstable_if action=reinterpret pc=0x0000000002ed520c method=java.awt.MultipleGradientPaintContext.indexIntoGradientsArrays(F)I @ 93
Event: 3.774 Thread 0x0000000017853800 Uncommon trap: reason=unstable_if action=reinterpret pc=0x0000000002f0e668 method=org.bytedeco.javacv.Java2DFrameConverter.flipCopyWithGamma(Ljava/nio/ByteBuffer;ILjava/nio/ByteBuffer;IZDZI)V @ 50
Event: 7.900 Thread 0x0000000017853800 Uncommon trap: reason=unstable_if action=reinterpret pc=0x0000000002e057d8 method=java.io.WinNTFileSystem.normalize(Ljava/lang/String;)Ljava/lang/String; @ 128

Internal exceptions (10 events):
Event: 3.134 Thread 0x00000000175b0800 Exception <a 'java/lang/UnsatisfiedLinkError'> (0x00000000ebdaf718) thrown at [C:\re\workspace\8-2-build-windows-amd64-cygwin\jdk8u91\6644\hotspot\src\share\vm\prims\jni.cpp, line 709]
Event: 3.136 Thread 0x00000000175b0800 Exception <a 'java/lang/UnsatisfiedLinkError'> (0x00000000ebdb2738) thrown at [C:\re\workspace\8-2-build-windows-amd64-cygwin\jdk8u91\6644\hotspot\src\share\vm\prims\jvm.cpp, line 3969]
Event: 3.136 Thread 0x00000000175b0800 Exception <a 'java/lang/UnsatisfiedLinkError'> (0x00000000ebdb2738) thrown at [C:\re\workspace\8-2-build-windows-amd64-cygwin\jdk8u91\6644\hotspot\src\share\vm\prims\jni.cpp, line 709]
Event: 3.136 Thread 0x00000000175b0800 Exception <a 'java/lang/UnsatisfiedLinkError'> (0x00000000ebdb2d70) thrown at [C:\re\workspace\8-2-build-windows-amd64-cygwin\jdk8u91\6644\hotspot\src\share\vm\oops\instanceKlass.cpp, line 948]
Event: 3.136 Thread 0x00000000175b0800 Exception <a 'java/lang/reflect/InvocationTargetException'> (0x00000000ebdb3608) thrown at [C:\re\workspace\8-2-build-windows-amd64-cygwin\jdk8u91\6644\hotspot\src\share\vm\runtime\reflection.cpp, line 1092]
Event: 3.196 Thread 0x00000000175b0800 Exception <a 'java/lang/NoClassDefFoundError': cl/eye/CLCamera> (0x00000000ec025608) thrown at [C:\re\workspace\8-2-build-windows-amd64-cygwin\jdk8u91\6644\hotspot\src\share\vm\classfile\systemDictionary.cpp, line 199]
Event: 13.163 Thread 0x00000000171b0000 Exception <a 'java/lang/reflect/InvocationTargetException'> (0x00000000ebf6f048) thrown at [C:\re\workspace\8-2-build-windows-amd64-cygwin\jdk8u91\6644\hotspot\src\share\vm\runtime\reflection.cpp, line 1092]
Event: 13.163 Thread 0x00000000171b0000 Exception <a 'java/lang/reflect/InvocationTargetException'> (0x00000000ebf75f48) thrown at [C:\re\workspace\8-2-build-windows-amd64-cygwin\jdk8u91\6644\hotspot\src\share\vm\runtime\reflection.cpp, line 1092]
Event: 13.166 Thread 0x00000000171b0000 Exception <a 'java/lang/reflect/InvocationTargetException'> (0x00000000ebf87850) thrown at [C:\re\workspace\8-2-build-windows-amd64-cygwin\jdk8u91\6644\hotspot\src\share\vm\runtime\reflection.cpp, line 1092]
Event: 13.193 Thread 0x00000000171b0000 Exception <a 'java/lang/NoClassDefFoundError': cl/eye/CLCamera> (0x00000000ec0d9bc8) thrown at [C:\re\workspace\8-2-build-windows-amd64-cygwin\jdk8u91\6644\hotspot\src\share\vm\classfile\systemDictionary.cpp, line 199]

Events (10 events):
Event: 13.192 loading class org/bytedeco/javacv/PS3Eye done
Event: 13.192 loading class cl/eye/CLCamera
Event: 13.192 loading class cl/eye/CLCamera done
Event: 13.193 loading class org/bytedeco/javacv/VideoInput
Event: 13.193 loading class org/bytedeco/javacv/VideoInput done
Event: 13.197 loading class java/awt/LightweightDispatcher$2
Event: 13.197 loading class java/awt/LightweightDispatcher$2 done
Event: 13.654 Thread 0x0000000018976800 Thread added: 0x0000000018976800
Event: 13.655 Executing VM operation: ParallelGCFailedAllocation
Event: 13.662 Executing VM operation: ParallelGCFailedAllocation done


Dynamic libraries:
0x00007ff79ae80000 - 0x00007ff79aeb7000 	C:\Program Files\Java\jdk1.8.0_91\bin\java.exe
0x00007ff9783a0000 - 0x00007ff97857b000 	C:\WINDOWS\SYSTEM32\ntdll.dll
0x00007ff9782c0000 - 0x00007ff97836e000 	C:\WINDOWS\System32\KERNEL32.DLL
0x00007ff9748c0000 - 0x00007ff974b09000 	C:\WINDOWS\System32\KERNELBASE.dll
0x00007ff9759a0000 - 0x00007ff975a41000 	C:\WINDOWS\System32\ADVAPI32.dll
0x00007ff977150000 - 0x00007ff9771ed000 	C:\WINDOWS\System32\msvcrt.dll
0x00007ff977460000 - 0x00007ff9774b9000 	C:\WINDOWS\System32\sechost.dll
0x00007ff977a70000 - 0x00007ff977b95000 	C:\WINDOWS\System32\RPCRT4.dll
0x00007ff978160000 - 0x00007ff9782aa000 	C:\WINDOWS\System32\USER32.dll
0x00007ff975580000 - 0x00007ff97559e000 	C:\WINDOWS\System32\win32u.dll
0x00007ff975a50000 - 0x00007ff975a77000 	C:\WINDOWS\System32\GDI32.dll
0x00007ff9755a0000 - 0x00007ff975727000 	C:\WINDOWS\System32\gdi32full.dll
0x00007ff974d70000 - 0x00007ff974e0a000 	C:\WINDOWS\System32\msvcp_win.dll
0x00007ff974b60000 - 0x00007ff974c56000 	C:\WINDOWS\System32\ucrtbase.dll
0x00007ff96b2b0000 - 0x00007ff96b517000 	C:\WINDOWS\WinSxS\amd64_microsoft.windows.common-controls_6595b64144ccf1df_6.0.15063.483_none_26002d27e7c744a2\COMCTL32.dll
0x00007ff977770000 - 0x00007ff977a69000 	C:\WINDOWS\System32\combase.dll
0x00007ff974e10000 - 0x00007ff974e7a000 	C:\WINDOWS\System32\bcryptPrimitives.dll
0x00007ff978370000 - 0x00007ff97839d000 	C:\WINDOWS\System32\IMM32.DLL
0x0000000057970000 - 0x0000000057a42000 	C:\Program Files\Java\jdk1.8.0_91\jre\bin\msvcr100.dll
0x0000000057a50000 - 0x00000000582e3000 	C:\Program Files\Java\jdk1.8.0_91\jre\bin\server\jvm.dll
0x00007ff9771f0000 - 0x00007ff9771f8000 	C:\WINDOWS\System32\PSAPI.DLL
0x00007ff970680000 - 0x00007ff970689000 	C:\WINDOWS\SYSTEM32\WSOCK32.dll
0x00007ff9729d0000 - 0x00007ff9729f3000 	C:\WINDOWS\SYSTEM32\WINMM.dll
0x00007ff977ba0000 - 0x00007ff977c0c000 	C:\WINDOWS\System32\WS2_32.dll
0x00007ff9664f0000 - 0x00007ff9664fa000 	C:\WINDOWS\SYSTEM32\VERSION.dll
0x00007ff972970000 - 0x00007ff97299b000 	C:\WINDOWS\SYSTEM32\WINMMBASE.dll
0x00007ff974b10000 - 0x00007ff974b59000 	C:\WINDOWS\System32\cfgmgr32.dll
0x00000000595d0000 - 0x00000000595df000 	C:\Program Files\Java\jdk1.8.0_91\jre\bin\verify.dll
0x0000000058650000 - 0x0000000058679000 	C:\Program Files\Java\jdk1.8.0_91\jre\bin\java.dll
0x0000000058630000 - 0x0000000058646000 	C:\Program Files\Java\jdk1.8.0_91\jre\bin\zip.dll
0x00007ff975c00000 - 0x00007ff977036000 	C:\WINDOWS\System32\SHELL32.dll
0x00007ff978050000 - 0x00007ff9780fa000 	C:\WINDOWS\System32\shcore.dll
0x00007ff974e80000 - 0x00007ff975571000 	C:\WINDOWS\System32\windows.storage.dll
0x00007ff977540000 - 0x00007ff977591000 	C:\WINDOWS\System32\shlwapi.dll
0x00007ff974880000 - 0x00007ff974891000 	C:\WINDOWS\System32\kernel.appcore.dll
0x00007ff974830000 - 0x00007ff97487c000 	C:\WINDOWS\System32\powrprof.dll
0x00007ff974810000 - 0x00007ff974825000 	C:\WINDOWS\System32\profapi.dll
0x00000000577b0000 - 0x0000000057948000 	C:\Program Files\Java\jdk1.8.0_91\jre\bin\awt.dll
0x00007ff9773a0000 - 0x00007ff977460000 	C:\WINDOWS\System32\OLEAUT32.dll
0x00007ff972ff0000 - 0x00007ff97306e000 	C:\WINDOWS\SYSTEM32\apphelp.dll
0x00007ff973280000 - 0x00007ff973315000 	C:\WINDOWS\system32\uxtheme.dll
0x00007ff975a90000 - 0x00007ff975bf6000 	C:\WINDOWS\System32\MSCTF.dll
0x00007ff971b20000 - 0x00007ff971b4a000 	C:\WINDOWS\system32\dwmapi.dll
0x00007ff977620000 - 0x00007ff977765000 	C:\WINDOWS\System32\ole32.dll
0x0000000057760000 - 0x00000000577a7000 	C:\Program Files\Java\jdk1.8.0_91\jre\bin\fontmanager.dll
0x00007ff96dc60000 - 0x00007ff96dd4f000 	C:\Users\Joao_\.javacpp\cache\opencv-windows-x86_64.jar\org\bytedeco\javacpp\windows-x86_64\msvcr120.dll
0x00007ff96dbb0000 - 0x00007ff96dc56000 	C:\Users\Joao_\.javacpp\cache\opencv-windows-x86_64.jar\org\bytedeco\javacpp\windows-x86_64\msvcp120.dll
0x00007ff95a490000 - 0x00007ff95a70a000 	C:\Users\Joao_\.javacpp\cache\opencv-windows-x86_64.jar\org\bytedeco\javacpp\windows-x86_64\opencv_core310.dll
0x00007ff94aa70000 - 0x00007ff94adb2000 	C:\Users\Joao_\.javacpp\cache\opencv-windows-x86_64.jar\org\bytedeco\javacpp\windows-x86_64\opencv_imgproc310.dll
0x00007ff94a840000 - 0x00007ff94aa67000 	C:\Users\Joao_\.javacpp\cache\opencv-windows-x86_64.jar\org\bytedeco\javacpp\windows-x86_64\jniopencv_core.dll
0x00000000585e0000 - 0x00000000585fa000 	C:\Program Files\Java\jdk1.8.0_91\jre\bin\net.dll
0x00007ff9740c0000 - 0x00007ff97411c000 	C:\WINDOWS\system32\mswsock.dll
0x0000000057950000 - 0x0000000057961000 	C:\Program Files\Java\jdk1.8.0_91\jre\bin\nio.dll
0x00007ff95fd20000 - 0x00007ff95fe0d000 	C:\Users\Joao_\.javacpp\cache\opencv-windows-x86_64.jar\org\bytedeco\javacpp\windows-x86_64\jniopencv_imgproc.dll
0x00007ff947170000 - 0x00007ff947439000 	C:\Users\Joao_\.javacpp\cache\opencv-windows-x86_64.jar\org\bytedeco\javacpp\windows-x86_64\opencv_imgcodecs310.dll
0x00007ff96efe0000 - 0x00007ff96f005000 	C:\Users\Joao_\.javacpp\cache\opencv-windows-x86_64.jar\org\bytedeco\javacpp\windows-x86_64\jniopencv_imgcodecs.dll
0x00007ff96def0000 - 0x00007ff96df43000 	C:\Users\Joao_\.javacpp\cache\opencv-windows-x86_64.jar\org\bytedeco\javacpp\windows-x86_64\opencv_videoio310.dll
0x00007ff96f690000 - 0x00007ff96f6af000 	C:\WINDOWS\SYSTEM32\AVIFIL32.dll
0x00007ff96db80000 - 0x00007ff96dba9000 	C:\WINDOWS\SYSTEM32\MSVFW32.dll
0x00007ff96eb40000 - 0x00007ff96eb58000 	C:\WINDOWS\SYSTEM32\AVICAP32.dll
0x00007ff955e80000 - 0x00007ff955e9c000 	C:\WINDOWS\SYSTEM32\MSACM32.dll
0x00007ff96ded0000 - 0x00007ff96dee7000 	C:\Users\Joao_\.javacpp\cache\opencv-windows-x86_64.jar\org\bytedeco\javacpp\windows-x86_64\jniopencv_videoio.dll
0x00007ff96db50000 - 0x00007ff96db7c000 	C:\Users\Joao_\.javacpp\cache\opencv-windows-x86_64.jar\org\bytedeco\javacpp\windows-x86_64\opencv_highgui310.dll
0x00007ff977040000 - 0x00007ff977148000 	C:\WINDOWS\System32\COMDLG32.dll
0x00007ff96db10000 - 0x00007ff96db45000 	C:\Users\Joao_\.javacpp\cache\opencv-windows-x86_64.jar\org\bytedeco\javacpp\windows-x86_64\jniopencv_highgui.dll
0x00007ff96ce60000 - 0x00007ff96cf2d000 	C:\Users\Joao_\.javacpp\cache\opencv-windows-x86_64.jar\org\bytedeco\javacpp\windows-x86_64\opencv_ml310.dll
0x00007ff96caa0000 - 0x00007ff96cadf000 	C:\Users\Joao_\.javacpp\cache\opencv-windows-x86_64.jar\org\bytedeco\javacpp\windows-x86_64\jniopencv_ml.dll
0x00007ff95f890000 - 0x00007ff95f926000 	C:\Users\Joao_\.javacpp\cache\opencv-windows-x86_64.jar\org\bytedeco\javacpp\windows-x86_64\opencv_objdetect310.dll
0x00007ff965370000 - 0x00007ff9653c4000 	C:\Users\Joao_\.javacpp\cache\opencv-windows-x86_64.jar\org\bytedeco\javacpp\windows-x86_64\jniopencv_objdetect.dll
0x00007ff964e50000 - 0x00007ff964e96000 	C:\Users\Joao_\.javacpp\cache\opencv-windows-x86_64.jar\org\bytedeco\javacpp\windows-x86_64\opencv_face310.dll
0x00007ff967a70000 - 0x00007ff967a8a000 	C:\Users\Joao_\.javacpp\cache\opencv-windows-x86_64.jar\org\bytedeco\javacpp\windows-x86_64\jniopencv_face.dll
0x00007ff964080000 - 0x00007ff9640a6000 	C:\Users\Joao_\.javacpp\cache\videoinput-windows-x86_64.jar\org\bytedeco\javacpp\windows-x86_64\jnivideoInputLib.dll
0x0000000057710000 - 0x0000000057752000 	C:\Program Files\Java\jdk1.8.0_91\jre\bin\t2k.dll
0x0000000058540000 - 0x0000000058555000 	C:\Users\Joao_\.javacpp\cache\libfreenect-windows-x86_64.jar\org\bytedeco\javacpp\windows-x86_64\libusb0.dll
0x00007ff977c10000 - 0x00007ff97804b000 	C:\WINDOWS\System32\SETUPAPI.dll
0x00007ff964040000 - 0x00007ff964074000 	C:\Users\Joao_\.javacpp\cache\libfreenect-windows-x86_64.jar\org\bytedeco\javacpp\windows-x86_64\freenect.dll
0x00007ff95fd00000 - 0x00007ff95fd19000 	C:\Users\Joao_\.javacpp\cache\libfreenect-windows-x86_64.jar\org\bytedeco\javacpp\windows-x86_64\pthreadVC2.dll
0x00007ff95fcd0000 - 0x00007ff95fcf4000 	C:\Users\Joao_\.javacpp\cache\libfreenect-windows-x86_64.jar\org\bytedeco\javacpp\windows-x86_64\jnifreenect.dll
0x00007ff975900000 - 0x00007ff97599e000 	C:\WINDOWS\System32\clbcatq.dll
0x00007ff970c80000 - 0x00007ff970e2c000 	C:\WINDOWS\SYSTEM32\WindowsCodecs.dll
0x00007ff965d50000 - 0x00007ff965d97000 	C:\WINDOWS\system32\dataexchange.dll
0x00007ff971ff0000 - 0x00007ff9722cf000 	C:\WINDOWS\system32\d3d11.dll
0x00007ff972ae0000 - 0x00007ff972c02000 	C:\WINDOWS\system32\dcomp.dll
0x00007ff973820000 - 0x00007ff9738c4000 	C:\WINDOWS\system32\dxgi.dll
0x00007ff973110000 - 0x00007ff973280000 	C:\WINDOWS\system32\twinapi.appcore.dll
0x00007ff974750000 - 0x00007ff974775000 	C:\WINDOWS\system32\bcrypt.dll
0x00007ff970160000 - 0x00007ff9701e2000 	C:\WINDOWS\System32\TextInputFramework.dll
0x00007ff970700000 - 0x00007ff9709d2000 	C:\WINDOWS\System32\CoreUIComponents.dll
0x00007ff972880000 - 0x00007ff972963000 	C:\WINDOWS\System32\CoreMessaging.dll
0x00007ff973a20000 - 0x00007ff973a51000 	C:\WINDOWS\SYSTEM32\ntmarta.dll
0x00007ff971000000 - 0x00007ff971139000 	C:\WINDOWS\SYSTEM32\wintypes.dll
0x00007ff971530000 - 0x00007ff971545000 	C:\WINDOWS\SYSTEM32\usermgrcli.dll
0x00007ff95f870000 - 0x00007ff95f887000 	C:\Windows\System32\devenum.dll
0x00007ff973450000 - 0x00007ff973478000 	C:\WINDOWS\SYSTEM32\DEVOBJ.dll
0x00007ff974d10000 - 0x00007ff974d66000 	C:\WINDOWS\System32\WINTRUST.dll
0x00007ff9748a0000 - 0x00007ff9748b1000 	C:\WINDOWS\System32\MSASN1.dll
0x00007ff975730000 - 0x00007ff9758f9000 	C:\WINDOWS\System32\CRYPT32.dll
0x00007ff96eed0000 - 0x00007ff96eedb000 	C:\WINDOWS\SYSTEM32\msdmo.dll
0x0000000058600000 - 0x000000005862a000 	C:\Program Files\Java\jdk1.8.0_91\jre\bin\dcpr.dll
0x00007ff95f830000 - 0x00007ff95f862000 	C:\Windows\System32\qcap.dll
0x00007ff946a20000 - 0x00007ff946bdc000 	C:\Windows\System32\quartz.dll
0x00007ff9561b0000 - 0x00007ff9561fd000 	C:\Windows\System32\mfksproxy.dll
0x00007ff96cca0000 - 0x00007ff96ccbc000 	C:\Windows\System32\ATL.DLL
0x00007ff94d640000 - 0x00007ff94d672000 	C:\Windows\System32\MFSENSORGROUP.dll
0x00007ff96a250000 - 0x00007ff96a3f0000 	C:\Windows\System32\MFPlat.DLL
0x00007ff96ca50000 - 0x00007ff96ca82000 	C:\Windows\System32\RTWorkQ.DLL
0x00007ff953520000 - 0x00007ff953568000 	C:\Windows\System32\ksproxy.ax
0x00007ff96f170000 - 0x00007ff96f179000 	C:\Windows\System32\ksuser.dll
0x00007ff945c50000 - 0x00007ff945dd9000 	C:\Windows\System32\d3d9.dll
0x00007ff971800000 - 0x00007ff971877000 	C:\WINDOWS\SYSTEM32\policymanager.dll
0x00007ff971770000 - 0x00007ff9717ff000 	C:\Windows\System32\msvcp110_win.dll
0x00007ff972a70000 - 0x00007ff972a7c000 	C:\Windows\System32\vidcap.ax
0x00007ff95a460000 - 0x00007ff95a486000 	C:\Windows\System32\kswdmcap.ax
0x00007ff951e10000 - 0x00007ff951f74000 	C:\Windows\System32\MFC42.dll
0x00007ff9520a0000 - 0x00007ff95213f000 	C:\Windows\System32\qedit.dll
0x00007ff964ca0000 - 0x00007ff964e35000 	C:\WINDOWS\WinSxS\amd64_microsoft.windows.gdiplus_6595b64144ccf1df_1.1.15063.608_none_56f0266b425534e9\gdiplus.dll
0x00007ff9498a0000 - 0x00007ff949996000 	C:\Windows\System32\DDRAW.dll
0x00007ff971970000 - 0x00007ff971978000 	C:\Windows\System32\DCIMAN32.dll
0x00007ff946780000 - 0x00007ff946997000 	C:\Program Files (x86)\K-Lite Codec Pack\Filters\DirectVobSub64\vsfilter.dll
0x00007ff95ce60000 - 0x00007ff95ceea000 	C:\WINDOWS\SYSTEM32\WINSPOOL.DRV
0x00007ff959ce0000 - 0x00007ff95a00e000 	C:\WINDOWS\SYSTEM32\WININET.dll
0x00007ff96a180000 - 0x00007ff96a1eb000 	C:\WINDOWS\SYSTEM32\OLEACC.dll
0x00007ff96f600000 - 0x00007ff96f60c000 	C:\WINDOWS\SYSTEM32\msyuv.dll
0x00007ff964820000 - 0x00007ff9649c9000 	C:\WINDOWS\SYSTEM32\dbghelp.dll

VM Arguments:
jvm_args: -Dfile.encoding=UTF-8 -Djava.library.path=C:\opencv\build\java\x64 
java_command: main.main
java_class_path (initial): C:\Users\Joao_\Downloads\javacpp-1.3-bin\javacpp-bin\javacpp.jar;C:\Users\Joao_\Downloads\javacv-platform-1.3-bin\javacv-bin\opencv-windows-x86_64.jar;C:\Users\Joao_\Downloads\javacv-platform-1.3-bin\javacv-bin\videoinput-windows-x86_64.jar;C:\Users\Joao_\Downloads\javacv-platform-1.3-bin\javacv-bin\artoolkitplus-windows-x86_64.jar;C:\Users\Joao_\Downloads\javacv-platform-1.3-bin\javacv-bin\ffmpeg-windows-x86_64.jar;C:\Users\Joao_\Downloads\javacv-platform-1.3-bin\javacv-bin\flandmark-windows-x86_64.jar;C:\Users\Joao_\Downloads\javacv-platform-1.3-bin\javacv-bin\flycapture-windows-x86_64.jar;C:\Users\Joao_\Downloads\javacv-platform-1.3-bin\javacv-bin\javacv-platform.jar;C:\Users\Joao_\Downloads\javacv-platform-1.3-bin\javacv-bin\javacv.jar;C:\Users\Joao_\Downloads\javacv-platform-1.3-bin\javacv-bin\libdc1394-windows-x86_64.jar;C:\Users\Joao_\Downloads\javacv-platform-1.3-bin\javacv-bin\libfreenect-platform.jar;C:\Users\Joao_\Downloads\javacv-platform-1.3-bin\javacv-bin\libfreenect-windows-x86_64.jar;C:\Users\Joao_\Downloads\javacv-platform-1.3-bin\javacv-bin\librealsense-platform.jar;C:\Users\Joao_\Downloads\javacv-platform-1.3-bin\javacv-bin\librealsense.jar;C:\Users\Joao_\Downloads\javacv-platform-1.3-bin\javacv-bin\opencv.jar;C:\Users\Joao_\Downloads\javacv-platform-1.3-bin\javacv-bin\videoinput.jar;C:\TCC.UniSecurity\build\classes
Launcher Type: SUN_STANDARD

Environment Variables:
PATH=C:\ProgramData\Oracle\Java\javapath;C:\WINDOWS\system32;C:\WINDOWS;C:\WINDOWS\System32\Wbem;C:\WINDOWS\System32\WindowsPowerShell\v1.0\;C:\Program Files (x86)\Skype\Phone\;C:\Program Files\Microsoft SQL Server\120\DTS\Binn\;C:\Program Files\Microsoft SQL Server\Client SDK\ODBC\110\Tools\Binn\;C:\Program Files (x86)\Microsoft SQL Server\120\Tools\Binn\;C:\Program Files\Microsoft SQL Server\120\Tools\Binn\;C:\Program Files (x86)\Microsoft SQL Server\120\Tools\Binn\ManagementStudio\;C:\Program Files (x86)\Microsoft SQL Server\120\DTS\Binn\;C:\Program Files\CMake\bin;C:\opencv\build\x64\vc14\bin;C:\Users\Joao_\AppData\Local\Programs\Python\Python37\Scripts\;C:\Users\Joao_\AppData\Local\Programs\Python\Python37\;C:\Users\Joao_\AppData\Local\Microsoft\WindowsApps;
USERNAME=Joao_
OS=Windows_NT
PROCESSOR_IDENTIFIER=Intel64 Family 6 Model 58 Stepping 9, GenuineIntel



---------------  S Y S T E M  ---------------

OS: Windows 10.0 , 64 bit Build 15063 (10.0.15063.296)

CPU:total 4 (2 cores per cpu, 2 threads per core) family 6 model 58 stepping 9, cmov, cx8, fxsr, mmx, sse, sse2, sse3, ssse3, sse4.1, sse4.2, popcnt, avx, aes, clmul, erms, ht, tsc, tscinvbit, tscinv

Memory: 4k page, physical 4092772k(1266228k free), swap 5774224k(1542916k free)

vm_info: Java HotSpot(TM) 64-Bit Server VM (25.91-b14) for windows-amd64 JRE (1.8.0_91-b14), built on Apr  1 2016 00:58:32 by "java_re" with MS VC++ 10.0 (VS2010)

time: Tue Oct 17 19:58:36 2017
elapsed time: 13 seconds (0d 0h 0m 13s)

