#
# A fatal error has been detected by the Java Runtime Environment:
#
#  EXCEPTION_ACCESS_VIOLATION (0xc0000005) at pc=0x00007ffcd24bb907, pid=4792, tid=5628
#
# JRE version: Java(TM) SE Runtime Environment (8.0_91-b14) (build 1.8.0_91-b14)
# Java VM: Java HotSpot(TM) 64-Bit Server VM (25.91-b14 mixed mode windows-amd64 compressed oops)
# Problematic frame:
# C  [opencv_face310.dll+0x1b907]
#
# Failed to write core dump. Minidumps are not enabled by default on client versions of Windows
#
# If you would like to submit a bug report, please visit:
#   http://bugreport.java.com/bugreport/crash.jsp
# The crash happened outside the Java Virtual Machine in native code.
# See problematic frame for where to report the bug.
#

---------------  T H R E A D  ---------------

Current thread (0x0000000017327800):  JavaThread "pool-1-thread-1" [_thread_in_native, id=5628, stack(0x000000002e460000,0x000000002e560000)]

siginfo: ExceptionCode=0xc0000005, reading address 0x000000001a50d000

Registers:
RAX=0x000000002e55ea50, RBX=0x0000000000000138, RCX=0x000000001a50cfff, RDX=0x000000001a50cfff
RSP=0x000000002e55e970, RBP=0x000000002e55ea70, RSI=0x000000000000005c, RDI=0x000000000000004f
R8 =0x000000001a50aea0, R9 =0x000000000000005c, R10=0x000000000000004f, R11=0x000000000000005c
R12=0xffffffffffffffff, R13=0x0000000000000001, R14=0x0000000000000001, R15=0x0000000000000000
RIP=0x00007ffcd24bb907, EFLAGS=0x0000000000010206

Top of Stack: (sp=0x000000002e55e970)
0x000000002e55e970:   0000000080000000 000000002e55ea60
0x000000002e55e980:   0000000000000008 000000002e55ec30
0x000000002e55e990:   00000000ffffffff 0000000000000000
0x000000002e55e9a0:   0000000000000000 000000000a090201
0x000000002e55e9b0:   000000010000005c 0000000000000008
0x000000002e55e9c0:   0000000000000000 0000000000000000
0x000000002e55e9d0:   0000000000000000 00000000c1020006
0x000000002e55e9e0:   000000002e55e9c8 0000000100000001
0x000000002e55e9f0:   fffffffffffffffe 0000000000000000
0x000000002e55ea00:   0000000242ff4000 0000005c00000070
0x000000002e55ea10:   000000001a50aea0 000000001a50aea0
0x000000002e55ea20:   000000001a50d6e0 000000001a50d6e0
0x000000002e55ea30:   0000000000000000 0000000000000000
0x000000002e55ea40:   000000002e55ea08 000000002e55ea50
0x000000002e55ea50:   000000000000005c 0000000000000001
0x000000002e55ea60:   0000000242ff4004 0000005a0000006e 

Instructions: (pc=0x00007ffcd24bb907)
0x00007ffcd24bb8e7:   08 4b 8d 0c 03 49 0f af c9 4c 8b 45 a0 49 03 c8
0x00007ffcd24bb8f7:   49 03 ca 49 8b d3 49 0f af d1 49 03 d0 49 03 d2
0x00007ffcd24bb907:   41 0f b6 44 0d 00 66 0f 6e d0 0f 5b d2 f3 0f 59
0x00007ffcd24bb917:   d3 48 63 44 24 44 48 8b f0 0f b6 04 08 66 0f 6e 


Register to memory mapping:

RAX=0x000000002e55ea50 is pointing into the stack for thread: 0x0000000017327800
RBX=0x0000000000000138 is an unknown value
RCX=0x000000001a50cfff is an unknown value
RDX=0x000000001a50cfff is an unknown value
RSP=0x000000002e55e970 is pointing into the stack for thread: 0x0000000017327800
RBP=0x000000002e55ea70 is pointing into the stack for thread: 0x0000000017327800
RSI=0x000000000000005c is an unknown value
RDI=0x000000000000004f is an unknown value
R8 =0x000000001a50aea0 is an unknown value
R9 =0x000000000000005c is an unknown value
R10=0x000000000000004f is an unknown value
R11=0x000000000000005c is an unknown value
R12=0xffffffffffffffff is an unknown value
R13=0x0000000000000001 is an unknown value
R14=0x0000000000000001 is an unknown value
R15=0x0000000000000000 is an unknown value


Stack: [0x000000002e460000,0x000000002e560000],  sp=0x000000002e55e970,  free space=1018k
Native frames: (J=compiled Java code, j=interpreted, Vv=VM code, C=native code)
C  [opencv_face310.dll+0x1b907]
C  [opencv_face310.dll+0x1e2ba]
C  [opencv_face310.dll+0x1e235]
C  [opencv_face310.dll+0x20a6b]
C  [jniopencv_face.dll+0x7b42]
C  0x0000000002697f54

Java frames: (J=compiled Java code, j=interpreted, Vv=VM code)
j  org.bytedeco.javacpp.opencv_face$FaceRecognizer.train(Lorg/bytedeco/javacpp/opencv_core$MatVector;Lorg/bytedeco/javacpp/opencv_core$Mat;)V+0
j  processing.LBPHFaceRecognizer.retrainAll()V+269
j  processing.LBPHFaceRecognizer.saveNewFace(Ljava/lang/String;[Lorg/bytedeco/javacpp/opencv_core$IplImage;)Z+149
j  processing.FacePanel$2.run()V+59
j  java.util.concurrent.ThreadPoolExecutor.runWorker(Ljava/util/concurrent/ThreadPoolExecutor$Worker;)V+95
j  java.util.concurrent.ThreadPoolExecutor$Worker.run()V+5
j  java.lang.Thread.run()V+11
v  ~StubRoutines::call_stub

---------------  P R O C E S S  ---------------

Java Threads: ( => current thread )
=>0x0000000017327800 JavaThread "pool-1-thread-1" [_thread_in_native, id=5628, stack(0x000000002e460000,0x000000002e560000)]
  0x0000000018bce000 JavaThread "TimerQueue" daemon [_thread_blocked, id=5668, stack(0x000000002c4f0000,0x000000002c5f0000)]
  0x00000000182c3000 JavaThread "Thread-1" [_thread_in_native, id=9808, stack(0x000000001a540000,0x000000001a640000)]
  0x0000000000c7d800 JavaThread "DestroyJavaVM" [_thread_blocked, id=5800, stack(0x0000000002440000,0x0000000002540000)]
  0x0000000018922800 JavaThread "AWT-EventQueue-0" [_thread_blocked, id=3392, stack(0x0000000019440000,0x0000000019540000)]
  0x0000000017299800 JavaThread "JavaCPP Deallocator" daemon [_thread_blocked, id=5384, stack(0x00000000191c0000,0x00000000192c0000)]
  0x0000000016de1000 JavaThread "AWT-Windows" daemon [_thread_in_native, id=3688, stack(0x00000000179c0000,0x0000000017ac0000)]
  0x0000000016dde000 JavaThread "AWT-Shutdown" [_thread_blocked, id=8760, stack(0x00000000178c0000,0x00000000179c0000)]
  0x0000000016ddd800 JavaThread "Java2D Disposer" daemon [_thread_blocked, id=5376, stack(0x00000000177c0000,0x00000000178c0000)]
  0x0000000014cee000 JavaThread "Service Thread" daemon [_thread_blocked, id=9748, stack(0x00000000169e0000,0x0000000016ae0000)]
  0x0000000014c93800 JavaThread "C1 CompilerThread2" daemon [_thread_blocked, id=7512, stack(0x00000000164e0000,0x00000000165e0000)]
  0x0000000014c90000 JavaThread "C2 CompilerThread1" daemon [_thread_blocked, id=5396, stack(0x00000000163e0000,0x00000000164e0000)]
  0x0000000014c8d800 JavaThread "C2 CompilerThread0" daemon [_thread_blocked, id=2044, stack(0x00000000162e0000,0x00000000163e0000)]
  0x0000000014c8c000 JavaThread "Attach Listener" daemon [_thread_blocked, id=1048, stack(0x00000000161e0000,0x00000000162e0000)]
  0x0000000014c8b000 JavaThread "Signal Dispatcher" daemon [_thread_blocked, id=8612, stack(0x00000000160e0000,0x00000000161e0000)]
  0x0000000014c79000 JavaThread "Finalizer" daemon [_thread_blocked, id=3396, stack(0x0000000015ef0000,0x0000000015ff0000)]
  0x0000000002671000 JavaThread "Reference Handler" daemon [_thread_blocked, id=5060, stack(0x0000000015df0000,0x0000000015ef0000)]

Other Threads:
  0x0000000014c57000 VMThread [stack: 0x0000000015cf0000,0x0000000015df0000] [id=524]
  0x000000001662d000 WatcherThread [stack: 0x0000000016ae0000,0x0000000016be0000] [id=9476]

VM state:not at safepoint (normal execution)

VM Mutex/Monitor currently owned by a thread: None

Heap:
 PSYoungGen      total 23552K, used 2872K [0x00000000eb300000, 0x00000000ed100000, 0x0000000100000000)
  eden space 16384K, 15% used [0x00000000eb300000,0x00000000eb57e240,0x00000000ec300000)
  from space 7168K, 4% used [0x00000000ec300000,0x00000000ec350000,0x00000000eca00000)
  to   space 7168K, 0% used [0x00000000eca00000,0x00000000eca00000,0x00000000ed100000)
 ParOldGen       total 44032K, used 7564K [0x00000000c1800000, 0x00000000c4300000, 0x00000000eb300000)
  object space 44032K, 17% used [0x00000000c1800000,0x00000000c1f631b8,0x00000000c4300000)
 Metaspace       used 16192K, capacity 16422K, committed 16640K, reserved 1064960K
  class space    used 1936K, capacity 1996K, committed 2048K, reserved 1048576K

Card table byte_map: [0x0000000011a40000,0x0000000011c40000] byte_map_base: 0x0000000011434000

Marking Bits: (ParMarkBitMap*) 0x0000000075bd2f70
 Begin Bits: [0x0000000012190000, 0x0000000013130000)
 End Bits:   [0x0000000013130000, 0x00000000140d0000)

Polling page: 0x0000000000c80000

CodeCache: size=245760Kb used=5911Kb max_used=5922Kb free=239848Kb
 bounds [0x0000000002680000, 0x0000000002c50000, 0x0000000011680000]
 total_blobs=2339 nmethods=1711 adapters=540
 compilation: enabled

Compilation events (10 events):
Event: 13.287 Thread 0x0000000014c93800 1705       3       org.bytedeco.javacpp.helper.opencv_core$AbstractCvMat::put (24 bytes)
Event: 13.288 Thread 0x0000000014c93800 nmethod 1705 0x0000000002c44f10 code [0x0000000002c450c0, 0x0000000002c45668]
Event: 13.288 Thread 0x0000000014c93800 1706       3       org.bytedeco.javacpp.helper.opencv_core$AbstractCvMat::put (138 bytes)
Event: 13.289 Thread 0x0000000014c93800 nmethod 1706 0x0000000002c45850 code [0x0000000002c45aa0, 0x0000000002c46778]
Event: 13.289 Thread 0x0000000014c93800 1707       3       org.bytedeco.javacpp.helper.opencv_core$AbstractCvMat::getIntBuffer (42 bytes)
Event: 13.289 Thread 0x0000000014c93800 nmethod 1707 0x0000000002c46b10 code [0x0000000002c46ce0, 0x0000000002c47568]
Event: 13.289 Thread 0x0000000014c93800 1708       3       java.nio.DirectIntBufferU::put (18 bytes)
Event: 13.290 Thread 0x0000000014c93800 nmethod 1708 0x0000000002c47850 code [0x0000000002c479c0, 0x0000000002c47c30]
Event: 13.290 Thread 0x0000000014c93800 1709       3       java.nio.DirectIntBufferU::ix (10 bytes)
Event: 13.290 Thread 0x0000000014c93800 nmethod 1709 0x0000000002c47d50 code [0x0000000002c47ea0, 0x0000000002c48010]

GC Heap History (10 events):
Event: 5.190 GC heap before
{Heap before GC invocations=3 (full 0):
 PSYoungGen      total 18944K, used 18245K [0x00000000eb300000, 0x00000000ec800000, 0x0000000100000000)
  eden space 16384K, 95% used [0x00000000eb300000,0x00000000ec255710,0x00000000ec300000)
  from space 2560K, 99% used [0x00000000ec580000,0x00000000ec7fc010,0x00000000ec800000)
  to   space 2560K, 0% used [0x00000000ec300000,0x00000000ec300000,0x00000000ec580000)
 ParOldGen       total 44032K, used 4986K [0x00000000c1800000, 0x00000000c4300000, 0x00000000eb300000)
  object space 44032K, 11% used [0x00000000c1800000,0x00000000c1cde8f8,0x00000000c4300000)
 Metaspace       used 15524K, capacity 15682K, committed 15872K, reserved 1062912K
  class space    used 1900K, capacity 1964K, committed 2048K, reserved 1048576K
Event: 5.198 GC heap after
Heap after GC invocations=3 (full 0):
 PSYoungGen      total 18944K, used 2544K [0x00000000eb300000, 0x00000000ec800000, 0x0000000100000000)
  eden space 16384K, 0% used [0x00000000eb300000,0x00000000eb300000,0x00000000ec300000)
  from space 2560K, 99% used [0x00000000ec300000,0x00000000ec57c010,0x00000000ec580000)
  to   space 2560K, 0% used [0x00000000ec580000,0x00000000ec580000,0x00000000ec800000)
 ParOldGen       total 44032K, used 5092K [0x00000000c1800000, 0x00000000c4300000, 0x00000000eb300000)
  object space 44032K, 11% used [0x00000000c1800000,0x00000000c1cf9388,0x00000000c4300000)
 Metaspace       used 15524K, capacity 15682K, committed 15872K, reserved 1062912K
  class space    used 1900K, capacity 1964K, committed 2048K, reserved 1048576K
}
Event: 7.318 GC heap before
{Heap before GC invocations=4 (full 0):
 PSYoungGen      total 18944K, used 18266K [0x00000000eb300000, 0x00000000ec800000, 0x0000000100000000)
  eden space 16384K, 95% used [0x00000000eb300000,0x00000000ec25a8a0,0x00000000ec300000)
  from space 2560K, 99% used [0x00000000ec300000,0x00000000ec57c010,0x00000000ec580000)
  to   space 2560K, 0% used [0x00000000ec580000,0x00000000ec580000,0x00000000ec800000)
 ParOldGen       total 44032K, used 5092K [0x00000000c1800000, 0x00000000c4300000, 0x00000000eb300000)
  object space 44032K, 11% used [0x00000000c1800000,0x00000000c1cf9388,0x00000000c4300000)
 Metaspace       used 15609K, capacity 15810K, committed 16128K, reserved 1062912K
  class space    used 1901K, capacity 1964K, committed 2048K, reserved 1048576K
Event: 7.325 GC heap after
Heap after GC invocations=4 (full 0):
 PSYoungGen      total 18944K, used 2544K [0x00000000eb300000, 0x00000000ec800000, 0x0000000100000000)
  eden space 16384K, 0% used [0x00000000eb300000,0x00000000eb300000,0x00000000ec300000)
  from space 2560K, 99% used [0x00000000ec580000,0x00000000ec7fc010,0x00000000ec800000)
  to   space 2560K, 0% used [0x00000000ec300000,0x00000000ec300000,0x00000000ec580000)
 ParOldGen       total 44032K, used 5124K [0x00000000c1800000, 0x00000000c4300000, 0x00000000eb300000)
  object space 44032K, 11% used [0x00000000c1800000,0x00000000c1d01388,0x00000000c4300000)
 Metaspace       used 15609K, capacity 15810K, committed 16128K, reserved 1062912K
  class space    used 1901K, capacity 1964K, committed 2048K, reserved 1048576K
}
Event: 9.191 GC heap before
{Heap before GC invocations=5 (full 0):
 PSYoungGen      total 18944K, used 18286K [0x00000000eb300000, 0x00000000ec800000, 0x0000000100000000)
  eden space 16384K, 96% used [0x00000000eb300000,0x00000000ec25f930,0x00000000ec300000)
  from space 2560K, 99% used [0x00000000ec580000,0x00000000ec7fc010,0x00000000ec800000)
  to   space 2560K, 0% used [0x00000000ec300000,0x00000000ec300000,0x00000000ec580000)
 ParOldGen       total 44032K, used 5124K [0x00000000c1800000, 0x00000000c4300000, 0x00000000eb300000)
  object space 44032K, 11% used [0x00000000c1800000,0x00000000c1d01388,0x00000000c4300000)
 Metaspace       used 15810K, capacity 16006K, committed 16384K, reserved 1062912K
  class space    used 1902K, capacity 1964K, committed 2048K, reserved 1048576K
Event: 9.198 GC heap after
Heap after GC invocations=5 (full 0):
 PSYoungGen      total 18944K, used 2544K [0x00000000eb300000, 0x00000000ed100000, 0x0000000100000000)
  eden space 16384K, 0% used [0x00000000eb300000,0x00000000eb300000,0x00000000ec300000)
  from space 2560K, 99% used [0x00000000ec300000,0x00000000ec57c010,0x00000000ec580000)
  to   space 7168K, 0% used [0x00000000eca00000,0x00000000eca00000,0x00000000ed100000)
 ParOldGen       total 44032K, used 5156K [0x00000000c1800000, 0x00000000c4300000, 0x00000000eb300000)
  object space 44032K, 11% used [0x00000000c1800000,0x00000000c1d09388,0x00000000c4300000)
 Metaspace       used 15810K, capacity 16006K, committed 16384K, reserved 1062912K
  class space    used 1902K, capacity 1964K, committed 2048K, reserved 1048576K
}
Event: 11.196 GC heap before
{Heap before GC invocations=6 (full 0):
 PSYoungGen      total 18944K, used 18395K [0x00000000eb300000, 0x00000000ed100000, 0x0000000100000000)
  eden space 16384K, 96% used [0x00000000eb300000,0x00000000ec27aee0,0x00000000ec300000)
  from space 2560K, 99% used [0x00000000ec300000,0x00000000ec57c010,0x00000000ec580000)
  to   space 7168K, 0% used [0x00000000eca00000,0x00000000eca00000,0x00000000ed100000)
 ParOldGen       total 44032K, used 5156K [0x00000000c1800000, 0x00000000c4300000, 0x00000000eb300000)
  object space 44032K, 11% used [0x00000000c1800000,0x00000000c1d09388,0x00000000c4300000)
 Metaspace       used 15982K, capacity 16166K, committed 16384K, reserved 1062912K
  class space    used 1925K, capacity 1996K, committed 2048K, reserved 1048576K
Event: 11.204 GC heap after
Heap after GC invocations=6 (full 0):
 PSYoungGen      total 23552K, used 2608K [0x00000000eb300000, 0x00000000ed100000, 0x0000000100000000)
  eden space 16384K, 0% used [0x00000000eb300000,0x00000000eb300000,0x00000000ec300000)
  from space 7168K, 36% used [0x00000000eca00000,0x00000000ecc8c010,0x00000000ed100000)
  to   space 7168K, 0% used [0x00000000ec300000,0x00000000ec300000,0x00000000eca00000)
 ParOldGen       total 44032K, used 5164K [0x00000000c1800000, 0x00000000c4300000, 0x00000000eb300000)
  object space 44032K, 11% used [0x00000000c1800000,0x00000000c1d0b388,0x00000000c4300000)
 Metaspace       used 15982K, capacity 16166K, committed 16384K, reserved 1062912K
  class space    used 1925K, capacity 1996K, committed 2048K, reserved 1048576K
}
Event: 13.186 GC heap before
{Heap before GC invocations=7 (full 0):
 PSYoungGen      total 23552K, used 18132K [0x00000000eb300000, 0x00000000ed100000, 0x0000000100000000)
  eden space 16384K, 94% used [0x00000000eb300000,0x00000000ec229190,0x00000000ec300000)
  from space 7168K, 36% used [0x00000000eca00000,0x00000000ecc8c010,0x00000000ed100000)
  to   space 7168K, 0% used [0x00000000ec300000,0x00000000ec300000,0x00000000eca00000)
 ParOldGen       total 44032K, used 5164K [0x00000000c1800000, 0x00000000c4300000, 0x00000000eb300000)
  object space 44032K, 11% used [0x00000000c1800000,0x00000000c1d0b388,0x00000000c4300000)
 Metaspace       used 16156K, capacity 16294K, committed 16640K, reserved 1064960K
  class space    used 1936K, capacity 1996K, committed 2048K, reserved 1048576K
Event: 13.190 GC heap after
Heap after GC invocations=7 (full 0):
 PSYoungGen      total 23552K, used 320K [0x00000000eb300000, 0x00000000ed100000, 0x0000000100000000)
  eden space 16384K, 0% used [0x00000000eb300000,0x00000000eb300000,0x00000000ec300000)
  from space 7168K, 4% used [0x00000000ec300000,0x00000000ec350000,0x00000000eca00000)
  to   space 7168K, 0% used [0x00000000eca00000,0x00000000eca00000,0x00000000ed100000)
 ParOldGen       total 44032K, used 7564K [0x00000000c1800000, 0x00000000c4300000, 0x00000000eb300000)
  object space 44032K, 17% used [0x00000000c1800000,0x00000000c1f631b8,0x00000000c4300000)
 Metaspace       used 16156K, capacity 16294K, committed 16640K, reserved 1064960K
  class space    used 1936K, capacity 1996K, committed 2048K, reserved 1048576K
}

Deoptimization events (10 events):
Event: 2.660 Thread 0x0000000018922800 Uncommon trap: reason=unstable_if action=reinterpret pc=0x00000000028847e4 method=java.util.HashMap.getNode(ILjava/lang/Object;)Ljava/util/HashMap$Node; @ 84
Event: 2.660 Thread 0x0000000018922800 Uncommon trap: reason=unstable_if action=reinterpret pc=0x000000000296afc0 method=java.util.HashMap.getNode(ILjava/lang/Object;)Ljava/util/HashMap$Node; @ 84
Event: 2.828 Thread 0x0000000018922800 Uncommon trap: reason=unstable_if action=reinterpret pc=0x00000000029ac054 method=java.util.LinkedHashMap.get(Ljava/lang/Object;)Ljava/lang/Object; @ 20
Event: 2.834 Thread 0x0000000018922800 Uncommon trap: reason=unstable_if action=reinterpret pc=0x0000000002a31d04 method=java.awt.MultipleGradientPaintContext.indexIntoGradientsArrays(F)I @ 93
Event: 3.528 Thread 0x0000000018922800 Uncommon trap: reason=unstable_if action=reinterpret pc=0x0000000002a54868 method=org.bytedeco.javacv.Java2DFrameConverter.flipCopyWithGamma(Ljava/nio/ByteBuffer;ILjava/nio/ByteBuffer;IZDZI)V @ 50
Event: 9.672 Thread 0x0000000018922800 Uncommon trap: reason=class_check action=maybe_recompile pc=0x000000000280f968 method=java.lang.String.equals(Ljava/lang/Object;)Z @ 8
Event: 9.672 Thread 0x0000000018922800 Uncommon trap: reason=class_check action=maybe_recompile pc=0x000000000280f968 method=java.lang.String.equals(Ljava/lang/Object;)Z @ 8
Event: 9.819 Thread 0x0000000018922800 Uncommon trap: reason=class_check action=maybe_recompile pc=0x000000000280f968 method=java.lang.String.equals(Ljava/lang/Object;)Z @ 8
Event: 9.819 Thread 0x0000000018922800 Uncommon trap: reason=class_check action=maybe_recompile pc=0x000000000280f968 method=java.lang.String.equals(Ljava/lang/Object;)Z @ 8
Event: 13.183 Thread 0x0000000017327800 Uncommon trap: reason=unstable_if action=reinterpret pc=0x000000000297a1a0 method=java.io.WinNTFileSystem.normalize(Ljava/lang/String;)Ljava/lang/String; @ 128

Internal exceptions (10 events):
Event: 2.715 Thread 0x00000000182c3000 Exception <a 'java/lang/reflect/InvocationTargetException'> (0x00000000ebd0e638) thrown at [C:\re\workspace\8-2-build-windows-amd64-cygwin\jdk8u91\6644\hotspot\src\share\vm\runtime\reflection.cpp, line 1092]
Event: 2.721 Thread 0x00000000182c3000 Exception <a 'java/lang/UnsatisfiedLinkError'> (0x00000000ebd911e0) thrown at [C:\re\workspace\8-2-build-windows-amd64-cygwin\jdk8u91\6644\hotspot\src\share\vm\prims\jvm.cpp, line 3969]
Event: 2.721 Thread 0x00000000182c3000 Exception <a 'java/lang/UnsatisfiedLinkError'> (0x00000000ebd911e0) thrown at [C:\re\workspace\8-2-build-windows-amd64-cygwin\jdk8u91\6644\hotspot\src\share\vm\prims\jni.cpp, line 709]
Event: 2.723 Thread 0x00000000182c3000 Exception <a 'java/lang/UnsatisfiedLinkError'> (0x00000000ebd94200) thrown at [C:\re\workspace\8-2-build-windows-amd64-cygwin\jdk8u91\6644\hotspot\src\share\vm\prims\jvm.cpp, line 3969]
Event: 2.723 Thread 0x00000000182c3000 Exception <a 'java/lang/UnsatisfiedLinkError'> (0x00000000ebd94200) thrown at [C:\re\workspace\8-2-build-windows-amd64-cygwin\jdk8u91\6644\hotspot\src\share\vm\prims\jni.cpp, line 709]
Event: 2.724 Thread 0x00000000182c3000 Exception <a 'java/lang/UnsatisfiedLinkError'> (0x00000000ebd97220) thrown at [C:\re\workspace\8-2-build-windows-amd64-cygwin\jdk8u91\6644\hotspot\src\share\vm\prims\jvm.cpp, line 3969]
Event: 2.724 Thread 0x00000000182c3000 Exception <a 'java/lang/UnsatisfiedLinkError'> (0x00000000ebd97220) thrown at [C:\re\workspace\8-2-build-windows-amd64-cygwin\jdk8u91\6644\hotspot\src\share\vm\prims\jni.cpp, line 709]
Event: 2.724 Thread 0x00000000182c3000 Exception <a 'java/lang/UnsatisfiedLinkError'> (0x00000000ebd97858) thrown at [C:\re\workspace\8-2-build-windows-amd64-cygwin\jdk8u91\6644\hotspot\src\share\vm\oops\instanceKlass.cpp, line 948]
Event: 2.724 Thread 0x00000000182c3000 Exception <a 'java/lang/reflect/InvocationTargetException'> (0x00000000ebd980f0) thrown at [C:\re\workspace\8-2-build-windows-amd64-cygwin\jdk8u91\6644\hotspot\src\share\vm\runtime\reflection.cpp, line 1092]
Event: 2.778 Thread 0x00000000182c3000 Exception <a 'java/lang/NoClassDefFoundError': cl/eye/CLCamera> (0x00000000ec00a638) thrown at [C:\re\workspace\8-2-build-windows-amd64-cygwin\jdk8u91\6644\hotspot\src\share\vm\classfile\systemDictionary.cpp, line 199]

Events (10 events):
Event: 13.182 loading class org/bytedeco/javacpp/helper/opencv_core$AbstractCvMat$ReleaseDeallocator done
Event: 13.183 Thread 0x0000000017327800 Uncommon trap: trap_request=0xffffff65 fr.pc=0x000000000297a1a0
Event: 13.183 Thread 0x0000000017327800 DEOPT PACKING pc=0x000000000297a1a0 sp=0x000000002e55ee60
Event: 13.183 Thread 0x0000000017327800 DEOPT UNPACKING pc=0x00000000026c582a sp=0x000000002e55ee70 mode 2
Event: 13.185 loading class java/nio/DirectIntBufferU
Event: 13.185 loading class java/nio/DirectIntBufferU done
Event: 13.186 Executing VM operation: ParallelGCFailedAllocation
Event: 13.190 Executing VM operation: ParallelGCFailedAllocation done
Event: 13.190 Executing VM operation: RevokeBias
Event: 13.190 Executing VM operation: RevokeBias done


Dynamic libraries:
0x00007ff6e7170000 - 0x00007ff6e71a7000 	C:\Program Files\Java\jdk1.8.0_91\bin\java.exe
0x00007ffcedb30000 - 0x00007ffcedd0b000 	C:\WINDOWS\SYSTEM32\ntdll.dll
0x00007ffced640000 - 0x00007ffced6ee000 	C:\WINDOWS\System32\KERNEL32.DLL
0x00007ffceae40000 - 0x00007ffceb089000 	C:\WINDOWS\System32\KERNELBASE.dll
0x00007ffceb920000 - 0x00007ffceb9c1000 	C:\WINDOWS\System32\ADVAPI32.dll
0x00007ffced2e0000 - 0x00007ffced37d000 	C:\WINDOWS\System32\msvcrt.dll
0x00007ffceb860000 - 0x00007ffceb8b9000 	C:\WINDOWS\System32\sechost.dll
0x00007ffced030000 - 0x00007ffced155000 	C:\WINDOWS\System32\RPCRT4.dll
0x00007ffceb5b0000 - 0x00007ffceb6fa000 	C:\WINDOWS\System32\USER32.dll
0x00007ffceac90000 - 0x00007ffceacae000 	C:\WINDOWS\System32\win32u.dll
0x00007ffceb820000 - 0x00007ffceb847000 	C:\WINDOWS\System32\GDI32.dll
0x00007ffceacb0000 - 0x00007ffceae37000 	C:\WINDOWS\System32\gdi32full.dll
0x00007ffcea050000 - 0x00007ffcea0ea000 	C:\WINDOWS\System32\msvcp_win.dll
0x00007ffcea1a0000 - 0x00007ffcea296000 	C:\WINDOWS\System32\ucrtbase.dll
0x00007ffcd8460000 - 0x00007ffcd86c7000 	C:\WINDOWS\WinSxS\amd64_microsoft.windows.common-controls_6595b64144ccf1df_6.0.15063.483_none_26002d27e7c744a2\COMCTL32.dll
0x00007ffceb110000 - 0x00007ffceb409000 	C:\WINDOWS\System32\combase.dll
0x00007ffceaa50000 - 0x00007ffceaaba000 	C:\WINDOWS\System32\bcryptPrimitives.dll
0x00007ffced380000 - 0x00007ffced3ad000 	C:\WINDOWS\System32\IMM32.DLL
0x00000000752e0000 - 0x00000000753b2000 	C:\Program Files\Java\jdk1.8.0_91\jre\bin\msvcr100.dll
0x00000000753c0000 - 0x0000000075c53000 	C:\Program Files\Java\jdk1.8.0_91\jre\bin\server\jvm.dll
0x00007ffceb090000 - 0x00007ffceb098000 	C:\WINDOWS\System32\PSAPI.DLL
0x00007ffce8520000 - 0x00007ffce8543000 	C:\WINDOWS\SYSTEM32\WINMM.dll
0x00007ffce6ee0000 - 0x00007ffce6ee9000 	C:\WINDOWS\SYSTEM32\WSOCK32.dll
0x00007ffcde190000 - 0x00007ffcde19a000 	C:\WINDOWS\SYSTEM32\VERSION.dll
0x00007ffceb0a0000 - 0x00007ffceb10c000 	C:\WINDOWS\System32\WS2_32.dll
0x00007ffce84c0000 - 0x00007ffce84eb000 	C:\WINDOWS\SYSTEM32\WINMMBASE.dll
0x00007ffcea300000 - 0x00007ffcea349000 	C:\WINDOWS\System32\cfgmgr32.dll
0x0000000076fb0000 - 0x0000000076fbf000 	C:\Program Files\Java\jdk1.8.0_91\jre\bin\verify.dll
0x0000000075eb0000 - 0x0000000075ed9000 	C:\Program Files\Java\jdk1.8.0_91\jre\bin\java.dll
0x0000000075e90000 - 0x0000000075ea6000 	C:\Program Files\Java\jdk1.8.0_91\jre\bin\zip.dll
0x00007ffceb9d0000 - 0x00007ffcece06000 	C:\WINDOWS\System32\SHELL32.dll
0x00007ffcecf20000 - 0x00007ffcecfca000 	C:\WINDOWS\System32\shcore.dll
0x00007ffcea350000 - 0x00007ffceaa41000 	C:\WINDOWS\System32\windows.storage.dll
0x00007ffced3b0000 - 0x00007ffced401000 	C:\WINDOWS\System32\shlwapi.dll
0x00007ffcea010000 - 0x00007ffcea021000 	C:\WINDOWS\System32\kernel.appcore.dll
0x00007ffce9fc0000 - 0x00007ffcea00c000 	C:\WINDOWS\System32\powrprof.dll
0x00007ffce9fa0000 - 0x00007ffce9fb5000 	C:\WINDOWS\System32\profapi.dll
0x0000000075140000 - 0x00000000752d8000 	C:\Program Files\Java\jdk1.8.0_91\jre\bin\awt.dll
0x00007ffced410000 - 0x00007ffced4d0000 	C:\WINDOWS\System32\OLEAUT32.dll
0x00007ffce8740000 - 0x00007ffce87be000 	C:\WINDOWS\SYSTEM32\apphelp.dll
0x00007ffce8a10000 - 0x00007ffce8aa5000 	C:\WINDOWS\system32\uxtheme.dll
0x00007ffced170000 - 0x00007ffced2d6000 	C:\WINDOWS\System32\MSCTF.dll
0x00007ffce7020000 - 0x00007ffce704a000 	C:\WINDOWS\system32\dwmapi.dll
0x00007ffced4d0000 - 0x00007ffced615000 	C:\WINDOWS\System32\ole32.dll
0x00000000750f0000 - 0x0000000075137000 	C:\Program Files\Java\jdk1.8.0_91\jre\bin\fontmanager.dll
0x00007ffccc5e0000 - 0x00007ffccc6cf000 	C:\Users\Joao_\.javacpp\cache\opencv-windows-x86_64.jar\org\bytedeco\javacpp\windows-x86_64\msvcr120.dll
0x00007ffcc9420000 - 0x00007ffcc94c6000 	C:\Users\Joao_\.javacpp\cache\opencv-windows-x86_64.jar\org\bytedeco\javacpp\windows-x86_64\msvcp120.dll
0x00007ffcbd350000 - 0x00007ffcbd5ca000 	C:\Users\Joao_\.javacpp\cache\opencv-windows-x86_64.jar\org\bytedeco\javacpp\windows-x86_64\opencv_core310.dll
0x00007ffcb7d40000 - 0x00007ffcb8082000 	C:\Users\Joao_\.javacpp\cache\opencv-windows-x86_64.jar\org\bytedeco\javacpp\windows-x86_64\opencv_imgproc310.dll
0x00007ffcb9c70000 - 0x00007ffcb9e97000 	C:\Users\Joao_\.javacpp\cache\opencv-windows-x86_64.jar\org\bytedeco\javacpp\windows-x86_64\jniopencv_core.dll
0x0000000075e70000 - 0x0000000075e8a000 	C:\Program Files\Java\jdk1.8.0_91\jre\bin\net.dll
0x00007ffce9850000 - 0x00007ffce98ac000 	C:\WINDOWS\system32\mswsock.dll
0x0000000075e50000 - 0x0000000075e61000 	C:\Program Files\Java\jdk1.8.0_91\jre\bin\nio.dll
0x00007ffcc90e0000 - 0x00007ffcc91cd000 	C:\Users\Joao_\.javacpp\cache\opencv-windows-x86_64.jar\org\bytedeco\javacpp\windows-x86_64\jniopencv_imgproc.dll
0x00007ffcb7580000 - 0x00007ffcb7849000 	C:\Users\Joao_\.javacpp\cache\opencv-windows-x86_64.jar\org\bytedeco\javacpp\windows-x86_64\opencv_imgcodecs310.dll
0x00007ffce62b0000 - 0x00007ffce62d5000 	C:\Users\Joao_\.javacpp\cache\opencv-windows-x86_64.jar\org\bytedeco\javacpp\windows-x86_64\jniopencv_imgcodecs.dll
0x00007ffce14a0000 - 0x00007ffce14f3000 	C:\Users\Joao_\.javacpp\cache\opencv-windows-x86_64.jar\org\bytedeco\javacpp\windows-x86_64\opencv_videoio310.dll
0x00007ffce6440000 - 0x00007ffce6458000 	C:\WINDOWS\SYSTEM32\AVICAP32.dll
0x00007ffce26e0000 - 0x00007ffce2709000 	C:\WINDOWS\SYSTEM32\MSVFW32.dll
0x00007ffce2710000 - 0x00007ffce272f000 	C:\WINDOWS\SYSTEM32\AVIFIL32.dll
0x00007ffce2140000 - 0x00007ffce215c000 	C:\WINDOWS\SYSTEM32\MSACM32.dll
0x00007ffce2600000 - 0x00007ffce2617000 	C:\Users\Joao_\.javacpp\cache\opencv-windows-x86_64.jar\org\bytedeco\javacpp\windows-x86_64\jniopencv_videoio.dll
0x00007ffce25d0000 - 0x00007ffce25fc000 	C:\Users\Joao_\.javacpp\cache\opencv-windows-x86_64.jar\org\bytedeco\javacpp\windows-x86_64\opencv_highgui310.dll
0x00007ffcece10000 - 0x00007ffcecf18000 	C:\WINDOWS\System32\COMDLG32.dll
0x00007ffce21d0000 - 0x00007ffce2205000 	C:\Users\Joao_\.javacpp\cache\opencv-windows-x86_64.jar\org\bytedeco\javacpp\windows-x86_64\jniopencv_highgui.dll
0x00007ffcc8e90000 - 0x00007ffcc8f5d000 	C:\Users\Joao_\.javacpp\cache\opencv-windows-x86_64.jar\org\bytedeco\javacpp\windows-x86_64\opencv_ml310.dll
0x00007ffcdef00000 - 0x00007ffcdef3f000 	C:\Users\Joao_\.javacpp\cache\opencv-windows-x86_64.jar\org\bytedeco\javacpp\windows-x86_64\jniopencv_ml.dll
0x00007ffcc92c0000 - 0x00007ffcc9356000 	C:\Users\Joao_\.javacpp\cache\opencv-windows-x86_64.jar\org\bytedeco\javacpp\windows-x86_64\opencv_objdetect310.dll
0x00007ffcdee70000 - 0x00007ffcdeec4000 	C:\Users\Joao_\.javacpp\cache\opencv-windows-x86_64.jar\org\bytedeco\javacpp\windows-x86_64\jniopencv_objdetect.dll
0x00007ffcd24a0000 - 0x00007ffcd24e6000 	C:\Users\Joao_\.javacpp\cache\opencv-windows-x86_64.jar\org\bytedeco\javacpp\windows-x86_64\opencv_face310.dll
0x00007ffce2370000 - 0x00007ffce238a000 	C:\Users\Joao_\.javacpp\cache\opencv-windows-x86_64.jar\org\bytedeco\javacpp\windows-x86_64\jniopencv_face.dll
0x00007ffcdd9e0000 - 0x00007ffcdda06000 	C:\Users\Joao_\.javacpp\cache\videoinput-windows-x86_64.jar\org\bytedeco\javacpp\windows-x86_64\jnivideoInputLib.dll
0x00000000750a0000 - 0x00000000750e2000 	C:\Program Files\Java\jdk1.8.0_91\jre\bin\t2k.dll
0x0000000075e30000 - 0x0000000075e45000 	C:\Users\Joao_\.javacpp\cache\libfreenect-windows-x86_64.jar\org\bytedeco\javacpp\windows-x86_64\libusb0.dll
0x00007ffced6f0000 - 0x00007ffcedb2b000 	C:\WINDOWS\System32\SETUPAPI.dll
0x00007ffcd38a0000 - 0x00007ffcd38d4000 	C:\Users\Joao_\.javacpp\cache\libfreenect-windows-x86_64.jar\org\bytedeco\javacpp\windows-x86_64\freenect.dll
0x00007ffcdfd50000 - 0x00007ffcdfd69000 	C:\Users\Joao_\.javacpp\cache\libfreenect-windows-x86_64.jar\org\bytedeco\javacpp\windows-x86_64\pthreadVC2.dll
0x00007ffccc5b0000 - 0x00007ffccc5d4000 	C:\Users\Joao_\.javacpp\cache\libfreenect-windows-x86_64.jar\org\bytedeco\javacpp\windows-x86_64\jnifreenect.dll
0x00007ffceb700000 - 0x00007ffceb79e000 	C:\WINDOWS\System32\clbcatq.dll
0x00007ffce3bd0000 - 0x00007ffce3d7c000 	C:\WINDOWS\SYSTEM32\WindowsCodecs.dll
0x00007ffcd8720000 - 0x00007ffcd8767000 	C:\WINDOWS\system32\dataexchange.dll
0x00007ffce7780000 - 0x00007ffce7a5f000 	C:\WINDOWS\system32\d3d11.dll
0x00007ffce8100000 - 0x00007ffce8222000 	C:\WINDOWS\system32\dcomp.dll
0x00007ffce8f20000 - 0x00007ffce8fc4000 	C:\WINDOWS\system32\dxgi.dll
0x00007ffce88a0000 - 0x00007ffce8a10000 	C:\WINDOWS\system32\twinapi.appcore.dll
0x00007ffce9ea0000 - 0x00007ffce9ec5000 	C:\WINDOWS\system32\bcrypt.dll
0x00007ffce4e40000 - 0x00007ffce4ec2000 	C:\WINDOWS\System32\TextInputFramework.dll
0x00007ffce2910000 - 0x00007ffce2be2000 	C:\WINDOWS\System32\CoreUIComponents.dll
0x00007ffce8010000 - 0x00007ffce80f3000 	C:\WINDOWS\System32\CoreMessaging.dll
0x00007ffce91b0000 - 0x00007ffce91e1000 	C:\WINDOWS\SYSTEM32\ntmarta.dll
0x00007ffce6030000 - 0x00007ffce6169000 	C:\WINDOWS\SYSTEM32\wintypes.dll
0x00007ffce6cc0000 - 0x00007ffce6cd5000 	C:\WINDOWS\SYSTEM32\usermgrcli.dll
0x00007ffcdf200000 - 0x00007ffcdf217000 	C:\Windows\System32\devenum.dll
0x00007ffce8bc0000 - 0x00007ffce8be8000 	C:\WINDOWS\SYSTEM32\DEVOBJ.dll
0x00007ffcea2a0000 - 0x00007ffcea2f6000 	C:\WINDOWS\System32\WINTRUST.dll
0x00007ffcea030000 - 0x00007ffcea041000 	C:\WINDOWS\System32\MSASN1.dll
0x00007ffceaac0000 - 0x00007ffceac89000 	C:\WINDOWS\System32\CRYPT32.dll
0x00007ffce85d0000 - 0x00007ffce85db000 	C:\WINDOWS\SYSTEM32\msdmo.dll
0x00007ffcc93e0000 - 0x00007ffcc9412000 	C:\Windows\System32\qcap.dll
0x00007ffcc8bc0000 - 0x00007ffcc8d7c000 	C:\Windows\System32\quartz.dll
0x0000000075070000 - 0x000000007509a000 	C:\Program Files\Java\jdk1.8.0_91\jre\bin\dcpr.dll
0x00007ffcc9230000 - 0x00007ffcc927d000 	C:\Windows\System32\mfksproxy.dll
0x00007ffcd91b0000 - 0x00007ffcd91cc000 	C:\Windows\System32\ATL.DLL
0x00007ffce2300000 - 0x00007ffce2332000 	C:\Windows\System32\MFSENSORGROUP.dll
0x00007ffcda2e0000 - 0x00007ffcda480000 	C:\Windows\System32\MFPlat.DLL
0x00007ffcdd650000 - 0x00007ffcdd682000 	C:\Windows\System32\RTWorkQ.DLL
0x00007ffcc8e40000 - 0x00007ffcc8e88000 	C:\Windows\System32\ksproxy.ax
0x00007ffcb9410000 - 0x00007ffcb9599000 	C:\Windows\System32\d3d9.dll
0x00007ffce2170000 - 0x00007ffce2179000 	C:\Windows\System32\ksuser.dll
0x00007ffce5db0000 - 0x00007ffce5e27000 	C:\WINDOWS\SYSTEM32\policymanager.dll
0x00007ffce5d20000 - 0x00007ffce5daf000 	C:\Windows\System32\msvcp110_win.dll
0x00007ffce22c0000 - 0x00007ffce22cc000 	C:\Windows\System32\vidcap.ax
0x00007ffcc8fb0000 - 0x00007ffcc8fd6000 	C:\Windows\System32\kswdmcap.ax
0x00007ffcbffe0000 - 0x00007ffcc0144000 	C:\Windows\System32\MFC42.dll
0x00007ffcc3610000 - 0x00007ffcc36af000 	C:\Windows\System32\qedit.dll
0x00007ffcd7260000 - 0x00007ffcd73f5000 	C:\WINDOWS\WinSxS\amd64_microsoft.windows.gdiplus_6595b64144ccf1df_1.1.15063.608_none_56f0266b425534e9\gdiplus.dll
0x00007ffcc2aa0000 - 0x00007ffcc2b96000 	C:\Windows\System32\DDRAW.dll
0x00007ffce1490000 - 0x00007ffce1498000 	C:\Windows\System32\DCIMAN32.dll
0x00007ffcb7360000 - 0x00007ffcb7577000 	C:\Program Files (x86)\K-Lite Codec Pack\Filters\DirectVobSub64\vsfilter.dll
0x00007ffcd9580000 - 0x00007ffcd960a000 	C:\WINDOWS\SYSTEM32\WINSPOOL.DRV
0x00007ffcd8db0000 - 0x00007ffcd8e1b000 	C:\WINDOWS\SYSTEM32\OLEACC.dll
0x00007ffcd8970000 - 0x00007ffcd8c9e000 	C:\WINDOWS\SYSTEM32\WININET.dll
0x00007ffcdeef0000 - 0x00007ffcdeefc000 	C:\WINDOWS\SYSTEM32\msyuv.dll
0x00007ffcde610000 - 0x00007ffcde7b9000 	C:\WINDOWS\SYSTEM32\dbghelp.dll

VM Arguments:
jvm_args: -Dfile.encoding=UTF-8 -Djava.library.path=C:\opencv\build\java\x64 
java_command: main.main
java_class_path (initial): C:\Users\Joao_\Downloads\javacpp-1.3-bin\javacpp-bin\javacpp.jar;C:\Users\Joao_\Downloads\javacv-platform-1.3-bin\javacv-bin\opencv-windows-x86_64.jar;C:\Users\Joao_\Downloads\javacv-platform-1.3-bin\javacv-bin\videoinput-windows-x86_64.jar;C:\Users\Joao_\Downloads\javacv-platform-1.3-bin\javacv-bin\artoolkitplus-windows-x86_64.jar;C:\Users\Joao_\Downloads\javacv-platform-1.3-bin\javacv-bin\ffmpeg-windows-x86_64.jar;C:\Users\Joao_\Downloads\javacv-platform-1.3-bin\javacv-bin\flandmark-windows-x86_64.jar;C:\Users\Joao_\Downloads\javacv-platform-1.3-bin\javacv-bin\flycapture-windows-x86_64.jar;C:\Users\Joao_\Downloads\javacv-platform-1.3-bin\javacv-bin\javacv-platform.jar;C:\Users\Joao_\Downloads\javacv-platform-1.3-bin\javacv-bin\javacv.jar;C:\Users\Joao_\Downloads\javacv-platform-1.3-bin\javacv-bin\libdc1394-windows-x86_64.jar;C:\Users\Joao_\Downloads\javacv-platform-1.3-bin\javacv-bin\libfreenect-platform.jar;C:\Users\Joao_\Downloads\javacv-platform-1.3-bin\javacv-bin\libfreenect-windows-x86_64.jar;C:\Users\Joao_\Downloads\javacv-platform-1.3-bin\javacv-bin\librealsense-platform.jar;C:\Users\Joao_\Downloads\javacv-platform-1.3-bin\javacv-bin\librealsense.jar;C:\Users\Joao_\Downloads\javacv-platform-1.3-bin\javacv-bin\opencv.jar;C:\Users\Joao_\Downloads\javacv-platform-1.3-bin\javacv-bin\videoinput.jar;C:\TCC.UniSecurity\build\classes
Launcher Type: SUN_STANDARD

Environment Variables:
PATH=C:\ProgramData\Oracle\Java\javapath;C:\WINDOWS\system32;C:\WINDOWS;C:\WINDOWS\System32\Wbem;C:\WINDOWS\System32\WindowsPowerShell\v1.0\;C:\Program Files (x86)\Skype\Phone\;C:\Program Files\Microsoft SQL Server\120\DTS\Binn\;C:\Program Files\Microsoft SQL Server\Client SDK\ODBC\110\Tools\Binn\;C:\Program Files (x86)\Microsoft SQL Server\120\Tools\Binn\;C:\Program Files\Microsoft SQL Server\120\Tools\Binn\;C:\Program Files (x86)\Microsoft SQL Server\120\Tools\Binn\ManagementStudio\;C:\Program Files (x86)\Microsoft SQL Server\120\DTS\Binn\;C:\Program Files\CMake\bin;C:\opencv\build\x64\vc14\bin;C:\Users\Joao_\AppData\Local\Programs\Python\Python37\Scripts\;C:\Users\Joao_\AppData\Local\Programs\Python\Python37\;C:\Users\Joao_\AppData\Local\Microsoft\WindowsApps;
USERNAME=Joao_
OS=Windows_NT
PROCESSOR_IDENTIFIER=Intel64 Family 6 Model 58 Stepping 9, GenuineIntel



---------------  S Y S T E M  ---------------

OS: Windows 10.0 , 64 bit Build 15063 (10.0.15063.296)

CPU:total 4 (2 cores per cpu, 2 threads per core) family 6 model 58 stepping 9, cmov, cx8, fxsr, mmx, sse, sse2, sse3, ssse3, sse4.1, sse4.2, popcnt, avx, aes, clmul, erms, ht, tsc, tscinvbit, tscinv

Memory: 4k page, physical 4092772k(1077088k free), swap 5534564k(1201280k free)

vm_info: Java HotSpot(TM) 64-Bit Server VM (25.91-b14) for windows-amd64 JRE (1.8.0_91-b14), built on Apr  1 2016 00:58:32 by "java_re" with MS VC++ 10.0 (VS2010)

time: Fri Oct 20 00:23:48 2017
elapsed time: 13 seconds (0d 0h 0m 13s)

