#
# A fatal error has been detected by the Java Runtime Environment:
#
#  EXCEPTION_ACCESS_VIOLATION (0xc0000005) at pc=0x00007ffcc2b6b907, pid=8012, tid=5936
#
# JRE version: Java(TM) SE Runtime Environment (8.0_91-b14) (build 1.8.0_91-b14)
# Java VM: Java HotSpot(TM) 64-Bit Server VM (25.91-b14 mixed mode windows-amd64 compressed oops)
# Problematic frame:
# C  [opencv_face310.dll+0x1b907]
#
# Failed to write core dump. Minidumps are not enabled by default on client versions of Windows
#
# If you would like to submit a bug report, please visit:
#   http://bugreport.java.com/bugreport/crash.jsp
# The crash happened outside the Java Virtual Machine in native code.
# See problematic frame for where to report the bug.
#

---------------  T H R E A D  ---------------

Current thread (0x000000001879a000):  JavaThread "pool-1-thread-1" [_thread_in_native, id=5936, stack(0x000000002ef70000,0x000000002f070000)]

siginfo: ExceptionCode=0xc0000005, reading address 0x000000001aa59000

Registers:
RAX=0x000000002f06ec60, RBX=0x00000000000000f8, RCX=0x000000001aa58fff, RDX=0x000000001aa58fff
RSP=0x000000002f06eb80, RBP=0x000000002f06ec80, RSI=0x000000000000005c, RDI=0x000000000000003f
R8 =0x000000001aa58890, R9 =0x000000000000005c, R10=0x000000000000003f, R11=0x0000000000000014
R12=0xffffffffffffffff, R13=0x0000000000000001, R14=0x0000000000000001, R15=0x0000000000000000
RIP=0x00007ffcc2b6b907, EFLAGS=0x0000000000010206

Top of Stack: (sp=0x000000002f06eb80)
0x000000002f06eb80:   0000000080000000 000000002f06ec70
0x000000002f06eb90:   0000000000000008 000000002f06ee40
0x000000002f06eba0:   00000000ffffffff 0000000000000000
0x000000002f06ebb0:   0000000000000000 000000002f06ebc0
0x000000002f06ebc0:   0000000100000014 0000000000000008
0x000000002f06ebd0:   0000000000000000 0000000000000000
0x000000002f06ebe0:   0000000000000000 00000000c1020006
0x000000002f06ebf0:   000000002f06ebd8 0000000100000001
0x000000002f06ec00:   fffffffffffffffe 0000000000000000
0x000000002f06ec10:   0000000242ff4000 0000005c00000070
0x000000002f06ec20:   000000001aa58890 000000001aa58890
0x000000002f06ec30:   000000001aa5b0d0 000000001aa5b0d0
0x000000002f06ec40:   0000000000000000 0000000000000000
0x000000002f06ec50:   000000002f06ec18 000000002f06ec60
0x000000002f06ec60:   000000000000005c 0000000000000001
0x000000002f06ec70:   0000000242ff4004 0000005a0000006e 

Instructions: (pc=0x00007ffcc2b6b907)
0x00007ffcc2b6b8e7:   08 4b 8d 0c 03 49 0f af c9 4c 8b 45 a0 49 03 c8
0x00007ffcc2b6b8f7:   49 03 ca 49 8b d3 49 0f af d1 49 03 d0 49 03 d2
0x00007ffcc2b6b907:   41 0f b6 44 0d 00 66 0f 6e d0 0f 5b d2 f3 0f 59
0x00007ffcc2b6b917:   d3 48 63 44 24 44 48 8b f0 0f b6 04 08 66 0f 6e 


Register to memory mapping:

RAX=0x000000002f06ec60 is pointing into the stack for thread: 0x000000001879a000
RBX=0x00000000000000f8 is an unknown value
RCX=0x000000001aa58fff is an unknown value
RDX=0x000000001aa58fff is an unknown value
RSP=0x000000002f06eb80 is pointing into the stack for thread: 0x000000001879a000
RBP=0x000000002f06ec80 is pointing into the stack for thread: 0x000000001879a000
RSI=0x000000000000005c is an unknown value
RDI=0x000000000000003f is an unknown value
R8 =0x000000001aa58890 is an unknown value
R9 =0x000000000000005c is an unknown value
R10=0x000000000000003f is an unknown value
R11=0x0000000000000014 is an unknown value
R12=0xffffffffffffffff is an unknown value
R13=0x0000000000000001 is an unknown value
R14=0x0000000000000001 is an unknown value
R15=0x0000000000000000 is an unknown value


Stack: [0x000000002ef70000,0x000000002f070000],  sp=0x000000002f06eb80,  free space=1018k
Native frames: (J=compiled Java code, j=interpreted, Vv=VM code, C=native code)
C  [opencv_face310.dll+0x1b907]
C  [opencv_face310.dll+0x1e2ba]
C  [opencv_face310.dll+0x1e235]
C  [opencv_face310.dll+0x20a6b]
C  [jniopencv_face.dll+0x7b42]
C  0x00000000028d7f54

Java frames: (J=compiled Java code, j=interpreted, Vv=VM code)
j  org.bytedeco.javacpp.opencv_face$FaceRecognizer.train(Lorg/bytedeco/javacpp/opencv_core$MatVector;Lorg/bytedeco/javacpp/opencv_core$Mat;)V+0
j  processing.LBPHFaceRecognizer.retrainAll()V+269
j  processing.LBPHFaceRecognizer.saveNewFace(Ljava/lang/String;[Lorg/bytedeco/javacpp/opencv_core$IplImage;)Z+149
j  processing.FacePanel$2.run()V+72
j  java.util.concurrent.ThreadPoolExecutor.runWorker(Ljava/util/concurrent/ThreadPoolExecutor$Worker;)V+95
j  java.util.concurrent.ThreadPoolExecutor$Worker.run()V+5
j  java.lang.Thread.run()V+11
v  ~StubRoutines::call_stub

---------------  P R O C E S S  ---------------

Java Threads: ( => current thread )
=>0x000000001879a000 JavaThread "pool-1-thread-1" [_thread_in_native, id=5936, stack(0x000000002ef70000,0x000000002f070000)]
  0x00000000185f1800 JavaThread "TimerQueue" daemon [_thread_blocked, id=9892, stack(0x000000002c700000,0x000000002c800000)]
  0x0000000018a21000 JavaThread "Thread-1" [_thread_in_native, id=9680, stack(0x000000001a750000,0x000000001a850000)]
  0x00000000027bd800 JavaThread "DestroyJavaVM" [_thread_blocked, id=7072, stack(0x0000000002660000,0x0000000002760000)]
  0x00000000185e5800 JavaThread "AWT-EventQueue-0" [_thread_blocked, id=8616, stack(0x0000000019550000,0x0000000019650000)]
  0x00000000172f1000 JavaThread "JavaCPP Deallocator" daemon [_thread_blocked, id=736, stack(0x0000000019450000,0x0000000019550000)]
  0x0000000017088000 JavaThread "AWT-Windows" daemon [_thread_in_native, id=7156, stack(0x0000000017bf0000,0x0000000017cf0000)]
  0x0000000017085800 JavaThread "AWT-Shutdown" [_thread_blocked, id=1596, stack(0x0000000017af0000,0x0000000017bf0000)]
  0x0000000017043800 JavaThread "Java2D Disposer" daemon [_thread_blocked, id=7688, stack(0x00000000179f0000,0x0000000017af0000)]
  0x000000001684b800 JavaThread "Service Thread" daemon [_thread_blocked, id=4864, stack(0x0000000016c10000,0x0000000016d10000)]
  0x0000000014eb3000 JavaThread "C1 CompilerThread2" daemon [_thread_blocked, id=6168, stack(0x0000000016710000,0x0000000016810000)]
  0x0000000014eb0800 JavaThread "C2 CompilerThread1" daemon [_thread_blocked, id=7420, stack(0x0000000016610000,0x0000000016710000)]
  0x0000000014ead800 JavaThread "C2 CompilerThread0" daemon [_thread_blocked, id=5236, stack(0x0000000016510000,0x0000000016610000)]
  0x0000000014eac000 JavaThread "Attach Listener" daemon [_thread_blocked, id=7544, stack(0x0000000016410000,0x0000000016510000)]
  0x0000000014eab000 JavaThread "Signal Dispatcher" daemon [_thread_blocked, id=2964, stack(0x0000000016310000,0x0000000016410000)]
  0x0000000014e99000 JavaThread "Finalizer" daemon [_thread_blocked, id=1624, stack(0x0000000016120000,0x0000000016220000)]
  0x00000000028b1000 JavaThread "Reference Handler" daemon [_thread_blocked, id=5272, stack(0x0000000016020000,0x0000000016120000)]

Other Threads:
  0x0000000014e77000 VMThread [stack: 0x0000000015f20000,0x0000000016020000] [id=9364]
  0x0000000016856800 WatcherThread [stack: 0x0000000016d10000,0x0000000016e10000] [id=868]

VM state:not at safepoint (normal execution)

VM Mutex/Monitor currently owned by a thread: None

Heap:
 PSYoungGen      total 23552K, used 14636K [0x00000000eb300000, 0x00000000ed180000, 0x0000000100000000)
  eden space 15872K, 91% used [0x00000000eb300000,0x00000000ec1232e0,0x00000000ec280000)
  from space 7680K, 2% used [0x00000000ec280000,0x00000000ec2a8000,0x00000000eca00000)
  to   space 7680K, 0% used [0x00000000eca00000,0x00000000eca00000,0x00000000ed180000)
 ParOldGen       total 44032K, used 14525K [0x00000000c1800000, 0x00000000c4300000, 0x00000000eb300000)
  object space 44032K, 32% used [0x00000000c1800000,0x00000000c262f450,0x00000000c4300000)
 Metaspace       used 16219K, capacity 16454K, committed 16640K, reserved 1064960K
  class space    used 1954K, capacity 2028K, committed 2048K, reserved 1048576K

Card table byte_map: [0x0000000011c80000,0x0000000011e80000] byte_map_base: 0x0000000011674000

Marking Bits: (ParMarkBitMap*) 0x0000000075bd2f70
 Begin Bits: [0x00000000123d0000, 0x0000000013370000)
 End Bits:   [0x0000000013370000, 0x0000000014310000)

Polling page: 0x0000000000a70000

CodeCache: size=245760Kb used=5598Kb max_used=5598Kb free=240161Kb
 bounds [0x00000000028c0000, 0x0000000002e40000, 0x00000000118c0000]
 total_blobs=2269 nmethods=1641 adapters=540
 compilation: enabled

Compilation events (10 events):
Event: 15.390 Thread 0x0000000014eb3000 1638       3       org.bytedeco.javacpp.helper.opencv_core$AbstractCvMat::put (138 bytes)
Event: 15.391 Thread 0x0000000014eb3000 nmethod 1638 0x0000000002e37490 code [0x0000000002e376e0, 0x0000000002e383b8]
Event: 15.391 Thread 0x0000000014eb3000 1639       3       org.bytedeco.javacpp.helper.opencv_core$AbstractCvMat::getIntBuffer (42 bytes)
Event: 15.393 Thread 0x0000000014eb3000 nmethod 1639 0x0000000002e39650 code [0x0000000002e39820, 0x0000000002e3a0a8]
Event: 15.393 Thread 0x0000000014eb3000 1640       3       java.nio.DirectIntBufferU::put (18 bytes)
Event: 15.393 Thread 0x0000000014eb3000 nmethod 1640 0x0000000002e39150 code [0x0000000002e392c0, 0x0000000002e39530]
Event: 15.393 Thread 0x0000000014eb3000 1641       3       java.nio.DirectIntBufferU::ix (10 bytes)
Event: 15.393 Thread 0x0000000014eb3000 nmethod 1641 0x0000000002e38e10 code [0x0000000002e38f60, 0x0000000002e390d0]
Event: 15.590 Thread 0x0000000014eb3000 1642       3       sun.java2d.pipe.PixelToParallelogramConverter::len (37 bytes)
Event: 15.591 Thread 0x0000000014eb3000 nmethod 1642 0x0000000002e3a390 code [0x0000000002e3a500, 0x0000000002e3a790]

GC Heap History (10 events):
Event: 9.308 GC heap before
{Heap before GC invocations=7 (full 0):
 PSYoungGen      total 21504K, used 19940K [0x00000000eb300000, 0x00000000ed180000, 0x0000000100000000)
  eden space 16384K, 93% used [0x00000000eb300000,0x00000000ec1f4278,0x00000000ec300000)
  from space 5120K, 90% used [0x00000000ecc80000,0x00000000ed104e20,0x00000000ed180000)
  to   space 7168K, 0% used [0x00000000ec380000,0x00000000ec380000,0x00000000eca80000)
 ParOldGen       total 44032K, used 7835K [0x00000000c1800000, 0x00000000c4300000, 0x00000000eb300000)
  object space 44032K, 17% used [0x00000000c1800000,0x00000000c1fa6ee0,0x00000000c4300000)
 Metaspace       used 16074K, capacity 16262K, committed 16384K, reserved 1062912K
  class space    used 1942K, capacity 2028K, committed 2048K, reserved 1048576K
Event: 9.314 GC heap after
Heap after GC invocations=7 (full 0):
 PSYoungGen      total 18944K, used 2185K [0x00000000eb300000, 0x00000000ed100000, 0x0000000100000000)
  eden space 16384K, 0% used [0x00000000eb300000,0x00000000eb300000,0x00000000ec300000)
  from space 2560K, 85% used [0x00000000ec380000,0x00000000ec5a2710,0x00000000ec600000)
  to   space 7168K, 0% used [0x00000000eca00000,0x00000000eca00000,0x00000000ed100000)
 ParOldGen       total 44032K, used 8303K [0x00000000c1800000, 0x00000000c4300000, 0x00000000eb300000)
  object space 44032K, 18% used [0x00000000c1800000,0x00000000c201bef0,0x00000000c4300000)
 Metaspace       used 16074K, capacity 16262K, committed 16384K, reserved 1062912K
  class space    used 1942K, capacity 2028K, committed 2048K, reserved 1048576K
}
Event: 10.600 GC heap before
{Heap before GC invocations=8 (full 0):
 PSYoungGen      total 18944K, used 17709K [0x00000000eb300000, 0x00000000ed100000, 0x0000000100000000)
  eden space 16384K, 94% used [0x00000000eb300000,0x00000000ec228df0,0x00000000ec300000)
  from space 2560K, 85% used [0x00000000ec380000,0x00000000ec5a2710,0x00000000ec600000)
  to   space 7168K, 0% used [0x00000000eca00000,0x00000000eca00000,0x00000000ed100000)
 ParOldGen       total 44032K, used 8303K [0x00000000c1800000, 0x00000000c4300000, 0x00000000eb300000)
  object space 44032K, 18% used [0x00000000c1800000,0x00000000c201bef0,0x00000000c4300000)
 Metaspace       used 16149K, capacity 16326K, committed 16640K, reserved 1064960K
  class space    used 1954K, capacity 2028K, committed 2048K, reserved 1048576K
Event: 10.603 GC heap after
Heap after GC invocations=8 (full 0):
 PSYoungGen      total 23040K, used 288K [0x00000000eb300000, 0x00000000ed200000, 0x0000000100000000)
  eden space 15872K, 0% used [0x00000000eb300000,0x00000000eb300000,0x00000000ec280000)
  from space 7168K, 4% used [0x00000000eca00000,0x00000000eca48000,0x00000000ed100000)
  to   space 7680K, 0% used [0x00000000ec280000,0x00000000ec280000,0x00000000eca00000)
 ParOldGen       total 44032K, used 14325K [0x00000000c1800000, 0x00000000c4300000, 0x00000000eb300000)
  object space 44032K, 32% used [0x00000000c1800000,0x00000000c25fd420,0x00000000c4300000)
 Metaspace       used 16149K, capacity 16326K, committed 16640K, reserved 1064960K
  class space    used 1954K, capacity 2028K, committed 2048K, reserved 1048576K
}
Event: 11.915 GC heap before
{Heap before GC invocations=9 (full 0):
 PSYoungGen      total 23040K, used 14808K [0x00000000eb300000, 0x00000000ed200000, 0x0000000100000000)
  eden space 15872K, 91% used [0x00000000eb300000,0x00000000ec12e198,0x00000000ec280000)
  from space 7168K, 4% used [0x00000000eca00000,0x00000000eca48000,0x00000000ed100000)
  to   space 7680K, 0% used [0x00000000ec280000,0x00000000ec280000,0x00000000eca00000)
 ParOldGen       total 44032K, used 14325K [0x00000000c1800000, 0x00000000c4300000, 0x00000000eb300000)
  object space 44032K, 32% used [0x00000000c1800000,0x00000000c25fd420,0x00000000c4300000)
 Metaspace       used 16167K, capacity 16326K, committed 16640K, reserved 1064960K
  class space    used 1954K, capacity 2028K, committed 2048K, reserved 1048576K
Event: 11.917 GC heap after
Heap after GC invocations=9 (full 0):
 PSYoungGen      total 23552K, used 256K [0x00000000eb300000, 0x00000000ed180000, 0x0000000100000000)
  eden space 15872K, 0% used [0x00000000eb300000,0x00000000eb300000,0x00000000ec280000)
  from space 7680K, 3% used [0x00000000ec280000,0x00000000ec2c0000,0x00000000eca00000)
  to   space 7680K, 0% used [0x00000000eca00000,0x00000000eca00000,0x00000000ed180000)
 ParOldGen       total 44032K, used 14373K [0x00000000c1800000, 0x00000000c4300000, 0x00000000eb300000)
  object space 44032K, 32% used [0x00000000c1800000,0x00000000c2609420,0x00000000c4300000)
 Metaspace       used 16167K, capacity 16326K, committed 16640K, reserved 1064960K
  class space    used 1954K, capacity 2028K, committed 2048K, reserved 1048576K
}
Event: 13.293 GC heap before
{Heap before GC invocations=10 (full 0):
 PSYoungGen      total 23552K, used 16128K [0x00000000eb300000, 0x00000000ed180000, 0x0000000100000000)
  eden space 15872K, 100% used [0x00000000eb300000,0x00000000ec280000,0x00000000ec280000)
  from space 7680K, 3% used [0x00000000ec280000,0x00000000ec2c0000,0x00000000eca00000)
  to   space 7680K, 0% used [0x00000000eca00000,0x00000000eca00000,0x00000000ed180000)
 ParOldGen       total 44032K, used 14373K [0x00000000c1800000, 0x00000000c4300000, 0x00000000eb300000)
  object space 44032K, 32% used [0x00000000c1800000,0x00000000c2609420,0x00000000c4300000)
 Metaspace       used 16189K, capacity 16326K, committed 16640K, reserved 1064960K
  class space    used 1954K, capacity 2028K, committed 2048K, reserved 1048576K
Event: 13.293 GC heap after
Heap after GC invocations=10 (full 0):
 PSYoungGen      total 23552K, used 160K [0x00000000eb300000, 0x00000000ed180000, 0x0000000100000000)
  eden space 15872K, 0% used [0x00000000eb300000,0x00000000eb300000,0x00000000ec280000)
  from space 7680K, 2% used [0x00000000eca00000,0x00000000eca28000,0x00000000ed180000)
  to   space 7680K, 0% used [0x00000000ec280000,0x00000000ec280000,0x00000000eca00000)
 ParOldGen       total 44032K, used 14509K [0x00000000c1800000, 0x00000000c4300000, 0x00000000eb300000)
  object space 44032K, 32% used [0x00000000c1800000,0x00000000c262b450,0x00000000c4300000)
 Metaspace       used 16189K, capacity 16326K, committed 16640K, reserved 1064960K
  class space    used 1954K, capacity 2028K, committed 2048K, reserved 1048576K
}
Event: 14.796 GC heap before
{Heap before GC invocations=11 (full 0):
 PSYoungGen      total 23552K, used 15989K [0x00000000eb300000, 0x00000000ed180000, 0x0000000100000000)
  eden space 15872K, 99% used [0x00000000eb300000,0x00000000ec275558,0x00000000ec280000)
  from space 7680K, 2% used [0x00000000eca00000,0x00000000eca28000,0x00000000ed180000)
  to   space 7680K, 0% used [0x00000000ec280000,0x00000000ec280000,0x00000000eca00000)
 ParOldGen       total 44032K, used 14509K [0x00000000c1800000, 0x00000000c4300000, 0x00000000eb300000)
  object space 44032K, 32% used [0x00000000c1800000,0x00000000c262b450,0x00000000c4300000)
 Metaspace       used 16209K, capacity 16390K, committed 16640K, reserved 1064960K
  class space    used 1954K, capacity 2028K, committed 2048K, reserved 1048576K
Event: 14.797 GC heap after
Heap after GC invocations=11 (full 0):
 PSYoungGen      total 23552K, used 160K [0x00000000eb300000, 0x00000000ed180000, 0x0000000100000000)
  eden space 15872K, 0% used [0x00000000eb300000,0x00000000eb300000,0x00000000ec280000)
  from space 7680K, 2% used [0x00000000ec280000,0x00000000ec2a8000,0x00000000eca00000)
  to   space 7680K, 0% used [0x00000000eca00000,0x00000000eca00000,0x00000000ed180000)
 ParOldGen       total 44032K, used 14525K [0x00000000c1800000, 0x00000000c4300000, 0x00000000eb300000)
  object space 44032K, 32% used [0x00000000c1800000,0x00000000c262f450,0x00000000c4300000)
 Metaspace       used 16209K, capacity 16390K, committed 16640K, reserved 1064960K
  class space    used 1954K, capacity 2028K, committed 2048K, reserved 1048576K
}

Deoptimization events (10 events):
Event: 0.668 Thread 0x00000000185e5800 Uncommon trap: reason=unstable_if action=reinterpret pc=0x0000000002ab6458 method=java.lang.AbstractStringBuilder.append(Ljava/lang/String;)Ljava/lang/AbstractStringBuilder; @ 1
Event: 2.579 Thread 0x00000000185e5800 Uncommon trap: reason=unstable_if action=reinterpret pc=0x0000000002ac6ba4 method=java.util.HashMap.getNode(ILjava/lang/Object;)Ljava/util/HashMap$Node; @ 84
Event: 2.579 Thread 0x00000000185e5800 Uncommon trap: reason=unstable_if action=reinterpret pc=0x0000000002bba840 method=java.util.HashMap.getNode(ILjava/lang/Object;)Ljava/util/HashMap$Node; @ 84
Event: 2.760 Thread 0x00000000185e5800 Uncommon trap: reason=unstable_if action=reinterpret pc=0x0000000002bee654 method=java.util.LinkedHashMap.get(Ljava/lang/Object;)Ljava/lang/Object; @ 20
Event: 2.767 Thread 0x00000000185e5800 Uncommon trap: reason=unstable_if action=reinterpret pc=0x0000000002c6e4c4 method=java.awt.MultipleGradientPaintContext.indexIntoGradientsArrays(F)I @ 93
Event: 6.739 Thread 0x00000000185e5800 Uncommon trap: reason=class_check action=maybe_recompile pc=0x0000000002a5cfa8 method=java.lang.String.equals(Ljava/lang/Object;)Z @ 8
Event: 6.739 Thread 0x00000000185e5800 Uncommon trap: reason=class_check action=maybe_recompile pc=0x0000000002a5cfa8 method=java.lang.String.equals(Ljava/lang/Object;)Z @ 8
Event: 6.875 Thread 0x00000000185e5800 Uncommon trap: reason=class_check action=maybe_recompile pc=0x0000000002a5cfa8 method=java.lang.String.equals(Ljava/lang/Object;)Z @ 8
Event: 6.875 Thread 0x00000000185e5800 Uncommon trap: reason=class_check action=maybe_recompile pc=0x0000000002a5cfa8 method=java.lang.String.equals(Ljava/lang/Object;)Z @ 8
Event: 10.261 Thread 0x000000001879a000 Uncommon trap: reason=unstable_if action=reinterpret pc=0x0000000002ba5c7c method=java.io.WinNTFileSystem.normalize(Ljava/lang/String;)Ljava/lang/String; @ 128

Internal exceptions (10 events):
Event: 2.636 Thread 0x0000000018a21000 Exception <a 'java/lang/reflect/InvocationTargetException'> (0x00000000ebd0e4e8) thrown at [C:\re\workspace\8-2-build-windows-amd64-cygwin\jdk8u91\6644\hotspot\src\share\vm\runtime\reflection.cpp, line 1092]
Event: 2.642 Thread 0x0000000018a21000 Exception <a 'java/lang/UnsatisfiedLinkError'> (0x00000000ebd91090) thrown at [C:\re\workspace\8-2-build-windows-amd64-cygwin\jdk8u91\6644\hotspot\src\share\vm\prims\jvm.cpp, line 3969]
Event: 2.642 Thread 0x0000000018a21000 Exception <a 'java/lang/UnsatisfiedLinkError'> (0x00000000ebd91090) thrown at [C:\re\workspace\8-2-build-windows-amd64-cygwin\jdk8u91\6644\hotspot\src\share\vm\prims\jni.cpp, line 709]
Event: 2.643 Thread 0x0000000018a21000 Exception <a 'java/lang/UnsatisfiedLinkError'> (0x00000000ebd940b0) thrown at [C:\re\workspace\8-2-build-windows-amd64-cygwin\jdk8u91\6644\hotspot\src\share\vm\prims\jvm.cpp, line 3969]
Event: 2.643 Thread 0x0000000018a21000 Exception <a 'java/lang/UnsatisfiedLinkError'> (0x00000000ebd940b0) thrown at [C:\re\workspace\8-2-build-windows-amd64-cygwin\jdk8u91\6644\hotspot\src\share\vm\prims\jni.cpp, line 709]
Event: 2.644 Thread 0x0000000018a21000 Exception <a 'java/lang/UnsatisfiedLinkError'> (0x00000000ebd970d0) thrown at [C:\re\workspace\8-2-build-windows-amd64-cygwin\jdk8u91\6644\hotspot\src\share\vm\prims\jvm.cpp, line 3969]
Event: 2.644 Thread 0x0000000018a21000 Exception <a 'java/lang/UnsatisfiedLinkError'> (0x00000000ebd970d0) thrown at [C:\re\workspace\8-2-build-windows-amd64-cygwin\jdk8u91\6644\hotspot\src\share\vm\prims\jni.cpp, line 709]
Event: 2.644 Thread 0x0000000018a21000 Exception <a 'java/lang/UnsatisfiedLinkError'> (0x00000000ebd97708) thrown at [C:\re\workspace\8-2-build-windows-amd64-cygwin\jdk8u91\6644\hotspot\src\share\vm\oops\instanceKlass.cpp, line 948]
Event: 2.644 Thread 0x0000000018a21000 Exception <a 'java/lang/reflect/InvocationTargetException'> (0x00000000ebd97fa0) thrown at [C:\re\workspace\8-2-build-windows-amd64-cygwin\jdk8u91\6644\hotspot\src\share\vm\runtime\reflection.cpp, line 1092]
Event: 2.674 Thread 0x0000000018a21000 Exception <a 'java/lang/NoClassDefFoundError': cl/eye/CLCamera> (0x00000000ec00a560) thrown at [C:\re\workspace\8-2-build-windows-amd64-cygwin\jdk8u91\6644\hotspot\src\share\vm\classfile\systemDictionary.cpp, line 199]

Events (10 events):
Event: 10.600 Executing VM operation: ParallelGCFailedAllocation
Event: 10.603 Executing VM operation: ParallelGCFailedAllocation done
Event: 10.603 Executing VM operation: RevokeBias
Event: 10.604 Executing VM operation: RevokeBias done
Event: 11.915 Executing VM operation: ParallelGCFailedAllocation
Event: 11.917 Executing VM operation: ParallelGCFailedAllocation done
Event: 13.293 Executing VM operation: ParallelGCFailedAllocation
Event: 13.293 Executing VM operation: ParallelGCFailedAllocation done
Event: 14.796 Executing VM operation: ParallelGCFailedAllocation
Event: 14.797 Executing VM operation: ParallelGCFailedAllocation done


Dynamic libraries:
0x00007ff6e7170000 - 0x00007ff6e71a7000 	C:\Program Files\Java\jdk1.8.0_91\bin\java.exe
0x00007ffcedb30000 - 0x00007ffcedd0b000 	C:\WINDOWS\SYSTEM32\ntdll.dll
0x00007ffced640000 - 0x00007ffced6ee000 	C:\WINDOWS\System32\KERNEL32.DLL
0x00007ffceae40000 - 0x00007ffceb089000 	C:\WINDOWS\System32\KERNELBASE.dll
0x00007ffceb920000 - 0x00007ffceb9c1000 	C:\WINDOWS\System32\ADVAPI32.dll
0x00007ffced2e0000 - 0x00007ffced37d000 	C:\WINDOWS\System32\msvcrt.dll
0x00007ffceb860000 - 0x00007ffceb8b9000 	C:\WINDOWS\System32\sechost.dll
0x00007ffced030000 - 0x00007ffced155000 	C:\WINDOWS\System32\RPCRT4.dll
0x00007ffceb5b0000 - 0x00007ffceb6fa000 	C:\WINDOWS\System32\USER32.dll
0x00007ffceac90000 - 0x00007ffceacae000 	C:\WINDOWS\System32\win32u.dll
0x00007ffceb820000 - 0x00007ffceb847000 	C:\WINDOWS\System32\GDI32.dll
0x00007ffceacb0000 - 0x00007ffceae37000 	C:\WINDOWS\System32\gdi32full.dll
0x00007ffcea050000 - 0x00007ffcea0ea000 	C:\WINDOWS\System32\msvcp_win.dll
0x00007ffcea1a0000 - 0x00007ffcea296000 	C:\WINDOWS\System32\ucrtbase.dll
0x00007ffcd8460000 - 0x00007ffcd86c7000 	C:\WINDOWS\WinSxS\amd64_microsoft.windows.common-controls_6595b64144ccf1df_6.0.15063.483_none_26002d27e7c744a2\COMCTL32.dll
0x00007ffceb110000 - 0x00007ffceb409000 	C:\WINDOWS\System32\combase.dll
0x00007ffceaa50000 - 0x00007ffceaaba000 	C:\WINDOWS\System32\bcryptPrimitives.dll
0x00007ffced380000 - 0x00007ffced3ad000 	C:\WINDOWS\System32\IMM32.DLL
0x00000000752e0000 - 0x00000000753b2000 	C:\Program Files\Java\jdk1.8.0_91\jre\bin\msvcr100.dll
0x00000000753c0000 - 0x0000000075c53000 	C:\Program Files\Java\jdk1.8.0_91\jre\bin\server\jvm.dll
0x00007ffceb090000 - 0x00007ffceb098000 	C:\WINDOWS\System32\PSAPI.DLL
0x00007ffce8520000 - 0x00007ffce8543000 	C:\WINDOWS\SYSTEM32\WINMM.dll
0x00007ffce6ee0000 - 0x00007ffce6ee9000 	C:\WINDOWS\SYSTEM32\WSOCK32.dll
0x00007ffcde190000 - 0x00007ffcde19a000 	C:\WINDOWS\SYSTEM32\VERSION.dll
0x00007ffceb0a0000 - 0x00007ffceb10c000 	C:\WINDOWS\System32\WS2_32.dll
0x00007ffce84c0000 - 0x00007ffce84eb000 	C:\WINDOWS\SYSTEM32\winmmbase.dll
0x00007ffcea300000 - 0x00007ffcea349000 	C:\WINDOWS\System32\cfgmgr32.dll
0x0000000076fb0000 - 0x0000000076fbf000 	C:\Program Files\Java\jdk1.8.0_91\jre\bin\verify.dll
0x0000000075eb0000 - 0x0000000075ed9000 	C:\Program Files\Java\jdk1.8.0_91\jre\bin\java.dll
0x0000000075e90000 - 0x0000000075ea6000 	C:\Program Files\Java\jdk1.8.0_91\jre\bin\zip.dll
0x00007ffceb9d0000 - 0x00007ffcece06000 	C:\WINDOWS\System32\SHELL32.dll
0x00007ffcecf20000 - 0x00007ffcecfca000 	C:\WINDOWS\System32\shcore.dll
0x00007ffcea350000 - 0x00007ffceaa41000 	C:\WINDOWS\System32\windows.storage.dll
0x00007ffced3b0000 - 0x00007ffced401000 	C:\WINDOWS\System32\shlwapi.dll
0x00007ffcea010000 - 0x00007ffcea021000 	C:\WINDOWS\System32\kernel.appcore.dll
0x00007ffce9fc0000 - 0x00007ffcea00c000 	C:\WINDOWS\System32\powrprof.dll
0x00007ffce9fa0000 - 0x00007ffce9fb5000 	C:\WINDOWS\System32\profapi.dll
0x0000000075140000 - 0x00000000752d8000 	C:\Program Files\Java\jdk1.8.0_91\jre\bin\awt.dll
0x00007ffced410000 - 0x00007ffced4d0000 	C:\WINDOWS\System32\OLEAUT32.dll
0x00007ffce8740000 - 0x00007ffce87be000 	C:\WINDOWS\SYSTEM32\apphelp.dll
0x00007ffce8a10000 - 0x00007ffce8aa5000 	C:\WINDOWS\system32\uxtheme.dll
0x00007ffced170000 - 0x00007ffced2d6000 	C:\WINDOWS\System32\MSCTF.dll
0x00007ffce7020000 - 0x00007ffce704a000 	C:\WINDOWS\system32\dwmapi.dll
0x00007ffced4d0000 - 0x00007ffced615000 	C:\WINDOWS\System32\ole32.dll
0x00000000750f0000 - 0x0000000075137000 	C:\Program Files\Java\jdk1.8.0_91\jre\bin\fontmanager.dll
0x00007ffcbf5c0000 - 0x00007ffcbf6af000 	C:\Users\Joao_\.javacpp\cache\opencv-windows-x86_64.jar\org\bytedeco\javacpp\windows-x86_64\msvcr120.dll
0x00007ffcc8e40000 - 0x00007ffcc8ee6000 	C:\Users\Joao_\.javacpp\cache\opencv-windows-x86_64.jar\org\bytedeco\javacpp\windows-x86_64\msvcp120.dll
0x00007ffcb7780000 - 0x00007ffcb79fa000 	C:\Users\Joao_\.javacpp\cache\opencv-windows-x86_64.jar\org\bytedeco\javacpp\windows-x86_64\opencv_core310.dll
0x00007ffcae1e0000 - 0x00007ffcae522000 	C:\Users\Joao_\.javacpp\cache\opencv-windows-x86_64.jar\org\bytedeco\javacpp\windows-x86_64\opencv_imgproc310.dll
0x00007ffcb57f0000 - 0x00007ffcb5a17000 	C:\Users\Joao_\.javacpp\cache\opencv-windows-x86_64.jar\org\bytedeco\javacpp\windows-x86_64\jniopencv_core.dll
0x0000000075e70000 - 0x0000000075e8a000 	C:\Program Files\Java\jdk1.8.0_91\jre\bin\net.dll
0x00007ffce9850000 - 0x00007ffce98ac000 	C:\WINDOWS\system32\mswsock.dll
0x0000000075e50000 - 0x0000000075e61000 	C:\Program Files\Java\jdk1.8.0_91\jre\bin\nio.dll
0x00007ffcbedf0000 - 0x00007ffcbeedd000 	C:\Users\Joao_\.javacpp\cache\opencv-windows-x86_64.jar\org\bytedeco\javacpp\windows-x86_64\jniopencv_imgproc.dll
0x00007ffcadf10000 - 0x00007ffcae1d9000 	C:\Users\Joao_\.javacpp\cache\opencv-windows-x86_64.jar\org\bytedeco\javacpp\windows-x86_64\opencv_imgcodecs310.dll
0x00007ffccc490000 - 0x00007ffccc4b5000 	C:\Users\Joao_\.javacpp\cache\opencv-windows-x86_64.jar\org\bytedeco\javacpp\windows-x86_64\jniopencv_imgcodecs.dll
0x00007ffcc8d20000 - 0x00007ffcc8d73000 	C:\Users\Joao_\.javacpp\cache\opencv-windows-x86_64.jar\org\bytedeco\javacpp\windows-x86_64\opencv_videoio310.dll
0x00007ffcdfd50000 - 0x00007ffcdfd6f000 	C:\WINDOWS\SYSTEM32\AVIFIL32.dll
0x00007ffcc92c0000 - 0x00007ffcc92e9000 	C:\WINDOWS\SYSTEM32\MSVFW32.dll
0x00007ffcdb9f0000 - 0x00007ffcdba08000 	C:\WINDOWS\SYSTEM32\AVICAP32.dll
0x00007ffce2140000 - 0x00007ffce215c000 	C:\WINDOWS\SYSTEM32\MSACM32.dll
0x00007ffcd8f30000 - 0x00007ffcd8f47000 	C:\Users\Joao_\.javacpp\cache\opencv-windows-x86_64.jar\org\bytedeco\javacpp\windows-x86_64\jniopencv_videoio.dll
0x00007ffcc3680000 - 0x00007ffcc36ac000 	C:\Users\Joao_\.javacpp\cache\opencv-windows-x86_64.jar\org\bytedeco\javacpp\windows-x86_64\opencv_highgui310.dll
0x00007ffcece10000 - 0x00007ffcecf18000 	C:\WINDOWS\System32\COMDLG32.dll
0x00007ffcc3640000 - 0x00007ffcc3675000 	C:\Users\Joao_\.javacpp\cache\opencv-windows-x86_64.jar\org\bytedeco\javacpp\windows-x86_64\jniopencv_highgui.dll
0x00007ffcbed20000 - 0x00007ffcbeded000 	C:\Users\Joao_\.javacpp\cache\opencv-windows-x86_64.jar\org\bytedeco\javacpp\windows-x86_64\opencv_ml310.dll
0x00007ffcc3600000 - 0x00007ffcc363f000 	C:\Users\Joao_\.javacpp\cache\opencv-windows-x86_64.jar\org\bytedeco\javacpp\windows-x86_64\jniopencv_ml.dll
0x00007ffcc32c0000 - 0x00007ffcc3356000 	C:\Users\Joao_\.javacpp\cache\opencv-windows-x86_64.jar\org\bytedeco\javacpp\windows-x86_64\opencv_objdetect310.dll
0x00007ffcc33d0000 - 0x00007ffcc3424000 	C:\Users\Joao_\.javacpp\cache\opencv-windows-x86_64.jar\org\bytedeco\javacpp\windows-x86_64\jniopencv_objdetect.dll
0x00007ffcc2b50000 - 0x00007ffcc2b96000 	C:\Users\Joao_\.javacpp\cache\opencv-windows-x86_64.jar\org\bytedeco\javacpp\windows-x86_64\opencv_face310.dll
0x00007ffcd3990000 - 0x00007ffcd39aa000 	C:\Users\Joao_\.javacpp\cache\opencv-windows-x86_64.jar\org\bytedeco\javacpp\windows-x86_64\jniopencv_face.dll
0x00007ffcc35d0000 - 0x00007ffcc35f6000 	C:\Users\Joao_\.javacpp\cache\videoinput-windows-x86_64.jar\org\bytedeco\javacpp\windows-x86_64\jnivideoInputLib.dll
0x00000000750a0000 - 0x00000000750e2000 	C:\Program Files\Java\jdk1.8.0_91\jre\bin\t2k.dll
0x0000000075e30000 - 0x0000000075e45000 	C:\Users\Joao_\.javacpp\cache\libfreenect-windows-x86_64.jar\org\bytedeco\javacpp\windows-x86_64\libusb0.dll
0x00007ffced6f0000 - 0x00007ffcedb2b000 	C:\WINDOWS\System32\SETUPAPI.dll
0x00007ffcc25c0000 - 0x00007ffcc25f4000 	C:\Users\Joao_\.javacpp\cache\libfreenect-windows-x86_64.jar\org\bytedeco\javacpp\windows-x86_64\freenect.dll
0x00007ffcd2e20000 - 0x00007ffcd2e39000 	C:\Users\Joao_\.javacpp\cache\libfreenect-windows-x86_64.jar\org\bytedeco\javacpp\windows-x86_64\pthreadVC2.dll
0x00007ffcc3230000 - 0x00007ffcc3254000 	C:\Users\Joao_\.javacpp\cache\libfreenect-windows-x86_64.jar\org\bytedeco\javacpp\windows-x86_64\jnifreenect.dll
0x00007ffceb700000 - 0x00007ffceb79e000 	C:\WINDOWS\System32\clbcatq.dll
0x00007ffce3bd0000 - 0x00007ffce3d7c000 	C:\WINDOWS\SYSTEM32\WindowsCodecs.dll
0x00007ffccc6b0000 - 0x00007ffccc6c7000 	C:\Windows\System32\devenum.dll
0x00007ffce91b0000 - 0x00007ffce91e1000 	C:\WINDOWS\SYSTEM32\ntmarta.dll
0x00007ffce8bc0000 - 0x00007ffce8be8000 	C:\WINDOWS\SYSTEM32\DEVOBJ.dll
0x00007ffcea2a0000 - 0x00007ffcea2f6000 	C:\WINDOWS\System32\WINTRUST.dll
0x00007ffcea030000 - 0x00007ffcea041000 	C:\WINDOWS\System32\MSASN1.dll
0x00007ffceaac0000 - 0x00007ffceac89000 	C:\WINDOWS\System32\CRYPT32.dll
0x00007ffce6410000 - 0x00007ffce641b000 	C:\WINDOWS\SYSTEM32\msdmo.dll
0x00007ffcd8720000 - 0x00007ffcd8767000 	C:\WINDOWS\system32\dataexchange.dll
0x00007ffce7780000 - 0x00007ffce7a5f000 	C:\WINDOWS\system32\d3d11.dll
0x00007ffce8100000 - 0x00007ffce8222000 	C:\WINDOWS\system32\dcomp.dll
0x00007ffce8f20000 - 0x00007ffce8fc4000 	C:\WINDOWS\system32\dxgi.dll
0x00007ffce88a0000 - 0x00007ffce8a10000 	C:\WINDOWS\system32\twinapi.appcore.dll
0x00007ffce9ea0000 - 0x00007ffce9ec5000 	C:\WINDOWS\system32\bcrypt.dll
0x00007ffcc2580000 - 0x00007ffcc25b2000 	C:\Windows\System32\qcap.dll
0x00007ffcbcb30000 - 0x00007ffcbccec000 	C:\Windows\System32\quartz.dll
0x00007ffcc2070000 - 0x00007ffcc20bd000 	C:\Windows\System32\mfksproxy.dll
0x00007ffcd91b0000 - 0x00007ffcd91cc000 	C:\Windows\System32\ATL.DLL
0x00007ffce2300000 - 0x00007ffce2332000 	C:\Windows\System32\MFSENSORGROUP.dll
0x00007ffcda2e0000 - 0x00007ffcda480000 	C:\Windows\System32\MFPlat.DLL
0x00007ffcdd650000 - 0x00007ffcdd682000 	C:\Windows\System32\RTWorkQ.DLL
0x00007ffce4e40000 - 0x00007ffce4ec2000 	C:\WINDOWS\System32\TextInputFramework.dll
0x00007ffce2910000 - 0x00007ffce2be2000 	C:\WINDOWS\System32\CoreUIComponents.dll
0x00007ffce8010000 - 0x00007ffce80f3000 	C:\WINDOWS\System32\CoreMessaging.dll
0x00007ffce6030000 - 0x00007ffce6169000 	C:\WINDOWS\SYSTEM32\wintypes.dll
0x00007ffce6cc0000 - 0x00007ffce6cd5000 	C:\WINDOWS\SYSTEM32\usermgrcli.dll
0x00007ffcc1e00000 - 0x00007ffcc1e48000 	C:\Windows\System32\ksproxy.ax
0x00007ffce2170000 - 0x00007ffce2179000 	C:\Windows\System32\ksuser.dll
0x00007ffcb9410000 - 0x00007ffcb9599000 	C:\Windows\System32\d3d9.dll
0x00007ffce5db0000 - 0x00007ffce5e27000 	C:\WINDOWS\SYSTEM32\policymanager.dll
0x00007ffce5d20000 - 0x00007ffce5daf000 	C:\Windows\System32\msvcp110_win.dll
0x0000000075070000 - 0x000000007509a000 	C:\Program Files\Java\jdk1.8.0_91\jre\bin\dcpr.dll
0x00007ffce6460000 - 0x00007ffce646c000 	C:\Windows\System32\vidcap.ax
0x00007ffcc1dd0000 - 0x00007ffcc1df6000 	C:\Windows\System32\kswdmcap.ax
0x00007ffcbd030000 - 0x00007ffcbd194000 	C:\Windows\System32\MFC42.dll
0x00007ffcbfdd0000 - 0x00007ffcbfe6f000 	C:\Windows\System32\qedit.dll
0x00007ffcd7260000 - 0x00007ffcd73f5000 	C:\WINDOWS\WinSxS\amd64_microsoft.windows.gdiplus_6595b64144ccf1df_1.1.15063.608_none_56f0266b425534e9\gdiplus.dll
0x00007ffcbabe0000 - 0x00007ffcbacd6000 	C:\Windows\System32\DDRAW.dll
0x00007ffce2290000 - 0x00007ffce2298000 	C:\Windows\System32\DCIMAN32.dll
0x00007ffcb51f0000 - 0x00007ffcb5407000 	C:\Program Files (x86)\K-Lite Codec Pack\Filters\DirectVobSub64\vsfilter.dll
0x00007ffcd8970000 - 0x00007ffcd8c9e000 	C:\WINDOWS\SYSTEM32\WININET.dll
0x00007ffcd8db0000 - 0x00007ffcd8e1b000 	C:\WINDOWS\SYSTEM32\OLEACC.dll
0x00007ffcd9580000 - 0x00007ffcd960a000 	C:\WINDOWS\SYSTEM32\WINSPOOL.DRV
0x00007ffcdd8f0000 - 0x00007ffcdd8fc000 	C:\WINDOWS\SYSTEM32\msyuv.dll
0x00007ffcde610000 - 0x00007ffcde7b9000 	C:\WINDOWS\SYSTEM32\dbghelp.dll

VM Arguments:
jvm_args: -Dfile.encoding=UTF-8 -Djava.library.path=C:\opencv\build\java\x64 
java_command: main.main
java_class_path (initial): C:\Users\Joao_\Downloads\javacpp-1.3-bin\javacpp-bin\javacpp.jar;C:\Users\Joao_\Downloads\javacv-platform-1.3-bin\javacv-bin\opencv-windows-x86_64.jar;C:\Users\Joao_\Downloads\javacv-platform-1.3-bin\javacv-bin\videoinput-windows-x86_64.jar;C:\Users\Joao_\Downloads\javacv-platform-1.3-bin\javacv-bin\artoolkitplus-windows-x86_64.jar;C:\Users\Joao_\Downloads\javacv-platform-1.3-bin\javacv-bin\ffmpeg-windows-x86_64.jar;C:\Users\Joao_\Downloads\javacv-platform-1.3-bin\javacv-bin\flandmark-windows-x86_64.jar;C:\Users\Joao_\Downloads\javacv-platform-1.3-bin\javacv-bin\flycapture-windows-x86_64.jar;C:\Users\Joao_\Downloads\javacv-platform-1.3-bin\javacv-bin\javacv-platform.jar;C:\Users\Joao_\Downloads\javacv-platform-1.3-bin\javacv-bin\javacv.jar;C:\Users\Joao_\Downloads\javacv-platform-1.3-bin\javacv-bin\libdc1394-windows-x86_64.jar;C:\Users\Joao_\Downloads\javacv-platform-1.3-bin\javacv-bin\libfreenect-platform.jar;C:\Users\Joao_\Downloads\javacv-platform-1.3-bin\javacv-bin\libfreenect-windows-x86_64.jar;C:\Users\Joao_\Downloads\javacv-platform-1.3-bin\javacv-bin\librealsense-platform.jar;C:\Users\Joao_\Downloads\javacv-platform-1.3-bin\javacv-bin\librealsense.jar;C:\Users\Joao_\Downloads\javacv-platform-1.3-bin\javacv-bin\opencv.jar;C:\Users\Joao_\Downloads\javacv-platform-1.3-bin\javacv-bin\videoinput.jar;C:\TCC.UniSecurity\build\classes
Launcher Type: SUN_STANDARD

Environment Variables:
PATH=C:\ProgramData\Oracle\Java\javapath;C:\WINDOWS\system32;C:\WINDOWS;C:\WINDOWS\System32\Wbem;C:\WINDOWS\System32\WindowsPowerShell\v1.0\;C:\Program Files (x86)\Skype\Phone\;C:\Program Files\Microsoft SQL Server\120\DTS\Binn\;C:\Program Files\Microsoft SQL Server\Client SDK\ODBC\110\Tools\Binn\;C:\Program Files (x86)\Microsoft SQL Server\120\Tools\Binn\;C:\Program Files\Microsoft SQL Server\120\Tools\Binn\;C:\Program Files (x86)\Microsoft SQL Server\120\Tools\Binn\ManagementStudio\;C:\Program Files (x86)\Microsoft SQL Server\120\DTS\Binn\;C:\Program Files\CMake\bin;C:\opencv\build\x64\vc14\bin;C:\Users\Joao_\AppData\Local\Programs\Python\Python37\Scripts\;C:\Users\Joao_\AppData\Local\Programs\Python\Python37\;C:\Users\Joao_\AppData\Local\Microsoft\WindowsApps;
USERNAME=Joao_
OS=Windows_NT
PROCESSOR_IDENTIFIER=Intel64 Family 6 Model 58 Stepping 9, GenuineIntel



---------------  S Y S T E M  ---------------

OS: Windows 10.0 , 64 bit Build 15063 (10.0.15063.296)

CPU:total 4 (2 cores per cpu, 2 threads per core) family 6 model 58 stepping 9, cmov, cx8, fxsr, mmx, sse, sse2, sse3, ssse3, sse4.1, sse4.2, popcnt, avx, aes, clmul, erms, ht, tsc, tscinvbit, tscinv

Memory: 4k page, physical 4092772k(876660k free), swap 5534564k(1452936k free)

vm_info: Java HotSpot(TM) 64-Bit Server VM (25.91-b14) for windows-amd64 JRE (1.8.0_91-b14), built on Apr  1 2016 00:58:32 by "java_re" with MS VC++ 10.0 (VS2010)

time: Thu Oct 19 23:09:58 2017
elapsed time: 16 seconds (0d 0h 0m 16s)

