#
# A fatal error has been detected by the Java Runtime Environment:
#
#  EXCEPTION_ACCESS_VIOLATION (0xc0000005) at pc=0x00007ff95806b907, pid=7924, tid=2876
#
# JRE version: Java(TM) SE Runtime Environment (8.0_91-b14) (build 1.8.0_91-b14)
# Java VM: Java HotSpot(TM) 64-Bit Server VM (25.91-b14 mixed mode windows-amd64 compressed oops)
# Problematic frame:
# C  [opencv_face310.dll+0x1b907]
#
# Failed to write core dump. Minidumps are not enabled by default on client versions of Windows
#
# If you would like to submit a bug report, please visit:
#   http://bugreport.java.com/bugreport/crash.jsp
# The crash happened outside the Java Virtual Machine in native code.
# See problematic frame for where to report the bug.
#

---------------  T H R E A D  ---------------

Current thread (0x0000000017b95800):  JavaThread "pool-1-thread-1" [_thread_in_native, id=2876, stack(0x000000002ecf0000,0x000000002edf0000)]

siginfo: ExceptionCode=0xc0000005, reading address 0x000000001ad87000

Registers:
RAX=0x000000002edee800, RBX=0x0000000000000098, RCX=0x000000001ad86fff, RDX=0x000000001ad86fff
RSP=0x000000002edee720, RBP=0x000000002edee820, RSI=0x000000000000005c, RDI=0x0000000000000027
R8 =0x000000001ad86c40, R9 =0x000000000000005c, R10=0x0000000000000027, R11=0x000000000000000a
R12=0xffffffffffffffff, R13=0x0000000000000001, R14=0x0000000000000001, R15=0x0000000000000000
RIP=0x00007ff95806b907, EFLAGS=0x0000000000010206

Top of Stack: (sp=0x000000002edee720)
0x000000002edee720:   0000000080000000 000000002edee810
0x000000002edee730:   0000000000000008 000000002edee9e0
0x000000002edee740:   00000000ffffffff 0000000000000000
0x000000002edee750:   0000000000000000 000000000a090201
0x000000002edee760:   000000010000000a 0000000000000008
0x000000002edee770:   0000000000000000 0000000000000000
0x000000002edee780:   0000000000000000 00000000c1020006
0x000000002edee790:   000000002edee778 0000000100000001
0x000000002edee7a0:   fffffffffffffffe 0000000000000000
0x000000002edee7b0:   0000000242ff4000 0000005c00000070
0x000000002edee7c0:   000000001ad86c40 000000001ad86c40
0x000000002edee7d0:   000000001ad89480 000000001ad89480
0x000000002edee7e0:   0000000000000000 0000000000000000
0x000000002edee7f0:   000000002edee7b8 000000002edee800
0x000000002edee800:   000000000000005c 0000000000000001
0x000000002edee810:   0000000242ff4004 0000005a0000006e 

Instructions: (pc=0x00007ff95806b907)
0x00007ff95806b8e7:   08 4b 8d 0c 03 49 0f af c9 4c 8b 45 a0 49 03 c8
0x00007ff95806b8f7:   49 03 ca 49 8b d3 49 0f af d1 49 03 d0 49 03 d2
0x00007ff95806b907:   41 0f b6 44 0d 00 66 0f 6e d0 0f 5b d2 f3 0f 59
0x00007ff95806b917:   d3 48 63 44 24 44 48 8b f0 0f b6 04 08 66 0f 6e 


Register to memory mapping:

RAX=0x000000002edee800 is pointing into the stack for thread: 0x0000000017b95800
RBX=0x0000000000000098 is an unknown value
RCX=0x000000001ad86fff is an unknown value
RDX=0x000000001ad86fff is an unknown value
RSP=0x000000002edee720 is pointing into the stack for thread: 0x0000000017b95800
RBP=0x000000002edee820 is pointing into the stack for thread: 0x0000000017b95800
RSI=0x000000000000005c is an unknown value
RDI=0x0000000000000027 is an unknown value
R8 =0x000000001ad86c40 is an unknown value
R9 =0x000000000000005c is an unknown value
R10=0x0000000000000027 is an unknown value
R11=0x000000000000000a is an unknown value
R12=0xffffffffffffffff is an unknown value
R13=0x0000000000000001 is an unknown value
R14=0x0000000000000001 is an unknown value
R15=0x0000000000000000 is an unknown value


Stack: [0x000000002ecf0000,0x000000002edf0000],  sp=0x000000002edee720,  free space=1017k
Native frames: (J=compiled Java code, j=interpreted, Vv=VM code, C=native code)
C  [opencv_face310.dll+0x1b907]
C  [opencv_face310.dll+0x1e2ba]
C  [opencv_face310.dll+0x1e235]
C  [opencv_face310.dll+0x20a6b]
C  [jniopencv_face.dll+0x7b42]
C  0x0000000003237f54

Java frames: (J=compiled Java code, j=interpreted, Vv=VM code)
j  org.bytedeco.javacpp.opencv_face$FaceRecognizer.train(Lorg/bytedeco/javacpp/opencv_core$MatVector;Lorg/bytedeco/javacpp/opencv_core$Mat;)V+0
j  processing.LBPHFaceRecognizer.retrainAll()V+257
j  processing.LBPHFaceRecognizer.saveNewFace(Ljava/lang/String;[Lorg/bytedeco/javacpp/opencv_core$IplImage;)Z+149
j  processing.FacePanel$2.run()V+59
j  java.util.concurrent.ThreadPoolExecutor.runWorker(Ljava/util/concurrent/ThreadPoolExecutor$Worker;)V+95
j  java.util.concurrent.ThreadPoolExecutor$Worker.run()V+5
j  java.lang.Thread.run()V+11
v  ~StubRoutines::call_stub

---------------  P R O C E S S  ---------------

Java Threads: ( => current thread )
=>0x0000000017b95800 JavaThread "pool-1-thread-1" [_thread_in_native, id=2876, stack(0x000000002ecf0000,0x000000002edf0000)]
  0x0000000018f65000 JavaThread "TimerQueue" daemon [_thread_blocked, id=5396, stack(0x000000002cd80000,0x000000002ce80000)]
  0x0000000017dc2800 JavaThread "Thread-1" [_thread_blocked, id=9324, stack(0x000000001add0000,0x000000001aed0000)]
  0x000000000181d800 JavaThread "DestroyJavaVM" [_thread_blocked, id=9260, stack(0x0000000003020000,0x0000000003120000)]
  0x0000000017d5e800 JavaThread "AWT-EventQueue-0" [_thread_blocked, id=4044, stack(0x0000000019ba0000,0x0000000019ca0000)]
  0x0000000017d63000 JavaThread "JavaCPP Deallocator" daemon [_thread_blocked, id=2720, stack(0x0000000019a90000,0x0000000019b90000)]
  0x0000000017999000 JavaThread "AWT-Windows" daemon [_thread_in_native, id=5020, stack(0x0000000018280000,0x0000000018380000)]
  0x0000000017996000 JavaThread "AWT-Shutdown" [_thread_blocked, id=4108, stack(0x0000000018180000,0x0000000018280000)]
  0x000000001796c800 JavaThread "Java2D Disposer" daemon [_thread_blocked, id=6132, stack(0x0000000018080000,0x0000000018180000)]
  0x0000000017180800 JavaThread "Service Thread" daemon [_thread_blocked, id=6728, stack(0x0000000017550000,0x0000000017650000)]
  0x0000000015813800 JavaThread "C1 CompilerThread2" daemon [_thread_blocked, id=10896, stack(0x0000000017050000,0x0000000017150000)]
  0x0000000015810800 JavaThread "C2 CompilerThread1" daemon [_thread_blocked, id=11904, stack(0x0000000016f50000,0x0000000017050000)]
  0x000000001580d800 JavaThread "C2 CompilerThread0" daemon [_thread_blocked, id=9376, stack(0x0000000016e50000,0x0000000016f50000)]
  0x000000001580c000 JavaThread "Attach Listener" daemon [_thread_blocked, id=12020, stack(0x0000000016d50000,0x0000000016e50000)]
  0x000000001580b000 JavaThread "Signal Dispatcher" daemon [_thread_blocked, id=6360, stack(0x0000000016c50000,0x0000000016d50000)]
  0x00000000157f9000 JavaThread "Finalizer" daemon [_thread_blocked, id=1028, stack(0x0000000016a60000,0x0000000016b60000)]
  0x0000000003211000 JavaThread "Reference Handler" daemon [_thread_blocked, id=7052, stack(0x0000000016960000,0x0000000016a60000)]

Other Threads:
  0x00000000157d7000 VMThread [stack: 0x0000000016860000,0x0000000016960000] [id=5380]
  0x0000000017192800 WatcherThread [stack: 0x0000000017650000,0x0000000017750000] [id=12140]

VM state:not at safepoint (normal execution)

VM Mutex/Monitor currently owned by a thread: None

Heap:
 PSYoungGen      total 16896K, used 6895K [0x00000000eb300000, 0x00000000ecf00000, 0x0000000100000000)
  eden space 16384K, 40% used [0x00000000eb300000,0x00000000eb98bdd0,0x00000000ec300000)
  from space 512K, 37% used [0x00000000ec300000,0x00000000ec330000,0x00000000ec380000)
  to   space 6144K, 0% used [0x00000000ec900000,0x00000000ec900000,0x00000000ecf00000)
 ParOldGen       total 44032K, used 8248K [0x00000000c1800000, 0x00000000c4300000, 0x00000000eb300000)
  object space 44032K, 18% used [0x00000000c1800000,0x00000000c200e3c0,0x00000000c4300000)
 Metaspace       used 16527K, capacity 16718K, committed 16896K, reserved 1064960K
  class space    used 1958K, capacity 2028K, committed 2048K, reserved 1048576K

Card table byte_map: [0x00000000125e0000,0x00000000127e0000] byte_map_base: 0x0000000011fd4000

Marking Bits: (ParMarkBitMap*) 0x0000000058262f70
 Begin Bits: [0x0000000012d30000, 0x0000000013cd0000)
 End Bits:   [0x0000000013cd0000, 0x0000000014c70000)

Polling page: 0x00000000017d0000

CodeCache: size=245760Kb used=6809Kb max_used=6809Kb free=238950Kb
 bounds [0x0000000003220000, 0x00000000038d0000, 0x0000000012220000]
 total_blobs=2602 nmethods=1974 adapters=540
 compilation: enabled

Compilation events (10 events):
Event: 24.489 Thread 0x0000000015813800 1970       3       org.bytedeco.javacpp.helper.opencv_core$AbstractCvMat::put (138 bytes)
Event: 24.490 Thread 0x0000000015813800 nmethod 1970 0x00000000038c60d0 code [0x00000000038c6320, 0x00000000038c6ff8]
Event: 24.490 Thread 0x0000000015813800 1971       3       org.bytedeco.javacpp.helper.opencv_core$AbstractCvMat::getIntBuffer (42 bytes)
Event: 24.491 Thread 0x0000000015813800 nmethod 1971 0x00000000038c5390 code [0x00000000038c5560, 0x00000000038c5de8]
Event: 24.491 Thread 0x0000000015813800 1972       3       java.nio.DirectIntBufferU::put (18 bytes)
Event: 24.491 Thread 0x0000000015813800 nmethod 1972 0x00000000038c3210 code [0x00000000038c3380, 0x00000000038c35f0]
Event: 24.491 Thread 0x0000000015813800 1973       3       java.nio.DirectIntBufferU::ix (10 bytes)
Event: 24.491 Thread 0x0000000015813800 nmethod 1973 0x00000000038c5050 code [0x00000000038c51a0, 0x00000000038c5310]
Event: 24.492 Thread 0x0000000015813800 1974       3       java.io.WinNTFileSystem::normalize (143 bytes)
Event: 24.493 Thread 0x0000000015813800 nmethod 1974 0x00000000038c8b90 code [0x00000000038c8d80, 0x00000000038c95a8]

GC Heap History (10 events):
Event: 18.123 GC heap before
{Heap before GC invocations=11 (full 0):
 PSYoungGen      total 23552K, used 16118K [0x00000000eb300000, 0x00000000ed100000, 0x0000000100000000)
  eden space 16384K, 97% used [0x00000000eb300000,0x00000000ec29d958,0x00000000ec300000)
  from space 7168K, 1% used [0x00000000eca00000,0x00000000eca20000,0x00000000ed100000)
  to   space 7168K, 0% used [0x00000000ec300000,0x00000000ec300000,0x00000000eca00000)
 ParOldGen       total 44032K, used 7912K [0x00000000c1800000, 0x00000000c4300000, 0x00000000eb300000)
  object space 44032K, 17% used [0x00000000c1800000,0x00000000c1fba3c0,0x00000000c4300000)
 Metaspace       used 16348K, capacity 16526K, committed 16640K, reserved 1064960K
  class space    used 1943K, capacity 2028K, committed 2048K, reserved 1048576K
Event: 18.125 GC heap after
Heap after GC invocations=11 (full 0):
 PSYoungGen      total 23552K, used 192K [0x00000000eb300000, 0x00000000ed100000, 0x0000000100000000)
  eden space 16384K, 0% used [0x00000000eb300000,0x00000000eb300000,0x00000000ec300000)
  from space 7168K, 2% used [0x00000000ec300000,0x00000000ec330000,0x00000000eca00000)
  to   space 7168K, 0% used [0x00000000eca00000,0x00000000eca00000,0x00000000ed100000)
 ParOldGen       total 44032K, used 7979K [0x00000000c1800000, 0x00000000c4300000, 0x00000000eb300000)
  object space 44032K, 18% used [0x00000000c1800000,0x00000000c1fcad30,0x00000000c4300000)
 Metaspace       used 16348K, capacity 16526K, committed 16640K, reserved 1064960K
  class space    used 1943K, capacity 2028K, committed 2048K, reserved 1048576K
}
Event: 19.831 GC heap before
{Heap before GC invocations=12 (full 0):
 PSYoungGen      total 23552K, used 16154K [0x00000000eb300000, 0x00000000ed100000, 0x0000000100000000)
  eden space 16384K, 97% used [0x00000000eb300000,0x00000000ec296858,0x00000000ec300000)
  from space 7168K, 2% used [0x00000000ec300000,0x00000000ec330000,0x00000000eca00000)
  to   space 7168K, 0% used [0x00000000eca00000,0x00000000eca00000,0x00000000ed100000)
 ParOldGen       total 44032K, used 7979K [0x00000000c1800000, 0x00000000c4300000, 0x00000000eb300000)
  object space 44032K, 18% used [0x00000000c1800000,0x00000000c1fcad30,0x00000000c4300000)
 Metaspace       used 16390K, capacity 16590K, committed 16896K, reserved 1064960K
  class space    used 1943K, capacity 2028K, committed 2048K, reserved 1048576K
Event: 19.832 GC heap after
Heap after GC invocations=12 (full 0):
 PSYoungGen      total 22528K, used 128K [0x00000000eb300000, 0x00000000ed000000, 0x0000000100000000)
  eden space 16384K, 0% used [0x00000000eb300000,0x00000000eb300000,0x00000000ec300000)
  from space 6144K, 2% used [0x00000000eca00000,0x00000000eca20000,0x00000000ed000000)
  to   space 6656K, 0% used [0x00000000ec300000,0x00000000ec300000,0x00000000ec980000)
 ParOldGen       total 44032K, used 8064K [0x00000000c1800000, 0x00000000c4300000, 0x00000000eb300000)
  object space 44032K, 18% used [0x00000000c1800000,0x00000000c1fe0200,0x00000000c4300000)
 Metaspace       used 16390K, capacity 16590K, committed 16896K, reserved 1064960K
  class space    used 1943K, capacity 2028K, committed 2048K, reserved 1048576K
}
Event: 21.534 GC heap before
{Heap before GC invocations=13 (full 0):
 PSYoungGen      total 22528K, used 16076K [0x00000000eb300000, 0x00000000ed000000, 0x0000000100000000)
  eden space 16384K, 97% used [0x00000000eb300000,0x00000000ec2932c8,0x00000000ec300000)
  from space 6144K, 2% used [0x00000000eca00000,0x00000000eca20000,0x00000000ed000000)
  to   space 6656K, 0% used [0x00000000ec300000,0x00000000ec300000,0x00000000ec980000)
 ParOldGen       total 44032K, used 8064K [0x00000000c1800000, 0x00000000c4300000, 0x00000000eb300000)
  object space 44032K, 18% used [0x00000000c1800000,0x00000000c1fe0200,0x00000000c4300000)
 Metaspace       used 16412K, capacity 16590K, committed 16896K, reserved 1064960K
  class space    used 1943K, capacity 2028K, committed 2048K, reserved 1048576K
Event: 21.535 GC heap after
Heap after GC invocations=13 (full 0):
 PSYoungGen      total 23040K, used 128K [0x00000000eb300000, 0x00000000ed000000, 0x0000000100000000)
  eden space 16384K, 0% used [0x00000000eb300000,0x00000000eb300000,0x00000000ec300000)
  from space 6656K, 1% used [0x00000000ec300000,0x00000000ec320000,0x00000000ec980000)
  to   space 6656K, 0% used [0x00000000ec980000,0x00000000ec980000,0x00000000ed000000)
 ParOldGen       total 44032K, used 8111K [0x00000000c1800000, 0x00000000c4300000, 0x00000000eb300000)
  object space 44032K, 18% used [0x00000000c1800000,0x00000000c1febda0,0x00000000c4300000)
 Metaspace       used 16412K, capacity 16590K, committed 16896K, reserved 1064960K
  class space    used 1943K, capacity 2028K, committed 2048K, reserved 1048576K
}
Event: 23.238 GC heap before
{Heap before GC invocations=14 (full 0):
 PSYoungGen      total 23040K, used 16095K [0x00000000eb300000, 0x00000000ed000000, 0x0000000100000000)
  eden space 16384K, 97% used [0x00000000eb300000,0x00000000ec297dc8,0x00000000ec300000)
  from space 6656K, 1% used [0x00000000ec300000,0x00000000ec320000,0x00000000ec980000)
  to   space 6656K, 0% used [0x00000000ec980000,0x00000000ec980000,0x00000000ed000000)
 ParOldGen       total 44032K, used 8111K [0x00000000c1800000, 0x00000000c4300000, 0x00000000eb300000)
  object space 44032K, 18% used [0x00000000c1800000,0x00000000c1febda0,0x00000000c4300000)
 Metaspace       used 16425K, capacity 16654K, committed 16896K, reserved 1064960K
  class space    used 1943K, capacity 2028K, committed 2048K, reserved 1048576K
Event: 23.239 GC heap after
Heap after GC invocations=14 (full 0):
 PSYoungGen      total 23040K, used 192K [0x00000000eb300000, 0x00000000ed000000, 0x0000000100000000)
  eden space 16384K, 0% used [0x00000000eb300000,0x00000000eb300000,0x00000000ec300000)
  from space 6656K, 2% used [0x00000000ec980000,0x00000000ec9b0000,0x00000000ed000000)
  to   space 6656K, 0% used [0x00000000ec300000,0x00000000ec300000,0x00000000ec980000)
 ParOldGen       total 44032K, used 8158K [0x00000000c1800000, 0x00000000c4300000, 0x00000000eb300000)
  object space 44032K, 18% used [0x00000000c1800000,0x00000000c1ff7940,0x00000000c4300000)
 Metaspace       used 16425K, capacity 16654K, committed 16896K, reserved 1064960K
  class space    used 1943K, capacity 2028K, committed 2048K, reserved 1048576K
}
Event: 23.839 GC heap before
{Heap before GC invocations=15 (full 0):
 PSYoungGen      total 23040K, used 16279K [0x00000000eb300000, 0x00000000ed000000, 0x0000000100000000)
  eden space 16384K, 98% used [0x00000000eb300000,0x00000000ec2b5de8,0x00000000ec300000)
  from space 6656K, 2% used [0x00000000ec980000,0x00000000ec9b0000,0x00000000ed000000)
  to   space 6656K, 0% used [0x00000000ec300000,0x00000000ec300000,0x00000000ec980000)
 ParOldGen       total 44032K, used 8158K [0x00000000c1800000, 0x00000000c4300000, 0x00000000eb300000)
  object space 44032K, 18% used [0x00000000c1800000,0x00000000c1ff7940,0x00000000c4300000)
 Metaspace       used 16512K, capacity 16718K, committed 16896K, reserved 1064960K
  class space    used 1958K, capacity 2028K, committed 2048K, reserved 1048576K
Event: 23.840 GC heap after
Heap after GC invocations=15 (full 0):
 PSYoungGen      total 16896K, used 192K [0x00000000eb300000, 0x00000000ecf00000, 0x0000000100000000)
  eden space 16384K, 0% used [0x00000000eb300000,0x00000000eb300000,0x00000000ec300000)
  from space 512K, 37% used [0x00000000ec300000,0x00000000ec330000,0x00000000ec380000)
  to   space 6144K, 0% used [0x00000000ec900000,0x00000000ec900000,0x00000000ecf00000)
 ParOldGen       total 44032K, used 8248K [0x00000000c1800000, 0x00000000c4300000, 0x00000000eb300000)
  object space 44032K, 18% used [0x00000000c1800000,0x00000000c200e3c0,0x00000000c4300000)
 Metaspace       used 16512K, capacity 16718K, committed 16896K, reserved 1064960K
  class space    used 1958K, capacity 2028K, committed 2048K, reserved 1048576K
}

Deoptimization events (10 events):
Event: 9.761 Thread 0x0000000017d5e800 Uncommon trap: reason=class_check action=maybe_recompile pc=0x00000000033be028 method=java.lang.String.equals(Ljava/lang/Object;)Z @ 8
Event: 9.761 Thread 0x0000000017d5e800 Uncommon trap: reason=class_check action=maybe_recompile pc=0x00000000033be028 method=java.lang.String.equals(Ljava/lang/Object;)Z @ 8
Event: 10.316 Thread 0x0000000017d5e800 Uncommon trap: reason=class_check action=maybe_recompile pc=0x00000000033be028 method=java.lang.String.equals(Ljava/lang/Object;)Z @ 8
Event: 10.316 Thread 0x0000000017d5e800 Uncommon trap: reason=class_check action=maybe_recompile pc=0x00000000033be028 method=java.lang.String.equals(Ljava/lang/Object;)Z @ 8
Event: 23.574 Thread 0x0000000017b95800 Uncommon trap: reason=predicate action=maybe_recompile pc=0x0000000003619c58 method=org.bytedeco.javacv.Java2DFrameConverter.flipCopyWithGamma(Ljava/nio/ByteBuffer;ILjava/nio/ByteBuffer;IZDZI)V @ 491
Event: 23.651 Thread 0x0000000017b95800 Uncommon trap: reason=speculate_class_check action=maybe_recompile pc=0x00000000038a19ac method=org.bytedeco.javacv.Java2DFrameConverter.flipCopyWithGamma(Ljava/nio/ByteBuffer;ILjava/nio/ByteBuffer;IZDZI)V @ 492
Event: 23.656 Thread 0x0000000017b95800 Uncommon trap: reason=speculate_class_check action=maybe_recompile pc=0x00000000038a19ac method=org.bytedeco.javacv.Java2DFrameConverter.flipCopyWithGamma(Ljava/nio/ByteBuffer;ILjava/nio/ByteBuffer;IZDZI)V @ 492
Event: 23.660 Thread 0x0000000017b95800 Uncommon trap: reason=speculate_class_check action=maybe_recompile pc=0x00000000038a19ac method=org.bytedeco.javacv.Java2DFrameConverter.flipCopyWithGamma(Ljava/nio/ByteBuffer;ILjava/nio/ByteBuffer;IZDZI)V @ 492
Event: 23.665 Thread 0x0000000017b95800 Uncommon trap: reason=speculate_class_check action=maybe_recompile pc=0x00000000038a19ac method=org.bytedeco.javacv.Java2DFrameConverter.flipCopyWithGamma(Ljava/nio/ByteBuffer;ILjava/nio/ByteBuffer;IZDZI)V @ 492
Event: 23.765 Thread 0x0000000017b95800 Uncommon trap: reason=unstable_if action=reinterpret pc=0x00000000034f7fc4 method=java.io.WinNTFileSystem.normalize(Ljava/lang/String;)Ljava/lang/String; @ 128

Internal exceptions (10 events):
Event: 3.266 Thread 0x0000000017dc2800 Exception <a 'java/lang/UnsatisfiedLinkError'> (0x00000000ebd91910) thrown at [C:\re\workspace\8-2-build-windows-amd64-cygwin\jdk8u91\6644\hotspot\src\share\vm\prims\jni.cpp, line 709]
Event: 3.267 Thread 0x0000000017dc2800 Exception <a 'java/lang/UnsatisfiedLinkError'> (0x00000000ebd94930) thrown at [C:\re\workspace\8-2-build-windows-amd64-cygwin\jdk8u91\6644\hotspot\src\share\vm\prims\jvm.cpp, line 3969]
Event: 3.267 Thread 0x0000000017dc2800 Exception <a 'java/lang/UnsatisfiedLinkError'> (0x00000000ebd94930) thrown at [C:\re\workspace\8-2-build-windows-amd64-cygwin\jdk8u91\6644\hotspot\src\share\vm\prims\jni.cpp, line 709]
Event: 3.268 Thread 0x0000000017dc2800 Exception <a 'java/lang/UnsatisfiedLinkError'> (0x00000000ebd97950) thrown at [C:\re\workspace\8-2-build-windows-amd64-cygwin\jdk8u91\6644\hotspot\src\share\vm\prims\jvm.cpp, line 3969]
Event: 3.268 Thread 0x0000000017dc2800 Exception <a 'java/lang/UnsatisfiedLinkError'> (0x00000000ebd97950) thrown at [C:\re\workspace\8-2-build-windows-amd64-cygwin\jdk8u91\6644\hotspot\src\share\vm\prims\jni.cpp, line 709]
Event: 3.268 Thread 0x0000000017dc2800 Exception <a 'java/lang/UnsatisfiedLinkError'> (0x00000000ebd97f88) thrown at [C:\re\workspace\8-2-build-windows-amd64-cygwin\jdk8u91\6644\hotspot\src\share\vm\oops\instanceKlass.cpp, line 948]
Event: 3.268 Thread 0x0000000017dc2800 Exception <a 'java/lang/reflect/InvocationTargetException'> (0x00000000ebd98820) thrown at [C:\re\workspace\8-2-build-windows-amd64-cygwin\jdk8u91\6644\hotspot\src\share\vm\runtime\reflection.cpp, line 1092]
Event: 3.306 Thread 0x0000000017dc2800 Exception <a 'java/lang/NoClassDefFoundError': cl/eye/CLCamera> (0x00000000ec00a908) thrown at [C:\re\workspace\8-2-build-windows-amd64-cygwin\jdk8u91\6644\hotspot\src\share\vm\classfile\systemDictionary.cpp, line 199]
Event: 23.764 Thread 0x0000000017b95800 Implicit null exception at 0x000000000388f9b7 to 0x000000000388fd23
Event: 23.764 Thread 0x0000000017b95800 Exception <a 'java/lang/NullPointerException'> (0x00000000ec26a9e8) thrown at [C:\re\workspace\8-2-build-windows-amd64-cygwin\jdk8u91\6644\hotspot\src\share\vm\runtime\sharedRuntime.cpp, line 605]

Events (10 events):
Event: 23.764 loading class org/bytedeco/javacpp/helper/opencv_core$AbstractCvMat$ReleaseDeallocator done
Event: 23.765 Thread 0x0000000017b95800 Uncommon trap: trap_request=0xffffff65 fr.pc=0x00000000034f7fc4
Event: 23.765 Thread 0x0000000017b95800 DEOPT PACKING pc=0x00000000034f7fc4 sp=0x000000002edeec10
Event: 23.765 Thread 0x0000000017b95800 DEOPT UNPACKING pc=0x000000000326582a sp=0x000000002edeec20 mode 2
Event: 23.766 loading class java/nio/DirectIntBufferU
Event: 23.767 loading class java/nio/DirectIntBufferU done
Event: 23.839 Executing VM operation: ParallelGCFailedAllocation
Event: 23.840 Executing VM operation: ParallelGCFailedAllocation done
Event: 23.841 Executing VM operation: RevokeBias
Event: 23.841 Executing VM operation: RevokeBias done


Dynamic libraries:
0x00007ff6557b0000 - 0x00007ff6557e7000 	C:\Program Files\Java\jdk1.8.0_91\bin\java.exe
0x00007ff9783a0000 - 0x00007ff97857b000 	C:\WINDOWS\SYSTEM32\ntdll.dll
0x00007ff9782c0000 - 0x00007ff97836e000 	C:\WINDOWS\System32\KERNEL32.DLL
0x00007ff9748c0000 - 0x00007ff974b09000 	C:\WINDOWS\System32\KERNELBASE.dll
0x00007ff9759a0000 - 0x00007ff975a41000 	C:\WINDOWS\System32\ADVAPI32.dll
0x00007ff977150000 - 0x00007ff9771ed000 	C:\WINDOWS\System32\msvcrt.dll
0x00007ff977460000 - 0x00007ff9774b9000 	C:\WINDOWS\System32\sechost.dll
0x00007ff977a70000 - 0x00007ff977b95000 	C:\WINDOWS\System32\RPCRT4.dll
0x00007ff978160000 - 0x00007ff9782aa000 	C:\WINDOWS\System32\USER32.dll
0x00007ff975580000 - 0x00007ff97559e000 	C:\WINDOWS\System32\win32u.dll
0x00007ff975a50000 - 0x00007ff975a77000 	C:\WINDOWS\System32\GDI32.dll
0x00007ff9755a0000 - 0x00007ff975727000 	C:\WINDOWS\System32\gdi32full.dll
0x00007ff974d70000 - 0x00007ff974e0a000 	C:\WINDOWS\System32\msvcp_win.dll
0x00007ff974b60000 - 0x00007ff974c56000 	C:\WINDOWS\System32\ucrtbase.dll
0x00007ff96b2b0000 - 0x00007ff96b517000 	C:\WINDOWS\WinSxS\amd64_microsoft.windows.common-controls_6595b64144ccf1df_6.0.15063.483_none_26002d27e7c744a2\COMCTL32.dll
0x00007ff977770000 - 0x00007ff977a69000 	C:\WINDOWS\System32\combase.dll
0x00007ff974e10000 - 0x00007ff974e7a000 	C:\WINDOWS\System32\bcryptPrimitives.dll
0x00007ff978370000 - 0x00007ff97839d000 	C:\WINDOWS\System32\IMM32.DLL
0x00000000585d0000 - 0x00000000586a2000 	C:\Program Files\Java\jdk1.8.0_91\jre\bin\msvcr100.dll
0x0000000057a50000 - 0x00000000582e3000 	C:\Program Files\Java\jdk1.8.0_91\jre\bin\server\jvm.dll
0x00007ff9771f0000 - 0x00007ff9771f8000 	C:\WINDOWS\System32\PSAPI.DLL
0x00007ff9729d0000 - 0x00007ff9729f3000 	C:\WINDOWS\SYSTEM32\WINMM.dll
0x00007ff968b50000 - 0x00007ff968b59000 	C:\WINDOWS\SYSTEM32\WSOCK32.dll
0x00007ff9664f0000 - 0x00007ff9664fa000 	C:\WINDOWS\SYSTEM32\VERSION.dll
0x00007ff977ba0000 - 0x00007ff977c0c000 	C:\WINDOWS\System32\WS2_32.dll
0x00007ff972970000 - 0x00007ff97299b000 	C:\WINDOWS\SYSTEM32\winmmbase.dll
0x00007ff974b10000 - 0x00007ff974b59000 	C:\WINDOWS\System32\cfgmgr32.dll
0x00000000595e0000 - 0x00000000595ef000 	C:\Program Files\Java\jdk1.8.0_91\jre\bin\verify.dll
0x00000000579e0000 - 0x0000000057a09000 	C:\Program Files\Java\jdk1.8.0_91\jre\bin\java.dll
0x00000000595c0000 - 0x00000000595d6000 	C:\Program Files\Java\jdk1.8.0_91\jre\bin\zip.dll
0x00007ff975c00000 - 0x00007ff977036000 	C:\WINDOWS\System32\SHELL32.dll
0x00007ff978050000 - 0x00007ff9780fa000 	C:\WINDOWS\System32\shcore.dll
0x00007ff974e80000 - 0x00007ff975571000 	C:\WINDOWS\System32\windows.storage.dll
0x00007ff977540000 - 0x00007ff977591000 	C:\WINDOWS\System32\shlwapi.dll
0x00007ff974880000 - 0x00007ff974891000 	C:\WINDOWS\System32\kernel.appcore.dll
0x00007ff974830000 - 0x00007ff97487c000 	C:\WINDOWS\System32\powrprof.dll
0x00007ff974810000 - 0x00007ff974825000 	C:\WINDOWS\System32\profapi.dll
0x0000000057800000 - 0x0000000057998000 	C:\Program Files\Java\jdk1.8.0_91\jre\bin\awt.dll
0x00007ff9773a0000 - 0x00007ff977460000 	C:\WINDOWS\System32\OLEAUT32.dll
0x00007ff972ff0000 - 0x00007ff97306e000 	C:\WINDOWS\SYSTEM32\apphelp.dll
0x00007ff973280000 - 0x00007ff973315000 	C:\WINDOWS\system32\uxtheme.dll
0x00007ff975a90000 - 0x00007ff975bf6000 	C:\WINDOWS\System32\MSCTF.dll
0x00007ff971b20000 - 0x00007ff971b4a000 	C:\WINDOWS\system32\dwmapi.dll
0x00007ff977620000 - 0x00007ff977765000 	C:\WINDOWS\System32\ole32.dll
0x00000000577b0000 - 0x00000000577f7000 	C:\Program Files\Java\jdk1.8.0_91\jre\bin\fontmanager.dll
0x00007ff9580a0000 - 0x00007ff95818f000 	C:\Users\Joao_\.javacpp\cache\opencv-windows-x86_64.jar\org\bytedeco\javacpp\windows-x86_64\msvcr120.dll
0x00007ff965320000 - 0x00007ff9653c6000 	C:\Users\Joao_\.javacpp\cache\opencv-windows-x86_64.jar\org\bytedeco\javacpp\windows-x86_64\msvcp120.dll
0x00007ff949fc0000 - 0x00007ff94a23a000 	C:\Users\Joao_\.javacpp\cache\opencv-windows-x86_64.jar\org\bytedeco\javacpp\windows-x86_64\opencv_core310.dll
0x00007ff949c70000 - 0x00007ff949fb2000 	C:\Users\Joao_\.javacpp\cache\opencv-windows-x86_64.jar\org\bytedeco\javacpp\windows-x86_64\opencv_imgproc310.dll
0x00007ff949a40000 - 0x00007ff949c67000 	C:\Users\Joao_\.javacpp\cache\opencv-windows-x86_64.jar\org\bytedeco\javacpp\windows-x86_64\jniopencv_core.dll
0x00000000579c0000 - 0x00000000579da000 	C:\Program Files\Java\jdk1.8.0_91\jre\bin\net.dll
0x00007ff9740c0000 - 0x00007ff97411c000 	C:\WINDOWS\system32\mswsock.dll
0x00000000579a0000 - 0x00000000579b1000 	C:\Program Files\Java\jdk1.8.0_91\jre\bin\nio.dll
0x00007ff952b90000 - 0x00007ff952c7d000 	C:\Users\Joao_\.javacpp\cache\opencv-windows-x86_64.jar\org\bytedeco\javacpp\windows-x86_64\jniopencv_imgproc.dll
0x00007ff949770000 - 0x00007ff949a39000 	C:\Users\Joao_\.javacpp\cache\opencv-windows-x86_64.jar\org\bytedeco\javacpp\windows-x86_64\opencv_imgcodecs310.dll
0x00007ff970670000 - 0x00007ff970695000 	C:\Users\Joao_\.javacpp\cache\opencv-windows-x86_64.jar\org\bytedeco\javacpp\windows-x86_64\jniopencv_imgcodecs.dll
0x00007ff96def0000 - 0x00007ff96df43000 	C:\Users\Joao_\.javacpp\cache\opencv-windows-x86_64.jar\org\bytedeco\javacpp\windows-x86_64\opencv_videoio310.dll
0x00007ff96f6c0000 - 0x00007ff96f6e9000 	C:\WINDOWS\SYSTEM32\MSVFW32.dll
0x00007ff96f520000 - 0x00007ff96f53f000 	C:\WINDOWS\SYSTEM32\AVIFIL32.dll
0x00007ff96f4d0000 - 0x00007ff96f4e8000 	C:\WINDOWS\SYSTEM32\AVICAP32.dll
0x00007ff96f450000 - 0x00007ff96f46c000 	C:\WINDOWS\SYSTEM32\MSACM32.dll
0x00007ff96f1d0000 - 0x00007ff96f1e7000 	C:\Users\Joao_\.javacpp\cache\opencv-windows-x86_64.jar\org\bytedeco\javacpp\windows-x86_64\jniopencv_videoio.dll
0x00007ff96f1a0000 - 0x00007ff96f1cc000 	C:\Users\Joao_\.javacpp\cache\opencv-windows-x86_64.jar\org\bytedeco\javacpp\windows-x86_64\opencv_highgui310.dll
0x00007ff977040000 - 0x00007ff977148000 	C:\WINDOWS\System32\COMDLG32.dll
0x00007ff96deb0000 - 0x00007ff96dee5000 	C:\Users\Joao_\.javacpp\cache\opencv-windows-x86_64.jar\org\bytedeco\javacpp\windows-x86_64\jniopencv_highgui.dll
0x00007ff957a30000 - 0x00007ff957afd000 	C:\Users\Joao_\.javacpp\cache\opencv-windows-x86_64.jar\org\bytedeco\javacpp\windows-x86_64\opencv_ml310.dll
0x00007ff95fd90000 - 0x00007ff95fdcf000 	C:\Users\Joao_\.javacpp\cache\opencv-windows-x86_64.jar\org\bytedeco\javacpp\windows-x86_64\jniopencv_ml.dll
0x00007ff95a460000 - 0x00007ff95a4f6000 	C:\Users\Joao_\.javacpp\cache\opencv-windows-x86_64.jar\org\bytedeco\javacpp\windows-x86_64\opencv_objdetect310.dll
0x00007ff95fa10000 - 0x00007ff95fa64000 	C:\Users\Joao_\.javacpp\cache\opencv-windows-x86_64.jar\org\bytedeco\javacpp\windows-x86_64\jniopencv_objdetect.dll
0x00007ff958050000 - 0x00007ff958096000 	C:\Users\Joao_\.javacpp\cache\opencv-windows-x86_64.jar\org\bytedeco\javacpp\windows-x86_64\opencv_face310.dll
0x00007ff96e150000 - 0x00007ff96e16a000 	C:\Users\Joao_\.javacpp\cache\opencv-windows-x86_64.jar\org\bytedeco\javacpp\windows-x86_64\jniopencv_face.dll
0x00007ff96dd00000 - 0x00007ff96dd26000 	C:\Users\Joao_\.javacpp\cache\videoinput-windows-x86_64.jar\org\bytedeco\javacpp\windows-x86_64\jnivideoInputLib.dll
0x0000000057760000 - 0x00000000577a2000 	C:\Program Files\Java\jdk1.8.0_91\jre\bin\t2k.dll
0x0000000058540000 - 0x0000000058555000 	C:\Users\Joao_\.javacpp\cache\libfreenect-windows-x86_64.jar\org\bytedeco\javacpp\windows-x86_64\libusb0.dll
0x00007ff977c10000 - 0x00007ff97804b000 	C:\WINDOWS\System32\SETUPAPI.dll
0x00007ff95a010000 - 0x00007ff95a044000 	C:\Users\Joao_\.javacpp\cache\libfreenect-windows-x86_64.jar\org\bytedeco\javacpp\windows-x86_64\freenect.dll
0x00007ff96c0f0000 - 0x00007ff96c109000 	C:\Users\Joao_\.javacpp\cache\libfreenect-windows-x86_64.jar\org\bytedeco\javacpp\windows-x86_64\pthreadVC2.dll
0x00007ff969b30000 - 0x00007ff969b54000 	C:\Users\Joao_\.javacpp\cache\libfreenect-windows-x86_64.jar\org\bytedeco\javacpp\windows-x86_64\jnifreenect.dll
0x00007ff975900000 - 0x00007ff97599e000 	C:\WINDOWS\System32\clbcatq.dll
0x00007ff970c80000 - 0x00007ff970e2c000 	C:\WINDOWS\SYSTEM32\WindowsCodecs.dll
0x00007ff968420000 - 0x00007ff968467000 	C:\WINDOWS\system32\dataexchange.dll
0x00007ff971ff0000 - 0x00007ff9722cf000 	C:\WINDOWS\system32\d3d11.dll
0x00007ff972ae0000 - 0x00007ff972c02000 	C:\WINDOWS\system32\dcomp.dll
0x00007ff973820000 - 0x00007ff9738c4000 	C:\WINDOWS\system32\dxgi.dll
0x00007ff973110000 - 0x00007ff973280000 	C:\WINDOWS\system32\twinapi.appcore.dll
0x00007ff974750000 - 0x00007ff974775000 	C:\WINDOWS\system32\bcrypt.dll
0x00007ff965410000 - 0x00007ff965427000 	C:\Windows\System32\devenum.dll
0x00007ff973a20000 - 0x00007ff973a51000 	C:\WINDOWS\SYSTEM32\ntmarta.dll
0x00007ff973450000 - 0x00007ff973478000 	C:\WINDOWS\SYSTEM32\DEVOBJ.dll
0x00007ff974d10000 - 0x00007ff974d66000 	C:\WINDOWS\System32\WINTRUST.dll
0x00007ff9748a0000 - 0x00007ff9748b1000 	C:\WINDOWS\System32\MSASN1.dll
0x00007ff975730000 - 0x00007ff9758f9000 	C:\WINDOWS\System32\CRYPT32.dll
0x00007ff96f1f0000 - 0x00007ff96f1fb000 	C:\WINDOWS\SYSTEM32\msdmo.dll
0x00007ff96f610000 - 0x00007ff96f692000 	C:\WINDOWS\System32\TextInputFramework.dll
0x00007ff972880000 - 0x00007ff972963000 	C:\WINDOWS\System32\CoreMessaging.dll
0x00007ff970700000 - 0x00007ff9709d2000 	C:\WINDOWS\System32\CoreUIComponents.dll
0x00007ff971000000 - 0x00007ff971139000 	C:\WINDOWS\SYSTEM32\wintypes.dll
0x00007ff971530000 - 0x00007ff971545000 	C:\WINDOWS\SYSTEM32\usermgrcli.dll
0x00007ff952b50000 - 0x00007ff952b82000 	C:\Windows\System32\qcap.dll
0x00007ff94ee50000 - 0x00007ff94f00c000 	C:\Windows\System32\quartz.dll
0x00007ff952910000 - 0x00007ff95295d000 	C:\Windows\System32\mfksproxy.dll
0x00007ff96cca0000 - 0x00007ff96ccbc000 	C:\Windows\System32\ATL.DLL
0x00007ff944170000 - 0x00007ff9441a2000 	C:\Windows\System32\MFSENSORGROUP.dll
0x00007ff965100000 - 0x00007ff9652a0000 	C:\Windows\System32\MFPlat.DLL
0x00007ff96f490000 - 0x00007ff96f4c2000 	C:\Windows\System32\RTWorkQ.DLL
0x0000000057720000 - 0x000000005774a000 	C:\Program Files\Java\jdk1.8.0_91\jre\bin\dcpr.dll
0x00007ff951c00000 - 0x00007ff951c48000 	C:\Windows\System32\ksproxy.ax
0x00007ff970340000 - 0x00007ff970349000 	C:\Windows\System32\ksuser.dll
0x00007ff94b0b0000 - 0x00007ff94b239000 	C:\Windows\System32\d3d9.dll
0x00007ff971800000 - 0x00007ff971877000 	C:\WINDOWS\SYSTEM32\policymanager.dll
0x00007ff971770000 - 0x00007ff9717ff000 	C:\Windows\System32\msvcp110_win.dll
0x00007ff972a70000 - 0x00007ff972a7c000 	C:\Windows\System32\vidcap.ax
0x00007ff9593d0000 - 0x00007ff9593f6000 	C:\Windows\System32\kswdmcap.ax
0x00007ff949130000 - 0x00007ff949294000 	C:\Windows\System32\MFC42.dll
0x00007ff94a490000 - 0x00007ff94a52f000 	C:\Windows\System32\qedit.dll
0x00007ff964ca0000 - 0x00007ff964e35000 	C:\WINDOWS\WinSxS\amd64_microsoft.windows.gdiplus_6595b64144ccf1df_1.1.15063.608_none_56f0266b425534e9\gdiplus.dll
0x00007ff949030000 - 0x00007ff949126000 	C:\Windows\System32\DDRAW.dll
0x00007ff971940000 - 0x00007ff971948000 	C:\Windows\System32\DCIMAN32.dll
0x00007ff9486d0000 - 0x00007ff9488e7000 	C:\Program Files (x86)\K-Lite Codec Pack\Filters\DirectVobSub64\vsfilter.dll
0x00007ff969c50000 - 0x00007ff969cbb000 	C:\WINDOWS\SYSTEM32\OLEACC.dll
0x00007ff95ce60000 - 0x00007ff95ceea000 	C:\WINDOWS\SYSTEM32\WINSPOOL.DRV
0x00007ff959ce0000 - 0x00007ff95a00e000 	C:\WINDOWS\SYSTEM32\WININET.dll
0x00007ff9706e0000 - 0x00007ff9706ec000 	C:\WINDOWS\SYSTEM32\msyuv.dll
0x00007ff964820000 - 0x00007ff9649c9000 	C:\WINDOWS\SYSTEM32\dbghelp.dll

VM Arguments:
jvm_args: -Dfile.encoding=UTF-8 -Djava.library.path=C:\opencv\build\java\x64 
java_command: main.main
java_class_path (initial): C:\Users\Joao_\Downloads\javacpp-1.3-bin\javacpp-bin\javacpp.jar;C:\Users\Joao_\Downloads\javacv-platform-1.3-bin\javacv-bin\opencv-windows-x86_64.jar;C:\Users\Joao_\Downloads\javacv-platform-1.3-bin\javacv-bin\videoinput-windows-x86_64.jar;C:\Users\Joao_\Downloads\javacv-platform-1.3-bin\javacv-bin\artoolkitplus-windows-x86_64.jar;C:\Users\Joao_\Downloads\javacv-platform-1.3-bin\javacv-bin\ffmpeg-windows-x86_64.jar;C:\Users\Joao_\Downloads\javacv-platform-1.3-bin\javacv-bin\flandmark-windows-x86_64.jar;C:\Users\Joao_\Downloads\javacv-platform-1.3-bin\javacv-bin\flycapture-windows-x86_64.jar;C:\Users\Joao_\Downloads\javacv-platform-1.3-bin\javacv-bin\javacv-platform.jar;C:\Users\Joao_\Downloads\javacv-platform-1.3-bin\javacv-bin\javacv.jar;C:\Users\Joao_\Downloads\javacv-platform-1.3-bin\javacv-bin\libdc1394-windows-x86_64.jar;C:\Users\Joao_\Downloads\javacv-platform-1.3-bin\javacv-bin\libfreenect-platform.jar;C:\Users\Joao_\Downloads\javacv-platform-1.3-bin\javacv-bin\libfreenect-windows-x86_64.jar;C:\Users\Joao_\Downloads\javacv-platform-1.3-bin\javacv-bin\librealsense-platform.jar;C:\Users\Joao_\Downloads\javacv-platform-1.3-bin\javacv-bin\librealsense.jar;C:\Users\Joao_\Downloads\javacv-platform-1.3-bin\javacv-bin\opencv.jar;C:\Users\Joao_\Downloads\javacv-platform-1.3-bin\javacv-bin\videoinput.jar;C:\TCC.UniSecurity\build\classes
Launcher Type: SUN_STANDARD

Environment Variables:
PATH=C:\ProgramData\Oracle\Java\javapath;C:\WINDOWS\system32;C:\WINDOWS;C:\WINDOWS\System32\Wbem;C:\WINDOWS\System32\WindowsPowerShell\v1.0\;C:\Program Files (x86)\Skype\Phone\;C:\Program Files\Microsoft SQL Server\120\DTS\Binn\;C:\Program Files\Microsoft SQL Server\Client SDK\ODBC\110\Tools\Binn\;C:\Program Files (x86)\Microsoft SQL Server\120\Tools\Binn\;C:\Program Files\Microsoft SQL Server\120\Tools\Binn\;C:\Program Files (x86)\Microsoft SQL Server\120\Tools\Binn\ManagementStudio\;C:\Program Files (x86)\Microsoft SQL Server\120\DTS\Binn\;C:\Program Files\CMake\bin;C:\opencv\build\x64\vc14\bin;C:\Users\Joao_\AppData\Local\Programs\Python\Python37\Scripts\;C:\Users\Joao_\AppData\Local\Programs\Python\Python37\;C:\Users\Joao_\AppData\Local\Microsoft\WindowsApps;
USERNAME=Joao_
OS=Windows_NT
PROCESSOR_IDENTIFIER=Intel64 Family 6 Model 58 Stepping 9, GenuineIntel



---------------  S Y S T E M  ---------------

OS: Windows 10.0 , 64 bit Build 15063 (10.0.15063.296)

CPU:total 4 (2 cores per cpu, 2 threads per core) family 6 model 58 stepping 9, cmov, cx8, fxsr, mmx, sse, sse2, sse3, ssse3, sse4.1, sse4.2, popcnt, avx, aes, clmul, erms, ht, tsc, tscinvbit, tscinv

Memory: 4k page, physical 4092772k(1392764k free), swap 5774216k(2450980k free)

vm_info: Java HotSpot(TM) 64-Bit Server VM (25.91-b14) for windows-amd64 JRE (1.8.0_91-b14), built on Apr  1 2016 00:58:32 by "java_re" with MS VC++ 10.0 (VS2010)

time: Wed Oct 18 19:55:24 2017
elapsed time: 24 seconds (0d 0h 0m 24s)

