#
# A fatal error has been detected by the Java Runtime Environment:
#
#  EXCEPTION_ACCESS_VIOLATION (0xc0000005) at pc=0x00007ff9783d0e57, pid=4244, tid=2676
#
# JRE version: Java(TM) SE Runtime Environment (8.0_91-b14) (build 1.8.0_91-b14)
# Java VM: Java HotSpot(TM) 64-Bit Server VM (25.91-b14 mixed mode windows-amd64 compressed oops)
# Problematic frame:
# C  [ntdll.dll+0x30e57]
#
# Failed to write core dump. Minidumps are not enabled by default on client versions of Windows
#
# If you would like to submit a bug report, please visit:
#   http://bugreport.java.com/bugreport/crash.jsp
# The crash happened outside the Java Virtual Machine in native code.
# See problematic frame for where to report the bug.
#

---------------  T H R E A D  ---------------

Current thread (0x0000000018fee000):  JavaThread "JavaCPP Deallocator" daemon [_thread_in_native, id=2676, stack(0x0000000019b90000,0x0000000019c90000)]

siginfo: ExceptionCode=0xc0000005, reading address 0xffffffffffffffff

Registers:
RAX=0x0000000000000001, RBX=0x000000001a690760, RCX=0x0000000001170000, RDX=0x0000000000000000
RSP=0x0000000019c8f260, RBP=0x8800230049459830, RSI=0x0000000000000000, RDI=0x0000000001170000
R8 =0x8800230049459830, R9 =0x000000000000001b, R10=0x00007ff9784b95d0, R11=0x0000000019c8f200
R12=0x0000000000000000, R13=0x00000000154144d8, R14=0x8800230049459820, R15=0x0000000018fee000
RIP=0x00007ff9783d0e57, EFLAGS=0x0000000000010246

Top of Stack: (sp=0x0000000019c8f260)
0x0000000019c8f260:   00007ff947d5c7f0 0000000018fee000
0x0000000019c8f270:   000000001709c3f8 000000001709c020
0x0000000019c8f280:   00007ff947d5c7f0 0000000057d39ec1
0x0000000019c8f290:   00000000000003d8 0000000019c8f3b0
0x0000000019c8f2a0:   0000000019c8f320 000000001709c010
0x0000000019c8f2b0:   0000000000000000 0000000019c8f470
0x0000000019c8f2c0:   00000000154144e0 0000000000000000
0x0000000019c8f2d0:   0000000000000000 0000000000000000
0x0000000019c8f2e0:   0000000000000000 0000000019c8f470
0x0000000019c8f2f0:   000000001a690760 0000000000000000
0x0000000019c8f300:   0000000000000000 0000000019c8f3f0
0x0000000019c8f310:   0000000000000000 00007ff9511e69d8
0x0000000019c8f320:   000000001a690760 0000000018fee000
0x0000000019c8f330:   0000000018fee000 00000000178b7580
0x0000000019c8f340:   000000001a690760 00007ff947f0705b
0x0000000019c8f350:   0000000019c8f3f0 0000000057c1a606 

Instructions: (pc=0x00007ff9783d0e57)
0x00007ff9783d0e37:   9e 03 00 00 f6 47 78 01 0f 85 09 82 08 00 40 f6
0x00007ff9783d0e47:   c5 0f 0f 85 dd 81 08 00 4c 8d 75 f0 41 0f 0d 0e
0x00007ff9783d0e57:   41 80 7e 0f 05 0f 84 95 81 08 00 41 f6 46 0f 3f
0x00007ff9783d0e67:   0f 84 9b 81 08 00 4d 85 f6 0f 84 55 83 08 00 80 


Register to memory mapping:

RAX=0x0000000000000001 is an unknown value
RBX=0x000000001a690760 is an unknown value
RCX=0x0000000001170000 is an unknown value
RDX=0x0000000000000000 is an unknown value
RSP=0x0000000019c8f260 is pointing into the stack for thread: 0x0000000018fee000
RBP=0x8800230049459830 is an unknown value
RSI=0x0000000000000000 is an unknown value
RDI=0x0000000001170000 is an unknown value
R8 =0x8800230049459830 is an unknown value
R9 =0x000000000000001b is an unknown value
R10=0x00007ff9784b95d0 is an unknown value
R11=0x0000000019c8f200 is pointing into the stack for thread: 0x0000000018fee000
R12=0x0000000000000000 is an unknown value
R13=0x00000000154144d8 is pointing into metadata
R14=0x8800230049459820 is an unknown value
R15=0x0000000018fee000 is a thread


Stack: [0x0000000019b90000,0x0000000019c90000],  sp=0x0000000019c8f260,  free space=1020k
Native frames: (J=compiled Java code, j=interpreted, Vv=VM code, C=native code)
C  [ntdll.dll+0x30e57]
C  [msvcr120.dll+0x669d8]
C  [opencv_core310.dll+0x3705b]
C  [jniopencv_core.dll+0xbc86f]
C  0x0000000003047f54

Java frames: (J=compiled Java code, j=interpreted, Vv=VM code)
j  org.bytedeco.javacpp.opencv_core.cvReleaseMat(Lorg/bytedeco/javacpp/opencv_core$CvMat;)V+0
j  org.bytedeco.javacpp.helper.opencv_core$AbstractCvMat$ReleaseDeallocator.deallocate()V+1
j  org.bytedeco.javacpp.Pointer$DeallocatorReference.clear()V+49
j  org.bytedeco.javacpp.Pointer$DeallocatorThread.run()V+11
v  ~StubRoutines::call_stub

---------------  P R O C E S S  ---------------

Java Threads: ( => current thread )
  0x0000000018e84800 JavaThread "TimerQueue" daemon [_thread_blocked, id=5760, stack(0x000000001c160000,0x000000001c260000)]
  0x00000000179b5800 JavaThread "Thread-2" [_thread_in_native, id=6140, stack(0x000000001be60000,0x000000001bf60000)]
  0x0000000002dfd800 JavaThread "DestroyJavaVM" [_thread_blocked, id=9948, stack(0x0000000002e30000,0x0000000002f30000)]
  0x0000000017af7800 JavaThread "AWT-EventQueue-0" [_thread_in_native, id=3712, stack(0x0000000019c90000,0x0000000019d90000)]
=>0x0000000018fee000 JavaThread "JavaCPP Deallocator" daemon [_thread_in_native, id=2676, stack(0x0000000019b90000,0x0000000019c90000)]
  0x000000001779b000 JavaThread "AWT-Windows" daemon [_thread_in_native, id=2052, stack(0x0000000018350000,0x0000000018450000)]
  0x0000000017798000 JavaThread "AWT-Shutdown" [_thread_blocked, id=11048, stack(0x0000000018250000,0x0000000018350000)]
  0x0000000017797000 JavaThread "Java2D Disposer" daemon [_thread_blocked, id=9092, stack(0x0000000018150000,0x0000000018250000)]
  0x000000001567e800 JavaThread "Service Thread" daemon [_thread_blocked, id=11208, stack(0x0000000017370000,0x0000000017470000)]
  0x0000000015625000 JavaThread "C1 CompilerThread2" daemon [_thread_blocked, id=3220, stack(0x0000000016e70000,0x0000000016f70000)]
  0x0000000015622000 JavaThread "C2 CompilerThread1" daemon [_thread_in_native, id=9540, stack(0x0000000016d70000,0x0000000016e70000)]
  0x000000001561f800 JavaThread "C2 CompilerThread0" daemon [_thread_in_native, id=10564, stack(0x0000000016c70000,0x0000000016d70000)]
  0x000000001561e000 JavaThread "Attach Listener" daemon [_thread_blocked, id=8280, stack(0x0000000016b70000,0x0000000016c70000)]
  0x000000001561d000 JavaThread "Signal Dispatcher" daemon [_thread_blocked, id=5828, stack(0x0000000016a70000,0x0000000016b70000)]
  0x0000000015609000 JavaThread "Finalizer" daemon [_thread_blocked, id=5020, stack(0x0000000016880000,0x0000000016980000)]
  0x0000000003021000 JavaThread "Reference Handler" daemon [_thread_blocked, id=7952, stack(0x0000000016780000,0x0000000016880000)]

Other Threads:
  0x00000000155e7000 VMThread [stack: 0x0000000016680000,0x0000000016780000] [id=8092]
  0x0000000016fc2800 WatcherThread [stack: 0x0000000017470000,0x0000000017570000] [id=11652]

VM state:not at safepoint (normal execution)

VM Mutex/Monitor currently owned by a thread: None

Heap:
 PSYoungGen      total 35328K, used 8777K [0x00000000eb300000, 0x00000000ed800000, 0x0000000100000000)
  eden space 32768K, 18% used [0x00000000eb300000,0x00000000eb9124a0,0x00000000ed300000)
  from space 2560K, 100% used [0x00000000ed580000,0x00000000ed800000,0x00000000ed800000)
  to   space 2560K, 0% used [0x00000000ed300000,0x00000000ed300000,0x00000000ed580000)
 ParOldGen       total 44032K, used 1009K [0x00000000c1800000, 0x00000000c4300000, 0x00000000eb300000)
  object space 44032K, 2% used [0x00000000c1800000,0x00000000c18fc438,0x00000000c4300000)
 Metaspace       used 15941K, capacity 16098K, committed 16384K, reserved 1062912K
  class space    used 1940K, capacity 1996K, committed 2048K, reserved 1048576K

Card table byte_map: [0x00000000123f0000,0x00000000125f0000] byte_map_base: 0x0000000011de4000

Marking Bits: (ParMarkBitMap*) 0x0000000058372f70
 Begin Bits: [0x0000000012b40000, 0x0000000013ae0000)
 End Bits:   [0x0000000013ae0000, 0x0000000014a80000)

Polling page: 0x0000000001150000

CodeCache: size=245760Kb used=4283Kb max_used=4283Kb free=241476Kb
 bounds [0x0000000003030000, 0x0000000003470000, 0x0000000012030000]
 total_blobs=1759 nmethods=1137 adapters=535
 compilation: enabled

Compilation events (10 events):
Event: 2.464 Thread 0x0000000015625000 1096       3       java.util.Arrays::binarySearch0 (95 bytes)
Event: 2.464 Thread 0x0000000015625000 nmethod 1096 0x000000000344ca50 code [0x000000000344cbe0, 0x000000000344d018]
Event: 2.464 Thread 0x0000000015625000 1097       3       sun.java2d.loops.GraphicsPrimitiveMgr::locate (104 bytes)
Event: 2.465 Thread 0x0000000015625000 nmethod 1097 0x000000000344d250 code [0x000000000344d440, 0x000000000344de58]
Event: 2.465 Thread 0x0000000015625000 1098       3       java.util.Arrays::binarySearch (10 bytes)
Event: 2.465 Thread 0x0000000015625000 nmethod 1098 0x000000000344e190 code [0x000000000344e300, 0x000000000344e488]
Event: 2.465 Thread 0x0000000015625000 1099       1       sun.java2d.loops.SurfaceType::getSuperType (5 bytes)
Event: 2.466 Thread 0x0000000015625000 nmethod 1099 0x000000000344e550 code [0x000000000344e6a0, 0x000000000344e7b0]
Event: 2.469 Thread 0x0000000015625000 1100       3       java.lang.Class::arrayContentsEq (70 bytes)
Event: 2.470 Thread 0x0000000015625000 nmethod 1100 0x000000000344ec10 code [0x000000000344eda0, 0x000000000344f1d0]

GC Heap History (4 events):
Event: 1.083 GC heap before
{Heap before GC invocations=1 (full 0):
 PSYoungGen      total 18944K, used 16384K [0x00000000eb300000, 0x00000000ec800000, 0x0000000100000000)
  eden space 16384K, 100% used [0x00000000eb300000,0x00000000ec300000,0x00000000ec300000)
  from space 2560K, 0% used [0x00000000ec580000,0x00000000ec580000,0x00000000ec800000)
  to   space 2560K, 0% used [0x00000000ec300000,0x00000000ec300000,0x00000000ec580000)
 ParOldGen       total 44032K, used 0K [0x00000000c1800000, 0x00000000c4300000, 0x00000000eb300000)
  object space 44032K, 0% used [0x00000000c1800000,0x00000000c1800000,0x00000000c4300000)
 Metaspace       used 11222K, capacity 11402K, committed 11776K, reserved 1058816K
  class space    used 1334K, capacity 1415K, committed 1536K, reserved 1048576K
Event: 1.110 GC heap after
Heap after GC invocations=1 (full 0):
 PSYoungGen      total 18944K, used 2539K [0x00000000eb300000, 0x00000000ed800000, 0x0000000100000000)
  eden space 16384K, 0% used [0x00000000eb300000,0x00000000eb300000,0x00000000ec300000)
  from space 2560K, 99% used [0x00000000ec300000,0x00000000ec57ad00,0x00000000ec580000)
  to   space 2560K, 0% used [0x00000000ed580000,0x00000000ed580000,0x00000000ed800000)
 ParOldGen       total 44032K, used 616K [0x00000000c1800000, 0x00000000c4300000, 0x00000000eb300000)
  object space 44032K, 1% used [0x00000000c1800000,0x00000000c189a098,0x00000000c4300000)
 Metaspace       used 11222K, capacity 11402K, committed 11776K, reserved 1058816K
  class space    used 1334K, capacity 1415K, committed 1536K, reserved 1048576K
}
Event: 2.436 GC heap before
{Heap before GC invocations=2 (full 0):
 PSYoungGen      total 18944K, used 18923K [0x00000000eb300000, 0x00000000ed800000, 0x0000000100000000)
  eden space 16384K, 100% used [0x00000000eb300000,0x00000000ec300000,0x00000000ec300000)
  from space 2560K, 99% used [0x00000000ec300000,0x00000000ec57ad00,0x00000000ec580000)
  to   space 2560K, 0% used [0x00000000ed580000,0x00000000ed580000,0x00000000ed800000)
 ParOldGen       total 44032K, used 616K [0x00000000c1800000, 0x00000000c4300000, 0x00000000eb300000)
  object space 44032K, 1% used [0x00000000c1800000,0x00000000c189a098,0x00000000c4300000)
 Metaspace       used 14839K, capacity 14998K, committed 15232K, reserved 1062912K
  class space    used 1786K, capacity 1866K, committed 1920K, reserved 1048576K
Event: 2.442 GC heap after
Heap after GC invocations=2 (full 0):
 PSYoungGen      total 35328K, used 2560K [0x00000000eb300000, 0x00000000ed800000, 0x0000000100000000)
  eden space 32768K, 0% used [0x00000000eb300000,0x00000000eb300000,0x00000000ed300000)
  from space 2560K, 100% used [0x00000000ed580000,0x00000000ed800000,0x00000000ed800000)
  to   space 2560K, 0% used [0x00000000ed300000,0x00000000ed300000,0x00000000ed580000)
 ParOldGen       total 44032K, used 1009K [0x00000000c1800000, 0x00000000c4300000, 0x00000000eb300000)
  object space 44032K, 2% used [0x00000000c1800000,0x00000000c18fc438,0x00000000c4300000)
 Metaspace       used 14839K, capacity 14998K, committed 15232K, reserved 1062912K
  class space    used 1786K, capacity 1866K, committed 1920K, reserved 1048576K
}

Deoptimization events (8 events):
Event: 1.174 Thread 0x0000000017af7800 Uncommon trap: reason=unstable_if action=reinterpret pc=0x00000000032cfa80 method=sun.misc.MetaIndex.mayContain(Ljava/lang/String;)Z @ 38
Event: 1.194 Thread 0x0000000017af7800 Uncommon trap: reason=unstable_if action=reinterpret pc=0x00000000032486ac method=java.lang.AbstractStringBuilder.append(Ljava/lang/String;)Ljava/lang/AbstractStringBuilder; @ 1
Event: 1.195 Thread 0x0000000017af7800 Uncommon trap: reason=unstable_if action=reinterpret pc=0x0000000003224d58 method=java.lang.AbstractStringBuilder.append(Ljava/lang/String;)Ljava/lang/AbstractStringBuilder; @ 1
Event: 1.416 Thread 0x0000000017af7800 Uncommon trap: reason=unstable_if action=reinterpret pc=0x00000000032bcc24 method=java.io.WinNTFileSystem.normalize(Ljava/lang/String;)Ljava/lang/String; @ 128
Event: 1.556 Thread 0x0000000017af7800 Uncommon trap: reason=unstable_if action=reinterpret pc=0x00000000032c9278 method=sun.misc.MetaIndex.mayContain(Ljava/lang/String;)Z @ 38
Event: 1.562 Thread 0x0000000017af7800 Uncommon trap: reason=unstable_if action=reinterpret pc=0x0000000003229344 method=java.lang.String.indexOf([CII[CIII)I @ 3
Event: 2.286 Thread 0x0000000017af7800 Uncommon trap: reason=unstable_if action=reinterpret pc=0x000000000322f0a4 method=java.util.HashMap.getNode(ILjava/lang/Object;)Ljava/util/HashMap$Node; @ 84
Event: 2.286 Thread 0x0000000017af7800 Uncommon trap: reason=unstable_if action=reinterpret pc=0x00000000032a9680 method=java.util.HashMap.getNode(ILjava/lang/Object;)Ljava/util/HashMap$Node; @ 84

Internal exceptions (10 events):
Event: 2.432 Thread 0x00000000179b5800 Exception <a 'java/lang/UnsatisfiedLinkError'> (0x00000000ec2a27a0) thrown at [C:\re\workspace\8-2-build-windows-amd64-cygwin\jdk8u91\6644\hotspot\src\share\vm\oops\instanceKlass.cpp, line 948]
Event: 2.432 Thread 0x00000000179b5800 Exception <a 'java/lang/reflect/InvocationTargetException'> (0x00000000ec2a3028) thrown at [C:\re\workspace\8-2-build-windows-amd64-cygwin\jdk8u91\6644\hotspot\src\share\vm\runtime\reflection.cpp, line 1092]
Event: 2.452 Thread 0x00000000179b5800 Exception <a 'java/lang/UnsatisfiedLinkError'> (0x00000000eb493ad8) thrown at [C:\re\workspace\8-2-build-windows-amd64-cygwin\jdk8u91\6644\hotspot\src\share\vm\prims\jvm.cpp, line 3969]
Event: 2.452 Thread 0x00000000179b5800 Exception <a 'java/lang/UnsatisfiedLinkError'> (0x00000000eb493ad8) thrown at [C:\re\workspace\8-2-build-windows-amd64-cygwin\jdk8u91\6644\hotspot\src\share\vm\prims\jni.cpp, line 709]
Event: 2.454 Thread 0x00000000179b5800 Exception <a 'java/lang/UnsatisfiedLinkError'> (0x00000000eb496af8) thrown at [C:\re\workspace\8-2-build-windows-amd64-cygwin\jdk8u91\6644\hotspot\src\share\vm\prims\jvm.cpp, line 3969]
Event: 2.454 Thread 0x00000000179b5800 Exception <a 'java/lang/UnsatisfiedLinkError'> (0x00000000eb496af8) thrown at [C:\re\workspace\8-2-build-windows-amd64-cygwin\jdk8u91\6644\hotspot\src\share\vm\prims\jni.cpp, line 709]
Event: 2.456 Thread 0x00000000179b5800 Exception <a 'java/lang/UnsatisfiedLinkError'> (0x00000000eb499b18) thrown at [C:\re\workspace\8-2-build-windows-amd64-cygwin\jdk8u91\6644\hotspot\src\share\vm\prims\jvm.cpp, line 3969]
Event: 2.456 Thread 0x00000000179b5800 Exception <a 'java/lang/UnsatisfiedLinkError'> (0x00000000eb499b18) thrown at [C:\re\workspace\8-2-build-windows-amd64-cygwin\jdk8u91\6644\hotspot\src\share\vm\prims\jni.cpp, line 709]
Event: 2.457 Thread 0x00000000179b5800 Exception <a 'java/lang/UnsatisfiedLinkError'> (0x00000000eb49a150) thrown at [C:\re\workspace\8-2-build-windows-amd64-cygwin\jdk8u91\6644\hotspot\src\share\vm\oops\instanceKlass.cpp, line 948]
Event: 2.457 Thread 0x00000000179b5800 Exception <a 'java/lang/reflect/InvocationTargetException'> (0x00000000eb49a9e8) thrown at [C:\re\workspace\8-2-build-windows-amd64-cygwin\jdk8u91\6644\hotspot\src\share\vm\runtime\reflection.cpp, line 1092]

Events (10 events):
Event: 2.472 loading class java/awt/im/spi/InputMethodDescriptor
Event: 2.472 loading class java/awt/im/spi/InputMethodDescriptor done
Event: 2.473 loading class sun/awt/windows/WInputMethodDescriptor done
Event: 2.473 loading class sun/awt/im/InputMethodLocator
Event: 2.473 loading class sun/awt/im/InputMethodLocator done
Event: 2.473 loading class sun/awt/im/ExecutableInputMethodManager$3
Event: 2.473 loading class sun/awt/im/ExecutableInputMethodManager$3 done
Event: 2.473 loading class java/awt/peer/LightweightPeer
Event: 2.473 loading class java/awt/peer/LightweightPeer done
Event: 2.474 loading class sun/awt/NullComponentPeer


Dynamic libraries:
0x00007ff7a6250000 - 0x00007ff7a6287000 	C:\Program Files\Java\jdk1.8.0_91\bin\java.exe
0x00007ff9783a0000 - 0x00007ff97857b000 	C:\WINDOWS\SYSTEM32\ntdll.dll
0x00007ff9782c0000 - 0x00007ff97836e000 	C:\WINDOWS\System32\KERNEL32.DLL
0x00007ff9748c0000 - 0x00007ff974b09000 	C:\WINDOWS\System32\KERNELBASE.dll
0x00007ff9759a0000 - 0x00007ff975a41000 	C:\WINDOWS\System32\ADVAPI32.dll
0x00007ff977150000 - 0x00007ff9771ed000 	C:\WINDOWS\System32\msvcrt.dll
0x00007ff977460000 - 0x00007ff9774b9000 	C:\WINDOWS\System32\sechost.dll
0x00007ff977a70000 - 0x00007ff977b95000 	C:\WINDOWS\System32\RPCRT4.dll
0x00007ff978160000 - 0x00007ff9782aa000 	C:\WINDOWS\System32\USER32.dll
0x00007ff975580000 - 0x00007ff97559e000 	C:\WINDOWS\System32\win32u.dll
0x00007ff975a50000 - 0x00007ff975a77000 	C:\WINDOWS\System32\GDI32.dll
0x00007ff9755a0000 - 0x00007ff975727000 	C:\WINDOWS\System32\gdi32full.dll
0x00007ff974d70000 - 0x00007ff974e0a000 	C:\WINDOWS\System32\msvcp_win.dll
0x00007ff974b60000 - 0x00007ff974c56000 	C:\WINDOWS\System32\ucrtbase.dll
0x00007ff96b2b0000 - 0x00007ff96b517000 	C:\WINDOWS\WinSxS\amd64_microsoft.windows.common-controls_6595b64144ccf1df_6.0.15063.483_none_26002d27e7c744a2\COMCTL32.dll
0x00007ff977770000 - 0x00007ff977a69000 	C:\WINDOWS\System32\combase.dll
0x00007ff974e10000 - 0x00007ff974e7a000 	C:\WINDOWS\System32\bcryptPrimitives.dll
0x00007ff978370000 - 0x00007ff97839d000 	C:\WINDOWS\System32\IMM32.DLL
0x00000000585d0000 - 0x00000000586a2000 	C:\Program Files\Java\jdk1.8.0_91\jre\bin\msvcr100.dll
0x0000000057b60000 - 0x00000000583f3000 	C:\Program Files\Java\jdk1.8.0_91\jre\bin\server\jvm.dll
0x00007ff9771f0000 - 0x00007ff9771f8000 	C:\WINDOWS\System32\PSAPI.DLL
0x00007ff96ec60000 - 0x00007ff96ec69000 	C:\WINDOWS\SYSTEM32\WSOCK32.dll
0x00007ff9729d0000 - 0x00007ff9729f3000 	C:\WINDOWS\SYSTEM32\WINMM.dll
0x00007ff977ba0000 - 0x00007ff977c0c000 	C:\WINDOWS\System32\WS2_32.dll
0x00007ff9664f0000 - 0x00007ff9664fa000 	C:\WINDOWS\SYSTEM32\VERSION.dll
0x00007ff972970000 - 0x00007ff97299b000 	C:\WINDOWS\SYSTEM32\winmmbase.dll
0x00007ff974b10000 - 0x00007ff974b59000 	C:\WINDOWS\System32\cfgmgr32.dll
0x00000000595e0000 - 0x00000000595ef000 	C:\Program Files\Java\jdk1.8.0_91\jre\bin\verify.dll
0x0000000057af0000 - 0x0000000057b19000 	C:\Program Files\Java\jdk1.8.0_91\jre\bin\java.dll
0x00000000595c0000 - 0x00000000595d6000 	C:\Program Files\Java\jdk1.8.0_91\jre\bin\zip.dll
0x00007ff975c00000 - 0x00007ff977036000 	C:\WINDOWS\System32\SHELL32.dll
0x00007ff978050000 - 0x00007ff9780fa000 	C:\WINDOWS\System32\shcore.dll
0x00007ff974e80000 - 0x00007ff975571000 	C:\WINDOWS\System32\windows.storage.dll
0x00007ff977540000 - 0x00007ff977591000 	C:\WINDOWS\System32\shlwapi.dll
0x00007ff974880000 - 0x00007ff974891000 	C:\WINDOWS\System32\kernel.appcore.dll
0x00007ff974830000 - 0x00007ff97487c000 	C:\WINDOWS\System32\powrprof.dll
0x00007ff974810000 - 0x00007ff974825000 	C:\WINDOWS\System32\profapi.dll
0x0000000057910000 - 0x0000000057aa8000 	C:\Program Files\Java\jdk1.8.0_91\jre\bin\awt.dll
0x00007ff9773a0000 - 0x00007ff977460000 	C:\WINDOWS\System32\OLEAUT32.dll
0x00007ff972ff0000 - 0x00007ff97306e000 	C:\WINDOWS\SYSTEM32\apphelp.dll
0x00007ff973280000 - 0x00007ff973315000 	C:\WINDOWS\system32\uxtheme.dll
0x00007ff975a90000 - 0x00007ff975bf6000 	C:\WINDOWS\System32\MSCTF.dll
0x00007ff971b20000 - 0x00007ff971b4a000 	C:\WINDOWS\system32\dwmapi.dll
0x00007ff977620000 - 0x00007ff977765000 	C:\WINDOWS\System32\ole32.dll
0x00000000578c0000 - 0x0000000057907000 	C:\Program Files\Java\jdk1.8.0_91\jre\bin\fontmanager.dll
0x00007ff951180000 - 0x00007ff95126f000 	C:\Users\Joao_\.javacpp\cache\opencv-windows-x86_64.jar\org\bytedeco\javacpp\windows-x86_64\msvcr120.dll
0x00007ff952010000 - 0x00007ff9520b6000 	C:\Users\Joao_\.javacpp\cache\opencv-windows-x86_64.jar\org\bytedeco\javacpp\windows-x86_64\msvcp120.dll
0x00007ff947ed0000 - 0x00007ff94814a000 	C:\Users\Joao_\.javacpp\cache\opencv-windows-x86_64.jar\org\bytedeco\javacpp\windows-x86_64\opencv_core310.dll
0x00007ff945a90000 - 0x00007ff945dd2000 	C:\Users\Joao_\.javacpp\cache\opencv-windows-x86_64.jar\org\bytedeco\javacpp\windows-x86_64\opencv_imgproc310.dll
0x00007ff947ca0000 - 0x00007ff947ec7000 	C:\Users\Joao_\.javacpp\cache\opencv-windows-x86_64.jar\org\bytedeco\javacpp\windows-x86_64\jniopencv_core.dll
0x0000000057ad0000 - 0x0000000057aea000 	C:\Program Files\Java\jdk1.8.0_91\jre\bin\net.dll
0x00007ff9740c0000 - 0x00007ff97411c000 	C:\WINDOWS\system32\mswsock.dll
0x0000000057ab0000 - 0x0000000057ac1000 	C:\Program Files\Java\jdk1.8.0_91\jre\bin\nio.dll
0x00007ff9459a0000 - 0x00007ff945a8d000 	C:\Users\Joao_\.javacpp\cache\opencv-windows-x86_64.jar\org\bytedeco\javacpp\windows-x86_64\jniopencv_imgproc.dll
0x00007ff941e90000 - 0x00007ff942159000 	C:\Users\Joao_\.javacpp\cache\opencv-windows-x86_64.jar\org\bytedeco\javacpp\windows-x86_64\opencv_imgcodecs310.dll
0x00007ff96a1a0000 - 0x00007ff96a1c5000 	C:\Users\Joao_\.javacpp\cache\opencv-windows-x86_64.jar\org\bytedeco\javacpp\windows-x86_64\jniopencv_imgcodecs.dll
0x00007ff95f730000 - 0x00007ff95f783000 	C:\Users\Joao_\.javacpp\cache\opencv-windows-x86_64.jar\org\bytedeco\javacpp\windows-x86_64\opencv_videoio310.dll
0x00007ff969830000 - 0x00007ff969859000 	C:\WINDOWS\SYSTEM32\MSVFW32.dll
0x00007ff96f500000 - 0x00007ff96f51f000 	C:\WINDOWS\SYSTEM32\AVIFIL32.dll
0x00007ff96f0f0000 - 0x00007ff96f108000 	C:\WINDOWS\SYSTEM32\AVICAP32.dll
0x00007ff96ca70000 - 0x00007ff96ca8c000 	C:\WINDOWS\SYSTEM32\MSACM32.dll
0x00007ff969ab0000 - 0x00007ff969ac7000 	C:\Users\Joao_\.javacpp\cache\opencv-windows-x86_64.jar\org\bytedeco\javacpp\windows-x86_64\jniopencv_videoio.dll
0x00007ff9688c0000 - 0x00007ff9688ec000 	C:\Users\Joao_\.javacpp\cache\opencv-windows-x86_64.jar\org\bytedeco\javacpp\windows-x86_64\opencv_highgui310.dll
0x00007ff977040000 - 0x00007ff977148000 	C:\WINDOWS\System32\COMDLG32.dll
0x00007ff952bc0000 - 0x00007ff952bf5000 	C:\Users\Joao_\.javacpp\cache\opencv-windows-x86_64.jar\org\bytedeco\javacpp\windows-x86_64\jniopencv_highgui.dll
0x00007ff9458d0000 - 0x00007ff94599d000 	C:\Users\Joao_\.javacpp\cache\opencv-windows-x86_64.jar\org\bytedeco\javacpp\windows-x86_64\opencv_ml310.dll
0x00007ff952b80000 - 0x00007ff952bbf000 	C:\Users\Joao_\.javacpp\cache\opencv-windows-x86_64.jar\org\bytedeco\javacpp\windows-x86_64\jniopencv_ml.dll
0x00007ff949cc0000 - 0x00007ff949d56000 	C:\Users\Joao_\.javacpp\cache\opencv-windows-x86_64.jar\org\bytedeco\javacpp\windows-x86_64\opencv_objdetect310.dll
0x00007ff9522e0000 - 0x00007ff952334000 	C:\Users\Joao_\.javacpp\cache\opencv-windows-x86_64.jar\org\bytedeco\javacpp\windows-x86_64\jniopencv_objdetect.dll
0x00007ff9520f0000 - 0x00007ff952136000 	C:\Users\Joao_\.javacpp\cache\opencv-windows-x86_64.jar\org\bytedeco\javacpp\windows-x86_64\opencv_face310.dll
0x00007ff9654c0000 - 0x00007ff9654da000 	C:\Users\Joao_\.javacpp\cache\opencv-windows-x86_64.jar\org\bytedeco\javacpp\windows-x86_64\jniopencv_face.dll
0x00007ff957990000 - 0x00007ff9579b6000 	C:\Users\Joao_\.javacpp\cache\videoinput-windows-x86_64.jar\org\bytedeco\javacpp\windows-x86_64\jnivideoInputLib.dll
0x0000000057870000 - 0x00000000578b2000 	C:\Program Files\Java\jdk1.8.0_91\jre\bin\t2k.dll
0x00000000577b0000 - 0x00000000577c5000 	C:\Users\Joao_\.javacpp\cache\libfreenect-windows-x86_64.jar\org\bytedeco\javacpp\windows-x86_64\libusb0.dll
0x00007ff977c10000 - 0x00007ff97804b000 	C:\WINDOWS\System32\SETUPAPI.dll
0x00007ff975900000 - 0x00007ff97599e000 	C:\WINDOWS\System32\clbcatq.dll
0x00007ff952b00000 - 0x00007ff952b34000 	C:\Users\Joao_\.javacpp\cache\libfreenect-windows-x86_64.jar\org\bytedeco\javacpp\windows-x86_64\freenect.dll
0x00007ff970c80000 - 0x00007ff970e2c000 	C:\WINDOWS\SYSTEM32\WindowsCodecs.dll
0x00007ff964fa0000 - 0x00007ff964fb9000 	C:\Users\Joao_\.javacpp\cache\libfreenect-windows-x86_64.jar\org\bytedeco\javacpp\windows-x86_64\pthreadVC2.dll
0x00007ff964820000 - 0x00007ff9649c9000 	C:\WINDOWS\SYSTEM32\dbghelp.dll
0x00007ff956e10000 - 0x00007ff956e34000 	C:\Users\Joao_\.javacpp\cache\libfreenect-windows-x86_64.jar\org\bytedeco\javacpp\windows-x86_64\jnifreenect.dll
0x00007ff967bd0000 - 0x00007ff967c17000 	C:\WINDOWS\system32\dataexchange.dll
0x00007ff971ff0000 - 0x00007ff9722cf000 	C:\WINDOWS\system32\d3d11.dll
0x00007ff972ae0000 - 0x00007ff972c02000 	C:\WINDOWS\system32\dcomp.dll
0x00007ff973820000 - 0x00007ff9738c4000 	C:\WINDOWS\system32\dxgi.dll
0x00007ff973110000 - 0x00007ff973280000 	C:\WINDOWS\system32\twinapi.appcore.dll
0x00007ff974750000 - 0x00007ff974775000 	C:\WINDOWS\system32\bcrypt.dll
0x00007ff970160000 - 0x00007ff9701e2000 	C:\WINDOWS\System32\TextInputFramework.dll
0x00007ff970700000 - 0x00007ff9709d2000 	C:\WINDOWS\System32\CoreUIComponents.dll
0x00007ff972880000 - 0x00007ff972963000 	C:\WINDOWS\System32\CoreMessaging.dll
0x00007ff973a20000 - 0x00007ff973a51000 	C:\WINDOWS\SYSTEM32\ntmarta.dll
0x00007ff971000000 - 0x00007ff971139000 	C:\WINDOWS\SYSTEM32\wintypes.dll
0x00007ff971530000 - 0x00007ff971545000 	C:\WINDOWS\SYSTEM32\usermgrcli.dll
0x0000000057830000 - 0x000000005785a000 	C:\Program Files\Java\jdk1.8.0_91\jre\bin\dcpr.dll
0x00007ff963da0000 - 0x00007ff963db7000 	C:\Windows\System32\devenum.dll
0x00007ff973450000 - 0x00007ff973478000 	C:\WINDOWS\SYSTEM32\DEVOBJ.dll
0x00007ff974d10000 - 0x00007ff974d66000 	C:\WINDOWS\System32\WINTRUST.dll
0x00007ff9748a0000 - 0x00007ff9748b1000 	C:\WINDOWS\System32\MSASN1.dll
0x00007ff975730000 - 0x00007ff9758f9000 	C:\WINDOWS\System32\CRYPT32.dll
0x00007ff972a70000 - 0x00007ff972a7b000 	C:\WINDOWS\SYSTEM32\msdmo.dll
0x00007ff9510f0000 - 0x00007ff951122000 	C:\Windows\System32\qcap.dll
0x00007ff9337f0000 - 0x00007ff9339ac000 	C:\Windows\System32\quartz.dll
0x00007ff94f560000 - 0x00007ff94f5ad000 	C:\Windows\System32\mfksproxy.dll
0x00007ff96cca0000 - 0x00007ff96ccbc000 	C:\Windows\System32\ATL.DLL
0x00007ff95f550000 - 0x00007ff95f582000 	C:\Windows\System32\MFSENSORGROUP.dll
0x00007ff9695a0000 - 0x00007ff969740000 	C:\Windows\System32\MFPlat.DLL
0x00007ff96cd60000 - 0x00007ff96cd92000 	C:\Windows\System32\RTWorkQ.DLL
0x00007ff94d3a0000 - 0x00007ff94d3e8000 	C:\Windows\System32\ksproxy.ax
0x00007ff96f0e0000 - 0x00007ff96f0e9000 	C:\Windows\System32\ksuser.dll
0x00007ff948530000 - 0x00007ff9486b9000 	C:\Windows\System32\d3d9.dll

VM Arguments:
jvm_args: -Dfile.encoding=UTF-8 -Djava.library.path=C:\opencv\build\java\x64 
java_command: main.main
java_class_path (initial): C:\Users\Joao_\Downloads\javacpp-1.3-bin\javacpp-bin\javacpp.jar;C:\Users\Joao_\Downloads\javacv-platform-1.3-bin\javacv-bin\opencv-windows-x86_64.jar;C:\Users\Joao_\Downloads\javacv-platform-1.3-bin\javacv-bin\videoinput-windows-x86_64.jar;C:\Users\Joao_\Downloads\javacv-platform-1.3-bin\javacv-bin\artoolkitplus-windows-x86_64.jar;C:\Users\Joao_\Downloads\javacv-platform-1.3-bin\javacv-bin\ffmpeg-windows-x86_64.jar;C:\Users\Joao_\Downloads\javacv-platform-1.3-bin\javacv-bin\flandmark-windows-x86_64.jar;C:\Users\Joao_\Downloads\javacv-platform-1.3-bin\javacv-bin\flycapture-windows-x86_64.jar;C:\Users\Joao_\Downloads\javacv-platform-1.3-bin\javacv-bin\javacv-platform.jar;C:\Users\Joao_\Downloads\javacv-platform-1.3-bin\javacv-bin\javacv.jar;C:\Users\Joao_\Downloads\javacv-platform-1.3-bin\javacv-bin\libdc1394-windows-x86_64.jar;C:\Users\Joao_\Downloads\javacv-platform-1.3-bin\javacv-bin\libfreenect-platform.jar;C:\Users\Joao_\Downloads\javacv-platform-1.3-bin\javacv-bin\libfreenect-windows-x86_64.jar;C:\Users\Joao_\Downloads\javacv-platform-1.3-bin\javacv-bin\librealsense-platform.jar;C:\Users\Joao_\Downloads\javacv-platform-1.3-bin\javacv-bin\librealsense.jar;C:\Users\Joao_\Downloads\javacv-platform-1.3-bin\javacv-bin\opencv.jar;C:\Users\Joao_\Downloads\javacv-platform-1.3-bin\javacv-bin\videoinput.jar;C:\TCC.UniSecurity\build\classes
Launcher Type: SUN_STANDARD

Environment Variables:
PATH=C:\ProgramData\Oracle\Java\javapath;C:\WINDOWS\system32;C:\WINDOWS;C:\WINDOWS\System32\Wbem;C:\WINDOWS\System32\WindowsPowerShell\v1.0\;C:\Program Files (x86)\Skype\Phone\;C:\Program Files\Microsoft SQL Server\120\DTS\Binn\;C:\Program Files\Microsoft SQL Server\Client SDK\ODBC\110\Tools\Binn\;C:\Program Files (x86)\Microsoft SQL Server\120\Tools\Binn\;C:\Program Files\Microsoft SQL Server\120\Tools\Binn\;C:\Program Files (x86)\Microsoft SQL Server\120\Tools\Binn\ManagementStudio\;C:\Program Files (x86)\Microsoft SQL Server\120\DTS\Binn\;C:\Program Files\CMake\bin;C:\opencv\build\x64\vc14\bin;C:\Users\Joao_\AppData\Local\Programs\Python\Python37\Scripts\;C:\Users\Joao_\AppData\Local\Programs\Python\Python37\;C:\Users\Joao_\AppData\Local\Microsoft\WindowsApps;
USERNAME=Joao_
OS=Windows_NT
PROCESSOR_IDENTIFIER=Intel64 Family 6 Model 58 Stepping 9, GenuineIntel



---------------  S Y S T E M  ---------------

OS: Windows 10.0 , 64 bit Build 15063 (10.0.15063.296)

CPU:total 4 (2 cores per cpu, 2 threads per core) family 6 model 58 stepping 9, cmov, cx8, fxsr, mmx, sse, sse2, sse3, ssse3, sse4.1, sse4.2, popcnt, avx, aes, clmul, erms, ht, tsc, tscinvbit, tscinv

Memory: 4k page, physical 4092772k(1102376k free), swap 5534564k(1535520k free)

vm_info: Java HotSpot(TM) 64-Bit Server VM (25.91-b14) for windows-amd64 JRE (1.8.0_91-b14), built on Apr  1 2016 00:58:32 by "java_re" with MS VC++ 10.0 (VS2010)

time: Sun Oct 15 13:08:13 2017
elapsed time: 2 seconds (0d 0h 0m 2s)

