#
# A fatal error has been detected by the Java Runtime Environment:
#
#  EXCEPTION_ACCESS_VIOLATION (0xc0000005) at pc=0x00007ff9783dbbdf, pid=5480, tid=11692
#
# JRE version: Java(TM) SE Runtime Environment (8.0_91-b14) (build 1.8.0_91-b14)
# Java VM: Java HotSpot(TM) 64-Bit Server VM (25.91-b14 mixed mode windows-amd64 compressed oops)
# Problematic frame:
# C  [ntdll.dll+0x3bbdf]
#
# Failed to write core dump. Minidumps are not enabled by default on client versions of Windows
#
# If you would like to submit a bug report, please visit:
#   http://bugreport.java.com/bugreport/crash.jsp
# The crash happened outside the Java Virtual Machine in native code.
# See problematic frame for where to report the bug.
#

---------------  T H R E A D  ---------------

Current thread (0x00000000184b5000):  JavaThread "Thread-1" [_thread_in_native, id=11692, stack(0x000000001a6a0000,0x000000001a7a0000)]

siginfo: ExceptionCode=0xc0000005, writing address 0x0000000000000024

Registers:
RAX=0x0000000000000000, RBX=0x000000001b7687e8, RCX=0x000000001b7687e8, RDX=0xffffffffffffffff
RSP=0x000000001a79ee40, RBP=0x000000001a79eeb0, RSI=0x0000000000000000, RDI=0x0000000000000000
R8 =0x0000000000000000, R9 =0x0000000000000000, R10=0x0000000000000000, R11=0x0000000000000246
R12=0x0000000000000000, R13=0x000000001965a2e8, R14=0x0000000000000001, R15=0x0000000000000000
RIP=0x00007ff9783dbbdf, EFLAGS=0x0000000000010213

Top of Stack: (sp=0x000000001a79ee40)
0x000000001a79ee40:   ffffffffffffffff 000000001b7687e8
0x000000001a79ee50:   0000000000000000 0000000000000002
0x000000001a79ee60:   0000000000000000 000000001a79ee98
0x000000001a79ee70:   000000001a79eef0 000000000070f000
0x000000001a79ee80:   00000000ed58e478 0000000000000000
0x000000001a79ee90:   000000001a79eef0 0000000000000000
0x000000001a79eea0:   00000000027d83a2 00007ff9748f988f
0x000000001a79eeb0:   0000000000000000 0000000000000001
0x000000001a79eec0:   000000001965a2e8 0000000000000000
0x000000001a79eed0:   0000000000000000 000000001e6de500
0x000000001a79eee0:   0000000000000001 00007ff9783b4571
0x000000001a79eef0:   0000000000000000 000000001b7687e8
0x000000001a79ef00:   00000000fffffffa 0000000000000000
0x000000001a79ef10:   000000001a42c9b0 00007ff9783b4490
0x000000001a79ef20:   000000001e6de5a8 0000000000000000
0x000000001a79ef30:   000000001e6de500 0000000000000000 

Instructions: (pc=0x00007ff9783dbbdf)
0x00007ff9783dbbbf:   0f 45 fe 48 39 73 18 0f 84 9e 01 00 00 48 83 3b
0x00007ff9783dbbcf:   ff 0f 84 a1 01 00 00 48 8b 03 48 83 f8 ff 74 03
0x00007ff9783dbbdf:   ff 40 24 48 8b 7b 18 44 8b ee 48 89 7d c0 e8 ee
0x00007ff9783dbbef:   57 ff ff 85 c0 0f 85 e2 fe 07 00 b9 82 03 fe 7f 


Register to memory mapping:

RAX=0x0000000000000000 is an unknown value
RBX=0x000000001b7687e8 is an unknown value
RCX=0x000000001b7687e8 is an unknown value
RDX=0xffffffffffffffff is an unknown value
RSP=0x000000001a79ee40 is pointing into the stack for thread: 0x00000000184b5000
RBP=0x000000001a79eeb0 is pointing into the stack for thread: 0x00000000184b5000
RSI=0x0000000000000000 is an unknown value
RDI=0x0000000000000000 is an unknown value
R8 =0x0000000000000000 is an unknown value
R9 =0x0000000000000000 is an unknown value
R10=0x0000000000000000 is an unknown value
R11=0x0000000000000246 is an unknown value
R12=0x0000000000000000 is an unknown value
R13=0x000000001965a2e8 is pointing into metadata
R14=0x0000000000000001 is an unknown value
R15=0x0000000000000000 is an unknown value


Stack: [0x000000001a6a0000,0x000000001a7a0000],  sp=0x000000001a79ee40,  free space=1019k
Native frames: (J=compiled Java code, j=interpreted, Vv=VM code, C=native code)
C  [ntdll.dll+0x3bbdf]
C  [ntdll.dll+0x14571]
C  [ntdll.dll+0x14490]
C  [jnivideoInputLib.dll+0x27f5]
C  [jnivideoInputLib.dll+0xa373]
C  0x00000000027e7f54

Java frames: (J=compiled Java code, j=interpreted, Vv=VM code)
j  org.bytedeco.javacpp.videoInputLib$videoInput.getPixels(ILorg/bytedeco/javacpp/BytePointer;ZZ)Z+0
j  org.bytedeco.javacv.VideoInputFrameGrabber.grab()Lorg/bytedeco/javacv/Frame;+107
j  processing.FacePanel.picGrab(Lorg/bytedeco/javacv/FrameGrabber;I)Lorg/bytedeco/javacpp/opencv_core$IplImage;+14
j  processing.FacePanel.run()V+35
j  java.lang.Thread.run()V+11
v  ~StubRoutines::call_stub

---------------  P R O C E S S  ---------------

Java Threads: ( => current thread )
  0x0000000017236800 JavaThread "pool-1-thread-1" [_thread_blocked, id=8424, stack(0x000000002e5c0000,0x000000002e6c0000)]
  0x00000000184ac800 JavaThread "TimerQueue" daemon [_thread_blocked, id=9136, stack(0x000000002c650000,0x000000002c750000)]
=>0x00000000184b5000 JavaThread "Thread-1" [_thread_in_native, id=11692, stack(0x000000001a6a0000,0x000000001a7a0000)]
  0x00000000025cd800 JavaThread "DestroyJavaVM" [_thread_blocked, id=12092, stack(0x00000000025d0000,0x00000000026d0000)]
  0x000000001891f000 JavaThread "AWT-EventQueue-0" [_thread_blocked, id=4876, stack(0x0000000019480000,0x0000000019580000)]
  0x0000000017256800 JavaThread "JavaCPP Deallocator" daemon [_thread_blocked, id=12120, stack(0x0000000019320000,0x0000000019420000)]
  0x0000000016f03000 JavaThread "AWT-Windows" daemon [_thread_in_native, id=9652, stack(0x0000000017b20000,0x0000000017c20000)]
  0x0000000016f00000 JavaThread "AWT-Shutdown" [_thread_blocked, id=3016, stack(0x0000000017a20000,0x0000000017b20000)]
  0x0000000016eff000 JavaThread "Java2D Disposer" daemon [_thread_blocked, id=3800, stack(0x0000000017920000,0x0000000017a20000)]
  0x0000000016768800 JavaThread "Service Thread" daemon [_thread_blocked, id=7296, stack(0x0000000016b40000,0x0000000016c40000)]
  0x0000000014ddd000 JavaThread "C1 CompilerThread2" daemon [_thread_blocked, id=10276, stack(0x0000000016640000,0x0000000016740000)]
  0x0000000014dda000 JavaThread "C2 CompilerThread1" daemon [_thread_blocked, id=9956, stack(0x0000000016540000,0x0000000016640000)]
  0x0000000014de9800 JavaThread "C2 CompilerThread0" daemon [_thread_blocked, id=7320, stack(0x0000000016440000,0x0000000016540000)]
  0x0000000014de8000 JavaThread "Attach Listener" daemon [_thread_blocked, id=2380, stack(0x0000000016340000,0x0000000016440000)]
  0x0000000014de6800 JavaThread "Signal Dispatcher" daemon [_thread_blocked, id=11424, stack(0x0000000016240000,0x0000000016340000)]
  0x0000000014dc9000 JavaThread "Finalizer" daemon [_thread_blocked, id=6928, stack(0x0000000016050000,0x0000000016150000)]
  0x00000000027c1000 JavaThread "Reference Handler" daemon [_thread_blocked, id=5276, stack(0x0000000015f50000,0x0000000016050000)]

Other Threads:
  0x0000000014da7000 VMThread [stack: 0x0000000015e50000,0x0000000015f50000] [id=6160]
  0x000000001678b000 WatcherThread [stack: 0x0000000016c40000,0x0000000016d40000] [id=9476]

VM state:not at safepoint (normal execution)

VM Mutex/Monitor currently owned by a thread: None

Heap:
 PSYoungGen      total 35328K, used 29132K [0x00000000eb300000, 0x00000000ed800000, 0x0000000100000000)
  eden space 32768K, 81% used [0x00000000eb300000,0x00000000eccfb190,0x00000000ed300000)
  from space 2560K, 98% used [0x00000000ed580000,0x00000000ed7f8020,0x00000000ed800000)
  to   space 2560K, 0% used [0x00000000ed300000,0x00000000ed300000,0x00000000ed580000)
 ParOldGen       total 44032K, used 2486K [0x00000000c1800000, 0x00000000c4300000, 0x00000000eb300000)
  object space 44032K, 5% used [0x00000000c1800000,0x00000000c1a6d8c0,0x00000000c4300000)
 Metaspace       used 15618K, capacity 15810K, committed 16128K, reserved 1062912K
  class space    used 1899K, capacity 1964K, committed 2048K, reserved 1048576K

Card table byte_map: [0x0000000011b90000,0x0000000011d90000] byte_map_base: 0x0000000011584000

Marking Bits: (ParMarkBitMap*) 0x0000000058262f70
 Begin Bits: [0x00000000122e0000, 0x0000000013280000)
 End Bits:   [0x0000000013280000, 0x0000000014220000)

Polling page: 0x0000000000f60000

CodeCache: size=245760Kb used=4384Kb max_used=4394Kb free=241375Kb
 bounds [0x00000000027d0000, 0x0000000002c20000, 0x00000000117d0000]
 total_blobs=1782 nmethods=1156 adapters=539
 compilation: enabled

Compilation events (10 events):
Event: 5.915 Thread 0x0000000014dda000 1152  s    4       sun.java2d.loops.GraphicsPrimitive::makeUniqueID (26 bytes)
Event: 5.916 Thread 0x0000000014ddd000 1153       1       javax.swing.plaf.synth.Region::isSubregion (5 bytes)
Event: 5.917 Thread 0x0000000014ddd000 nmethod 1153 0x0000000002c19310 code [0x0000000002c19460, 0x0000000002c19570]
Event: 5.917 Thread 0x0000000014ddd000 1154       3       sun.java2d.SunGraphics2D::dispose (12 bytes)
Event: 5.917 Thread 0x0000000014ddd000 nmethod 1154 0x0000000002c195d0 code [0x0000000002c19740, 0x0000000002c19968]
Event: 5.918 Thread 0x0000000014dda000 nmethod 1152 0x0000000002c1c890 code [0x0000000002c1c9e0, 0x0000000002c1cc78]
Event: 5.926 Thread 0x0000000014ddd000 1155       3       java.awt.Component::getBackground (29 bytes)
Event: 5.926 Thread 0x0000000014ddd000 nmethod 1155 0x0000000002c1c390 code [0x0000000002c1c500, 0x0000000002c1c7c8]
Event: 6.008 Thread 0x0000000014ddd000 1156       3       java.util.concurrent.locks.AbstractQueuedSynchronizer::compareAndSetWaitStatus (13 bytes)
Event: 6.008 Thread 0x0000000014ddd000 nmethod 1156 0x0000000002c1c090 code [0x0000000002c1c1e0, 0x0000000002c1c330]

GC Heap History (4 events):
Event: 0.840 GC heap before
{Heap before GC invocations=1 (full 0):
 PSYoungGen      total 18944K, used 16384K [0x00000000eb300000, 0x00000000ec800000, 0x0000000100000000)
  eden space 16384K, 100% used [0x00000000eb300000,0x00000000ec300000,0x00000000ec300000)
  from space 2560K, 0% used [0x00000000ec580000,0x00000000ec580000,0x00000000ec800000)
  to   space 2560K, 0% used [0x00000000ec300000,0x00000000ec300000,0x00000000ec580000)
 ParOldGen       total 44032K, used 0K [0x00000000c1800000, 0x00000000c4300000, 0x00000000eb300000)
  object space 44032K, 0% used [0x00000000c1800000,0x00000000c1800000,0x00000000c4300000)
 Metaspace       used 11195K, capacity 11402K, committed 11776K, reserved 1058816K
  class space    used 1334K, capacity 1415K, committed 1536K, reserved 1048576K
Event: 0.860 GC heap after
Heap after GC invocations=1 (full 0):
 PSYoungGen      total 18944K, used 2531K [0x00000000eb300000, 0x00000000ed800000, 0x0000000100000000)
  eden space 16384K, 0% used [0x00000000eb300000,0x00000000eb300000,0x00000000ec300000)
  from space 2560K, 98% used [0x00000000ec300000,0x00000000ec578fb8,0x00000000ec580000)
  to   space 2560K, 0% used [0x00000000ed580000,0x00000000ed580000,0x00000000ed800000)
 ParOldGen       total 44032K, used 608K [0x00000000c1800000, 0x00000000c4300000, 0x00000000eb300000)
  object space 44032K, 1% used [0x00000000c1800000,0x00000000c1898098,0x00000000c4300000)
 Metaspace       used 11195K, capacity 11402K, committed 11776K, reserved 1058816K
  class space    used 1334K, capacity 1415K, committed 1536K, reserved 1048576K
}
Event: 3.324 GC heap before
{Heap before GC invocations=2 (full 0):
 PSYoungGen      total 18944K, used 18915K [0x00000000eb300000, 0x00000000ed800000, 0x0000000100000000)
  eden space 16384K, 100% used [0x00000000eb300000,0x00000000ec300000,0x00000000ec300000)
  from space 2560K, 98% used [0x00000000ec300000,0x00000000ec578fb8,0x00000000ec580000)
  to   space 2560K, 0% used [0x00000000ed580000,0x00000000ed580000,0x00000000ed800000)
 ParOldGen       total 44032K, used 608K [0x00000000c1800000, 0x00000000c4300000, 0x00000000eb300000)
  object space 44032K, 1% used [0x00000000c1800000,0x00000000c1898098,0x00000000c4300000)
 Metaspace       used 15267K, capacity 15490K, committed 15872K, reserved 1062912K
  class space    used 1872K, capacity 1964K, committed 2048K, reserved 1048576K
Event: 3.328 GC heap after
Heap after GC invocations=2 (full 0):
 PSYoungGen      total 35328K, used 2528K [0x00000000eb300000, 0x00000000ed800000, 0x0000000100000000)
  eden space 32768K, 0% used [0x00000000eb300000,0x00000000eb300000,0x00000000ed300000)
  from space 2560K, 98% used [0x00000000ed580000,0x00000000ed7f8020,0x00000000ed800000)
  to   space 2560K, 0% used [0x00000000ed300000,0x00000000ed300000,0x00000000ed580000)
 ParOldGen       total 44032K, used 2486K [0x00000000c1800000, 0x00000000c4300000, 0x00000000eb300000)
  object space 44032K, 5% used [0x00000000c1800000,0x00000000c1a6d8c0,0x00000000c4300000)
 Metaspace       used 15267K, capacity 15490K, committed 15872K, reserved 1062912K
  class space    used 1872K, capacity 1964K, committed 2048K, reserved 1048576K
}

Deoptimization events (7 events):
Event: 0.922 Thread 0x000000001891f000 Uncommon trap: reason=unstable_if action=reinterpret pc=0x0000000002a66c14 method=sun.misc.MetaIndex.mayContain(Ljava/lang/String;)Z @ 38
Event: 0.935 Thread 0x000000001891f000 Uncommon trap: reason=unstable_if action=reinterpret pc=0x00000000029e92ac method=java.lang.AbstractStringBuilder.append(Ljava/lang/String;)Ljava/lang/AbstractStringBuilder; @ 1
Event: 0.936 Thread 0x000000001891f000 Uncommon trap: reason=unstable_if action=reinterpret pc=0x00000000029ce9d8 method=java.lang.AbstractStringBuilder.append(Ljava/lang/String;)Ljava/lang/AbstractStringBuilder; @ 1
Event: 3.056 Thread 0x000000001891f000 Uncommon trap: reason=unstable_if action=reinterpret pc=0x00000000029d2664 method=java.util.HashMap.getNode(ILjava/lang/Object;)Ljava/util/HashMap$Node; @ 84
Event: 3.056 Thread 0x000000001891f000 Uncommon trap: reason=unstable_if action=reinterpret pc=0x0000000002ac03c0 method=java.util.HashMap.getNode(ILjava/lang/Object;)Ljava/util/HashMap$Node; @ 84
Event: 3.246 Thread 0x000000001891f000 Uncommon trap: reason=unstable_if action=reinterpret pc=0x0000000002afb154 method=java.util.LinkedHashMap.get(Ljava/lang/Object;)Ljava/lang/Object; @ 20
Event: 3.253 Thread 0x000000001891f000 Uncommon trap: reason=unstable_if action=reinterpret pc=0x0000000002b8fd04 method=java.awt.MultipleGradientPaintContext.indexIntoGradientsArrays(F)I @ 93

Internal exceptions (10 events):
Event: 3.132 Thread 0x00000000184b5000 Exception <a 'java/lang/reflect/InvocationTargetException'> (0x00000000ebd52078) thrown at [C:\re\workspace\8-2-build-windows-amd64-cygwin\jdk8u91\6644\hotspot\src\share\vm\runtime\reflection.cpp, line 1092]
Event: 3.140 Thread 0x00000000184b5000 Exception <a 'java/lang/UnsatisfiedLinkError'> (0x00000000ebdfdf30) thrown at [C:\re\workspace\8-2-build-windows-amd64-cygwin\jdk8u91\6644\hotspot\src\share\vm\prims\jvm.cpp, line 3969]
Event: 3.140 Thread 0x00000000184b5000 Exception <a 'java/lang/UnsatisfiedLinkError'> (0x00000000ebdfdf30) thrown at [C:\re\workspace\8-2-build-windows-amd64-cygwin\jdk8u91\6644\hotspot\src\share\vm\prims\jni.cpp, line 709]
Event: 3.141 Thread 0x00000000184b5000 Exception <a 'java/lang/UnsatisfiedLinkError'> (0x00000000ebe00f50) thrown at [C:\re\workspace\8-2-build-windows-amd64-cygwin\jdk8u91\6644\hotspot\src\share\vm\prims\jvm.cpp, line 3969]
Event: 3.141 Thread 0x00000000184b5000 Exception <a 'java/lang/UnsatisfiedLinkError'> (0x00000000ebe00f50) thrown at [C:\re\workspace\8-2-build-windows-amd64-cygwin\jdk8u91\6644\hotspot\src\share\vm\prims\jni.cpp, line 709]
Event: 3.143 Thread 0x00000000184b5000 Exception <a 'java/lang/UnsatisfiedLinkError'> (0x00000000ebe03f70) thrown at [C:\re\workspace\8-2-build-windows-amd64-cygwin\jdk8u91\6644\hotspot\src\share\vm\prims\jvm.cpp, line 3969]
Event: 3.143 Thread 0x00000000184b5000 Exception <a 'java/lang/UnsatisfiedLinkError'> (0x00000000ebe03f70) thrown at [C:\re\workspace\8-2-build-windows-amd64-cygwin\jdk8u91\6644\hotspot\src\share\vm\prims\jni.cpp, line 709]
Event: 3.143 Thread 0x00000000184b5000 Exception <a 'java/lang/UnsatisfiedLinkError'> (0x00000000ebe045a8) thrown at [C:\re\workspace\8-2-build-windows-amd64-cygwin\jdk8u91\6644\hotspot\src\share\vm\oops\instanceKlass.cpp, line 948]
Event: 3.143 Thread 0x00000000184b5000 Exception <a 'java/lang/reflect/InvocationTargetException'> (0x00000000ebe04e40) thrown at [C:\re\workspace\8-2-build-windows-amd64-cygwin\jdk8u91\6644\hotspot\src\share\vm\runtime\reflection.cpp, line 1092]
Event: 3.223 Thread 0x00000000184b5000 Exception <a 'java/lang/NoClassDefFoundError': cl/eye/CLCamera> (0x00000000ec024fc8) thrown at [C:\re\workspace\8-2-build-windows-amd64-cygwin\jdk8u91\6644\hotspot\src\share\vm\classfile\systemDictionary.cpp, line 199]

Events (10 events):
Event: 3.780 loading class sun/misc/FDBigInteger
Event: 3.780 loading class sun/misc/FDBigInteger done
Event: 3.781 loading class sun/misc/FormattedFloatingDecimal$2
Event: 3.781 loading class sun/misc/FormattedFloatingDecimal$2 done
Event: 3.783 loading class javax/swing/Timer$1
Event: 3.783 loading class javax/swing/Timer$1 done
Event: 3.809 Thread 0x000000001891f000 DEOPT PACKING pc=0x0000000002bb78db sp=0x000000001957cd60
Event: 3.809 Thread 0x000000001891f000 DEOPT UNPACKING pc=0x000000000281787f sp=0x000000001957cad0 mode 0
Event: 4.114 Executing VM operation: EnableBiasedLocking
Event: 4.115 Executing VM operation: EnableBiasedLocking done


Dynamic libraries:
0x00007ff79ae80000 - 0x00007ff79aeb7000 	C:\Program Files\Java\jdk1.8.0_91\bin\java.exe
0x00007ff9783a0000 - 0x00007ff97857b000 	C:\WINDOWS\SYSTEM32\ntdll.dll
0x00007ff9782c0000 - 0x00007ff97836e000 	C:\WINDOWS\System32\KERNEL32.DLL
0x00007ff9748c0000 - 0x00007ff974b09000 	C:\WINDOWS\System32\KERNELBASE.dll
0x00007ff9759a0000 - 0x00007ff975a41000 	C:\WINDOWS\System32\ADVAPI32.dll
0x00007ff977150000 - 0x00007ff9771ed000 	C:\WINDOWS\System32\msvcrt.dll
0x00007ff977460000 - 0x00007ff9774b9000 	C:\WINDOWS\System32\sechost.dll
0x00007ff977a70000 - 0x00007ff977b95000 	C:\WINDOWS\System32\RPCRT4.dll
0x00007ff978160000 - 0x00007ff9782aa000 	C:\WINDOWS\System32\USER32.dll
0x00007ff975580000 - 0x00007ff97559e000 	C:\WINDOWS\System32\win32u.dll
0x00007ff975a50000 - 0x00007ff975a77000 	C:\WINDOWS\System32\GDI32.dll
0x00007ff9755a0000 - 0x00007ff975727000 	C:\WINDOWS\System32\gdi32full.dll
0x00007ff974d70000 - 0x00007ff974e0a000 	C:\WINDOWS\System32\msvcp_win.dll
0x00007ff974b60000 - 0x00007ff974c56000 	C:\WINDOWS\System32\ucrtbase.dll
0x00007ff96b2b0000 - 0x00007ff96b517000 	C:\WINDOWS\WinSxS\amd64_microsoft.windows.common-controls_6595b64144ccf1df_6.0.15063.483_none_26002d27e7c744a2\COMCTL32.dll
0x00007ff977770000 - 0x00007ff977a69000 	C:\WINDOWS\System32\combase.dll
0x00007ff974e10000 - 0x00007ff974e7a000 	C:\WINDOWS\System32\bcryptPrimitives.dll
0x00007ff978370000 - 0x00007ff97839d000 	C:\WINDOWS\System32\IMM32.DLL
0x0000000057970000 - 0x0000000057a42000 	C:\Program Files\Java\jdk1.8.0_91\jre\bin\msvcr100.dll
0x0000000057a50000 - 0x00000000582e3000 	C:\Program Files\Java\jdk1.8.0_91\jre\bin\server\jvm.dll
0x00007ff9771f0000 - 0x00007ff9771f8000 	C:\WINDOWS\System32\PSAPI.DLL
0x00007ff970680000 - 0x00007ff970689000 	C:\WINDOWS\SYSTEM32\WSOCK32.dll
0x00007ff977ba0000 - 0x00007ff977c0c000 	C:\WINDOWS\System32\WS2_32.dll
0x00007ff9729d0000 - 0x00007ff9729f3000 	C:\WINDOWS\SYSTEM32\WINMM.dll
0x00007ff9664f0000 - 0x00007ff9664fa000 	C:\WINDOWS\SYSTEM32\VERSION.dll
0x00007ff972970000 - 0x00007ff97299b000 	C:\WINDOWS\SYSTEM32\WINMMBASE.dll
0x00007ff974b10000 - 0x00007ff974b59000 	C:\WINDOWS\System32\cfgmgr32.dll
0x00000000595d0000 - 0x00000000595df000 	C:\Program Files\Java\jdk1.8.0_91\jre\bin\verify.dll
0x0000000058650000 - 0x0000000058679000 	C:\Program Files\Java\jdk1.8.0_91\jre\bin\java.dll
0x0000000058630000 - 0x0000000058646000 	C:\Program Files\Java\jdk1.8.0_91\jre\bin\zip.dll
0x00007ff975c00000 - 0x00007ff977036000 	C:\WINDOWS\System32\SHELL32.dll
0x00007ff978050000 - 0x00007ff9780fa000 	C:\WINDOWS\System32\shcore.dll
0x00007ff974e80000 - 0x00007ff975571000 	C:\WINDOWS\System32\windows.storage.dll
0x00007ff977540000 - 0x00007ff977591000 	C:\WINDOWS\System32\shlwapi.dll
0x00007ff974880000 - 0x00007ff974891000 	C:\WINDOWS\System32\kernel.appcore.dll
0x00007ff974830000 - 0x00007ff97487c000 	C:\WINDOWS\System32\powrprof.dll
0x00007ff974810000 - 0x00007ff974825000 	C:\WINDOWS\System32\profapi.dll
0x00000000577b0000 - 0x0000000057948000 	C:\Program Files\Java\jdk1.8.0_91\jre\bin\awt.dll
0x00007ff9773a0000 - 0x00007ff977460000 	C:\WINDOWS\System32\OLEAUT32.dll
0x00007ff972ff0000 - 0x00007ff97306e000 	C:\WINDOWS\SYSTEM32\apphelp.dll
0x00007ff973280000 - 0x00007ff973315000 	C:\WINDOWS\system32\uxtheme.dll
0x00007ff975a90000 - 0x00007ff975bf6000 	C:\WINDOWS\System32\MSCTF.dll
0x00007ff971b20000 - 0x00007ff971b4a000 	C:\WINDOWS\system32\dwmapi.dll
0x00007ff977620000 - 0x00007ff977765000 	C:\WINDOWS\System32\ole32.dll
0x0000000057760000 - 0x00000000577a7000 	C:\Program Files\Java\jdk1.8.0_91\jre\bin\fontmanager.dll
0x00007ff95fd20000 - 0x00007ff95fe0f000 	C:\Users\Joao_\.javacpp\cache\opencv-windows-x86_64.jar\org\bytedeco\javacpp\windows-x86_64\msvcr120.dll
0x00007ff95f880000 - 0x00007ff95f926000 	C:\Users\Joao_\.javacpp\cache\opencv-windows-x86_64.jar\org\bytedeco\javacpp\windows-x86_64\msvcp120.dll
0x00007ff95a490000 - 0x00007ff95a70a000 	C:\Users\Joao_\.javacpp\cache\opencv-windows-x86_64.jar\org\bytedeco\javacpp\windows-x86_64\opencv_core310.dll
0x00007ff94aa70000 - 0x00007ff94adb2000 	C:\Users\Joao_\.javacpp\cache\opencv-windows-x86_64.jar\org\bytedeco\javacpp\windows-x86_64\opencv_imgproc310.dll
0x00007ff94a840000 - 0x00007ff94aa67000 	C:\Users\Joao_\.javacpp\cache\opencv-windows-x86_64.jar\org\bytedeco\javacpp\windows-x86_64\jniopencv_core.dll
0x00000000585e0000 - 0x00000000585fa000 	C:\Program Files\Java\jdk1.8.0_91\jre\bin\net.dll
0x00007ff9740c0000 - 0x00007ff97411c000 	C:\WINDOWS\system32\mswsock.dll
0x0000000057950000 - 0x0000000057961000 	C:\Program Files\Java\jdk1.8.0_91\jre\bin\nio.dll
0x00007ff9498b0000 - 0x00007ff94999d000 	C:\Users\Joao_\.javacpp\cache\opencv-windows-x86_64.jar\org\bytedeco\javacpp\windows-x86_64\jniopencv_imgproc.dll
0x00007ff944e50000 - 0x00007ff945119000 	C:\Users\Joao_\.javacpp\cache\opencv-windows-x86_64.jar\org\bytedeco\javacpp\windows-x86_64\opencv_imgcodecs310.dll
0x00007ff96efe0000 - 0x00007ff96f005000 	C:\Users\Joao_\.javacpp\cache\opencv-windows-x86_64.jar\org\bytedeco\javacpp\windows-x86_64\jniopencv_imgcodecs.dll
0x00007ff96def0000 - 0x00007ff96df43000 	C:\Users\Joao_\.javacpp\cache\opencv-windows-x86_64.jar\org\bytedeco\javacpp\windows-x86_64\opencv_videoio310.dll
0x00007ff96dc40000 - 0x00007ff96dc69000 	C:\WINDOWS\SYSTEM32\MSVFW32.dll
0x00007ff96f690000 - 0x00007ff96f6af000 	C:\WINDOWS\SYSTEM32\AVIFIL32.dll
0x00007ff96eb40000 - 0x00007ff96eb58000 	C:\WINDOWS\SYSTEM32\AVICAP32.dll
0x00007ff955e80000 - 0x00007ff955e9c000 	C:\WINDOWS\SYSTEM32\MSACM32.dll
0x00007ff96ded0000 - 0x00007ff96dee7000 	C:\Users\Joao_\.javacpp\cache\opencv-windows-x86_64.jar\org\bytedeco\javacpp\windows-x86_64\jniopencv_videoio.dll
0x00007ff96cab0000 - 0x00007ff96cadc000 	C:\Users\Joao_\.javacpp\cache\opencv-windows-x86_64.jar\org\bytedeco\javacpp\windows-x86_64\opencv_highgui310.dll
0x00007ff977040000 - 0x00007ff977148000 	C:\WINDOWS\System32\COMDLG32.dll
0x00007ff965390000 - 0x00007ff9653c5000 	C:\Users\Joao_\.javacpp\cache\opencv-windows-x86_64.jar\org\bytedeco\javacpp\windows-x86_64\jniopencv_highgui.dll
0x00007ff951cd0000 - 0x00007ff951d9d000 	C:\Users\Joao_\.javacpp\cache\opencv-windows-x86_64.jar\org\bytedeco\javacpp\windows-x86_64\opencv_ml310.dll
0x00007ff964e60000 - 0x00007ff964e9f000 	C:\Users\Joao_\.javacpp\cache\opencv-windows-x86_64.jar\org\bytedeco\javacpp\windows-x86_64\jniopencv_ml.dll
0x00007ff9520a0000 - 0x00007ff952136000 	C:\Users\Joao_\.javacpp\cache\opencv-windows-x86_64.jar\org\bytedeco\javacpp\windows-x86_64\opencv_objdetect310.dll
0x00007ff964050000 - 0x00007ff9640a4000 	C:\Users\Joao_\.javacpp\cache\opencv-windows-x86_64.jar\org\bytedeco\javacpp\windows-x86_64\jniopencv_objdetect.dll
0x00007ff95fcd0000 - 0x00007ff95fd16000 	C:\Users\Joao_\.javacpp\cache\opencv-windows-x86_64.jar\org\bytedeco\javacpp\windows-x86_64\opencv_face310.dll
0x00007ff96ce50000 - 0x00007ff96ce6a000 	C:\Users\Joao_\.javacpp\cache\opencv-windows-x86_64.jar\org\bytedeco\javacpp\windows-x86_64\jniopencv_face.dll
0x00007ff967a60000 - 0x00007ff967a86000 	C:\Users\Joao_\.javacpp\cache\videoinput-windows-x86_64.jar\org\bytedeco\javacpp\windows-x86_64\jnivideoInputLib.dll
0x0000000057710000 - 0x0000000057752000 	C:\Program Files\Java\jdk1.8.0_91\jre\bin\t2k.dll
0x00000000576c0000 - 0x00000000576d5000 	C:\Users\Joao_\.javacpp\cache\libfreenect-windows-x86_64.jar\org\bytedeco\javacpp\windows-x86_64\libusb0.dll
0x00007ff977c10000 - 0x00007ff97804b000 	C:\WINDOWS\System32\SETUPAPI.dll
0x00007ff975900000 - 0x00007ff97599e000 	C:\WINDOWS\System32\clbcatq.dll
0x00007ff970c80000 - 0x00007ff970e2c000 	C:\WINDOWS\SYSTEM32\WindowsCodecs.dll
0x00007ff95f840000 - 0x00007ff95f874000 	C:\Users\Joao_\.javacpp\cache\libfreenect-windows-x86_64.jar\org\bytedeco\javacpp\windows-x86_64\freenect.dll
0x00007ff96ca90000 - 0x00007ff96caa9000 	C:\Users\Joao_\.javacpp\cache\libfreenect-windows-x86_64.jar\org\bytedeco\javacpp\windows-x86_64\pthreadVC2.dll
0x00007ff965360000 - 0x00007ff965384000 	C:\Users\Joao_\.javacpp\cache\libfreenect-windows-x86_64.jar\org\bytedeco\javacpp\windows-x86_64\jnifreenect.dll
0x00007ff965d50000 - 0x00007ff965d97000 	C:\WINDOWS\system32\dataexchange.dll
0x00007ff971ff0000 - 0x00007ff9722cf000 	C:\WINDOWS\system32\d3d11.dll
0x00007ff972ae0000 - 0x00007ff972c02000 	C:\WINDOWS\system32\dcomp.dll
0x00007ff973820000 - 0x00007ff9738c4000 	C:\WINDOWS\system32\dxgi.dll
0x00007ff973110000 - 0x00007ff973280000 	C:\WINDOWS\system32\twinapi.appcore.dll
0x00007ff974750000 - 0x00007ff974775000 	C:\WINDOWS\system32\bcrypt.dll
0x00007ff970160000 - 0x00007ff9701e2000 	C:\WINDOWS\System32\TextInputFramework.dll
0x00007ff970700000 - 0x00007ff9709d2000 	C:\WINDOWS\System32\CoreUIComponents.dll
0x00007ff972880000 - 0x00007ff972963000 	C:\WINDOWS\System32\CoreMessaging.dll
0x00007ff973a20000 - 0x00007ff973a51000 	C:\WINDOWS\SYSTEM32\ntmarta.dll
0x00007ff971000000 - 0x00007ff971139000 	C:\WINDOWS\SYSTEM32\wintypes.dll
0x00007ff971530000 - 0x00007ff971545000 	C:\WINDOWS\SYSTEM32\usermgrcli.dll
0x0000000058600000 - 0x000000005862a000 	C:\Program Files\Java\jdk1.8.0_91\jre\bin\dcpr.dll
0x00007ff964e40000 - 0x00007ff964e57000 	C:\Windows\System32\devenum.dll
0x00007ff973450000 - 0x00007ff973478000 	C:\WINDOWS\SYSTEM32\DEVOBJ.dll
0x00007ff974d10000 - 0x00007ff974d66000 	C:\WINDOWS\System32\WINTRUST.dll
0x00007ff9748a0000 - 0x00007ff9748b1000 	C:\WINDOWS\System32\MSASN1.dll
0x00007ff975730000 - 0x00007ff9758f9000 	C:\WINDOWS\System32\CRYPT32.dll
0x00007ff96eed0000 - 0x00007ff96eedb000 	C:\WINDOWS\SYSTEM32\msdmo.dll
0x00007ff95a450000 - 0x00007ff95a482000 	C:\Windows\System32\qcap.dll
0x00007ff946a20000 - 0x00007ff946bdc000 	C:\Windows\System32\quartz.dll
0x00007ff9561b0000 - 0x00007ff9561fd000 	C:\Windows\System32\mfksproxy.dll
0x00007ff96cca0000 - 0x00007ff96ccbc000 	C:\Windows\System32\ATL.DLL
0x00007ff94d640000 - 0x00007ff94d672000 	C:\Windows\System32\MFSENSORGROUP.dll
0x00007ff96a250000 - 0x00007ff96a3f0000 	C:\Windows\System32\MFPlat.DLL
0x00007ff96ca50000 - 0x00007ff96ca82000 	C:\Windows\System32\RTWorkQ.DLL
0x00007ff953520000 - 0x00007ff953568000 	C:\Windows\System32\ksproxy.ax
0x00007ff945c50000 - 0x00007ff945dd9000 	C:\Windows\System32\d3d9.dll
0x00007ff96f170000 - 0x00007ff96f179000 	C:\Windows\System32\ksuser.dll
0x00007ff971800000 - 0x00007ff971877000 	C:\WINDOWS\SYSTEM32\policymanager.dll
0x00007ff971770000 - 0x00007ff9717ff000 	C:\Windows\System32\msvcp110_win.dll
0x00007ff972a70000 - 0x00007ff972a7c000 	C:\Windows\System32\vidcap.ax
0x00007ff9593d0000 - 0x00007ff9593f6000 	C:\Windows\System32\kswdmcap.ax
0x00007ff947ed0000 - 0x00007ff948034000 	C:\Windows\System32\MFC42.dll
0x00007ff947810000 - 0x00007ff9478af000 	C:\Windows\System32\qedit.dll
0x00007ff964ca0000 - 0x00007ff964e35000 	C:\WINDOWS\WinSxS\amd64_microsoft.windows.gdiplus_6595b64144ccf1df_1.1.15063.608_none_56f0266b425534e9\gdiplus.dll
0x00007ff947160000 - 0x00007ff947256000 	C:\Windows\System32\DDRAW.dll
0x00007ff971970000 - 0x00007ff971978000 	C:\Windows\System32\DCIMAN32.dll
0x00007ff946780000 - 0x00007ff946997000 	C:\Program Files (x86)\K-Lite Codec Pack\Filters\DirectVobSub64\vsfilter.dll
0x00007ff95ce60000 - 0x00007ff95ceea000 	C:\WINDOWS\SYSTEM32\WINSPOOL.DRV
0x00007ff959ce0000 - 0x00007ff95a00e000 	C:\WINDOWS\SYSTEM32\WININET.dll
0x00007ff96a180000 - 0x00007ff96a1eb000 	C:\WINDOWS\SYSTEM32\OLEACC.dll
0x00007ff964820000 - 0x00007ff9649c9000 	C:\WINDOWS\SYSTEM32\dbghelp.dll

VM Arguments:
jvm_args: -Dfile.encoding=UTF-8 -Djava.library.path=C:\opencv\build\java\x64 
java_command: main.main
java_class_path (initial): C:\Users\Joao_\Downloads\javacpp-1.3-bin\javacpp-bin\javacpp.jar;C:\Users\Joao_\Downloads\javacv-platform-1.3-bin\javacv-bin\opencv-windows-x86_64.jar;C:\Users\Joao_\Downloads\javacv-platform-1.3-bin\javacv-bin\videoinput-windows-x86_64.jar;C:\Users\Joao_\Downloads\javacv-platform-1.3-bin\javacv-bin\artoolkitplus-windows-x86_64.jar;C:\Users\Joao_\Downloads\javacv-platform-1.3-bin\javacv-bin\ffmpeg-windows-x86_64.jar;C:\Users\Joao_\Downloads\javacv-platform-1.3-bin\javacv-bin\flandmark-windows-x86_64.jar;C:\Users\Joao_\Downloads\javacv-platform-1.3-bin\javacv-bin\flycapture-windows-x86_64.jar;C:\Users\Joao_\Downloads\javacv-platform-1.3-bin\javacv-bin\javacv-platform.jar;C:\Users\Joao_\Downloads\javacv-platform-1.3-bin\javacv-bin\javacv.jar;C:\Users\Joao_\Downloads\javacv-platform-1.3-bin\javacv-bin\libdc1394-windows-x86_64.jar;C:\Users\Joao_\Downloads\javacv-platform-1.3-bin\javacv-bin\libfreenect-platform.jar;C:\Users\Joao_\Downloads\javacv-platform-1.3-bin\javacv-bin\libfreenect-windows-x86_64.jar;C:\Users\Joao_\Downloads\javacv-platform-1.3-bin\javacv-bin\librealsense-platform.jar;C:\Users\Joao_\Downloads\javacv-platform-1.3-bin\javacv-bin\librealsense.jar;C:\Users\Joao_\Downloads\javacv-platform-1.3-bin\javacv-bin\opencv.jar;C:\Users\Joao_\Downloads\javacv-platform-1.3-bin\javacv-bin\videoinput.jar;C:\TCC.UniSecurity\build\classes
Launcher Type: SUN_STANDARD

Environment Variables:
PATH=C:\ProgramData\Oracle\Java\javapath;C:\WINDOWS\system32;C:\WINDOWS;C:\WINDOWS\System32\Wbem;C:\WINDOWS\System32\WindowsPowerShell\v1.0\;C:\Program Files (x86)\Skype\Phone\;C:\Program Files\Microsoft SQL Server\120\DTS\Binn\;C:\Program Files\Microsoft SQL Server\Client SDK\ODBC\110\Tools\Binn\;C:\Program Files (x86)\Microsoft SQL Server\120\Tools\Binn\;C:\Program Files\Microsoft SQL Server\120\Tools\Binn\;C:\Program Files (x86)\Microsoft SQL Server\120\Tools\Binn\ManagementStudio\;C:\Program Files (x86)\Microsoft SQL Server\120\DTS\Binn\;C:\Program Files\CMake\bin;C:\opencv\build\x64\vc14\bin;C:\Users\Joao_\AppData\Local\Programs\Python\Python37\Scripts\;C:\Users\Joao_\AppData\Local\Programs\Python\Python37\;C:\Users\Joao_\AppData\Local\Microsoft\WindowsApps;
USERNAME=Joao_
OS=Windows_NT
PROCESSOR_IDENTIFIER=Intel64 Family 6 Model 58 Stepping 9, GenuineIntel



---------------  S Y S T E M  ---------------

OS: Windows 10.0 , 64 bit Build 15063 (10.0.15063.296)

CPU:total 4 (2 cores per cpu, 2 threads per core) family 6 model 58 stepping 9, cmov, cx8, fxsr, mmx, sse, sse2, sse3, ssse3, sse4.1, sse4.2, popcnt, avx, aes, clmul, erms, ht, tsc, tscinvbit, tscinv

Memory: 4k page, physical 4092772k(1248412k free), swap 5774224k(1540372k free)

vm_info: Java HotSpot(TM) 64-Bit Server VM (25.91-b14) for windows-amd64 JRE (1.8.0_91-b14), built on Apr  1 2016 00:58:32 by "java_re" with MS VC++ 10.0 (VS2010)

time: Tue Oct 17 19:54:08 2017
elapsed time: 6 seconds (0d 0h 0m 6s)

