#
# A fatal error has been detected by the Java Runtime Environment:
#
#  EXCEPTION_ACCESS_VIOLATION (0xc0000005) at pc=0x00007ffcd24bb907, pid=1796, tid=1804
#
# JRE version: Java(TM) SE Runtime Environment (8.0_91-b14) (build 1.8.0_91-b14)
# Java VM: Java HotSpot(TM) 64-Bit Server VM (25.91-b14 mixed mode windows-amd64 compressed oops)
# Problematic frame:
# C  [opencv_face310.dll+0x1b907]
#
# Failed to write core dump. Minidumps are not enabled by default on client versions of Windows
#
# If you would like to submit a bug report, please visit:
#   http://bugreport.java.com/bugreport/crash.jsp
# The crash happened outside the Java Virtual Machine in native code.
# See problematic frame for where to report the bug.
#

---------------  T H R E A D  ---------------

Current thread (0x00000000178f3000):  JavaThread "pool-1-thread-1" [_thread_in_native, id=1804, stack(0x000000002f7d0000,0x000000002f8d0000)]

siginfo: ExceptionCode=0xc0000005, reading address 0x000000002a066000

Registers:
RAX=0x000000002f8ce810, RBX=0x0000000000000018, RCX=0x000000002a065fff, RDX=0x000000002a065fff
RSP=0x000000002f8ce730, RBP=0x000000002f8ce830, RSI=0x000000000000005c, RDI=0x0000000000000007
R8 =0x000000002a065c60, R9 =0x000000000000005c, R10=0x0000000000000007, R11=0x000000000000000a
R12=0xffffffffffffffff, R13=0x0000000000000001, R14=0x0000000000000001, R15=0x0000000000000000
RIP=0x00007ffcd24bb907, EFLAGS=0x0000000000010206

Top of Stack: (sp=0x000000002f8ce730)
0x000000002f8ce730:   0000000080000000 000000002f8ce820
0x000000002f8ce740:   0000000000000008 000000002f8ce9f0
0x000000002f8ce750:   00000000ffffffff 0000000000000000
0x000000002f8ce760:   0000000000000000 000000000a090201
0x000000002f8ce770:   000000010000000a 0000000000000008
0x000000002f8ce780:   0000000000000000 0000000000000000
0x000000002f8ce790:   0000000000000000 00000000c1020006
0x000000002f8ce7a0:   000000002f8ce788 0000000100000001
0x000000002f8ce7b0:   fffffffffffffffe 0000000000000000
0x000000002f8ce7c0:   0000000242ff4000 0000005c00000070
0x000000002f8ce7d0:   000000002a065c60 000000002a065c60
0x000000002f8ce7e0:   000000002a0684a0 000000002a0684a0
0x000000002f8ce7f0:   0000000000000000 0000000000000000
0x000000002f8ce800:   000000002f8ce7c8 000000002f8ce810
0x000000002f8ce810:   000000000000005c 0000000000000001
0x000000002f8ce820:   0000000242ff4004 0000005a0000006e 

Instructions: (pc=0x00007ffcd24bb907)
0x00007ffcd24bb8e7:   08 4b 8d 0c 03 49 0f af c9 4c 8b 45 a0 49 03 c8
0x00007ffcd24bb8f7:   49 03 ca 49 8b d3 49 0f af d1 49 03 d0 49 03 d2
0x00007ffcd24bb907:   41 0f b6 44 0d 00 66 0f 6e d0 0f 5b d2 f3 0f 59
0x00007ffcd24bb917:   d3 48 63 44 24 44 48 8b f0 0f b6 04 08 66 0f 6e 


Register to memory mapping:

RAX=0x000000002f8ce810 is pointing into the stack for thread: 0x00000000178f3000
RBX=0x0000000000000018 is an unknown value
RCX=0x000000002a065fff is an unknown value
RDX=0x000000002a065fff is an unknown value
RSP=0x000000002f8ce730 is pointing into the stack for thread: 0x00000000178f3000
RBP=0x000000002f8ce830 is pointing into the stack for thread: 0x00000000178f3000
RSI=0x000000000000005c is an unknown value
RDI=0x0000000000000007 is an unknown value
R8 =0x000000002a065c60 is an unknown value
R9 =0x000000000000005c is an unknown value
R10=0x0000000000000007 is an unknown value
R11=0x000000000000000a is an unknown value
R12=0xffffffffffffffff is an unknown value
R13=0x0000000000000001 is an unknown value
R14=0x0000000000000001 is an unknown value
R15=0x0000000000000000 is an unknown value


Stack: [0x000000002f7d0000,0x000000002f8d0000],  sp=0x000000002f8ce730,  free space=1017k
Native frames: (J=compiled Java code, j=interpreted, Vv=VM code, C=native code)
C  [opencv_face310.dll+0x1b907]
C  [opencv_face310.dll+0x1e2ba]
C  [opencv_face310.dll+0x1e235]
C  [opencv_face310.dll+0x20a6b]
C  [jniopencv_face.dll+0x7b42]
C  0x00000000031c7f54

Java frames: (J=compiled Java code, j=interpreted, Vv=VM code)
j  org.bytedeco.javacpp.opencv_face$FaceRecognizer.train(Lorg/bytedeco/javacpp/opencv_core$MatVector;Lorg/bytedeco/javacpp/opencv_core$Mat;)V+0
j  processing.LBPHFaceRecognizer.retrainAll()V+269
j  processing.LBPHFaceRecognizer.saveNewFace(Ljava/lang/String;[Lorg/bytedeco/javacpp/opencv_core$IplImage;)Z+149
j  processing.FacePanel$2.run()V+72
j  java.util.concurrent.ThreadPoolExecutor.runWorker(Ljava/util/concurrent/ThreadPoolExecutor$Worker;)V+95
j  java.util.concurrent.ThreadPoolExecutor$Worker.run()V+5
j  java.lang.Thread.run()V+11
v  ~StubRoutines::call_stub

---------------  P R O C E S S  ---------------

Java Threads: ( => current thread )
=>0x00000000178f3000 JavaThread "pool-1-thread-1" [_thread_in_native, id=1804, stack(0x000000002f7d0000,0x000000002f8d0000)]
  0x00000000178f2000 JavaThread "TimerQueue" daemon [_thread_blocked, id=3380, stack(0x000000002d000000,0x000000002d100000)]
  0x00000000178ef000 JavaThread "Thread-1" [_thread_in_native, id=7568, stack(0x000000001b050000,0x000000001b150000)]
  0x00000000178ee800 JavaThread "DestroyJavaVM" [_thread_blocked, id=6976, stack(0x0000000002fb0000,0x00000000030b0000)]
  0x00000000178ed800 JavaThread "AWT-EventQueue-0" [_thread_blocked, id=1116, stack(0x0000000019e50000,0x0000000019f50000)]
  0x00000000178f4800 JavaThread "JavaCPP Deallocator" daemon [_thread_blocked, id=1108, stack(0x0000000019d50000,0x0000000019e50000)]
  0x00000000178f0000 JavaThread "AWT-Windows" daemon [_thread_in_native, id=9096, stack(0x00000000184d0000,0x00000000185d0000)]
  0x00000000178f1800 JavaThread "AWT-Shutdown" [_thread_blocked, id=8148, stack(0x00000000183d0000,0x00000000184d0000)]
  0x00000000178f3800 JavaThread "Java2D Disposer" daemon [_thread_blocked, id=5872, stack(0x00000000182d0000,0x00000000183d0000)]
  0x0000000017118800 JavaThread "Service Thread" daemon [_thread_blocked, id=9712, stack(0x00000000174f0000,0x00000000175f0000)]
  0x00000000157a4000 JavaThread "C1 CompilerThread2" daemon [_thread_blocked, id=6536, stack(0x0000000016ff0000,0x00000000170f0000)]
  0x00000000157a1000 JavaThread "C2 CompilerThread1" daemon [_thread_blocked, id=5172, stack(0x0000000016ef0000,0x0000000016ff0000)]
  0x000000001579e800 JavaThread "C2 CompilerThread0" daemon [_thread_blocked, id=4604, stack(0x0000000016df0000,0x0000000016ef0000)]
  0x000000001579d800 JavaThread "Attach Listener" daemon [_thread_blocked, id=7028, stack(0x0000000016cf0000,0x0000000016df0000)]
  0x000000001579c800 JavaThread "Signal Dispatcher" daemon [_thread_blocked, id=8712, stack(0x0000000016bf0000,0x0000000016cf0000)]
  0x000000001578a800 JavaThread "Finalizer" daemon [_thread_blocked, id=1704, stack(0x0000000016a00000,0x0000000016b00000)]
  0x00000000031a1800 JavaThread "Reference Handler" daemon [_thread_blocked, id=7888, stack(0x0000000016900000,0x0000000016a00000)]

Other Threads:
  0x0000000015767000 VMThread [stack: 0x0000000016800000,0x0000000016900000] [id=6268]
  0x0000000017149800 WatcherThread [stack: 0x00000000175f0000,0x00000000176f0000] [id=3576]

VM state:not at safepoint (normal execution)

VM Mutex/Monitor currently owned by a thread: None

Heap:
 PSYoungGen      total 34304K, used 4684K [0x00000000eb300000, 0x00000000edc00000, 0x0000000100000000)
  eden space 31744K, 6% used [0x00000000eb300000,0x00000000eb517110,0x00000000ed200000)
  from space 2560K, 99% used [0x00000000ed300000,0x00000000ed57c010,0x00000000ed580000)
  to   space 5120K, 0% used [0x00000000ed700000,0x00000000ed700000,0x00000000edc00000)
 ParOldGen       total 44032K, used 3503K [0x00000000c1800000, 0x00000000c4300000, 0x00000000eb300000)
  object space 44032K, 7% used [0x00000000c1800000,0x00000000c1b6be90,0x00000000c4300000)
 Metaspace       used 16183K, capacity 16390K, committed 16640K, reserved 1064960K
  class space    used 1954K, capacity 2028K, committed 2048K, reserved 1048576K

Card table byte_map: [0x0000000012570000,0x0000000012770000] byte_map_base: 0x0000000011f64000

Marking Bits: (ParMarkBitMap*) 0x0000000075bd2f70
 Begin Bits: [0x0000000012cc0000, 0x0000000013c60000)
 End Bits:   [0x0000000013c60000, 0x0000000014c00000)

Polling page: 0x00000000016d0000

CodeCache: size=245760Kb used=5506Kb max_used=5506Kb free=240254Kb
 bounds [0x00000000031b0000, 0x0000000003720000, 0x00000000121b0000]
 total_blobs=2220 nmethods=1592 adapters=540
 compilation: enabled

Compilation events (10 events):
Event: 11.216 Thread 0x00000000157a4000 1584   !   3       java.lang.StringCoding::encode (64 bytes)
Event: 11.218 Thread 0x00000000157a4000 nmethod 1584 0x000000000370e410 code [0x000000000370e680, 0x000000000370f388]
Event: 11.224 Thread 0x00000000157a4000 1586       3       org.bytedeco.javacpp.helper.opencv_core$AbstractCvMat::getIntBuffer (42 bytes)
Event: 11.224 Thread 0x00000000157a4000 nmethod 1586 0x0000000003710510 code [0x00000000037106e0, 0x0000000003710f68]
Event: 11.225 Thread 0x00000000157a4000 1587       3       java.nio.DirectIntBufferU::put (18 bytes)
Event: 11.225 Thread 0x00000000157a4000 nmethod 1587 0x0000000003711250 code [0x00000000037113c0, 0x0000000003711630]
Event: 11.225 Thread 0x00000000157a4000 1588       3       java.nio.DirectIntBufferU::ix (10 bytes)
Event: 11.225 Thread 0x00000000157a4000 nmethod 1588 0x0000000003711750 code [0x00000000037118a0, 0x0000000003711a10]
Event: 11.225 Thread 0x00000000157a4000 1591       3       org.bytedeco.javacpp.helper.opencv_core$AbstractCvMat::put (138 bytes)
Event: 11.226 Thread 0x00000000157a4000 nmethod 1591 0x0000000003711a90 code [0x0000000003711ce0, 0x00000000037129b8]

GC Heap History (10 events):
Event: 0.869 GC heap before
{Heap before GC invocations=1 (full 0):
 PSYoungGen      total 18944K, used 16384K [0x00000000eb300000, 0x00000000ec800000, 0x0000000100000000)
  eden space 16384K, 100% used [0x00000000eb300000,0x00000000ec300000,0x00000000ec300000)
  from space 2560K, 0% used [0x00000000ec580000,0x00000000ec580000,0x00000000ec800000)
  to   space 2560K, 0% used [0x00000000ec300000,0x00000000ec300000,0x00000000ec580000)
 ParOldGen       total 44032K, used 0K [0x00000000c1800000, 0x00000000c4300000, 0x00000000eb300000)
  object space 44032K, 0% used [0x00000000c1800000,0x00000000c1800000,0x00000000c4300000)
 Metaspace       used 11214K, capacity 11402K, committed 11776K, reserved 1058816K
  class space    used 1334K, capacity 1415K, committed 1536K, reserved 1048576K
Event: 0.891 GC heap after
Heap after GC invocations=1 (full 0):
 PSYoungGen      total 18944K, used 2531K [0x00000000eb300000, 0x00000000ed800000, 0x0000000100000000)
  eden space 16384K, 0% used [0x00000000eb300000,0x00000000eb300000,0x00000000ec300000)
  from space 2560K, 98% used [0x00000000ec300000,0x00000000ec578fb8,0x00000000ec580000)
  to   space 2560K, 0% used [0x00000000ed580000,0x00000000ed580000,0x00000000ed800000)
 ParOldGen       total 44032K, used 608K [0x00000000c1800000, 0x00000000c4300000, 0x00000000eb300000)
  object space 44032K, 1% used [0x00000000c1800000,0x00000000c1898098,0x00000000c4300000)
 Metaspace       used 11214K, capacity 11402K, committed 11776K, reserved 1058816K
  class space    used 1334K, capacity 1415K, committed 1536K, reserved 1048576K
}
Event: 3.304 GC heap before
{Heap before GC invocations=2 (full 0):
 PSYoungGen      total 18944K, used 17048K [0x00000000eb300000, 0x00000000ed800000, 0x0000000100000000)
  eden space 16384K, 88% used [0x00000000eb300000,0x00000000ec12d2f0,0x00000000ec300000)
  from space 2560K, 98% used [0x00000000ec300000,0x00000000ec578fb8,0x00000000ec580000)
  to   space 2560K, 0% used [0x00000000ed580000,0x00000000ed580000,0x00000000ed800000)
 ParOldGen       total 44032K, used 608K [0x00000000c1800000, 0x00000000c4300000, 0x00000000eb300000)
  object space 44032K, 1% used [0x00000000c1800000,0x00000000c1898098,0x00000000c4300000)
 Metaspace       used 14750K, capacity 14978K, committed 15232K, reserved 1062912K
  class space    used 1809K, capacity 1900K, committed 1920K, reserved 1048576K
Event: 3.310 GC heap after
Heap after GC invocations=2 (full 0):
 PSYoungGen      total 35328K, used 2560K [0x00000000eb300000, 0x00000000ed800000, 0x0000000100000000)
  eden space 32768K, 0% used [0x00000000eb300000,0x00000000eb300000,0x00000000ed300000)
  from space 2560K, 100% used [0x00000000ed580000,0x00000000ed800000,0x00000000ed800000)
  to   space 2560K, 0% used [0x00000000ed300000,0x00000000ed300000,0x00000000ed580000)
 ParOldGen       total 44032K, used 1012K [0x00000000c1800000, 0x00000000c4300000, 0x00000000eb300000)
  object space 44032K, 2% used [0x00000000c1800000,0x00000000c18fd390,0x00000000c4300000)
 Metaspace       used 14750K, capacity 14978K, committed 15232K, reserved 1062912K
  class space    used 1809K, capacity 1900K, committed 1920K, reserved 1048576K
}
Event: 5.918 GC heap before
{Heap before GC invocations=3 (full 0):
 PSYoungGen      total 35328K, used 34070K [0x00000000eb300000, 0x00000000ed800000, 0x0000000100000000)
  eden space 32768K, 96% used [0x00000000eb300000,0x00000000ed1c5898,0x00000000ed300000)
  from space 2560K, 100% used [0x00000000ed580000,0x00000000ed800000,0x00000000ed800000)
  to   space 2560K, 0% used [0x00000000ed300000,0x00000000ed300000,0x00000000ed580000)
 ParOldGen       total 44032K, used 1012K [0x00000000c1800000, 0x00000000c4300000, 0x00000000eb300000)
  object space 44032K, 2% used [0x00000000c1800000,0x00000000c18fd390,0x00000000c4300000)
 Metaspace       used 15617K, capacity 15814K, committed 16128K, reserved 1062912K
  class space    used 1900K, capacity 1964K, committed 2048K, reserved 1048576K
Event: 5.922 GC heap after
Heap after GC invocations=3 (full 0):
 PSYoungGen      total 35328K, used 2528K [0x00000000eb300000, 0x00000000ed800000, 0x0000000100000000)
  eden space 32768K, 0% used [0x00000000eb300000,0x00000000eb300000,0x00000000ed300000)
  from space 2560K, 98% used [0x00000000ed300000,0x00000000ed578020,0x00000000ed580000)
  to   space 2560K, 0% used [0x00000000ed580000,0x00000000ed580000,0x00000000ed800000)
 ParOldGen       total 44032K, used 3193K [0x00000000c1800000, 0x00000000c4300000, 0x00000000eb300000)
  object space 44032K, 7% used [0x00000000c1800000,0x00000000c1b1e530,0x00000000c4300000)
 Metaspace       used 15617K, capacity 15814K, committed 16128K, reserved 1062912K
  class space    used 1900K, capacity 1964K, committed 2048K, reserved 1048576K
}
Event: 8.525 GC heap before
{Heap before GC invocations=4 (full 0):
 PSYoungGen      total 35328K, used 34387K [0x00000000eb300000, 0x00000000ed800000, 0x0000000100000000)
  eden space 32768K, 97% used [0x00000000eb300000,0x00000000ed21ccc8,0x00000000ed300000)
  from space 2560K, 98% used [0x00000000ed300000,0x00000000ed578020,0x00000000ed580000)
  to   space 2560K, 0% used [0x00000000ed580000,0x00000000ed580000,0x00000000ed800000)
 ParOldGen       total 44032K, used 3193K [0x00000000c1800000, 0x00000000c4300000, 0x00000000eb300000)
  object space 44032K, 7% used [0x00000000c1800000,0x00000000c1b1e530,0x00000000c4300000)
 Metaspace       used 15965K, capacity 16198K, committed 16384K, reserved 1062912K
  class space    used 1942K, capacity 2028K, committed 2048K, reserved 1048576K
Event: 8.529 GC heap after
Heap after GC invocations=4 (full 0):
 PSYoungGen      total 35328K, used 2544K [0x00000000eb300000, 0x00000000ed800000, 0x0000000100000000)
  eden space 32768K, 0% used [0x00000000eb300000,0x00000000eb300000,0x00000000ed300000)
  from space 2560K, 99% used [0x00000000ed580000,0x00000000ed7fc010,0x00000000ed800000)
  to   space 2560K, 0% used [0x00000000ed300000,0x00000000ed300000,0x00000000ed580000)
 ParOldGen       total 44032K, used 3320K [0x00000000c1800000, 0x00000000c4300000, 0x00000000eb300000)
  object space 44032K, 7% used [0x00000000c1800000,0x00000000c1b3e0d0,0x00000000c4300000)
 Metaspace       used 15965K, capacity 16198K, committed 16384K, reserved 1062912K
  class space    used 1942K, capacity 2028K, committed 2048K, reserved 1048576K
}
Event: 11.150 GC heap before
{Heap before GC invocations=5 (full 0):
 PSYoungGen      total 35328K, used 34075K [0x00000000eb300000, 0x00000000ed800000, 0x0000000100000000)
  eden space 32768K, 96% used [0x00000000eb300000,0x00000000ed1caf20,0x00000000ed300000)
  from space 2560K, 99% used [0x00000000ed580000,0x00000000ed7fc010,0x00000000ed800000)
  to   space 2560K, 0% used [0x00000000ed300000,0x00000000ed300000,0x00000000ed580000)
 ParOldGen       total 44032K, used 3320K [0x00000000c1800000, 0x00000000c4300000, 0x00000000eb300000)
  object space 44032K, 7% used [0x00000000c1800000,0x00000000c1b3e0d0,0x00000000c4300000)
 Metaspace       used 16172K, capacity 16326K, committed 16640K, reserved 1064960K
  class space    used 1954K, capacity 2028K, committed 2048K, reserved 1048576K
Event: 11.154 GC heap after
Heap after GC invocations=5 (full 0):
 PSYoungGen      total 34304K, used 2544K [0x00000000eb300000, 0x00000000edc00000, 0x0000000100000000)
  eden space 31744K, 0% used [0x00000000eb300000,0x00000000eb300000,0x00000000ed200000)
  from space 2560K, 99% used [0x00000000ed300000,0x00000000ed57c010,0x00000000ed580000)
  to   space 5120K, 0% used [0x00000000ed700000,0x00000000ed700000,0x00000000edc00000)
 ParOldGen       total 44032K, used 3503K [0x00000000c1800000, 0x00000000c4300000, 0x00000000eb300000)
  object space 44032K, 7% used [0x00000000c1800000,0x00000000c1b6be90,0x00000000c4300000)
 Metaspace       used 16172K, capacity 16326K, committed 16640K, reserved 1064960K
  class space    used 1954K, capacity 2028K, committed 2048K, reserved 1048576K
}

Deoptimization events (10 events):
Event: 0.964 Thread 0x00000000178ed800 Uncommon trap: reason=unstable_if action=reinterpret pc=0x00000000033a9098 method=java.lang.AbstractStringBuilder.append(Ljava/lang/String;)Ljava/lang/AbstractStringBuilder; @ 1
Event: 3.151 Thread 0x00000000178ed800 Uncommon trap: reason=unstable_if action=reinterpret pc=0x00000000033ad5a4 method=java.util.HashMap.getNode(ILjava/lang/Object;)Ljava/util/HashMap$Node; @ 84
Event: 3.152 Thread 0x00000000178ed800 Uncommon trap: reason=unstable_if action=reinterpret pc=0x000000000341fd00 method=java.util.HashMap.getNode(ILjava/lang/Object;)Ljava/util/HashMap$Node; @ 84
Event: 3.324 Thread 0x00000000178ed800 Uncommon trap: reason=unstable_if action=reinterpret pc=0x00000000034e9fd4 method=java.util.LinkedHashMap.get(Ljava/lang/Object;)Ljava/lang/Object; @ 20
Event: 3.328 Thread 0x00000000178ed800 Uncommon trap: reason=unstable_if action=reinterpret pc=0x000000000356e284 method=java.awt.MultipleGradientPaintContext.indexIntoGradientsArrays(F)I @ 93
Event: 7.429 Thread 0x00000000178ed800 Uncommon trap: reason=class_check action=maybe_recompile pc=0x000000000334d068 method=java.lang.String.equals(Ljava/lang/Object;)Z @ 8
Event: 7.429 Thread 0x00000000178ed800 Uncommon trap: reason=class_check action=maybe_recompile pc=0x000000000334d068 method=java.lang.String.equals(Ljava/lang/Object;)Z @ 8
Event: 7.589 Thread 0x00000000178ed800 Uncommon trap: reason=class_check action=maybe_recompile pc=0x000000000334d068 method=java.lang.String.equals(Ljava/lang/Object;)Z @ 8
Event: 7.589 Thread 0x00000000178ed800 Uncommon trap: reason=class_check action=maybe_recompile pc=0x000000000334d068 method=java.lang.String.equals(Ljava/lang/Object;)Z @ 8
Event: 11.066 Thread 0x00000000178f3000 Uncommon trap: reason=unstable_if action=reinterpret pc=0x0000000003464aa0 method=java.io.WinNTFileSystem.normalize(Ljava/lang/String;)Ljava/lang/String; @ 128

Internal exceptions (10 events):
Event: 3.209 Thread 0x00000000178ef000 Exception <a 'java/lang/UnsatisfiedLinkError'> (0x00000000ebd8e4e0) thrown at [C:\re\workspace\8-2-build-windows-amd64-cygwin\jdk8u91\6644\hotspot\src\share\vm\prims\jni.cpp, line 709]
Event: 3.210 Thread 0x00000000178ef000 Exception <a 'java/lang/UnsatisfiedLinkError'> (0x00000000ebd91500) thrown at [C:\re\workspace\8-2-build-windows-amd64-cygwin\jdk8u91\6644\hotspot\src\share\vm\prims\jvm.cpp, line 3969]
Event: 3.210 Thread 0x00000000178ef000 Exception <a 'java/lang/UnsatisfiedLinkError'> (0x00000000ebd91500) thrown at [C:\re\workspace\8-2-build-windows-amd64-cygwin\jdk8u91\6644\hotspot\src\share\vm\prims\jni.cpp, line 709]
Event: 3.211 Thread 0x00000000178ef000 Exception <a 'java/lang/UnsatisfiedLinkError'> (0x00000000ebd94520) thrown at [C:\re\workspace\8-2-build-windows-amd64-cygwin\jdk8u91\6644\hotspot\src\share\vm\prims\jvm.cpp, line 3969]
Event: 3.211 Thread 0x00000000178ef000 Exception <a 'java/lang/UnsatisfiedLinkError'> (0x00000000ebd94520) thrown at [C:\re\workspace\8-2-build-windows-amd64-cygwin\jdk8u91\6644\hotspot\src\share\vm\prims\jni.cpp, line 709]
Event: 3.211 Thread 0x00000000178ef000 Exception <a 'java/lang/UnsatisfiedLinkError'> (0x00000000ebd94b58) thrown at [C:\re\workspace\8-2-build-windows-amd64-cygwin\jdk8u91\6644\hotspot\src\share\vm\oops\instanceKlass.cpp, line 948]
Event: 3.211 Thread 0x00000000178ef000 Exception <a 'java/lang/reflect/InvocationTargetException'> (0x00000000ebd953f0) thrown at [C:\re\workspace\8-2-build-windows-amd64-cygwin\jdk8u91\6644\hotspot\src\share\vm\runtime\reflection.cpp, line 1092]
Event: 3.238 Thread 0x00000000178ef000 Exception <a 'java/lang/NoClassDefFoundError': cl/eye/CLCamera> (0x00000000ebfb5280) thrown at [C:\re\workspace\8-2-build-windows-amd64-cygwin\jdk8u91\6644\hotspot\src\share\vm\classfile\systemDictionary.cpp, line 199]
Event: 11.066 Thread 0x00000000178f3000 Implicit null exception at 0x00000000036f0ac7 to 0x00000000036f0d94
Event: 11.066 Thread 0x00000000178f3000 Exception <a 'java/lang/NullPointerException'> (0x00000000ed176190) thrown at [C:\re\workspace\8-2-build-windows-amd64-cygwin\jdk8u91\6644\hotspot\src\share\vm\runtime\sharedRuntime.cpp, line 605]

Events (10 events):
Event: 11.065 loading class org/bytedeco/javacpp/helper/opencv_core$AbstractCvMat$ReleaseDeallocator done
Event: 11.066 Thread 0x00000000178f3000 Uncommon trap: trap_request=0xffffff65 fr.pc=0x0000000003464aa0
Event: 11.066 Thread 0x00000000178f3000 DEOPT PACKING pc=0x0000000003464aa0 sp=0x000000002f8cec20
Event: 11.066 Thread 0x00000000178f3000 DEOPT UNPACKING pc=0x00000000031f582a sp=0x000000002f8cec30 mode 2
Event: 11.068 loading class java/nio/DirectIntBufferU
Event: 11.068 loading class java/nio/DirectIntBufferU done
Event: 11.150 Executing VM operation: ParallelGCFailedAllocation
Event: 11.154 Executing VM operation: ParallelGCFailedAllocation done
Event: 11.155 Executing VM operation: RevokeBias
Event: 11.155 Executing VM operation: RevokeBias done


Dynamic libraries:
0x00007ff6e7170000 - 0x00007ff6e71a7000 	C:\Program Files\Java\jdk1.8.0_91\bin\java.exe
0x00007ffcedb30000 - 0x00007ffcedd0b000 	C:\WINDOWS\SYSTEM32\ntdll.dll
0x00007ffced640000 - 0x00007ffced6ee000 	C:\WINDOWS\System32\KERNEL32.DLL
0x00007ffceae40000 - 0x00007ffceb089000 	C:\WINDOWS\System32\KERNELBASE.dll
0x00007ffceb920000 - 0x00007ffceb9c1000 	C:\WINDOWS\System32\ADVAPI32.dll
0x00007ffced2e0000 - 0x00007ffced37d000 	C:\WINDOWS\System32\msvcrt.dll
0x00007ffceb860000 - 0x00007ffceb8b9000 	C:\WINDOWS\System32\sechost.dll
0x00007ffced030000 - 0x00007ffced155000 	C:\WINDOWS\System32\RPCRT4.dll
0x00007ffceb5b0000 - 0x00007ffceb6fa000 	C:\WINDOWS\System32\USER32.dll
0x00007ffceac90000 - 0x00007ffceacae000 	C:\WINDOWS\System32\win32u.dll
0x00007ffceb820000 - 0x00007ffceb847000 	C:\WINDOWS\System32\GDI32.dll
0x00007ffceacb0000 - 0x00007ffceae37000 	C:\WINDOWS\System32\gdi32full.dll
0x00007ffcea050000 - 0x00007ffcea0ea000 	C:\WINDOWS\System32\msvcp_win.dll
0x00007ffcea1a0000 - 0x00007ffcea296000 	C:\WINDOWS\System32\ucrtbase.dll
0x00007ffcd8460000 - 0x00007ffcd86c7000 	C:\WINDOWS\WinSxS\amd64_microsoft.windows.common-controls_6595b64144ccf1df_6.0.15063.483_none_26002d27e7c744a2\COMCTL32.dll
0x00007ffceb110000 - 0x00007ffceb409000 	C:\WINDOWS\System32\combase.dll
0x00007ffceaa50000 - 0x00007ffceaaba000 	C:\WINDOWS\System32\bcryptPrimitives.dll
0x00007ffced380000 - 0x00007ffced3ad000 	C:\WINDOWS\System32\IMM32.DLL
0x00000000752e0000 - 0x00000000753b2000 	C:\Program Files\Java\jdk1.8.0_91\jre\bin\msvcr100.dll
0x00000000753c0000 - 0x0000000075c53000 	C:\Program Files\Java\jdk1.8.0_91\jre\bin\server\jvm.dll
0x00007ffceb090000 - 0x00007ffceb098000 	C:\WINDOWS\System32\PSAPI.DLL
0x00007ffce8520000 - 0x00007ffce8543000 	C:\WINDOWS\SYSTEM32\WINMM.dll
0x00007ffcde190000 - 0x00007ffcde19a000 	C:\WINDOWS\SYSTEM32\VERSION.dll
0x00007ffce6ee0000 - 0x00007ffce6ee9000 	C:\WINDOWS\SYSTEM32\WSOCK32.dll
0x00007ffceb0a0000 - 0x00007ffceb10c000 	C:\WINDOWS\System32\WS2_32.dll
0x00007ffce84c0000 - 0x00007ffce84eb000 	C:\WINDOWS\SYSTEM32\winmmbase.dll
0x00007ffcea300000 - 0x00007ffcea349000 	C:\WINDOWS\System32\cfgmgr32.dll
0x0000000076fb0000 - 0x0000000076fbf000 	C:\Program Files\Java\jdk1.8.0_91\jre\bin\verify.dll
0x0000000075eb0000 - 0x0000000075ed9000 	C:\Program Files\Java\jdk1.8.0_91\jre\bin\java.dll
0x0000000075e90000 - 0x0000000075ea6000 	C:\Program Files\Java\jdk1.8.0_91\jre\bin\zip.dll
0x00007ffceb9d0000 - 0x00007ffcece06000 	C:\WINDOWS\System32\SHELL32.dll
0x00007ffcecf20000 - 0x00007ffcecfca000 	C:\WINDOWS\System32\shcore.dll
0x00007ffcea350000 - 0x00007ffceaa41000 	C:\WINDOWS\System32\windows.storage.dll
0x00007ffced3b0000 - 0x00007ffced401000 	C:\WINDOWS\System32\shlwapi.dll
0x00007ffcea010000 - 0x00007ffcea021000 	C:\WINDOWS\System32\kernel.appcore.dll
0x00007ffce9fc0000 - 0x00007ffcea00c000 	C:\WINDOWS\System32\powrprof.dll
0x00007ffce9fa0000 - 0x00007ffce9fb5000 	C:\WINDOWS\System32\profapi.dll
0x0000000075140000 - 0x00000000752d8000 	C:\Program Files\Java\jdk1.8.0_91\jre\bin\awt.dll
0x00007ffced410000 - 0x00007ffced4d0000 	C:\WINDOWS\System32\OLEAUT32.dll
0x00007ffce8740000 - 0x00007ffce87be000 	C:\WINDOWS\SYSTEM32\apphelp.dll
0x00007ffce8a10000 - 0x00007ffce8aa5000 	C:\WINDOWS\system32\uxtheme.dll
0x00007ffced170000 - 0x00007ffced2d6000 	C:\WINDOWS\System32\MSCTF.dll
0x00007ffce7020000 - 0x00007ffce704a000 	C:\WINDOWS\system32\dwmapi.dll
0x00007ffced4d0000 - 0x00007ffced615000 	C:\WINDOWS\System32\ole32.dll
0x00000000750f0000 - 0x0000000075137000 	C:\Program Files\Java\jdk1.8.0_91\jre\bin\fontmanager.dll
0x00007ffcc93e0000 - 0x00007ffcc94cf000 	C:\Users\Joao_\.javacpp\cache\opencv-windows-x86_64.jar\org\bytedeco\javacpp\windows-x86_64\msvcr120.dll
0x00007ffcc9330000 - 0x00007ffcc93d6000 	C:\Users\Joao_\.javacpp\cache\opencv-windows-x86_64.jar\org\bytedeco\javacpp\windows-x86_64\msvcp120.dll
0x00007ffcbf920000 - 0x00007ffcbfb9a000 	C:\Users\Joao_\.javacpp\cache\opencv-windows-x86_64.jar\org\bytedeco\javacpp\windows-x86_64\opencv_core310.dll
0x00007ffcbf5d0000 - 0x00007ffcbf912000 	C:\Users\Joao_\.javacpp\cache\opencv-windows-x86_64.jar\org\bytedeco\javacpp\windows-x86_64\opencv_imgproc310.dll
0x00007ffcbd3a0000 - 0x00007ffcbd5c7000 	C:\Users\Joao_\.javacpp\cache\opencv-windows-x86_64.jar\org\bytedeco\javacpp\windows-x86_64\jniopencv_core.dll
0x0000000075e70000 - 0x0000000075e8a000 	C:\Program Files\Java\jdk1.8.0_91\jre\bin\net.dll
0x00007ffce9850000 - 0x00007ffce98ac000 	C:\WINDOWS\system32\mswsock.dll
0x0000000075e50000 - 0x0000000075e61000 	C:\Program Files\Java\jdk1.8.0_91\jre\bin\nio.dll
0x00007ffcc90e0000 - 0x00007ffcc91cd000 	C:\Users\Joao_\.javacpp\cache\opencv-windows-x86_64.jar\org\bytedeco\javacpp\windows-x86_64\jniopencv_imgproc.dll
0x00007ffcb7dc0000 - 0x00007ffcb8089000 	C:\Users\Joao_\.javacpp\cache\opencv-windows-x86_64.jar\org\bytedeco\javacpp\windows-x86_64\opencv_imgcodecs310.dll
0x00007ffce62b0000 - 0x00007ffce62d5000 	C:\Users\Joao_\.javacpp\cache\opencv-windows-x86_64.jar\org\bytedeco\javacpp\windows-x86_64\jniopencv_imgcodecs.dll
0x00007ffce2210000 - 0x00007ffce2263000 	C:\Users\Joao_\.javacpp\cache\opencv-windows-x86_64.jar\org\bytedeco\javacpp\windows-x86_64\opencv_videoio310.dll
0x00007ffce2570000 - 0x00007ffce2599000 	C:\WINDOWS\SYSTEM32\MSVFW32.dll
0x00007ffce6430000 - 0x00007ffce644f000 	C:\WINDOWS\SYSTEM32\AVIFIL32.dll
0x00007ffce21f0000 - 0x00007ffce2208000 	C:\WINDOWS\SYSTEM32\AVICAP32.dll
0x00007ffce2140000 - 0x00007ffce215c000 	C:\WINDOWS\SYSTEM32\MSACM32.dll
0x00007ffce21d0000 - 0x00007ffce21e7000 	C:\Users\Joao_\.javacpp\cache\opencv-windows-x86_64.jar\org\bytedeco\javacpp\windows-x86_64\jniopencv_videoio.dll
0x00007ffce14d0000 - 0x00007ffce14fc000 	C:\Users\Joao_\.javacpp\cache\opencv-windows-x86_64.jar\org\bytedeco\javacpp\windows-x86_64\opencv_highgui310.dll
0x00007ffcece10000 - 0x00007ffcecf18000 	C:\WINDOWS\System32\COMDLG32.dll
0x00007ffce1490000 - 0x00007ffce14c5000 	C:\Users\Joao_\.javacpp\cache\opencv-windows-x86_64.jar\org\bytedeco\javacpp\windows-x86_64\jniopencv_highgui.dll
0x00007ffcc8e90000 - 0x00007ffcc8f5d000 	C:\Users\Joao_\.javacpp\cache\opencv-windows-x86_64.jar\org\bytedeco\javacpp\windows-x86_64\opencv_ml310.dll
0x00007ffcdef00000 - 0x00007ffcdef3f000 	C:\Users\Joao_\.javacpp\cache\opencv-windows-x86_64.jar\org\bytedeco\javacpp\windows-x86_64\jniopencv_ml.dll
0x00007ffcc8ce0000 - 0x00007ffcc8d76000 	C:\Users\Joao_\.javacpp\cache\opencv-windows-x86_64.jar\org\bytedeco\javacpp\windows-x86_64\opencv_objdetect310.dll
0x00007ffcc92d0000 - 0x00007ffcc9324000 	C:\Users\Joao_\.javacpp\cache\opencv-windows-x86_64.jar\org\bytedeco\javacpp\windows-x86_64\jniopencv_objdetect.dll
0x00007ffcd24a0000 - 0x00007ffcd24e6000 	C:\Users\Joao_\.javacpp\cache\opencv-windows-x86_64.jar\org\bytedeco\javacpp\windows-x86_64\opencv_face310.dll
0x00007ffce1450000 - 0x00007ffce146a000 	C:\Users\Joao_\.javacpp\cache\opencv-windows-x86_64.jar\org\bytedeco\javacpp\windows-x86_64\jniopencv_face.dll
0x00007ffcdba10000 - 0x00007ffcdba36000 	C:\Users\Joao_\.javacpp\cache\videoinput-windows-x86_64.jar\org\bytedeco\javacpp\windows-x86_64\jnivideoInputLib.dll
0x00000000750a0000 - 0x00000000750e2000 	C:\Program Files\Java\jdk1.8.0_91\jre\bin\t2k.dll
0x0000000075e30000 - 0x0000000075e45000 	C:\Users\Joao_\.javacpp\cache\libfreenect-windows-x86_64.jar\org\bytedeco\javacpp\windows-x86_64\libusb0.dll
0x00007ffced6f0000 - 0x00007ffcedb2b000 	C:\WINDOWS\System32\SETUPAPI.dll
0x00007ffcd38a0000 - 0x00007ffcd38d4000 	C:\Users\Joao_\.javacpp\cache\libfreenect-windows-x86_64.jar\org\bytedeco\javacpp\windows-x86_64\freenect.dll
0x00007ffcdfd50000 - 0x00007ffcdfd69000 	C:\Users\Joao_\.javacpp\cache\libfreenect-windows-x86_64.jar\org\bytedeco\javacpp\windows-x86_64\pthreadVC2.dll
0x00007ffccc490000 - 0x00007ffccc4b4000 	C:\Users\Joao_\.javacpp\cache\libfreenect-windows-x86_64.jar\org\bytedeco\javacpp\windows-x86_64\jnifreenect.dll
0x00007ffceb700000 - 0x00007ffceb79e000 	C:\WINDOWS\System32\clbcatq.dll
0x00007ffcd8f30000 - 0x00007ffcd8f47000 	C:\Windows\System32\devenum.dll
0x00007ffce91b0000 - 0x00007ffce91e1000 	C:\WINDOWS\SYSTEM32\ntmarta.dll
0x00007ffce8bc0000 - 0x00007ffce8be8000 	C:\WINDOWS\SYSTEM32\DEVOBJ.dll
0x00007ffcea2a0000 - 0x00007ffcea2f6000 	C:\WINDOWS\System32\WINTRUST.dll
0x00007ffcea030000 - 0x00007ffcea041000 	C:\WINDOWS\System32\MSASN1.dll
0x00007ffceaac0000 - 0x00007ffceac89000 	C:\WINDOWS\System32\CRYPT32.dll
0x00007ffce6ef0000 - 0x00007ffce6efb000 	C:\WINDOWS\SYSTEM32\msdmo.dll
0x00007ffce3bd0000 - 0x00007ffce3d7c000 	C:\WINDOWS\SYSTEM32\WindowsCodecs.dll
0x00007ffcc9240000 - 0x00007ffcc9272000 	C:\Windows\System32\qcap.dll
0x00007ffcbed20000 - 0x00007ffcbeedc000 	C:\Windows\System32\quartz.dll
0x00007ffce9ea0000 - 0x00007ffce9ec5000 	C:\Windows\System32\bcrypt.dll
0x00007ffcd8720000 - 0x00007ffcd8767000 	C:\WINDOWS\system32\dataexchange.dll
0x00007ffce7780000 - 0x00007ffce7a5f000 	C:\WINDOWS\system32\d3d11.dll
0x00007ffce8100000 - 0x00007ffce8222000 	C:\WINDOWS\system32\dcomp.dll
0x00007ffce8f20000 - 0x00007ffce8fc4000 	C:\WINDOWS\system32\dxgi.dll
0x00007ffcc8e40000 - 0x00007ffcc8e8d000 	C:\Windows\System32\mfksproxy.dll
0x00007ffcd91b0000 - 0x00007ffcd91cc000 	C:\Windows\System32\ATL.DLL
0x00007ffce2300000 - 0x00007ffce2332000 	C:\Windows\System32\MFSENSORGROUP.dll
0x00007ffcda2e0000 - 0x00007ffcda480000 	C:\Windows\System32\MFPlat.DLL
0x00007ffcdd650000 - 0x00007ffcdd682000 	C:\Windows\System32\RTWorkQ.DLL
0x00007ffce88a0000 - 0x00007ffce8a10000 	C:\WINDOWS\system32\twinapi.appcore.dll
0x00007ffcc3660000 - 0x00007ffcc36a8000 	C:\Windows\System32\ksproxy.ax
0x00007ffce2170000 - 0x00007ffce2179000 	C:\Windows\System32\ksuser.dll
0x00007ffcb9410000 - 0x00007ffcb9599000 	C:\Windows\System32\d3d9.dll
0x00007ffce5db0000 - 0x00007ffce5e27000 	C:\WINDOWS\SYSTEM32\policymanager.dll
0x00007ffce5d20000 - 0x00007ffce5daf000 	C:\Windows\System32\msvcp110_win.dll
0x00007ffce4e40000 - 0x00007ffce4ec2000 	C:\WINDOWS\System32\TextInputFramework.dll
0x00007ffce2910000 - 0x00007ffce2be2000 	C:\WINDOWS\System32\CoreUIComponents.dll
0x00007ffce8010000 - 0x00007ffce80f3000 	C:\WINDOWS\System32\CoreMessaging.dll
0x00007ffce6030000 - 0x00007ffce6169000 	C:\WINDOWS\SYSTEM32\wintypes.dll
0x00007ffce6cc0000 - 0x00007ffce6cd5000 	C:\WINDOWS\SYSTEM32\usermgrcli.dll
0x0000000075070000 - 0x000000007509a000 	C:\Program Files\Java\jdk1.8.0_91\jre\bin\dcpr.dll
0x00007ffce2560000 - 0x00007ffce256c000 	C:\Windows\System32\vidcap.ax
0x00007ffcc8cb0000 - 0x00007ffcc8cd6000 	C:\Windows\System32\kswdmcap.ax
0x00007ffcbffe0000 - 0x00007ffcc0144000 	C:\Windows\System32\MFC42.dll
0x00007ffcc32c0000 - 0x00007ffcc335f000 	C:\Windows\System32\qedit.dll
0x00007ffcd7260000 - 0x00007ffcd73f5000 	C:\WINDOWS\WinSxS\amd64_microsoft.windows.gdiplus_6595b64144ccf1df_1.1.15063.608_none_56f0266b425534e9\gdiplus.dll
0x00007ffcc2aa0000 - 0x00007ffcc2b96000 	C:\Windows\System32\DDRAW.dll
0x00007ffcdeef0000 - 0x00007ffcdeef8000 	C:\Windows\System32\DCIMAN32.dll
0x00007ffcba7e0000 - 0x00007ffcba9f7000 	C:\Program Files (x86)\K-Lite Codec Pack\Filters\DirectVobSub64\vsfilter.dll
0x00007ffcd9580000 - 0x00007ffcd960a000 	C:\WINDOWS\SYSTEM32\WINSPOOL.DRV
0x00007ffcd8970000 - 0x00007ffcd8c9e000 	C:\WINDOWS\SYSTEM32\WININET.dll
0x00007ffcd8db0000 - 0x00007ffcd8e1b000 	C:\WINDOWS\SYSTEM32\OLEACC.dll
0x00007ffcdd8f0000 - 0x00007ffcdd8fc000 	C:\WINDOWS\SYSTEM32\msyuv.dll
0x00007ffcde610000 - 0x00007ffcde7b9000 	C:\WINDOWS\SYSTEM32\dbghelp.dll

VM Arguments:
jvm_args: -Dfile.encoding=UTF-8 -Djava.library.path=C:\opencv\build\java\x64 
java_command: main.main
java_class_path (initial): C:\Users\Joao_\Downloads\javacpp-1.3-bin\javacpp-bin\javacpp.jar;C:\Users\Joao_\Downloads\javacv-platform-1.3-bin\javacv-bin\opencv-windows-x86_64.jar;C:\Users\Joao_\Downloads\javacv-platform-1.3-bin\javacv-bin\videoinput-windows-x86_64.jar;C:\Users\Joao_\Downloads\javacv-platform-1.3-bin\javacv-bin\artoolkitplus-windows-x86_64.jar;C:\Users\Joao_\Downloads\javacv-platform-1.3-bin\javacv-bin\ffmpeg-windows-x86_64.jar;C:\Users\Joao_\Downloads\javacv-platform-1.3-bin\javacv-bin\flandmark-windows-x86_64.jar;C:\Users\Joao_\Downloads\javacv-platform-1.3-bin\javacv-bin\flycapture-windows-x86_64.jar;C:\Users\Joao_\Downloads\javacv-platform-1.3-bin\javacv-bin\javacv-platform.jar;C:\Users\Joao_\Downloads\javacv-platform-1.3-bin\javacv-bin\javacv.jar;C:\Users\Joao_\Downloads\javacv-platform-1.3-bin\javacv-bin\libdc1394-windows-x86_64.jar;C:\Users\Joao_\Downloads\javacv-platform-1.3-bin\javacv-bin\libfreenect-platform.jar;C:\Users\Joao_\Downloads\javacv-platform-1.3-bin\javacv-bin\libfreenect-windows-x86_64.jar;C:\Users\Joao_\Downloads\javacv-platform-1.3-bin\javacv-bin\librealsense-platform.jar;C:\Users\Joao_\Downloads\javacv-platform-1.3-bin\javacv-bin\librealsense.jar;C:\Users\Joao_\Downloads\javacv-platform-1.3-bin\javacv-bin\opencv.jar;C:\Users\Joao_\Downloads\javacv-platform-1.3-bin\javacv-bin\videoinput.jar;C:\TCC.UniSecurity\build\classes
Launcher Type: SUN_STANDARD

Environment Variables:
PATH=C:\ProgramData\Oracle\Java\javapath;C:\WINDOWS\system32;C:\WINDOWS;C:\WINDOWS\System32\Wbem;C:\WINDOWS\System32\WindowsPowerShell\v1.0\;C:\Program Files (x86)\Skype\Phone\;C:\Program Files\Microsoft SQL Server\120\DTS\Binn\;C:\Program Files\Microsoft SQL Server\Client SDK\ODBC\110\Tools\Binn\;C:\Program Files (x86)\Microsoft SQL Server\120\Tools\Binn\;C:\Program Files\Microsoft SQL Server\120\Tools\Binn\;C:\Program Files (x86)\Microsoft SQL Server\120\Tools\Binn\ManagementStudio\;C:\Program Files (x86)\Microsoft SQL Server\120\DTS\Binn\;C:\Program Files\CMake\bin;C:\opencv\build\x64\vc14\bin;C:\Users\Joao_\AppData\Local\Programs\Python\Python37\Scripts\;C:\Users\Joao_\AppData\Local\Programs\Python\Python37\;C:\Users\Joao_\AppData\Local\Microsoft\WindowsApps;
USERNAME=Joao_
OS=Windows_NT
PROCESSOR_IDENTIFIER=Intel64 Family 6 Model 58 Stepping 9, GenuineIntel



---------------  S Y S T E M  ---------------

OS: Windows 10.0 , 64 bit Build 15063 (10.0.15063.296)

CPU:total 4 (2 cores per cpu, 2 threads per core) family 6 model 58 stepping 9, cmov, cx8, fxsr, mmx, sse, sse2, sse3, ssse3, sse4.1, sse4.2, popcnt, avx, aes, clmul, erms, ht, tsc, tscinvbit, tscinv

Memory: 4k page, physical 4092772k(903148k free), swap 5534564k(1488832k free)

vm_info: Java HotSpot(TM) 64-Bit Server VM (25.91-b14) for windows-amd64 JRE (1.8.0_91-b14), built on Apr  1 2016 00:58:32 by "java_re" with MS VC++ 10.0 (VS2010)

time: Thu Oct 19 23:13:06 2017
elapsed time: 11 seconds (0d 0h 0m 11s)

